[0.166s] Invoking command in '/home/karim/mako_robot/mako_ws/build/mako_nolang_interfaces': CMAKE_PREFIX_PATH=${CMAKE_PREFIX_PATH}:/home/karim/project_ws/install/ros_project_pkg_py_robot_driver:/home/karim/project_ws/install/dev_test_tools:/home/karim/ros2_ws/install/my_py_pkg:/home/karim/mako_robot/mako_ws/install/mako_py_serial_interface:/home/karim/mako_robot/mako_ws/install/mako_py_feedback_actuators:/home/karim/mako_robot/mako_ws/install/mako_py_brain:/home/karim/mako_robot/mako_ws/install/dev_test_tools:/opt/ros/foxy /usr/bin/cmake --build /home/karim/mako_robot/mako_ws/build/mako_nolang_interfaces -- -j6 -l6
[1.507s] [  2%] Built target mako_nolang_interfaces__cpp
[1.507s] [ 12%] Built target mako_nolang_interfaces__rosidl_generator_c
[1.508s] [ 23%] Built target mako_nolang_interfaces__rosidl_typesupport_cpp
[1.508s] [ 33%] Built target mako_nolang_interfaces__rosidl_typesupport_c
[1.508s] [ 43%] Built target mako_nolang_interfaces__rosidl_typesupport_introspection_cpp
[1.508s] [ 53%] Built target mako_nolang_interfaces__rosidl_typesupport_introspection_c
[1.512s] [ 64%] Built target mako_nolang_interfaces__rosidl_typesupport_fastrtps_cpp
[1.513s] [ 74%] Built target mako_nolang_interfaces__rosidl_typesupport_fastrtps_c
[1.513s] [ 74%] Built target mako_nolang_interfaces
[1.513s] [ 76%] Built target mako_nolang_interfaces__py
[1.514s] [ 84%] Built target mako_nolang_interfaces__python
[1.514s] [ 97%] Built target mako_nolang_interfaces__rosidl_typesupport_c__pyext
[1.514s] [ 97%] Built target mako_nolang_interfaces__rosidl_typesupport_fastrtps_c__pyext
[1.514s] [100%] Built target mako_nolang_interfaces__rosidl_typesupport_introspection_c__pyext
[1.528s] Invoked command in '/home/karim/mako_robot/mako_ws/build/mako_nolang_interfaces' returned '0': CMAKE_PREFIX_PATH=${CMAKE_PREFIX_PATH}:/home/karim/project_ws/install/ros_project_pkg_py_robot_driver:/home/karim/project_ws/install/dev_test_tools:/home/karim/ros2_ws/install/my_py_pkg:/home/karim/mako_robot/mako_ws/install/mako_py_serial_interface:/home/karim/mako_robot/mako_ws/install/mako_py_feedback_actuators:/home/karim/mako_robot/mako_ws/install/mako_py_brain:/home/karim/mako_robot/mako_ws/install/dev_test_tools:/opt/ros/foxy /usr/bin/cmake --build /home/karim/mako_robot/mako_ws/build/mako_nolang_interfaces -- -j6 -l6
[2.200s] Invoking command in '/home/karim/mako_robot/mako_ws/build/mako_nolang_interfaces': CMAKE_PREFIX_PATH=${CMAKE_PREFIX_PATH}:/home/karim/project_ws/install/ros_project_pkg_py_robot_driver:/home/karim/project_ws/install/dev_test_tools:/home/karim/ros2_ws/install/my_py_pkg:/home/karim/mako_robot/mako_ws/install/mako_py_serial_interface:/home/karim/mako_robot/mako_ws/install/mako_py_feedback_actuators:/home/karim/mako_robot/mako_ws/install/mako_py_brain:/home/karim/mako_robot/mako_ws/install/dev_test_tools:/opt/ros/foxy /usr/bin/cmake --install /home/karim/mako_robot/mako_ws/build/mako_nolang_interfaces
[2.246s] -- Install configuration: ""
[2.255s] -- Execute custom install script
[2.268s] -- Up-to-date symlink: /home/karim/mako_robot/mako_ws/install/mako_nolang_interfaces/share/ament_index/resource_index/rosidl_interfaces/mako_nolang_interfaces
[2.277s] -- Up-to-date symlink: /home/karim/mako_robot/mako_ws/install/mako_nolang_interfaces/include/mako_nolang_interfaces/msg/rosidl_generator_c__visibility_control.h
[2.278s] -- Up-to-date symlink: /home/karim/mako_robot/mako_ws/install/mako_nolang_interfaces/include/mako_nolang_interfaces/srv/arduino_command.h
[2.278s] -- Up-to-date symlink: /home/karim/mako_robot/mako_ws/install/mako_nolang_interfaces/include/mako_nolang_interfaces/srv/detail/arduino_command__functions.h
[2.278s] -- Up-to-date symlink: /home/karim/mako_robot/mako_ws/install/mako_nolang_interfaces/include/mako_nolang_interfaces/srv/detail/arduino_command__struct.h
[2.278s] -- Up-to-date symlink: /home/karim/mako_robot/mako_ws/install/mako_nolang_interfaces/include/mako_nolang_interfaces/srv/detail/arduino_command__type_support.h
[2.278s] -- Up-to-date symlink: /home/karim/mako_robot/mako_ws/install/mako_nolang_interfaces/include/mako_nolang_interfaces/srv/detail/led_control__functions.h
[2.278s] -- Up-to-date symlink: /home/karim/mako_robot/mako_ws/install/mako_nolang_interfaces/include/mako_nolang_interfaces/srv/detail/led_control__struct.h
[2.279s] -- Up-to-date symlink: /home/karim/mako_robot/mako_ws/install/mako_nolang_interfaces/include/mako_nolang_interfaces/srv/detail/led_control__type_support.h
[2.322s] -- Up-to-date symlink: /home/karim/mako_robot/mako_ws/install/mako_nolang_interfaces/include/mako_nolang_interfaces/srv/led_control.h
[2.323s] -- Up-to-date symlink: /home/karim/mako_robot/mako_ws/install/mako_nolang_interfaces/share/mako_nolang_interfaces/environment/library_path.sh
[2.323s] -- Up-to-date symlink: /home/karim/mako_robot/mako_ws/install/mako_nolang_interfaces/share/mako_nolang_interfaces/environment/library_path.dsv
[2.323s] -- Up-to-date symlink: /home/karim/mako_robot/mako_ws/install/mako_nolang_interfaces/include/mako_nolang_interfaces/msg/rosidl_typesupport_fastrtps_c__visibility_control.h
[2.323s] -- Up-to-date symlink: /home/karim/mako_robot/mako_ws/install/mako_nolang_interfaces/include/mako_nolang_interfaces/srv/detail/arduino_command__rosidl_typesupport_fastrtps_c.h
[2.323s] -- Up-to-date symlink: /home/karim/mako_robot/mako_ws/install/mako_nolang_interfaces/include/mako_nolang_interfaces/srv/detail/led_control__rosidl_typesupport_fastrtps_c.h
[2.323s] -- Up-to-date symlink: /home/karim/mako_robot/mako_ws/install/mako_nolang_interfaces/lib/libmako_nolang_interfaces__rosidl_typesupport_fastrtps_c.so
[2.323s] -- Up-to-date symlink: /home/karim/mako_robot/mako_ws/install/mako_nolang_interfaces/include/mako_nolang_interfaces/msg/rosidl_typesupport_fastrtps_cpp__visibility_control.h
[2.323s] -- Up-to-date symlink: /home/karim/mako_robot/mako_ws/install/mako_nolang_interfaces/include/mako_nolang_interfaces/srv/detail/arduino_command__rosidl_typesupport_fastrtps_cpp.hpp
[2.323s] -- Up-to-date symlink: /home/karim/mako_robot/mako_ws/install/mako_nolang_interfaces/include/mako_nolang_interfaces/srv/detail/led_control__rosidl_typesupport_fastrtps_cpp.hpp
[2.324s] -- Up-to-date symlink: /home/karim/mako_robot/mako_ws/install/mako_nolang_interfaces/lib/libmako_nolang_interfaces__rosidl_typesupport_fastrtps_cpp.so
[2.324s] -- Up-to-date symlink: /home/karim/mako_robot/mako_ws/install/mako_nolang_interfaces/include/mako_nolang_interfaces/msg/rosidl_typesupport_introspection_c__visibility_control.h
[2.324s] -- Up-to-date symlink: /home/karim/mako_robot/mako_ws/install/mako_nolang_interfaces/include/mako_nolang_interfaces/srv/detail/arduino_command__rosidl_typesupport_introspection_c.h
[2.324s] -- Up-to-date symlink: /home/karim/mako_robot/mako_ws/install/mako_nolang_interfaces/include/mako_nolang_interfaces/srv/detail/led_control__rosidl_typesupport_introspection_c.h
[2.324s] -- Up-to-date symlink: /home/karim/mako_robot/mako_ws/install/mako_nolang_interfaces/include/mako_nolang_interfaces/srv/arduino_command.hpp
[2.324s] -- Up-to-date symlink: /home/karim/mako_robot/mako_ws/install/mako_nolang_interfaces/include/mako_nolang_interfaces/srv/detail/arduino_command__builder.hpp
[2.324s] -- Up-to-date symlink: /home/karim/mako_robot/mako_ws/install/mako_nolang_interfaces/include/mako_nolang_interfaces/srv/detail/arduino_command__struct.hpp
[2.324s] -- Up-to-date symlink: /home/karim/mako_robot/mako_ws/install/mako_nolang_interfaces/include/mako_nolang_interfaces/srv/detail/arduino_command__traits.hpp
[2.324s] -- Up-to-date symlink: /home/karim/mako_robot/mako_ws/install/mako_nolang_interfaces/include/mako_nolang_interfaces/srv/detail/led_control__builder.hpp
[2.324s] -- Up-to-date symlink: /home/karim/mako_robot/mako_ws/install/mako_nolang_interfaces/include/mako_nolang_interfaces/srv/detail/led_control__struct.hpp
[2.324s] -- Up-to-date symlink: /home/karim/mako_robot/mako_ws/install/mako_nolang_interfaces/include/mako_nolang_interfaces/srv/detail/led_control__traits.hpp
[2.324s] -- Up-to-date symlink: /home/karim/mako_robot/mako_ws/install/mako_nolang_interfaces/include/mako_nolang_interfaces/srv/led_control.hpp
[2.391s] -- Up-to-date symlink: /home/karim/mako_robot/mako_ws/install/mako_nolang_interfaces/include/mako_nolang_interfaces/srv/detail/arduino_command__rosidl_typesupport_introspection_cpp.hpp
[2.392s] -- Up-to-date symlink: /home/karim/mako_robot/mako_ws/install/mako_nolang_interfaces/include/mako_nolang_interfaces/srv/detail/led_control__rosidl_typesupport_introspection_cpp.hpp
[2.406s] -- Up-to-date symlink: /home/karim/mako_robot/mako_ws/install/mako_nolang_interfaces/share/mako_nolang_interfaces/environment/pythonpath.sh
[2.406s] -- Up-to-date symlink: /home/karim/mako_robot/mako_ws/install/mako_nolang_interfaces/share/mako_nolang_interfaces/environment/pythonpath.dsv
[2.406s] -- Up-to-date symlink: /home/karim/mako_robot/mako_ws/install/mako_nolang_interfaces/lib/python3.8/site-packages/mako_nolang_interfaces/__init__.py
[2.406s] -- Up-to-date symlink: /home/karim/mako_robot/mako_ws/install/mako_nolang_interfaces/lib/python3.8/site-packages/mako_nolang_interfaces/srv/__init__.py
[2.406s] -- Up-to-date symlink: /home/karim/mako_robot/mako_ws/install/mako_nolang_interfaces/lib/python3.8/site-packages/mako_nolang_interfaces/srv/_arduino_command.py
[2.407s] -- Up-to-date symlink: /home/karim/mako_robot/mako_ws/install/mako_nolang_interfaces/lib/python3.8/site-packages/mako_nolang_interfaces/srv/_led_control.py
[2.407s] -- Up-to-date symlink: /home/karim/mako_robot/mako_ws/install/mako_nolang_interfaces/lib/python3.8/site-packages/mako_nolang_interfaces/mako_nolang_interfaces_s__rosidl_typesupport_fastrtps_c.cpython-38-x86_64-linux-gnu.so
[2.407s] -- Up-to-date symlink: /home/karim/mako_robot/mako_ws/install/mako_nolang_interfaces/lib/python3.8/site-packages/mako_nolang_interfaces/mako_nolang_interfaces_s__rosidl_typesupport_introspection_c.cpython-38-x86_64-linux-gnu.so
[2.407s] -- Up-to-date symlink: /home/karim/mako_robot/mako_ws/install/mako_nolang_interfaces/lib/python3.8/site-packages/mako_nolang_interfaces/mako_nolang_interfaces_s__rosidl_typesupport_c.cpython-38-x86_64-linux-gnu.so
[2.407s] -- Up-to-date symlink: /home/karim/mako_robot/mako_ws/install/mako_nolang_interfaces/lib/libmako_nolang_interfaces__python.so
[2.407s] -- Up-to-date symlink: /home/karim/mako_robot/mako_ws/install/mako_nolang_interfaces/share/mako_nolang_interfaces/srv/LedControl.idl
[2.407s] -- Up-to-date symlink: /home/karim/mako_robot/mako_ws/install/mako_nolang_interfaces/share/mako_nolang_interfaces/srv/ArduinoCommand.idl
[2.407s] -- Up-to-date symlink: /home/karim/mako_robot/mako_ws/install/mako_nolang_interfaces/share/mako_nolang_interfaces/srv/LedControl.srv
[2.407s] -- Up-to-date symlink: /home/karim/mako_robot/mako_ws/install/mako_nolang_interfaces/share/mako_nolang_interfaces/srv/LedControl_Request.msg
[2.407s] -- Up-to-date symlink: /home/karim/mako_robot/mako_ws/install/mako_nolang_interfaces/share/mako_nolang_interfaces/srv/LedControl_Response.msg
[2.407s] -- Up-to-date symlink: /home/karim/mako_robot/mako_ws/install/mako_nolang_interfaces/share/mako_nolang_interfaces/srv/ArduinoCommand.srv
[2.407s] -- Up-to-date symlink: /home/karim/mako_robot/mako_ws/install/mako_nolang_interfaces/share/mako_nolang_interfaces/srv/ArduinoCommand_Request.msg
[2.433s] -- Up-to-date symlink: /home/karim/mako_robot/mako_ws/install/mako_nolang_interfaces/share/mako_nolang_interfaces/srv/ArduinoCommand_Response.msg
[2.433s] -- Up-to-date symlink: /home/karim/mako_robot/mako_ws/install/mako_nolang_interfaces/share/ament_index/resource_index/package_run_dependencies/mako_nolang_interfaces
[2.433s] -- Up-to-date symlink: /home/karim/mako_robot/mako_ws/install/mako_nolang_interfaces/share/ament_index/resource_index/parent_prefix_path/mako_nolang_interfaces
[2.433s] -- Up-to-date symlink: /home/karim/mako_robot/mako_ws/install/mako_nolang_interfaces/share/mako_nolang_interfaces/environment/ament_prefix_path.sh
[2.433s] -- Up-to-date symlink: /home/karim/mako_robot/mako_ws/install/mako_nolang_interfaces/share/mako_nolang_interfaces/environment/ament_prefix_path.dsv
[2.433s] -- Up-to-date symlink: /home/karim/mako_robot/mako_ws/install/mako_nolang_interfaces/share/mako_nolang_interfaces/environment/path.sh
[2.433s] -- Up-to-date symlink: /home/karim/mako_robot/mako_ws/install/mako_nolang_interfaces/share/mako_nolang_interfaces/environment/path.dsv
[2.434s] -- Up-to-date symlink: /home/karim/mako_robot/mako_ws/install/mako_nolang_interfaces/share/mako_nolang_interfaces/local_setup.bash
[2.434s] -- Up-to-date symlink: /home/karim/mako_robot/mako_ws/install/mako_nolang_interfaces/share/mako_nolang_interfaces/local_setup.sh
[2.513s] -- Up-to-date symlink: /home/karim/mako_robot/mako_ws/install/mako_nolang_interfaces/share/mako_nolang_interfaces/local_setup.zsh
[2.513s] -- Up-to-date symlink: /home/karim/mako_robot/mako_ws/install/mako_nolang_interfaces/share/mako_nolang_interfaces/local_setup.dsv
[2.513s] -- Symlinking: /home/karim/mako_robot/mako_ws/install/mako_nolang_interfaces/share/mako_nolang_interfaces/package.dsv
[2.577s] -- Up-to-date symlink: /home/karim/mako_robot/mako_ws/install/mako_nolang_interfaces/share/ament_index/resource_index/packages/mako_nolang_interfaces
[2.635s] -- Up-to-date symlink: /home/karim/mako_robot/mako_ws/install/mako_nolang_interfaces/share/mako_nolang_interfaces/cmake/rosidl_cmake-extras.cmake
[2.635s] -- Up-to-date symlink: /home/karim/mako_robot/mako_ws/install/mako_nolang_interfaces/share/mako_nolang_interfaces/cmake/ament_cmake_export_dependencies-extras.cmake
[2.635s] -- Up-to-date symlink: /home/karim/mako_robot/mako_ws/install/mako_nolang_interfaces/share/mako_nolang_interfaces/cmake/ament_cmake_export_libraries-extras.cmake
[2.635s] -- Up-to-date symlink: /home/karim/mako_robot/mako_ws/install/mako_nolang_interfaces/share/mako_nolang_interfaces/cmake/ament_cmake_export_targets-extras.cmake
[2.636s] -- Up-to-date symlink: /home/karim/mako_robot/mako_ws/install/mako_nolang_interfaces/share/mako_nolang_interfaces/cmake/ament_cmake_export_include_directories-extras.cmake
[2.636s] -- Up-to-date symlink: /home/karim/mako_robot/mako_ws/install/mako_nolang_interfaces/share/mako_nolang_interfaces/cmake/rosidl_cmake_export_typesupport_libraries-extras.cmake
[2.636s] -- Up-to-date symlink: /home/karim/mako_robot/mako_ws/install/mako_nolang_interfaces/share/mako_nolang_interfaces/cmake/rosidl_cmake_export_typesupport_targets-extras.cmake
[2.636s] -- Up-to-date symlink: /home/karim/mako_robot/mako_ws/install/mako_nolang_interfaces/share/mako_nolang_interfaces/cmake/mako_nolang_interfacesConfig.cmake
[2.636s] -- Up-to-date symlink: /home/karim/mako_robot/mako_ws/install/mako_nolang_interfaces/share/mako_nolang_interfaces/cmake/mako_nolang_interfacesConfig-version.cmake
[2.636s] -- Up-to-date symlink: /home/karim/mako_robot/mako_ws/install/mako_nolang_interfaces/share/mako_nolang_interfaces/package.xml
[2.636s] -- Up-to-date: /home/karim/mako_robot/mako_ws/install/mako_nolang_interfaces/lib/libmako_nolang_interfaces__rosidl_generator_c.so
[2.636s] -- Up-to-date: /home/karim/mako_robot/mako_ws/install/mako_nolang_interfaces/lib/libmako_nolang_interfaces__rosidl_typesupport_introspection_c.so
[2.636s] -- Up-to-date: /home/karim/mako_robot/mako_ws/install/mako_nolang_interfaces/lib/libmako_nolang_interfaces__rosidl_typesupport_c.so
[2.637s] -- Up-to-date: /home/karim/mako_robot/mako_ws/install/mako_nolang_interfaces/lib/libmako_nolang_interfaces__rosidl_typesupport_introspection_cpp.so
[2.637s] -- Up-to-date: /home/karim/mako_robot/mako_ws/install/mako_nolang_interfaces/lib/libmako_nolang_interfaces__rosidl_typesupport_cpp.so
[2.922s] -- Up-to-date: /home/karim/mako_robot/mako_ws/install/mako_nolang_interfaces/share/mako_nolang_interfaces/cmake/mako_nolang_interfaces__rosidl_generator_cExport.cmake
[2.922s] -- Up-to-date: /home/karim/mako_robot/mako_ws/install/mako_nolang_interfaces/share/mako_nolang_interfaces/cmake/mako_nolang_interfaces__rosidl_generator_cExport-noconfig.cmake
[2.923s] -- Up-to-date: /home/karim/mako_robot/mako_ws/install/mako_nolang_interfaces/share/mako_nolang_interfaces/cmake/mako_nolang_interfaces__rosidl_typesupport_introspection_cExport.cmake
[2.923s] -- Up-to-date: /home/karim/mako_robot/mako_ws/install/mako_nolang_interfaces/share/mako_nolang_interfaces/cmake/mako_nolang_interfaces__rosidl_typesupport_introspection_cExport-noconfig.cmake
[2.926s] -- Up-to-date: /home/karim/mako_robot/mako_ws/install/mako_nolang_interfaces/share/mako_nolang_interfaces/cmake/mako_nolang_interfaces__rosidl_typesupport_cExport.cmake
[2.926s] -- Up-to-date: /home/karim/mako_robot/mako_ws/install/mako_nolang_interfaces/share/mako_nolang_interfaces/cmake/mako_nolang_interfaces__rosidl_typesupport_cExport-noconfig.cmake
[2.930s] -- Up-to-date: /home/karim/mako_robot/mako_ws/install/mako_nolang_interfaces/share/mako_nolang_interfaces/cmake/mako_nolang_interfaces__rosidl_generator_cppExport.cmake
[2.930s] -- Up-to-date: /home/karim/mako_robot/mako_ws/install/mako_nolang_interfaces/share/mako_nolang_interfaces/cmake/mako_nolang_interfaces__rosidl_typesupport_introspection_cppExport.cmake
[2.930s] -- Up-to-date: /home/karim/mako_robot/mako_ws/install/mako_nolang_interfaces/share/mako_nolang_interfaces/cmake/mako_nolang_interfaces__rosidl_typesupport_introspection_cppExport-noconfig.cmake
[2.930s] -- Up-to-date: /home/karim/mako_robot/mako_ws/install/mako_nolang_interfaces/share/mako_nolang_interfaces/cmake/mako_nolang_interfaces__rosidl_typesupport_cppExport.cmake
[2.930s] -- Up-to-date: /home/karim/mako_robot/mako_ws/install/mako_nolang_interfaces/share/mako_nolang_interfaces/cmake/mako_nolang_interfaces__rosidl_typesupport_cppExport-noconfig.cmake
[2.938s] Invoked command in '/home/karim/mako_robot/mako_ws/build/mako_nolang_interfaces' returned '0': CMAKE_PREFIX_PATH=${CMAKE_PREFIX_PATH}:/home/karim/project_ws/install/ros_project_pkg_py_robot_driver:/home/karim/project_ws/install/dev_test_tools:/home/karim/ros2_ws/install/my_py_pkg:/home/karim/mako_robot/mako_ws/install/mako_py_serial_interface:/home/karim/mako_robot/mako_ws/install/mako_py_feedback_actuators:/home/karim/mako_robot/mako_ws/install/mako_py_brain:/home/karim/mako_robot/mako_ws/install/dev_test_tools:/opt/ros/foxy /usr/bin/cmake --install /home/karim/mako_robot/mako_ws/build/mako_nolang_interfaces
