running develop
running egg_info
writing ../../build/mako_py_feedback_actuators/mako_py_feedback_actuators.egg-info/PKG-INFO
writing dependency_links to ../../build/mako_py_feedback_actuators/mako_py_feedback_actuators.egg-info/dependency_links.txt
writing entry points to ../../build/mako_py_feedback_actuators/mako_py_feedback_actuators.egg-info/entry_points.txt
writing requirements to ../../build/mako_py_feedback_actuators/mako_py_feedback_actuators.egg-info/requires.txt
writing top-level names to ../../build/mako_py_feedback_actuators/mako_py_feedback_actuators.egg-info/top_level.txt
reading manifest file '../../build/mako_py_feedback_actuators/mako_py_feedback_actuators.egg-info/SOURCES.txt'
writing manifest file '../../build/mako_py_feedback_actuators/mako_py_feedback_actuators.egg-info/SOURCES.txt'
running build
running build_py
running install
running install_lib
running install_data
running install_egg_info
removing '/home/karim/mako_robot/mako_ws/install/mako_py_feedback_actuators/lib/python3.8/site-packages/mako_py_feedback_actuators-0.0.0-py3.8.egg-info' (and everything under it)
Copying ../../build/mako_py_feedback_actuators/mako_py_feedback_actuators.egg-info to /home/karim/mako_robot/mako_ws/install/mako_py_feedback_actuators/lib/python3.8/site-packages/mako_py_feedback_actuators-0.0.0-py3.8.egg-info
running install_scripts
Installing ledControlNode script to /home/karim/mako_robot/mako_ws/install/mako_py_feedback_actuators/lib/mako_py_feedback_actuators
writing list of installed files to '/home/karim/mako_robot/mako_ws/build/mako_py_feedback_actuators/install.log'
