running egg_info
creating ../../build/mako_py_camera/mako_py_camera.egg-info
writing ../../build/mako_py_camera/mako_py_camera.egg-info/PKG-INFO
writing dependency_links to ../../build/mako_py_camera/mako_py_camera.egg-info/dependency_links.txt
writing entry points to ../../build/mako_py_camera/mako_py_camera.egg-info/entry_points.txt
writing requirements to ../../build/mako_py_camera/mako_py_camera.egg-info/requires.txt
writing top-level names to ../../build/mako_py_camera/mako_py_camera.egg-info/top_level.txt
writing manifest file '../../build/mako_py_camera/mako_py_camera.egg-info/SOURCES.txt'
reading manifest file '../../build/mako_py_camera/mako_py_camera.egg-info/SOURCES.txt'
writing manifest file '../../build/mako_py_camera/mako_py_camera.egg-info/SOURCES.txt'
running build
running build_py
creating /home/abdelrahman/Documents/GitHub/mako_robot/mako_ws/build/mako_py_camera/build
creating /home/abdelrahman/Documents/GitHub/mako_robot/mako_ws/build/mako_py_camera/build/lib
creating /home/abdelrahman/Documents/GitHub/mako_robot/mako_ws/build/mako_py_camera/build/lib/mako_py_camera
copying mako_py_camera/__init__.py -> /home/abdelrahman/Documents/GitHub/mako_robot/mako_ws/build/mako_py_camera/build/lib/mako_py_camera
running install
running install_lib
creating /home/abdelrahman/Documents/GitHub/mako_robot/mako_ws/install/mako_py_camera/lib/python3.8/site-packages/mako_py_camera
copying /home/abdelrahman/Documents/GitHub/mako_robot/mako_ws/build/mako_py_camera/build/lib/mako_py_camera/__init__.py -> /home/abdelrahman/Documents/GitHub/mako_robot/mako_ws/install/mako_py_camera/lib/python3.8/site-packages/mako_py_camera
byte-compiling /home/abdelrahman/Documents/GitHub/mako_robot/mako_ws/install/mako_py_camera/lib/python3.8/site-packages/mako_py_camera/__init__.py to __init__.cpython-38.pyc
running install_data
creating /home/abdelrahman/Documents/GitHub/mako_robot/mako_ws/install/mako_py_camera/share/ament_index
creating /home/abdelrahman/Documents/GitHub/mako_robot/mako_ws/install/mako_py_camera/share/ament_index/resource_index
creating /home/abdelrahman/Documents/GitHub/mako_robot/mako_ws/install/mako_py_camera/share/ament_index/resource_index/packages
copying resource/mako_py_camera -> /home/abdelrahman/Documents/GitHub/mako_robot/mako_ws/install/mako_py_camera/share/ament_index/resource_index/packages
copying package.xml -> /home/abdelrahman/Documents/GitHub/mako_robot/mako_ws/install/mako_py_camera/share/mako_py_camera
running install_egg_info
Copying ../../build/mako_py_camera/mako_py_camera.egg-info to /home/abdelrahman/Documents/GitHub/mako_robot/mako_ws/install/mako_py_camera/lib/python3.8/site-packages/mako_py_camera-0.0.0-py3.8.egg-info
running install_scripts
writing list of installed files to '/home/abdelrahman/Documents/GitHub/mako_robot/mako_ws/build/mako_py_camera/install.log'
