[0.209s] DEBUG:colcon:Command line arguments: ['/usr/bin/colcon', 'build', '--symlink-install']
[0.209s] DEBUG:colcon:Parsed command line arguments: Namespace(ament_cmake_args=None, base_paths=['.'], build_base='build', catkin_cmake_args=None, catkin_skip_building_tests=False, cmake_args=None, cmake_clean_cache=False, cmake_clean_first=False, cmake_force_configure=False, cmake_target=None, cmake_target_skip_unavailable=False, continue_on_error=False, event_handlers=None, executor='parallel', ignore_user_meta=False, install_base='install', log_base=None, log_level=None, main=<bound method BuildVerb.main of <colcon_core.verb.build.BuildVerb object at 0x7f6da370c940>>, merge_install=False, metas=['./colcon.meta'], packages_above=None, packages_above_and_dependencies=None, packages_above_depth=None, packages_end=None, packages_ignore=None, packages_ignore_regex=None, packages_select=None, packages_select_build_failed=False, packages_select_by_dep=None, packages_select_regex=None, packages_select_test_failures=False, packages_skip=None, packages_skip_build_finished=False, packages_skip_by_dep=None, packages_skip_regex=None, packages_skip_test_passed=False, packages_skip_up_to=None, packages_start=None, packages_up_to=None, packages_up_to_regex=None, parallel_workers=6, paths=None, symlink_install=True, test_result_base=None, verb_extension=<colcon_core.verb.build.BuildVerb object at 0x7f6da370c940>, verb_name='build', verb_parser=<colcon_defaults.argument_parser.defaults.DefaultArgumentsDecorator object at 0x7f6da370ceb0>)
[0.216s] Level 1:colcon.colcon_core.package_discovery:discover_packages(colcon_meta) check parameters
[0.216s] Level 1:colcon.colcon_core.package_discovery:discover_packages(recursive) check parameters
[0.216s] Level 1:colcon.colcon_core.package_discovery:discover_packages(ignore) check parameters
[0.216s] Level 1:colcon.colcon_core.package_discovery:discover_packages(path) check parameters
[0.216s] Level 1:colcon.colcon_core.package_discovery:discover_packages(colcon_meta) discover
[0.216s] Level 1:colcon.colcon_core.package_discovery:discover_packages(recursive) discover
[0.216s] INFO:colcon.colcon_core.package_discovery:Crawling recursively for packages in '/home/karim/mako_robot/mako_ws'
[0.216s] Level 1:colcon.colcon_core.package_identification:_identify(.) by extensions ['ignore', 'ignore_ament_install']
[0.217s] Level 1:colcon.colcon_core.package_identification:_identify(.) by extension 'ignore'
[0.217s] Level 1:colcon.colcon_core.package_identification:_identify(.) by extension 'ignore_ament_install'
[0.217s] Level 1:colcon.colcon_core.package_identification:_identify(.) by extensions ['colcon_pkg']
[0.217s] Level 1:colcon.colcon_core.package_identification:_identify(.) by extension 'colcon_pkg'
[0.217s] Level 1:colcon.colcon_core.package_identification:_identify(.) by extensions ['colcon_meta']
[0.217s] Level 1:colcon.colcon_core.package_identification:_identify(.) by extension 'colcon_meta'
[0.217s] Level 1:colcon.colcon_core.package_identification:_identify(.) by extensions ['ros']
[0.217s] Level 1:colcon.colcon_core.package_identification:_identify(.) by extension 'ros'
[0.230s] Level 1:colcon.colcon_core.package_identification:_identify(.) by extensions ['cmake', 'python']
[0.230s] Level 1:colcon.colcon_core.package_identification:_identify(.) by extension 'cmake'
[0.230s] Level 1:colcon.colcon_core.package_identification:_identify(.) by extension 'python'
[0.230s] Level 1:colcon.colcon_core.package_identification:_identify(.) by extensions ['python_setup_py']
[0.230s] Level 1:colcon.colcon_core.package_identification:_identify(.) by extension 'python_setup_py'
[0.230s] Level 1:colcon.colcon_core.package_identification:_identify(build) by extensions ['ignore', 'ignore_ament_install']
[0.230s] Level 1:colcon.colcon_core.package_identification:_identify(build) by extension 'ignore'
[0.230s] Level 1:colcon.colcon_core.package_identification:_identify(build) ignored
[0.231s] Level 1:colcon.colcon_core.package_identification:_identify(install) by extensions ['ignore', 'ignore_ament_install']
[0.231s] Level 1:colcon.colcon_core.package_identification:_identify(install) by extension 'ignore'
[0.231s] Level 1:colcon.colcon_core.package_identification:_identify(install) ignored
[0.231s] Level 1:colcon.colcon_core.package_identification:_identify(log) by extensions ['ignore', 'ignore_ament_install']
[0.231s] Level 1:colcon.colcon_core.package_identification:_identify(log) by extension 'ignore'
[0.231s] Level 1:colcon.colcon_core.package_identification:_identify(log) ignored
[0.231s] Level 1:colcon.colcon_core.package_identification:_identify(src) by extensions ['ignore', 'ignore_ament_install']
[0.231s] Level 1:colcon.colcon_core.package_identification:_identify(src) by extension 'ignore'
[0.231s] Level 1:colcon.colcon_core.package_identification:_identify(src) by extension 'ignore_ament_install'
[0.231s] Level 1:colcon.colcon_core.package_identification:_identify(src) by extensions ['colcon_pkg']
[0.231s] Level 1:colcon.colcon_core.package_identification:_identify(src) by extension 'colcon_pkg'
[0.231s] Level 1:colcon.colcon_core.package_identification:_identify(src) by extensions ['colcon_meta']
[0.231s] Level 1:colcon.colcon_core.package_identification:_identify(src) by extension 'colcon_meta'
[0.232s] Level 1:colcon.colcon_core.package_identification:_identify(src) by extensions ['ros']
[0.232s] Level 1:colcon.colcon_core.package_identification:_identify(src) by extension 'ros'
[0.232s] Level 1:colcon.colcon_core.package_identification:_identify(src) by extensions ['cmake', 'python']
[0.232s] Level 1:colcon.colcon_core.package_identification:_identify(src) by extension 'cmake'
[0.232s] Level 1:colcon.colcon_core.package_identification:_identify(src) by extension 'python'
[0.232s] Level 1:colcon.colcon_core.package_identification:_identify(src) by extensions ['python_setup_py']
[0.232s] Level 1:colcon.colcon_core.package_identification:_identify(src) by extension 'python_setup_py'
[0.232s] Level 1:colcon.colcon_core.package_identification:_identify(src/dev_test_tools) by extensions ['ignore', 'ignore_ament_install']
[0.232s] Level 1:colcon.colcon_core.package_identification:_identify(src/dev_test_tools) by extension 'ignore'
[0.232s] Level 1:colcon.colcon_core.package_identification:_identify(src/dev_test_tools) by extension 'ignore_ament_install'
[0.232s] Level 1:colcon.colcon_core.package_identification:_identify(src/dev_test_tools) by extensions ['colcon_pkg']
[0.232s] Level 1:colcon.colcon_core.package_identification:_identify(src/dev_test_tools) by extension 'colcon_pkg'
[0.232s] Level 1:colcon.colcon_core.package_identification:_identify(src/dev_test_tools) by extensions ['colcon_meta']
[0.232s] Level 1:colcon.colcon_core.package_identification:_identify(src/dev_test_tools) by extension 'colcon_meta'
[0.232s] Level 1:colcon.colcon_core.package_identification:_identify(src/dev_test_tools) by extensions ['ros']
[0.232s] Level 1:colcon.colcon_core.package_identification:_identify(src/dev_test_tools) by extension 'ros'
[0.236s] DEBUG:colcon.colcon_core.package_identification:Package 'src/dev_test_tools' with type 'ros.ament_python' and name 'dev_test_tools'
[0.236s] Level 1:colcon.colcon_core.package_identification:_identify(src/lidar_ros2) by extensions ['ignore', 'ignore_ament_install']
[0.236s] Level 1:colcon.colcon_core.package_identification:_identify(src/lidar_ros2) by extension 'ignore'
[0.236s] Level 1:colcon.colcon_core.package_identification:_identify(src/lidar_ros2) by extension 'ignore_ament_install'
[0.236s] Level 1:colcon.colcon_core.package_identification:_identify(src/lidar_ros2) by extensions ['colcon_pkg']
[0.236s] Level 1:colcon.colcon_core.package_identification:_identify(src/lidar_ros2) by extension 'colcon_pkg'
[0.236s] Level 1:colcon.colcon_core.package_identification:_identify(src/lidar_ros2) by extensions ['colcon_meta']
[0.236s] Level 1:colcon.colcon_core.package_identification:_identify(src/lidar_ros2) by extension 'colcon_meta'
[0.237s] Level 1:colcon.colcon_core.package_identification:_identify(src/lidar_ros2) by extensions ['ros']
[0.237s] Level 1:colcon.colcon_core.package_identification:_identify(src/lidar_ros2) by extension 'ros'
[0.238s] DEBUG:colcon.colcon_core.package_identification:Package 'src/lidar_ros2' with type 'ros.ament_cmake' and name 'rplidar_ros'
[0.238s] Level 1:colcon.colcon_core.package_identification:_identify(src/mako_nolang_interfaces) by extensions ['ignore', 'ignore_ament_install']
[0.238s] Level 1:colcon.colcon_core.package_identification:_identify(src/mako_nolang_interfaces) by extension 'ignore'
[0.238s] Level 1:colcon.colcon_core.package_identification:_identify(src/mako_nolang_interfaces) by extension 'ignore_ament_install'
[0.238s] Level 1:colcon.colcon_core.package_identification:_identify(src/mako_nolang_interfaces) by extensions ['colcon_pkg']
[0.238s] Level 1:colcon.colcon_core.package_identification:_identify(src/mako_nolang_interfaces) by extension 'colcon_pkg'
[0.238s] Level 1:colcon.colcon_core.package_identification:_identify(src/mako_nolang_interfaces) by extensions ['colcon_meta']
[0.238s] Level 1:colcon.colcon_core.package_identification:_identify(src/mako_nolang_interfaces) by extension 'colcon_meta'
[0.238s] Level 1:colcon.colcon_core.package_identification:_identify(src/mako_nolang_interfaces) by extensions ['ros']
[0.239s] Level 1:colcon.colcon_core.package_identification:_identify(src/mako_nolang_interfaces) by extension 'ros'
[0.239s] DEBUG:colcon.colcon_core.package_identification:Package 'src/mako_nolang_interfaces' with type 'ros.ament_cmake' and name 'mako_nolang_interfaces'
[0.239s] Level 1:colcon.colcon_core.package_identification:_identify(src/mako_nolang_launch) by extensions ['ignore', 'ignore_ament_install']
[0.239s] Level 1:colcon.colcon_core.package_identification:_identify(src/mako_nolang_launch) by extension 'ignore'
[0.240s] Level 1:colcon.colcon_core.package_identification:_identify(src/mako_nolang_launch) by extension 'ignore_ament_install'
[0.240s] Level 1:colcon.colcon_core.package_identification:_identify(src/mako_nolang_launch) by extensions ['colcon_pkg']
[0.240s] Level 1:colcon.colcon_core.package_identification:_identify(src/mako_nolang_launch) by extension 'colcon_pkg'
[0.240s] Level 1:colcon.colcon_core.package_identification:_identify(src/mako_nolang_launch) by extensions ['colcon_meta']
[0.240s] Level 1:colcon.colcon_core.package_identification:_identify(src/mako_nolang_launch) by extension 'colcon_meta'
[0.240s] Level 1:colcon.colcon_core.package_identification:_identify(src/mako_nolang_launch) by extensions ['ros']
[0.240s] Level 1:colcon.colcon_core.package_identification:_identify(src/mako_nolang_launch) by extension 'ros'
[0.241s] DEBUG:colcon.colcon_core.package_identification:Package 'src/mako_nolang_launch' with type 'ros.ament_cmake' and name 'mako_nolang_launch'
[0.241s] Level 1:colcon.colcon_core.package_identification:_identify(src/mako_py_brain) by extensions ['ignore', 'ignore_ament_install']
[0.241s] Level 1:colcon.colcon_core.package_identification:_identify(src/mako_py_brain) by extension 'ignore'
[0.241s] Level 1:colcon.colcon_core.package_identification:_identify(src/mako_py_brain) by extension 'ignore_ament_install'
[0.241s] Level 1:colcon.colcon_core.package_identification:_identify(src/mako_py_brain) by extensions ['colcon_pkg']
[0.241s] Level 1:colcon.colcon_core.package_identification:_identify(src/mako_py_brain) by extension 'colcon_pkg'
[0.241s] Level 1:colcon.colcon_core.package_identification:_identify(src/mako_py_brain) by extensions ['colcon_meta']
[0.241s] Level 1:colcon.colcon_core.package_identification:_identify(src/mako_py_brain) by extension 'colcon_meta'
[0.241s] Level 1:colcon.colcon_core.package_identification:_identify(src/mako_py_brain) by extensions ['ros']
[0.241s] Level 1:colcon.colcon_core.package_identification:_identify(src/mako_py_brain) by extension 'ros'
[0.243s] DEBUG:colcon.colcon_core.package_identification:Package 'src/mako_py_brain' with type 'ros.ament_python' and name 'mako_py_brain'
[0.243s] Level 1:colcon.colcon_core.package_identification:_identify(src/mako_py_feedback_actuators) by extensions ['ignore', 'ignore_ament_install']
[0.244s] Level 1:colcon.colcon_core.package_identification:_identify(src/mako_py_feedback_actuators) by extension 'ignore'
[0.244s] Level 1:colcon.colcon_core.package_identification:_identify(src/mako_py_feedback_actuators) by extension 'ignore_ament_install'
[0.244s] Level 1:colcon.colcon_core.package_identification:_identify(src/mako_py_feedback_actuators) by extensions ['colcon_pkg']
[0.244s] Level 1:colcon.colcon_core.package_identification:_identify(src/mako_py_feedback_actuators) by extension 'colcon_pkg'
[0.244s] Level 1:colcon.colcon_core.package_identification:_identify(src/mako_py_feedback_actuators) by extensions ['colcon_meta']
[0.244s] Level 1:colcon.colcon_core.package_identification:_identify(src/mako_py_feedback_actuators) by extension 'colcon_meta'
[0.244s] Level 1:colcon.colcon_core.package_identification:_identify(src/mako_py_feedback_actuators) by extensions ['ros']
[0.244s] Level 1:colcon.colcon_core.package_identification:_identify(src/mako_py_feedback_actuators) by extension 'ros'
[0.245s] DEBUG:colcon.colcon_core.package_identification:Package 'src/mako_py_feedback_actuators' with type 'ros.ament_python' and name 'mako_py_feedback_actuators'
[0.245s] Level 1:colcon.colcon_core.package_identification:_identify(src/mako_py_serial_interface) by extensions ['ignore', 'ignore_ament_install']
[0.246s] Level 1:colcon.colcon_core.package_identification:_identify(src/mako_py_serial_interface) by extension 'ignore'
[0.246s] Level 1:colcon.colcon_core.package_identification:_identify(src/mako_py_serial_interface) by extension 'ignore_ament_install'
[0.246s] Level 1:colcon.colcon_core.package_identification:_identify(src/mako_py_serial_interface) by extensions ['colcon_pkg']
[0.246s] Level 1:colcon.colcon_core.package_identification:_identify(src/mako_py_serial_interface) by extension 'colcon_pkg'
[0.246s] Level 1:colcon.colcon_core.package_identification:_identify(src/mako_py_serial_interface) by extensions ['colcon_meta']
[0.246s] Level 1:colcon.colcon_core.package_identification:_identify(src/mako_py_serial_interface) by extension 'colcon_meta'
[0.247s] Level 1:colcon.colcon_core.package_identification:_identify(src/mako_py_serial_interface) by extensions ['ros']
[0.247s] Level 1:colcon.colcon_core.package_identification:_identify(src/mako_py_serial_interface) by extension 'ros'
[0.248s] DEBUG:colcon.colcon_core.package_identification:Package 'src/mako_py_serial_interface' with type 'ros.ament_python' and name 'mako_py_serial_interface'
[0.248s] Level 1:colcon.colcon_core.package_discovery:discover_packages(recursive) using defaults
[0.248s] Level 1:colcon.colcon_core.package_discovery:discover_packages(ignore) discover
[0.248s] Level 1:colcon.colcon_core.package_discovery:discover_packages(ignore) using defaults
[0.248s] Level 1:colcon.colcon_core.package_discovery:discover_packages(path) discover
[0.248s] Level 1:colcon.colcon_core.package_discovery:discover_packages(path) using defaults
[0.272s] Level 5:colcon.colcon_core.verb:set package 'dev_test_tools' build argument 'cmake_args' from command line to 'None'
[0.272s] Level 5:colcon.colcon_core.verb:set package 'dev_test_tools' build argument 'cmake_target' from command line to 'None'
[0.272s] Level 5:colcon.colcon_core.verb:set package 'dev_test_tools' build argument 'cmake_target_skip_unavailable' from command line to 'False'
[0.272s] Level 5:colcon.colcon_core.verb:set package 'dev_test_tools' build argument 'cmake_clean_cache' from command line to 'False'
[0.272s] Level 5:colcon.colcon_core.verb:set package 'dev_test_tools' build argument 'cmake_clean_first' from command line to 'False'
[0.272s] Level 5:colcon.colcon_core.verb:set package 'dev_test_tools' build argument 'cmake_force_configure' from command line to 'False'
[0.272s] Level 5:colcon.colcon_core.verb:set package 'dev_test_tools' build argument 'ament_cmake_args' from command line to 'None'
[0.272s] Level 5:colcon.colcon_core.verb:set package 'dev_test_tools' build argument 'catkin_cmake_args' from command line to 'None'
[0.272s] Level 5:colcon.colcon_core.verb:set package 'dev_test_tools' build argument 'catkin_skip_building_tests' from command line to 'False'
[0.272s] DEBUG:colcon.colcon_core.verb:Building package 'dev_test_tools' with the following arguments: {'ament_cmake_args': None, 'build_base': '/home/karim/mako_robot/mako_ws/build/dev_test_tools', 'catkin_cmake_args': None, 'catkin_skip_building_tests': False, 'cmake_args': None, 'cmake_clean_cache': False, 'cmake_clean_first': False, 'cmake_force_configure': False, 'cmake_target': None, 'cmake_target_skip_unavailable': False, 'install_base': '/home/karim/mako_robot/mako_ws/install/dev_test_tools', 'merge_install': False, 'path': '/home/karim/mako_robot/mako_ws/src/dev_test_tools', 'symlink_install': True, 'test_result_base': None}
[0.275s] Level 5:colcon.colcon_core.verb:set package 'mako_nolang_interfaces' build argument 'cmake_args' from command line to 'None'
[0.275s] Level 5:colcon.colcon_core.verb:set package 'mako_nolang_interfaces' build argument 'cmake_target' from command line to 'None'
[0.275s] Level 5:colcon.colcon_core.verb:set package 'mako_nolang_interfaces' build argument 'cmake_target_skip_unavailable' from command line to 'False'
[0.275s] Level 5:colcon.colcon_core.verb:set package 'mako_nolang_interfaces' build argument 'cmake_clean_cache' from command line to 'False'
[0.275s] Level 5:colcon.colcon_core.verb:set package 'mako_nolang_interfaces' build argument 'cmake_clean_first' from command line to 'False'
[0.275s] Level 5:colcon.colcon_core.verb:set package 'mako_nolang_interfaces' build argument 'cmake_force_configure' from command line to 'False'
[0.275s] Level 5:colcon.colcon_core.verb:set package 'mako_nolang_interfaces' build argument 'ament_cmake_args' from command line to 'None'
[0.275s] Level 5:colcon.colcon_core.verb:set package 'mako_nolang_interfaces' build argument 'catkin_cmake_args' from command line to 'None'
[0.275s] Level 5:colcon.colcon_core.verb:set package 'mako_nolang_interfaces' build argument 'catkin_skip_building_tests' from command line to 'False'
[0.275s] DEBUG:colcon.colcon_core.verb:Building package 'mako_nolang_interfaces' with the following arguments: {'ament_cmake_args': None, 'build_base': '/home/karim/mako_robot/mako_ws/build/mako_nolang_interfaces', 'catkin_cmake_args': None, 'catkin_skip_building_tests': False, 'cmake_args': None, 'cmake_clean_cache': False, 'cmake_clean_first': False, 'cmake_force_configure': False, 'cmake_target': None, 'cmake_target_skip_unavailable': False, 'install_base': '/home/karim/mako_robot/mako_ws/install/mako_nolang_interfaces', 'merge_install': False, 'path': '/home/karim/mako_robot/mako_ws/src/mako_nolang_interfaces', 'symlink_install': True, 'test_result_base': None}
[0.278s] Level 5:colcon.colcon_core.verb:set package 'mako_nolang_launch' build argument 'cmake_args' from command line to 'None'
[0.278s] Level 5:colcon.colcon_core.verb:set package 'mako_nolang_launch' build argument 'cmake_target' from command line to 'None'
[0.278s] Level 5:colcon.colcon_core.verb:set package 'mako_nolang_launch' build argument 'cmake_target_skip_unavailable' from command line to 'False'
[0.278s] Level 5:colcon.colcon_core.verb:set package 'mako_nolang_launch' build argument 'cmake_clean_cache' from command line to 'False'
[0.278s] Level 5:colcon.colcon_core.verb:set package 'mako_nolang_launch' build argument 'cmake_clean_first' from command line to 'False'
[0.278s] Level 5:colcon.colcon_core.verb:set package 'mako_nolang_launch' build argument 'cmake_force_configure' from command line to 'False'
[0.278s] Level 5:colcon.colcon_core.verb:set package 'mako_nolang_launch' build argument 'ament_cmake_args' from command line to 'None'
[0.278s] Level 5:colcon.colcon_core.verb:set package 'mako_nolang_launch' build argument 'catkin_cmake_args' from command line to 'None'
[0.278s] Level 5:colcon.colcon_core.verb:set package 'mako_nolang_launch' build argument 'catkin_skip_building_tests' from command line to 'False'
[0.278s] DEBUG:colcon.colcon_core.verb:Building package 'mako_nolang_launch' with the following arguments: {'ament_cmake_args': None, 'build_base': '/home/karim/mako_robot/mako_ws/build/mako_nolang_launch', 'catkin_cmake_args': None, 'catkin_skip_building_tests': False, 'cmake_args': None, 'cmake_clean_cache': False, 'cmake_clean_first': False, 'cmake_force_configure': False, 'cmake_target': None, 'cmake_target_skip_unavailable': False, 'install_base': '/home/karim/mako_robot/mako_ws/install/mako_nolang_launch', 'merge_install': False, 'path': '/home/karim/mako_robot/mako_ws/src/mako_nolang_launch', 'symlink_install': True, 'test_result_base': None}
[0.281s] Level 5:colcon.colcon_core.verb:set package 'mako_py_brain' build argument 'cmake_args' from command line to 'None'
[0.281s] Level 5:colcon.colcon_core.verb:set package 'mako_py_brain' build argument 'cmake_target' from command line to 'None'
[0.281s] Level 5:colcon.colcon_core.verb:set package 'mako_py_brain' build argument 'cmake_target_skip_unavailable' from command line to 'False'
[0.281s] Level 5:colcon.colcon_core.verb:set package 'mako_py_brain' build argument 'cmake_clean_cache' from command line to 'False'
[0.281s] Level 5:colcon.colcon_core.verb:set package 'mako_py_brain' build argument 'cmake_clean_first' from command line to 'False'
[0.281s] Level 5:colcon.colcon_core.verb:set package 'mako_py_brain' build argument 'cmake_force_configure' from command line to 'False'
[0.281s] Level 5:colcon.colcon_core.verb:set package 'mako_py_brain' build argument 'ament_cmake_args' from command line to 'None'
[0.281s] Level 5:colcon.colcon_core.verb:set package 'mako_py_brain' build argument 'catkin_cmake_args' from command line to 'None'
[0.281s] Level 5:colcon.colcon_core.verb:set package 'mako_py_brain' build argument 'catkin_skip_building_tests' from command line to 'False'
[0.281s] DEBUG:colcon.colcon_core.verb:Building package 'mako_py_brain' with the following arguments: {'ament_cmake_args': None, 'build_base': '/home/karim/mako_robot/mako_ws/build/mako_py_brain', 'catkin_cmake_args': None, 'catkin_skip_building_tests': False, 'cmake_args': None, 'cmake_clean_cache': False, 'cmake_clean_first': False, 'cmake_force_configure': False, 'cmake_target': None, 'cmake_target_skip_unavailable': False, 'install_base': '/home/karim/mako_robot/mako_ws/install/mako_py_brain', 'merge_install': False, 'path': '/home/karim/mako_robot/mako_ws/src/mako_py_brain', 'symlink_install': True, 'test_result_base': None}
[0.284s] Level 5:colcon.colcon_core.verb:set package 'mako_py_feedback_actuators' build argument 'cmake_args' from command line to 'None'
[0.284s] Level 5:colcon.colcon_core.verb:set package 'mako_py_feedback_actuators' build argument 'cmake_target' from command line to 'None'
[0.284s] Level 5:colcon.colcon_core.verb:set package 'mako_py_feedback_actuators' build argument 'cmake_target_skip_unavailable' from command line to 'False'
[0.284s] Level 5:colcon.colcon_core.verb:set package 'mako_py_feedback_actuators' build argument 'cmake_clean_cache' from command line to 'False'
[0.284s] Level 5:colcon.colcon_core.verb:set package 'mako_py_feedback_actuators' build argument 'cmake_clean_first' from command line to 'False'
[0.284s] Level 5:colcon.colcon_core.verb:set package 'mako_py_feedback_actuators' build argument 'cmake_force_configure' from command line to 'False'
[0.284s] Level 5:colcon.colcon_core.verb:set package 'mako_py_feedback_actuators' build argument 'ament_cmake_args' from command line to 'None'
[0.284s] Level 5:colcon.colcon_core.verb:set package 'mako_py_feedback_actuators' build argument 'catkin_cmake_args' from command line to 'None'
[0.284s] Level 5:colcon.colcon_core.verb:set package 'mako_py_feedback_actuators' build argument 'catkin_skip_building_tests' from command line to 'False'
[0.284s] DEBUG:colcon.colcon_core.verb:Building package 'mako_py_feedback_actuators' with the following arguments: {'ament_cmake_args': None, 'build_base': '/home/karim/mako_robot/mako_ws/build/mako_py_feedback_actuators', 'catkin_cmake_args': None, 'catkin_skip_building_tests': False, 'cmake_args': None, 'cmake_clean_cache': False, 'cmake_clean_first': False, 'cmake_force_configure': False, 'cmake_target': None, 'cmake_target_skip_unavailable': False, 'install_base': '/home/karim/mako_robot/mako_ws/install/mako_py_feedback_actuators', 'merge_install': False, 'path': '/home/karim/mako_robot/mako_ws/src/mako_py_feedback_actuators', 'symlink_install': True, 'test_result_base': None}
[0.287s] Level 5:colcon.colcon_core.verb:set package 'mako_py_serial_interface' build argument 'cmake_args' from command line to 'None'
[0.287s] Level 5:colcon.colcon_core.verb:set package 'mako_py_serial_interface' build argument 'cmake_target' from command line to 'None'
[0.287s] Level 5:colcon.colcon_core.verb:set package 'mako_py_serial_interface' build argument 'cmake_target_skip_unavailable' from command line to 'False'
[0.287s] Level 5:colcon.colcon_core.verb:set package 'mako_py_serial_interface' build argument 'cmake_clean_cache' from command line to 'False'
[0.287s] Level 5:colcon.colcon_core.verb:set package 'mako_py_serial_interface' build argument 'cmake_clean_first' from command line to 'False'
[0.287s] Level 5:colcon.colcon_core.verb:set package 'mako_py_serial_interface' build argument 'cmake_force_configure' from command line to 'False'
[0.287s] Level 5:colcon.colcon_core.verb:set package 'mako_py_serial_interface' build argument 'ament_cmake_args' from command line to 'None'
[0.287s] Level 5:colcon.colcon_core.verb:set package 'mako_py_serial_interface' build argument 'catkin_cmake_args' from command line to 'None'
[0.287s] Level 5:colcon.colcon_core.verb:set package 'mako_py_serial_interface' build argument 'catkin_skip_building_tests' from command line to 'False'
[0.287s] DEBUG:colcon.colcon_core.verb:Building package 'mako_py_serial_interface' with the following arguments: {'ament_cmake_args': None, 'build_base': '/home/karim/mako_robot/mako_ws/build/mako_py_serial_interface', 'catkin_cmake_args': None, 'catkin_skip_building_tests': False, 'cmake_args': None, 'cmake_clean_cache': False, 'cmake_clean_first': False, 'cmake_force_configure': False, 'cmake_target': None, 'cmake_target_skip_unavailable': False, 'install_base': '/home/karim/mako_robot/mako_ws/install/mako_py_serial_interface', 'merge_install': False, 'path': '/home/karim/mako_robot/mako_ws/src/mako_py_serial_interface', 'symlink_install': True, 'test_result_base': None}
[0.291s] Level 5:colcon.colcon_core.verb:set package 'rplidar_ros' build argument 'cmake_args' from command line to 'None'
[0.291s] Level 5:colcon.colcon_core.verb:set package 'rplidar_ros' build argument 'cmake_target' from command line to 'None'
[0.291s] Level 5:colcon.colcon_core.verb:set package 'rplidar_ros' build argument 'cmake_target_skip_unavailable' from command line to 'False'
[0.291s] Level 5:colcon.colcon_core.verb:set package 'rplidar_ros' build argument 'cmake_clean_cache' from command line to 'False'
[0.291s] Level 5:colcon.colcon_core.verb:set package 'rplidar_ros' build argument 'cmake_clean_first' from command line to 'False'
[0.291s] Level 5:colcon.colcon_core.verb:set package 'rplidar_ros' build argument 'cmake_force_configure' from command line to 'False'
[0.291s] Level 5:colcon.colcon_core.verb:set package 'rplidar_ros' build argument 'ament_cmake_args' from command line to 'None'
[0.291s] Level 5:colcon.colcon_core.verb:set package 'rplidar_ros' build argument 'catkin_cmake_args' from command line to 'None'
[0.292s] Level 5:colcon.colcon_core.verb:set package 'rplidar_ros' build argument 'catkin_skip_building_tests' from command line to 'False'
[0.292s] DEBUG:colcon.colcon_core.verb:Building package 'rplidar_ros' with the following arguments: {'ament_cmake_args': None, 'build_base': '/home/karim/mako_robot/mako_ws/build/rplidar_ros', 'catkin_cmake_args': None, 'catkin_skip_building_tests': False, 'cmake_args': None, 'cmake_clean_cache': False, 'cmake_clean_first': False, 'cmake_force_configure': False, 'cmake_target': None, 'cmake_target_skip_unavailable': False, 'install_base': '/home/karim/mako_robot/mako_ws/install/rplidar_ros', 'merge_install': False, 'path': '/home/karim/mako_robot/mako_ws/src/lidar_ros2', 'symlink_install': True, 'test_result_base': None}
[0.292s] INFO:colcon.colcon_core.executor:Executing jobs using 'parallel' executor
[0.296s] DEBUG:colcon.colcon_parallel_executor.executor.parallel:run_until_complete
[0.297s] INFO:colcon.colcon_ros.task.ament_python.build:Building ROS package in '/home/karim/mako_robot/mako_ws/src/dev_test_tools' with build type 'ament_python'
[0.297s] Level 1:colcon.colcon_core.shell:create_environment_hook('dev_test_tools', 'ament_prefix_path')
[0.303s] INFO:colcon.colcon_core.plugin_system:Skipping extension 'colcon_core.shell.bat': Not used on non-Windows systems
[0.303s] INFO:colcon.colcon_core.shell:Creating environment hook '/home/karim/mako_robot/mako_ws/install/dev_test_tools/share/dev_test_tools/hook/ament_prefix_path.ps1'
[0.304s] INFO:colcon.colcon_core.shell:Creating environment descriptor '/home/karim/mako_robot/mako_ws/install/dev_test_tools/share/dev_test_tools/hook/ament_prefix_path.dsv'
[0.305s] INFO:colcon.colcon_core.shell:Creating environment hook '/home/karim/mako_robot/mako_ws/install/dev_test_tools/share/dev_test_tools/hook/ament_prefix_path.sh'
[0.307s] INFO:colcon.colcon_core.shell:Skip shell extension 'powershell' for command environment: Not usable outside of PowerShell
[0.307s] DEBUG:colcon.colcon_core.shell:Skip shell extension 'dsv' for command environment
[0.311s] DEBUG:colcon.colcon_core.shell:Ignoring prefix path '/opt/ros/foxy'
[0.317s] INFO:colcon.colcon_ros.task.ament_cmake.build:Building ROS package in '/home/karim/mako_robot/mako_ws/src/mako_nolang_interfaces' with build type 'ament_cmake'
[0.317s] INFO:colcon.colcon_cmake.task.cmake.build:Building CMake package in '/home/karim/mako_robot/mako_ws/src/mako_nolang_interfaces'
[0.318s] INFO:colcon.colcon_core.shell:Skip shell extension 'powershell' for command environment: Not usable outside of PowerShell
[0.318s] DEBUG:colcon.colcon_core.shell:Skip shell extension 'dsv' for command environment
[0.325s] DEBUG:colcon.colcon_core.shell:Ignoring prefix path '/opt/ros/foxy'
[0.334s] INFO:colcon.colcon_ros.task.ament_cmake.build:Building ROS package in '/home/karim/mako_robot/mako_ws/src/mako_nolang_launch' with build type 'ament_cmake'
[0.334s] INFO:colcon.colcon_cmake.task.cmake.build:Building CMake package in '/home/karim/mako_robot/mako_ws/src/mako_nolang_launch'
[0.336s] INFO:colcon.colcon_core.shell:Skip shell extension 'powershell' for command environment: Not usable outside of PowerShell
[0.337s] DEBUG:colcon.colcon_core.shell:Skip shell extension 'dsv' for command environment
[0.341s] DEBUG:colcon.colcon_core.shell:Ignoring prefix path '/opt/ros/foxy'
[0.359s] INFO:colcon.colcon_ros.task.ament_python.build:Building ROS package in '/home/karim/mako_robot/mako_ws/src/mako_py_brain' with build type 'ament_python'
[0.369s] Level 1:colcon.colcon_core.shell:create_environment_hook('mako_py_brain', 'ament_prefix_path')
[0.370s] INFO:colcon.colcon_core.shell:Creating environment hook '/home/karim/mako_robot/mako_ws/install/mako_py_brain/share/mako_py_brain/hook/ament_prefix_path.ps1'
[0.373s] INFO:colcon.colcon_core.shell:Creating environment descriptor '/home/karim/mako_robot/mako_ws/install/mako_py_brain/share/mako_py_brain/hook/ament_prefix_path.dsv'
[0.374s] INFO:colcon.colcon_core.shell:Creating environment hook '/home/karim/mako_robot/mako_ws/install/mako_py_brain/share/mako_py_brain/hook/ament_prefix_path.sh'
[0.375s] INFO:colcon.colcon_core.shell:Skip shell extension 'powershell' for command environment: Not usable outside of PowerShell
[0.375s] DEBUG:colcon.colcon_core.shell:Skip shell extension 'dsv' for command environment
[0.378s] DEBUG:colcon.colcon_core.shell:Ignoring prefix path '/opt/ros/foxy'
[0.389s] INFO:colcon.colcon_ros.task.ament_python.build:Building ROS package in '/home/karim/mako_robot/mako_ws/src/mako_py_feedback_actuators' with build type 'ament_python'
[0.390s] Level 1:colcon.colcon_core.shell:create_environment_hook('mako_py_feedback_actuators', 'ament_prefix_path')
[0.391s] INFO:colcon.colcon_core.shell:Creating environment hook '/home/karim/mako_robot/mako_ws/install/mako_py_feedback_actuators/share/mako_py_feedback_actuators/hook/ament_prefix_path.ps1'
[0.412s] INFO:colcon.colcon_core.shell:Creating environment descriptor '/home/karim/mako_robot/mako_ws/install/mako_py_feedback_actuators/share/mako_py_feedback_actuators/hook/ament_prefix_path.dsv'
[0.426s] INFO:colcon.colcon_core.shell:Creating environment hook '/home/karim/mako_robot/mako_ws/install/mako_py_feedback_actuators/share/mako_py_feedback_actuators/hook/ament_prefix_path.sh'
[0.428s] INFO:colcon.colcon_core.shell:Skip shell extension 'powershell' for command environment: Not usable outside of PowerShell
[0.428s] DEBUG:colcon.colcon_core.shell:Skip shell extension 'dsv' for command environment
[0.433s] DEBUG:colcon.colcon_core.shell:Ignoring prefix path '/opt/ros/foxy'
[0.437s] INFO:colcon.colcon_ros.task.ament_python.build:Building ROS package in '/home/karim/mako_robot/mako_ws/src/mako_py_serial_interface' with build type 'ament_python'
[0.437s] Level 1:colcon.colcon_core.shell:create_environment_hook('mako_py_serial_interface', 'ament_prefix_path')
[0.438s] INFO:colcon.colcon_core.shell:Creating environment hook '/home/karim/mako_robot/mako_ws/install/mako_py_serial_interface/share/mako_py_serial_interface/hook/ament_prefix_path.ps1'
[0.456s] INFO:colcon.colcon_core.shell:Creating environment descriptor '/home/karim/mako_robot/mako_ws/install/mako_py_serial_interface/share/mako_py_serial_interface/hook/ament_prefix_path.dsv'
[0.457s] INFO:colcon.colcon_core.shell:Creating environment hook '/home/karim/mako_robot/mako_ws/install/mako_py_serial_interface/share/mako_py_serial_interface/hook/ament_prefix_path.sh'
[0.459s] INFO:colcon.colcon_core.shell:Skip shell extension 'powershell' for command environment: Not usable outside of PowerShell
[0.459s] DEBUG:colcon.colcon_core.shell:Skip shell extension 'dsv' for command environment
[0.468s] DEBUG:colcon.colcon_core.shell:Ignoring prefix path '/opt/ros/foxy'
[0.769s] INFO:colcon.colcon_core.task.python.build:Building Python package in '/home/karim/mako_robot/mako_ws/src/dev_test_tools'
[0.770s] INFO:colcon.colcon_core.shell:Skip shell extension 'powershell' for command environment: Not usable outside of PowerShell
[0.770s] DEBUG:colcon.colcon_core.shell:Skip shell extension 'dsv' for command environment
[0.774s] DEBUG:colcon.colcon_core.shell:Ignoring prefix path '/opt/ros/foxy'
[0.790s] DEBUG:colcon.colcon_core.event_handler.log_command:Invoking command in '/home/karim/mako_robot/mako_ws/build/mako_nolang_interfaces': CMAKE_PREFIX_PATH=${CMAKE_PREFIX_PATH}:/home/karim/project_ws/install/ros_project_pkg_py_robot_driver:/home/karim/project_ws/install/dev_test_tools:/home/karim/ros2_ws/install/my_py_pkg:/home/karim/mako_robot/mako_ws/install/mako_py_serial_interface:/home/karim/mako_robot/mako_ws/install/mako_py_feedback_actuators:/home/karim/mako_robot/mako_ws/install/mako_py_brain:/home/karim/mako_robot/mako_ws/install/dev_test_tools:/opt/ros/foxy /usr/bin/cmake --build /home/karim/mako_robot/mako_ws/build/mako_nolang_interfaces -- -j6 -l6
[0.810s] DEBUG:colcon.colcon_core.event_handler.log_command:Invoking command in '/home/karim/mako_robot/mako_ws/build/mako_nolang_launch': CMAKE_PREFIX_PATH=${CMAKE_PREFIX_PATH}:/home/karim/project_ws/install/ros_project_pkg_py_robot_driver:/home/karim/project_ws/install/dev_test_tools:/home/karim/ros2_ws/install/my_py_pkg:/home/karim/mako_robot/mako_ws/install/mako_py_serial_interface:/home/karim/mako_robot/mako_ws/install/mako_py_feedback_actuators:/home/karim/mako_robot/mako_ws/install/mako_py_brain:/home/karim/mako_robot/mako_ws/install/dev_test_tools:/opt/ros/foxy /usr/bin/cmake --build /home/karim/mako_robot/mako_ws/build/mako_nolang_launch -- -j6 -l6
[1.128s] INFO:colcon.colcon_core.task.python.build:Building Python package in '/home/karim/mako_robot/mako_ws/src/mako_py_brain'
[1.129s] INFO:colcon.colcon_core.shell:Skip shell extension 'powershell' for command environment: Not usable outside of PowerShell
[1.129s] DEBUG:colcon.colcon_core.shell:Skip shell extension 'dsv' for command environment
[1.132s] DEBUG:colcon.colcon_core.shell:Ignoring prefix path '/opt/ros/foxy'
[1.441s] INFO:colcon.colcon_core.task.python.build:Building Python package in '/home/karim/mako_robot/mako_ws/src/mako_py_feedback_actuators'
[1.442s] INFO:colcon.colcon_core.shell:Skip shell extension 'powershell' for command environment: Not usable outside of PowerShell
[1.443s] DEBUG:colcon.colcon_core.shell:Skip shell extension 'dsv' for command environment
[1.448s] DEBUG:colcon.colcon_core.shell:Ignoring prefix path '/opt/ros/foxy'
[1.508s] DEBUG:colcon.colcon_core.event_handler.log_command:Invoked command in '/home/karim/mako_robot/mako_ws/build/mako_nolang_launch' returned '0': CMAKE_PREFIX_PATH=${CMAKE_PREFIX_PATH}:/home/karim/project_ws/install/ros_project_pkg_py_robot_driver:/home/karim/project_ws/install/dev_test_tools:/home/karim/ros2_ws/install/my_py_pkg:/home/karim/mako_robot/mako_ws/install/mako_py_serial_interface:/home/karim/mako_robot/mako_ws/install/mako_py_feedback_actuators:/home/karim/mako_robot/mako_ws/install/mako_py_brain:/home/karim/mako_robot/mako_ws/install/dev_test_tools:/opt/ros/foxy /usr/bin/cmake --build /home/karim/mako_robot/mako_ws/build/mako_nolang_launch -- -j6 -l6
[1.824s] INFO:colcon.colcon_core.task.python.build:Building Python package in '/home/karim/mako_robot/mako_ws/src/mako_py_serial_interface'
[1.825s] INFO:colcon.colcon_core.shell:Skip shell extension 'powershell' for command environment: Not usable outside of PowerShell
[1.825s] DEBUG:colcon.colcon_core.shell:Skip shell extension 'dsv' for command environment
[1.831s] DEBUG:colcon.colcon_core.shell:Ignoring prefix path '/opt/ros/foxy'
[1.842s] DEBUG:colcon.colcon_core.event_handler.log_command:Invoking command in '/home/karim/mako_robot/mako_ws/build/dev_test_tools': PYTHONPATH=/home/karim/mako_robot/mako_ws/install/dev_test_tools/lib/python3.8/site-packages:${PYTHONPATH} /usr/bin/python3 setup.py develop --prefix /home/karim/mako_robot/mako_ws/install/dev_test_tools --editable --build-directory /home/karim/mako_robot/mako_ws/build/dev_test_tools/build --no-deps install_data --install-dir /home/karim/mako_robot/mako_ws/install/dev_test_tools
[1.853s] DEBUG:colcon.colcon_core.event_handler.log_command:Invoking command in '/home/karim/mako_robot/mako_ws/build/mako_py_brain': PYTHONPATH=/home/karim/mako_robot/mako_ws/install/mako_py_brain/lib/python3.8/site-packages:${PYTHONPATH} /usr/bin/python3 setup.py develop --prefix /home/karim/mako_robot/mako_ws/install/mako_py_brain --editable --build-directory /home/karim/mako_robot/mako_ws/build/mako_py_brain/build --no-deps install_data --install-dir /home/karim/mako_robot/mako_ws/install/mako_py_brain
[1.863s] DEBUG:colcon.colcon_core.event_handler.log_command:Invoking command in '/home/karim/mako_robot/mako_ws/build/mako_py_feedback_actuators': PYTHONPATH=/home/karim/mako_robot/mako_ws/install/mako_py_feedback_actuators/lib/python3.8/site-packages:${PYTHONPATH} /usr/bin/python3 setup.py develop --prefix /home/karim/mako_robot/mako_ws/install/mako_py_feedback_actuators --editable --build-directory /home/karim/mako_robot/mako_ws/build/mako_py_feedback_actuators/build --no-deps install_data --install-dir /home/karim/mako_robot/mako_ws/install/mako_py_feedback_actuators
[1.893s] DEBUG:colcon.colcon_core.event_handler.log_command:Invoking command in '/home/karim/mako_robot/mako_ws/build/mako_nolang_launch': CMAKE_PREFIX_PATH=${CMAKE_PREFIX_PATH}:/home/karim/project_ws/install/ros_project_pkg_py_robot_driver:/home/karim/project_ws/install/dev_test_tools:/home/karim/ros2_ws/install/my_py_pkg:/home/karim/mako_robot/mako_ws/install/mako_py_serial_interface:/home/karim/mako_robot/mako_ws/install/mako_py_feedback_actuators:/home/karim/mako_robot/mako_ws/install/mako_py_brain:/home/karim/mako_robot/mako_ws/install/dev_test_tools:/opt/ros/foxy /usr/bin/cmake --install /home/karim/mako_robot/mako_ws/build/mako_nolang_launch
[1.905s] DEBUG:colcon.colcon_core.event_handler.log_command:Invoking command in '/home/karim/mako_robot/mako_ws/build/mako_py_serial_interface': PYTHONPATH=/home/karim/mako_robot/mako_ws/install/mako_py_serial_interface/lib/python3.8/site-packages:${PYTHONPATH} /usr/bin/python3 setup.py develop --prefix /home/karim/mako_robot/mako_ws/install/mako_py_serial_interface --editable --build-directory /home/karim/mako_robot/mako_ws/build/mako_py_serial_interface/build --no-deps install_data --install-dir /home/karim/mako_robot/mako_ws/install/mako_py_serial_interface
[1.948s] Level 1:colcon.colcon_core.environment:create_environment_scripts_only(mako_nolang_launch)
[1.950s] DEBUG:colcon.colcon_core.event_handler.log_command:Invoked command in '/home/karim/mako_robot/mako_ws/build/mako_nolang_launch' returned '0': CMAKE_PREFIX_PATH=${CMAKE_PREFIX_PATH}:/home/karim/project_ws/install/ros_project_pkg_py_robot_driver:/home/karim/project_ws/install/dev_test_tools:/home/karim/ros2_ws/install/my_py_pkg:/home/karim/mako_robot/mako_ws/install/mako_py_serial_interface:/home/karim/mako_robot/mako_ws/install/mako_py_feedback_actuators:/home/karim/mako_robot/mako_ws/install/mako_py_brain:/home/karim/mako_robot/mako_ws/install/dev_test_tools:/opt/ros/foxy /usr/bin/cmake --install /home/karim/mako_robot/mako_ws/build/mako_nolang_launch
[1.956s] Level 1:colcon.colcon_core.environment:checking '/home/karim/mako_robot/mako_ws/install/mako_nolang_launch' for CMake module files
[1.961s] Level 1:colcon.colcon_core.environment:checking '/home/karim/mako_robot/mako_ws/install/mako_nolang_launch' for CMake config files
[1.961s] Level 1:colcon.colcon_core.shell:create_environment_hook('mako_nolang_launch', 'cmake_prefix_path')
[1.963s] INFO:colcon.colcon_core.shell:Creating environment hook '/home/karim/mako_robot/mako_ws/install/mako_nolang_launch/share/mako_nolang_launch/hook/cmake_prefix_path.ps1'
[1.964s] INFO:colcon.colcon_core.shell:Creating environment descriptor '/home/karim/mako_robot/mako_ws/install/mako_nolang_launch/share/mako_nolang_launch/hook/cmake_prefix_path.dsv'
[1.964s] INFO:colcon.colcon_core.shell:Creating environment hook '/home/karim/mako_robot/mako_ws/install/mako_nolang_launch/share/mako_nolang_launch/hook/cmake_prefix_path.sh'
[1.966s] Level 1:colcon.colcon_core.environment:checking '/home/karim/mako_robot/mako_ws/install/mako_nolang_launch/bin'
[1.966s] Level 1:colcon.colcon_core.environment:checking '/home/karim/mako_robot/mako_ws/install/mako_nolang_launch/lib/pkgconfig/mako_nolang_launch.pc'
[1.966s] Level 1:colcon.colcon_core.environment:checking '/home/karim/mako_robot/mako_ws/install/mako_nolang_launch/lib/python3.8/site-packages'
[1.967s] INFO:colcon.colcon_core.shell:Creating package script '/home/karim/mako_robot/mako_ws/install/mako_nolang_launch/share/mako_nolang_launch/package.ps1'
[1.968s] INFO:colcon.colcon_core.shell:Creating package descriptor '/home/karim/mako_robot/mako_ws/install/mako_nolang_launch/share/mako_nolang_launch/package.dsv'
[1.968s] INFO:colcon.colcon_core.shell:Creating package script '/home/karim/mako_robot/mako_ws/install/mako_nolang_launch/share/mako_nolang_launch/package.sh'
[1.970s] INFO:colcon.colcon_core.shell:Creating package script '/home/karim/mako_robot/mako_ws/install/mako_nolang_launch/share/mako_nolang_launch/package.bash'
[1.971s] INFO:colcon.colcon_core.shell:Creating package script '/home/karim/mako_robot/mako_ws/install/mako_nolang_launch/share/mako_nolang_launch/package.zsh'
[1.973s] Level 1:colcon.colcon_core.environment:create_file_with_runtime_dependencies(/home/karim/mako_robot/mako_ws/install/mako_nolang_launch/share/colcon-core/packages/mako_nolang_launch)
[2.021s] Level 1:colcon.colcon_core.environment:create_environment_scripts_only(mako_nolang_launch)
[2.022s] Level 1:colcon.colcon_core.environment:checking '/home/karim/mako_robot/mako_ws/install/mako_nolang_launch' for CMake module files
[2.023s] Level 1:colcon.colcon_core.environment:checking '/home/karim/mako_robot/mako_ws/install/mako_nolang_launch' for CMake config files
[2.023s] Level 1:colcon.colcon_core.shell:create_environment_hook('mako_nolang_launch', 'cmake_prefix_path')
[2.024s] INFO:colcon.colcon_core.shell:Creating environment hook '/home/karim/mako_robot/mako_ws/install/mako_nolang_launch/share/mako_nolang_launch/hook/cmake_prefix_path.ps1'
[2.025s] INFO:colcon.colcon_core.shell:Creating environment descriptor '/home/karim/mako_robot/mako_ws/install/mako_nolang_launch/share/mako_nolang_launch/hook/cmake_prefix_path.dsv'
[2.026s] INFO:colcon.colcon_core.shell:Creating environment hook '/home/karim/mako_robot/mako_ws/install/mako_nolang_launch/share/mako_nolang_launch/hook/cmake_prefix_path.sh'
[2.028s] Level 1:colcon.colcon_core.environment:checking '/home/karim/mako_robot/mako_ws/install/mako_nolang_launch/bin'
[2.028s] Level 1:colcon.colcon_core.environment:checking '/home/karim/mako_robot/mako_ws/install/mako_nolang_launch/lib/pkgconfig/mako_nolang_launch.pc'
[2.028s] Level 1:colcon.colcon_core.environment:checking '/home/karim/mako_robot/mako_ws/install/mako_nolang_launch/lib/python3.8/site-packages'
[2.029s] INFO:colcon.colcon_core.shell:Creating package script '/home/karim/mako_robot/mako_ws/install/mako_nolang_launch/share/mako_nolang_launch/package.ps1'
[2.033s] INFO:colcon.colcon_core.shell:Creating package descriptor '/home/karim/mako_robot/mako_ws/install/mako_nolang_launch/share/mako_nolang_launch/package.dsv'
[2.033s] INFO:colcon.colcon_core.shell:Creating package script '/home/karim/mako_robot/mako_ws/install/mako_nolang_launch/share/mako_nolang_launch/package.sh'
[2.034s] INFO:colcon.colcon_core.shell:Creating package script '/home/karim/mako_robot/mako_ws/install/mako_nolang_launch/share/mako_nolang_launch/package.bash'
[2.035s] INFO:colcon.colcon_core.shell:Creating package script '/home/karim/mako_robot/mako_ws/install/mako_nolang_launch/share/mako_nolang_launch/package.zsh'
[2.036s] Level 1:colcon.colcon_core.environment:create_file_with_runtime_dependencies(/home/karim/mako_robot/mako_ws/install/mako_nolang_launch/share/colcon-core/packages/mako_nolang_launch)
[2.037s] INFO:colcon.colcon_ros.task.ament_cmake.build:Building ROS package in '/home/karim/mako_robot/mako_ws/src/lidar_ros2' with build type 'ament_cmake'
[2.037s] INFO:colcon.colcon_cmake.task.cmake.build:Building CMake package in '/home/karim/mako_robot/mako_ws/src/lidar_ros2'
[2.038s] INFO:colcon.colcon_core.shell:Skip shell extension 'powershell' for command environment: Not usable outside of PowerShell
[2.038s] DEBUG:colcon.colcon_core.shell:Skip shell extension 'dsv' for command environment
[2.044s] DEBUG:colcon.colcon_core.shell:Ignoring prefix path '/opt/ros/foxy'
[2.103s] DEBUG:colcon.colcon_core.event_handler.log_command:Invoking command in '/home/karim/mako_robot/mako_ws/build/rplidar_ros': CMAKE_PREFIX_PATH=${CMAKE_PREFIX_PATH}:/home/karim/project_ws/install/ros_project_pkg_py_robot_driver:/home/karim/project_ws/install/dev_test_tools:/home/karim/ros2_ws/install/my_py_pkg:/home/karim/mako_robot/mako_ws/install/mako_py_serial_interface:/home/karim/mako_robot/mako_ws/install/mako_py_feedback_actuators:/home/karim/mako_robot/mako_ws/install/mako_py_brain:/home/karim/mako_robot/mako_ws/install/dev_test_tools:/opt/ros/foxy /usr/bin/cmake --build /home/karim/mako_robot/mako_ws/build/rplidar_ros -- -j6 -l6
[2.628s] Level 1:colcon.colcon_core.shell:create_environment_hook('mako_py_feedback_actuators', 'pythonpath_develop')
[2.633s] INFO:colcon.colcon_core.shell:Creating environment hook '/home/karim/mako_robot/mako_ws/build/mako_py_feedback_actuators/share/mako_py_feedback_actuators/hook/pythonpath_develop.ps1'
[2.637s] DEBUG:colcon.colcon_core.event_handler.log_command:Invoked command in '/home/karim/mako_robot/mako_ws/build/mako_py_feedback_actuators' returned '0': PYTHONPATH=/home/karim/mako_robot/mako_ws/install/mako_py_feedback_actuators/lib/python3.8/site-packages:${PYTHONPATH} /usr/bin/python3 setup.py develop --prefix /home/karim/mako_robot/mako_ws/install/mako_py_feedback_actuators --editable --build-directory /home/karim/mako_robot/mako_ws/build/mako_py_feedback_actuators/build --no-deps install_data --install-dir /home/karim/mako_robot/mako_ws/install/mako_py_feedback_actuators
[2.639s] INFO:colcon.colcon_core.shell:Creating environment descriptor '/home/karim/mako_robot/mako_ws/build/mako_py_feedback_actuators/share/mako_py_feedback_actuators/hook/pythonpath_develop.dsv'
[2.660s] INFO:colcon.colcon_core.shell:Creating environment hook '/home/karim/mako_robot/mako_ws/build/mako_py_feedback_actuators/share/mako_py_feedback_actuators/hook/pythonpath_develop.sh'
[2.663s] Level 1:colcon.colcon_core.environment:checking '/home/karim/mako_robot/mako_ws/install/mako_py_feedback_actuators' for CMake module files
[2.668s] Level 1:colcon.colcon_core.environment:checking '/home/karim/mako_robot/mako_ws/install/mako_py_feedback_actuators' for CMake config files
[2.669s] Level 1:colcon.colcon_core.environment:checking '/home/karim/mako_robot/mako_ws/install/mako_py_feedback_actuators/lib'
[2.669s] Level 1:colcon.colcon_core.environment:checking '/home/karim/mako_robot/mako_ws/install/mako_py_feedback_actuators/bin'
[2.669s] Level 1:colcon.colcon_core.environment:checking '/home/karim/mako_robot/mako_ws/install/mako_py_feedback_actuators/lib/pkgconfig/mako_py_feedback_actuators.pc'
[2.669s] Level 1:colcon.colcon_core.environment:checking '/home/karim/mako_robot/mako_ws/install/mako_py_feedback_actuators/lib/python3.8/site-packages'
[2.669s] Level 1:colcon.colcon_core.shell:create_environment_hook('mako_py_feedback_actuators', 'pythonpath')
[2.670s] INFO:colcon.colcon_core.shell:Creating environment hook '/home/karim/mako_robot/mako_ws/install/mako_py_feedback_actuators/share/mako_py_feedback_actuators/hook/pythonpath.ps1'
[2.671s] INFO:colcon.colcon_core.shell:Creating environment descriptor '/home/karim/mako_robot/mako_ws/install/mako_py_feedback_actuators/share/mako_py_feedback_actuators/hook/pythonpath.dsv'
[2.671s] INFO:colcon.colcon_core.shell:Creating environment hook '/home/karim/mako_robot/mako_ws/install/mako_py_feedback_actuators/share/mako_py_feedback_actuators/hook/pythonpath.sh'
[2.672s] Level 1:colcon.colcon_core.environment:create_environment_scripts_only(mako_py_feedback_actuators)
[2.673s] INFO:colcon.colcon_core.shell:Creating package script '/home/karim/mako_robot/mako_ws/install/mako_py_feedback_actuators/share/mako_py_feedback_actuators/package.ps1'
[2.674s] INFO:colcon.colcon_core.shell:Creating package descriptor '/home/karim/mako_robot/mako_ws/install/mako_py_feedback_actuators/share/mako_py_feedback_actuators/package.dsv'
[2.677s] INFO:colcon.colcon_core.shell:Creating package script '/home/karim/mako_robot/mako_ws/install/mako_py_feedback_actuators/share/mako_py_feedback_actuators/package.sh'
[2.679s] INFO:colcon.colcon_core.shell:Creating package script '/home/karim/mako_robot/mako_ws/install/mako_py_feedback_actuators/share/mako_py_feedback_actuators/package.bash'
[2.679s] INFO:colcon.colcon_core.shell:Creating package script '/home/karim/mako_robot/mako_ws/install/mako_py_feedback_actuators/share/mako_py_feedback_actuators/package.zsh'
[2.680s] Level 1:colcon.colcon_core.environment:create_file_with_runtime_dependencies(/home/karim/mako_robot/mako_ws/install/mako_py_feedback_actuators/share/colcon-core/packages/mako_py_feedback_actuators)
[2.684s] DEBUG:colcon.colcon_core.event_handler.log_command:Invoked command in '/home/karim/mako_robot/mako_ws/build/rplidar_ros' returned '0': CMAKE_PREFIX_PATH=${CMAKE_PREFIX_PATH}:/home/karim/project_ws/install/ros_project_pkg_py_robot_driver:/home/karim/project_ws/install/dev_test_tools:/home/karim/ros2_ws/install/my_py_pkg:/home/karim/mako_robot/mako_ws/install/mako_py_serial_interface:/home/karim/mako_robot/mako_ws/install/mako_py_feedback_actuators:/home/karim/mako_robot/mako_ws/install/mako_py_brain:/home/karim/mako_robot/mako_ws/install/dev_test_tools:/opt/ros/foxy /usr/bin/cmake --build /home/karim/mako_robot/mako_ws/build/rplidar_ros -- -j6 -l6
[2.726s] Level 1:colcon.colcon_core.shell:create_environment_hook('dev_test_tools', 'pythonpath_develop')
[2.727s] INFO:colcon.colcon_core.shell:Creating environment hook '/home/karim/mako_robot/mako_ws/build/dev_test_tools/share/dev_test_tools/hook/pythonpath_develop.ps1'
[2.729s] INFO:colcon.colcon_core.shell:Creating environment descriptor '/home/karim/mako_robot/mako_ws/build/dev_test_tools/share/dev_test_tools/hook/pythonpath_develop.dsv'
[2.732s] DEBUG:colcon.colcon_core.event_handler.log_command:Invoked command in '/home/karim/mako_robot/mako_ws/build/dev_test_tools' returned '0': PYTHONPATH=/home/karim/mako_robot/mako_ws/install/dev_test_tools/lib/python3.8/site-packages:${PYTHONPATH} /usr/bin/python3 setup.py develop --prefix /home/karim/mako_robot/mako_ws/install/dev_test_tools --editable --build-directory /home/karim/mako_robot/mako_ws/build/dev_test_tools/build --no-deps install_data --install-dir /home/karim/mako_robot/mako_ws/install/dev_test_tools
[2.734s] INFO:colcon.colcon_core.shell:Creating environment hook '/home/karim/mako_robot/mako_ws/build/dev_test_tools/share/dev_test_tools/hook/pythonpath_develop.sh'
[2.739s] Level 1:colcon.colcon_core.environment:checking '/home/karim/mako_robot/mako_ws/install/dev_test_tools' for CMake module files
[2.739s] Level 1:colcon.colcon_core.environment:checking '/home/karim/mako_robot/mako_ws/install/dev_test_tools' for CMake config files
[2.740s] Level 1:colcon.colcon_core.environment:checking '/home/karim/mako_robot/mako_ws/install/dev_test_tools/lib'
[2.740s] Level 1:colcon.colcon_core.environment:checking '/home/karim/mako_robot/mako_ws/install/dev_test_tools/bin'
[2.740s] Level 1:colcon.colcon_core.environment:checking '/home/karim/mako_robot/mako_ws/install/dev_test_tools/lib/pkgconfig/dev_test_tools.pc'
[2.740s] Level 1:colcon.colcon_core.environment:checking '/home/karim/mako_robot/mako_ws/install/dev_test_tools/lib/python3.8/site-packages'
[2.740s] Level 1:colcon.colcon_core.shell:create_environment_hook('dev_test_tools', 'pythonpath')
[2.740s] INFO:colcon.colcon_core.shell:Creating environment hook '/home/karim/mako_robot/mako_ws/install/dev_test_tools/share/dev_test_tools/hook/pythonpath.ps1'
[2.741s] INFO:colcon.colcon_core.shell:Creating environment descriptor '/home/karim/mako_robot/mako_ws/install/dev_test_tools/share/dev_test_tools/hook/pythonpath.dsv'
[2.742s] INFO:colcon.colcon_core.shell:Creating environment hook '/home/karim/mako_robot/mako_ws/install/dev_test_tools/share/dev_test_tools/hook/pythonpath.sh'
[2.742s] Level 1:colcon.colcon_core.environment:create_environment_scripts_only(dev_test_tools)
[2.743s] INFO:colcon.colcon_core.shell:Creating package script '/home/karim/mako_robot/mako_ws/install/dev_test_tools/share/dev_test_tools/package.ps1'
[2.744s] INFO:colcon.colcon_core.shell:Creating package descriptor '/home/karim/mako_robot/mako_ws/install/dev_test_tools/share/dev_test_tools/package.dsv'
[2.746s] INFO:colcon.colcon_core.shell:Creating package script '/home/karim/mako_robot/mako_ws/install/dev_test_tools/share/dev_test_tools/package.sh'
[2.747s] INFO:colcon.colcon_core.shell:Creating package script '/home/karim/mako_robot/mako_ws/install/dev_test_tools/share/dev_test_tools/package.bash'
[2.748s] INFO:colcon.colcon_core.shell:Creating package script '/home/karim/mako_robot/mako_ws/install/dev_test_tools/share/dev_test_tools/package.zsh'
[2.750s] Level 1:colcon.colcon_core.environment:create_file_with_runtime_dependencies(/home/karim/mako_robot/mako_ws/install/dev_test_tools/share/colcon-core/packages/dev_test_tools)
[2.759s] Level 1:colcon.colcon_core.shell:create_environment_hook('mako_py_serial_interface', 'pythonpath_develop')
[2.760s] INFO:colcon.colcon_core.shell:Creating environment hook '/home/karim/mako_robot/mako_ws/build/mako_py_serial_interface/share/mako_py_serial_interface/hook/pythonpath_develop.ps1'
[2.762s] DEBUG:colcon.colcon_core.event_handler.log_command:Invoked command in '/home/karim/mako_robot/mako_ws/build/mako_py_serial_interface' returned '0': PYTHONPATH=/home/karim/mako_robot/mako_ws/install/mako_py_serial_interface/lib/python3.8/site-packages:${PYTHONPATH} /usr/bin/python3 setup.py develop --prefix /home/karim/mako_robot/mako_ws/install/mako_py_serial_interface --editable --build-directory /home/karim/mako_robot/mako_ws/build/mako_py_serial_interface/build --no-deps install_data --install-dir /home/karim/mako_robot/mako_ws/install/mako_py_serial_interface
[2.763s] INFO:colcon.colcon_core.shell:Creating environment descriptor '/home/karim/mako_robot/mako_ws/build/mako_py_serial_interface/share/mako_py_serial_interface/hook/pythonpath_develop.dsv'
[2.767s] INFO:colcon.colcon_core.shell:Creating environment hook '/home/karim/mako_robot/mako_ws/build/mako_py_serial_interface/share/mako_py_serial_interface/hook/pythonpath_develop.sh'
[2.771s] Level 1:colcon.colcon_core.environment:checking '/home/karim/mako_robot/mako_ws/install/mako_py_serial_interface' for CMake module files
[2.771s] Level 1:colcon.colcon_core.environment:checking '/home/karim/mako_robot/mako_ws/install/mako_py_serial_interface' for CMake config files
[2.773s] Level 1:colcon.colcon_core.environment:checking '/home/karim/mako_robot/mako_ws/install/mako_py_serial_interface/lib'
[2.773s] Level 1:colcon.colcon_core.environment:checking '/home/karim/mako_robot/mako_ws/install/mako_py_serial_interface/bin'
[2.773s] Level 1:colcon.colcon_core.environment:checking '/home/karim/mako_robot/mako_ws/install/mako_py_serial_interface/lib/pkgconfig/mako_py_serial_interface.pc'
[2.773s] Level 1:colcon.colcon_core.environment:checking '/home/karim/mako_robot/mako_ws/install/mako_py_serial_interface/lib/python3.8/site-packages'
[2.773s] Level 1:colcon.colcon_core.shell:create_environment_hook('mako_py_serial_interface', 'pythonpath')
[2.774s] INFO:colcon.colcon_core.shell:Creating environment hook '/home/karim/mako_robot/mako_ws/install/mako_py_serial_interface/share/mako_py_serial_interface/hook/pythonpath.ps1'
[2.775s] INFO:colcon.colcon_core.shell:Creating environment descriptor '/home/karim/mako_robot/mako_ws/install/mako_py_serial_interface/share/mako_py_serial_interface/hook/pythonpath.dsv'
[2.776s] INFO:colcon.colcon_core.shell:Creating environment hook '/home/karim/mako_robot/mako_ws/install/mako_py_serial_interface/share/mako_py_serial_interface/hook/pythonpath.sh'
[2.777s] Level 1:colcon.colcon_core.environment:create_environment_scripts_only(mako_py_serial_interface)
[2.778s] INFO:colcon.colcon_core.shell:Creating package script '/home/karim/mako_robot/mako_ws/install/mako_py_serial_interface/share/mako_py_serial_interface/package.ps1'
[2.779s] INFO:colcon.colcon_core.shell:Creating package descriptor '/home/karim/mako_robot/mako_ws/install/mako_py_serial_interface/share/mako_py_serial_interface/package.dsv'
[2.780s] INFO:colcon.colcon_core.shell:Creating package script '/home/karim/mako_robot/mako_ws/install/mako_py_serial_interface/share/mako_py_serial_interface/package.sh'
[2.781s] INFO:colcon.colcon_core.shell:Creating package script '/home/karim/mako_robot/mako_ws/install/mako_py_serial_interface/share/mako_py_serial_interface/package.bash'
[2.782s] INFO:colcon.colcon_core.shell:Creating package script '/home/karim/mako_robot/mako_ws/install/mako_py_serial_interface/share/mako_py_serial_interface/package.zsh'
[2.783s] Level 1:colcon.colcon_core.environment:create_file_with_runtime_dependencies(/home/karim/mako_robot/mako_ws/install/mako_py_serial_interface/share/colcon-core/packages/mako_py_serial_interface)
[2.783s] Level 1:colcon.colcon_core.shell:create_environment_hook('mako_py_brain', 'pythonpath_develop')
[2.785s] INFO:colcon.colcon_core.shell:Creating environment hook '/home/karim/mako_robot/mako_ws/build/mako_py_brain/share/mako_py_brain/hook/pythonpath_develop.ps1'
[2.785s] INFO:colcon.colcon_core.shell:Creating environment descriptor '/home/karim/mako_robot/mako_ws/build/mako_py_brain/share/mako_py_brain/hook/pythonpath_develop.dsv'
[2.786s] INFO:colcon.colcon_core.shell:Creating environment hook '/home/karim/mako_robot/mako_ws/build/mako_py_brain/share/mako_py_brain/hook/pythonpath_develop.sh'
[2.788s] Level 1:colcon.colcon_core.environment:checking '/home/karim/mako_robot/mako_ws/install/mako_py_brain' for CMake module files
[2.789s] Level 1:colcon.colcon_core.environment:checking '/home/karim/mako_robot/mako_ws/install/mako_py_brain' for CMake config files
[2.789s] Level 1:colcon.colcon_core.environment:checking '/home/karim/mako_robot/mako_ws/install/mako_py_brain/lib'
[2.789s] Level 1:colcon.colcon_core.environment:checking '/home/karim/mako_robot/mako_ws/install/mako_py_brain/bin'
[2.789s] Level 1:colcon.colcon_core.environment:checking '/home/karim/mako_robot/mako_ws/install/mako_py_brain/lib/pkgconfig/mako_py_brain.pc'
[2.790s] Level 1:colcon.colcon_core.environment:checking '/home/karim/mako_robot/mako_ws/install/mako_py_brain/lib/python3.8/site-packages'
[2.790s] Level 1:colcon.colcon_core.shell:create_environment_hook('mako_py_brain', 'pythonpath')
[2.790s] INFO:colcon.colcon_core.shell:Creating environment hook '/home/karim/mako_robot/mako_ws/install/mako_py_brain/share/mako_py_brain/hook/pythonpath.ps1'
[2.793s] DEBUG:colcon.colcon_core.event_handler.log_command:Invoked command in '/home/karim/mako_robot/mako_ws/build/mako_py_brain' returned '0': PYTHONPATH=/home/karim/mako_robot/mako_ws/install/mako_py_brain/lib/python3.8/site-packages:${PYTHONPATH} /usr/bin/python3 setup.py develop --prefix /home/karim/mako_robot/mako_ws/install/mako_py_brain --editable --build-directory /home/karim/mako_robot/mako_ws/build/mako_py_brain/build --no-deps install_data --install-dir /home/karim/mako_robot/mako_ws/install/mako_py_brain
[2.794s] INFO:colcon.colcon_core.shell:Creating environment descriptor '/home/karim/mako_robot/mako_ws/install/mako_py_brain/share/mako_py_brain/hook/pythonpath.dsv'
[2.795s] INFO:colcon.colcon_core.shell:Creating environment hook '/home/karim/mako_robot/mako_ws/install/mako_py_brain/share/mako_py_brain/hook/pythonpath.sh'
[2.795s] Level 1:colcon.colcon_core.environment:create_environment_scripts_only(mako_py_brain)
[2.797s] INFO:colcon.colcon_core.shell:Creating package script '/home/karim/mako_robot/mako_ws/install/mako_py_brain/share/mako_py_brain/package.ps1'
[2.798s] INFO:colcon.colcon_core.shell:Creating package descriptor '/home/karim/mako_robot/mako_ws/install/mako_py_brain/share/mako_py_brain/package.dsv'
[2.806s] INFO:colcon.colcon_core.shell:Creating package script '/home/karim/mako_robot/mako_ws/install/mako_py_brain/share/mako_py_brain/package.sh'
[2.807s] INFO:colcon.colcon_core.shell:Creating package script '/home/karim/mako_robot/mako_ws/install/mako_py_brain/share/mako_py_brain/package.bash'
[2.808s] INFO:colcon.colcon_core.shell:Creating package script '/home/karim/mako_robot/mako_ws/install/mako_py_brain/share/mako_py_brain/package.zsh'
[2.809s] Level 1:colcon.colcon_core.environment:create_file_with_runtime_dependencies(/home/karim/mako_robot/mako_ws/install/mako_py_brain/share/colcon-core/packages/mako_py_brain)
[2.917s] DEBUG:colcon.colcon_core.event_handler.log_command:Invoking command in '/home/karim/mako_robot/mako_ws/build/rplidar_ros': CMAKE_PREFIX_PATH=${CMAKE_PREFIX_PATH}:/home/karim/project_ws/install/ros_project_pkg_py_robot_driver:/home/karim/project_ws/install/dev_test_tools:/home/karim/ros2_ws/install/my_py_pkg:/home/karim/mako_robot/mako_ws/install/mako_py_serial_interface:/home/karim/mako_robot/mako_ws/install/mako_py_feedback_actuators:/home/karim/mako_robot/mako_ws/install/mako_py_brain:/home/karim/mako_robot/mako_ws/install/dev_test_tools:/opt/ros/foxy /usr/bin/cmake --install /home/karim/mako_robot/mako_ws/build/rplidar_ros
[2.994s] Level 1:colcon.colcon_core.environment:create_environment_scripts_only(rplidar_ros)
[2.996s] Level 1:colcon.colcon_core.environment:checking '/home/karim/mako_robot/mako_ws/install/rplidar_ros' for CMake module files
[3.028s] DEBUG:colcon.colcon_core.event_handler.log_command:Invoked command in '/home/karim/mako_robot/mako_ws/build/rplidar_ros' returned '0': CMAKE_PREFIX_PATH=${CMAKE_PREFIX_PATH}:/home/karim/project_ws/install/ros_project_pkg_py_robot_driver:/home/karim/project_ws/install/dev_test_tools:/home/karim/ros2_ws/install/my_py_pkg:/home/karim/mako_robot/mako_ws/install/mako_py_serial_interface:/home/karim/mako_robot/mako_ws/install/mako_py_feedback_actuators:/home/karim/mako_robot/mako_ws/install/mako_py_brain:/home/karim/mako_robot/mako_ws/install/dev_test_tools:/opt/ros/foxy /usr/bin/cmake --install /home/karim/mako_robot/mako_ws/build/rplidar_ros
[3.030s] Level 1:colcon.colcon_core.environment:checking '/home/karim/mako_robot/mako_ws/install/rplidar_ros' for CMake config files
[3.030s] Level 1:colcon.colcon_core.shell:create_environment_hook('rplidar_ros', 'cmake_prefix_path')
[3.038s] INFO:colcon.colcon_core.shell:Creating environment hook '/home/karim/mako_robot/mako_ws/install/rplidar_ros/share/rplidar_ros/hook/cmake_prefix_path.ps1'
[3.044s] INFO:colcon.colcon_core.shell:Creating environment descriptor '/home/karim/mako_robot/mako_ws/install/rplidar_ros/share/rplidar_ros/hook/cmake_prefix_path.dsv'
[3.044s] INFO:colcon.colcon_core.shell:Creating environment hook '/home/karim/mako_robot/mako_ws/install/rplidar_ros/share/rplidar_ros/hook/cmake_prefix_path.sh'
[3.046s] Level 1:colcon.colcon_core.environment:checking '/home/karim/mako_robot/mako_ws/install/rplidar_ros/lib'
[3.046s] Level 1:colcon.colcon_core.shell:create_environment_hook('rplidar_ros', 'ld_library_path_lib')
[3.046s] INFO:colcon.colcon_core.shell:Creating environment hook '/home/karim/mako_robot/mako_ws/install/rplidar_ros/share/rplidar_ros/hook/ld_library_path_lib.ps1'
[3.047s] INFO:colcon.colcon_core.shell:Creating environment descriptor '/home/karim/mako_robot/mako_ws/install/rplidar_ros/share/rplidar_ros/hook/ld_library_path_lib.dsv'
[3.048s] INFO:colcon.colcon_core.shell:Creating environment hook '/home/karim/mako_robot/mako_ws/install/rplidar_ros/share/rplidar_ros/hook/ld_library_path_lib.sh'
[3.048s] Level 1:colcon.colcon_core.environment:checking '/home/karim/mako_robot/mako_ws/install/rplidar_ros/bin'
[3.049s] Level 1:colcon.colcon_core.environment:checking '/home/karim/mako_robot/mako_ws/install/rplidar_ros/lib/pkgconfig/rplidar_ros.pc'
[3.049s] Level 1:colcon.colcon_core.environment:checking '/home/karim/mako_robot/mako_ws/install/rplidar_ros/lib/python3.8/site-packages'
[3.050s] INFO:colcon.colcon_core.shell:Creating package script '/home/karim/mako_robot/mako_ws/install/rplidar_ros/share/rplidar_ros/package.ps1'
[3.050s] INFO:colcon.colcon_core.shell:Creating package descriptor '/home/karim/mako_robot/mako_ws/install/rplidar_ros/share/rplidar_ros/package.dsv'
[3.051s] INFO:colcon.colcon_core.shell:Creating package script '/home/karim/mako_robot/mako_ws/install/rplidar_ros/share/rplidar_ros/package.sh'
[3.053s] INFO:colcon.colcon_core.shell:Creating package script '/home/karim/mako_robot/mako_ws/install/rplidar_ros/share/rplidar_ros/package.bash'
[3.053s] INFO:colcon.colcon_core.shell:Creating package script '/home/karim/mako_robot/mako_ws/install/rplidar_ros/share/rplidar_ros/package.zsh'
[3.054s] Level 1:colcon.colcon_core.environment:create_file_with_runtime_dependencies(/home/karim/mako_robot/mako_ws/install/rplidar_ros/share/colcon-core/packages/rplidar_ros)
[3.427s] Level 1:colcon.colcon_core.environment:create_environment_scripts_only(rplidar_ros)
[3.428s] Level 1:colcon.colcon_core.environment:checking '/home/karim/mako_robot/mako_ws/install/rplidar_ros' for CMake module files
[3.429s] Level 1:colcon.colcon_core.environment:checking '/home/karim/mako_robot/mako_ws/install/rplidar_ros' for CMake config files
[3.429s] Level 1:colcon.colcon_core.shell:create_environment_hook('rplidar_ros', 'cmake_prefix_path')
[3.430s] INFO:colcon.colcon_core.shell:Creating environment hook '/home/karim/mako_robot/mako_ws/install/rplidar_ros/share/rplidar_ros/hook/cmake_prefix_path.ps1'
[3.431s] INFO:colcon.colcon_core.shell:Creating environment descriptor '/home/karim/mako_robot/mako_ws/install/rplidar_ros/share/rplidar_ros/hook/cmake_prefix_path.dsv'
[3.431s] INFO:colcon.colcon_core.shell:Creating environment hook '/home/karim/mako_robot/mako_ws/install/rplidar_ros/share/rplidar_ros/hook/cmake_prefix_path.sh'
[3.433s] Level 1:colcon.colcon_core.environment:checking '/home/karim/mako_robot/mako_ws/install/rplidar_ros/lib'
[3.433s] Level 1:colcon.colcon_core.shell:create_environment_hook('rplidar_ros', 'ld_library_path_lib')
[3.433s] INFO:colcon.colcon_core.shell:Creating environment hook '/home/karim/mako_robot/mako_ws/install/rplidar_ros/share/rplidar_ros/hook/ld_library_path_lib.ps1'
[3.434s] INFO:colcon.colcon_core.shell:Creating environment descriptor '/home/karim/mako_robot/mako_ws/install/rplidar_ros/share/rplidar_ros/hook/ld_library_path_lib.dsv'
[3.434s] INFO:colcon.colcon_core.shell:Creating environment hook '/home/karim/mako_robot/mako_ws/install/rplidar_ros/share/rplidar_ros/hook/ld_library_path_lib.sh'
[3.435s] Level 1:colcon.colcon_core.environment:checking '/home/karim/mako_robot/mako_ws/install/rplidar_ros/bin'
[3.435s] Level 1:colcon.colcon_core.environment:checking '/home/karim/mako_robot/mako_ws/install/rplidar_ros/lib/pkgconfig/rplidar_ros.pc'
[3.435s] Level 1:colcon.colcon_core.environment:checking '/home/karim/mako_robot/mako_ws/install/rplidar_ros/lib/python3.8/site-packages'
[3.437s] INFO:colcon.colcon_core.shell:Creating package script '/home/karim/mako_robot/mako_ws/install/rplidar_ros/share/rplidar_ros/package.ps1'
[3.438s] INFO:colcon.colcon_core.shell:Creating package descriptor '/home/karim/mako_robot/mako_ws/install/rplidar_ros/share/rplidar_ros/package.dsv'
[3.439s] INFO:colcon.colcon_core.shell:Creating package script '/home/karim/mako_robot/mako_ws/install/rplidar_ros/share/rplidar_ros/package.sh'
[3.440s] INFO:colcon.colcon_core.shell:Creating package script '/home/karim/mako_robot/mako_ws/install/rplidar_ros/share/rplidar_ros/package.bash'
[3.442s] INFO:colcon.colcon_core.shell:Creating package script '/home/karim/mako_robot/mako_ws/install/rplidar_ros/share/rplidar_ros/package.zsh'
[3.443s] Level 1:colcon.colcon_core.environment:create_file_with_runtime_dependencies(/home/karim/mako_robot/mako_ws/install/rplidar_ros/share/colcon-core/packages/rplidar_ros)
[7.388s] DEBUG:colcon.colcon_core.event_handler.log_command:Invoked command in '/home/karim/mako_robot/mako_ws/build/mako_nolang_interfaces' returned '0': CMAKE_PREFIX_PATH=${CMAKE_PREFIX_PATH}:/home/karim/project_ws/install/ros_project_pkg_py_robot_driver:/home/karim/project_ws/install/dev_test_tools:/home/karim/ros2_ws/install/my_py_pkg:/home/karim/mako_robot/mako_ws/install/mako_py_serial_interface:/home/karim/mako_robot/mako_ws/install/mako_py_feedback_actuators:/home/karim/mako_robot/mako_ws/install/mako_py_brain:/home/karim/mako_robot/mako_ws/install/dev_test_tools:/opt/ros/foxy /usr/bin/cmake --build /home/karim/mako_robot/mako_ws/build/mako_nolang_interfaces -- -j6 -l6
[7.509s] DEBUG:colcon.colcon_core.event_handler.log_command:Invoking command in '/home/karim/mako_robot/mako_ws/build/mako_nolang_interfaces': CMAKE_PREFIX_PATH=${CMAKE_PREFIX_PATH}:/home/karim/project_ws/install/ros_project_pkg_py_robot_driver:/home/karim/project_ws/install/dev_test_tools:/home/karim/ros2_ws/install/my_py_pkg:/home/karim/mako_robot/mako_ws/install/mako_py_serial_interface:/home/karim/mako_robot/mako_ws/install/mako_py_feedback_actuators:/home/karim/mako_robot/mako_ws/install/mako_py_brain:/home/karim/mako_robot/mako_ws/install/dev_test_tools:/opt/ros/foxy /usr/bin/cmake --install /home/karim/mako_robot/mako_ws/build/mako_nolang_interfaces
[8.205s] Level 1:colcon.colcon_core.environment:create_environment_scripts_only(mako_nolang_interfaces)
[8.207s] Level 1:colcon.colcon_core.environment:checking '/home/karim/mako_robot/mako_ws/install/mako_nolang_interfaces' for CMake module files
[8.208s] DEBUG:colcon.colcon_core.event_handler.log_command:Invoked command in '/home/karim/mako_robot/mako_ws/build/mako_nolang_interfaces' returned '0': CMAKE_PREFIX_PATH=${CMAKE_PREFIX_PATH}:/home/karim/project_ws/install/ros_project_pkg_py_robot_driver:/home/karim/project_ws/install/dev_test_tools:/home/karim/ros2_ws/install/my_py_pkg:/home/karim/mako_robot/mako_ws/install/mako_py_serial_interface:/home/karim/mako_robot/mako_ws/install/mako_py_feedback_actuators:/home/karim/mako_robot/mako_ws/install/mako_py_brain:/home/karim/mako_robot/mako_ws/install/dev_test_tools:/opt/ros/foxy /usr/bin/cmake --install /home/karim/mako_robot/mako_ws/build/mako_nolang_interfaces
[8.209s] Level 1:colcon.colcon_core.environment:checking '/home/karim/mako_robot/mako_ws/install/mako_nolang_interfaces' for CMake config files
[8.209s] Level 1:colcon.colcon_core.shell:create_environment_hook('mako_nolang_interfaces', 'cmake_prefix_path')
[8.210s] INFO:colcon.colcon_core.shell:Creating environment hook '/home/karim/mako_robot/mako_ws/install/mako_nolang_interfaces/share/mako_nolang_interfaces/hook/cmake_prefix_path.ps1'
[8.211s] INFO:colcon.colcon_core.shell:Creating environment descriptor '/home/karim/mako_robot/mako_ws/install/mako_nolang_interfaces/share/mako_nolang_interfaces/hook/cmake_prefix_path.dsv'
[8.213s] INFO:colcon.colcon_core.shell:Creating environment hook '/home/karim/mako_robot/mako_ws/install/mako_nolang_interfaces/share/mako_nolang_interfaces/hook/cmake_prefix_path.sh'
[8.221s] Level 1:colcon.colcon_core.environment:checking '/home/karim/mako_robot/mako_ws/install/mako_nolang_interfaces/lib'
[8.221s] Level 1:colcon.colcon_core.shell:create_environment_hook('mako_nolang_interfaces', 'ld_library_path_lib')
[8.221s] INFO:colcon.colcon_core.shell:Creating environment hook '/home/karim/mako_robot/mako_ws/install/mako_nolang_interfaces/share/mako_nolang_interfaces/hook/ld_library_path_lib.ps1'
[8.222s] INFO:colcon.colcon_core.shell:Creating environment descriptor '/home/karim/mako_robot/mako_ws/install/mako_nolang_interfaces/share/mako_nolang_interfaces/hook/ld_library_path_lib.dsv'
[8.222s] INFO:colcon.colcon_core.shell:Creating environment hook '/home/karim/mako_robot/mako_ws/install/mako_nolang_interfaces/share/mako_nolang_interfaces/hook/ld_library_path_lib.sh'
[8.236s] Level 1:colcon.colcon_core.environment:checking '/home/karim/mako_robot/mako_ws/install/mako_nolang_interfaces/bin'
[8.236s] Level 1:colcon.colcon_core.environment:checking '/home/karim/mako_robot/mako_ws/install/mako_nolang_interfaces/lib/pkgconfig/mako_nolang_interfaces.pc'
[8.236s] Level 1:colcon.colcon_core.environment:checking '/home/karim/mako_robot/mako_ws/install/mako_nolang_interfaces/lib/python3.8/site-packages'
[8.236s] Level 1:colcon.colcon_core.shell:create_environment_hook('mako_nolang_interfaces', 'pythonpath')
[8.238s] INFO:colcon.colcon_core.shell:Creating environment hook '/home/karim/mako_robot/mako_ws/install/mako_nolang_interfaces/share/mako_nolang_interfaces/hook/pythonpath.ps1'
[8.239s] INFO:colcon.colcon_core.shell:Creating environment descriptor '/home/karim/mako_robot/mako_ws/install/mako_nolang_interfaces/share/mako_nolang_interfaces/hook/pythonpath.dsv'
[8.242s] INFO:colcon.colcon_core.shell:Creating environment hook '/home/karim/mako_robot/mako_ws/install/mako_nolang_interfaces/share/mako_nolang_interfaces/hook/pythonpath.sh'
[8.256s] INFO:colcon.colcon_core.shell:Creating package script '/home/karim/mako_robot/mako_ws/install/mako_nolang_interfaces/share/mako_nolang_interfaces/package.ps1'
[8.257s] INFO:colcon.colcon_core.shell:Creating package descriptor '/home/karim/mako_robot/mako_ws/install/mako_nolang_interfaces/share/mako_nolang_interfaces/package.dsv'
[8.258s] INFO:colcon.colcon_core.shell:Creating package script '/home/karim/mako_robot/mako_ws/install/mako_nolang_interfaces/share/mako_nolang_interfaces/package.sh'
[8.258s] INFO:colcon.colcon_core.shell:Creating package script '/home/karim/mako_robot/mako_ws/install/mako_nolang_interfaces/share/mako_nolang_interfaces/package.bash'
[8.260s] INFO:colcon.colcon_core.shell:Creating package script '/home/karim/mako_robot/mako_ws/install/mako_nolang_interfaces/share/mako_nolang_interfaces/package.zsh'
[8.261s] Level 1:colcon.colcon_core.environment:create_file_with_runtime_dependencies(/home/karim/mako_robot/mako_ws/install/mako_nolang_interfaces/share/colcon-core/packages/mako_nolang_interfaces)
[8.384s] Level 1:colcon.colcon_core.environment:create_environment_scripts_only(mako_nolang_interfaces)
[8.386s] Level 1:colcon.colcon_core.environment:checking '/home/karim/mako_robot/mako_ws/install/mako_nolang_interfaces' for CMake module files
[8.386s] Level 1:colcon.colcon_core.environment:checking '/home/karim/mako_robot/mako_ws/install/mako_nolang_interfaces' for CMake config files
[8.387s] Level 1:colcon.colcon_core.shell:create_environment_hook('mako_nolang_interfaces', 'cmake_prefix_path')
[8.388s] INFO:colcon.colcon_core.shell:Creating environment hook '/home/karim/mako_robot/mako_ws/install/mako_nolang_interfaces/share/mako_nolang_interfaces/hook/cmake_prefix_path.ps1'
[8.389s] INFO:colcon.colcon_core.shell:Creating environment descriptor '/home/karim/mako_robot/mako_ws/install/mako_nolang_interfaces/share/mako_nolang_interfaces/hook/cmake_prefix_path.dsv'
[8.390s] INFO:colcon.colcon_core.shell:Creating environment hook '/home/karim/mako_robot/mako_ws/install/mako_nolang_interfaces/share/mako_nolang_interfaces/hook/cmake_prefix_path.sh'
[8.391s] Level 1:colcon.colcon_core.environment:checking '/home/karim/mako_robot/mako_ws/install/mako_nolang_interfaces/lib'
[8.395s] Level 1:colcon.colcon_core.shell:create_environment_hook('mako_nolang_interfaces', 'ld_library_path_lib')
[8.396s] INFO:colcon.colcon_core.shell:Creating environment hook '/home/karim/mako_robot/mako_ws/install/mako_nolang_interfaces/share/mako_nolang_interfaces/hook/ld_library_path_lib.ps1'
[8.397s] INFO:colcon.colcon_core.shell:Creating environment descriptor '/home/karim/mako_robot/mako_ws/install/mako_nolang_interfaces/share/mako_nolang_interfaces/hook/ld_library_path_lib.dsv'
[8.397s] INFO:colcon.colcon_core.shell:Creating environment hook '/home/karim/mako_robot/mako_ws/install/mako_nolang_interfaces/share/mako_nolang_interfaces/hook/ld_library_path_lib.sh'
[8.398s] Level 1:colcon.colcon_core.environment:checking '/home/karim/mako_robot/mako_ws/install/mako_nolang_interfaces/bin'
[8.398s] Level 1:colcon.colcon_core.environment:checking '/home/karim/mako_robot/mako_ws/install/mako_nolang_interfaces/lib/pkgconfig/mako_nolang_interfaces.pc'
[8.399s] Level 1:colcon.colcon_core.environment:checking '/home/karim/mako_robot/mako_ws/install/mako_nolang_interfaces/lib/python3.8/site-packages'
[8.399s] Level 1:colcon.colcon_core.shell:create_environment_hook('mako_nolang_interfaces', 'pythonpath')
[8.399s] INFO:colcon.colcon_core.shell:Creating environment hook '/home/karim/mako_robot/mako_ws/install/mako_nolang_interfaces/share/mako_nolang_interfaces/hook/pythonpath.ps1'
[8.400s] INFO:colcon.colcon_core.shell:Creating environment descriptor '/home/karim/mako_robot/mako_ws/install/mako_nolang_interfaces/share/mako_nolang_interfaces/hook/pythonpath.dsv'
[8.400s] INFO:colcon.colcon_core.shell:Creating environment hook '/home/karim/mako_robot/mako_ws/install/mako_nolang_interfaces/share/mako_nolang_interfaces/hook/pythonpath.sh'
[8.402s] INFO:colcon.colcon_core.shell:Creating package script '/home/karim/mako_robot/mako_ws/install/mako_nolang_interfaces/share/mako_nolang_interfaces/package.ps1'
[8.403s] INFO:colcon.colcon_core.shell:Creating package descriptor '/home/karim/mako_robot/mako_ws/install/mako_nolang_interfaces/share/mako_nolang_interfaces/package.dsv'
[8.403s] INFO:colcon.colcon_core.shell:Creating package script '/home/karim/mako_robot/mako_ws/install/mako_nolang_interfaces/share/mako_nolang_interfaces/package.sh'
[8.404s] INFO:colcon.colcon_core.shell:Creating package script '/home/karim/mako_robot/mako_ws/install/mako_nolang_interfaces/share/mako_nolang_interfaces/package.bash'
[8.405s] INFO:colcon.colcon_core.shell:Creating package script '/home/karim/mako_robot/mako_ws/install/mako_nolang_interfaces/share/mako_nolang_interfaces/package.zsh'
[8.406s] Level 1:colcon.colcon_core.environment:create_file_with_runtime_dependencies(/home/karim/mako_robot/mako_ws/install/mako_nolang_interfaces/share/colcon-core/packages/mako_nolang_interfaces)
[8.407s] DEBUG:colcon.colcon_parallel_executor.executor.parallel:closing loop
[8.407s] DEBUG:colcon.colcon_parallel_executor.executor.parallel:loop closed
[8.407s] DEBUG:colcon.colcon_parallel_executor.executor.parallel:run_until_complete finished with '0'
[8.410s] DEBUG:colcon.colcon_core.event_reactor:joining thread
[8.432s] INFO:colcon.colcon_core.plugin_system:Skipping extension 'colcon_notification.desktop_notification.terminal_notifier': Not used on non-Darwin systems
[8.432s] INFO:colcon.colcon_core.plugin_system:Skipping extension 'colcon_notification.desktop_notification.win32': Not used on non-Windows systems
[8.432s] INFO:colcon.colcon_notification.desktop_notification:Sending desktop notification using 'notify2'
[8.490s] DEBUG:colcon.colcon_core.event_reactor:joined thread
[8.491s] INFO:colcon.colcon_core.shell:Creating prefix script '/home/karim/mako_robot/mako_ws/install/local_setup.ps1'
[8.492s] INFO:colcon.colcon_core.shell:Creating prefix util module '/home/karim/mako_robot/mako_ws/install/_local_setup_util_ps1.py'
[8.495s] INFO:colcon.colcon_core.shell:Creating prefix chain script '/home/karim/mako_robot/mako_ws/install/setup.ps1'
[8.499s] INFO:colcon.colcon_core.shell:Creating prefix script '/home/karim/mako_robot/mako_ws/install/local_setup.sh'
[8.499s] INFO:colcon.colcon_core.shell:Creating prefix util module '/home/karim/mako_robot/mako_ws/install/_local_setup_util_sh.py'
[8.500s] INFO:colcon.colcon_core.shell:Creating prefix chain script '/home/karim/mako_robot/mako_ws/install/setup.sh'
[8.504s] INFO:colcon.colcon_core.shell:Creating prefix script '/home/karim/mako_robot/mako_ws/install/local_setup.bash'
[8.505s] INFO:colcon.colcon_core.shell:Creating prefix chain script '/home/karim/mako_robot/mako_ws/install/setup.bash'
[8.510s] INFO:colcon.colcon_core.shell:Creating prefix script '/home/karim/mako_robot/mako_ws/install/local_setup.zsh'
[8.511s] INFO:colcon.colcon_core.shell:Creating prefix chain script '/home/karim/mako_robot/mako_ws/install/setup.zsh'
