[1.197s] Invoking command in '/home/ubuntu/mako_robot/mako_ws/build/rplidar_ros': CMAKE_PREFIX_PATH=${CMAKE_PREFIX_PATH}:/opt/ros/foxy /usr/bin/cmake /home/ubuntu/mako_robot/mako_ws/src/lidar_ros2 -DCMAKE_INSTALL_PREFIX=/home/ubuntu/mako_robot/mako_ws/install/rplidar_ros
[1.500s] -- The C compiler identification is GNU 9.3.0
[1.767s] -- The CXX compiler identification is GNU 9.3.0
[1.790s] -- Check for working C compiler: /usr/bin/cc
[4.075s] -- Check for working C compiler: /usr/bin/cc -- works
[4.078s] -- Detecting C compiler ABI info
[4.440s] -- Detecting C compiler ABI info - done
[4.485s] -- Detecting C compile features
[4.486s] -- Detecting C compile features - done
[4.496s] -- Check for working CXX compiler: /usr/bin/c++
[4.871s] -- Check for working CXX compiler: /usr/bin/c++ -- works
[4.875s] -- Detecting CXX compiler ABI info
[5.245s] -- Detecting CXX compiler ABI info - done
[5.294s] -- Detecting CXX compile features
[5.296s] -- Detecting CXX compile features - done
[5.318s] -- Found ament_cmake_auto: 0.9.8 (/opt/ros/foxy/share/ament_cmake_auto/cmake)
[5.490s] -- Found PythonInterp: /usr/bin/python3 (found suitable version "3.8.5", minimum required is "3") 
[5.491s] -- Using PYTHON_EXECUTABLE: /usr/bin/python3
[6.668s] -- Found ament_cmake_ros: 0.9.1 (/opt/ros/foxy/share/ament_cmake_ros/cmake)
[7.420s] -- Using all available rosidl_typesupport_c: rosidl_typesupport_fastrtps_c;rosidl_typesupport_introspection_c
[7.493s] -- Found rosidl_adapter: 1.2.0 (/opt/ros/foxy/share/rosidl_adapter/cmake)
[8.173s] -- Found OpenSSL: /usr/lib/aarch64-linux-gnu/libcrypto.so (found version "1.1.1f")  
[8.459s] -- Found FastRTPS: /opt/ros/foxy/include  
[9.155s] -- Using all available rosidl_typesupport_cpp: rosidl_typesupport_fastrtps_cpp;rosidl_typesupport_introspection_cpp
[9.478s] -- Found rmw_implementation_cmake: 1.0.2 (/opt/ros/foxy/share/rmw_implementation_cmake/cmake)
[9.484s] -- Using RMW implementation 'rmw_fastrtps_cpp' as default
[9.488s] -- Looking for pthread.h
[9.835s] -- Looking for pthread.h - found
[9.836s] -- Performing Test CMAKE_HAVE_LIBC_PTHREAD
[10.196s] -- Performing Test CMAKE_HAVE_LIBC_PTHREAD - Failed
[10.197s] -- Looking for pthread_create in pthreads
[10.481s] -- Looking for pthread_create in pthreads - not found
[10.482s] -- Looking for pthread_create in pthread
[10.826s] -- Looking for pthread_create in pthread - found
[10.830s] -- Found Threads: TRUE  
[12.550s] -- Configuring done
[12.682s] -- Generating done
[12.690s] -- Build files have been written to: /home/ubuntu/mako_robot/mako_ws/build/rplidar_ros
[12.728s] Invoked command in '/home/ubuntu/mako_robot/mako_ws/build/rplidar_ros' returned '0': CMAKE_PREFIX_PATH=${CMAKE_PREFIX_PATH}:/opt/ros/foxy /usr/bin/cmake /home/ubuntu/mako_robot/mako_ws/src/lidar_ros2 -DCMAKE_INSTALL_PREFIX=/home/ubuntu/mako_robot/mako_ws/install/rplidar_ros
[12.739s] Invoking command in '/home/ubuntu/mako_robot/mako_ws/build/rplidar_ros': CMAKE_PREFIX_PATH=${CMAKE_PREFIX_PATH}:/opt/ros/foxy /usr/bin/cmake --build /home/ubuntu/mako_robot/mako_ws/build/rplidar_ros -- -j4 -l4
[12.942s] [35m[1mScanning dependencies of target rplidar_composition_node[0m
[12.942s] [35m[1mScanning dependencies of target rplidarNodeClient[0m
[12.945s] [35m[1mScanning dependencies of target rplidarNode[0m
[13.393s] [  5%] [32mBuilding CXX object CMakeFiles/rplidarNodeClient.dir/src/client.cpp.o[0m
[13.396s] [ 11%] [32mBuilding CXX object CMakeFiles/rplidar_composition_node.dir/src/rplidar_node.cpp.o[0m
[13.401s] [ 16%] [32mBuilding CXX object CMakeFiles/rplidarNode.dir/src/node.cpp.o[0m
[13.423s] [ 22%] [32mBuilding CXX object CMakeFiles/rplidarNode.dir/sdk/src/arch/linux/net_serial.cpp.o[0m
[14.319s] [01m[K/home/ubuntu/mako_robot/mako_ws/src/lidar_ros2/src/node.cpp:51:[m[K [01;35m[Kwarning: [m[K"M_PI" redefined
[14.320s]    51 | #define M_PI 3.1415926535897932384626433832795
[14.321s]       | 
[14.324s] In file included from [01m[K/usr/include/c++/9/cmath:45[m[K,
[14.325s]                  from [01m[K/opt/ros/foxy/include/libstatistics_collector/moving_average_statistics/types.hpp:18[m[K,
[14.326s]                  from [01m[K/opt/ros/foxy/include/libstatistics_collector/collector/generate_statistics_message.hpp:24[m[K,
[14.327s]                  from [01m[K/opt/ros/foxy/include/rclcpp/topic_statistics/subscription_topic_statistics.hpp:23[m[K,
[14.331s]                  from [01m[K/opt/ros/foxy/include/rclcpp/subscription.hpp:50[m[K,
[14.332s]                  from [01m[K/opt/ros/foxy/include/rclcpp/any_executable.hpp:25[m[K,
[14.333s]                  from [01m[K/opt/ros/foxy/include/rclcpp/memory_strategy.hpp:24[m[K,
[14.333s]                  from [01m[K/opt/ros/foxy/include/rclcpp/memory_strategies.hpp:18[m[K,
[14.334s]                  from [01m[K/opt/ros/foxy/include/rclcpp/executor_options.hpp:20[m[K,
[14.335s]                  from [01m[K/opt/ros/foxy/include/rclcpp/executor.hpp:33[m[K,
[14.335s]                  from [01m[K/opt/ros/foxy/include/rclcpp/executors/multi_threaded_executor.hpp:25[m[K,
[14.336s]                  from [01m[K/opt/ros/foxy/include/rclcpp/executors.hpp:21[m[K,
[14.348s]                  from [01m[K/opt/ros/foxy/include/rclcpp/rclcpp.hpp:146[m[K,
[14.349s]                  from [01m[K/home/ubuntu/mako_robot/mako_ws/src/lidar_ros2/src/node.cpp:36[m[K:
[14.350s] [01m[K/usr/include/math.h:1070:[m[K [01;36m[Knote: [m[Kthis is the location of the previous definition
[14.351s]  1070 | # define M_PI  3.14159265358979323846 /* pi */
[14.352s]       | 
[14.353s] [01m[K/home/ubuntu/mako_robot/mako_ws/src/lidar_ros2/src/client.cpp:43:[m[K [01;35m[Kwarning: [m[K"M_PI" redefined
[14.353s]    43 | #define M_PI 3.1415926535897932384626433832795
[14.354s]       | 
[14.355s] In file included from [01m[K/usr/include/c++/9/cmath:45[m[K,
[14.357s]                  from [01m[K/opt/ros/foxy/include/libstatistics_collector/moving_average_statistics/types.hpp:18[m[K,
[14.375s]                  from [01m[K/opt/ros/foxy/include/libstatistics_collector/collector/generate_statistics_message.hpp:24[m[K,
[14.376s]                  from [01m[K/opt/ros/foxy/include/rclcpp/topic_statistics/subscription_topic_statistics.hpp:23[m[K,
[14.376s]                  from [01m[K/opt/ros/foxy/include/rclcpp/subscription.hpp:50[m[K,
[14.377s]                  from [01m[K/opt/ros/foxy/include/rclcpp/any_executable.hpp:25[m[K,
[14.378s]                  from [01m[K/opt/ros/foxy/include/rclcpp/memory_strategy.hpp:24[m[K,
[14.378s]                  from [01m[K/opt/ros/foxy/include/rclcpp/memory_strategies.hpp:18[m[K,
[14.379s]                  from [01m[K/opt/ros/foxy/include/rclcpp/executor_options.hpp:20[m[K,
[14.380s]                  from [01m[K/opt/ros/foxy/include/rclcpp/executor.hpp:33[m[K,
[14.381s]                  from [01m[K/opt/ros/foxy/include/rclcpp/executors/multi_threaded_executor.hpp:25[m[K,
[14.381s]                  from [01m[K/opt/ros/foxy/include/rclcpp/executors.hpp:21[m[K,
[14.382s]                  from [01m[K/opt/ros/foxy/include/rclcpp/rclcpp.hpp:146[m[K,
[14.383s]                  from [01m[K/home/ubuntu/mako_robot/mako_ws/src/lidar_ros2/src/client.cpp:38[m[K:
[14.396s] [01m[K/usr/include/math.h:1070:[m[K [01;36m[Knote: [m[Kthis is the location of the previous definition
[14.399s]  1070 | # define M_PI  3.14159265358979323846 /* pi */
[14.401s]       | 
[14.401s] [01m[K/home/ubuntu/mako_robot/mako_ws/src/lidar_ros2/src/node.cpp:231:14:[m[K [01;35m[Kwarning: [m[Kinvalid suffix on literal; C++11 requires a space between literal and string macro [[01;35m[K-Wliteral-suffix[m[K]
[14.402s]   231 |     ROS_INFO([01;35m[K"[m[KRPLIDAR running on ROS package rplidar_ros. SDK Version:"RPLIDAR_SDK_VERSION"");
[14.408s]       |              [01;35m[K^[m[K
[14.409s] In file included from [01m[K/home/ubuntu/mako_robot/mako_ws/src/lidar_ros2/src/rplidar_node.cpp:36[m[K:
[14.410s] [01m[K/home/ubuntu/mako_robot/mako_ws/src/lidar_ros2/include/rplidar_node.hpp:50:[m[K [01;35m[Kwarning: [m[K"M_PI" redefined
[14.429s]    50 | #define M_PI 3.1415926535897932384626433832795
[14.430s]       | 
[14.431s] In file included from [01m[K/usr/include/c++/9/cmath:45[m[K,
[14.432s]                  from [01m[K/opt/ros/foxy/include/libstatistics_collector/moving_average_statistics/types.hpp:18[m[K,
[14.433s]                  from [01m[K/opt/ros/foxy/include/libstatistics_collector/collector/generate_statistics_message.hpp:24[m[K,
[14.433s]                  from [01m[K/opt/ros/foxy/include/rclcpp/topic_statistics/subscription_topic_statistics.hpp:23[m[K,
[14.434s]                  from [01m[K/opt/ros/foxy/include/rclcpp/subscription.hpp:50[m[K,
[14.435s]                  from [01m[K/opt/ros/foxy/include/rclcpp/any_executable.hpp:25[m[K,
[14.436s]                  from [01m[K/opt/ros/foxy/include/rclcpp/memory_strategy.hpp:24[m[K,
[14.436s]                  from [01m[K/opt/ros/foxy/include/rclcpp/memory_strategies.hpp:18[m[K,
[14.437s]                  from [01m[K/opt/ros/foxy/include/rclcpp/executor_options.hpp:20[m[K,
[14.438s]                  from [01m[K/opt/ros/foxy/include/rclcpp/executor.hpp:33[m[K,
[14.451s]                  from [01m[K/opt/ros/foxy/include/rclcpp/executors/multi_threaded_executor.hpp:25[m[K,
[14.452s]                  from [01m[K/opt/ros/foxy/include/rclcpp/executors.hpp:21[m[K,
[14.453s]                  from [01m[K/opt/ros/foxy/include/rclcpp/rclcpp.hpp:146[m[K,
[14.454s]                  from [01m[K/home/ubuntu/mako_robot/mako_ws/src/lidar_ros2/include/rplidar_node.hpp:34[m[K,
[14.455s]                  from [01m[K/home/ubuntu/mako_robot/mako_ws/src/lidar_ros2/src/rplidar_node.cpp:36[m[K:
[14.455s] [01m[K/usr/include/math.h:1070:[m[K [01;36m[Knote: [m[Kthis is the location of the previous definition
[14.457s]  1070 | # define M_PI  3.14159265358979323846 /* pi */
[14.458s]       | 
[17.095s] [01m[K/home/ubuntu/mako_robot/mako_ws/src/lidar_ros2/sdk/src/arch/linux/net_serial.cpp:[m[K In member function ‘[01m[Kbool rp::arch::net::raw_serial::open(const char*, uint32_t, uint32_t)[m[K’:
[17.097s] [01m[K/home/ubuntu/mako_robot/mako_ws/src/lidar_ros2/sdk/src/arch/linux/net_serial.cpp:97:74:[m[K [01;35m[Kwarning: [m[Kunused parameter ‘[01m[Kflags[m[K’ [[01;35m[K-Wunused-parameter[m[K]
[17.098s]    97 | bool raw_serial::open(const char * portname, uint32_t baudrate, [01;35m[Kuint32_t flags[m[K)
[17.098s]       |                                                                 [01;35m[K~~~~~~~~~^~~~~[m[K
[17.100s] [01m[K/home/ubuntu/mako_robot/mako_ws/src/lidar_ros2/sdk/src/arch/linux/net_serial.cpp:[m[K In member function ‘[01m[Kvirtual void rp::arch::net::raw_serial::flush(_u32)[m[K’:
[17.102s] [01m[K/home/ubuntu/mako_robot/mako_ws/src/lidar_ros2/sdk/src/arch/linux/net_serial.cpp:281:30:[m[K [01;35m[Kwarning: [m[Kunused parameter ‘[01m[Kflags[m[K’ [[01;35m[K-Wunused-parameter[m[K]
[17.113s]   281 | void raw_serial::flush( [01;35m[K_u32 flags[m[K)
[17.114s]       |                         [01;35m[K~~~~~^~~~~[m[K
[17.115s] [01m[K/home/ubuntu/mako_robot/mako_ws/src/lidar_ros2/sdk/src/arch/linux/net_serial.cpp:[m[K In member function ‘[01m[Kvirtual int rp::arch::net::raw_serial::waitforsent(_u32, size_t*)[m[K’:
[17.116s] [01m[K/home/ubuntu/mako_robot/mako_ws/src/lidar_ros2/sdk/src/arch/linux/net_serial.cpp:286:34:[m[K [01;35m[Kwarning: [m[Kunused parameter ‘[01m[Ktimeout[m[K’ [[01;35m[K-Wunused-parameter[m[K]
[17.117s]   286 | int raw_serial::waitforsent([01;35m[K_u32 timeout[m[K, size_t * returned_size)
[17.118s]       |                             [01;35m[K~~~~~^~~~~~~[m[K
[17.119s] [01m[K/home/ubuntu/mako_robot/mako_ws/src/lidar_ros2/sdk/src/arch/linux/net_serial.cpp:[m[K In member function ‘[01m[Kvirtual int rp::arch::net::raw_serial::waitforrecv(_u32, size_t*)[m[K’:
[17.120s] [01m[K/home/ubuntu/mako_robot/mako_ws/src/lidar_ros2/sdk/src/arch/linux/net_serial.cpp:292:34:[m[K [01;35m[Kwarning: [m[Kunused parameter ‘[01m[Ktimeout[m[K’ [[01;35m[K-Wunused-parameter[m[K]
[17.121s]   292 | int raw_serial::waitforrecv([01;35m[K_u32 timeout[m[K, size_t * returned_size)
[17.122s]       |                             [01;35m[K~~~~~^~~~~~~[m[K
[17.946s] [ 27%] [32mBuilding CXX object CMakeFiles/rplidar_composition_node.dir/sdk/src/arch/linux/net_serial.cpp.o[0m
[21.565s] [01m[K/home/ubuntu/mako_robot/mako_ws/src/lidar_ros2/sdk/src/arch/linux/net_serial.cpp:[m[K In member function ‘[01m[Kbool rp::arch::net::raw_serial::open(const char*, uint32_t, uint32_t)[m[K’:
[21.566s] [01m[K/home/ubuntu/mako_robot/mako_ws/src/lidar_ros2/sdk/src/arch/linux/net_serial.cpp:97:74:[m[K [01;35m[Kwarning: [m[Kunused parameter ‘[01m[Kflags[m[K’ [[01;35m[K-Wunused-parameter[m[K]
[21.567s]    97 | bool raw_serial::open(const char * portname, uint32_t baudrate, [01;35m[Kuint32_t flags[m[K)
[21.568s]       |                                                                 [01;35m[K~~~~~~~~~^~~~~[m[K
[21.570s] [01m[K/home/ubuntu/mako_robot/mako_ws/src/lidar_ros2/sdk/src/arch/linux/net_serial.cpp:[m[K In member function ‘[01m[Kvirtual void rp::arch::net::raw_serial::flush(_u32)[m[K’:
[21.572s] [01m[K/home/ubuntu/mako_robot/mako_ws/src/lidar_ros2/sdk/src/arch/linux/net_serial.cpp:281:30:[m[K [01;35m[Kwarning: [m[Kunused parameter ‘[01m[Kflags[m[K’ [[01;35m[K-Wunused-parameter[m[K]
[21.573s]   281 | void raw_serial::flush( [01;35m[K_u32 flags[m[K)
[21.574s]       |                         [01;35m[K~~~~~^~~~~[m[K
[21.575s] [01m[K/home/ubuntu/mako_robot/mako_ws/src/lidar_ros2/sdk/src/arch/linux/net_serial.cpp:[m[K In member function ‘[01m[Kvirtual int rp::arch::net::raw_serial::waitforsent(_u32, size_t*)[m[K’:
[21.576s] [01m[K/home/ubuntu/mako_robot/mako_ws/src/lidar_ros2/sdk/src/arch/linux/net_serial.cpp:286:34:[m[K [01;35m[Kwarning: [m[Kunused parameter ‘[01m[Ktimeout[m[K’ [[01;35m[K-Wunused-parameter[m[K]
[21.577s]   286 | int raw_serial::waitforsent([01;35m[K_u32 timeout[m[K, size_t * returned_size)
[21.578s]       |                             [01;35m[K~~~~~^~~~~~~[m[K
[21.578s] [01m[K/home/ubuntu/mako_robot/mako_ws/src/lidar_ros2/sdk/src/arch/linux/net_serial.cpp:[m[K In member function ‘[01m[Kvirtual int rp::arch::net::raw_serial::waitforrecv(_u32, size_t*)[m[K’:
[21.579s] [01m[K/home/ubuntu/mako_robot/mako_ws/src/lidar_ros2/sdk/src/arch/linux/net_serial.cpp:292:34:[m[K [01;35m[Kwarning: [m[Kunused parameter ‘[01m[Ktimeout[m[K’ [[01;35m[K-Wunused-parameter[m[K]
[21.580s]   292 | int raw_serial::waitforrecv([01;35m[K_u32 timeout[m[K, size_t * returned_size)
[21.581s]       |                             [01;35m[K~~~~~^~~~~~~[m[K
[22.384s] [ 33%] [32mBuilding CXX object CMakeFiles/rplidar_composition_node.dir/sdk/src/arch/linux/net_socket.cpp.o[0m
[24.025s] In file included from [01m[K/home/ubuntu/mako_robot/mako_ws/src/lidar_ros2/./sdk/include/rplidar.h:39[m[K,
[24.026s]                  from [01m[K/home/ubuntu/mako_robot/mako_ws/src/lidar_ros2/include/rplidar_node.hpp:41[m[K,
[24.026s]                  from [01m[K/home/ubuntu/mako_robot/mako_ws/src/lidar_ros2/src/rplidar_node.cpp:36[m[K:
[24.027s] [01m[K/home/ubuntu/mako_robot/mako_ws/src/lidar_ros2/./sdk/include/rplidar_protocol.h:59:14:[m[K [01;35m[Kwarning: [m[KISO C++ forbids zero-size array ‘[01m[Kdata[m[K’ [[01;35m[K-Wpedantic[m[K]
[24.029s]    59 |     _u8 data[[01;35m[K0[m[K];
[24.030s]       |              [01;35m[K^[m[K
[24.032s] In file included from [01m[K/home/ubuntu/mako_robot/mako_ws/src/lidar_ros2/./sdk/include/rplidar.h:40[m[K,
[24.034s]                  from [01m[K/home/ubuntu/mako_robot/mako_ws/src/lidar_ros2/include/rplidar_node.hpp:41[m[K,
[24.035s]                  from [01m[K/home/ubuntu/mako_robot/mako_ws/src/lidar_ros2/src/rplidar_node.cpp:36[m[K:
[24.036s] [01m[K/home/ubuntu/mako_robot/mako_ws/src/lidar_ros2/./sdk/include/rplidar_cmd.h:260:18:[m[K [01;35m[Kwarning: [m[KISO C++ forbids zero-size array ‘[01m[Kpayload[m[K’ [[01;35m[K-Wpedantic[m[K]
[24.037s]   260 |     _u8  payload[[01;35m[K0[m[K];
[24.038s]       |                  [01;35m[K^[m[K
[24.544s] [01m[K/home/ubuntu/mako_robot/mako_ws/src/lidar_ros2/src/rplidar_node.cpp:[m[K In member function ‘[01m[Kvoid rplidar_ros::rplidar_node::stop_motor({anonymous}::EmptyRequest, {anonymous}::EmptyResponse)[m[K’:
[24.545s] [01m[K/home/ubuntu/mako_robot/mako_ws/src/lidar_ros2/src/rplidar_node.cpp:245:50:[m[K [01;35m[Kwarning: [m[Kunused parameter ‘[01m[Kreq[m[K’ [[01;35m[K-Wunused-parameter[m[K]
[24.552s]   245 | void rplidar_node::stop_motor([01;35m[Kconst EmptyRequest req[m[K, EmptyResponse res)
[24.553s]       |                               [01;35m[K~~~~~~~~~~~~~~~~~~~^~~[m[K
[24.553s] [01m[K/home/ubuntu/mako_robot/mako_ws/src/lidar_ros2/src/rplidar_node.cpp:245:69:[m[K [01;35m[Kwarning: [m[Kunused parameter ‘[01m[Kres[m[K’ [[01;35m[K-Wunused-parameter[m[K]
[24.554s]   245 | void rplidar_node::stop_motor(const EmptyRequest req, [01;35m[KEmptyResponse res[m[K)
[24.556s]       |                                                       [01;35m[K~~~~~~~~~~~~~~^~~[m[K
[24.557s] [01m[K/home/ubuntu/mako_robot/mako_ws/src/lidar_ros2/src/rplidar_node.cpp:[m[K In member function ‘[01m[Kvoid rplidar_ros::rplidar_node::start_motor({anonymous}::EmptyRequest, {anonymous}::EmptyResponse)[m[K’:
[24.557s] [01m[K/home/ubuntu/mako_robot/mako_ws/src/lidar_ros2/src/rplidar_node.cpp:256:51:[m[K [01;35m[Kwarning: [m[Kunused parameter ‘[01m[Kreq[m[K’ [[01;35m[K-Wunused-parameter[m[K]
[24.558s]   256 | void rplidar_node::start_motor([01;35m[Kconst EmptyRequest req[m[K, EmptyResponse res)
[24.559s]       |                                [01;35m[K~~~~~~~~~~~~~~~~~~~^~~[m[K
[24.560s] [01m[K/home/ubuntu/mako_robot/mako_ws/src/lidar_ros2/src/rplidar_node.cpp:256:70:[m[K [01;35m[Kwarning: [m[Kunused parameter ‘[01m[Kres[m[K’ [[01;35m[K-Wunused-parameter[m[K]
[24.562s]   256 | void rplidar_node::start_motor(const EmptyRequest req, [01;35m[KEmptyResponse res[m[K)
[24.564s]       |                                                        [01;35m[K~~~~~~~~~~~~~~^~~[m[K
[24.605s] [01m[K/home/ubuntu/mako_robot/mako_ws/src/lidar_ros2/src/rplidar_node.cpp:[m[K In member function ‘[01m[Kvoid rplidar_ros::rplidar_node::publish_loop()[m[K’:
[24.607s] [01m[K/home/ubuntu/mako_robot/mako_ws/src/lidar_ros2/src/rplidar_node.cpp:343:46:[m[K [01;35m[Kwarning: [m[KISO C++ forbids variable length array ‘[01m[Kangle_compensate_nodes[m[K’ [[01;35m[K-Wvla[m[K]
[24.608s]   343 |       rplidar_response_measurement_node_hq_t [01;35m[Kangle_compensate_nodes[m[K[angle_compensate_nodes_count];
[24.609s]       |                                              [01;35m[K^~~~~~~~~~~~~~~~~~~~~~[m[K
[24.614s] [01m[K/home/ubuntu/mako_robot/mako_ws/src/lidar_ros2/src/rplidar_node.cpp:353:25:[m[K [01;35m[Kwarning: [m[Kcomparison of integer expressions of different signedness: ‘[01m[Ksize_t[m[K’ {aka ‘[01m[Klong unsigned int[m[K’} and ‘[01m[Kint[m[K’ [[01;35m[K-Wsign-compare[m[K]
[24.615s]   353 |           for (j = 0; [01;35m[Kj < m_angle_compensate_multiple[m[K; j++) {
[24.617s]       |                       [01;35m[K~~^~~~~~~~~~~~~~~~~~~~~~~~~~~~~[m[K
[24.626s] [01m[K/home/ubuntu/mako_robot/mako_ws/src/lidar_ros2/src/rplidar_node.cpp:374:44:[m[K [01;35m[Kwarning: [m[Kcomparison of integer expressions of different signedness: ‘[01m[Ksize_t[m[K’ {aka ‘[01m[Klong unsigned int[m[K’} and ‘[01m[Kint[m[K’ [[01;35m[K-Wsign-compare[m[K]
[24.627s]   374 |       for (size_t x = start_node, y = 0; [01;35m[Kx < end_node[m[K; ++x, ++y) {
[24.629s]       |                                          [01;35m[K~~^~~~~~~~~~[m[K
[24.632s] [01m[K/home/ubuntu/mako_robot/mako_ws/src/lidar_ros2/src/rplidar_node.cpp:381:11:[m[K [01;35m[Kwarning: [m[Kunused variable ‘[01m[Kangle_min[m[K’ [[01;35m[K-Wunused-variable[m[K]
[24.633s]   381 |     float [01;35m[Kangle_min[m[K = deg_2_rad(0.0f);
[24.635s]       |           [01;35m[K^~~~~~~~~[m[K
[24.636s] [01m[K/home/ubuntu/mako_robot/mako_ws/src/lidar_ros2/src/rplidar_node.cpp:382:11:[m[K [01;35m[Kwarning: [m[Kunused variable ‘[01m[Kangle_max[m[K’ [[01;35m[K-Wunused-variable[m[K]
[24.638s]   382 |     float [01;35m[Kangle_max[m[K = deg_2_rad(359.0f);
[24.639s]       |           [01;35m[K^~~~~~~~~[m[K
[24.882s] In file included from [01m[K/home/ubuntu/mako_robot/mako_ws/src/lidar_ros2/./sdk/include/rplidar.h:39[m[K,
[24.883s]                  from [01m[K/home/ubuntu/mako_robot/mako_ws/src/lidar_ros2/src/node.cpp:45[m[K:
[24.884s] [01m[K/home/ubuntu/mako_robot/mako_ws/src/lidar_ros2/./sdk/include/rplidar_protocol.h:59:14:[m[K [01;35m[Kwarning: [m[KISO C++ forbids zero-size array ‘[01m[Kdata[m[K’ [[01;35m[K-Wpedantic[m[K]
[24.884s]    59 |     _u8 data[[01;35m[K0[m[K];
[24.886s]       |              [01;35m[K^[m[K
[24.886s] In file included from [01m[K/home/ubuntu/mako_robot/mako_ws/src/lidar_ros2/./sdk/include/rplidar.h:40[m[K,
[24.887s]                  from [01m[K/home/ubuntu/mako_robot/mako_ws/src/lidar_ros2/src/node.cpp:45[m[K:
[24.888s] [01m[K/home/ubuntu/mako_robot/mako_ws/src/lidar_ros2/./sdk/include/rplidar_cmd.h:260:18:[m[K [01;35m[Kwarning: [m[KISO C++ forbids zero-size array ‘[01m[Kpayload[m[K’ [[01;35m[K-Wpedantic[m[K]
[24.889s]   260 |     _u8  payload[[01;35m[K0[m[K];
[24.890s]       |                  [01;35m[K^[m[K
[25.023s] [01m[K/home/ubuntu/mako_robot/mako_ws/src/lidar_ros2/src/node.cpp:[m[K In function ‘[01m[Kbool stop_motor(std::shared_ptr<std_srvs::srv::Empty_Request_<std::allocator<void> > >, std::shared_ptr<std_srvs::srv::Empty_Response_<std::allocator<void> > >)[m[K’:
[25.024s] [01m[K/home/ubuntu/mako_robot/mako_ws/src/lidar_ros2/src/node.cpp:166:70:[m[K [01;35m[Kwarning: [m[Kunused parameter ‘[01m[Kreq[m[K’ [[01;35m[K-Wunused-parameter[m[K]
[25.025s]   166 | bool stop_motor([01;35m[Kconst std::shared_ptr<std_srvs::srv::Empty::Request> req[m[K,
[25.026s]       |                 [01;35m[K~~~~~~~~~~~~~~~~~~~~~~~~~~~~~~~~~~~~~~~~~~~~~~~~~~~~~^~~[m[K
[25.027s] [01m[K/home/ubuntu/mako_robot/mako_ws/src/lidar_ros2/src/node.cpp:167:65:[m[K [01;35m[Kwarning: [m[Kunused parameter ‘[01m[Kres[m[K’ [[01;35m[K-Wunused-parameter[m[K]
[25.029s]   167 |                 [01;35m[Kstd::shared_ptr<std_srvs::srv::Empty::Response> res[m[K)
[25.029s]       |                 [01;35m[K~~~~~~~~~~~~~~~~~~~~~~~~~~~~~~~~~~~~~~~~~~~~~~~~^~~[m[K
[25.030s] [01m[K/home/ubuntu/mako_robot/mako_ws/src/lidar_ros2/src/node.cpp:[m[K In function ‘[01m[Kbool start_motor(std::shared_ptr<std_srvs::srv::Empty_Request_<std::allocator<void> > >, std::shared_ptr<std_srvs::srv::Empty_Response_<std::allocator<void> > >)[m[K’:
[25.031s] [01m[K/home/ubuntu/mako_robot/mako_ws/src/lidar_ros2/src/node.cpp:178:71:[m[K [01;35m[Kwarning: [m[Kunused parameter ‘[01m[Kreq[m[K’ [[01;35m[K-Wunused-parameter[m[K]
[25.032s]   178 | bool start_motor([01;35m[Kconst std::shared_ptr<std_srvs::srv::Empty::Request> req[m[K,
[25.033s]       |                  [01;35m[K~~~~~~~~~~~~~~~~~~~~~~~~~~~~~~~~~~~~~~~~~~~~~~~~~~~~~^~~[m[K
[25.034s] [01m[K/home/ubuntu/mako_robot/mako_ws/src/lidar_ros2/src/node.cpp:179:66:[m[K [01;35m[Kwarning: [m[Kunused parameter ‘[01m[Kres[m[K’ [[01;35m[K-Wunused-parameter[m[K]
[25.035s]   179 |                  [01;35m[Kstd::shared_ptr<std_srvs::srv::Empty::Response> res[m[K)
[25.035s]       |                  [01;35m[K~~~~~~~~~~~~~~~~~~~~~~~~~~~~~~~~~~~~~~~~~~~~~~~~^~~[m[K
[25.189s] [01m[K/home/ubuntu/mako_robot/mako_ws/src/lidar_ros2/src/node.cpp:[m[K In function ‘[01m[Kint main(int, char**)[m[K’:
[25.191s] [01m[K/home/ubuntu/mako_robot/mako_ws/src/lidar_ros2/src/node.cpp:356:60:[m[K [01;35m[Kwarning: [m[KISO C++ forbids variable length array ‘[01m[Kangle_compensate_nodes[m[K’ [[01;35m[K-Wvla[m[K]
[25.192s]   356 |                     rplidar_response_measurement_node_hq_t [01;35m[Kangle_compensate_nodes[m[K[angle_compensate_nodes_count];
[25.193s]       |                                                            [01;35m[K^~~~~~~~~~~~~~~~~~~~~~[m[K
[25.194s] [01m[K/home/ubuntu/mako_robot/mako_ws/src/lidar_ros2/src/node.cpp:360:30:[m[K [01;35m[Kwarning: [m[Kcomparison of integer expressions of different signedness: ‘[01m[Kint[m[K’ and ‘[01m[Ksize_t[m[K’ {aka ‘[01m[Klong unsigned int[m[K’} [[01;35m[K-Wsign-compare[m[K]
[25.194s]   360 |                     for( ; [01;35m[Ki < count[m[K; i++ ) {
[25.195s]       |                            [01;35m[K~~^~~~~~~[m[K
[25.321s] In file included from [01m[K/home/ubuntu/mako_robot/mako_ws/src/lidar_ros2/./sdk/include/rplidar.h:39[m[K,
[25.322s]                  from [01m[K/home/ubuntu/mako_robot/mako_ws/src/lidar_ros2/./sdk/src/sdkcommon.h:48[m[K,
[25.323s]                  from [01m[K/home/ubuntu/mako_robot/mako_ws/src/lidar_ros2/sdk/src/arch/linux/net_socket.cpp:10[m[K:
[25.324s] [01m[K/home/ubuntu/mako_robot/mako_ws/src/lidar_ros2/./sdk/include/rplidar_protocol.h:59:14:[m[K [01;35m[Kwarning: [m[KISO C++ forbids zero-size array ‘[01m[Kdata[m[K’ [[01;35m[K-Wpedantic[m[K]
[25.325s]    59 |     _u8 data[[01;35m[K0[m[K];
[25.325s]       |              [01;35m[K^[m[K
[25.332s] In file included from [01m[K/home/ubuntu/mako_robot/mako_ws/src/lidar_ros2/./sdk/include/rplidar.h:40[m[K,
[25.333s]                  from [01m[K/home/ubuntu/mako_robot/mako_ws/src/lidar_ros2/./sdk/src/sdkcommon.h:48[m[K,
[25.333s]                  from [01m[K/home/ubuntu/mako_robot/mako_ws/src/lidar_ros2/sdk/src/arch/linux/net_socket.cpp:10[m[K:
[25.334s] [01m[K/home/ubuntu/mako_robot/mako_ws/src/lidar_ros2/./sdk/include/rplidar_cmd.h:260:18:[m[K [01;35m[Kwarning: [m[KISO C++ forbids zero-size array ‘[01m[Kpayload[m[K’ [[01;35m[K-Wpedantic[m[K]
[25.335s]   260 |     _u8  payload[[01;35m[K0[m[K];
[25.336s]       |                  [01;35m[K^[m[K
[25.386s] [01m[K/home/ubuntu/mako_robot/mako_ws/src/lidar_ros2/sdk/src/arch/linux/net_socket.cpp:[m[K In member function ‘[01m[Kvirtual u_result rp::net::SocketAddress::getAddressAsString(char*, size_t) const[m[K’:
[25.387s] [01m[K/home/ubuntu/mako_robot/mako_ws/src/lidar_ros2/sdk/src/arch/linux/net_socket.cpp:170:17:[m[K [01;35m[Kwarning: [m[Kordered comparison of pointer with integer zero [[01;35m[K-Wextra[m[K]
[25.388s]   170 |     return ans<=[01;35m[K0[m[K?RESULT_OPERATION_FAIL:RESULT_OK;
[25.388s]       |                 [01;35m[K^[m[K
[25.423s] [01m[K/home/ubuntu/mako_robot/mako_ws/src/lidar_ros2/sdk/src/arch/linux/net_socket.cpp:[m[K In member function ‘[01m[Kvirtual u_result rp::arch::net::StreamSocketImpl::send(const void*, size_t)[m[K’:
[25.424s] [01m[K/home/ubuntu/mako_robot/mako_ws/src/lidar_ros2/sdk/src/arch/linux/net_socket.cpp:438:17:[m[K [01;35m[Kwarning: [m[Kcomparison of integer expressions of different signedness: ‘[01m[Ksize_t[m[K’ {aka ‘[01m[Klong unsigned int[m[K’} and ‘[01m[Kint[m[K’ [[01;35m[K-Wsign-compare[m[K]
[25.426s]   438 |         if ([01;35m[Kans == (int)len[m[K) {
[25.427s]       |             [01;35m[K~~~~^~~~~~~~~~~[m[K
[25.451s] In file included from [01m[K/home/ubuntu/mako_robot/mako_ws/src/lidar_ros2/./sdk/src/arch/linux/arch_linux.h:42[m[K,
[25.453s]                  from [01m[K/home/ubuntu/mako_robot/mako_ws/src/lidar_ros2/./sdk/src/sdkcommon.h:40[m[K,
[25.454s]                  from [01m[K/home/ubuntu/mako_robot/mako_ws/src/lidar_ros2/sdk/src/arch/linux/net_socket.cpp:10[m[K:
[25.455s] [01m[K/home/ubuntu/mako_robot/mako_ws/src/lidar_ros2/sdk/src/arch/linux/net_socket.cpp:[m[K In member function ‘[01m[Kvirtual u_result rp::arch::net::DGramSocketImpl::sendTo(const rp::net::SocketAddress&, const void*, size_t)[m[K’:
[25.457s] [01m[K/home/ubuntu/mako_robot/mako_ws/src/lidar_ros2/sdk/src/arch/linux/net_socket.cpp:726:24:[m[K [01;35m[Kwarning: [m[Kcomparison of integer expressions of different signedness: ‘[01m[Ksize_t[m[K’ {aka ‘[01m[Klong unsigned int[m[K’} and ‘[01m[Kint[m[K’ [[01;35m[K-Wsign-compare[m[K]
[25.458s]   726 |             assert([01;35m[Kans == (int)len[m[K);
[25.460s]       |                    [01;35m[K~~~~^~~~~~~~~~~[m[K
[26.856s] [ 38%] [32mBuilding CXX object CMakeFiles/rplidar_composition_node.dir/sdk/src/arch/linux/timer.cpp.o[0m
[29.981s] [ 44%] [32mBuilding CXX object CMakeFiles/rplidar_composition_node.dir/sdk/src/hal/thread.cpp.o[0m
[32.655s] In file included from [01m[K/home/ubuntu/mako_robot/mako_ws/src/lidar_ros2/./sdk/include/rplidar.h:39[m[K,
[32.657s]                  from [01m[K/home/ubuntu/mako_robot/mako_ws/src/lidar_ros2/./sdk/src/sdkcommon.h:48[m[K,
[32.658s]                  from [01m[K/home/ubuntu/mako_robot/mako_ws/src/lidar_ros2/sdk/src/hal/thread.cpp:35[m[K:
[32.659s] [01m[K/home/ubuntu/mako_robot/mako_ws/src/lidar_ros2/./sdk/include/rplidar_protocol.h:59:14:[m[K [01;35m[Kwarning: [m[KISO C++ forbids zero-size array ‘[01m[Kdata[m[K’ [[01;35m[K-Wpedantic[m[K]
[32.662s]    59 |     _u8 data[[01;35m[K0[m[K];
[32.664s]       |              [01;35m[K^[m[K
[32.672s] In file included from [01m[K/home/ubuntu/mako_robot/mako_ws/src/lidar_ros2/./sdk/include/rplidar.h:40[m[K,
[32.673s]                  from [01m[K/home/ubuntu/mako_robot/mako_ws/src/lidar_ros2/./sdk/src/sdkcommon.h:48[m[K,
[32.674s]                  from [01m[K/home/ubuntu/mako_robot/mako_ws/src/lidar_ros2/sdk/src/hal/thread.cpp:35[m[K:
[32.676s] [01m[K/home/ubuntu/mako_robot/mako_ws/src/lidar_ros2/./sdk/include/rplidar_cmd.h:260:18:[m[K [01;35m[Kwarning: [m[KISO C++ forbids zero-size array ‘[01m[Kpayload[m[K’ [[01;35m[K-Wpedantic[m[K]
[32.677s]   260 |     _u8  payload[[01;35m[K0[m[K];
[32.679s]       |                  [01;35m[K^[m[K
[32.692s] In file included from [01m[K/home/ubuntu/mako_robot/mako_ws/src/lidar_ros2/sdk/src/hal/thread.cpp:43[m[K:
[32.694s] [01m[K/home/ubuntu/mako_robot/mako_ws/src/lidar_ros2/./sdk/src/arch/linux/thread.hpp:[m[K In static member function ‘[01m[Kstatic rp::hal::Thread rp::hal::Thread::create(thread_proc_t, void*)[m[K’:
[32.695s] [01m[K/home/ubuntu/mako_robot/mako_ws/src/lidar_ros2/./sdk/src/arch/linux/thread.hpp:48:77:[m[K [01;35m[Kwarning: [m[Kcast between incompatible function types from ‘[01m[Kthread_proc_t[m[K’ {aka ‘[01m[Klong unsigned int (*)(void*)[m[K’} to ‘[01m[Kvoid* (*)(void*)[m[K’ [[01;35m[K-Wcast-function-type[m[K]
[32.697s]    48 |     pthread_create((pthread_t *)&newborn._handle, NULL, (void * (*)(void *))[01;35m[Kproc[m[K, data);
[32.698s]       |                                                                             [01;35m[K^~~~[m[K
[32.706s] [01m[K/home/ubuntu/mako_robot/mako_ws/src/lidar_ros2/./sdk/src/arch/linux/thread.hpp:[m[K In member function ‘[01m[Ku_result rp::hal::Thread::join(long unsigned int)[m[K’:
[32.707s] [01m[K/home/ubuntu/mako_robot/mako_ws/src/lidar_ros2/./sdk/src/arch/linux/thread.hpp:129:37:[m[K [01;35m[Kwarning: [m[Kunused parameter ‘[01m[Ktimeout[m[K’ [[01;35m[K-Wunused-parameter[m[K]
[32.709s]   129 | u_result Thread::join([01;35m[Kunsigned long timeout[m[K)
[32.710s]       |                       [01;35m[K~~~~~~~~~~~~~~^~~~~~~[m[K
[33.406s] [ 50%] [32mBuilding CXX object CMakeFiles/rplidarNode.dir/sdk/src/arch/linux/net_socket.cpp.o[0m
[36.585s] In file included from [01m[K/home/ubuntu/mako_robot/mako_ws/src/lidar_ros2/./sdk/include/rplidar.h:39[m[K,
[36.586s]                  from [01m[K/home/ubuntu/mako_robot/mako_ws/src/lidar_ros2/./sdk/src/sdkcommon.h:48[m[K,
[36.587s]                  from [01m[K/home/ubuntu/mako_robot/mako_ws/src/lidar_ros2/sdk/src/arch/linux/net_socket.cpp:10[m[K:
[36.588s] [01m[K/home/ubuntu/mako_robot/mako_ws/src/lidar_ros2/./sdk/include/rplidar_protocol.h:59:14:[m[K [01;35m[Kwarning: [m[KISO C++ forbids zero-size array ‘[01m[Kdata[m[K’ [[01;35m[K-Wpedantic[m[K]
[36.589s]    59 |     _u8 data[[01;35m[K0[m[K];
[36.590s]       |              [01;35m[K^[m[K
[36.600s] In file included from [01m[K/home/ubuntu/mako_robot/mako_ws/src/lidar_ros2/./sdk/include/rplidar.h:40[m[K,
[36.601s]                  from [01m[K/home/ubuntu/mako_robot/mako_ws/src/lidar_ros2/./sdk/src/sdkcommon.h:48[m[K,
[36.602s]                  from [01m[K/home/ubuntu/mako_robot/mako_ws/src/lidar_ros2/sdk/src/arch/linux/net_socket.cpp:10[m[K:
[36.603s] [01m[K/home/ubuntu/mako_robot/mako_ws/src/lidar_ros2/./sdk/include/rplidar_cmd.h:260:18:[m[K [01;35m[Kwarning: [m[KISO C++ forbids zero-size array ‘[01m[Kpayload[m[K’ [[01;35m[K-Wpedantic[m[K]
[36.603s]   260 |     _u8  payload[[01;35m[K0[m[K];
[36.604s]       |                  [01;35m[K^[m[K
[36.680s] [01m[K/home/ubuntu/mako_robot/mako_ws/src/lidar_ros2/sdk/src/arch/linux/net_socket.cpp:[m[K In member function ‘[01m[Kvirtual u_result rp::net::SocketAddress::getAddressAsString(char*, size_t) const[m[K’:
[36.680s] [01m[K/home/ubuntu/mako_robot/mako_ws/src/lidar_ros2/sdk/src/arch/linux/net_socket.cpp:170:17:[m[K [01;35m[Kwarning: [m[Kordered comparison of pointer with integer zero [[01;35m[K-Wextra[m[K]
[36.681s]   170 |     return ans<=[01;35m[K0[m[K?RESULT_OPERATION_FAIL:RESULT_OK;
[36.682s]       |                 [01;35m[K^[m[K
[36.746s] [01m[K/home/ubuntu/mako_robot/mako_ws/src/lidar_ros2/sdk/src/arch/linux/net_socket.cpp:[m[K In member function ‘[01m[Kvirtual u_result rp::arch::net::StreamSocketImpl::send(const void*, size_t)[m[K’:
[36.747s] [01m[K/home/ubuntu/mako_robot/mako_ws/src/lidar_ros2/sdk/src/arch/linux/net_socket.cpp:438:17:[m[K [01;35m[Kwarning: [m[Kcomparison of integer expressions of different signedness: ‘[01m[Ksize_t[m[K’ {aka ‘[01m[Klong unsigned int[m[K’} and ‘[01m[Kint[m[K’ [[01;35m[K-Wsign-compare[m[K]
[36.748s]   438 |         if ([01;35m[Kans == (int)len[m[K) {
[36.749s]       |             [01;35m[K~~~~^~~~~~~~~~~[m[K
[36.789s] In file included from [01m[K/home/ubuntu/mako_robot/mako_ws/src/lidar_ros2/./sdk/src/arch/linux/arch_linux.h:42[m[K,
[36.790s]                  from [01m[K/home/ubuntu/mako_robot/mako_ws/src/lidar_ros2/./sdk/src/sdkcommon.h:40[m[K,
[36.791s]                  from [01m[K/home/ubuntu/mako_robot/mako_ws/src/lidar_ros2/sdk/src/arch/linux/net_socket.cpp:10[m[K:
[36.792s] [01m[K/home/ubuntu/mako_robot/mako_ws/src/lidar_ros2/sdk/src/arch/linux/net_socket.cpp:[m[K In member function ‘[01m[Kvirtual u_result rp::arch::net::DGramSocketImpl::sendTo(const rp::net::SocketAddress&, const void*, size_t)[m[K’:
[36.793s] [01m[K/home/ubuntu/mako_robot/mako_ws/src/lidar_ros2/sdk/src/arch/linux/net_socket.cpp:726:24:[m[K [01;35m[Kwarning: [m[Kcomparison of integer expressions of different signedness: ‘[01m[Ksize_t[m[K’ {aka ‘[01m[Klong unsigned int[m[K’} and ‘[01m[Kint[m[K’ [[01;35m[K-Wsign-compare[m[K]
[36.793s]   726 |             assert([01;35m[Kans == (int)len[m[K);
[36.794s]       |                    [01;35m[K~~~~^~~~~~~~~~~[m[K
[38.142s] [ 55%] [32mBuilding CXX object CMakeFiles/rplidarNode.dir/sdk/src/arch/linux/timer.cpp.o[0m
[39.789s] [ 61%] [32mBuilding CXX object CMakeFiles/rplidar_composition_node.dir/sdk/src/rplidar_driver.cpp.o[0m
[41.336s] [ 66%] [32mBuilding CXX object CMakeFiles/rplidarNode.dir/sdk/src/hal/thread.cpp.o[0m
[41.704s] [ 72%] [32mBuilding CXX object CMakeFiles/rplidarNode.dir/sdk/src/rplidar_driver.cpp.o[0m
[42.885s] In file included from [01m[K/home/ubuntu/mako_robot/mako_ws/src/lidar_ros2/./sdk/include/rplidar.h:39[m[K,
[42.886s]                  from [01m[K/home/ubuntu/mako_robot/mako_ws/src/lidar_ros2/sdk/src/sdkcommon.h:48[m[K,
[42.887s]                  from [01m[K/home/ubuntu/mako_robot/mako_ws/src/lidar_ros2/sdk/src/rplidar_driver.cpp:35[m[K:
[42.888s] [01m[K/home/ubuntu/mako_robot/mako_ws/src/lidar_ros2/./sdk/include/rplidar_protocol.h:59:14:[m[K [01;35m[Kwarning: [m[KISO C++ forbids zero-size array ‘[01m[Kdata[m[K’ [[01;35m[K-Wpedantic[m[K]
[42.889s]    59 |     _u8 data[[01;35m[K0[m[K];
[42.890s]       |              [01;35m[K^[m[K
[42.891s] In file included from [01m[K/home/ubuntu/mako_robot/mako_ws/src/lidar_ros2/./sdk/include/rplidar.h:40[m[K,
[42.892s]                  from [01m[K/home/ubuntu/mako_robot/mako_ws/src/lidar_ros2/sdk/src/sdkcommon.h:48[m[K,
[42.893s]                  from [01m[K/home/ubuntu/mako_robot/mako_ws/src/lidar_ros2/sdk/src/rplidar_driver.cpp:35[m[K:
[42.894s] [01m[K/home/ubuntu/mako_robot/mako_ws/src/lidar_ros2/./sdk/include/rplidar_cmd.h:260:18:[m[K [01;35m[Kwarning: [m[KISO C++ forbids zero-size array ‘[01m[Kpayload[m[K’ [[01;35m[K-Wpedantic[m[K]
[42.894s]   260 |     _u8  payload[[01;35m[K0[m[K];
[42.895s]       |                  [01;35m[K^[m[K
[44.028s] In file included from [01m[K/home/ubuntu/mako_robot/mako_ws/src/lidar_ros2/./sdk/include/rplidar.h:39[m[K,
[44.030s]                  from [01m[K/home/ubuntu/mako_robot/mako_ws/src/lidar_ros2/./sdk/src/sdkcommon.h:48[m[K,
[44.031s]                  from [01m[K/home/ubuntu/mako_robot/mako_ws/src/lidar_ros2/sdk/src/hal/thread.cpp:35[m[K:
[44.033s] [01m[K/home/ubuntu/mako_robot/mako_ws/src/lidar_ros2/./sdk/include/rplidar_protocol.h:59:14:[m[K [01;35m[Kwarning: [m[KISO C++ forbids zero-size array ‘[01m[Kdata[m[K’ [[01;35m[K-Wpedantic[m[K]
[44.035s]    59 |     _u8 data[[01;35m[K0[m[K];
[44.036s]       |              [01;35m[K^[m[K
[44.045s] In file included from [01m[K/home/ubuntu/mako_robot/mako_ws/src/lidar_ros2/./sdk/include/rplidar.h:40[m[K,
[44.048s]                  from [01m[K/home/ubuntu/mako_robot/mako_ws/src/lidar_ros2/./sdk/src/sdkcommon.h:48[m[K,
[44.051s]                  from [01m[K/home/ubuntu/mako_robot/mako_ws/src/lidar_ros2/sdk/src/hal/thread.cpp:35[m[K:
[44.054s] [01m[K/home/ubuntu/mako_robot/mako_ws/src/lidar_ros2/./sdk/include/rplidar_cmd.h:260:18:[m[K [01;35m[Kwarning: [m[KISO C++ forbids zero-size array ‘[01m[Kpayload[m[K’ [[01;35m[K-Wpedantic[m[K]
[44.055s]   260 |     _u8  payload[[01;35m[K0[m[K];
[44.057s]       |                  [01;35m[K^[m[K
[44.071s] In file included from [01m[K/home/ubuntu/mako_robot/mako_ws/src/lidar_ros2/sdk/src/hal/thread.cpp:43[m[K:
[44.072s] [01m[K/home/ubuntu/mako_robot/mako_ws/src/lidar_ros2/./sdk/src/arch/linux/thread.hpp:[m[K In static member function ‘[01m[Kstatic rp::hal::Thread rp::hal::Thread::create(thread_proc_t, void*)[m[K’:
[44.074s] [01m[K/home/ubuntu/mako_robot/mako_ws/src/lidar_ros2/./sdk/src/arch/linux/thread.hpp:48:77:[m[K [01;35m[Kwarning: [m[Kcast between incompatible function types from ‘[01m[Kthread_proc_t[m[K’ {aka ‘[01m[Klong unsigned int (*)(void*)[m[K’} to ‘[01m[Kvoid* (*)(void*)[m[K’ [[01;35m[K-Wcast-function-type[m[K]
[44.075s]    48 |     pthread_create((pthread_t *)&newborn._handle, NULL, (void * (*)(void *))[01;35m[Kproc[m[K, data);
[44.076s]       |                                                                             [01;35m[K^~~~[m[K
[44.087s] [01m[K/home/ubuntu/mako_robot/mako_ws/src/lidar_ros2/./sdk/src/arch/linux/thread.hpp:[m[K In member function ‘[01m[Ku_result rp::hal::Thread::join(long unsigned int)[m[K’:
[44.089s] [01m[K/home/ubuntu/mako_robot/mako_ws/src/lidar_ros2/./sdk/src/arch/linux/thread.hpp:129:37:[m[K [01;35m[Kwarning: [m[Kunused parameter ‘[01m[Ktimeout[m[K’ [[01;35m[K-Wunused-parameter[m[K]
[44.090s]   129 | u_result Thread::join([01;35m[Kunsigned long timeout[m[K)
[44.091s]       |                       [01;35m[K~~~~~~~~~~~~~~^~~~~~~[m[K
[44.247s] [01m[K/home/ubuntu/mako_robot/mako_ws/src/lidar_ros2/sdk/src/rplidar_driver.cpp:[m[K In member function ‘[01m[Kvirtual u_result rp::standalone::rplidar::RPlidarDriverImplCommon::reset(_u32)[m[K’:
[44.249s] [01m[K/home/ubuntu/mako_robot/mako_ws/src/lidar_ros2/sdk/src/rplidar_driver.cpp:121:46:[m[K [01;35m[Kwarning: [m[Kunused parameter ‘[01m[Ktimeout[m[K’ [[01;35m[K-Wunused-parameter[m[K]
[44.249s]   121 | u_result RPlidarDriverImplCommon::reset([01;35m[K_u32 timeout[m[K)
[44.250s]       |                                         [01;35m[K~~~~~^~~~~~~[m[K
[44.257s] [01m[K/home/ubuntu/mako_robot/mako_ws/src/lidar_ros2/sdk/src/rplidar_driver.cpp:[m[K In member function ‘[01m[Kvirtual u_result rp::standalone::rplidar::RPlidarDriverImplCommon::checkIfTofLidar(bool&, _u32)[m[K’:
[44.258s] [01m[K/home/ubuntu/mako_robot/mako_ws/src/lidar_ros2/sdk/src/rplidar_driver.cpp:274:75:[m[K [01;35m[Kwarning: [m[Kunused parameter ‘[01m[Ktimeout[m[K’ [[01;35m[K-Wunused-parameter[m[K]
[44.258s]   274 | u_result RPlidarDriverImplCommon::checkIfTofLidar(bool & isTofLidar, [01;35m[K_u32 timeout[m[K)
[44.259s]       |                                                                      [01;35m[K~~~~~^~~~~~~[m[K
[44.310s] [01m[K/home/ubuntu/mako_robot/mako_ws/src/lidar_ros2/sdk/src/rplidar_driver.cpp:[m[K In member function ‘[01m[Kvirtual void rp::standalone::rplidar::RPlidarDriverImplCommon::_dense_capsuleToNormal(const rplidar_response_capsule_measurement_nodes_t&, rplidar_response_measurement_node_hq_t*, size_t&)[m[K’:
[44.312s] [01m[K/home/ubuntu/mako_robot/mako_ws/src/lidar_ros2/sdk/src/rplidar_driver.cpp:872:108:[m[K [01;35m[Kwarning: [m[Ktype qualifiers ignored on cast result type [[01;35m[K-Wignored-qualifiers[m[K]
[44.314s]   872 |             const int dist = static_cast<const int>(_cached_previous_dense_capsuledata.cabins[pos].distance[01;35m[K)[m[K;
[44.315s]       |                                                                                                            [01;35m[K^[m[K
[44.323s] [01m[K/home/ubuntu/mako_robot/mako_ws/src/lidar_ros2/sdk/src/rplidar_driver.cpp:[m[K In function ‘[01m[K_u32 rp::standalone::rplidar::_crc32cal(_u32, void*, _u16)[m[K’:
[44.324s] [01m[K/home/ubuntu/mako_robot/mako_ws/src/lidar_ros2/sdk/src/rplidar_driver.cpp:996:23:[m[K [01;35m[Kwarning: [m[Ksuggest parentheses around ‘[01m[K-[m[K’ in operand of ‘[01m[K&[m[K’ [[01;35m[K-Wparentheses[m[K]
[44.325s]   996 |     _u8 leftBytes = [01;35m[K4 - len[m[K & 0x3;
[44.326s]       |                     [01;35m[K~~^~~~~[m[K
[44.339s] [01m[K/home/ubuntu/mako_robot/mako_ws/src/lidar_ros2/sdk/src/rplidar_driver.cpp:[m[K In member function ‘[01m[Kvirtual void rp::standalone::rplidar::RPlidarDriverImplCommon::_ultraCapsuleToNormal(const rplidar_response_ultra_capsule_measurement_nodes_t&, rplidar_response_measurement_node_hq_t*, size_t&)[m[K’:
[44.340s] [01m[K/home/ubuntu/mako_robot/mako_ws/src/lidar_ros2/sdk/src/rplidar_driver.cpp:1207:32:[m[K [01;35m[Kwarning: [m[Kcomparison of integer expressions of different signedness: ‘[01m[Kint[m[K’ and ‘[01m[Kunsigned int[m[K’ [[01;35m[K-Wsign-compare[m[K]
[44.341s]  1207 |             if (([01;35m[Kdist_predict1 == 0xFFFFFE00[m[K) || (dist_predict1 == 0x1FF)) {
[44.342s]       |                  [01;35m[K~~~~~~~~~~~~~~^~~~~~~~~~~~~[m[K
[44.343s] [01m[K/home/ubuntu/mako_robot/mako_ws/src/lidar_ros2/sdk/src/rplidar_driver.cpp:1215:32:[m[K [01;35m[Kwarning: [m[Kcomparison of integer expressions of different signedness: ‘[01m[Kint[m[K’ and ‘[01m[Kunsigned int[m[K’ [[01;35m[K-Wsign-compare[m[K]
[44.344s]  1215 |             if (([01;35m[Kdist_predict2 == 0xFFFFFE00[m[K) || (dist_predict2 == 0x1FF)) {
[44.345s]       |                  [01;35m[K~~~~~~~~~~~~~~^~~~~~~~~~~~~[m[K
[44.391s] [01m[K/home/ubuntu/mako_robot/mako_ws/src/lidar_ros2/sdk/src/rplidar_driver.cpp:[m[K In member function ‘[01m[Kvirtual u_result rp::standalone::rplidar::RPlidarDriverImplCommon::getAllSupportedScanModes(std::vector<rp::standalone::rplidar::RplidarScanMode>&, _u32)[m[K’:
[44.392s] [01m[K/home/ubuntu/mako_robot/mako_ws/src/lidar_ros2/sdk/src/rplidar_driver.cpp:1453:105:[m[K [01;35m[Kwarning: [m[Kunused parameter ‘[01m[KtimeoutInMs[m[K’ [[01;35m[K-Wunused-parameter[m[K]
[44.393s]  1453 | u_result RPlidarDriverImplCommon::getAllSupportedScanModes(std::vector<RplidarScanMode>& outModes, [01;35m[K_u32 timeoutInMs[m[K)
[44.394s]       |                                                                                                    [01;35m[K~~~~~^~~~~~~~~~~[m[K
[44.398s] [01m[K/home/ubuntu/mako_robot/mako_ws/src/lidar_ros2/sdk/src/rplidar_driver.cpp:[m[K In member function ‘[01m[Kvirtual u_result rp::standalone::rplidar::RPlidarDriverImplCommon::startScan(bool, bool, _u32, rp::standalone::rplidar::RplidarScanMode*)[m[K’:
[44.399s] [01m[K/home/ubuntu/mako_robot/mako_ws/src/lidar_ros2/sdk/src/rplidar_driver.cpp:1550:83:[m[K [01;35m[Kwarning: [m[Kunused parameter ‘[01m[Koptions[m[K’ [[01;35m[K-Wunused-parameter[m[K]
[44.400s]  1550 | u_result RPlidarDriverImplCommon::startScan(bool force, bool useTypicalScan, [01;35m[K_u32 options[m[K, RplidarScanMode* outUsedScanMode)
[44.401s]       |                                                                              [01;35m[K~~~~~^~~~~~~[m[K
[44.410s] [01m[K/home/ubuntu/mako_robot/mako_ws/src/lidar_ros2/sdk/src/rplidar_driver.cpp:[m[K In member function ‘[01m[Kvirtual u_result rp::standalone::rplidar::RPlidarDriverImplCommon::stop(_u32)[m[K’:
[44.412s] [01m[K/home/ubuntu/mako_robot/mako_ws/src/lidar_ros2/sdk/src/rplidar_driver.cpp:1774:45:[m[K [01;35m[Kwarning: [m[Kunused parameter ‘[01m[Ktimeout[m[K’ [[01;35m[K-Wunused-parameter[m[K]
[44.414s]  1774 | u_result RPlidarDriverImplCommon::stop([01;35m[K_u32 timeout[m[K)
[44.415s]       |                                        [01;35m[K~~~~~^~~~~~~[m[K
[44.442s] [01m[K/home/ubuntu/mako_robot/mako_ws/src/lidar_ros2/sdk/src/rplidar_driver.cpp:[m[K In member function ‘[01m[Kvirtual u_result rp::standalone::rplidar::RPlidarDriverImplCommon::setLidarSpinSpeed(_u16, _u32)[m[K’:
[44.443s] [01m[K/home/ubuntu/mako_robot/mako_ws/src/lidar_ros2/sdk/src/rplidar_driver.cpp:2162:68:[m[K [01;35m[Kwarning: [m[Kunused parameter ‘[01m[Ktimeout[m[K’ [[01;35m[K-Wunused-parameter[m[K]
[44.444s]  2162 | u_result RPlidarDriverImplCommon::setLidarSpinSpeed(_u16 rpm, [01;35m[K_u32 timeout[m[K)
[44.445s]       |                                                               [01;35m[K~~~~~^~~~~~~[m[K
[44.450s] [01m[K/home/ubuntu/mako_robot/mako_ws/src/lidar_ros2/sdk/src/rplidar_driver.cpp:[m[K In member function ‘[01m[Kvirtual u_result rp::standalone::rplidar::RPlidarDriverSerial::connect(const char*, _u32, _u32)[m[K’:
[44.451s] [01m[K/home/ubuntu/mako_robot/mako_ws/src/lidar_ros2/sdk/src/rplidar_driver.cpp:2240:83:[m[K [01;35m[Kwarning: [m[Kunused parameter ‘[01m[Kflag[m[K’ [[01;35m[K-Wunused-parameter[m[K]
[44.452s]  2240 | u_result RPlidarDriverSerial::connect(const char * port_path, _u32 baudrate, [01;35m[K_u32 flag[m[K)
[44.453s]       |                                                                              [01;35m[K~~~~~^~~~[m[K
[44.455s] [01m[K/home/ubuntu/mako_robot/mako_ws/src/lidar_ros2/sdk/src/rplidar_driver.cpp:[m[K In member function ‘[01m[Kvirtual u_result rp::standalone::rplidar::RPlidarDriverTCP::connect(const char*, _u32, _u32)[m[K’:
[44.456s] [01m[K/home/ubuntu/mako_robot/mako_ws/src/lidar_ros2/sdk/src/rplidar_driver.cpp:2282:72:[m[K [01;35m[Kwarning: [m[Kunused parameter ‘[01m[Kflag[m[K’ [[01;35m[K-Wunused-parameter[m[K]
[44.457s]  2282 | u_result RPlidarDriverTCP::connect(const char * ipStr, _u32 port, [01;35m[K_u32 flag[m[K)
[44.458s]       |                                                                   [01;35m[K~~~~~^~~~[m[K
[44.638s] In file included from [01m[K/home/ubuntu/mako_robot/mako_ws/src/lidar_ros2/./sdk/include/rplidar.h:39[m[K,
[44.639s]                  from [01m[K/home/ubuntu/mako_robot/mako_ws/src/lidar_ros2/sdk/src/sdkcommon.h:48[m[K,
[44.640s]                  from [01m[K/home/ubuntu/mako_robot/mako_ws/src/lidar_ros2/sdk/src/rplidar_driver.cpp:35[m[K:
[44.641s] [01m[K/home/ubuntu/mako_robot/mako_ws/src/lidar_ros2/./sdk/include/rplidar_protocol.h:59:14:[m[K [01;35m[Kwarning: [m[KISO C++ forbids zero-size array ‘[01m[Kdata[m[K’ [[01;35m[K-Wpedantic[m[K]
[44.642s]    59 |     _u8 data[[01;35m[K0[m[K];
[44.643s]       |              [01;35m[K^[m[K
[44.645s] In file included from [01m[K/home/ubuntu/mako_robot/mako_ws/src/lidar_ros2/./sdk/include/rplidar.h:40[m[K,
[44.646s]                  from [01m[K/home/ubuntu/mako_robot/mako_ws/src/lidar_ros2/sdk/src/sdkcommon.h:48[m[K,
[44.646s]                  from [01m[K/home/ubuntu/mako_robot/mako_ws/src/lidar_ros2/sdk/src/rplidar_driver.cpp:35[m[K:
[44.647s] [01m[K/home/ubuntu/mako_robot/mako_ws/src/lidar_ros2/./sdk/include/rplidar_cmd.h:260:18:[m[K [01;35m[Kwarning: [m[KISO C++ forbids zero-size array ‘[01m[Kpayload[m[K’ [[01;35m[K-Wpedantic[m[K]
[44.648s]   260 |     _u8  payload[[01;35m[K0[m[K];
[44.660s]       |                  [01;35m[K^[m[K
[45.694s] [01m[K/home/ubuntu/mako_robot/mako_ws/src/lidar_ros2/sdk/src/rplidar_driver.cpp:[m[K In member function ‘[01m[Kvirtual u_result rp::standalone::rplidar::RPlidarDriverImplCommon::reset(_u32)[m[K’:
[45.697s] [01m[K/home/ubuntu/mako_robot/mako_ws/src/lidar_ros2/sdk/src/rplidar_driver.cpp:121:46:[m[K [01;35m[Kwarning: [m[Kunused parameter ‘[01m[Ktimeout[m[K’ [[01;35m[K-Wunused-parameter[m[K]
[45.698s]   121 | u_result RPlidarDriverImplCommon::reset([01;35m[K_u32 timeout[m[K)
[45.698s]       |                                         [01;35m[K~~~~~^~~~~~~[m[K
[45.710s] [01m[K/home/ubuntu/mako_robot/mako_ws/src/lidar_ros2/sdk/src/rplidar_driver.cpp:[m[K In member function ‘[01m[Kvirtual u_result rp::standalone::rplidar::RPlidarDriverImplCommon::checkIfTofLidar(bool&, _u32)[m[K’:
[45.711s] [01m[K/home/ubuntu/mako_robot/mako_ws/src/lidar_ros2/sdk/src/rplidar_driver.cpp:274:75:[m[K [01;35m[Kwarning: [m[Kunused parameter ‘[01m[Ktimeout[m[K’ [[01;35m[K-Wunused-parameter[m[K]
[45.712s]   274 | u_result RPlidarDriverImplCommon::checkIfTofLidar(bool & isTofLidar, [01;35m[K_u32 timeout[m[K)
[45.713s]       |                                                                      [01;35m[K~~~~~^~~~~~~[m[K
[45.755s] [01m[K/home/ubuntu/mako_robot/mako_ws/src/lidar_ros2/sdk/src/rplidar_driver.cpp:[m[K In member function ‘[01m[Kvirtual void rp::standalone::rplidar::RPlidarDriverImplCommon::_dense_capsuleToNormal(const rplidar_response_capsule_measurement_nodes_t&, rplidar_response_measurement_node_hq_t*, size_t&)[m[K’:
[45.756s] [01m[K/home/ubuntu/mako_robot/mako_ws/src/lidar_ros2/sdk/src/rplidar_driver.cpp:872:108:[m[K [01;35m[Kwarning: [m[Ktype qualifiers ignored on cast result type [[01;35m[K-Wignored-qualifiers[m[K]
[45.757s]   872 |             const int dist = static_cast<const int>(_cached_previous_dense_capsuledata.cabins[pos].distance[01;35m[K)[m[K;
[45.758s]       |                                                                                                            [01;35m[K^[m[K
[45.769s] [01m[K/home/ubuntu/mako_robot/mako_ws/src/lidar_ros2/sdk/src/rplidar_driver.cpp:[m[K In function ‘[01m[K_u32 rp::standalone::rplidar::_crc32cal(_u32, void*, _u16)[m[K’:
[45.771s] [01m[K/home/ubuntu/mako_robot/mako_ws/src/lidar_ros2/sdk/src/rplidar_driver.cpp:996:23:[m[K [01;35m[Kwarning: [m[Ksuggest parentheses around ‘[01m[K-[m[K’ in operand of ‘[01m[K&[m[K’ [[01;35m[K-Wparentheses[m[K]
[45.772s]   996 |     _u8 leftBytes = [01;35m[K4 - len[m[K & 0x3;
[45.774s]       |                     [01;35m[K~~^~~~~[m[K
[45.789s] [01m[K/home/ubuntu/mako_robot/mako_ws/src/lidar_ros2/sdk/src/rplidar_driver.cpp:[m[K In member function ‘[01m[Kvirtual void rp::standalone::rplidar::RPlidarDriverImplCommon::_ultraCapsuleToNormal(const rplidar_response_ultra_capsule_measurement_nodes_t&, rplidar_response_measurement_node_hq_t*, size_t&)[m[K’:
[45.790s] [01m[K/home/ubuntu/mako_robot/mako_ws/src/lidar_ros2/sdk/src/rplidar_driver.cpp:1207:32:[m[K [01;35m[Kwarning: [m[Kcomparison of integer expressions of different signedness: ‘[01m[Kint[m[K’ and ‘[01m[Kunsigned int[m[K’ [[01;35m[K-Wsign-compare[m[K]
[45.791s]  1207 |             if (([01;35m[Kdist_predict1 == 0xFFFFFE00[m[K) || (dist_predict1 == 0x1FF)) {
[45.792s]       |                  [01;35m[K~~~~~~~~~~~~~~^~~~~~~~~~~~~[m[K
[45.796s] [01m[K/home/ubuntu/mako_robot/mako_ws/src/lidar_ros2/sdk/src/rplidar_driver.cpp:1215:32:[m[K [01;35m[Kwarning: [m[Kcomparison of integer expressions of different signedness: ‘[01m[Kint[m[K’ and ‘[01m[Kunsigned int[m[K’ [[01;35m[K-Wsign-compare[m[K]
[45.803s]  1215 |             if (([01;35m[Kdist_predict2 == 0xFFFFFE00[m[K) || (dist_predict2 == 0x1FF)) {
[45.804s]       |                  [01;35m[K~~~~~~~~~~~~~~^~~~~~~~~~~~~[m[K
[45.842s] [01m[K/home/ubuntu/mako_robot/mako_ws/src/lidar_ros2/sdk/src/rplidar_driver.cpp:[m[K In member function ‘[01m[Kvirtual u_result rp::standalone::rplidar::RPlidarDriverImplCommon::getAllSupportedScanModes(std::vector<rp::standalone::rplidar::RplidarScanMode>&, _u32)[m[K’:
[45.843s] [01m[K/home/ubuntu/mako_robot/mako_ws/src/lidar_ros2/sdk/src/rplidar_driver.cpp:1453:105:[m[K [01;35m[Kwarning: [m[Kunused parameter ‘[01m[KtimeoutInMs[m[K’ [[01;35m[K-Wunused-parameter[m[K]
[45.844s]  1453 | u_result RPlidarDriverImplCommon::getAllSupportedScanModes(std::vector<RplidarScanMode>& outModes, [01;35m[K_u32 timeoutInMs[m[K)
[45.845s]       |                                                                                                    [01;35m[K~~~~~^~~~~~~~~~~[m[K
[45.849s] [01m[K/home/ubuntu/mako_robot/mako_ws/src/lidar_ros2/sdk/src/rplidar_driver.cpp:[m[K In member function ‘[01m[Kvirtual u_result rp::standalone::rplidar::RPlidarDriverImplCommon::startScan(bool, bool, _u32, rp::standalone::rplidar::RplidarScanMode*)[m[K’:
[45.850s] [01m[K/home/ubuntu/mako_robot/mako_ws/src/lidar_ros2/sdk/src/rplidar_driver.cpp:1550:83:[m[K [01;35m[Kwarning: [m[Kunused parameter ‘[01m[Koptions[m[K’ [[01;35m[K-Wunused-parameter[m[K]
[45.851s]  1550 | u_result RPlidarDriverImplCommon::startScan(bool force, bool useTypicalScan, [01;35m[K_u32 options[m[K, RplidarScanMode* outUsedScanMode)
[45.852s]       |                                                                              [01;35m[K~~~~~^~~~~~~[m[K
[45.876s] [01m[K/home/ubuntu/mako_robot/mako_ws/src/lidar_ros2/sdk/src/rplidar_driver.cpp:[m[K In member function ‘[01m[Kvirtual u_result rp::standalone::rplidar::RPlidarDriverImplCommon::stop(_u32)[m[K’:
[45.878s] [01m[K/home/ubuntu/mako_robot/mako_ws/src/lidar_ros2/sdk/src/rplidar_driver.cpp:1774:45:[m[K [01;35m[Kwarning: [m[Kunused parameter ‘[01m[Ktimeout[m[K’ [[01;35m[K-Wunused-parameter[m[K]
[45.879s]  1774 | u_result RPlidarDriverImplCommon::stop([01;35m[K_u32 timeout[m[K)
[45.880s]       |                                        [01;35m[K~~~~~^~~~~~~[m[K
[45.893s] [01m[K/home/ubuntu/mako_robot/mako_ws/src/lidar_ros2/sdk/src/rplidar_driver.cpp:[m[K In member function ‘[01m[Kvirtual u_result rp::standalone::rplidar::RPlidarDriverImplCommon::setLidarSpinSpeed(_u16, _u32)[m[K’:
[45.894s] [01m[K/home/ubuntu/mako_robot/mako_ws/src/lidar_ros2/sdk/src/rplidar_driver.cpp:2162:68:[m[K [01;35m[Kwarning: [m[Kunused parameter ‘[01m[Ktimeout[m[K’ [[01;35m[K-Wunused-parameter[m[K]
[45.895s]  2162 | u_result RPlidarDriverImplCommon::setLidarSpinSpeed(_u16 rpm, [01;35m[K_u32 timeout[m[K)
[45.896s]       |                                                               [01;35m[K~~~~~^~~~~~~[m[K
[45.901s] [01m[K/home/ubuntu/mako_robot/mako_ws/src/lidar_ros2/sdk/src/rplidar_driver.cpp:[m[K In member function ‘[01m[Kvirtual u_result rp::standalone::rplidar::RPlidarDriverSerial::connect(const char*, _u32, _u32)[m[K’:
[45.902s] [01m[K/home/ubuntu/mako_robot/mako_ws/src/lidar_ros2/sdk/src/rplidar_driver.cpp:2240:83:[m[K [01;35m[Kwarning: [m[Kunused parameter ‘[01m[Kflag[m[K’ [[01;35m[K-Wunused-parameter[m[K]
[45.905s]  2240 | u_result RPlidarDriverSerial::connect(const char * port_path, _u32 baudrate, [01;35m[K_u32 flag[m[K)
[45.906s]       |                                                                              [01;35m[K~~~~~^~~~[m[K
[45.908s] [01m[K/home/ubuntu/mako_robot/mako_ws/src/lidar_ros2/sdk/src/rplidar_driver.cpp:[m[K In member function ‘[01m[Kvirtual u_result rp::standalone::rplidar::RPlidarDriverTCP::connect(const char*, _u32, _u32)[m[K’:
[45.919s] [01m[K/home/ubuntu/mako_robot/mako_ws/src/lidar_ros2/sdk/src/rplidar_driver.cpp:2282:72:[m[K [01;35m[Kwarning: [m[Kunused parameter ‘[01m[Kflag[m[K’ [[01;35m[K-Wunused-parameter[m[K]
[45.921s]  2282 | u_result RPlidarDriverTCP::connect(const char * ipStr, _u32 port, [01;35m[K_u32 flag[m[K)
[45.923s]       |                                                                   [01;35m[K~~~~~^~~~[m[K
[46.631s] [ 77%] [32m[1mLinking CXX shared library librplidar_composition_node.so[0m
[48.124s] [ 83%] [32m[1mLinking CXX executable rplidarNodeClient[0m
[48.257s] [ 83%] Built target rplidar_composition_node
[48.337s] [35m[1mScanning dependencies of target rplidar_composition[0m
[48.384s] [ 88%] [32m[1mLinking CXX executable rplidarNode[0m
[48.703s] [ 94%] [32mBuilding CXX object CMakeFiles/rplidar_composition.dir/src/standalone_rplidar.cpp.o[0m
[49.596s] In file included from [01m[K/home/ubuntu/mako_robot/mako_ws/src/lidar_ros2/src/standalone_rplidar.cpp:16[m[K:
[49.597s] [01m[K/home/ubuntu/mako_robot/mako_ws/src/lidar_ros2/include/rplidar_node.hpp:50:[m[K [01;35m[Kwarning: [m[K"M_PI" redefined
[49.598s]    50 | #define M_PI 3.1415926535897932384626433832795
[49.603s]       | 
[49.604s] In file included from [01m[K/usr/include/c++/9/cmath:45[m[K,
[49.606s]                  from [01m[K/opt/ros/foxy/include/libstatistics_collector/moving_average_statistics/types.hpp:18[m[K,
[49.610s]                  from [01m[K/opt/ros/foxy/include/libstatistics_collector/collector/generate_statistics_message.hpp:24[m[K,
[49.611s]                  from [01m[K/opt/ros/foxy/include/rclcpp/topic_statistics/subscription_topic_statistics.hpp:23[m[K,
[49.612s]                  from [01m[K/opt/ros/foxy/include/rclcpp/subscription.hpp:50[m[K,
[49.614s]                  from [01m[K/opt/ros/foxy/include/rclcpp/any_executable.hpp:25[m[K,
[49.616s]                  from [01m[K/opt/ros/foxy/include/rclcpp/memory_strategy.hpp:24[m[K,
[49.617s]                  from [01m[K/opt/ros/foxy/include/rclcpp/memory_strategies.hpp:18[m[K,
[49.617s]                  from [01m[K/opt/ros/foxy/include/rclcpp/executor_options.hpp:20[m[K,
[49.618s]                  from [01m[K/opt/ros/foxy/include/rclcpp/executor.hpp:33[m[K,
[49.621s]                  from [01m[K/opt/ros/foxy/include/rclcpp/executors/multi_threaded_executor.hpp:25[m[K,
[49.650s]                  from [01m[K/opt/ros/foxy/include/rclcpp/executors.hpp:21[m[K,
[49.651s]                  from [01m[K/opt/ros/foxy/include/rclcpp/rclcpp.hpp:146[m[K,
[49.652s]                  from [01m[K/home/ubuntu/mako_robot/mako_ws/src/lidar_ros2/include/rplidar_node.hpp:34[m[K,
[49.653s]                  from [01m[K/home/ubuntu/mako_robot/mako_ws/src/lidar_ros2/src/standalone_rplidar.cpp:16[m[K:
[49.654s] [01m[K/usr/include/math.h:1070:[m[K [01;36m[Knote: [m[Kthis is the location of the previous definition
[49.654s]  1070 | # define M_PI  3.14159265358979323846 /* pi */
[49.655s]       | 
[49.809s] [ 94%] Built target rplidarNodeClient
[49.822s] [ 94%] Built target rplidarNode
[56.114s] In file included from [01m[K/home/ubuntu/mako_robot/mako_ws/src/lidar_ros2/./sdk/include/rplidar.h:39[m[K,
[56.115s]                  from [01m[K/home/ubuntu/mako_robot/mako_ws/src/lidar_ros2/include/rplidar_node.hpp:41[m[K,
[56.116s]                  from [01m[K/home/ubuntu/mako_robot/mako_ws/src/lidar_ros2/src/standalone_rplidar.cpp:16[m[K:
[56.116s] [01m[K/home/ubuntu/mako_robot/mako_ws/src/lidar_ros2/./sdk/include/rplidar_protocol.h:59:14:[m[K [01;35m[Kwarning: [m[KISO C++ forbids zero-size array ‘[01m[Kdata[m[K’ [[01;35m[K-Wpedantic[m[K]
[56.117s]    59 |     _u8 data[[01;35m[K0[m[K];
[56.118s]       |              [01;35m[K^[m[K
[56.119s] In file included from [01m[K/home/ubuntu/mako_robot/mako_ws/src/lidar_ros2/./sdk/include/rplidar.h:40[m[K,
[56.120s]                  from [01m[K/home/ubuntu/mako_robot/mako_ws/src/lidar_ros2/include/rplidar_node.hpp:41[m[K,
[56.120s]                  from [01m[K/home/ubuntu/mako_robot/mako_ws/src/lidar_ros2/src/standalone_rplidar.cpp:16[m[K:
[56.121s] [01m[K/home/ubuntu/mako_robot/mako_ws/src/lidar_ros2/./sdk/include/rplidar_cmd.h:260:18:[m[K [01;35m[Kwarning: [m[KISO C++ forbids zero-size array ‘[01m[Kpayload[m[K’ [[01;35m[K-Wpedantic[m[K]
[56.121s]   260 |     _u8  payload[[01;35m[K0[m[K];
[56.122s]       |                  [01;35m[K^[m[K
[58.477s] In file included from [01m[K/home/ubuntu/mako_robot/mako_ws/src/lidar_ros2/src/standalone_rplidar.cpp:16[m[K:
[58.477s] [01m[K/home/ubuntu/mako_robot/mako_ws/src/lidar_ros2/include/rplidar_node.hpp:76:14:[m[K [01;35m[Kwarning: [m[K‘[01m[Kfloat rplidar_ros::getAngle(const rplidar_response_measurement_node_hq_t&)[m[K’ defined but not used [[01;35m[K-Wunused-function[m[K]
[58.478s]    76 | static float [01;35m[KgetAngle[m[K(const rplidar_response_measurement_node_hq_t& node)
[58.479s]       |              [01;35m[K^~~~~~~~[m[K
[58.992s] [100%] [32m[1mLinking CXX executable rplidar_composition[0m
[59.833s] [100%] Built target rplidar_composition
[59.878s] Invoked command in '/home/ubuntu/mako_robot/mako_ws/build/rplidar_ros' returned '0': CMAKE_PREFIX_PATH=${CMAKE_PREFIX_PATH}:/opt/ros/foxy /usr/bin/cmake --build /home/ubuntu/mako_robot/mako_ws/build/rplidar_ros -- -j4 -l4
[60.217s] Invoking command in '/home/ubuntu/mako_robot/mako_ws/build/rplidar_ros': CMAKE_PREFIX_PATH=${CMAKE_PREFIX_PATH}:/opt/ros/foxy /usr/bin/cmake --install /home/ubuntu/mako_robot/mako_ws/build/rplidar_ros
[60.254s] -- Install configuration: ""
[60.255s] -- Installing: /home/ubuntu/mako_robot/mako_ws/install/rplidar_ros/lib/rplidar_ros/rplidarNode
[60.265s] -- Set runtime path of "/home/ubuntu/mako_robot/mako_ws/install/rplidar_ros/lib/rplidar_ros/rplidarNode" to ""
[60.266s] -- Installing: /home/ubuntu/mako_robot/mako_ws/install/rplidar_ros/lib/rplidar_ros/rplidarNodeClient
[60.279s] -- Set runtime path of "/home/ubuntu/mako_robot/mako_ws/install/rplidar_ros/lib/rplidar_ros/rplidarNodeClient" to ""
[60.280s] -- Installing: /home/ubuntu/mako_robot/mako_ws/install/rplidar_ros/lib/rplidar_ros/rplidar_composition
[60.283s] -- Set runtime path of "/home/ubuntu/mako_robot/mako_ws/install/rplidar_ros/lib/rplidar_ros/rplidar_composition" to ""
[60.283s] -- Installing: /home/ubuntu/mako_robot/mako_ws/install/rplidar_ros/share/rplidar_ros/launch
[60.284s] -- Installing: /home/ubuntu/mako_robot/mako_ws/install/rplidar_ros/share/rplidar_ros/launch/rplidar_a3.launch.py
[60.285s] -- Installing: /home/ubuntu/mako_robot/mako_ws/install/rplidar_ros/share/rplidar_ros/launch/view_rplidar_a3.launch.py
[60.286s] -- Installing: /home/ubuntu/mako_robot/mako_ws/install/rplidar_ros/share/rplidar_ros/launch/rplidar_s1_tcp.launch.py
[60.287s] -- Installing: /home/ubuntu/mako_robot/mako_ws/install/rplidar_ros/share/rplidar_ros/launch/rplidar.launch.py
[60.287s] -- Installing: /home/ubuntu/mako_robot/mako_ws/install/rplidar_ros/share/rplidar_ros/launch/view_rplidar.launch.py
[60.288s] -- Installing: /home/ubuntu/mako_robot/mako_ws/install/rplidar_ros/share/rplidar_ros/launch/rplidar_s1.launch.py
[60.289s] -- Installing: /home/ubuntu/mako_robot/mako_ws/install/rplidar_ros/share/rplidar_ros/launch/test_rplidar.launch.py
[60.290s] -- Installing: /home/ubuntu/mako_robot/mako_ws/install/rplidar_ros/share/rplidar_ros/launch/view_rplidar_s1.launch.py
[60.291s] -- Installing: /home/ubuntu/mako_robot/mako_ws/install/rplidar_ros/share/rplidar_ros/launch/view_rplidar_s1_tcp.launch.py
[60.292s] -- Installing: /home/ubuntu/mako_robot/mako_ws/install/rplidar_ros/share/rplidar_ros/launch/test_rplidar_a3.launch.py
[60.293s] -- Installing: /home/ubuntu/mako_robot/mako_ws/install/rplidar_ros/share/rplidar_ros/rviz
[60.293s] -- Installing: /home/ubuntu/mako_robot/mako_ws/install/rplidar_ros/share/rplidar_ros/rviz/rplidar.rviz
[60.294s] -- Installing: /home/ubuntu/mako_robot/mako_ws/install/rplidar_ros/lib/librplidar_composition_node.so
[60.309s] -- Set runtime path of "/home/ubuntu/mako_robot/mako_ws/install/rplidar_ros/lib/librplidar_composition_node.so" to ""
[60.310s] -- Installing: /home/ubuntu/mako_robot/mako_ws/install/rplidar_ros/include
[60.312s] -- Installing: /home/ubuntu/mako_robot/mako_ws/install/rplidar_ros/include/visibility.h
[60.313s] -- Installing: /home/ubuntu/mako_robot/mako_ws/install/rplidar_ros/include/rplidar_node.hpp
[60.315s] -- Up-to-date: /home/ubuntu/mako_robot/mako_ws/install/rplidar_ros/lib/rplidar_ros/rplidarNode
[60.318s] -- Up-to-date: /home/ubuntu/mako_robot/mako_ws/install/rplidar_ros/lib/rplidar_ros/rplidarNodeClient
[60.320s] -- Up-to-date: /home/ubuntu/mako_robot/mako_ws/install/rplidar_ros/lib/rplidar_ros/rplidar_composition
[60.322s] -- Installing: /home/ubuntu/mako_robot/mako_ws/install/rplidar_ros/share/ament_index/resource_index/package_run_dependencies/rplidar_ros
[60.324s] -- Installing: /home/ubuntu/mako_robot/mako_ws/install/rplidar_ros/share/ament_index/resource_index/parent_prefix_path/rplidar_ros
[60.326s] -- Installing: /home/ubuntu/mako_robot/mako_ws/install/rplidar_ros/share/rplidar_ros/environment/ament_prefix_path.sh
[60.327s] -- Installing: /home/ubuntu/mako_robot/mako_ws/install/rplidar_ros/share/rplidar_ros/environment/ament_prefix_path.dsv
[60.328s] -- Installing: /home/ubuntu/mako_robot/mako_ws/install/rplidar_ros/share/rplidar_ros/environment/path.sh
[60.329s] -- Installing: /home/ubuntu/mako_robot/mako_ws/install/rplidar_ros/share/rplidar_ros/environment/path.dsv
[60.330s] -- Installing: /home/ubuntu/mako_robot/mako_ws/install/rplidar_ros/share/rplidar_ros/local_setup.bash
[60.333s] -- Installing: /home/ubuntu/mako_robot/mako_ws/install/rplidar_ros/share/rplidar_ros/local_setup.sh
[60.335s] -- Installing: /home/ubuntu/mako_robot/mako_ws/install/rplidar_ros/share/rplidar_ros/local_setup.zsh
[60.336s] -- Installing: /home/ubuntu/mako_robot/mako_ws/install/rplidar_ros/share/rplidar_ros/local_setup.dsv
[60.337s] -- Installing: /home/ubuntu/mako_robot/mako_ws/install/rplidar_ros/share/rplidar_ros/package.dsv
[60.339s] -- Installing: /home/ubuntu/mako_robot/mako_ws/install/rplidar_ros/share/ament_index/resource_index/packages/rplidar_ros
[60.340s] -- Installing: /home/ubuntu/mako_robot/mako_ws/install/rplidar_ros/share/rplidar_ros/cmake/ament_cmake_export_dependencies-extras.cmake
[60.341s] -- Installing: /home/ubuntu/mako_robot/mako_ws/install/rplidar_ros/share/rplidar_ros/cmake/ament_cmake_export_include_directories-extras.cmake
[60.343s] -- Installing: /home/ubuntu/mako_robot/mako_ws/install/rplidar_ros/share/rplidar_ros/cmake/rplidar_rosConfig.cmake
[60.344s] -- Installing: /home/ubuntu/mako_robot/mako_ws/install/rplidar_ros/share/rplidar_ros/cmake/rplidar_rosConfig-version.cmake
[60.345s] -- Installing: /home/ubuntu/mako_robot/mako_ws/install/rplidar_ros/share/rplidar_ros/package.xml
[60.356s] Invoked command in '/home/ubuntu/mako_robot/mako_ws/build/rplidar_ros' returned '0': CMAKE_PREFIX_PATH=${CMAKE_PREFIX_PATH}:/opt/ros/foxy /usr/bin/cmake --install /home/ubuntu/mako_robot/mako_ws/build/rplidar_ros
