[0.923s] Invoking command in '/home/karim/mako_robot/mako_ws/build/rplidar_ros': CMAKE_PREFIX_PATH=${CMAKE_PREFIX_PATH}:/home/karim/project_ws/install/ros_project_pkg_py_robot_driver:/home/karim/project_ws/install/dev_test_tools:/home/karim/ros2_ws/install/my_py_pkg:/home/karim/mako_robot/mako_ws/install/mako_py_serial_interface:/home/karim/mako_robot/mako_ws/install/mako_py_feedback_actuators:/home/karim/mako_robot/mako_ws/install/mako_py_brain:/home/karim/mako_robot/mako_ws/install/dev_test_tools:/opt/ros/foxy /usr/bin/cmake --build /home/karim/mako_robot/mako_ws/build/rplidar_ros -- -j6 -l6
[1.080s] [ 11%] Built target rplidarNodeClient
[1.092s] [ 50%] Built target rplidar_composition_node
[1.096s] [ 88%] Built target rplidarNode
[1.141s] [100%] Built target rplidar_composition
[1.181s] Invoked command in '/home/karim/mako_robot/mako_ws/build/rplidar_ros' returned '0': CMAKE_PREFIX_PATH=${CMAKE_PREFIX_PATH}:/home/karim/project_ws/install/ros_project_pkg_py_robot_driver:/home/karim/project_ws/install/dev_test_tools:/home/karim/ros2_ws/install/my_py_pkg:/home/karim/mako_robot/mako_ws/install/mako_py_serial_interface:/home/karim/mako_robot/mako_ws/install/mako_py_feedback_actuators:/home/karim/mako_robot/mako_ws/install/mako_py_brain:/home/karim/mako_robot/mako_ws/install/dev_test_tools:/opt/ros/foxy /usr/bin/cmake --build /home/karim/mako_robot/mako_ws/build/rplidar_ros -- -j6 -l6
[1.296s] Invoking command in '/home/karim/mako_robot/mako_ws/build/rplidar_ros': CMAKE_PREFIX_PATH=${CMAKE_PREFIX_PATH}:/home/karim/project_ws/install/ros_project_pkg_py_robot_driver:/home/karim/project_ws/install/dev_test_tools:/home/karim/ros2_ws/install/my_py_pkg:/home/karim/mako_robot/mako_ws/install/mako_py_serial_interface:/home/karim/mako_robot/mako_ws/install/mako_py_feedback_actuators:/home/karim/mako_robot/mako_ws/install/mako_py_brain:/home/karim/mako_robot/mako_ws/install/dev_test_tools:/opt/ros/foxy /usr/bin/cmake --install /home/karim/mako_robot/mako_ws/build/rplidar_ros
[1.307s] -- Install configuration: ""
[1.308s] -- Execute custom install script
[1.309s] -- Up-to-date symlink: /home/karim/mako_robot/mako_ws/install/rplidar_ros/lib/rplidar_ros/rplidarNode
[1.309s] -- Up-to-date symlink: /home/karim/mako_robot/mako_ws/install/rplidar_ros/lib/rplidar_ros/rplidarNodeClient
[1.310s] -- Up-to-date symlink: /home/karim/mako_robot/mako_ws/install/rplidar_ros/lib/rplidar_ros/rplidar_composition
[1.312s] -- Up-to-date symlink: /home/karim/mako_robot/mako_ws/install/rplidar_ros/share/rplidar_ros/launch/rplidar.launch.py
[1.313s] -- Up-to-date symlink: /home/karim/mako_robot/mako_ws/install/rplidar_ros/share/rplidar_ros/launch/rplidar_a3.launch.py
[1.313s] -- Up-to-date symlink: /home/karim/mako_robot/mako_ws/install/rplidar_ros/share/rplidar_ros/launch/rplidar_s1.launch.py
[1.313s] -- Up-to-date symlink: /home/karim/mako_robot/mako_ws/install/rplidar_ros/share/rplidar_ros/launch/rplidar_s1_tcp.launch.py
[1.314s] -- Up-to-date symlink: /home/karim/mako_robot/mako_ws/install/rplidar_ros/share/rplidar_ros/launch/test_rplidar.launch.py
[1.314s] -- Up-to-date symlink: /home/karim/mako_robot/mako_ws/install/rplidar_ros/share/rplidar_ros/launch/test_rplidar_a3.launch.py
[1.315s] -- Up-to-date symlink: /home/karim/mako_robot/mako_ws/install/rplidar_ros/share/rplidar_ros/launch/view_rplidar.launch.py
[1.315s] -- Up-to-date symlink: /home/karim/mako_robot/mako_ws/install/rplidar_ros/share/rplidar_ros/launch/view_rplidar_a3.launch.py
[1.315s] -- Up-to-date symlink: /home/karim/mako_robot/mako_ws/install/rplidar_ros/share/rplidar_ros/launch/view_rplidar_s1.launch.py
[1.316s] -- Up-to-date symlink: /home/karim/mako_robot/mako_ws/install/rplidar_ros/share/rplidar_ros/launch/view_rplidar_s1_tcp.launch.py
[1.316s] -- Up-to-date symlink: /home/karim/mako_robot/mako_ws/install/rplidar_ros/share/rplidar_ros/rviz/rplidar.rviz
[1.317s] -- Up-to-date symlink: /home/karim/mako_robot/mako_ws/install/rplidar_ros/lib/librplidar_composition_node.so
[1.318s] -- Up-to-date symlink: /home/karim/mako_robot/mako_ws/install/rplidar_ros/include/rplidar_node.hpp
[1.319s] -- Up-to-date symlink: /home/karim/mako_robot/mako_ws/install/rplidar_ros/include/visibility.h
[1.360s] -- Up-to-date symlink: /home/karim/mako_robot/mako_ws/install/rplidar_ros/lib/rplidar_ros/rplidarNode
[1.363s] -- Up-to-date symlink: /home/karim/mako_robot/mako_ws/install/rplidar_ros/lib/rplidar_ros/rplidarNodeClient
[1.364s] -- Up-to-date symlink: /home/karim/mako_robot/mako_ws/install/rplidar_ros/lib/rplidar_ros/rplidar_composition
[1.394s] -- Up-to-date symlink: /home/karim/mako_robot/mako_ws/install/rplidar_ros/share/ament_index/resource_index/package_run_dependencies/rplidar_ros
[1.394s] -- Up-to-date symlink: /home/karim/mako_robot/mako_ws/install/rplidar_ros/share/ament_index/resource_index/parent_prefix_path/rplidar_ros
[1.394s] -- Up-to-date symlink: /home/karim/mako_robot/mako_ws/install/rplidar_ros/share/rplidar_ros/environment/ament_prefix_path.sh
[1.394s] -- Up-to-date symlink: /home/karim/mako_robot/mako_ws/install/rplidar_ros/share/rplidar_ros/environment/ament_prefix_path.dsv
[1.443s] -- Up-to-date symlink: /home/karim/mako_robot/mako_ws/install/rplidar_ros/share/rplidar_ros/environment/path.sh
[1.443s] -- Up-to-date symlink: /home/karim/mako_robot/mako_ws/install/rplidar_ros/share/rplidar_ros/environment/path.dsv
[1.443s] -- Up-to-date symlink: /home/karim/mako_robot/mako_ws/install/rplidar_ros/share/rplidar_ros/local_setup.bash
[1.443s] -- Up-to-date symlink: /home/karim/mako_robot/mako_ws/install/rplidar_ros/share/rplidar_ros/local_setup.sh
[1.443s] -- Up-to-date symlink: /home/karim/mako_robot/mako_ws/install/rplidar_ros/share/rplidar_ros/local_setup.zsh
[1.443s] -- Up-to-date symlink: /home/karim/mako_robot/mako_ws/install/rplidar_ros/share/rplidar_ros/local_setup.dsv
[1.443s] -- Symlinking: /home/karim/mako_robot/mako_ws/install/rplidar_ros/share/rplidar_ros/package.dsv
[1.453s] -- Up-to-date symlink: /home/karim/mako_robot/mako_ws/install/rplidar_ros/share/ament_index/resource_index/packages/rplidar_ros
[1.453s] -- Up-to-date symlink: /home/karim/mako_robot/mako_ws/install/rplidar_ros/share/rplidar_ros/cmake/ament_cmake_export_dependencies-extras.cmake
[1.454s] -- Up-to-date symlink: /home/karim/mako_robot/mako_ws/install/rplidar_ros/share/rplidar_ros/cmake/ament_cmake_export_include_directories-extras.cmake
[1.455s] -- Up-to-date symlink: /home/karim/mako_robot/mako_ws/install/rplidar_ros/share/rplidar_ros/cmake/rplidar_rosConfig.cmake
[1.456s] -- Up-to-date symlink: /home/karim/mako_robot/mako_ws/install/rplidar_ros/share/rplidar_ros/cmake/rplidar_rosConfig-version.cmake
[1.456s] -- Up-to-date symlink: /home/karim/mako_robot/mako_ws/install/rplidar_ros/share/rplidar_ros/package.xml
[1.462s] Invoked command in '/home/karim/mako_robot/mako_ws/build/rplidar_ros' returned '0': CMAKE_PREFIX_PATH=${CMAKE_PREFIX_PATH}:/home/karim/project_ws/install/ros_project_pkg_py_robot_driver:/home/karim/project_ws/install/dev_test_tools:/home/karim/ros2_ws/install/my_py_pkg:/home/karim/mako_robot/mako_ws/install/mako_py_serial_interface:/home/karim/mako_robot/mako_ws/install/mako_py_feedback_actuators:/home/karim/mako_robot/mako_ws/install/mako_py_brain:/home/karim/mako_robot/mako_ws/install/dev_test_tools:/opt/ros/foxy /usr/bin/cmake --install /home/karim/mako_robot/mako_ws/build/rplidar_ros
