[1.070s] Invoking command in '/home/karim/mako_robot/mako_ws/build/mako_py_serial_interface': PYTHONPATH=/home/karim/mako_robot/mako_ws/install/mako_py_serial_interface/lib/python3.8/site-packages:${PYTHONPATH} /usr/bin/python3 setup.py develop --prefix /home/karim/mako_robot/mako_ws/install/mako_py_serial_interface --uninstall --editable --build-directory /home/karim/mako_robot/mako_ws/build/mako_py_serial_interface/build
[1.431s] running develop
[1.635s] Removing /home/karim/mako_robot/mako_ws/install/mako_py_serial_interface/lib/python3.8/site-packages/mako-py-serial-interface.egg-link (link to .)
[1.675s] Invoked command in '/home/karim/mako_robot/mako_ws/build/mako_py_serial_interface' returned '0': PYTHONPATH=/home/karim/mako_robot/mako_ws/install/mako_py_serial_interface/lib/python3.8/site-packages:${PYTHONPATH} /usr/bin/python3 setup.py develop --prefix /home/karim/mako_robot/mako_ws/install/mako_py_serial_interface --uninstall --editable --build-directory /home/karim/mako_robot/mako_ws/build/mako_py_serial_interface/build
[1.676s] Invoking command in '/home/karim/mako_robot/mako_ws/src/mako_py_serial_interface': PYTHONPATH=/home/karim/mako_robot/mako_ws/install/mako_py_serial_interface/lib/python3.8/site-packages:${PYTHONPATH} /usr/bin/python3 setup.py egg_info --egg-base ../../build/mako_py_serial_interface build --build-base /home/karim/mako_robot/mako_ws/build/mako_py_serial_interface/build install --prefix /home/karim/mako_robot/mako_ws/install/mako_py_serial_interface --record /home/karim/mako_robot/mako_ws/build/mako_py_serial_interface/install.log --single-version-externally-managed
[2.190s] running egg_info
[2.193s] writing ../../build/mako_py_serial_interface/mako_py_serial_interface.egg-info/PKG-INFO
[2.193s] writing dependency_links to ../../build/mako_py_serial_interface/mako_py_serial_interface.egg-info/dependency_links.txt
[2.194s] writing entry points to ../../build/mako_py_serial_interface/mako_py_serial_interface.egg-info/entry_points.txt
[2.194s] writing requirements to ../../build/mako_py_serial_interface/mako_py_serial_interface.egg-info/requires.txt
[2.194s] writing top-level names to ../../build/mako_py_serial_interface/mako_py_serial_interface.egg-info/top_level.txt
[2.234s] reading manifest file '../../build/mako_py_serial_interface/mako_py_serial_interface.egg-info/SOURCES.txt'
[2.236s] writing manifest file '../../build/mako_py_serial_interface/mako_py_serial_interface.egg-info/SOURCES.txt'
[2.238s] running build
[2.238s] running build_py
[2.239s] running install
[2.241s] running install_lib
[2.243s] creating /home/karim/mako_robot/mako_ws/install/mako_py_serial_interface/lib/python3.8/site-packages/mako_py_serial_interface
[2.243s] copying /home/karim/mako_robot/mako_ws/build/mako_py_serial_interface/build/lib/mako_py_serial_interface/pi_arduino_interface.py -> /home/karim/mako_robot/mako_ws/install/mako_py_serial_interface/lib/python3.8/site-packages/mako_py_serial_interface
[2.244s] copying /home/karim/mako_robot/mako_ws/build/mako_py_serial_interface/build/lib/mako_py_serial_interface/__init__.py -> /home/karim/mako_robot/mako_ws/install/mako_py_serial_interface/lib/python3.8/site-packages/mako_py_serial_interface
[2.245s] byte-compiling /home/karim/mako_robot/mako_ws/install/mako_py_serial_interface/lib/python3.8/site-packages/mako_py_serial_interface/pi_arduino_interface.py to pi_arduino_interface.cpython-38.pyc
[2.248s] byte-compiling /home/karim/mako_robot/mako_ws/install/mako_py_serial_interface/lib/python3.8/site-packages/mako_py_serial_interface/__init__.py to __init__.cpython-38.pyc
[2.248s] running install_data
[2.252s] running install_egg_info
[2.267s] Copying ../../build/mako_py_serial_interface/mako_py_serial_interface.egg-info to /home/karim/mako_robot/mako_ws/install/mako_py_serial_interface/lib/python3.8/site-packages/mako_py_serial_interface-0.0.0-py3.8.egg-info
[2.267s] running install_scripts
[2.277s] writing list of installed files to '/home/karim/mako_robot/mako_ws/build/mako_py_serial_interface/install.log'
[2.316s] Invoked command in '/home/karim/mako_robot/mako_ws/src/mako_py_serial_interface' returned '0': PYTHONPATH=/home/karim/mako_robot/mako_ws/install/mako_py_serial_interface/lib/python3.8/site-packages:${PYTHONPATH} /usr/bin/python3 setup.py egg_info --egg-base ../../build/mako_py_serial_interface build --build-base /home/karim/mako_robot/mako_ws/build/mako_py_serial_interface/build install --prefix /home/karim/mako_robot/mako_ws/install/mako_py_serial_interface --record /home/karim/mako_robot/mako_ws/build/mako_py_serial_interface/install.log --single-version-externally-managed
