[0.725s] DEBUG:colcon:Command line arguments: ['/usr/bin/colcon', 'build']
[0.726s] DEBUG:colcon:Parsed command line arguments: Namespace(ament_cmake_args=None, base_paths=['.'], build_base='build', catkin_cmake_args=None, catkin_skip_building_tests=False, cmake_args=None, cmake_clean_cache=False, cmake_clean_first=False, cmake_force_configure=False, cmake_target=None, cmake_target_skip_unavailable=False, continue_on_error=False, event_handlers=None, executor='parallel', ignore_user_meta=False, install_base='install', log_base=None, log_level=None, main=<bound method BuildVerb.main of <colcon_core.verb.build.BuildVerb object at 0xffffac4f1490>>, merge_install=False, metas=['./colcon.meta'], packages_above=None, packages_above_and_dependencies=None, packages_above_depth=None, packages_end=None, packages_ignore=None, packages_ignore_regex=None, packages_select=None, packages_select_build_failed=False, packages_select_by_dep=None, packages_select_regex=None, packages_select_test_failures=False, packages_skip=None, packages_skip_build_finished=False, packages_skip_by_dep=None, packages_skip_regex=None, packages_skip_test_passed=False, packages_skip_up_to=None, packages_start=None, packages_up_to=None, packages_up_to_regex=None, parallel_workers=4, paths=None, symlink_install=False, test_result_base=None, verb_extension=<colcon_core.verb.build.BuildVerb object at 0xffffac4f1490>, verb_name='build', verb_parser=<colcon_defaults.argument_parser.defaults.DefaultArgumentsDecorator object at 0xffffac4f19d0>)
[0.749s] Level 1:colcon.colcon_core.package_discovery:discover_packages(colcon_meta) check parameters
[0.750s] Level 1:colcon.colcon_core.package_discovery:discover_packages(recursive) check parameters
[0.750s] Level 1:colcon.colcon_core.package_discovery:discover_packages(ignore) check parameters
[0.750s] Level 1:colcon.colcon_core.package_discovery:discover_packages(path) check parameters
[0.750s] Level 1:colcon.colcon_core.package_discovery:discover_packages(colcon_meta) discover
[0.750s] Level 1:colcon.colcon_core.package_discovery:discover_packages(recursive) discover
[0.751s] INFO:colcon.colcon_core.package_discovery:Crawling recursively for packages in '/home/ubuntu/mako_robot/mako_ws'
[0.751s] Level 1:colcon.colcon_core.package_identification:_identify(.) by extensions ['ignore', 'ignore_ament_install']
[0.753s] Level 1:colcon.colcon_core.package_identification:_identify(.) by extension 'ignore'
[0.754s] Level 1:colcon.colcon_core.package_identification:_identify(.) by extension 'ignore_ament_install'
[0.754s] Level 1:colcon.colcon_core.package_identification:_identify(.) by extensions ['colcon_pkg']
[0.754s] Level 1:colcon.colcon_core.package_identification:_identify(.) by extension 'colcon_pkg'
[0.755s] Level 1:colcon.colcon_core.package_identification:_identify(.) by extensions ['colcon_meta']
[0.755s] Level 1:colcon.colcon_core.package_identification:_identify(.) by extension 'colcon_meta'
[0.755s] Level 1:colcon.colcon_core.package_identification:_identify(.) by extensions ['ros']
[0.755s] Level 1:colcon.colcon_core.package_identification:_identify(.) by extension 'ros'
[0.803s] Level 1:colcon.colcon_core.package_identification:_identify(.) by extensions ['cmake', 'python']
[0.804s] Level 1:colcon.colcon_core.package_identification:_identify(.) by extension 'cmake'
[0.804s] Level 1:colcon.colcon_core.package_identification:_identify(.) by extension 'python'
[0.805s] Level 1:colcon.colcon_core.package_identification:_identify(.) by extensions ['python_setup_py']
[0.805s] Level 1:colcon.colcon_core.package_identification:_identify(.) by extension 'python_setup_py'
[0.805s] Level 1:colcon.colcon_core.package_identification:_identify(build) by extensions ['ignore', 'ignore_ament_install']
[0.806s] Level 1:colcon.colcon_core.package_identification:_identify(build) by extension 'ignore'
[0.806s] Level 1:colcon.colcon_core.package_identification:_identify(build) ignored
[0.807s] Level 1:colcon.colcon_core.package_identification:_identify(install) by extensions ['ignore', 'ignore_ament_install']
[0.808s] Level 1:colcon.colcon_core.package_identification:_identify(install) by extension 'ignore'
[0.808s] Level 1:colcon.colcon_core.package_identification:_identify(install) ignored
[0.809s] Level 1:colcon.colcon_core.package_identification:_identify(log) by extensions ['ignore', 'ignore_ament_install']
[0.810s] Level 1:colcon.colcon_core.package_identification:_identify(log) by extension 'ignore'
[0.810s] Level 1:colcon.colcon_core.package_identification:_identify(log) ignored
[0.811s] Level 1:colcon.colcon_core.package_identification:_identify(src) by extensions ['ignore', 'ignore_ament_install']
[0.811s] Level 1:colcon.colcon_core.package_identification:_identify(src) by extension 'ignore'
[0.812s] Level 1:colcon.colcon_core.package_identification:_identify(src) by extension 'ignore_ament_install'
[0.812s] Level 1:colcon.colcon_core.package_identification:_identify(src) by extensions ['colcon_pkg']
[0.812s] Level 1:colcon.colcon_core.package_identification:_identify(src) by extension 'colcon_pkg'
[0.812s] Level 1:colcon.colcon_core.package_identification:_identify(src) by extensions ['colcon_meta']
[0.812s] Level 1:colcon.colcon_core.package_identification:_identify(src) by extension 'colcon_meta'
[0.813s] Level 1:colcon.colcon_core.package_identification:_identify(src) by extensions ['ros']
[0.813s] Level 1:colcon.colcon_core.package_identification:_identify(src) by extension 'ros'
[0.813s] Level 1:colcon.colcon_core.package_identification:_identify(src) by extensions ['cmake', 'python']
[0.813s] Level 1:colcon.colcon_core.package_identification:_identify(src) by extension 'cmake'
[0.813s] Level 1:colcon.colcon_core.package_identification:_identify(src) by extension 'python'
[0.814s] Level 1:colcon.colcon_core.package_identification:_identify(src) by extensions ['python_setup_py']
[0.814s] Level 1:colcon.colcon_core.package_identification:_identify(src) by extension 'python_setup_py'
[0.814s] Level 1:colcon.colcon_core.package_identification:_identify(src/dev_test_tools) by extensions ['ignore', 'ignore_ament_install']
[0.815s] Level 1:colcon.colcon_core.package_identification:_identify(src/dev_test_tools) by extension 'ignore'
[0.815s] Level 1:colcon.colcon_core.package_identification:_identify(src/dev_test_tools) by extension 'ignore_ament_install'
[0.815s] Level 1:colcon.colcon_core.package_identification:_identify(src/dev_test_tools) by extensions ['colcon_pkg']
[0.815s] Level 1:colcon.colcon_core.package_identification:_identify(src/dev_test_tools) by extension 'colcon_pkg'
[0.815s] Level 1:colcon.colcon_core.package_identification:_identify(src/dev_test_tools) by extensions ['colcon_meta']
[0.816s] Level 1:colcon.colcon_core.package_identification:_identify(src/dev_test_tools) by extension 'colcon_meta'
[0.816s] Level 1:colcon.colcon_core.package_identification:_identify(src/dev_test_tools) by extensions ['ros']
[0.816s] Level 1:colcon.colcon_core.package_identification:_identify(src/dev_test_tools) by extension 'ros'
[0.830s] DEBUG:colcon.colcon_core.package_identification:Package 'src/dev_test_tools' with type 'ros.ament_python' and name 'dev_test_tools'
[0.831s] Level 1:colcon.colcon_core.package_identification:_identify(src/lidar_ros2) by extensions ['ignore', 'ignore_ament_install']
[0.832s] Level 1:colcon.colcon_core.package_identification:_identify(src/lidar_ros2) by extension 'ignore'
[0.832s] Level 1:colcon.colcon_core.package_identification:_identify(src/lidar_ros2) by extension 'ignore_ament_install'
[0.832s] Level 1:colcon.colcon_core.package_identification:_identify(src/lidar_ros2) by extensions ['colcon_pkg']
[0.833s] Level 1:colcon.colcon_core.package_identification:_identify(src/lidar_ros2) by extension 'colcon_pkg'
[0.833s] Level 1:colcon.colcon_core.package_identification:_identify(src/lidar_ros2) by extensions ['colcon_meta']
[0.833s] Level 1:colcon.colcon_core.package_identification:_identify(src/lidar_ros2) by extension 'colcon_meta'
[0.833s] Level 1:colcon.colcon_core.package_identification:_identify(src/lidar_ros2) by extensions ['ros']
[0.834s] Level 1:colcon.colcon_core.package_identification:_identify(src/lidar_ros2) by extension 'ros'
[0.836s] DEBUG:colcon.colcon_core.package_identification:Package 'src/lidar_ros2' with type 'ros.ament_cmake' and name 'rplidar_ros'
[0.837s] Level 1:colcon.colcon_core.package_discovery:discover_packages(recursive) using defaults
[0.837s] Level 1:colcon.colcon_core.package_discovery:discover_packages(ignore) discover
[0.837s] Level 1:colcon.colcon_core.package_discovery:discover_packages(ignore) using defaults
[0.837s] Level 1:colcon.colcon_core.package_discovery:discover_packages(path) discover
[0.837s] Level 1:colcon.colcon_core.package_discovery:discover_packages(path) using defaults
[0.937s] Level 5:colcon.colcon_core.verb:set package 'dev_test_tools' build argument 'cmake_args' from command line to 'None'
[0.938s] Level 5:colcon.colcon_core.verb:set package 'dev_test_tools' build argument 'cmake_target' from command line to 'None'
[0.939s] Level 5:colcon.colcon_core.verb:set package 'dev_test_tools' build argument 'cmake_target_skip_unavailable' from command line to 'False'
[0.940s] Level 5:colcon.colcon_core.verb:set package 'dev_test_tools' build argument 'cmake_clean_cache' from command line to 'False'
[0.940s] Level 5:colcon.colcon_core.verb:set package 'dev_test_tools' build argument 'cmake_clean_first' from command line to 'False'
[0.940s] Level 5:colcon.colcon_core.verb:set package 'dev_test_tools' build argument 'cmake_force_configure' from command line to 'False'
[0.940s] Level 5:colcon.colcon_core.verb:set package 'dev_test_tools' build argument 'ament_cmake_args' from command line to 'None'
[0.941s] Level 5:colcon.colcon_core.verb:set package 'dev_test_tools' build argument 'catkin_cmake_args' from command line to 'None'
[0.942s] Level 5:colcon.colcon_core.verb:set package 'dev_test_tools' build argument 'catkin_skip_building_tests' from command line to 'False'
[0.944s] DEBUG:colcon.colcon_core.verb:Building package 'dev_test_tools' with the following arguments: {'ament_cmake_args': None, 'build_base': '/home/ubuntu/mako_robot/mako_ws/build/dev_test_tools', 'catkin_cmake_args': None, 'catkin_skip_building_tests': False, 'cmake_args': None, 'cmake_clean_cache': False, 'cmake_clean_first': False, 'cmake_force_configure': False, 'cmake_target': None, 'cmake_target_skip_unavailable': False, 'install_base': '/home/ubuntu/mako_robot/mako_ws/install/dev_test_tools', 'merge_install': False, 'path': '/home/ubuntu/mako_robot/mako_ws/src/dev_test_tools', 'symlink_install': False, 'test_result_base': None}
[0.962s] Level 5:colcon.colcon_core.verb:set package 'rplidar_ros' build argument 'cmake_args' from command line to 'None'
[0.962s] Level 5:colcon.colcon_core.verb:set package 'rplidar_ros' build argument 'cmake_target' from command line to 'None'
[0.963s] Level 5:colcon.colcon_core.verb:set package 'rplidar_ros' build argument 'cmake_target_skip_unavailable' from command line to 'False'
[0.963s] Level 5:colcon.colcon_core.verb:set package 'rplidar_ros' build argument 'cmake_clean_cache' from command line to 'False'
[0.963s] Level 5:colcon.colcon_core.verb:set package 'rplidar_ros' build argument 'cmake_clean_first' from command line to 'False'
[0.963s] Level 5:colcon.colcon_core.verb:set package 'rplidar_ros' build argument 'cmake_force_configure' from command line to 'False'
[0.963s] Level 5:colcon.colcon_core.verb:set package 'rplidar_ros' build argument 'ament_cmake_args' from command line to 'None'
[0.964s] Level 5:colcon.colcon_core.verb:set package 'rplidar_ros' build argument 'catkin_cmake_args' from command line to 'None'
[0.964s] Level 5:colcon.colcon_core.verb:set package 'rplidar_ros' build argument 'catkin_skip_building_tests' from command line to 'False'
[0.964s] DEBUG:colcon.colcon_core.verb:Building package 'rplidar_ros' with the following arguments: {'ament_cmake_args': None, 'build_base': '/home/ubuntu/mako_robot/mako_ws/build/rplidar_ros', 'catkin_cmake_args': None, 'catkin_skip_building_tests': False, 'cmake_args': None, 'cmake_clean_cache': False, 'cmake_clean_first': False, 'cmake_force_configure': False, 'cmake_target': None, 'cmake_target_skip_unavailable': False, 'install_base': '/home/ubuntu/mako_robot/mako_ws/install/rplidar_ros', 'merge_install': False, 'path': '/home/ubuntu/mako_robot/mako_ws/src/lidar_ros2', 'symlink_install': False, 'test_result_base': None}
[0.966s] INFO:colcon.colcon_core.executor:Executing jobs using 'parallel' executor
[0.978s] DEBUG:colcon.colcon_parallel_executor.executor.parallel:run_until_complete
[0.979s] INFO:colcon.colcon_ros.task.ament_python.build:Building ROS package in '/home/ubuntu/mako_robot/mako_ws/src/dev_test_tools' with build type 'ament_python'
[0.980s] Level 1:colcon.colcon_core.shell:create_environment_hook('dev_test_tools', 'ament_prefix_path')
[0.995s] INFO:colcon.colcon_core.plugin_system:Skipping extension 'colcon_core.shell.bat': Not used on non-Windows systems
[0.996s] INFO:colcon.colcon_core.shell:Creating environment hook '/home/ubuntu/mako_robot/mako_ws/install/dev_test_tools/share/dev_test_tools/hook/ament_prefix_path.ps1'
[0.998s] INFO:colcon.colcon_core.shell:Creating environment descriptor '/home/ubuntu/mako_robot/mako_ws/install/dev_test_tools/share/dev_test_tools/hook/ament_prefix_path.dsv'
[1.000s] INFO:colcon.colcon_core.shell:Creating environment hook '/home/ubuntu/mako_robot/mako_ws/install/dev_test_tools/share/dev_test_tools/hook/ament_prefix_path.sh'
[1.009s] INFO:colcon.colcon_core.shell:Skip shell extension 'powershell' for command environment: Not usable outside of PowerShell
[1.010s] DEBUG:colcon.colcon_core.shell:Skip shell extension 'dsv' for command environment
[1.027s] DEBUG:colcon.colcon_core.shell:Ignoring prefix path '/opt/ros/foxy'
[1.039s] INFO:colcon.colcon_ros.task.ament_cmake.build:Building ROS package in '/home/ubuntu/mako_robot/mako_ws/src/lidar_ros2' with build type 'ament_cmake'
[1.041s] INFO:colcon.colcon_cmake.task.cmake.build:Building CMake package in '/home/ubuntu/mako_robot/mako_ws/src/lidar_ros2'
[1.044s] INFO:colcon.colcon_core.shell:Skip shell extension 'powershell' for command environment: Not usable outside of PowerShell
[1.044s] DEBUG:colcon.colcon_core.shell:Skip shell extension 'dsv' for command environment
[1.057s] DEBUG:colcon.colcon_core.shell:Ignoring prefix path '/opt/ros/foxy'
[2.199s] INFO:colcon.colcon_core.task.python.build:Building Python package in '/home/ubuntu/mako_robot/mako_ws/src/dev_test_tools'
[2.204s] INFO:colcon.colcon_core.shell:Skip shell extension 'powershell' for command environment: Not usable outside of PowerShell
[2.204s] DEBUG:colcon.colcon_core.shell:Skip shell extension 'dsv' for command environment
[2.214s] DEBUG:colcon.colcon_core.shell:Ignoring prefix path '/opt/ros/foxy'
[2.239s] DEBUG:colcon.colcon_core.event_handler.log_command:Invoking command in '/home/ubuntu/mako_robot/mako_ws/build/rplidar_ros': CMAKE_PREFIX_PATH=${CMAKE_PREFIX_PATH}:/opt/ros/foxy /usr/bin/cmake /home/ubuntu/mako_robot/mako_ws/src/lidar_ros2 -DCMAKE_INSTALL_PREFIX=/home/ubuntu/mako_robot/mako_ws/install/rplidar_ros
[2.281s] DEBUG:colcon.colcon_core.event_handler.log_command:Invoking command in '/home/ubuntu/mako_robot/mako_ws/src/dev_test_tools': PYTHONPATH=/home/ubuntu/mako_robot/mako_ws/install/dev_test_tools/lib/python3.8/site-packages:${PYTHONPATH} /usr/bin/python3 setup.py egg_info --egg-base ../../build/dev_test_tools build --build-base /home/ubuntu/mako_robot/mako_ws/build/dev_test_tools/build install --prefix /home/ubuntu/mako_robot/mako_ws/install/dev_test_tools --record /home/ubuntu/mako_robot/mako_ws/build/dev_test_tools/install.log --single-version-externally-managed
[4.167s] DEBUG:colcon.colcon_core.event_handler.log_command:Invoked command in '/home/ubuntu/mako_robot/mako_ws/src/dev_test_tools' returned '0': PYTHONPATH=/home/ubuntu/mako_robot/mako_ws/install/dev_test_tools/lib/python3.8/site-packages:${PYTHONPATH} /usr/bin/python3 setup.py egg_info --egg-base ../../build/dev_test_tools build --build-base /home/ubuntu/mako_robot/mako_ws/build/dev_test_tools/build install --prefix /home/ubuntu/mako_robot/mako_ws/install/dev_test_tools --record /home/ubuntu/mako_robot/mako_ws/build/dev_test_tools/install.log --single-version-externally-managed
[4.180s] Level 1:colcon.colcon_core.environment:checking '/home/ubuntu/mako_robot/mako_ws/install/dev_test_tools' for CMake module files
[4.182s] Level 1:colcon.colcon_core.environment:checking '/home/ubuntu/mako_robot/mako_ws/install/dev_test_tools' for CMake config files
[4.186s] Level 1:colcon.colcon_core.environment:checking '/home/ubuntu/mako_robot/mako_ws/install/dev_test_tools/lib'
[4.186s] Level 1:colcon.colcon_core.environment:checking '/home/ubuntu/mako_robot/mako_ws/install/dev_test_tools/bin'
[4.187s] Level 1:colcon.colcon_core.environment:checking '/home/ubuntu/mako_robot/mako_ws/install/dev_test_tools/lib/pkgconfig/dev_test_tools.pc'
[4.187s] Level 1:colcon.colcon_core.environment:checking '/home/ubuntu/mako_robot/mako_ws/install/dev_test_tools/lib/python3.8/site-packages'
[4.187s] Level 1:colcon.colcon_core.shell:create_environment_hook('dev_test_tools', 'pythonpath')
[4.190s] INFO:colcon.colcon_core.shell:Creating environment hook '/home/ubuntu/mako_robot/mako_ws/install/dev_test_tools/share/dev_test_tools/hook/pythonpath.ps1'
[4.191s] INFO:colcon.colcon_core.shell:Creating environment descriptor '/home/ubuntu/mako_robot/mako_ws/install/dev_test_tools/share/dev_test_tools/hook/pythonpath.dsv'
[4.193s] INFO:colcon.colcon_core.shell:Creating environment hook '/home/ubuntu/mako_robot/mako_ws/install/dev_test_tools/share/dev_test_tools/hook/pythonpath.sh'
[4.194s] Level 1:colcon.colcon_core.environment:create_environment_scripts_only(dev_test_tools)
[4.197s] INFO:colcon.colcon_core.shell:Creating package script '/home/ubuntu/mako_robot/mako_ws/install/dev_test_tools/share/dev_test_tools/package.ps1'
[4.202s] INFO:colcon.colcon_core.shell:Creating package descriptor '/home/ubuntu/mako_robot/mako_ws/install/dev_test_tools/share/dev_test_tools/package.dsv'
[4.206s] INFO:colcon.colcon_core.shell:Creating package script '/home/ubuntu/mako_robot/mako_ws/install/dev_test_tools/share/dev_test_tools/package.sh'
[4.210s] INFO:colcon.colcon_core.shell:Creating package script '/home/ubuntu/mako_robot/mako_ws/install/dev_test_tools/share/dev_test_tools/package.bash'
[4.214s] INFO:colcon.colcon_core.shell:Creating package script '/home/ubuntu/mako_robot/mako_ws/install/dev_test_tools/share/dev_test_tools/package.zsh'
[4.216s] Level 1:colcon.colcon_core.environment:create_file_with_runtime_dependencies(/home/ubuntu/mako_robot/mako_ws/install/dev_test_tools/share/colcon-core/packages/dev_test_tools)
[13.769s] DEBUG:colcon.colcon_core.event_handler.log_command:Invoked command in '/home/ubuntu/mako_robot/mako_ws/build/rplidar_ros' returned '0': CMAKE_PREFIX_PATH=${CMAKE_PREFIX_PATH}:/opt/ros/foxy /usr/bin/cmake /home/ubuntu/mako_robot/mako_ws/src/lidar_ros2 -DCMAKE_INSTALL_PREFIX=/home/ubuntu/mako_robot/mako_ws/install/rplidar_ros
[13.782s] DEBUG:colcon.colcon_core.event_handler.log_command:Invoking command in '/home/ubuntu/mako_robot/mako_ws/build/rplidar_ros': CMAKE_PREFIX_PATH=${CMAKE_PREFIX_PATH}:/opt/ros/foxy /usr/bin/cmake --build /home/ubuntu/mako_robot/mako_ws/build/rplidar_ros -- -j4 -l4
[60.919s] DEBUG:colcon.colcon_core.event_handler.log_command:Invoked command in '/home/ubuntu/mako_robot/mako_ws/build/rplidar_ros' returned '0': CMAKE_PREFIX_PATH=${CMAKE_PREFIX_PATH}:/opt/ros/foxy /usr/bin/cmake --build /home/ubuntu/mako_robot/mako_ws/build/rplidar_ros -- -j4 -l4
[61.260s] DEBUG:colcon.colcon_core.event_handler.log_command:Invoking command in '/home/ubuntu/mako_robot/mako_ws/build/rplidar_ros': CMAKE_PREFIX_PATH=${CMAKE_PREFIX_PATH}:/opt/ros/foxy /usr/bin/cmake --install /home/ubuntu/mako_robot/mako_ws/build/rplidar_ros
[61.391s] Level 1:colcon.colcon_core.environment:create_environment_scripts_only(rplidar_ros)
[61.395s] Level 1:colcon.colcon_core.environment:checking '/home/ubuntu/mako_robot/mako_ws/install/rplidar_ros' for CMake module files
[61.397s] DEBUG:colcon.colcon_core.event_handler.log_command:Invoked command in '/home/ubuntu/mako_robot/mako_ws/build/rplidar_ros' returned '0': CMAKE_PREFIX_PATH=${CMAKE_PREFIX_PATH}:/opt/ros/foxy /usr/bin/cmake --install /home/ubuntu/mako_robot/mako_ws/build/rplidar_ros
[61.399s] Level 1:colcon.colcon_core.environment:checking '/home/ubuntu/mako_robot/mako_ws/install/rplidar_ros' for CMake config files
[61.402s] Level 1:colcon.colcon_core.shell:create_environment_hook('rplidar_ros', 'cmake_prefix_path')
[61.405s] INFO:colcon.colcon_core.shell:Creating environment hook '/home/ubuntu/mako_robot/mako_ws/install/rplidar_ros/share/rplidar_ros/hook/cmake_prefix_path.ps1'
[61.408s] INFO:colcon.colcon_core.shell:Creating environment descriptor '/home/ubuntu/mako_robot/mako_ws/install/rplidar_ros/share/rplidar_ros/hook/cmake_prefix_path.dsv'
[61.410s] INFO:colcon.colcon_core.shell:Creating environment hook '/home/ubuntu/mako_robot/mako_ws/install/rplidar_ros/share/rplidar_ros/hook/cmake_prefix_path.sh'
[61.413s] Level 1:colcon.colcon_core.environment:checking '/home/ubuntu/mako_robot/mako_ws/install/rplidar_ros/lib'
[61.413s] Level 1:colcon.colcon_core.shell:create_environment_hook('rplidar_ros', 'ld_library_path_lib')
[61.419s] INFO:colcon.colcon_core.shell:Creating environment hook '/home/ubuntu/mako_robot/mako_ws/install/rplidar_ros/share/rplidar_ros/hook/ld_library_path_lib.ps1'
[61.421s] INFO:colcon.colcon_core.shell:Creating environment descriptor '/home/ubuntu/mako_robot/mako_ws/install/rplidar_ros/share/rplidar_ros/hook/ld_library_path_lib.dsv'
[61.422s] INFO:colcon.colcon_core.shell:Creating environment hook '/home/ubuntu/mako_robot/mako_ws/install/rplidar_ros/share/rplidar_ros/hook/ld_library_path_lib.sh'
[61.424s] Level 1:colcon.colcon_core.environment:checking '/home/ubuntu/mako_robot/mako_ws/install/rplidar_ros/bin'
[61.424s] Level 1:colcon.colcon_core.environment:checking '/home/ubuntu/mako_robot/mako_ws/install/rplidar_ros/lib/pkgconfig/rplidar_ros.pc'
[61.424s] Level 1:colcon.colcon_core.environment:checking '/home/ubuntu/mako_robot/mako_ws/install/rplidar_ros/lib/python3.8/site-packages'
[61.427s] INFO:colcon.colcon_core.shell:Creating package script '/home/ubuntu/mako_robot/mako_ws/install/rplidar_ros/share/rplidar_ros/package.ps1'
[61.430s] INFO:colcon.colcon_core.shell:Creating package descriptor '/home/ubuntu/mako_robot/mako_ws/install/rplidar_ros/share/rplidar_ros/package.dsv'
[61.432s] INFO:colcon.colcon_core.shell:Creating package script '/home/ubuntu/mako_robot/mako_ws/install/rplidar_ros/share/rplidar_ros/package.sh'
[61.434s] INFO:colcon.colcon_core.shell:Creating package script '/home/ubuntu/mako_robot/mako_ws/install/rplidar_ros/share/rplidar_ros/package.bash'
[61.435s] INFO:colcon.colcon_core.shell:Creating package script '/home/ubuntu/mako_robot/mako_ws/install/rplidar_ros/share/rplidar_ros/package.zsh'
[61.437s] Level 1:colcon.colcon_core.environment:create_file_with_runtime_dependencies(/home/ubuntu/mako_robot/mako_ws/install/rplidar_ros/share/colcon-core/packages/rplidar_ros)
[61.721s] Level 1:colcon.colcon_core.environment:create_environment_scripts_only(rplidar_ros)
[61.726s] Level 1:colcon.colcon_core.environment:checking '/home/ubuntu/mako_robot/mako_ws/install/rplidar_ros' for CMake module files
[61.731s] Level 1:colcon.colcon_core.environment:checking '/home/ubuntu/mako_robot/mako_ws/install/rplidar_ros' for CMake config files
[61.734s] Level 1:colcon.colcon_core.shell:create_environment_hook('rplidar_ros', 'cmake_prefix_path')
[61.737s] INFO:colcon.colcon_core.shell:Creating environment hook '/home/ubuntu/mako_robot/mako_ws/install/rplidar_ros/share/rplidar_ros/hook/cmake_prefix_path.ps1'
[61.739s] INFO:colcon.colcon_core.shell:Creating environment descriptor '/home/ubuntu/mako_robot/mako_ws/install/rplidar_ros/share/rplidar_ros/hook/cmake_prefix_path.dsv'
[61.741s] INFO:colcon.colcon_core.shell:Creating environment hook '/home/ubuntu/mako_robot/mako_ws/install/rplidar_ros/share/rplidar_ros/hook/cmake_prefix_path.sh'
[61.744s] Level 1:colcon.colcon_core.environment:checking '/home/ubuntu/mako_robot/mako_ws/install/rplidar_ros/lib'
[61.744s] Level 1:colcon.colcon_core.shell:create_environment_hook('rplidar_ros', 'ld_library_path_lib')
[61.747s] INFO:colcon.colcon_core.shell:Creating environment hook '/home/ubuntu/mako_robot/mako_ws/install/rplidar_ros/share/rplidar_ros/hook/ld_library_path_lib.ps1'
[61.749s] INFO:colcon.colcon_core.shell:Creating environment descriptor '/home/ubuntu/mako_robot/mako_ws/install/rplidar_ros/share/rplidar_ros/hook/ld_library_path_lib.dsv'
[61.750s] INFO:colcon.colcon_core.shell:Creating environment hook '/home/ubuntu/mako_robot/mako_ws/install/rplidar_ros/share/rplidar_ros/hook/ld_library_path_lib.sh'
[61.754s] Level 1:colcon.colcon_core.environment:checking '/home/ubuntu/mako_robot/mako_ws/install/rplidar_ros/bin'
[61.755s] Level 1:colcon.colcon_core.environment:checking '/home/ubuntu/mako_robot/mako_ws/install/rplidar_ros/lib/pkgconfig/rplidar_ros.pc'
[61.755s] Level 1:colcon.colcon_core.environment:checking '/home/ubuntu/mako_robot/mako_ws/install/rplidar_ros/lib/python3.8/site-packages'
[61.759s] INFO:colcon.colcon_core.shell:Creating package script '/home/ubuntu/mako_robot/mako_ws/install/rplidar_ros/share/rplidar_ros/package.ps1'
[61.765s] INFO:colcon.colcon_core.shell:Creating package descriptor '/home/ubuntu/mako_robot/mako_ws/install/rplidar_ros/share/rplidar_ros/package.dsv'
[61.767s] INFO:colcon.colcon_core.shell:Creating package script '/home/ubuntu/mako_robot/mako_ws/install/rplidar_ros/share/rplidar_ros/package.sh'
[61.770s] INFO:colcon.colcon_core.shell:Creating package script '/home/ubuntu/mako_robot/mako_ws/install/rplidar_ros/share/rplidar_ros/package.bash'
[61.772s] INFO:colcon.colcon_core.shell:Creating package script '/home/ubuntu/mako_robot/mako_ws/install/rplidar_ros/share/rplidar_ros/package.zsh'
[61.774s] Level 1:colcon.colcon_core.environment:create_file_with_runtime_dependencies(/home/ubuntu/mako_robot/mako_ws/install/rplidar_ros/share/colcon-core/packages/rplidar_ros)
[61.775s] DEBUG:colcon.colcon_parallel_executor.executor.parallel:closing loop
[61.776s] DEBUG:colcon.colcon_parallel_executor.executor.parallel:loop closed
[61.776s] DEBUG:colcon.colcon_parallel_executor.executor.parallel:run_until_complete finished with '0'
[61.777s] DEBUG:colcon.colcon_core.event_reactor:joining thread
[61.823s] INFO:colcon.colcon_core.plugin_system:Skipping extension 'colcon_notification.desktop_notification.terminal_notifier': Not used on non-Darwin systems
[61.824s] INFO:colcon.colcon_core.plugin_system:Skipping extension 'colcon_notification.desktop_notification.win32': Not used on non-Windows systems
[61.824s] INFO:colcon.colcon_notification.desktop_notification:Sending desktop notification using 'notify2'
[61.908s] DEBUG:colcon.colcon_core.event_reactor:joined thread
[61.912s] INFO:colcon.colcon_core.shell:Creating prefix script '/home/ubuntu/mako_robot/mako_ws/install/local_setup.ps1'
[61.916s] INFO:colcon.colcon_core.shell:Creating prefix util module '/home/ubuntu/mako_robot/mako_ws/install/_local_setup_util_ps1.py'
[61.923s] INFO:colcon.colcon_core.shell:Creating prefix chain script '/home/ubuntu/mako_robot/mako_ws/install/setup.ps1'
[61.935s] INFO:colcon.colcon_core.shell:Creating prefix script '/home/ubuntu/mako_robot/mako_ws/install/local_setup.sh'
[61.938s] INFO:colcon.colcon_core.shell:Creating prefix util module '/home/ubuntu/mako_robot/mako_ws/install/_local_setup_util_sh.py'
[61.940s] INFO:colcon.colcon_core.shell:Creating prefix chain script '/home/ubuntu/mako_robot/mako_ws/install/setup.sh'
[61.953s] INFO:colcon.colcon_core.shell:Creating prefix script '/home/ubuntu/mako_robot/mako_ws/install/local_setup.bash'
[61.956s] INFO:colcon.colcon_core.shell:Creating prefix chain script '/home/ubuntu/mako_robot/mako_ws/install/setup.bash'
[61.971s] INFO:colcon.colcon_core.shell:Creating prefix script '/home/ubuntu/mako_robot/mako_ws/install/local_setup.zsh'
[61.974s] INFO:colcon.colcon_core.shell:Creating prefix chain script '/home/ubuntu/mako_robot/mako_ws/install/setup.zsh'
