[0.143s] Invoking command in '/home/karim/mako_robot/mako_ws/build/mako_nolang_interfaces': CMAKE_PREFIX_PATH=${CMAKE_PREFIX_PATH}:/home/karim/project_ws/install/ros_project_pkg_py_robot_driver:/home/karim/project_ws/install/dev_test_tools:/home/karim/ros2_ws/install/my_py_pkg:/home/karim/mako_robot/mako_ws/install/mako_py_serial_interface:/home/karim/mako_robot/mako_ws/install/mako_py_feedback_actuators:/home/karim/mako_robot/mako_ws/install/mako_py_brain:/home/karim/mako_robot/mako_ws/install/dev_test_tools:/opt/ros/foxy /usr/bin/cmake --build /home/karim/mako_robot/mako_ws/build/mako_nolang_interfaces -- -j6 -l6
[1.257s] [  9%] Built target mako_nolang_interfaces__cpp
[1.258s] [ 12%] Built target mako_nolang_interfaces__rosidl_generator_c
[1.258s] [ 22%] Built target mako_nolang_interfaces__rosidl_typesupport_cpp
[1.259s] [ 32%] Built target mako_nolang_interfaces__rosidl_typesupport_c
[1.266s] [ 41%] Built target mako_nolang_interfaces__rosidl_typesupport_fastrtps_cpp
[1.267s] [ 51%] Built target mako_nolang_interfaces__rosidl_typesupport_introspection_c
[1.269s] [ 61%] Built target mako_nolang_interfaces__rosidl_typesupport_introspection_cpp
[1.270s] [ 70%] Built target mako_nolang_interfaces__rosidl_typesupport_fastrtps_c
[1.271s] [ 70%] Built target mako_nolang_interfaces
[1.271s] [ 74%] Built target mako_nolang_interfaces__py
[1.271s] [ 80%] Built target mako_nolang_interfaces__python
[1.277s] [ 87%] Built target mako_nolang_interfaces__rosidl_typesupport_c__pyext
[1.277s] [ 93%] Built target mako_nolang_interfaces__rosidl_typesupport_introspection_c__pyext
[1.277s] [100%] Built target mako_nolang_interfaces__rosidl_typesupport_fastrtps_c__pyext
[1.289s] Invoked command in '/home/karim/mako_robot/mako_ws/build/mako_nolang_interfaces' returned '0': CMAKE_PREFIX_PATH=${CMAKE_PREFIX_PATH}:/home/karim/project_ws/install/ros_project_pkg_py_robot_driver:/home/karim/project_ws/install/dev_test_tools:/home/karim/ros2_ws/install/my_py_pkg:/home/karim/mako_robot/mako_ws/install/mako_py_serial_interface:/home/karim/mako_robot/mako_ws/install/mako_py_feedback_actuators:/home/karim/mako_robot/mako_ws/install/mako_py_brain:/home/karim/mako_robot/mako_ws/install/dev_test_tools:/opt/ros/foxy /usr/bin/cmake --build /home/karim/mako_robot/mako_ws/build/mako_nolang_interfaces -- -j6 -l6
[1.556s] Invoking command in '/home/karim/mako_robot/mako_ws/build/mako_nolang_interfaces': CMAKE_PREFIX_PATH=${CMAKE_PREFIX_PATH}:/home/karim/project_ws/install/ros_project_pkg_py_robot_driver:/home/karim/project_ws/install/dev_test_tools:/home/karim/ros2_ws/install/my_py_pkg:/home/karim/mako_robot/mako_ws/install/mako_py_serial_interface:/home/karim/mako_robot/mako_ws/install/mako_py_feedback_actuators:/home/karim/mako_robot/mako_ws/install/mako_py_brain:/home/karim/mako_robot/mako_ws/install/dev_test_tools:/opt/ros/foxy /usr/bin/cmake --install /home/karim/mako_robot/mako_ws/build/mako_nolang_interfaces
[1.576s] -- Install configuration: ""
[1.577s] -- Execute custom install script
[1.577s] -- Up-to-date symlink: /home/karim/mako_robot/mako_ws/install/mako_nolang_interfaces/share/ament_index/resource_index/rosidl_interfaces/mako_nolang_interfaces
[1.582s] -- Up-to-date symlink: /home/karim/mako_robot/mako_ws/install/mako_nolang_interfaces/include/mako_nolang_interfaces/msg/rosidl_generator_c__visibility_control.h
[1.583s] -- Up-to-date symlink: /home/karim/mako_robot/mako_ws/install/mako_nolang_interfaces/include/mako_nolang_interfaces/srv/detail/led_control__functions.h
[1.583s] -- Up-to-date symlink: /home/karim/mako_robot/mako_ws/install/mako_nolang_interfaces/include/mako_nolang_interfaces/srv/detail/led_control__struct.h
[1.583s] -- Up-to-date symlink: /home/karim/mako_robot/mako_ws/install/mako_nolang_interfaces/include/mako_nolang_interfaces/srv/detail/led_control__type_support.h
[1.585s] -- Up-to-date symlink: /home/karim/mako_robot/mako_ws/install/mako_nolang_interfaces/include/mako_nolang_interfaces/srv/led_control.h
[1.589s] -- Up-to-date symlink: /home/karim/mako_robot/mako_ws/install/mako_nolang_interfaces/share/mako_nolang_interfaces/environment/library_path.sh
[1.589s] -- Up-to-date symlink: /home/karim/mako_robot/mako_ws/install/mako_nolang_interfaces/share/mako_nolang_interfaces/environment/library_path.dsv
[1.590s] -- Up-to-date symlink: /home/karim/mako_robot/mako_ws/install/mako_nolang_interfaces/include/mako_nolang_interfaces/msg/rosidl_typesupport_fastrtps_c__visibility_control.h
[1.590s] -- Up-to-date symlink: /home/karim/mako_robot/mako_ws/install/mako_nolang_interfaces/include/mako_nolang_interfaces/srv/detail/led_control__rosidl_typesupport_fastrtps_c.h
[1.591s] -- Up-to-date symlink: /home/karim/mako_robot/mako_ws/install/mako_nolang_interfaces/lib/libmako_nolang_interfaces__rosidl_typesupport_fastrtps_c.so
[1.592s] -- Up-to-date symlink: /home/karim/mako_robot/mako_ws/install/mako_nolang_interfaces/include/mako_nolang_interfaces/msg/rosidl_typesupport_fastrtps_cpp__visibility_control.h
[1.592s] -- Up-to-date symlink: /home/karim/mako_robot/mako_ws/install/mako_nolang_interfaces/include/mako_nolang_interfaces/srv/detail/led_control__rosidl_typesupport_fastrtps_cpp.hpp
[1.592s] -- Up-to-date symlink: /home/karim/mako_robot/mako_ws/install/mako_nolang_interfaces/lib/libmako_nolang_interfaces__rosidl_typesupport_fastrtps_cpp.so
[1.593s] -- Up-to-date symlink: /home/karim/mako_robot/mako_ws/install/mako_nolang_interfaces/include/mako_nolang_interfaces/msg/rosidl_typesupport_introspection_c__visibility_control.h
[1.593s] -- Up-to-date symlink: /home/karim/mako_robot/mako_ws/install/mako_nolang_interfaces/include/mako_nolang_interfaces/srv/detail/led_control__rosidl_typesupport_introspection_c.h
[1.594s] -- Up-to-date symlink: /home/karim/mako_robot/mako_ws/install/mako_nolang_interfaces/include/mako_nolang_interfaces/srv/detail/led_control__builder.hpp
[1.595s] -- Up-to-date symlink: /home/karim/mako_robot/mako_ws/install/mako_nolang_interfaces/include/mako_nolang_interfaces/srv/detail/led_control__struct.hpp
[1.595s] -- Up-to-date symlink: /home/karim/mako_robot/mako_ws/install/mako_nolang_interfaces/include/mako_nolang_interfaces/srv/detail/led_control__traits.hpp
[1.596s] -- Up-to-date symlink: /home/karim/mako_robot/mako_ws/install/mako_nolang_interfaces/include/mako_nolang_interfaces/srv/led_control.hpp
[1.597s] -- Up-to-date symlink: /home/karim/mako_robot/mako_ws/install/mako_nolang_interfaces/include/mako_nolang_interfaces/srv/detail/led_control__rosidl_typesupport_introspection_cpp.hpp
[1.597s] -- Up-to-date symlink: /home/karim/mako_robot/mako_ws/install/mako_nolang_interfaces/share/mako_nolang_interfaces/environment/pythonpath.sh
[1.597s] -- Up-to-date symlink: /home/karim/mako_robot/mako_ws/install/mako_nolang_interfaces/share/mako_nolang_interfaces/environment/pythonpath.dsv
[1.598s] -- Up-to-date symlink: /home/karim/mako_robot/mako_ws/install/mako_nolang_interfaces/lib/python3.8/site-packages/mako_nolang_interfaces/__init__.py
[1.599s] -- Up-to-date symlink: /home/karim/mako_robot/mako_ws/install/mako_nolang_interfaces/lib/python3.8/site-packages/mako_nolang_interfaces/srv/__init__.py
[1.599s] -- Up-to-date symlink: /home/karim/mako_robot/mako_ws/install/mako_nolang_interfaces/lib/python3.8/site-packages/mako_nolang_interfaces/srv/_led_control.py
[1.600s] -- Up-to-date symlink: /home/karim/mako_robot/mako_ws/install/mako_nolang_interfaces/lib/python3.8/site-packages/mako_nolang_interfaces/mako_nolang_interfaces_s__rosidl_typesupport_fastrtps_c.cpython-38-x86_64-linux-gnu.so
[1.601s] -- Up-to-date symlink: /home/karim/mako_robot/mako_ws/install/mako_nolang_interfaces/lib/python3.8/site-packages/mako_nolang_interfaces/mako_nolang_interfaces_s__rosidl_typesupport_introspection_c.cpython-38-x86_64-linux-gnu.so
[1.601s] -- Up-to-date symlink: /home/karim/mako_robot/mako_ws/install/mako_nolang_interfaces/lib/python3.8/site-packages/mako_nolang_interfaces/mako_nolang_interfaces_s__rosidl_typesupport_c.cpython-38-x86_64-linux-gnu.so
[1.602s] -- Up-to-date symlink: /home/karim/mako_robot/mako_ws/install/mako_nolang_interfaces/lib/libmako_nolang_interfaces__python.so
[1.603s] -- Up-to-date symlink: /home/karim/mako_robot/mako_ws/install/mako_nolang_interfaces/share/mako_nolang_interfaces/srv/LedControl.idl
[1.604s] -- Up-to-date symlink: /home/karim/mako_robot/mako_ws/install/mako_nolang_interfaces/share/mako_nolang_interfaces/srv/LedControl.srv
[1.604s] -- Up-to-date symlink: /home/karim/mako_robot/mako_ws/install/mako_nolang_interfaces/share/mako_nolang_interfaces/srv/LedControl_Request.msg
[1.607s] -- Up-to-date symlink: /home/karim/mako_robot/mako_ws/install/mako_nolang_interfaces/share/mako_nolang_interfaces/srv/LedControl_Response.msg
[1.609s] -- Up-to-date symlink: /home/karim/mako_robot/mako_ws/install/mako_nolang_interfaces/share/ament_index/resource_index/package_run_dependencies/mako_nolang_interfaces
[1.609s] -- Up-to-date symlink: /home/karim/mako_robot/mako_ws/install/mako_nolang_interfaces/share/ament_index/resource_index/parent_prefix_path/mako_nolang_interfaces
[1.610s] -- Up-to-date symlink: /home/karim/mako_robot/mako_ws/install/mako_nolang_interfaces/share/mako_nolang_interfaces/environment/ament_prefix_path.sh
[1.610s] -- Up-to-date symlink: /home/karim/mako_robot/mako_ws/install/mako_nolang_interfaces/share/mako_nolang_interfaces/environment/ament_prefix_path.dsv
[1.610s] -- Up-to-date symlink: /home/karim/mako_robot/mako_ws/install/mako_nolang_interfaces/share/mako_nolang_interfaces/environment/path.sh
[1.610s] -- Up-to-date symlink: /home/karim/mako_robot/mako_ws/install/mako_nolang_interfaces/share/mako_nolang_interfaces/environment/path.dsv
[1.610s] -- Up-to-date symlink: /home/karim/mako_robot/mako_ws/install/mako_nolang_interfaces/share/mako_nolang_interfaces/local_setup.bash
[1.610s] -- Up-to-date symlink: /home/karim/mako_robot/mako_ws/install/mako_nolang_interfaces/share/mako_nolang_interfaces/local_setup.sh
[1.611s] -- Up-to-date symlink: /home/karim/mako_robot/mako_ws/install/mako_nolang_interfaces/share/mako_nolang_interfaces/local_setup.zsh
[1.612s] -- Up-to-date symlink: /home/karim/mako_robot/mako_ws/install/mako_nolang_interfaces/share/mako_nolang_interfaces/local_setup.dsv
[1.612s] -- Symlinking: /home/karim/mako_robot/mako_ws/install/mako_nolang_interfaces/share/mako_nolang_interfaces/package.dsv
[1.634s] -- Up-to-date symlink: /home/karim/mako_robot/mako_ws/install/mako_nolang_interfaces/share/ament_index/resource_index/packages/mako_nolang_interfaces
[1.634s] -- Up-to-date symlink: /home/karim/mako_robot/mako_ws/install/mako_nolang_interfaces/share/mako_nolang_interfaces/cmake/rosidl_cmake-extras.cmake
[1.637s] -- Up-to-date symlink: /home/karim/mako_robot/mako_ws/install/mako_nolang_interfaces/share/mako_nolang_interfaces/cmake/ament_cmake_export_dependencies-extras.cmake
[1.638s] -- Up-to-date symlink: /home/karim/mako_robot/mako_ws/install/mako_nolang_interfaces/share/mako_nolang_interfaces/cmake/ament_cmake_export_libraries-extras.cmake
[1.638s] -- Up-to-date symlink: /home/karim/mako_robot/mako_ws/install/mako_nolang_interfaces/share/mako_nolang_interfaces/cmake/ament_cmake_export_targets-extras.cmake
[1.638s] -- Up-to-date symlink: /home/karim/mako_robot/mako_ws/install/mako_nolang_interfaces/share/mako_nolang_interfaces/cmake/ament_cmake_export_include_directories-extras.cmake
[1.638s] -- Up-to-date symlink: /home/karim/mako_robot/mako_ws/install/mako_nolang_interfaces/share/mako_nolang_interfaces/cmake/rosidl_cmake_export_typesupport_libraries-extras.cmake
[1.638s] -- Up-to-date symlink: /home/karim/mako_robot/mako_ws/install/mako_nolang_interfaces/share/mako_nolang_interfaces/cmake/rosidl_cmake_export_typesupport_targets-extras.cmake
[1.639s] -- Up-to-date symlink: /home/karim/mako_robot/mako_ws/install/mako_nolang_interfaces/share/mako_nolang_interfaces/cmake/mako_nolang_interfacesConfig.cmake
[1.639s] -- Up-to-date symlink: /home/karim/mako_robot/mako_ws/install/mako_nolang_interfaces/share/mako_nolang_interfaces/cmake/mako_nolang_interfacesConfig-version.cmake
[1.639s] -- Up-to-date symlink: /home/karim/mako_robot/mako_ws/install/mako_nolang_interfaces/share/mako_nolang_interfaces/package.xml
[1.639s] -- Up-to-date: /home/karim/mako_robot/mako_ws/install/mako_nolang_interfaces/lib/libmako_nolang_interfaces__rosidl_generator_c.so
[1.639s] -- Up-to-date: /home/karim/mako_robot/mako_ws/install/mako_nolang_interfaces/lib/libmako_nolang_interfaces__rosidl_typesupport_introspection_c.so
[1.640s] -- Up-to-date: /home/karim/mako_robot/mako_ws/install/mako_nolang_interfaces/lib/libmako_nolang_interfaces__rosidl_typesupport_c.so
[1.640s] -- Up-to-date: /home/karim/mako_robot/mako_ws/install/mako_nolang_interfaces/lib/libmako_nolang_interfaces__rosidl_typesupport_introspection_cpp.so
[1.640s] -- Up-to-date: /home/karim/mako_robot/mako_ws/install/mako_nolang_interfaces/lib/libmako_nolang_interfaces__rosidl_typesupport_cpp.so
[1.720s] -- Up-to-date: /home/karim/mako_robot/mako_ws/install/mako_nolang_interfaces/share/mako_nolang_interfaces/cmake/mako_nolang_interfaces__rosidl_generator_cExport.cmake
[1.722s] -- Up-to-date: /home/karim/mako_robot/mako_ws/install/mako_nolang_interfaces/share/mako_nolang_interfaces/cmake/mako_nolang_interfaces__rosidl_generator_cExport-noconfig.cmake
[1.724s] -- Up-to-date: /home/karim/mako_robot/mako_ws/install/mako_nolang_interfaces/share/mako_nolang_interfaces/cmake/mako_nolang_interfaces__rosidl_typesupport_introspection_cExport.cmake
[1.725s] -- Up-to-date: /home/karim/mako_robot/mako_ws/install/mako_nolang_interfaces/share/mako_nolang_interfaces/cmake/mako_nolang_interfaces__rosidl_typesupport_introspection_cExport-noconfig.cmake
[1.725s] -- Up-to-date: /home/karim/mako_robot/mako_ws/install/mako_nolang_interfaces/share/mako_nolang_interfaces/cmake/mako_nolang_interfaces__rosidl_typesupport_cExport.cmake
[1.726s] -- Up-to-date: /home/karim/mako_robot/mako_ws/install/mako_nolang_interfaces/share/mako_nolang_interfaces/cmake/mako_nolang_interfaces__rosidl_typesupport_cExport-noconfig.cmake
[1.739s] -- Up-to-date: /home/karim/mako_robot/mako_ws/install/mako_nolang_interfaces/share/mako_nolang_interfaces/cmake/mako_nolang_interfaces__rosidl_generator_cppExport.cmake
[1.740s] -- Up-to-date: /home/karim/mako_robot/mako_ws/install/mako_nolang_interfaces/share/mako_nolang_interfaces/cmake/mako_nolang_interfaces__rosidl_typesupport_introspection_cppExport.cmake
[1.740s] -- Up-to-date: /home/karim/mako_robot/mako_ws/install/mako_nolang_interfaces/share/mako_nolang_interfaces/cmake/mako_nolang_interfaces__rosidl_typesupport_introspection_cppExport-noconfig.cmake
[1.740s] -- Up-to-date: /home/karim/mako_robot/mako_ws/install/mako_nolang_interfaces/share/mako_nolang_interfaces/cmake/mako_nolang_interfaces__rosidl_typesupport_cppExport.cmake
[1.743s] -- Up-to-date: /home/karim/mako_robot/mako_ws/install/mako_nolang_interfaces/share/mako_nolang_interfaces/cmake/mako_nolang_interfaces__rosidl_typesupport_cppExport-noconfig.cmake
[1.744s] Invoked command in '/home/karim/mako_robot/mako_ws/build/mako_nolang_interfaces' returned '0': CMAKE_PREFIX_PATH=${CMAKE_PREFIX_PATH}:/home/karim/project_ws/install/ros_project_pkg_py_robot_driver:/home/karim/project_ws/install/dev_test_tools:/home/karim/ros2_ws/install/my_py_pkg:/home/karim/mako_robot/mako_ws/install/mako_py_serial_interface:/home/karim/mako_robot/mako_ws/install/mako_py_feedback_actuators:/home/karim/mako_robot/mako_ws/install/mako_py_brain:/home/karim/mako_robot/mako_ws/install/dev_test_tools:/opt/ros/foxy /usr/bin/cmake --install /home/karim/mako_robot/mako_ws/build/mako_nolang_interfaces
