running egg_info
creating ../../build/mako_py_feedback_actuators/mako_py_feedback_actuators.egg-info
writing ../../build/mako_py_feedback_actuators/mako_py_feedback_actuators.egg-info/PKG-INFO
writing dependency_links to ../../build/mako_py_feedback_actuators/mako_py_feedback_actuators.egg-info/dependency_links.txt
writing entry points to ../../build/mako_py_feedback_actuators/mako_py_feedback_actuators.egg-info/entry_points.txt
writing requirements to ../../build/mako_py_feedback_actuators/mako_py_feedback_actuators.egg-info/requires.txt
writing top-level names to ../../build/mako_py_feedback_actuators/mako_py_feedback_actuators.egg-info/top_level.txt
writing manifest file '../../build/mako_py_feedback_actuators/mako_py_feedback_actuators.egg-info/SOURCES.txt'
reading manifest file '../../build/mako_py_feedback_actuators/mako_py_feedback_actuators.egg-info/SOURCES.txt'
writing manifest file '../../build/mako_py_feedback_actuators/mako_py_feedback_actuators.egg-info/SOURCES.txt'
running build
running build_py
creating /home/abdelrahman/Documents/GitHub/mako_robot/mako_ws/build/mako_py_feedback_actuators/build
creating /home/abdelrahman/Documents/GitHub/mako_robot/mako_ws/build/mako_py_feedback_actuators/build/lib
creating /home/abdelrahman/Documents/GitHub/mako_robot/mako_ws/build/mako_py_feedback_actuators/build/lib/mako_py_feedback_actuators
copying mako_py_feedback_actuators/LED_Control.py -> /home/abdelrahman/Documents/GitHub/mako_robot/mako_ws/build/mako_py_feedback_actuators/build/lib/mako_py_feedback_actuators
copying mako_py_feedback_actuators/Servo_Control.py -> /home/abdelrahman/Documents/GitHub/mako_robot/mako_ws/build/mako_py_feedback_actuators/build/lib/mako_py_feedback_actuators
copying mako_py_feedback_actuators/__init__.py -> /home/abdelrahman/Documents/GitHub/mako_robot/mako_ws/build/mako_py_feedback_actuators/build/lib/mako_py_feedback_actuators
running install
running install_lib
creating /home/abdelrahman/Documents/GitHub/mako_robot/mako_ws/install/mako_py_feedback_actuators/lib/python3.8/site-packages/mako_py_feedback_actuators
copying /home/abdelrahman/Documents/GitHub/mako_robot/mako_ws/build/mako_py_feedback_actuators/build/lib/mako_py_feedback_actuators/LED_Control.py -> /home/abdelrahman/Documents/GitHub/mako_robot/mako_ws/install/mako_py_feedback_actuators/lib/python3.8/site-packages/mako_py_feedback_actuators
copying /home/abdelrahman/Documents/GitHub/mako_robot/mako_ws/build/mako_py_feedback_actuators/build/lib/mako_py_feedback_actuators/Servo_Control.py -> /home/abdelrahman/Documents/GitHub/mako_robot/mako_ws/install/mako_py_feedback_actuators/lib/python3.8/site-packages/mako_py_feedback_actuators
copying /home/abdelrahman/Documents/GitHub/mako_robot/mako_ws/build/mako_py_feedback_actuators/build/lib/mako_py_feedback_actuators/__init__.py -> /home/abdelrahman/Documents/GitHub/mako_robot/mako_ws/install/mako_py_feedback_actuators/lib/python3.8/site-packages/mako_py_feedback_actuators
byte-compiling /home/abdelrahman/Documents/GitHub/mako_robot/mako_ws/install/mako_py_feedback_actuators/lib/python3.8/site-packages/mako_py_feedback_actuators/LED_Control.py to LED_Control.cpython-38.pyc
byte-compiling /home/abdelrahman/Documents/GitHub/mako_robot/mako_ws/install/mako_py_feedback_actuators/lib/python3.8/site-packages/mako_py_feedback_actuators/Servo_Control.py to Servo_Control.cpython-38.pyc
byte-compiling /home/abdelrahman/Documents/GitHub/mako_robot/mako_ws/install/mako_py_feedback_actuators/lib/python3.8/site-packages/mako_py_feedback_actuators/__init__.py to __init__.cpython-38.pyc
running install_data
running install_egg_info
Copying ../../build/mako_py_feedback_actuators/mako_py_feedback_actuators.egg-info to /home/abdelrahman/Documents/GitHub/mako_robot/mako_ws/install/mako_py_feedback_actuators/lib/python3.8/site-packages/mako_py_feedback_actuators-0.0.0-py3.8.egg-info
running install_scripts
Installing ledControlNode script to /home/abdelrahman/Documents/GitHub/mako_robot/mako_ws/install/mako_py_feedback_actuators/lib/mako_py_feedback_actuators
writing list of installed files to '/home/abdelrahman/Documents/GitHub/mako_robot/mako_ws/build/mako_py_feedback_actuators/install.log'
