[0.784s] DEBUG:colcon:Command line arguments: ['/usr/bin/colcon', 'build']
[0.785s] DEBUG:colcon:Parsed command line arguments: Namespace(ament_cmake_args=None, base_paths=['.'], build_base='build', catkin_cmake_args=None, catkin_skip_building_tests=False, cmake_args=None, cmake_clean_cache=False, cmake_clean_first=False, cmake_force_configure=False, cmake_target=None, cmake_target_skip_unavailable=False, continue_on_error=False, event_handlers=None, executor='parallel', ignore_user_meta=False, install_base='install', log_base=None, log_level=None, main=<bound method BuildVerb.main of <colcon_core.verb.build.BuildVerb object at 0xffffb22b0520>>, merge_install=False, metas=['./colcon.meta'], packages_above=None, packages_above_and_dependencies=None, packages_above_depth=None, packages_end=None, packages_ignore=None, packages_ignore_regex=None, packages_select=None, packages_select_build_failed=False, packages_select_by_dep=None, packages_select_regex=None, packages_select_test_failures=False, packages_skip=None, packages_skip_build_finished=False, packages_skip_by_dep=None, packages_skip_regex=None, packages_skip_test_passed=False, packages_skip_up_to=None, packages_start=None, packages_up_to=None, packages_up_to_regex=None, parallel_workers=4, paths=None, symlink_install=False, test_result_base=None, verb_extension=<colcon_core.verb.build.BuildVerb object at 0xffffb22b0520>, verb_name='build', verb_parser=<colcon_defaults.argument_parser.defaults.DefaultArgumentsDecorator object at 0xffffb22b0a60>)
[0.811s] Level 1:colcon.colcon_core.package_discovery:discover_packages(colcon_meta) check parameters
[0.811s] Level 1:colcon.colcon_core.package_discovery:discover_packages(recursive) check parameters
[0.811s] Level 1:colcon.colcon_core.package_discovery:discover_packages(ignore) check parameters
[0.811s] Level 1:colcon.colcon_core.package_discovery:discover_packages(path) check parameters
[0.812s] Level 1:colcon.colcon_core.package_discovery:discover_packages(colcon_meta) discover
[0.812s] Level 1:colcon.colcon_core.package_discovery:discover_packages(recursive) discover
[0.812s] INFO:colcon.colcon_core.package_discovery:Crawling recursively for packages in '/home/ubuntu/mako_robot/mako_ws'
[0.812s] Level 1:colcon.colcon_core.package_identification:_identify(.) by extensions ['ignore', 'ignore_ament_install']
[0.813s] Level 1:colcon.colcon_core.package_identification:_identify(.) by extension 'ignore'
[0.813s] Level 1:colcon.colcon_core.package_identification:_identify(.) by extension 'ignore_ament_install'
[0.813s] Level 1:colcon.colcon_core.package_identification:_identify(.) by extensions ['colcon_pkg']
[0.814s] Level 1:colcon.colcon_core.package_identification:_identify(.) by extension 'colcon_pkg'
[0.814s] Level 1:colcon.colcon_core.package_identification:_identify(.) by extensions ['colcon_meta']
[0.814s] Level 1:colcon.colcon_core.package_identification:_identify(.) by extension 'colcon_meta'
[0.814s] Level 1:colcon.colcon_core.package_identification:_identify(.) by extensions ['ros']
[0.814s] Level 1:colcon.colcon_core.package_identification:_identify(.) by extension 'ros'
[0.863s] Level 1:colcon.colcon_core.package_identification:_identify(.) by extensions ['cmake', 'python']
[0.863s] Level 1:colcon.colcon_core.package_identification:_identify(.) by extension 'cmake'
[0.863s] Level 1:colcon.colcon_core.package_identification:_identify(.) by extension 'python'
[0.864s] Level 1:colcon.colcon_core.package_identification:_identify(.) by extensions ['python_setup_py']
[0.864s] Level 1:colcon.colcon_core.package_identification:_identify(.) by extension 'python_setup_py'
[0.864s] Level 1:colcon.colcon_core.package_identification:_identify(build) by extensions ['ignore', 'ignore_ament_install']
[0.865s] Level 1:colcon.colcon_core.package_identification:_identify(build) by extension 'ignore'
[0.865s] Level 1:colcon.colcon_core.package_identification:_identify(build) ignored
[0.866s] Level 1:colcon.colcon_core.package_identification:_identify(install) by extensions ['ignore', 'ignore_ament_install']
[0.866s] Level 1:colcon.colcon_core.package_identification:_identify(install) by extension 'ignore'
[0.866s] Level 1:colcon.colcon_core.package_identification:_identify(install) ignored
[0.867s] Level 1:colcon.colcon_core.package_identification:_identify(log) by extensions ['ignore', 'ignore_ament_install']
[0.867s] Level 1:colcon.colcon_core.package_identification:_identify(log) by extension 'ignore'
[0.867s] Level 1:colcon.colcon_core.package_identification:_identify(log) ignored
[0.868s] Level 1:colcon.colcon_core.package_identification:_identify(src) by extensions ['ignore', 'ignore_ament_install']
[0.868s] Level 1:colcon.colcon_core.package_identification:_identify(src) by extension 'ignore'
[0.868s] Level 1:colcon.colcon_core.package_identification:_identify(src) by extension 'ignore_ament_install'
[0.868s] Level 1:colcon.colcon_core.package_identification:_identify(src) by extensions ['colcon_pkg']
[0.868s] Level 1:colcon.colcon_core.package_identification:_identify(src) by extension 'colcon_pkg'
[0.869s] Level 1:colcon.colcon_core.package_identification:_identify(src) by extensions ['colcon_meta']
[0.869s] Level 1:colcon.colcon_core.package_identification:_identify(src) by extension 'colcon_meta'
[0.869s] Level 1:colcon.colcon_core.package_identification:_identify(src) by extensions ['ros']
[0.869s] Level 1:colcon.colcon_core.package_identification:_identify(src) by extension 'ros'
[0.870s] Level 1:colcon.colcon_core.package_identification:_identify(src) by extensions ['cmake', 'python']
[0.870s] Level 1:colcon.colcon_core.package_identification:_identify(src) by extension 'cmake'
[0.870s] Level 1:colcon.colcon_core.package_identification:_identify(src) by extension 'python'
[0.870s] Level 1:colcon.colcon_core.package_identification:_identify(src) by extensions ['python_setup_py']
[0.871s] Level 1:colcon.colcon_core.package_identification:_identify(src) by extension 'python_setup_py'
[0.871s] Level 1:colcon.colcon_core.package_identification:_identify(src/dev_test_tools) by extensions ['ignore', 'ignore_ament_install']
[0.872s] Level 1:colcon.colcon_core.package_identification:_identify(src/dev_test_tools) by extension 'ignore'
[0.872s] Level 1:colcon.colcon_core.package_identification:_identify(src/dev_test_tools) by extension 'ignore_ament_install'
[0.872s] Level 1:colcon.colcon_core.package_identification:_identify(src/dev_test_tools) by extensions ['colcon_pkg']
[0.872s] Level 1:colcon.colcon_core.package_identification:_identify(src/dev_test_tools) by extension 'colcon_pkg'
[0.872s] Level 1:colcon.colcon_core.package_identification:_identify(src/dev_test_tools) by extensions ['colcon_meta']
[0.873s] Level 1:colcon.colcon_core.package_identification:_identify(src/dev_test_tools) by extension 'colcon_meta'
[0.873s] Level 1:colcon.colcon_core.package_identification:_identify(src/dev_test_tools) by extensions ['ros']
[0.873s] Level 1:colcon.colcon_core.package_identification:_identify(src/dev_test_tools) by extension 'ros'
[0.891s] DEBUG:colcon.colcon_core.package_identification:Package 'src/dev_test_tools' with type 'ros.ament_python' and name 'dev_test_tools'
[0.892s] Level 1:colcon.colcon_core.package_identification:_identify(src/lidar_ros2) by extensions ['ignore', 'ignore_ament_install']
[0.893s] Level 1:colcon.colcon_core.package_identification:_identify(src/lidar_ros2) by extension 'ignore'
[0.894s] Level 1:colcon.colcon_core.package_identification:_identify(src/lidar_ros2) by extension 'ignore_ament_install'
[0.894s] Level 1:colcon.colcon_core.package_identification:_identify(src/lidar_ros2) by extensions ['colcon_pkg']
[0.894s] Level 1:colcon.colcon_core.package_identification:_identify(src/lidar_ros2) by extension 'colcon_pkg'
[0.895s] Level 1:colcon.colcon_core.package_identification:_identify(src/lidar_ros2) by extensions ['colcon_meta']
[0.895s] Level 1:colcon.colcon_core.package_identification:_identify(src/lidar_ros2) by extension 'colcon_meta'
[0.895s] Level 1:colcon.colcon_core.package_identification:_identify(src/lidar_ros2) by extensions ['ros']
[0.895s] Level 1:colcon.colcon_core.package_identification:_identify(src/lidar_ros2) by extension 'ros'
[0.898s] DEBUG:colcon.colcon_core.package_identification:Package 'src/lidar_ros2' with type 'ros.ament_cmake' and name 'rplidar_ros'
[0.899s] Level 1:colcon.colcon_core.package_discovery:discover_packages(recursive) using defaults
[0.899s] Level 1:colcon.colcon_core.package_discovery:discover_packages(ignore) discover
[0.899s] Level 1:colcon.colcon_core.package_discovery:discover_packages(ignore) using defaults
[0.899s] Level 1:colcon.colcon_core.package_discovery:discover_packages(path) discover
[0.899s] Level 1:colcon.colcon_core.package_discovery:discover_packages(path) using defaults
[0.984s] Level 5:colcon.colcon_core.verb:set package 'dev_test_tools' build argument 'cmake_args' from command line to 'None'
[0.984s] Level 5:colcon.colcon_core.verb:set package 'dev_test_tools' build argument 'cmake_target' from command line to 'None'
[0.984s] Level 5:colcon.colcon_core.verb:set package 'dev_test_tools' build argument 'cmake_target_skip_unavailable' from command line to 'False'
[0.984s] Level 5:colcon.colcon_core.verb:set package 'dev_test_tools' build argument 'cmake_clean_cache' from command line to 'False'
[0.984s] Level 5:colcon.colcon_core.verb:set package 'dev_test_tools' build argument 'cmake_clean_first' from command line to 'False'
[0.985s] Level 5:colcon.colcon_core.verb:set package 'dev_test_tools' build argument 'cmake_force_configure' from command line to 'False'
[0.985s] Level 5:colcon.colcon_core.verb:set package 'dev_test_tools' build argument 'ament_cmake_args' from command line to 'None'
[0.985s] Level 5:colcon.colcon_core.verb:set package 'dev_test_tools' build argument 'catkin_cmake_args' from command line to 'None'
[0.985s] Level 5:colcon.colcon_core.verb:set package 'dev_test_tools' build argument 'catkin_skip_building_tests' from command line to 'False'
[0.985s] DEBUG:colcon.colcon_core.verb:Building package 'dev_test_tools' with the following arguments: {'ament_cmake_args': None, 'build_base': '/home/ubuntu/mako_robot/mako_ws/build/dev_test_tools', 'catkin_cmake_args': None, 'catkin_skip_building_tests': False, 'cmake_args': None, 'cmake_clean_cache': False, 'cmake_clean_first': False, 'cmake_force_configure': False, 'cmake_target': None, 'cmake_target_skip_unavailable': False, 'install_base': '/home/ubuntu/mako_robot/mako_ws/install/dev_test_tools', 'merge_install': False, 'path': '/home/ubuntu/mako_robot/mako_ws/src/dev_test_tools', 'symlink_install': False, 'test_result_base': None}
[0.999s] Level 5:colcon.colcon_core.verb:set package 'rplidar_ros' build argument 'cmake_args' from command line to 'None'
[1.000s] Level 5:colcon.colcon_core.verb:set package 'rplidar_ros' build argument 'cmake_target' from command line to 'None'
[1.000s] Level 5:colcon.colcon_core.verb:set package 'rplidar_ros' build argument 'cmake_target_skip_unavailable' from command line to 'False'
[1.000s] Level 5:colcon.colcon_core.verb:set package 'rplidar_ros' build argument 'cmake_clean_cache' from command line to 'False'
[1.000s] Level 5:colcon.colcon_core.verb:set package 'rplidar_ros' build argument 'cmake_clean_first' from command line to 'False'
[1.000s] Level 5:colcon.colcon_core.verb:set package 'rplidar_ros' build argument 'cmake_force_configure' from command line to 'False'
[1.001s] Level 5:colcon.colcon_core.verb:set package 'rplidar_ros' build argument 'ament_cmake_args' from command line to 'None'
[1.001s] Level 5:colcon.colcon_core.verb:set package 'rplidar_ros' build argument 'catkin_cmake_args' from command line to 'None'
[1.001s] Level 5:colcon.colcon_core.verb:set package 'rplidar_ros' build argument 'catkin_skip_building_tests' from command line to 'False'
[1.001s] DEBUG:colcon.colcon_core.verb:Building package 'rplidar_ros' with the following arguments: {'ament_cmake_args': None, 'build_base': '/home/ubuntu/mako_robot/mako_ws/build/rplidar_ros', 'catkin_cmake_args': None, 'catkin_skip_building_tests': False, 'cmake_args': None, 'cmake_clean_cache': False, 'cmake_clean_first': False, 'cmake_force_configure': False, 'cmake_target': None, 'cmake_target_skip_unavailable': False, 'install_base': '/home/ubuntu/mako_robot/mako_ws/install/rplidar_ros', 'merge_install': False, 'path': '/home/ubuntu/mako_robot/mako_ws/src/lidar_ros2', 'symlink_install': False, 'test_result_base': None}
[1.003s] INFO:colcon.colcon_core.executor:Executing jobs using 'parallel' executor
[1.010s] DEBUG:colcon.colcon_parallel_executor.executor.parallel:run_until_complete
[1.012s] INFO:colcon.colcon_ros.task.ament_python.build:Building ROS package in '/home/ubuntu/mako_robot/mako_ws/src/dev_test_tools' with build type 'ament_python'
[1.012s] Level 1:colcon.colcon_core.shell:create_environment_hook('dev_test_tools', 'ament_prefix_path')
[1.030s] INFO:colcon.colcon_core.plugin_system:Skipping extension 'colcon_core.shell.bat': Not used on non-Windows systems
[1.031s] INFO:colcon.colcon_core.shell:Creating environment hook '/home/ubuntu/mako_robot/mako_ws/install/dev_test_tools/share/dev_test_tools/hook/ament_prefix_path.ps1'
[1.033s] INFO:colcon.colcon_core.shell:Creating environment descriptor '/home/ubuntu/mako_robot/mako_ws/install/dev_test_tools/share/dev_test_tools/hook/ament_prefix_path.dsv'
[1.035s] INFO:colcon.colcon_core.shell:Creating environment hook '/home/ubuntu/mako_robot/mako_ws/install/dev_test_tools/share/dev_test_tools/hook/ament_prefix_path.sh'
[1.041s] INFO:colcon.colcon_core.shell:Skip shell extension 'powershell' for command environment: Not usable outside of PowerShell
[1.041s] DEBUG:colcon.colcon_core.shell:Skip shell extension 'dsv' for command environment
[1.060s] DEBUG:colcon.colcon_core.shell:Ignoring prefix path '/opt/ros/foxy'
[1.073s] INFO:colcon.colcon_ros.task.ament_cmake.build:Building ROS package in '/home/ubuntu/mako_robot/mako_ws/src/lidar_ros2' with build type 'ament_cmake'
[1.074s] INFO:colcon.colcon_cmake.task.cmake.build:Building CMake package in '/home/ubuntu/mako_robot/mako_ws/src/lidar_ros2'
[1.077s] INFO:colcon.colcon_core.shell:Skip shell extension 'powershell' for command environment: Not usable outside of PowerShell
[1.078s] DEBUG:colcon.colcon_core.shell:Skip shell extension 'dsv' for command environment
[1.087s] DEBUG:colcon.colcon_core.shell:Ignoring prefix path '/opt/ros/foxy'
[2.257s] INFO:colcon.colcon_core.task.python.build:Building Python package in '/home/ubuntu/mako_robot/mako_ws/src/dev_test_tools'
[2.263s] INFO:colcon.colcon_core.shell:Skip shell extension 'powershell' for command environment: Not usable outside of PowerShell
[2.263s] DEBUG:colcon.colcon_core.shell:Skip shell extension 'dsv' for command environment
[2.272s] DEBUG:colcon.colcon_core.shell:Ignoring prefix path '/opt/ros/foxy'
[2.304s] DEBUG:colcon.colcon_core.event_handler.log_command:Invoking command in '/home/ubuntu/mako_robot/mako_ws/build/rplidar_ros': CMAKE_PREFIX_PATH=${CMAKE_PREFIX_PATH}:/opt/ros/foxy /usr/bin/cmake --build /home/ubuntu/mako_robot/mako_ws/build/rplidar_ros -- -j4 -l4
[2.340s] DEBUG:colcon.colcon_core.event_handler.log_command:Invoking command in '/home/ubuntu/mako_robot/mako_ws/src/dev_test_tools': PYTHONPATH=/home/ubuntu/mako_robot/mako_ws/install/dev_test_tools/lib/python3.8/site-packages:${PYTHONPATH} /usr/bin/python3 setup.py egg_info --egg-base ../../build/dev_test_tools build --build-base /home/ubuntu/mako_robot/mako_ws/build/dev_test_tools/build install --prefix /home/ubuntu/mako_robot/mako_ws/install/dev_test_tools --record /home/ubuntu/mako_robot/mako_ws/build/dev_test_tools/install.log --single-version-externally-managed
[3.034s] DEBUG:colcon.colcon_core.event_handler.log_command:Invoked command in '/home/ubuntu/mako_robot/mako_ws/build/rplidar_ros' returned '0': CMAKE_PREFIX_PATH=${CMAKE_PREFIX_PATH}:/opt/ros/foxy /usr/bin/cmake --build /home/ubuntu/mako_robot/mako_ws/build/rplidar_ros -- -j4 -l4
[3.354s] DEBUG:colcon.colcon_core.event_handler.log_command:Invoking command in '/home/ubuntu/mako_robot/mako_ws/build/rplidar_ros': CMAKE_PREFIX_PATH=${CMAKE_PREFIX_PATH}:/opt/ros/foxy /usr/bin/cmake --install /home/ubuntu/mako_robot/mako_ws/build/rplidar_ros
[3.424s] Level 1:colcon.colcon_core.environment:create_environment_scripts_only(rplidar_ros)
[3.427s] DEBUG:colcon.colcon_core.event_handler.log_command:Invoked command in '/home/ubuntu/mako_robot/mako_ws/build/rplidar_ros' returned '0': CMAKE_PREFIX_PATH=${CMAKE_PREFIX_PATH}:/opt/ros/foxy /usr/bin/cmake --install /home/ubuntu/mako_robot/mako_ws/build/rplidar_ros
[3.445s] Level 1:colcon.colcon_core.environment:checking '/home/ubuntu/mako_robot/mako_ws/install/rplidar_ros' for CMake module files
[3.450s] Level 1:colcon.colcon_core.environment:checking '/home/ubuntu/mako_robot/mako_ws/install/rplidar_ros' for CMake config files
[3.452s] Level 1:colcon.colcon_core.shell:create_environment_hook('rplidar_ros', 'cmake_prefix_path')
[3.455s] INFO:colcon.colcon_core.shell:Creating environment hook '/home/ubuntu/mako_robot/mako_ws/install/rplidar_ros/share/rplidar_ros/hook/cmake_prefix_path.ps1'
[3.457s] INFO:colcon.colcon_core.shell:Creating environment descriptor '/home/ubuntu/mako_robot/mako_ws/install/rplidar_ros/share/rplidar_ros/hook/cmake_prefix_path.dsv'
[3.460s] INFO:colcon.colcon_core.shell:Creating environment hook '/home/ubuntu/mako_robot/mako_ws/install/rplidar_ros/share/rplidar_ros/hook/cmake_prefix_path.sh'
[3.466s] Level 1:colcon.colcon_core.environment:checking '/home/ubuntu/mako_robot/mako_ws/install/rplidar_ros/lib'
[3.467s] Level 1:colcon.colcon_core.shell:create_environment_hook('rplidar_ros', 'ld_library_path_lib')
[3.470s] INFO:colcon.colcon_core.shell:Creating environment hook '/home/ubuntu/mako_robot/mako_ws/install/rplidar_ros/share/rplidar_ros/hook/ld_library_path_lib.ps1'
[3.472s] INFO:colcon.colcon_core.shell:Creating environment descriptor '/home/ubuntu/mako_robot/mako_ws/install/rplidar_ros/share/rplidar_ros/hook/ld_library_path_lib.dsv'
[3.474s] INFO:colcon.colcon_core.shell:Creating environment hook '/home/ubuntu/mako_robot/mako_ws/install/rplidar_ros/share/rplidar_ros/hook/ld_library_path_lib.sh'
[3.476s] Level 1:colcon.colcon_core.environment:checking '/home/ubuntu/mako_robot/mako_ws/install/rplidar_ros/bin'
[3.477s] Level 1:colcon.colcon_core.environment:checking '/home/ubuntu/mako_robot/mako_ws/install/rplidar_ros/lib/pkgconfig/rplidar_ros.pc'
[3.477s] Level 1:colcon.colcon_core.environment:checking '/home/ubuntu/mako_robot/mako_ws/install/rplidar_ros/lib/python3.8/site-packages'
[3.480s] INFO:colcon.colcon_core.shell:Creating package script '/home/ubuntu/mako_robot/mako_ws/install/rplidar_ros/share/rplidar_ros/package.ps1'
[3.484s] INFO:colcon.colcon_core.shell:Creating package descriptor '/home/ubuntu/mako_robot/mako_ws/install/rplidar_ros/share/rplidar_ros/package.dsv'
[3.487s] INFO:colcon.colcon_core.shell:Creating package script '/home/ubuntu/mako_robot/mako_ws/install/rplidar_ros/share/rplidar_ros/package.sh'
[3.494s] INFO:colcon.colcon_core.shell:Creating package script '/home/ubuntu/mako_robot/mako_ws/install/rplidar_ros/share/rplidar_ros/package.bash'
[3.504s] INFO:colcon.colcon_core.shell:Creating package script '/home/ubuntu/mako_robot/mako_ws/install/rplidar_ros/share/rplidar_ros/package.zsh'
[3.507s] Level 1:colcon.colcon_core.environment:create_file_with_runtime_dependencies(/home/ubuntu/mako_robot/mako_ws/install/rplidar_ros/share/colcon-core/packages/rplidar_ros)
[3.801s] Level 1:colcon.colcon_core.environment:create_environment_scripts_only(rplidar_ros)
[3.806s] Level 1:colcon.colcon_core.environment:checking '/home/ubuntu/mako_robot/mako_ws/install/rplidar_ros' for CMake module files
[3.811s] Level 1:colcon.colcon_core.environment:checking '/home/ubuntu/mako_robot/mako_ws/install/rplidar_ros' for CMake config files
[3.813s] Level 1:colcon.colcon_core.shell:create_environment_hook('rplidar_ros', 'cmake_prefix_path')
[3.816s] INFO:colcon.colcon_core.shell:Creating environment hook '/home/ubuntu/mako_robot/mako_ws/install/rplidar_ros/share/rplidar_ros/hook/cmake_prefix_path.ps1'
[3.822s] INFO:colcon.colcon_core.shell:Creating environment descriptor '/home/ubuntu/mako_robot/mako_ws/install/rplidar_ros/share/rplidar_ros/hook/cmake_prefix_path.dsv'
[3.826s] INFO:colcon.colcon_core.shell:Creating environment hook '/home/ubuntu/mako_robot/mako_ws/install/rplidar_ros/share/rplidar_ros/hook/cmake_prefix_path.sh'
[3.830s] Level 1:colcon.colcon_core.environment:checking '/home/ubuntu/mako_robot/mako_ws/install/rplidar_ros/lib'
[3.831s] Level 1:colcon.colcon_core.shell:create_environment_hook('rplidar_ros', 'ld_library_path_lib')
[3.834s] INFO:colcon.colcon_core.shell:Creating environment hook '/home/ubuntu/mako_robot/mako_ws/install/rplidar_ros/share/rplidar_ros/hook/ld_library_path_lib.ps1'
[3.838s] INFO:colcon.colcon_core.shell:Creating environment descriptor '/home/ubuntu/mako_robot/mako_ws/install/rplidar_ros/share/rplidar_ros/hook/ld_library_path_lib.dsv'
[3.847s] INFO:colcon.colcon_core.shell:Creating environment hook '/home/ubuntu/mako_robot/mako_ws/install/rplidar_ros/share/rplidar_ros/hook/ld_library_path_lib.sh'
[3.855s] Level 1:colcon.colcon_core.environment:checking '/home/ubuntu/mako_robot/mako_ws/install/rplidar_ros/bin'
[3.856s] Level 1:colcon.colcon_core.environment:checking '/home/ubuntu/mako_robot/mako_ws/install/rplidar_ros/lib/pkgconfig/rplidar_ros.pc'
[3.856s] Level 1:colcon.colcon_core.environment:checking '/home/ubuntu/mako_robot/mako_ws/install/rplidar_ros/lib/python3.8/site-packages'
[3.859s] INFO:colcon.colcon_core.shell:Creating package script '/home/ubuntu/mako_robot/mako_ws/install/rplidar_ros/share/rplidar_ros/package.ps1'
[3.864s] INFO:colcon.colcon_core.shell:Creating package descriptor '/home/ubuntu/mako_robot/mako_ws/install/rplidar_ros/share/rplidar_ros/package.dsv'
[3.870s] INFO:colcon.colcon_core.shell:Creating package script '/home/ubuntu/mako_robot/mako_ws/install/rplidar_ros/share/rplidar_ros/package.sh'
[3.873s] INFO:colcon.colcon_core.shell:Creating package script '/home/ubuntu/mako_robot/mako_ws/install/rplidar_ros/share/rplidar_ros/package.bash'
[3.875s] INFO:colcon.colcon_core.shell:Creating package script '/home/ubuntu/mako_robot/mako_ws/install/rplidar_ros/share/rplidar_ros/package.zsh'
[3.878s] Level 1:colcon.colcon_core.environment:create_file_with_runtime_dependencies(/home/ubuntu/mako_robot/mako_ws/install/rplidar_ros/share/colcon-core/packages/rplidar_ros)
[4.081s] Level 1:colcon.colcon_core.environment:checking '/home/ubuntu/mako_robot/mako_ws/install/dev_test_tools' for CMake module files
[4.084s] DEBUG:colcon.colcon_core.event_handler.log_command:Invoked command in '/home/ubuntu/mako_robot/mako_ws/src/dev_test_tools' returned '0': PYTHONPATH=/home/ubuntu/mako_robot/mako_ws/install/dev_test_tools/lib/python3.8/site-packages:${PYTHONPATH} /usr/bin/python3 setup.py egg_info --egg-base ../../build/dev_test_tools build --build-base /home/ubuntu/mako_robot/mako_ws/build/dev_test_tools/build install --prefix /home/ubuntu/mako_robot/mako_ws/install/dev_test_tools --record /home/ubuntu/mako_robot/mako_ws/build/dev_test_tools/install.log --single-version-externally-managed
[4.086s] Level 1:colcon.colcon_core.environment:checking '/home/ubuntu/mako_robot/mako_ws/install/dev_test_tools' for CMake config files
[4.092s] Level 1:colcon.colcon_core.environment:checking '/home/ubuntu/mako_robot/mako_ws/install/dev_test_tools/lib'
[4.093s] Level 1:colcon.colcon_core.environment:checking '/home/ubuntu/mako_robot/mako_ws/install/dev_test_tools/bin'
[4.094s] Level 1:colcon.colcon_core.environment:checking '/home/ubuntu/mako_robot/mako_ws/install/dev_test_tools/lib/pkgconfig/dev_test_tools.pc'
[4.094s] Level 1:colcon.colcon_core.environment:checking '/home/ubuntu/mako_robot/mako_ws/install/dev_test_tools/lib/python3.8/site-packages'
[4.095s] Level 1:colcon.colcon_core.shell:create_environment_hook('dev_test_tools', 'pythonpath')
[4.097s] INFO:colcon.colcon_core.shell:Creating environment hook '/home/ubuntu/mako_robot/mako_ws/install/dev_test_tools/share/dev_test_tools/hook/pythonpath.ps1'
[4.100s] INFO:colcon.colcon_core.shell:Creating environment descriptor '/home/ubuntu/mako_robot/mako_ws/install/dev_test_tools/share/dev_test_tools/hook/pythonpath.dsv'
[4.101s] INFO:colcon.colcon_core.shell:Creating environment hook '/home/ubuntu/mako_robot/mako_ws/install/dev_test_tools/share/dev_test_tools/hook/pythonpath.sh'
[4.103s] Level 1:colcon.colcon_core.environment:create_environment_scripts_only(dev_test_tools)
[4.106s] INFO:colcon.colcon_core.shell:Creating package script '/home/ubuntu/mako_robot/mako_ws/install/dev_test_tools/share/dev_test_tools/package.ps1'
[4.109s] INFO:colcon.colcon_core.shell:Creating package descriptor '/home/ubuntu/mako_robot/mako_ws/install/dev_test_tools/share/dev_test_tools/package.dsv'
[4.111s] INFO:colcon.colcon_core.shell:Creating package script '/home/ubuntu/mako_robot/mako_ws/install/dev_test_tools/share/dev_test_tools/package.sh'
[4.113s] INFO:colcon.colcon_core.shell:Creating package script '/home/ubuntu/mako_robot/mako_ws/install/dev_test_tools/share/dev_test_tools/package.bash'
[4.114s] INFO:colcon.colcon_core.shell:Creating package script '/home/ubuntu/mako_robot/mako_ws/install/dev_test_tools/share/dev_test_tools/package.zsh'
[4.116s] Level 1:colcon.colcon_core.environment:create_file_with_runtime_dependencies(/home/ubuntu/mako_robot/mako_ws/install/dev_test_tools/share/colcon-core/packages/dev_test_tools)
[4.117s] DEBUG:colcon.colcon_parallel_executor.executor.parallel:closing loop
[4.119s] DEBUG:colcon.colcon_parallel_executor.executor.parallel:loop closed
[4.119s] DEBUG:colcon.colcon_parallel_executor.executor.parallel:run_until_complete finished with '0'
[4.119s] DEBUG:colcon.colcon_core.event_reactor:joining thread
[4.151s] INFO:colcon.colcon_core.plugin_system:Skipping extension 'colcon_notification.desktop_notification.terminal_notifier': Not used on non-Darwin systems
[4.152s] INFO:colcon.colcon_core.plugin_system:Skipping extension 'colcon_notification.desktop_notification.win32': Not used on non-Windows systems
[4.152s] INFO:colcon.colcon_notification.desktop_notification:Sending desktop notification using 'notify2'
[4.215s] DEBUG:colcon.colcon_core.event_reactor:joined thread
[4.218s] INFO:colcon.colcon_core.shell:Creating prefix script '/home/ubuntu/mako_robot/mako_ws/install/local_setup.ps1'
[4.223s] INFO:colcon.colcon_core.shell:Creating prefix util module '/home/ubuntu/mako_robot/mako_ws/install/_local_setup_util_ps1.py'
[4.230s] INFO:colcon.colcon_core.shell:Creating prefix chain script '/home/ubuntu/mako_robot/mako_ws/install/setup.ps1'
[4.243s] INFO:colcon.colcon_core.shell:Creating prefix script '/home/ubuntu/mako_robot/mako_ws/install/local_setup.sh'
[4.247s] INFO:colcon.colcon_core.shell:Creating prefix util module '/home/ubuntu/mako_robot/mako_ws/install/_local_setup_util_sh.py'
[4.251s] INFO:colcon.colcon_core.shell:Creating prefix chain script '/home/ubuntu/mako_robot/mako_ws/install/setup.sh'
[4.264s] INFO:colcon.colcon_core.shell:Creating prefix script '/home/ubuntu/mako_robot/mako_ws/install/local_setup.bash'
[4.266s] INFO:colcon.colcon_core.shell:Creating prefix chain script '/home/ubuntu/mako_robot/mako_ws/install/setup.bash'
[4.281s] INFO:colcon.colcon_core.shell:Creating prefix script '/home/ubuntu/mako_robot/mako_ws/install/local_setup.zsh'
[4.284s] INFO:colcon.colcon_core.shell:Creating prefix chain script '/home/ubuntu/mako_robot/mako_ws/install/setup.zsh'
