running egg_info
creating ../../build/mako_py_serial_interface/mako_py_serial_interface.egg-info
writing ../../build/mako_py_serial_interface/mako_py_serial_interface.egg-info/PKG-INFO
writing dependency_links to ../../build/mako_py_serial_interface/mako_py_serial_interface.egg-info/dependency_links.txt
writing entry points to ../../build/mako_py_serial_interface/mako_py_serial_interface.egg-info/entry_points.txt
writing requirements to ../../build/mako_py_serial_interface/mako_py_serial_interface.egg-info/requires.txt
writing top-level names to ../../build/mako_py_serial_interface/mako_py_serial_interface.egg-info/top_level.txt
writing manifest file '../../build/mako_py_serial_interface/mako_py_serial_interface.egg-info/SOURCES.txt'
reading manifest file '../../build/mako_py_serial_interface/mako_py_serial_interface.egg-info/SOURCES.txt'
writing manifest file '../../build/mako_py_serial_interface/mako_py_serial_interface.egg-info/SOURCES.txt'
running build
running build_py
creating /home/abdelrahman/Documents/GitHub/mako_robot/mako_ws/build/mako_py_serial_interface/build
creating /home/abdelrahman/Documents/GitHub/mako_robot/mako_ws/build/mako_py_serial_interface/build/lib
creating /home/abdelrahman/Documents/GitHub/mako_robot/mako_ws/build/mako_py_serial_interface/build/lib/mako_py_serial_interface
copying mako_py_serial_interface/pi_arduino_interface.py -> /home/abdelrahman/Documents/GitHub/mako_robot/mako_ws/build/mako_py_serial_interface/build/lib/mako_py_serial_interface
copying mako_py_serial_interface/__init__.py -> /home/abdelrahman/Documents/GitHub/mako_robot/mako_ws/build/mako_py_serial_interface/build/lib/mako_py_serial_interface
running install
running install_lib
creating /home/abdelrahman/Documents/GitHub/mako_robot/mako_ws/install/mako_py_serial_interface/lib/python3.8/site-packages/mako_py_serial_interface
copying /home/abdelrahman/Documents/GitHub/mako_robot/mako_ws/build/mako_py_serial_interface/build/lib/mako_py_serial_interface/pi_arduino_interface.py -> /home/abdelrahman/Documents/GitHub/mako_robot/mako_ws/install/mako_py_serial_interface/lib/python3.8/site-packages/mako_py_serial_interface
copying /home/abdelrahman/Documents/GitHub/mako_robot/mako_ws/build/mako_py_serial_interface/build/lib/mako_py_serial_interface/__init__.py -> /home/abdelrahman/Documents/GitHub/mako_robot/mako_ws/install/mako_py_serial_interface/lib/python3.8/site-packages/mako_py_serial_interface
byte-compiling /home/abdelrahman/Documents/GitHub/mako_robot/mako_ws/install/mako_py_serial_interface/lib/python3.8/site-packages/mako_py_serial_interface/pi_arduino_interface.py to pi_arduino_interface.cpython-38.pyc
byte-compiling /home/abdelrahman/Documents/GitHub/mako_robot/mako_ws/install/mako_py_serial_interface/lib/python3.8/site-packages/mako_py_serial_interface/__init__.py to __init__.cpython-38.pyc
running install_data
running install_egg_info
Copying ../../build/mako_py_serial_interface/mako_py_serial_interface.egg-info to /home/abdelrahman/Documents/GitHub/mako_robot/mako_ws/install/mako_py_serial_interface/lib/python3.8/site-packages/mako_py_serial_interface-0.0.0-py3.8.egg-info
running install_scripts
Installing serialInterfaceNode script to /home/abdelrahman/Documents/GitHub/mako_robot/mako_ws/install/mako_py_serial_interface/lib/mako_py_serial_interface
writing list of installed files to '/home/abdelrahman/Documents/GitHub/mako_robot/mako_ws/build/mako_py_serial_interface/install.log'
