[2.302s] Invoking command in '/home/abdelrahman/Documents/GitHub/mako_robot/mako_ws/src/mako_py_serial_interface': AMENT_PREFIX_PATH=/home/abdelrahman/Documents/GitHub/mako_robot/mako_ws/install/mako_nolang_interfaces:${AMENT_PREFIX_PATH} CMAKE_PREFIX_PATH=/home/abdelrahman/Documents/GitHub/mako_robot/mako_ws/install/mako_nolang_interfaces:${CMAKE_PREFIX_PATH} LD_LIBRARY_PATH=/home/abdelrahman/Documents/GitHub/mako_robot/mako_ws/install/mako_nolang_interfaces/lib:${LD_LIBRARY_PATH} PYTHONPATH=/home/abdelrahman/Documents/GitHub/mako_robot/mako_ws/install/mako_py_serial_interface/lib/python3.8/site-packages:/home/abdelrahman/Documents/GitHub/mako_robot/mako_ws/install/mako_nolang_interfaces/lib/python3.8/site-packages:${PYTHONPATH} /usr/bin/python3 setup.py egg_info --egg-base ../../build/mako_py_serial_interface build --build-base /home/abdelrahman/Documents/GitHub/mako_robot/mako_ws/build/mako_py_serial_interface/build install --prefix /home/abdelrahman/Documents/GitHub/mako_robot/mako_ws/install/mako_py_serial_interface --record /home/abdelrahman/Documents/GitHub/mako_robot/mako_ws/build/mako_py_serial_interface/install.log --single-version-externally-managed
[3.087s] running egg_info
[3.088s] creating ../../build/mako_py_serial_interface/mako_py_serial_interface.egg-info
[3.088s] writing ../../build/mako_py_serial_interface/mako_py_serial_interface.egg-info/PKG-INFO
[3.088s] writing dependency_links to ../../build/mako_py_serial_interface/mako_py_serial_interface.egg-info/dependency_links.txt
[3.088s] writing entry points to ../../build/mako_py_serial_interface/mako_py_serial_interface.egg-info/entry_points.txt
[3.088s] writing requirements to ../../build/mako_py_serial_interface/mako_py_serial_interface.egg-info/requires.txt
[3.088s] writing top-level names to ../../build/mako_py_serial_interface/mako_py_serial_interface.egg-info/top_level.txt
[3.099s] writing manifest file '../../build/mako_py_serial_interface/mako_py_serial_interface.egg-info/SOURCES.txt'
[3.232s] reading manifest file '../../build/mako_py_serial_interface/mako_py_serial_interface.egg-info/SOURCES.txt'
[3.237s] writing manifest file '../../build/mako_py_serial_interface/mako_py_serial_interface.egg-info/SOURCES.txt'
[3.237s] running build
[3.237s] running build_py
[3.237s] creating /home/abdelrahman/Documents/GitHub/mako_robot/mako_ws/build/mako_py_serial_interface/build
[3.237s] creating /home/abdelrahman/Documents/GitHub/mako_robot/mako_ws/build/mako_py_serial_interface/build/lib
[3.237s] creating /home/abdelrahman/Documents/GitHub/mako_robot/mako_ws/build/mako_py_serial_interface/build/lib/mako_py_serial_interface
[3.241s] copying mako_py_serial_interface/pi_arduino_interface.py -> /home/abdelrahman/Documents/GitHub/mako_robot/mako_ws/build/mako_py_serial_interface/build/lib/mako_py_serial_interface
[3.241s] copying mako_py_serial_interface/__init__.py -> /home/abdelrahman/Documents/GitHub/mako_robot/mako_ws/build/mako_py_serial_interface/build/lib/mako_py_serial_interface
[3.241s] running install
[3.241s] running install_lib
[3.251s] creating /home/abdelrahman/Documents/GitHub/mako_robot/mako_ws/install/mako_py_serial_interface/lib/python3.8/site-packages/mako_py_serial_interface
[3.251s] copying /home/abdelrahman/Documents/GitHub/mako_robot/mako_ws/build/mako_py_serial_interface/build/lib/mako_py_serial_interface/pi_arduino_interface.py -> /home/abdelrahman/Documents/GitHub/mako_robot/mako_ws/install/mako_py_serial_interface/lib/python3.8/site-packages/mako_py_serial_interface
[3.251s] copying /home/abdelrahman/Documents/GitHub/mako_robot/mako_ws/build/mako_py_serial_interface/build/lib/mako_py_serial_interface/__init__.py -> /home/abdelrahman/Documents/GitHub/mako_robot/mako_ws/install/mako_py_serial_interface/lib/python3.8/site-packages/mako_py_serial_interface
[3.251s] byte-compiling /home/abdelrahman/Documents/GitHub/mako_robot/mako_ws/install/mako_py_serial_interface/lib/python3.8/site-packages/mako_py_serial_interface/pi_arduino_interface.py to pi_arduino_interface.cpython-38.pyc
[3.251s] byte-compiling /home/abdelrahman/Documents/GitHub/mako_robot/mako_ws/install/mako_py_serial_interface/lib/python3.8/site-packages/mako_py_serial_interface/__init__.py to __init__.cpython-38.pyc
[3.252s] running install_data
[3.252s] running install_egg_info
[3.260s] Copying ../../build/mako_py_serial_interface/mako_py_serial_interface.egg-info to /home/abdelrahman/Documents/GitHub/mako_robot/mako_ws/install/mako_py_serial_interface/lib/python3.8/site-packages/mako_py_serial_interface-0.0.0-py3.8.egg-info
[3.264s] running install_scripts
[3.323s] Installing serialInterfaceNode script to /home/abdelrahman/Documents/GitHub/mako_robot/mako_ws/install/mako_py_serial_interface/lib/mako_py_serial_interface
[3.331s] writing list of installed files to '/home/abdelrahman/Documents/GitHub/mako_robot/mako_ws/build/mako_py_serial_interface/install.log'
[3.374s] Invoked command in '/home/abdelrahman/Documents/GitHub/mako_robot/mako_ws/src/mako_py_serial_interface' returned '0': AMENT_PREFIX_PATH=/home/abdelrahman/Documents/GitHub/mako_robot/mako_ws/install/mako_nolang_interfaces:${AMENT_PREFIX_PATH} CMAKE_PREFIX_PATH=/home/abdelrahman/Documents/GitHub/mako_robot/mako_ws/install/mako_nolang_interfaces:${CMAKE_PREFIX_PATH} LD_LIBRARY_PATH=/home/abdelrahman/Documents/GitHub/mako_robot/mako_ws/install/mako_nolang_interfaces/lib:${LD_LIBRARY_PATH} PYTHONPATH=/home/abdelrahman/Documents/GitHub/mako_robot/mako_ws/install/mako_py_serial_interface/lib/python3.8/site-packages:/home/abdelrahman/Documents/GitHub/mako_robot/mako_ws/install/mako_nolang_interfaces/lib/python3.8/site-packages:${PYTHONPATH} /usr/bin/python3 setup.py egg_info --egg-base ../../build/mako_py_serial_interface build --build-base /home/abdelrahman/Documents/GitHub/mako_robot/mako_ws/build/mako_py_serial_interface/build install --prefix /home/abdelrahman/Documents/GitHub/mako_robot/mako_ws/install/mako_py_serial_interface --record /home/abdelrahman/Documents/GitHub/mako_robot/mako_ws/build/mako_py_serial_interface/install.log --single-version-externally-managed
