[0.843s] Invoking command in '/home/abdelrahman/Documents/GitHub/mako_robot/mako_ws/src/mako_py_feedback_actuators': CMAKE_PREFIX_PATH=/home/abdelrahman/Documents/GitHub/mako_robot/mako_ws/install/mako_nolang_interfaces:/home/abdelrahman/Documents/GitHub/mako_robot/mako_ws/install/rplidar_ros:/home/abdelrahman/Documents/GitHub/mako_robot/mako_ws/install/mako_nolang_launch:/home/abdelrahman/ros2_ws/install/my_robot_interface LD_LIBRARY_PATH=/home/abdelrahman/Documents/GitHub/mako_robot/mako_ws/install/mako_nolang_interfaces/lib:/home/abdelrahman/Documents/GitHub/mako_robot/mako_ws/install/rplidar_ros/lib:/opt/ros/foxy/opt/yaml_cpp_vendor/lib:/opt/ros/foxy/opt/rviz_ogre_vendor/lib:/opt/ros/foxy/lib/x86_64-linux-gnu:/opt/ros/foxy/lib PYTHONPATH=/home/abdelrahman/Documents/GitHub/mako_robot/mako_ws/install/mako_py_feedback_actuators/lib/python3.8/site-packages:/home/abdelrahman/Documents/GitHub/mako_robot/mako_ws/install/mako_nolang_interfaces/lib/python3.8/site-packages:/home/abdelrahman/Documents/GitHub/mako_robot/mako_ws/install/mako_py_serial_interface/lib/python3.8/site-packages:/home/abdelrahman/Documents/GitHub/mako_robot/mako_ws/install/mako_py_feedback_actuators/lib/python3.8/site-packages:/home/abdelrahman/Documents/GitHub/mako_robot/mako_ws/install/mako_py_brain/lib/python3.8/site-packages:/home/abdelrahman/Documents/GitHub/mako_robot/mako_ws/install/dev_test_tools/lib/python3.8/site-packages:/home/abdelrahman/ros2_ws/install/test_lidar_pkg/lib/python3.8/site-packages:/home/abdelrahman/ros2_ws/install/my_py_pkg/lib/python3.8/site-packages:/opt/ros/foxy/lib/python3.8/site-packages /usr/bin/python3 setup.py egg_info --egg-base ../../build/mako_py_feedback_actuators build --build-base /home/abdelrahman/Documents/GitHub/mako_robot/mako_ws/build/mako_py_feedback_actuators/build install --prefix /home/abdelrahman/Documents/GitHub/mako_robot/mako_ws/install/mako_py_feedback_actuators --record /home/abdelrahman/Documents/GitHub/mako_robot/mako_ws/build/mako_py_feedback_actuators/install.log --single-version-externally-managed
[1.691s] running egg_info
[1.694s] writing ../../build/mako_py_feedback_actuators/mako_py_feedback_actuators.egg-info/PKG-INFO
[1.696s] writing dependency_links to ../../build/mako_py_feedback_actuators/mako_py_feedback_actuators.egg-info/dependency_links.txt
[1.698s] writing entry points to ../../build/mako_py_feedback_actuators/mako_py_feedback_actuators.egg-info/entry_points.txt
[1.698s] writing requirements to ../../build/mako_py_feedback_actuators/mako_py_feedback_actuators.egg-info/requires.txt
[1.699s] writing top-level names to ../../build/mako_py_feedback_actuators/mako_py_feedback_actuators.egg-info/top_level.txt
[1.835s] reading manifest file '../../build/mako_py_feedback_actuators/mako_py_feedback_actuators.egg-info/SOURCES.txt'
[1.842s] writing manifest file '../../build/mako_py_feedback_actuators/mako_py_feedback_actuators.egg-info/SOURCES.txt'
[1.844s] running build
[1.844s] running build_py
[1.846s] running install
[1.850s] running install_lib
[1.857s] running install_data
[1.868s] running install_egg_info
[1.869s] removing '/home/abdelrahman/Documents/GitHub/mako_robot/mako_ws/install/mako_py_feedback_actuators/lib/python3.8/site-packages/mako_py_feedback_actuators-0.0.0-py3.8.egg-info' (and everything under it)
[1.869s] Copying ../../build/mako_py_feedback_actuators/mako_py_feedback_actuators.egg-info to /home/abdelrahman/Documents/GitHub/mako_robot/mako_ws/install/mako_py_feedback_actuators/lib/python3.8/site-packages/mako_py_feedback_actuators-0.0.0-py3.8.egg-info
[1.871s] running install_scripts
[1.935s] Installing ledControlNode script to /home/abdelrahman/Documents/GitHub/mako_robot/mako_ws/install/mako_py_feedback_actuators/lib/mako_py_feedback_actuators
[1.940s] writing list of installed files to '/home/abdelrahman/Documents/GitHub/mako_robot/mako_ws/build/mako_py_feedback_actuators/install.log'
[2.041s] Invoked command in '/home/abdelrahman/Documents/GitHub/mako_robot/mako_ws/src/mako_py_feedback_actuators' returned '0': CMAKE_PREFIX_PATH=/home/abdelrahman/Documents/GitHub/mako_robot/mako_ws/install/mako_nolang_interfaces:/home/abdelrahman/Documents/GitHub/mako_robot/mako_ws/install/rplidar_ros:/home/abdelrahman/Documents/GitHub/mako_robot/mako_ws/install/mako_nolang_launch:/home/abdelrahman/ros2_ws/install/my_robot_interface LD_LIBRARY_PATH=/home/abdelrahman/Documents/GitHub/mako_robot/mako_ws/install/mako_nolang_interfaces/lib:/home/abdelrahman/Documents/GitHub/mako_robot/mako_ws/install/rplidar_ros/lib:/opt/ros/foxy/opt/yaml_cpp_vendor/lib:/opt/ros/foxy/opt/rviz_ogre_vendor/lib:/opt/ros/foxy/lib/x86_64-linux-gnu:/opt/ros/foxy/lib PYTHONPATH=/home/abdelrahman/Documents/GitHub/mako_robot/mako_ws/install/mako_py_feedback_actuators/lib/python3.8/site-packages:/home/abdelrahman/Documents/GitHub/mako_robot/mako_ws/install/mako_nolang_interfaces/lib/python3.8/site-packages:/home/abdelrahman/Documents/GitHub/mako_robot/mako_ws/install/mako_py_serial_interface/lib/python3.8/site-packages:/home/abdelrahman/Documents/GitHub/mako_robot/mako_ws/install/mako_py_feedback_actuators/lib/python3.8/site-packages:/home/abdelrahman/Documents/GitHub/mako_robot/mako_ws/install/mako_py_brain/lib/python3.8/site-packages:/home/abdelrahman/Documents/GitHub/mako_robot/mako_ws/install/dev_test_tools/lib/python3.8/site-packages:/home/abdelrahman/ros2_ws/install/test_lidar_pkg/lib/python3.8/site-packages:/home/abdelrahman/ros2_ws/install/my_py_pkg/lib/python3.8/site-packages:/opt/ros/foxy/lib/python3.8/site-packages /usr/bin/python3 setup.py egg_info --egg-base ../../build/mako_py_feedback_actuators build --build-base /home/abdelrahman/Documents/GitHub/mako_robot/mako_ws/build/mako_py_feedback_actuators/build install --prefix /home/abdelrahman/Documents/GitHub/mako_robot/mako_ws/install/mako_py_feedback_actuators --record /home/abdelrahman/Documents/GitHub/mako_robot/mako_ws/build/mako_py_feedback_actuators/install.log --single-version-externally-managed
