[1.657s] Invoking command in '/home/karim/mako_robot/mako_ws/src/mako_py_brain': PYTHONPATH=/home/karim/mako_robot/mako_ws/install/mako_py_brain/lib/python3.8/site-packages:${PYTHONPATH} /usr/bin/python3 setup.py egg_info --egg-base ../../build/mako_py_brain build --build-base /home/karim/mako_robot/mako_ws/build/mako_py_brain/build install --prefix /home/karim/mako_robot/mako_ws/install/mako_py_brain --record /home/karim/mako_robot/mako_ws/build/mako_py_brain/install.log --single-version-externally-managed
[2.167s] running egg_info
[2.167s] writing ../../build/mako_py_brain/mako_py_brain.egg-info/PKG-INFO
[2.167s] writing dependency_links to ../../build/mako_py_brain/mako_py_brain.egg-info/dependency_links.txt
[2.167s] writing entry points to ../../build/mako_py_brain/mako_py_brain.egg-info/entry_points.txt
[2.167s] writing requirements to ../../build/mako_py_brain/mako_py_brain.egg-info/requires.txt
[2.167s] writing top-level names to ../../build/mako_py_brain/mako_py_brain.egg-info/top_level.txt
[2.259s] reading manifest file '../../build/mako_py_brain/mako_py_brain.egg-info/SOURCES.txt'
[2.265s] writing manifest file '../../build/mako_py_brain/mako_py_brain.egg-info/SOURCES.txt'
[2.268s] running build
[2.268s] running build_py
[2.268s] running install
[2.268s] running install_lib
[2.270s] running install_data
[2.271s] running install_egg_info
[2.275s] removing '/home/karim/mako_robot/mako_ws/install/mako_py_brain/lib/python3.8/site-packages/mako_py_brain-0.0.0-py3.8.egg-info' (and everything under it)
[2.275s] Copying ../../build/mako_py_brain/mako_py_brain.egg-info to /home/karim/mako_robot/mako_ws/install/mako_py_brain/lib/python3.8/site-packages/mako_py_brain-0.0.0-py3.8.egg-info
[2.278s] running install_scripts
[2.328s] writing list of installed files to '/home/karim/mako_robot/mako_ws/build/mako_py_brain/install.log'
[2.468s] Invoked command in '/home/karim/mako_robot/mako_ws/src/mako_py_brain' returned '0': PYTHONPATH=/home/karim/mako_robot/mako_ws/install/mako_py_brain/lib/python3.8/site-packages:${PYTHONPATH} /usr/bin/python3 setup.py egg_info --egg-base ../../build/mako_py_brain build --build-base /home/karim/mako_robot/mako_ws/build/mako_py_brain/build install --prefix /home/karim/mako_robot/mako_ws/install/mako_py_brain --record /home/karim/mako_robot/mako_ws/build/mako_py_brain/install.log --single-version-externally-managed
