/home/karim/mako_robot/mako_ws/install/mako_py_feedback_actuators/lib/python3.8/site-packages/mako_py_feedback_actuators/LED_Control.py
/home/karim/mako_robot/mako_ws/install/mako_py_feedback_actuators/lib/python3.8/site-packages/mako_py_feedback_actuators/Servo_Control.py
/home/karim/mako_robot/mako_ws/install/mako_py_feedback_actuators/lib/python3.8/site-packages/mako_py_feedback_actuators/__init__.py
/home/karim/mako_robot/mako_ws/install/mako_py_feedback_actuators/lib/python3.8/site-packages/mako_py_feedback_actuators/Motor_Control.py
/home/karim/mako_robot/mako_ws/install/mako_py_feedback_actuators/lib/python3.8/site-packages/mako_py_feedback_actuators/__pycache__/LED_Control.cpython-38.pyc
/home/karim/mako_robot/mako_ws/install/mako_py_feedback_actuators/lib/python3.8/site-packages/mako_py_feedback_actuators/__pycache__/Servo_Control.cpython-38.pyc
/home/karim/mako_robot/mako_ws/install/mako_py_feedback_actuators/lib/python3.8/site-packages/mako_py_feedback_actuators/__pycache__/__init__.cpython-38.pyc
/home/karim/mako_robot/mako_ws/install/mako_py_feedback_actuators/lib/python3.8/site-packages/mako_py_feedback_actuators/__pycache__/Motor_Control.cpython-38.pyc
/home/karim/mako_robot/mako_ws/install/mako_py_feedback_actuators/share/ament_index/resource_index/packages/mako_py_feedback_actuators
/home/karim/mako_robot/mako_ws/install/mako_py_feedback_actuators/share/mako_py_feedback_actuators/package.xml
/home/karim/mako_robot/mako_ws/install/mako_py_feedback_actuators/lib/python3.8/site-packages/mako_py_feedback_actuators-0.0.0-py3.8.egg-info/dependency_links.txt
/home/karim/mako_robot/mako_ws/install/mako_py_feedback_actuators/lib/python3.8/site-packages/mako_py_feedback_actuators-0.0.0-py3.8.egg-info/zip-safe
/home/karim/mako_robot/mako_ws/install/mako_py_feedback_actuators/lib/python3.8/site-packages/mako_py_feedback_actuators-0.0.0-py3.8.egg-info/requires.txt
/home/karim/mako_robot/mako_ws/install/mako_py_feedback_actuators/lib/python3.8/site-packages/mako_py_feedback_actuators-0.0.0-py3.8.egg-info/PKG-INFO
/home/karim/mako_robot/mako_ws/install/mako_py_feedback_actuators/lib/python3.8/site-packages/mako_py_feedback_actuators-0.0.0-py3.8.egg-info/entry_points.txt
/home/karim/mako_robot/mako_ws/install/mako_py_feedback_actuators/lib/python3.8/site-packages/mako_py_feedback_actuators-0.0.0-py3.8.egg-info/SOURCES.txt
/home/karim/mako_robot/mako_ws/install/mako_py_feedback_actuators/lib/python3.8/site-packages/mako_py_feedback_actuators-0.0.0-py3.8.egg-info/top_level.txt
/home/karim/mako_robot/mako_ws/install/mako_py_feedback_actuators/lib/mako_py_feedback_actuators/ledControlNode
/home/karim/mako_robot/mako_ws/install/mako_py_feedback_actuators/lib/mako_py_feedback_actuators/motorControlNode
/home/karim/mako_robot/mako_ws/install/mako_py_feedback_actuators/lib/mako_py_feedback_actuators/servoControlNode
