[0.604s] Invoking command in '/home/karim/mako_robot/mako_ws/build/rplidar_ros': CMAKE_PREFIX_PATH=${CMAKE_PREFIX_PATH}:/home/karim/project_ws/install/ros_project_pkg_py_robot_driver:/home/karim/project_ws/install/dev_test_tools:/home/karim/ros2_ws/install/my_py_pkg:/home/karim/mako_robot/mako_ws/install/mako_py_serial_interface:/home/karim/mako_robot/mako_ws/install/mako_py_feedback_actuators:/home/karim/mako_robot/mako_ws/install/mako_py_brain:/home/karim/mako_robot/mako_ws/install/dev_test_tools:/opt/ros/foxy /usr/bin/cmake --build /home/karim/mako_robot/mako_ws/build/rplidar_ros -- -j6 -l6
[1.090s] [ 38%] Built target rplidar_composition_node
[1.133s] [ 66%] Built target rplidarNodeClient
[1.133s] [ 88%] Built target rplidarNode
[1.246s] [100%] Built target rplidar_composition
[1.299s] Invoked command in '/home/karim/mako_robot/mako_ws/build/rplidar_ros' returned '0': CMAKE_PREFIX_PATH=${CMAKE_PREFIX_PATH}:/home/karim/project_ws/install/ros_project_pkg_py_robot_driver:/home/karim/project_ws/install/dev_test_tools:/home/karim/ros2_ws/install/my_py_pkg:/home/karim/mako_robot/mako_ws/install/mako_py_serial_interface:/home/karim/mako_robot/mako_ws/install/mako_py_feedback_actuators:/home/karim/mako_robot/mako_ws/install/mako_py_brain:/home/karim/mako_robot/mako_ws/install/dev_test_tools:/opt/ros/foxy /usr/bin/cmake --build /home/karim/mako_robot/mako_ws/build/rplidar_ros -- -j6 -l6
[1.547s] Invoking command in '/home/karim/mako_robot/mako_ws/build/rplidar_ros': CMAKE_PREFIX_PATH=${CMAKE_PREFIX_PATH}:/home/karim/project_ws/install/ros_project_pkg_py_robot_driver:/home/karim/project_ws/install/dev_test_tools:/home/karim/ros2_ws/install/my_py_pkg:/home/karim/mako_robot/mako_ws/install/mako_py_serial_interface:/home/karim/mako_robot/mako_ws/install/mako_py_feedback_actuators:/home/karim/mako_robot/mako_ws/install/mako_py_brain:/home/karim/mako_robot/mako_ws/install/dev_test_tools:/opt/ros/foxy /usr/bin/cmake --install /home/karim/mako_robot/mako_ws/build/rplidar_ros
[1.564s] -- Install configuration: ""
[1.565s] -- Execute custom install script
[1.568s] -- Up-to-date symlink: /home/karim/mako_robot/mako_ws/install/rplidar_ros/lib/rplidar_ros/rplidarNode
[1.569s] -- Up-to-date symlink: /home/karim/mako_robot/mako_ws/install/rplidar_ros/lib/rplidar_ros/rplidarNodeClient
[1.571s] -- Up-to-date symlink: /home/karim/mako_robot/mako_ws/install/rplidar_ros/lib/rplidar_ros/rplidar_composition
[1.575s] -- Up-to-date symlink: /home/karim/mako_robot/mako_ws/install/rplidar_ros/share/rplidar_ros/launch/rplidar.launch.py
[1.592s] -- Up-to-date symlink: /home/karim/mako_robot/mako_ws/install/rplidar_ros/share/rplidar_ros/launch/rplidar_a3.launch.py
[1.594s] -- Up-to-date symlink: /home/karim/mako_robot/mako_ws/install/rplidar_ros/share/rplidar_ros/launch/rplidar_s1.launch.py
[1.594s] -- Up-to-date symlink: /home/karim/mako_robot/mako_ws/install/rplidar_ros/share/rplidar_ros/launch/rplidar_s1_tcp.launch.py
[1.597s] -- Up-to-date symlink: /home/karim/mako_robot/mako_ws/install/rplidar_ros/share/rplidar_ros/launch/test_rplidar.launch.py
[1.598s] -- Up-to-date symlink: /home/karim/mako_robot/mako_ws/install/rplidar_ros/share/rplidar_ros/launch/test_rplidar_a3.launch.py
[1.603s] -- Up-to-date symlink: /home/karim/mako_robot/mako_ws/install/rplidar_ros/share/rplidar_ros/launch/view_rplidar.launch.py
[1.617s] -- Up-to-date symlink: /home/karim/mako_robot/mako_ws/install/rplidar_ros/share/rplidar_ros/launch/view_rplidar_a3.launch.py
[1.617s] -- Up-to-date symlink: /home/karim/mako_robot/mako_ws/install/rplidar_ros/share/rplidar_ros/launch/view_rplidar_s1.launch.py
[1.648s] -- Up-to-date symlink: /home/karim/mako_robot/mako_ws/install/rplidar_ros/share/rplidar_ros/launch/view_rplidar_s1_tcp.launch.py
[1.653s] -- Up-to-date symlink: /home/karim/mako_robot/mako_ws/install/rplidar_ros/share/rplidar_ros/rviz/rplidar.rviz
[1.653s] -- Up-to-date symlink: /home/karim/mako_robot/mako_ws/install/rplidar_ros/lib/librplidar_composition_node.so
[1.653s] -- Up-to-date symlink: /home/karim/mako_robot/mako_ws/install/rplidar_ros/include/rplidar_node.hpp
[1.654s] -- Up-to-date symlink: /home/karim/mako_robot/mako_ws/install/rplidar_ros/include/visibility.h
[1.654s] -- Up-to-date symlink: /home/karim/mako_robot/mako_ws/install/rplidar_ros/lib/rplidar_ros/rplidarNode
[1.657s] -- Up-to-date symlink: /home/karim/mako_robot/mako_ws/install/rplidar_ros/lib/rplidar_ros/rplidarNodeClient
[1.657s] -- Up-to-date symlink: /home/karim/mako_robot/mako_ws/install/rplidar_ros/lib/rplidar_ros/rplidar_composition
[1.657s] -- Up-to-date symlink: /home/karim/mako_robot/mako_ws/install/rplidar_ros/share/ament_index/resource_index/package_run_dependencies/rplidar_ros
[1.661s] -- Up-to-date symlink: /home/karim/mako_robot/mako_ws/install/rplidar_ros/share/ament_index/resource_index/parent_prefix_path/rplidar_ros
[1.662s] -- Up-to-date symlink: /home/karim/mako_robot/mako_ws/install/rplidar_ros/share/rplidar_ros/environment/ament_prefix_path.sh
[1.662s] -- Up-to-date symlink: /home/karim/mako_robot/mako_ws/install/rplidar_ros/share/rplidar_ros/environment/ament_prefix_path.dsv
[1.662s] -- Up-to-date symlink: /home/karim/mako_robot/mako_ws/install/rplidar_ros/share/rplidar_ros/environment/path.sh
[1.663s] -- Up-to-date symlink: /home/karim/mako_robot/mako_ws/install/rplidar_ros/share/rplidar_ros/environment/path.dsv
[1.663s] -- Up-to-date symlink: /home/karim/mako_robot/mako_ws/install/rplidar_ros/share/rplidar_ros/local_setup.bash
[1.663s] -- Up-to-date symlink: /home/karim/mako_robot/mako_ws/install/rplidar_ros/share/rplidar_ros/local_setup.sh
[1.663s] -- Up-to-date symlink: /home/karim/mako_robot/mako_ws/install/rplidar_ros/share/rplidar_ros/local_setup.zsh
[1.663s] -- Up-to-date symlink: /home/karim/mako_robot/mako_ws/install/rplidar_ros/share/rplidar_ros/local_setup.dsv
[1.664s] -- Symlinking: /home/karim/mako_robot/mako_ws/install/rplidar_ros/share/rplidar_ros/package.dsv
[1.673s] -- Up-to-date symlink: /home/karim/mako_robot/mako_ws/install/rplidar_ros/share/ament_index/resource_index/packages/rplidar_ros
[1.674s] -- Up-to-date symlink: /home/karim/mako_robot/mako_ws/install/rplidar_ros/share/rplidar_ros/cmake/ament_cmake_export_dependencies-extras.cmake
[1.677s] -- Up-to-date symlink: /home/karim/mako_robot/mako_ws/install/rplidar_ros/share/rplidar_ros/cmake/ament_cmake_export_include_directories-extras.cmake
[1.678s] -- Up-to-date symlink: /home/karim/mako_robot/mako_ws/install/rplidar_ros/share/rplidar_ros/cmake/rplidar_rosConfig.cmake
[1.683s] -- Up-to-date symlink: /home/karim/mako_robot/mako_ws/install/rplidar_ros/share/rplidar_ros/cmake/rplidar_rosConfig-version.cmake
[1.684s] -- Up-to-date symlink: /home/karim/mako_robot/mako_ws/install/rplidar_ros/share/rplidar_ros/package.xml
[1.691s] Invoked command in '/home/karim/mako_robot/mako_ws/build/rplidar_ros' returned '0': CMAKE_PREFIX_PATH=${CMAKE_PREFIX_PATH}:/home/karim/project_ws/install/ros_project_pkg_py_robot_driver:/home/karim/project_ws/install/dev_test_tools:/home/karim/ros2_ws/install/my_py_pkg:/home/karim/mako_robot/mako_ws/install/mako_py_serial_interface:/home/karim/mako_robot/mako_ws/install/mako_py_feedback_actuators:/home/karim/mako_robot/mako_ws/install/mako_py_brain:/home/karim/mako_robot/mako_ws/install/dev_test_tools:/opt/ros/foxy /usr/bin/cmake --install /home/karim/mako_robot/mako_ws/build/rplidar_ros
