[0.263s] DEBUG:colcon:Command line arguments: ['/usr/bin/colcon', 'build']
[0.263s] DEBUG:colcon:Parsed command line arguments: Namespace(ament_cmake_args=None, base_paths=['.'], build_base='build', catkin_cmake_args=None, catkin_skip_building_tests=False, cmake_args=None, cmake_clean_cache=False, cmake_clean_first=False, cmake_force_configure=False, cmake_target=None, cmake_target_skip_unavailable=False, continue_on_error=False, event_handlers=None, executor='parallel', ignore_user_meta=False, install_base='install', log_base=None, log_level=None, main=<bound method BuildVerb.main of <colcon_core.verb.build.BuildVerb object at 0x7f56ff543c10>>, merge_install=False, metas=['./colcon.meta'], packages_above=None, packages_above_and_dependencies=None, packages_above_depth=None, packages_end=None, packages_ignore=None, packages_ignore_regex=None, packages_select=None, packages_select_build_failed=False, packages_select_by_dep=None, packages_select_regex=None, packages_select_test_failures=False, packages_skip=None, packages_skip_build_finished=False, packages_skip_by_dep=None, packages_skip_regex=None, packages_skip_test_passed=False, packages_skip_up_to=None, packages_start=None, packages_up_to=None, packages_up_to_regex=None, parallel_workers=3, paths=None, symlink_install=False, test_result_base=None, verb_extension=<colcon_core.verb.build.BuildVerb object at 0x7f56ff543c10>, verb_name='build', verb_parser=<colcon_defaults.argument_parser.defaults.DefaultArgumentsDecorator object at 0x7f56ff4d11c0>)
[0.274s] Level 1:colcon.colcon_core.package_discovery:discover_packages(colcon_meta) check parameters
[0.275s] Level 1:colcon.colcon_core.package_discovery:discover_packages(recursive) check parameters
[0.275s] Level 1:colcon.colcon_core.package_discovery:discover_packages(ignore) check parameters
[0.275s] Level 1:colcon.colcon_core.package_discovery:discover_packages(path) check parameters
[0.275s] Level 1:colcon.colcon_core.package_discovery:discover_packages(colcon_meta) discover
[0.275s] Level 1:colcon.colcon_core.package_discovery:discover_packages(recursive) discover
[0.275s] INFO:colcon.colcon_core.package_discovery:Crawling recursively for packages in '/home/abdelrahman/Documents/GitHub/mako_robot/mako_ws'
[0.275s] Level 1:colcon.colcon_core.package_identification:_identify(.) by extensions ['ignore', 'ignore_ament_install']
[0.275s] Level 1:colcon.colcon_core.package_identification:_identify(.) by extension 'ignore'
[0.275s] Level 1:colcon.colcon_core.package_identification:_identify(.) by extension 'ignore_ament_install'
[0.275s] Level 1:colcon.colcon_core.package_identification:_identify(.) by extensions ['colcon_pkg']
[0.275s] Level 1:colcon.colcon_core.package_identification:_identify(.) by extension 'colcon_pkg'
[0.276s] Level 1:colcon.colcon_core.package_identification:_identify(.) by extensions ['colcon_meta']
[0.276s] Level 1:colcon.colcon_core.package_identification:_identify(.) by extension 'colcon_meta'
[0.276s] Level 1:colcon.colcon_core.package_identification:_identify(.) by extensions ['ros']
[0.276s] Level 1:colcon.colcon_core.package_identification:_identify(.) by extension 'ros'
[0.291s] Level 1:colcon.colcon_core.package_identification:_identify(.) by extensions ['cmake', 'python']
[0.292s] Level 1:colcon.colcon_core.package_identification:_identify(.) by extension 'cmake'
[0.292s] Level 1:colcon.colcon_core.package_identification:_identify(.) by extension 'python'
[0.292s] Level 1:colcon.colcon_core.package_identification:_identify(.) by extensions ['python_setup_py']
[0.292s] Level 1:colcon.colcon_core.package_identification:_identify(.) by extension 'python_setup_py'
[0.292s] Level 1:colcon.colcon_core.package_identification:_identify(build) by extensions ['ignore', 'ignore_ament_install']
[0.292s] Level 1:colcon.colcon_core.package_identification:_identify(build) by extension 'ignore'
[0.292s] Level 1:colcon.colcon_core.package_identification:_identify(build) ignored
[0.292s] Level 1:colcon.colcon_core.package_identification:_identify(install) by extensions ['ignore', 'ignore_ament_install']
[0.293s] Level 1:colcon.colcon_core.package_identification:_identify(install) by extension 'ignore'
[0.293s] Level 1:colcon.colcon_core.package_identification:_identify(install) ignored
[0.293s] Level 1:colcon.colcon_core.package_identification:_identify(log) by extensions ['ignore', 'ignore_ament_install']
[0.293s] Level 1:colcon.colcon_core.package_identification:_identify(log) by extension 'ignore'
[0.293s] Level 1:colcon.colcon_core.package_identification:_identify(log) ignored
[0.293s] Level 1:colcon.colcon_core.package_identification:_identify(src) by extensions ['ignore', 'ignore_ament_install']
[0.293s] Level 1:colcon.colcon_core.package_identification:_identify(src) by extension 'ignore'
[0.293s] Level 1:colcon.colcon_core.package_identification:_identify(src) by extension 'ignore_ament_install'
[0.294s] Level 1:colcon.colcon_core.package_identification:_identify(src) by extensions ['colcon_pkg']
[0.294s] Level 1:colcon.colcon_core.package_identification:_identify(src) by extension 'colcon_pkg'
[0.294s] Level 1:colcon.colcon_core.package_identification:_identify(src) by extensions ['colcon_meta']
[0.294s] Level 1:colcon.colcon_core.package_identification:_identify(src) by extension 'colcon_meta'
[0.294s] Level 1:colcon.colcon_core.package_identification:_identify(src) by extensions ['ros']
[0.294s] Level 1:colcon.colcon_core.package_identification:_identify(src) by extension 'ros'
[0.294s] Level 1:colcon.colcon_core.package_identification:_identify(src) by extensions ['cmake', 'python']
[0.294s] Level 1:colcon.colcon_core.package_identification:_identify(src) by extension 'cmake'
[0.295s] Level 1:colcon.colcon_core.package_identification:_identify(src) by extension 'python'
[0.295s] Level 1:colcon.colcon_core.package_identification:_identify(src) by extensions ['python_setup_py']
[0.295s] Level 1:colcon.colcon_core.package_identification:_identify(src) by extension 'python_setup_py'
[0.295s] Level 1:colcon.colcon_core.package_identification:_identify(src/dev_test_tools) by extensions ['ignore', 'ignore_ament_install']
[0.295s] Level 1:colcon.colcon_core.package_identification:_identify(src/dev_test_tools) by extension 'ignore'
[0.295s] Level 1:colcon.colcon_core.package_identification:_identify(src/dev_test_tools) by extension 'ignore_ament_install'
[0.295s] Level 1:colcon.colcon_core.package_identification:_identify(src/dev_test_tools) by extensions ['colcon_pkg']
[0.295s] Level 1:colcon.colcon_core.package_identification:_identify(src/dev_test_tools) by extension 'colcon_pkg'
[0.295s] Level 1:colcon.colcon_core.package_identification:_identify(src/dev_test_tools) by extensions ['colcon_meta']
[0.295s] Level 1:colcon.colcon_core.package_identification:_identify(src/dev_test_tools) by extension 'colcon_meta'
[0.296s] Level 1:colcon.colcon_core.package_identification:_identify(src/dev_test_tools) by extensions ['ros']
[0.296s] Level 1:colcon.colcon_core.package_identification:_identify(src/dev_test_tools) by extension 'ros'
[0.299s] DEBUG:colcon.colcon_core.package_identification:Package 'src/dev_test_tools' with type 'ros.ament_python' and name 'dev_test_tools'
[0.300s] Level 1:colcon.colcon_core.package_identification:_identify(src/lidar_ros2) by extensions ['ignore', 'ignore_ament_install']
[0.300s] Level 1:colcon.colcon_core.package_identification:_identify(src/lidar_ros2) by extension 'ignore'
[0.300s] Level 1:colcon.colcon_core.package_identification:_identify(src/lidar_ros2) by extension 'ignore_ament_install'
[0.300s] Level 1:colcon.colcon_core.package_identification:_identify(src/lidar_ros2) by extensions ['colcon_pkg']
[0.300s] Level 1:colcon.colcon_core.package_identification:_identify(src/lidar_ros2) by extension 'colcon_pkg'
[0.300s] Level 1:colcon.colcon_core.package_identification:_identify(src/lidar_ros2) by extensions ['colcon_meta']
[0.300s] Level 1:colcon.colcon_core.package_identification:_identify(src/lidar_ros2) by extension 'colcon_meta'
[0.300s] Level 1:colcon.colcon_core.package_identification:_identify(src/lidar_ros2) by extensions ['ros']
[0.300s] Level 1:colcon.colcon_core.package_identification:_identify(src/lidar_ros2) by extension 'ros'
[0.301s] DEBUG:colcon.colcon_core.package_identification:Package 'src/lidar_ros2' with type 'ros.ament_cmake' and name 'rplidar_ros'
[0.301s] Level 1:colcon.colcon_core.package_identification:_identify(src/mako_nolang_interfaces) by extensions ['ignore', 'ignore_ament_install']
[0.302s] Level 1:colcon.colcon_core.package_identification:_identify(src/mako_nolang_interfaces) by extension 'ignore'
[0.302s] Level 1:colcon.colcon_core.package_identification:_identify(src/mako_nolang_interfaces) by extension 'ignore_ament_install'
[0.302s] Level 1:colcon.colcon_core.package_identification:_identify(src/mako_nolang_interfaces) by extensions ['colcon_pkg']
[0.302s] Level 1:colcon.colcon_core.package_identification:_identify(src/mako_nolang_interfaces) by extension 'colcon_pkg'
[0.302s] Level 1:colcon.colcon_core.package_identification:_identify(src/mako_nolang_interfaces) by extensions ['colcon_meta']
[0.302s] Level 1:colcon.colcon_core.package_identification:_identify(src/mako_nolang_interfaces) by extension 'colcon_meta'
[0.302s] Level 1:colcon.colcon_core.package_identification:_identify(src/mako_nolang_interfaces) by extensions ['ros']
[0.302s] Level 1:colcon.colcon_core.package_identification:_identify(src/mako_nolang_interfaces) by extension 'ros'
[0.303s] DEBUG:colcon.colcon_core.package_identification:Package 'src/mako_nolang_interfaces' with type 'ros.ament_cmake' and name 'mako_nolang_interfaces'
[0.303s] Level 1:colcon.colcon_core.package_identification:_identify(src/mako_nolang_launch) by extensions ['ignore', 'ignore_ament_install']
[0.303s] Level 1:colcon.colcon_core.package_identification:_identify(src/mako_nolang_launch) by extension 'ignore'
[0.303s] Level 1:colcon.colcon_core.package_identification:_identify(src/mako_nolang_launch) by extension 'ignore_ament_install'
[0.303s] Level 1:colcon.colcon_core.package_identification:_identify(src/mako_nolang_launch) by extensions ['colcon_pkg']
[0.304s] Level 1:colcon.colcon_core.package_identification:_identify(src/mako_nolang_launch) by extension 'colcon_pkg'
[0.304s] Level 1:colcon.colcon_core.package_identification:_identify(src/mako_nolang_launch) by extensions ['colcon_meta']
[0.304s] Level 1:colcon.colcon_core.package_identification:_identify(src/mako_nolang_launch) by extension 'colcon_meta'
[0.304s] Level 1:colcon.colcon_core.package_identification:_identify(src/mako_nolang_launch) by extensions ['ros']
[0.304s] Level 1:colcon.colcon_core.package_identification:_identify(src/mako_nolang_launch) by extension 'ros'
[0.306s] DEBUG:colcon.colcon_core.package_identification:Package 'src/mako_nolang_launch' with type 'ros.ament_cmake' and name 'mako_nolang_launch'
[0.306s] Level 1:colcon.colcon_core.package_identification:_identify(src/mako_py_brain) by extensions ['ignore', 'ignore_ament_install']
[0.307s] Level 1:colcon.colcon_core.package_identification:_identify(src/mako_py_brain) by extension 'ignore'
[0.307s] Level 1:colcon.colcon_core.package_identification:_identify(src/mako_py_brain) by extension 'ignore_ament_install'
[0.307s] Level 1:colcon.colcon_core.package_identification:_identify(src/mako_py_brain) by extensions ['colcon_pkg']
[0.307s] Level 1:colcon.colcon_core.package_identification:_identify(src/mako_py_brain) by extension 'colcon_pkg'
[0.307s] Level 1:colcon.colcon_core.package_identification:_identify(src/mako_py_brain) by extensions ['colcon_meta']
[0.307s] Level 1:colcon.colcon_core.package_identification:_identify(src/mako_py_brain) by extension 'colcon_meta'
[0.307s] Level 1:colcon.colcon_core.package_identification:_identify(src/mako_py_brain) by extensions ['ros']
[0.307s] Level 1:colcon.colcon_core.package_identification:_identify(src/mako_py_brain) by extension 'ros'
[0.308s] DEBUG:colcon.colcon_core.package_identification:Package 'src/mako_py_brain' with type 'ros.ament_python' and name 'mako_py_brain'
[0.308s] Level 1:colcon.colcon_core.package_identification:_identify(src/mako_py_feedback_actuators) by extensions ['ignore', 'ignore_ament_install']
[0.309s] Level 1:colcon.colcon_core.package_identification:_identify(src/mako_py_feedback_actuators) by extension 'ignore'
[0.309s] Level 1:colcon.colcon_core.package_identification:_identify(src/mako_py_feedback_actuators) by extension 'ignore_ament_install'
[0.309s] Level 1:colcon.colcon_core.package_identification:_identify(src/mako_py_feedback_actuators) by extensions ['colcon_pkg']
[0.309s] Level 1:colcon.colcon_core.package_identification:_identify(src/mako_py_feedback_actuators) by extension 'colcon_pkg'
[0.309s] Level 1:colcon.colcon_core.package_identification:_identify(src/mako_py_feedback_actuators) by extensions ['colcon_meta']
[0.309s] Level 1:colcon.colcon_core.package_identification:_identify(src/mako_py_feedback_actuators) by extension 'colcon_meta'
[0.309s] Level 1:colcon.colcon_core.package_identification:_identify(src/mako_py_feedback_actuators) by extensions ['ros']
[0.309s] Level 1:colcon.colcon_core.package_identification:_identify(src/mako_py_feedback_actuators) by extension 'ros'
[0.310s] DEBUG:colcon.colcon_core.package_identification:Package 'src/mako_py_feedback_actuators' with type 'ros.ament_python' and name 'mako_py_feedback_actuators'
[0.311s] Level 1:colcon.colcon_core.package_identification:_identify(src/mako_py_serial_interface) by extensions ['ignore', 'ignore_ament_install']
[0.311s] Level 1:colcon.colcon_core.package_identification:_identify(src/mako_py_serial_interface) by extension 'ignore'
[0.311s] Level 1:colcon.colcon_core.package_identification:_identify(src/mako_py_serial_interface) by extension 'ignore_ament_install'
[0.311s] Level 1:colcon.colcon_core.package_identification:_identify(src/mako_py_serial_interface) by extensions ['colcon_pkg']
[0.311s] Level 1:colcon.colcon_core.package_identification:_identify(src/mako_py_serial_interface) by extension 'colcon_pkg'
[0.311s] Level 1:colcon.colcon_core.package_identification:_identify(src/mako_py_serial_interface) by extensions ['colcon_meta']
[0.311s] Level 1:colcon.colcon_core.package_identification:_identify(src/mako_py_serial_interface) by extension 'colcon_meta'
[0.311s] Level 1:colcon.colcon_core.package_identification:_identify(src/mako_py_serial_interface) by extensions ['ros']
[0.311s] Level 1:colcon.colcon_core.package_identification:_identify(src/mako_py_serial_interface) by extension 'ros'
[0.313s] DEBUG:colcon.colcon_core.package_identification:Package 'src/mako_py_serial_interface' with type 'ros.ament_python' and name 'mako_py_serial_interface'
[0.313s] Level 1:colcon.colcon_core.package_discovery:discover_packages(recursive) using defaults
[0.313s] Level 1:colcon.colcon_core.package_discovery:discover_packages(ignore) discover
[0.313s] Level 1:colcon.colcon_core.package_discovery:discover_packages(ignore) using defaults
[0.313s] Level 1:colcon.colcon_core.package_discovery:discover_packages(path) discover
[0.313s] Level 1:colcon.colcon_core.package_discovery:discover_packages(path) using defaults
[0.345s] Level 5:colcon.colcon_core.verb:set package 'dev_test_tools' build argument 'cmake_args' from command line to 'None'
[0.345s] Level 5:colcon.colcon_core.verb:set package 'dev_test_tools' build argument 'cmake_target' from command line to 'None'
[0.345s] Level 5:colcon.colcon_core.verb:set package 'dev_test_tools' build argument 'cmake_target_skip_unavailable' from command line to 'False'
[0.345s] Level 5:colcon.colcon_core.verb:set package 'dev_test_tools' build argument 'cmake_clean_cache' from command line to 'False'
[0.346s] Level 5:colcon.colcon_core.verb:set package 'dev_test_tools' build argument 'cmake_clean_first' from command line to 'False'
[0.346s] Level 5:colcon.colcon_core.verb:set package 'dev_test_tools' build argument 'cmake_force_configure' from command line to 'False'
[0.346s] Level 5:colcon.colcon_core.verb:set package 'dev_test_tools' build argument 'ament_cmake_args' from command line to 'None'
[0.346s] Level 5:colcon.colcon_core.verb:set package 'dev_test_tools' build argument 'catkin_cmake_args' from command line to 'None'
[0.346s] Level 5:colcon.colcon_core.verb:set package 'dev_test_tools' build argument 'catkin_skip_building_tests' from command line to 'False'
[0.346s] DEBUG:colcon.colcon_core.verb:Building package 'dev_test_tools' with the following arguments: {'ament_cmake_args': None, 'build_base': '/home/abdelrahman/Documents/GitHub/mako_robot/mako_ws/build/dev_test_tools', 'catkin_cmake_args': None, 'catkin_skip_building_tests': False, 'cmake_args': None, 'cmake_clean_cache': False, 'cmake_clean_first': False, 'cmake_force_configure': False, 'cmake_target': None, 'cmake_target_skip_unavailable': False, 'install_base': '/home/abdelrahman/Documents/GitHub/mako_robot/mako_ws/install/dev_test_tools', 'merge_install': False, 'path': '/home/abdelrahman/Documents/GitHub/mako_robot/mako_ws/src/dev_test_tools', 'symlink_install': False, 'test_result_base': None}
[0.350s] Level 5:colcon.colcon_core.verb:set package 'mako_nolang_interfaces' build argument 'cmake_args' from command line to 'None'
[0.350s] Level 5:colcon.colcon_core.verb:set package 'mako_nolang_interfaces' build argument 'cmake_target' from command line to 'None'
[0.350s] Level 5:colcon.colcon_core.verb:set package 'mako_nolang_interfaces' build argument 'cmake_target_skip_unavailable' from command line to 'False'
[0.350s] Level 5:colcon.colcon_core.verb:set package 'mako_nolang_interfaces' build argument 'cmake_clean_cache' from command line to 'False'
[0.350s] Level 5:colcon.colcon_core.verb:set package 'mako_nolang_interfaces' build argument 'cmake_clean_first' from command line to 'False'
[0.350s] Level 5:colcon.colcon_core.verb:set package 'mako_nolang_interfaces' build argument 'cmake_force_configure' from command line to 'False'
[0.350s] Level 5:colcon.colcon_core.verb:set package 'mako_nolang_interfaces' build argument 'ament_cmake_args' from command line to 'None'
[0.350s] Level 5:colcon.colcon_core.verb:set package 'mako_nolang_interfaces' build argument 'catkin_cmake_args' from command line to 'None'
[0.350s] Level 5:colcon.colcon_core.verb:set package 'mako_nolang_interfaces' build argument 'catkin_skip_building_tests' from command line to 'False'
[0.350s] DEBUG:colcon.colcon_core.verb:Building package 'mako_nolang_interfaces' with the following arguments: {'ament_cmake_args': None, 'build_base': '/home/abdelrahman/Documents/GitHub/mako_robot/mako_ws/build/mako_nolang_interfaces', 'catkin_cmake_args': None, 'catkin_skip_building_tests': False, 'cmake_args': None, 'cmake_clean_cache': False, 'cmake_clean_first': False, 'cmake_force_configure': False, 'cmake_target': None, 'cmake_target_skip_unavailable': False, 'install_base': '/home/abdelrahman/Documents/GitHub/mako_robot/mako_ws/install/mako_nolang_interfaces', 'merge_install': False, 'path': '/home/abdelrahman/Documents/GitHub/mako_robot/mako_ws/src/mako_nolang_interfaces', 'symlink_install': False, 'test_result_base': None}
[0.355s] Level 5:colcon.colcon_core.verb:set package 'mako_py_brain' build argument 'cmake_args' from command line to 'None'
[0.355s] Level 5:colcon.colcon_core.verb:set package 'mako_py_brain' build argument 'cmake_target' from command line to 'None'
[0.355s] Level 5:colcon.colcon_core.verb:set package 'mako_py_brain' build argument 'cmake_target_skip_unavailable' from command line to 'False'
[0.355s] Level 5:colcon.colcon_core.verb:set package 'mako_py_brain' build argument 'cmake_clean_cache' from command line to 'False'
[0.355s] Level 5:colcon.colcon_core.verb:set package 'mako_py_brain' build argument 'cmake_clean_first' from command line to 'False'
[0.355s] Level 5:colcon.colcon_core.verb:set package 'mako_py_brain' build argument 'cmake_force_configure' from command line to 'False'
[0.355s] Level 5:colcon.colcon_core.verb:set package 'mako_py_brain' build argument 'ament_cmake_args' from command line to 'None'
[0.355s] Level 5:colcon.colcon_core.verb:set package 'mako_py_brain' build argument 'catkin_cmake_args' from command line to 'None'
[0.356s] Level 5:colcon.colcon_core.verb:set package 'mako_py_brain' build argument 'catkin_skip_building_tests' from command line to 'False'
[0.356s] DEBUG:colcon.colcon_core.verb:Building package 'mako_py_brain' with the following arguments: {'ament_cmake_args': None, 'build_base': '/home/abdelrahman/Documents/GitHub/mako_robot/mako_ws/build/mako_py_brain', 'catkin_cmake_args': None, 'catkin_skip_building_tests': False, 'cmake_args': None, 'cmake_clean_cache': False, 'cmake_clean_first': False, 'cmake_force_configure': False, 'cmake_target': None, 'cmake_target_skip_unavailable': False, 'install_base': '/home/abdelrahman/Documents/GitHub/mako_robot/mako_ws/install/mako_py_brain', 'merge_install': False, 'path': '/home/abdelrahman/Documents/GitHub/mako_robot/mako_ws/src/mako_py_brain', 'symlink_install': False, 'test_result_base': None}
[0.360s] Level 5:colcon.colcon_core.verb:set package 'rplidar_ros' build argument 'cmake_args' from command line to 'None'
[0.360s] Level 5:colcon.colcon_core.verb:set package 'rplidar_ros' build argument 'cmake_target' from command line to 'None'
[0.360s] Level 5:colcon.colcon_core.verb:set package 'rplidar_ros' build argument 'cmake_target_skip_unavailable' from command line to 'False'
[0.360s] Level 5:colcon.colcon_core.verb:set package 'rplidar_ros' build argument 'cmake_clean_cache' from command line to 'False'
[0.360s] Level 5:colcon.colcon_core.verb:set package 'rplidar_ros' build argument 'cmake_clean_first' from command line to 'False'
[0.360s] Level 5:colcon.colcon_core.verb:set package 'rplidar_ros' build argument 'cmake_force_configure' from command line to 'False'
[0.360s] Level 5:colcon.colcon_core.verb:set package 'rplidar_ros' build argument 'ament_cmake_args' from command line to 'None'
[0.360s] Level 5:colcon.colcon_core.verb:set package 'rplidar_ros' build argument 'catkin_cmake_args' from command line to 'None'
[0.361s] Level 5:colcon.colcon_core.verb:set package 'rplidar_ros' build argument 'catkin_skip_building_tests' from command line to 'False'
[0.361s] DEBUG:colcon.colcon_core.verb:Building package 'rplidar_ros' with the following arguments: {'ament_cmake_args': None, 'build_base': '/home/abdelrahman/Documents/GitHub/mako_robot/mako_ws/build/rplidar_ros', 'catkin_cmake_args': None, 'catkin_skip_building_tests': False, 'cmake_args': None, 'cmake_clean_cache': False, 'cmake_clean_first': False, 'cmake_force_configure': False, 'cmake_target': None, 'cmake_target_skip_unavailable': False, 'install_base': '/home/abdelrahman/Documents/GitHub/mako_robot/mako_ws/install/rplidar_ros', 'merge_install': False, 'path': '/home/abdelrahman/Documents/GitHub/mako_robot/mako_ws/src/lidar_ros2', 'symlink_install': False, 'test_result_base': None}
[0.371s] Level 5:colcon.colcon_core.verb:set package 'mako_py_feedback_actuators' build argument 'cmake_args' from command line to 'None'
[0.371s] Level 5:colcon.colcon_core.verb:set package 'mako_py_feedback_actuators' build argument 'cmake_target' from command line to 'None'
[0.371s] Level 5:colcon.colcon_core.verb:set package 'mako_py_feedback_actuators' build argument 'cmake_target_skip_unavailable' from command line to 'False'
[0.371s] Level 5:colcon.colcon_core.verb:set package 'mako_py_feedback_actuators' build argument 'cmake_clean_cache' from command line to 'False'
[0.371s] Level 5:colcon.colcon_core.verb:set package 'mako_py_feedback_actuators' build argument 'cmake_clean_first' from command line to 'False'
[0.371s] Level 5:colcon.colcon_core.verb:set package 'mako_py_feedback_actuators' build argument 'cmake_force_configure' from command line to 'False'
[0.371s] Level 5:colcon.colcon_core.verb:set package 'mako_py_feedback_actuators' build argument 'ament_cmake_args' from command line to 'None'
[0.371s] Level 5:colcon.colcon_core.verb:set package 'mako_py_feedback_actuators' build argument 'catkin_cmake_args' from command line to 'None'
[0.371s] Level 5:colcon.colcon_core.verb:set package 'mako_py_feedback_actuators' build argument 'catkin_skip_building_tests' from command line to 'False'
[0.371s] DEBUG:colcon.colcon_core.verb:Building package 'mako_py_feedback_actuators' with the following arguments: {'ament_cmake_args': None, 'build_base': '/home/abdelrahman/Documents/GitHub/mako_robot/mako_ws/build/mako_py_feedback_actuators', 'catkin_cmake_args': None, 'catkin_skip_building_tests': False, 'cmake_args': None, 'cmake_clean_cache': False, 'cmake_clean_first': False, 'cmake_force_configure': False, 'cmake_target': None, 'cmake_target_skip_unavailable': False, 'install_base': '/home/abdelrahman/Documents/GitHub/mako_robot/mako_ws/install/mako_py_feedback_actuators', 'merge_install': False, 'path': '/home/abdelrahman/Documents/GitHub/mako_robot/mako_ws/src/mako_py_feedback_actuators', 'symlink_install': False, 'test_result_base': None}
[0.376s] Level 5:colcon.colcon_core.verb:set package 'mako_py_serial_interface' build argument 'cmake_args' from command line to 'None'
[0.376s] Level 5:colcon.colcon_core.verb:set package 'mako_py_serial_interface' build argument 'cmake_target' from command line to 'None'
[0.376s] Level 5:colcon.colcon_core.verb:set package 'mako_py_serial_interface' build argument 'cmake_target_skip_unavailable' from command line to 'False'
[0.376s] Level 5:colcon.colcon_core.verb:set package 'mako_py_serial_interface' build argument 'cmake_clean_cache' from command line to 'False'
[0.376s] Level 5:colcon.colcon_core.verb:set package 'mako_py_serial_interface' build argument 'cmake_clean_first' from command line to 'False'
[0.376s] Level 5:colcon.colcon_core.verb:set package 'mako_py_serial_interface' build argument 'cmake_force_configure' from command line to 'False'
[0.376s] Level 5:colcon.colcon_core.verb:set package 'mako_py_serial_interface' build argument 'ament_cmake_args' from command line to 'None'
[0.376s] Level 5:colcon.colcon_core.verb:set package 'mako_py_serial_interface' build argument 'catkin_cmake_args' from command line to 'None'
[0.376s] Level 5:colcon.colcon_core.verb:set package 'mako_py_serial_interface' build argument 'catkin_skip_building_tests' from command line to 'False'
[0.377s] DEBUG:colcon.colcon_core.verb:Building package 'mako_py_serial_interface' with the following arguments: {'ament_cmake_args': None, 'build_base': '/home/abdelrahman/Documents/GitHub/mako_robot/mako_ws/build/mako_py_serial_interface', 'catkin_cmake_args': None, 'catkin_skip_building_tests': False, 'cmake_args': None, 'cmake_clean_cache': False, 'cmake_clean_first': False, 'cmake_force_configure': False, 'cmake_target': None, 'cmake_target_skip_unavailable': False, 'install_base': '/home/abdelrahman/Documents/GitHub/mako_robot/mako_ws/install/mako_py_serial_interface', 'merge_install': False, 'path': '/home/abdelrahman/Documents/GitHub/mako_robot/mako_ws/src/mako_py_serial_interface', 'symlink_install': False, 'test_result_base': None}
[0.381s] Level 5:colcon.colcon_core.verb:set package 'mako_nolang_launch' build argument 'cmake_args' from command line to 'None'
[0.381s] Level 5:colcon.colcon_core.verb:set package 'mako_nolang_launch' build argument 'cmake_target' from command line to 'None'
[0.381s] Level 5:colcon.colcon_core.verb:set package 'mako_nolang_launch' build argument 'cmake_target_skip_unavailable' from command line to 'False'
[0.381s] Level 5:colcon.colcon_core.verb:set package 'mako_nolang_launch' build argument 'cmake_clean_cache' from command line to 'False'
[0.381s] Level 5:colcon.colcon_core.verb:set package 'mako_nolang_launch' build argument 'cmake_clean_first' from command line to 'False'
[0.381s] Level 5:colcon.colcon_core.verb:set package 'mako_nolang_launch' build argument 'cmake_force_configure' from command line to 'False'
[0.381s] Level 5:colcon.colcon_core.verb:set package 'mako_nolang_launch' build argument 'ament_cmake_args' from command line to 'None'
[0.381s] Level 5:colcon.colcon_core.verb:set package 'mako_nolang_launch' build argument 'catkin_cmake_args' from command line to 'None'
[0.381s] Level 5:colcon.colcon_core.verb:set package 'mako_nolang_launch' build argument 'catkin_skip_building_tests' from command line to 'False'
[0.381s] DEBUG:colcon.colcon_core.verb:Building package 'mako_nolang_launch' with the following arguments: {'ament_cmake_args': None, 'build_base': '/home/abdelrahman/Documents/GitHub/mako_robot/mako_ws/build/mako_nolang_launch', 'catkin_cmake_args': None, 'catkin_skip_building_tests': False, 'cmake_args': None, 'cmake_clean_cache': False, 'cmake_clean_first': False, 'cmake_force_configure': False, 'cmake_target': None, 'cmake_target_skip_unavailable': False, 'install_base': '/home/abdelrahman/Documents/GitHub/mako_robot/mako_ws/install/mako_nolang_launch', 'merge_install': False, 'path': '/home/abdelrahman/Documents/GitHub/mako_robot/mako_ws/src/mako_nolang_launch', 'symlink_install': False, 'test_result_base': None}
[0.382s] INFO:colcon.colcon_core.executor:Executing jobs using 'parallel' executor
[0.385s] DEBUG:colcon.colcon_parallel_executor.executor.parallel:run_until_complete
[0.385s] INFO:colcon.colcon_ros.task.ament_cmake.build:Building ROS package in '/home/abdelrahman/Documents/GitHub/mako_robot/mako_ws/src/mako_nolang_interfaces' with build type 'ament_cmake'
[0.385s] INFO:colcon.colcon_cmake.task.cmake.build:Building CMake package in '/home/abdelrahman/Documents/GitHub/mako_robot/mako_ws/src/mako_nolang_interfaces'
[0.391s] INFO:colcon.colcon_core.plugin_system:Skipping extension 'colcon_core.shell.bat': Not used on non-Windows systems
[0.391s] INFO:colcon.colcon_core.shell:Skip shell extension 'powershell' for command environment: Not usable outside of PowerShell
[0.391s] DEBUG:colcon.colcon_core.shell:Skip shell extension 'dsv' for command environment
[0.400s] DEBUG:colcon.colcon_core.shell:Ignoring prefix path '/opt/ros/foxy'
[0.404s] INFO:colcon.colcon_ros.task.ament_python.build:Building ROS package in '/home/abdelrahman/Documents/GitHub/mako_robot/mako_ws/src/mako_py_brain' with build type 'ament_python'
[0.404s] Level 1:colcon.colcon_core.shell:create_environment_hook('mako_py_brain', 'ament_prefix_path')
[0.405s] INFO:colcon.colcon_core.shell:Creating environment hook '/home/abdelrahman/Documents/GitHub/mako_robot/mako_ws/install/mako_py_brain/share/mako_py_brain/hook/ament_prefix_path.ps1'
[0.407s] INFO:colcon.colcon_core.shell:Creating environment descriptor '/home/abdelrahman/Documents/GitHub/mako_robot/mako_ws/install/mako_py_brain/share/mako_py_brain/hook/ament_prefix_path.dsv'
[0.408s] INFO:colcon.colcon_core.shell:Creating environment hook '/home/abdelrahman/Documents/GitHub/mako_robot/mako_ws/install/mako_py_brain/share/mako_py_brain/hook/ament_prefix_path.sh'
[0.410s] INFO:colcon.colcon_core.shell:Skip shell extension 'powershell' for command environment: Not usable outside of PowerShell
[0.410s] DEBUG:colcon.colcon_core.shell:Skip shell extension 'dsv' for command environment
[0.414s] DEBUG:colcon.colcon_core.shell:Ignoring prefix path '/opt/ros/foxy'
[0.421s] INFO:colcon.colcon_ros.task.ament_python.build:Building ROS package in '/home/abdelrahman/Documents/GitHub/mako_robot/mako_ws/src/dev_test_tools' with build type 'ament_python'
[0.425s] Level 1:colcon.colcon_core.shell:create_environment_hook('dev_test_tools', 'ament_prefix_path')
[0.427s] INFO:colcon.colcon_core.shell:Creating environment hook '/home/abdelrahman/Documents/GitHub/mako_robot/mako_ws/install/dev_test_tools/share/dev_test_tools/hook/ament_prefix_path.ps1'
[0.428s] INFO:colcon.colcon_core.shell:Creating environment descriptor '/home/abdelrahman/Documents/GitHub/mako_robot/mako_ws/install/dev_test_tools/share/dev_test_tools/hook/ament_prefix_path.dsv'
[0.429s] INFO:colcon.colcon_core.shell:Creating environment hook '/home/abdelrahman/Documents/GitHub/mako_robot/mako_ws/install/dev_test_tools/share/dev_test_tools/hook/ament_prefix_path.sh'
[0.430s] INFO:colcon.colcon_core.shell:Skip shell extension 'powershell' for command environment: Not usable outside of PowerShell
[0.430s] DEBUG:colcon.colcon_core.shell:Skip shell extension 'dsv' for command environment
[0.434s] DEBUG:colcon.colcon_core.shell:Ignoring prefix path '/opt/ros/foxy'
[0.454s] DEBUG:colcon.colcon_core.event_handler.log_command:Invoking command in '/home/abdelrahman/Documents/GitHub/mako_robot/mako_ws/build/mako_nolang_interfaces': CMAKE_PREFIX_PATH=${CMAKE_PREFIX_PATH}:/home/abdelrahman/Documents/GitHub/mako_robot/mako_ws/install/mako_py_serial_interface:/home/abdelrahman/Documents/GitHub/mako_robot/mako_ws/install/mako_py_feedback_actuators:/home/abdelrahman/Documents/GitHub/mako_robot/mako_ws/install/mako_py_brain:/home/abdelrahman/Documents/GitHub/mako_robot/mako_ws/install/dev_test_tools:/home/abdelrahman/ros2_ws/install/test_lidar_pkg:/home/abdelrahman/ros2_ws/install/my_py_pkg:/opt/ros/foxy /usr/bin/cmake --build /home/abdelrahman/Documents/GitHub/mako_robot/mako_ws/build/mako_nolang_interfaces -- -j3 -l3
[0.866s] INFO:colcon.colcon_core.task.python.build:Building Python package in '/home/abdelrahman/Documents/GitHub/mako_robot/mako_ws/src/mako_py_brain'
[0.867s] INFO:colcon.colcon_core.shell:Skip shell extension 'powershell' for command environment: Not usable outside of PowerShell
[0.867s] DEBUG:colcon.colcon_core.shell:Skip shell extension 'dsv' for command environment
[0.873s] DEBUG:colcon.colcon_core.shell:Ignoring prefix path '/opt/ros/foxy'
[1.245s] INFO:colcon.colcon_core.task.python.build:Building Python package in '/home/abdelrahman/Documents/GitHub/mako_robot/mako_ws/src/dev_test_tools'
[1.246s] INFO:colcon.colcon_core.shell:Skip shell extension 'powershell' for command environment: Not usable outside of PowerShell
[1.247s] DEBUG:colcon.colcon_core.shell:Skip shell extension 'dsv' for command environment
[1.250s] DEBUG:colcon.colcon_core.shell:Ignoring prefix path '/opt/ros/foxy'
[1.255s] DEBUG:colcon.colcon_core.event_handler.log_command:Invoked command in '/home/abdelrahman/Documents/GitHub/mako_robot/mako_ws/build/mako_nolang_interfaces' returned '0': CMAKE_PREFIX_PATH=${CMAKE_PREFIX_PATH}:/home/abdelrahman/Documents/GitHub/mako_robot/mako_ws/install/mako_py_serial_interface:/home/abdelrahman/Documents/GitHub/mako_robot/mako_ws/install/mako_py_feedback_actuators:/home/abdelrahman/Documents/GitHub/mako_robot/mako_ws/install/mako_py_brain:/home/abdelrahman/Documents/GitHub/mako_robot/mako_ws/install/dev_test_tools:/home/abdelrahman/ros2_ws/install/test_lidar_pkg:/home/abdelrahman/ros2_ws/install/my_py_pkg:/opt/ros/foxy /usr/bin/cmake --build /home/abdelrahman/Documents/GitHub/mako_robot/mako_ws/build/mako_nolang_interfaces -- -j3 -l3
[1.261s] DEBUG:colcon.colcon_core.event_handler.log_command:Invoking command in '/home/abdelrahman/Documents/GitHub/mako_robot/mako_ws/src/mako_py_brain': PYTHONPATH=/home/abdelrahman/Documents/GitHub/mako_robot/mako_ws/install/mako_py_brain/lib/python3.8/site-packages:${PYTHONPATH} /usr/bin/python3 setup.py egg_info --egg-base ../../build/mako_py_brain build --build-base /home/abdelrahman/Documents/GitHub/mako_robot/mako_ws/build/mako_py_brain/build install --prefix /home/abdelrahman/Documents/GitHub/mako_robot/mako_ws/install/mako_py_brain --record /home/abdelrahman/Documents/GitHub/mako_robot/mako_ws/build/mako_py_brain/install.log --single-version-externally-managed
[1.271s] DEBUG:colcon.colcon_core.event_handler.log_command:Invoking command in '/home/abdelrahman/Documents/GitHub/mako_robot/mako_ws/src/dev_test_tools': PYTHONPATH=/home/abdelrahman/Documents/GitHub/mako_robot/mako_ws/install/dev_test_tools/lib/python3.8/site-packages:${PYTHONPATH} /usr/bin/python3 setup.py egg_info --egg-base ../../build/dev_test_tools build --build-base /home/abdelrahman/Documents/GitHub/mako_robot/mako_ws/build/dev_test_tools/build install --prefix /home/abdelrahman/Documents/GitHub/mako_robot/mako_ws/install/dev_test_tools --record /home/abdelrahman/Documents/GitHub/mako_robot/mako_ws/build/dev_test_tools/install.log --single-version-externally-managed
[1.459s] DEBUG:colcon.colcon_core.event_handler.log_command:Invoking command in '/home/abdelrahman/Documents/GitHub/mako_robot/mako_ws/build/mako_nolang_interfaces': CMAKE_PREFIX_PATH=${CMAKE_PREFIX_PATH}:/home/abdelrahman/Documents/GitHub/mako_robot/mako_ws/install/mako_py_serial_interface:/home/abdelrahman/Documents/GitHub/mako_robot/mako_ws/install/mako_py_feedback_actuators:/home/abdelrahman/Documents/GitHub/mako_robot/mako_ws/install/mako_py_brain:/home/abdelrahman/Documents/GitHub/mako_robot/mako_ws/install/dev_test_tools:/home/abdelrahman/ros2_ws/install/test_lidar_pkg:/home/abdelrahman/ros2_ws/install/my_py_pkg:/opt/ros/foxy /usr/bin/cmake --install /home/abdelrahman/Documents/GitHub/mako_robot/mako_ws/build/mako_nolang_interfaces
[1.669s] Level 1:colcon.colcon_core.environment:create_environment_scripts_only(mako_nolang_interfaces)
[1.670s] DEBUG:colcon.colcon_core.event_handler.log_command:Invoked command in '/home/abdelrahman/Documents/GitHub/mako_robot/mako_ws/build/mako_nolang_interfaces' returned '0': CMAKE_PREFIX_PATH=${CMAKE_PREFIX_PATH}:/home/abdelrahman/Documents/GitHub/mako_robot/mako_ws/install/mako_py_serial_interface:/home/abdelrahman/Documents/GitHub/mako_robot/mako_ws/install/mako_py_feedback_actuators:/home/abdelrahman/Documents/GitHub/mako_robot/mako_ws/install/mako_py_brain:/home/abdelrahman/Documents/GitHub/mako_robot/mako_ws/install/dev_test_tools:/home/abdelrahman/ros2_ws/install/test_lidar_pkg:/home/abdelrahman/ros2_ws/install/my_py_pkg:/opt/ros/foxy /usr/bin/cmake --install /home/abdelrahman/Documents/GitHub/mako_robot/mako_ws/build/mako_nolang_interfaces
[1.676s] Level 1:colcon.colcon_core.environment:checking '/home/abdelrahman/Documents/GitHub/mako_robot/mako_ws/install/mako_nolang_interfaces' for CMake module files
[1.694s] Level 1:colcon.colcon_core.environment:checking '/home/abdelrahman/Documents/GitHub/mako_robot/mako_ws/install/mako_nolang_interfaces' for CMake config files
[1.694s] Level 1:colcon.colcon_core.shell:create_environment_hook('mako_nolang_interfaces', 'cmake_prefix_path')
[1.695s] INFO:colcon.colcon_core.shell:Creating environment hook '/home/abdelrahman/Documents/GitHub/mako_robot/mako_ws/install/mako_nolang_interfaces/share/mako_nolang_interfaces/hook/cmake_prefix_path.ps1'
[1.696s] INFO:colcon.colcon_core.shell:Creating environment descriptor '/home/abdelrahman/Documents/GitHub/mako_robot/mako_ws/install/mako_nolang_interfaces/share/mako_nolang_interfaces/hook/cmake_prefix_path.dsv'
[1.702s] INFO:colcon.colcon_core.shell:Creating environment hook '/home/abdelrahman/Documents/GitHub/mako_robot/mako_ws/install/mako_nolang_interfaces/share/mako_nolang_interfaces/hook/cmake_prefix_path.sh'
[1.703s] Level 1:colcon.colcon_core.environment:checking '/home/abdelrahman/Documents/GitHub/mako_robot/mako_ws/install/mako_nolang_interfaces/lib'
[1.711s] Level 1:colcon.colcon_core.shell:create_environment_hook('mako_nolang_interfaces', 'ld_library_path_lib')
[1.712s] INFO:colcon.colcon_core.shell:Creating environment hook '/home/abdelrahman/Documents/GitHub/mako_robot/mako_ws/install/mako_nolang_interfaces/share/mako_nolang_interfaces/hook/ld_library_path_lib.ps1'
[1.712s] INFO:colcon.colcon_core.shell:Creating environment descriptor '/home/abdelrahman/Documents/GitHub/mako_robot/mako_ws/install/mako_nolang_interfaces/share/mako_nolang_interfaces/hook/ld_library_path_lib.dsv'
[1.713s] INFO:colcon.colcon_core.shell:Creating environment hook '/home/abdelrahman/Documents/GitHub/mako_robot/mako_ws/install/mako_nolang_interfaces/share/mako_nolang_interfaces/hook/ld_library_path_lib.sh'
[1.713s] Level 1:colcon.colcon_core.environment:checking '/home/abdelrahman/Documents/GitHub/mako_robot/mako_ws/install/mako_nolang_interfaces/bin'
[1.714s] Level 1:colcon.colcon_core.environment:checking '/home/abdelrahman/Documents/GitHub/mako_robot/mako_ws/install/mako_nolang_interfaces/lib/pkgconfig/mako_nolang_interfaces.pc'
[1.714s] Level 1:colcon.colcon_core.environment:checking '/home/abdelrahman/Documents/GitHub/mako_robot/mako_ws/install/mako_nolang_interfaces/lib/python3.8/site-packages'
[1.714s] Level 1:colcon.colcon_core.shell:create_environment_hook('mako_nolang_interfaces', 'pythonpath')
[1.715s] INFO:colcon.colcon_core.shell:Creating environment hook '/home/abdelrahman/Documents/GitHub/mako_robot/mako_ws/install/mako_nolang_interfaces/share/mako_nolang_interfaces/hook/pythonpath.ps1'
[1.715s] INFO:colcon.colcon_core.shell:Creating environment descriptor '/home/abdelrahman/Documents/GitHub/mako_robot/mako_ws/install/mako_nolang_interfaces/share/mako_nolang_interfaces/hook/pythonpath.dsv'
[1.715s] INFO:colcon.colcon_core.shell:Creating environment hook '/home/abdelrahman/Documents/GitHub/mako_robot/mako_ws/install/mako_nolang_interfaces/share/mako_nolang_interfaces/hook/pythonpath.sh'
[1.725s] INFO:colcon.colcon_core.shell:Creating package script '/home/abdelrahman/Documents/GitHub/mako_robot/mako_ws/install/mako_nolang_interfaces/share/mako_nolang_interfaces/package.ps1'
[1.727s] INFO:colcon.colcon_core.shell:Creating package descriptor '/home/abdelrahman/Documents/GitHub/mako_robot/mako_ws/install/mako_nolang_interfaces/share/mako_nolang_interfaces/package.dsv'
[1.728s] INFO:colcon.colcon_core.shell:Creating package script '/home/abdelrahman/Documents/GitHub/mako_robot/mako_ws/install/mako_nolang_interfaces/share/mako_nolang_interfaces/package.sh'
[1.742s] INFO:colcon.colcon_core.shell:Creating package script '/home/abdelrahman/Documents/GitHub/mako_robot/mako_ws/install/mako_nolang_interfaces/share/mako_nolang_interfaces/package.bash'
[1.746s] INFO:colcon.colcon_core.shell:Creating package script '/home/abdelrahman/Documents/GitHub/mako_robot/mako_ws/install/mako_nolang_interfaces/share/mako_nolang_interfaces/package.zsh'
[1.752s] Level 1:colcon.colcon_core.environment:create_file_with_runtime_dependencies(/home/abdelrahman/Documents/GitHub/mako_robot/mako_ws/install/mako_nolang_interfaces/share/colcon-core/packages/mako_nolang_interfaces)
[1.845s] Level 1:colcon.colcon_core.environment:checking '/home/abdelrahman/Documents/GitHub/mako_robot/mako_ws/install/dev_test_tools' for CMake module files
[1.846s] DEBUG:colcon.colcon_core.event_handler.log_command:Invoked command in '/home/abdelrahman/Documents/GitHub/mako_robot/mako_ws/src/dev_test_tools' returned '0': PYTHONPATH=/home/abdelrahman/Documents/GitHub/mako_robot/mako_ws/install/dev_test_tools/lib/python3.8/site-packages:${PYTHONPATH} /usr/bin/python3 setup.py egg_info --egg-base ../../build/dev_test_tools build --build-base /home/abdelrahman/Documents/GitHub/mako_robot/mako_ws/build/dev_test_tools/build install --prefix /home/abdelrahman/Documents/GitHub/mako_robot/mako_ws/install/dev_test_tools --record /home/abdelrahman/Documents/GitHub/mako_robot/mako_ws/build/dev_test_tools/install.log --single-version-externally-managed
[1.847s] Level 1:colcon.colcon_core.environment:checking '/home/abdelrahman/Documents/GitHub/mako_robot/mako_ws/install/dev_test_tools' for CMake config files
[1.848s] Level 1:colcon.colcon_core.environment:checking '/home/abdelrahman/Documents/GitHub/mako_robot/mako_ws/install/dev_test_tools/lib'
[1.848s] Level 1:colcon.colcon_core.environment:checking '/home/abdelrahman/Documents/GitHub/mako_robot/mako_ws/install/dev_test_tools/bin'
[1.848s] Level 1:colcon.colcon_core.environment:checking '/home/abdelrahman/Documents/GitHub/mako_robot/mako_ws/install/dev_test_tools/lib/pkgconfig/dev_test_tools.pc'
[1.848s] Level 1:colcon.colcon_core.environment:checking '/home/abdelrahman/Documents/GitHub/mako_robot/mako_ws/install/dev_test_tools/lib/python3.8/site-packages'
[1.849s] Level 1:colcon.colcon_core.shell:create_environment_hook('dev_test_tools', 'pythonpath')
[1.849s] INFO:colcon.colcon_core.shell:Creating environment hook '/home/abdelrahman/Documents/GitHub/mako_robot/mako_ws/install/dev_test_tools/share/dev_test_tools/hook/pythonpath.ps1'
[1.850s] INFO:colcon.colcon_core.shell:Creating environment descriptor '/home/abdelrahman/Documents/GitHub/mako_robot/mako_ws/install/dev_test_tools/share/dev_test_tools/hook/pythonpath.dsv'
[1.851s] INFO:colcon.colcon_core.shell:Creating environment hook '/home/abdelrahman/Documents/GitHub/mako_robot/mako_ws/install/dev_test_tools/share/dev_test_tools/hook/pythonpath.sh'
[1.851s] Level 1:colcon.colcon_core.environment:create_environment_scripts_only(dev_test_tools)
[1.852s] INFO:colcon.colcon_core.shell:Creating package script '/home/abdelrahman/Documents/GitHub/mako_robot/mako_ws/install/dev_test_tools/share/dev_test_tools/package.ps1'
[1.853s] INFO:colcon.colcon_core.shell:Creating package descriptor '/home/abdelrahman/Documents/GitHub/mako_robot/mako_ws/install/dev_test_tools/share/dev_test_tools/package.dsv'
[1.854s] INFO:colcon.colcon_core.shell:Creating package script '/home/abdelrahman/Documents/GitHub/mako_robot/mako_ws/install/dev_test_tools/share/dev_test_tools/package.sh'
[1.855s] INFO:colcon.colcon_core.shell:Creating package script '/home/abdelrahman/Documents/GitHub/mako_robot/mako_ws/install/dev_test_tools/share/dev_test_tools/package.bash'
[1.855s] INFO:colcon.colcon_core.shell:Creating package script '/home/abdelrahman/Documents/GitHub/mako_robot/mako_ws/install/dev_test_tools/share/dev_test_tools/package.zsh'
[1.856s] Level 1:colcon.colcon_core.environment:create_file_with_runtime_dependencies(/home/abdelrahman/Documents/GitHub/mako_robot/mako_ws/install/dev_test_tools/share/colcon-core/packages/dev_test_tools)
[1.857s] INFO:colcon.colcon_ros.task.ament_cmake.build:Building ROS package in '/home/abdelrahman/Documents/GitHub/mako_robot/mako_ws/src/lidar_ros2' with build type 'ament_cmake'
[1.857s] INFO:colcon.colcon_cmake.task.cmake.build:Building CMake package in '/home/abdelrahman/Documents/GitHub/mako_robot/mako_ws/src/lidar_ros2'
[1.858s] INFO:colcon.colcon_core.shell:Skip shell extension 'powershell' for command environment: Not usable outside of PowerShell
[1.858s] DEBUG:colcon.colcon_core.shell:Skip shell extension 'dsv' for command environment
[1.863s] DEBUG:colcon.colcon_core.shell:Ignoring prefix path '/opt/ros/foxy'
[1.869s] Level 1:colcon.colcon_core.environment:checking '/home/abdelrahman/Documents/GitHub/mako_robot/mako_ws/install/mako_py_brain' for CMake module files
[1.871s] DEBUG:colcon.colcon_core.event_handler.log_command:Invoked command in '/home/abdelrahman/Documents/GitHub/mako_robot/mako_ws/src/mako_py_brain' returned '0': PYTHONPATH=/home/abdelrahman/Documents/GitHub/mako_robot/mako_ws/install/mako_py_brain/lib/python3.8/site-packages:${PYTHONPATH} /usr/bin/python3 setup.py egg_info --egg-base ../../build/mako_py_brain build --build-base /home/abdelrahman/Documents/GitHub/mako_robot/mako_ws/build/mako_py_brain/build install --prefix /home/abdelrahman/Documents/GitHub/mako_robot/mako_ws/install/mako_py_brain --record /home/abdelrahman/Documents/GitHub/mako_robot/mako_ws/build/mako_py_brain/install.log --single-version-externally-managed
[1.871s] Level 1:colcon.colcon_core.environment:checking '/home/abdelrahman/Documents/GitHub/mako_robot/mako_ws/install/mako_py_brain' for CMake config files
[1.872s] Level 1:colcon.colcon_core.environment:checking '/home/abdelrahman/Documents/GitHub/mako_robot/mako_ws/install/mako_py_brain/lib'
[1.872s] Level 1:colcon.colcon_core.environment:checking '/home/abdelrahman/Documents/GitHub/mako_robot/mako_ws/install/mako_py_brain/bin'
[1.873s] Level 1:colcon.colcon_core.environment:checking '/home/abdelrahman/Documents/GitHub/mako_robot/mako_ws/install/mako_py_brain/lib/pkgconfig/mako_py_brain.pc'
[1.873s] Level 1:colcon.colcon_core.environment:checking '/home/abdelrahman/Documents/GitHub/mako_robot/mako_ws/install/mako_py_brain/lib/python3.8/site-packages'
[1.873s] Level 1:colcon.colcon_core.shell:create_environment_hook('mako_py_brain', 'pythonpath')
[1.874s] INFO:colcon.colcon_core.shell:Creating environment hook '/home/abdelrahman/Documents/GitHub/mako_robot/mako_ws/install/mako_py_brain/share/mako_py_brain/hook/pythonpath.ps1'
[1.876s] INFO:colcon.colcon_core.shell:Creating environment descriptor '/home/abdelrahman/Documents/GitHub/mako_robot/mako_ws/install/mako_py_brain/share/mako_py_brain/hook/pythonpath.dsv'
[1.877s] INFO:colcon.colcon_core.shell:Creating environment hook '/home/abdelrahman/Documents/GitHub/mako_robot/mako_ws/install/mako_py_brain/share/mako_py_brain/hook/pythonpath.sh'
[1.881s] Level 1:colcon.colcon_core.environment:create_environment_scripts_only(mako_py_brain)
[1.883s] INFO:colcon.colcon_core.shell:Creating package script '/home/abdelrahman/Documents/GitHub/mako_robot/mako_ws/install/mako_py_brain/share/mako_py_brain/package.ps1'
[1.884s] INFO:colcon.colcon_core.shell:Creating package descriptor '/home/abdelrahman/Documents/GitHub/mako_robot/mako_ws/install/mako_py_brain/share/mako_py_brain/package.dsv'
[1.890s] INFO:colcon.colcon_core.shell:Creating package script '/home/abdelrahman/Documents/GitHub/mako_robot/mako_ws/install/mako_py_brain/share/mako_py_brain/package.sh'
[1.895s] INFO:colcon.colcon_core.shell:Creating package script '/home/abdelrahman/Documents/GitHub/mako_robot/mako_ws/install/mako_py_brain/share/mako_py_brain/package.bash'
[1.896s] INFO:colcon.colcon_core.shell:Creating package script '/home/abdelrahman/Documents/GitHub/mako_robot/mako_ws/install/mako_py_brain/share/mako_py_brain/package.zsh'
[1.896s] Level 1:colcon.colcon_core.environment:create_file_with_runtime_dependencies(/home/abdelrahman/Documents/GitHub/mako_robot/mako_ws/install/mako_py_brain/share/colcon-core/packages/mako_py_brain)
[1.915s] DEBUG:colcon.colcon_core.event_handler.log_command:Invoking command in '/home/abdelrahman/Documents/GitHub/mako_robot/mako_ws/build/rplidar_ros': CMAKE_PREFIX_PATH=${CMAKE_PREFIX_PATH}:/home/abdelrahman/Documents/GitHub/mako_robot/mako_ws/install/mako_py_serial_interface:/home/abdelrahman/Documents/GitHub/mako_robot/mako_ws/install/mako_py_feedback_actuators:/home/abdelrahman/Documents/GitHub/mako_robot/mako_ws/install/mako_py_brain:/home/abdelrahman/Documents/GitHub/mako_robot/mako_ws/install/dev_test_tools:/home/abdelrahman/ros2_ws/install/test_lidar_pkg:/home/abdelrahman/ros2_ws/install/my_py_pkg:/opt/ros/foxy /usr/bin/cmake --build /home/abdelrahman/Documents/GitHub/mako_robot/mako_ws/build/rplidar_ros -- -j3 -l3
[1.934s] Level 1:colcon.colcon_core.environment:create_environment_scripts_only(mako_nolang_interfaces)
[1.936s] Level 1:colcon.colcon_core.environment:checking '/home/abdelrahman/Documents/GitHub/mako_robot/mako_ws/install/mako_nolang_interfaces' for CMake module files
[1.939s] Level 1:colcon.colcon_core.environment:checking '/home/abdelrahman/Documents/GitHub/mako_robot/mako_ws/install/mako_nolang_interfaces' for CMake config files
[1.943s] Level 1:colcon.colcon_core.shell:create_environment_hook('mako_nolang_interfaces', 'cmake_prefix_path')
[1.945s] INFO:colcon.colcon_core.shell:Creating environment hook '/home/abdelrahman/Documents/GitHub/mako_robot/mako_ws/install/mako_nolang_interfaces/share/mako_nolang_interfaces/hook/cmake_prefix_path.ps1'
[1.946s] INFO:colcon.colcon_core.shell:Creating environment descriptor '/home/abdelrahman/Documents/GitHub/mako_robot/mako_ws/install/mako_nolang_interfaces/share/mako_nolang_interfaces/hook/cmake_prefix_path.dsv'
[1.947s] INFO:colcon.colcon_core.shell:Creating environment hook '/home/abdelrahman/Documents/GitHub/mako_robot/mako_ws/install/mako_nolang_interfaces/share/mako_nolang_interfaces/hook/cmake_prefix_path.sh'
[1.948s] Level 1:colcon.colcon_core.environment:checking '/home/abdelrahman/Documents/GitHub/mako_robot/mako_ws/install/mako_nolang_interfaces/lib'
[1.948s] Level 1:colcon.colcon_core.shell:create_environment_hook('mako_nolang_interfaces', 'ld_library_path_lib')
[1.950s] INFO:colcon.colcon_core.shell:Creating environment hook '/home/abdelrahman/Documents/GitHub/mako_robot/mako_ws/install/mako_nolang_interfaces/share/mako_nolang_interfaces/hook/ld_library_path_lib.ps1'
[1.951s] INFO:colcon.colcon_core.shell:Creating environment descriptor '/home/abdelrahman/Documents/GitHub/mako_robot/mako_ws/install/mako_nolang_interfaces/share/mako_nolang_interfaces/hook/ld_library_path_lib.dsv'
[1.951s] INFO:colcon.colcon_core.shell:Creating environment hook '/home/abdelrahman/Documents/GitHub/mako_robot/mako_ws/install/mako_nolang_interfaces/share/mako_nolang_interfaces/hook/ld_library_path_lib.sh'
[1.952s] Level 1:colcon.colcon_core.environment:checking '/home/abdelrahman/Documents/GitHub/mako_robot/mako_ws/install/mako_nolang_interfaces/bin'
[1.952s] Level 1:colcon.colcon_core.environment:checking '/home/abdelrahman/Documents/GitHub/mako_robot/mako_ws/install/mako_nolang_interfaces/lib/pkgconfig/mako_nolang_interfaces.pc'
[1.952s] Level 1:colcon.colcon_core.environment:checking '/home/abdelrahman/Documents/GitHub/mako_robot/mako_ws/install/mako_nolang_interfaces/lib/python3.8/site-packages'
[1.952s] Level 1:colcon.colcon_core.shell:create_environment_hook('mako_nolang_interfaces', 'pythonpath')
[1.954s] INFO:colcon.colcon_core.shell:Creating environment hook '/home/abdelrahman/Documents/GitHub/mako_robot/mako_ws/install/mako_nolang_interfaces/share/mako_nolang_interfaces/hook/pythonpath.ps1'
[1.956s] INFO:colcon.colcon_core.shell:Creating environment descriptor '/home/abdelrahman/Documents/GitHub/mako_robot/mako_ws/install/mako_nolang_interfaces/share/mako_nolang_interfaces/hook/pythonpath.dsv'
[1.956s] INFO:colcon.colcon_core.shell:Creating environment hook '/home/abdelrahman/Documents/GitHub/mako_robot/mako_ws/install/mako_nolang_interfaces/share/mako_nolang_interfaces/hook/pythonpath.sh'
[1.959s] INFO:colcon.colcon_core.shell:Creating package script '/home/abdelrahman/Documents/GitHub/mako_robot/mako_ws/install/mako_nolang_interfaces/share/mako_nolang_interfaces/package.ps1'
[1.960s] INFO:colcon.colcon_core.shell:Creating package descriptor '/home/abdelrahman/Documents/GitHub/mako_robot/mako_ws/install/mako_nolang_interfaces/share/mako_nolang_interfaces/package.dsv'
[1.962s] INFO:colcon.colcon_core.shell:Creating package script '/home/abdelrahman/Documents/GitHub/mako_robot/mako_ws/install/mako_nolang_interfaces/share/mako_nolang_interfaces/package.sh'
[1.963s] INFO:colcon.colcon_core.shell:Creating package script '/home/abdelrahman/Documents/GitHub/mako_robot/mako_ws/install/mako_nolang_interfaces/share/mako_nolang_interfaces/package.bash'
[1.963s] INFO:colcon.colcon_core.shell:Creating package script '/home/abdelrahman/Documents/GitHub/mako_robot/mako_ws/install/mako_nolang_interfaces/share/mako_nolang_interfaces/package.zsh'
[1.965s] Level 1:colcon.colcon_core.environment:create_file_with_runtime_dependencies(/home/abdelrahman/Documents/GitHub/mako_robot/mako_ws/install/mako_nolang_interfaces/share/colcon-core/packages/mako_nolang_interfaces)
[1.965s] INFO:colcon.colcon_ros.task.ament_python.build:Building ROS package in '/home/abdelrahman/Documents/GitHub/mako_robot/mako_ws/src/mako_py_feedback_actuators' with build type 'ament_python'
[1.966s] Level 1:colcon.colcon_core.shell:create_environment_hook('mako_py_feedback_actuators', 'ament_prefix_path')
[1.967s] INFO:colcon.colcon_core.shell:Creating environment hook '/home/abdelrahman/Documents/GitHub/mako_robot/mako_ws/install/mako_py_feedback_actuators/share/mako_py_feedback_actuators/hook/ament_prefix_path.ps1'
[1.969s] INFO:colcon.colcon_core.shell:Creating environment descriptor '/home/abdelrahman/Documents/GitHub/mako_robot/mako_ws/install/mako_py_feedback_actuators/share/mako_py_feedback_actuators/hook/ament_prefix_path.dsv'
[1.969s] INFO:colcon.colcon_core.shell:Creating environment hook '/home/abdelrahman/Documents/GitHub/mako_robot/mako_ws/install/mako_py_feedback_actuators/share/mako_py_feedback_actuators/hook/ament_prefix_path.sh'
[1.972s] INFO:colcon.colcon_core.shell:Skip shell extension 'powershell' for command environment: Not usable outside of PowerShell
[1.973s] DEBUG:colcon.colcon_core.shell:Skip shell extension 'dsv' for command environment
[1.977s] DEBUG:colcon.colcon_core.shell:Ignoring prefix path '/opt/ros/foxy'
[1.988s] INFO:colcon.colcon_ros.task.ament_python.build:Building ROS package in '/home/abdelrahman/Documents/GitHub/mako_robot/mako_ws/src/mako_py_serial_interface' with build type 'ament_python'
[1.993s] Level 1:colcon.colcon_core.shell:create_environment_hook('mako_py_serial_interface', 'ament_prefix_path')
[1.998s] INFO:colcon.colcon_core.shell:Creating environment hook '/home/abdelrahman/Documents/GitHub/mako_robot/mako_ws/install/mako_py_serial_interface/share/mako_py_serial_interface/hook/ament_prefix_path.ps1'
[1.999s] INFO:colcon.colcon_core.shell:Creating environment descriptor '/home/abdelrahman/Documents/GitHub/mako_robot/mako_ws/install/mako_py_serial_interface/share/mako_py_serial_interface/hook/ament_prefix_path.dsv'
[2.000s] INFO:colcon.colcon_core.shell:Creating environment hook '/home/abdelrahman/Documents/GitHub/mako_robot/mako_ws/install/mako_py_serial_interface/share/mako_py_serial_interface/hook/ament_prefix_path.sh'
[2.005s] INFO:colcon.colcon_core.shell:Skip shell extension 'powershell' for command environment: Not usable outside of PowerShell
[2.006s] DEBUG:colcon.colcon_core.shell:Skip shell extension 'dsv' for command environment
[2.017s] DEBUG:colcon.colcon_core.shell:Ignoring prefix path '/opt/ros/foxy'
[2.399s] INFO:colcon.colcon_core.task.python.build:Building Python package in '/home/abdelrahman/Documents/GitHub/mako_robot/mako_ws/src/mako_py_feedback_actuators'
[2.404s] INFO:colcon.colcon_core.shell:Skip shell extension 'powershell' for command environment: Not usable outside of PowerShell
[2.404s] DEBUG:colcon.colcon_core.shell:Skip shell extension 'dsv' for command environment
[2.409s] DEBUG:colcon.colcon_core.shell:Ignoring prefix path '/opt/ros/foxy'
[2.754s] INFO:colcon.colcon_core.task.python.build:Building Python package in '/home/abdelrahman/Documents/GitHub/mako_robot/mako_ws/src/mako_py_serial_interface'
[2.755s] INFO:colcon.colcon_core.shell:Skip shell extension 'powershell' for command environment: Not usable outside of PowerShell
[2.755s] DEBUG:colcon.colcon_core.shell:Skip shell extension 'dsv' for command environment
[2.763s] DEBUG:colcon.colcon_core.shell:Ignoring prefix path '/opt/ros/foxy'
[2.779s] DEBUG:colcon.colcon_core.event_handler.log_command:Invoked command in '/home/abdelrahman/Documents/GitHub/mako_robot/mako_ws/build/rplidar_ros' returned '0': CMAKE_PREFIX_PATH=${CMAKE_PREFIX_PATH}:/home/abdelrahman/Documents/GitHub/mako_robot/mako_ws/install/mako_py_serial_interface:/home/abdelrahman/Documents/GitHub/mako_robot/mako_ws/install/mako_py_feedback_actuators:/home/abdelrahman/Documents/GitHub/mako_robot/mako_ws/install/mako_py_brain:/home/abdelrahman/Documents/GitHub/mako_robot/mako_ws/install/dev_test_tools:/home/abdelrahman/ros2_ws/install/test_lidar_pkg:/home/abdelrahman/ros2_ws/install/my_py_pkg:/opt/ros/foxy /usr/bin/cmake --build /home/abdelrahman/Documents/GitHub/mako_robot/mako_ws/build/rplidar_ros -- -j3 -l3
[2.812s] DEBUG:colcon.colcon_core.event_handler.log_command:Invoking command in '/home/abdelrahman/Documents/GitHub/mako_robot/mako_ws/src/mako_py_feedback_actuators': CMAKE_PREFIX_PATH=/home/abdelrahman/Documents/GitHub/mako_robot/mako_ws/install/mako_nolang_interfaces:/home/abdelrahman/Documents/GitHub/mako_robot/mako_ws/install/rplidar_ros:/home/abdelrahman/Documents/GitHub/mako_robot/mako_ws/install/mako_nolang_launch:/home/abdelrahman/ros2_ws/install/my_robot_interface LD_LIBRARY_PATH=/home/abdelrahman/Documents/GitHub/mako_robot/mako_ws/install/mako_nolang_interfaces/lib:/home/abdelrahman/Documents/GitHub/mako_robot/mako_ws/install/rplidar_ros/lib:/opt/ros/foxy/opt/yaml_cpp_vendor/lib:/opt/ros/foxy/opt/rviz_ogre_vendor/lib:/opt/ros/foxy/lib/x86_64-linux-gnu:/opt/ros/foxy/lib PYTHONPATH=/home/abdelrahman/Documents/GitHub/mako_robot/mako_ws/install/mako_py_feedback_actuators/lib/python3.8/site-packages:/home/abdelrahman/Documents/GitHub/mako_robot/mako_ws/install/mako_nolang_interfaces/lib/python3.8/site-packages:/home/abdelrahman/Documents/GitHub/mako_robot/mako_ws/install/mako_py_serial_interface/lib/python3.8/site-packages:/home/abdelrahman/Documents/GitHub/mako_robot/mako_ws/install/mako_py_feedback_actuators/lib/python3.8/site-packages:/home/abdelrahman/Documents/GitHub/mako_robot/mako_ws/install/mako_py_brain/lib/python3.8/site-packages:/home/abdelrahman/Documents/GitHub/mako_robot/mako_ws/install/dev_test_tools/lib/python3.8/site-packages:/home/abdelrahman/ros2_ws/install/test_lidar_pkg/lib/python3.8/site-packages:/home/abdelrahman/ros2_ws/install/my_py_pkg/lib/python3.8/site-packages:/opt/ros/foxy/lib/python3.8/site-packages /usr/bin/python3 setup.py egg_info --egg-base ../../build/mako_py_feedback_actuators build --build-base /home/abdelrahman/Documents/GitHub/mako_robot/mako_ws/build/mako_py_feedback_actuators/build install --prefix /home/abdelrahman/Documents/GitHub/mako_robot/mako_ws/install/mako_py_feedback_actuators --record /home/abdelrahman/Documents/GitHub/mako_robot/mako_ws/build/mako_py_feedback_actuators/install.log --single-version-externally-managed
[2.824s] DEBUG:colcon.colcon_core.event_handler.log_command:Invoking command in '/home/abdelrahman/Documents/GitHub/mako_robot/mako_ws/src/mako_py_serial_interface': CMAKE_PREFIX_PATH=/home/abdelrahman/Documents/GitHub/mako_robot/mako_ws/install/mako_nolang_interfaces:/home/abdelrahman/Documents/GitHub/mako_robot/mako_ws/install/rplidar_ros:/home/abdelrahman/Documents/GitHub/mako_robot/mako_ws/install/mako_nolang_launch:/home/abdelrahman/ros2_ws/install/my_robot_interface LD_LIBRARY_PATH=/home/abdelrahman/Documents/GitHub/mako_robot/mako_ws/install/mako_nolang_interfaces/lib:/home/abdelrahman/Documents/GitHub/mako_robot/mako_ws/install/rplidar_ros/lib:/opt/ros/foxy/opt/yaml_cpp_vendor/lib:/opt/ros/foxy/opt/rviz_ogre_vendor/lib:/opt/ros/foxy/lib/x86_64-linux-gnu:/opt/ros/foxy/lib PYTHONPATH=/home/abdelrahman/Documents/GitHub/mako_robot/mako_ws/install/mako_py_serial_interface/lib/python3.8/site-packages:/home/abdelrahman/Documents/GitHub/mako_robot/mako_ws/install/mako_nolang_interfaces/lib/python3.8/site-packages:/home/abdelrahman/Documents/GitHub/mako_robot/mako_ws/install/mako_py_serial_interface/lib/python3.8/site-packages:/home/abdelrahman/Documents/GitHub/mako_robot/mako_ws/install/mako_py_feedback_actuators/lib/python3.8/site-packages:/home/abdelrahman/Documents/GitHub/mako_robot/mako_ws/install/mako_py_brain/lib/python3.8/site-packages:/home/abdelrahman/Documents/GitHub/mako_robot/mako_ws/install/dev_test_tools/lib/python3.8/site-packages:/home/abdelrahman/ros2_ws/install/test_lidar_pkg/lib/python3.8/site-packages:/home/abdelrahman/ros2_ws/install/my_py_pkg/lib/python3.8/site-packages:/opt/ros/foxy/lib/python3.8/site-packages /usr/bin/python3 setup.py egg_info --egg-base ../../build/mako_py_serial_interface build --build-base /home/abdelrahman/Documents/GitHub/mako_robot/mako_ws/build/mako_py_serial_interface/build install --prefix /home/abdelrahman/Documents/GitHub/mako_robot/mako_ws/install/mako_py_serial_interface --record /home/abdelrahman/Documents/GitHub/mako_robot/mako_ws/build/mako_py_serial_interface/install.log --single-version-externally-managed
[2.931s] DEBUG:colcon.colcon_core.event_handler.log_command:Invoking command in '/home/abdelrahman/Documents/GitHub/mako_robot/mako_ws/build/rplidar_ros': CMAKE_PREFIX_PATH=${CMAKE_PREFIX_PATH}:/home/abdelrahman/Documents/GitHub/mako_robot/mako_ws/install/mako_py_serial_interface:/home/abdelrahman/Documents/GitHub/mako_robot/mako_ws/install/mako_py_feedback_actuators:/home/abdelrahman/Documents/GitHub/mako_robot/mako_ws/install/mako_py_brain:/home/abdelrahman/Documents/GitHub/mako_robot/mako_ws/install/dev_test_tools:/home/abdelrahman/ros2_ws/install/test_lidar_pkg:/home/abdelrahman/ros2_ws/install/my_py_pkg:/opt/ros/foxy /usr/bin/cmake --install /home/abdelrahman/Documents/GitHub/mako_robot/mako_ws/build/rplidar_ros
[2.983s] Level 1:colcon.colcon_core.environment:create_environment_scripts_only(rplidar_ros)
[2.987s] Level 1:colcon.colcon_core.environment:checking '/home/abdelrahman/Documents/GitHub/mako_robot/mako_ws/install/rplidar_ros' for CMake module files
[2.989s] DEBUG:colcon.colcon_core.event_handler.log_command:Invoked command in '/home/abdelrahman/Documents/GitHub/mako_robot/mako_ws/build/rplidar_ros' returned '0': CMAKE_PREFIX_PATH=${CMAKE_PREFIX_PATH}:/home/abdelrahman/Documents/GitHub/mako_robot/mako_ws/install/mako_py_serial_interface:/home/abdelrahman/Documents/GitHub/mako_robot/mako_ws/install/mako_py_feedback_actuators:/home/abdelrahman/Documents/GitHub/mako_robot/mako_ws/install/mako_py_brain:/home/abdelrahman/Documents/GitHub/mako_robot/mako_ws/install/dev_test_tools:/home/abdelrahman/ros2_ws/install/test_lidar_pkg:/home/abdelrahman/ros2_ws/install/my_py_pkg:/opt/ros/foxy /usr/bin/cmake --install /home/abdelrahman/Documents/GitHub/mako_robot/mako_ws/build/rplidar_ros
[2.997s] Level 1:colcon.colcon_core.environment:checking '/home/abdelrahman/Documents/GitHub/mako_robot/mako_ws/install/rplidar_ros' for CMake config files
[2.998s] Level 1:colcon.colcon_core.shell:create_environment_hook('rplidar_ros', 'cmake_prefix_path')
[3.000s] INFO:colcon.colcon_core.shell:Creating environment hook '/home/abdelrahman/Documents/GitHub/mako_robot/mako_ws/install/rplidar_ros/share/rplidar_ros/hook/cmake_prefix_path.ps1'
[3.002s] INFO:colcon.colcon_core.shell:Creating environment descriptor '/home/abdelrahman/Documents/GitHub/mako_robot/mako_ws/install/rplidar_ros/share/rplidar_ros/hook/cmake_prefix_path.dsv'
[3.002s] INFO:colcon.colcon_core.shell:Creating environment hook '/home/abdelrahman/Documents/GitHub/mako_robot/mako_ws/install/rplidar_ros/share/rplidar_ros/hook/cmake_prefix_path.sh'
[3.004s] Level 1:colcon.colcon_core.environment:checking '/home/abdelrahman/Documents/GitHub/mako_robot/mako_ws/install/rplidar_ros/lib'
[3.004s] Level 1:colcon.colcon_core.shell:create_environment_hook('rplidar_ros', 'ld_library_path_lib')
[3.007s] INFO:colcon.colcon_core.shell:Creating environment hook '/home/abdelrahman/Documents/GitHub/mako_robot/mako_ws/install/rplidar_ros/share/rplidar_ros/hook/ld_library_path_lib.ps1'
[3.008s] INFO:colcon.colcon_core.shell:Creating environment descriptor '/home/abdelrahman/Documents/GitHub/mako_robot/mako_ws/install/rplidar_ros/share/rplidar_ros/hook/ld_library_path_lib.dsv'
[3.018s] INFO:colcon.colcon_core.shell:Creating environment hook '/home/abdelrahman/Documents/GitHub/mako_robot/mako_ws/install/rplidar_ros/share/rplidar_ros/hook/ld_library_path_lib.sh'
[3.019s] Level 1:colcon.colcon_core.environment:checking '/home/abdelrahman/Documents/GitHub/mako_robot/mako_ws/install/rplidar_ros/bin'
[3.020s] Level 1:colcon.colcon_core.environment:checking '/home/abdelrahman/Documents/GitHub/mako_robot/mako_ws/install/rplidar_ros/lib/pkgconfig/rplidar_ros.pc'
[3.020s] Level 1:colcon.colcon_core.environment:checking '/home/abdelrahman/Documents/GitHub/mako_robot/mako_ws/install/rplidar_ros/lib/python3.8/site-packages'
[3.022s] INFO:colcon.colcon_core.shell:Creating package script '/home/abdelrahman/Documents/GitHub/mako_robot/mako_ws/install/rplidar_ros/share/rplidar_ros/package.ps1'
[3.024s] INFO:colcon.colcon_core.shell:Creating package descriptor '/home/abdelrahman/Documents/GitHub/mako_robot/mako_ws/install/rplidar_ros/share/rplidar_ros/package.dsv'
[3.033s] INFO:colcon.colcon_core.shell:Creating package script '/home/abdelrahman/Documents/GitHub/mako_robot/mako_ws/install/rplidar_ros/share/rplidar_ros/package.sh'
[3.035s] INFO:colcon.colcon_core.shell:Creating package script '/home/abdelrahman/Documents/GitHub/mako_robot/mako_ws/install/rplidar_ros/share/rplidar_ros/package.bash'
[3.036s] INFO:colcon.colcon_core.shell:Creating package script '/home/abdelrahman/Documents/GitHub/mako_robot/mako_ws/install/rplidar_ros/share/rplidar_ros/package.zsh'
[3.037s] Level 1:colcon.colcon_core.environment:create_file_with_runtime_dependencies(/home/abdelrahman/Documents/GitHub/mako_robot/mako_ws/install/rplidar_ros/share/colcon-core/packages/rplidar_ros)
[3.173s] Level 1:colcon.colcon_core.environment:create_environment_scripts_only(rplidar_ros)
[3.176s] Level 1:colcon.colcon_core.environment:checking '/home/abdelrahman/Documents/GitHub/mako_robot/mako_ws/install/rplidar_ros' for CMake module files
[3.180s] Level 1:colcon.colcon_core.environment:checking '/home/abdelrahman/Documents/GitHub/mako_robot/mako_ws/install/rplidar_ros' for CMake config files
[3.183s] Level 1:colcon.colcon_core.shell:create_environment_hook('rplidar_ros', 'cmake_prefix_path')
[3.187s] INFO:colcon.colcon_core.shell:Creating environment hook '/home/abdelrahman/Documents/GitHub/mako_robot/mako_ws/install/rplidar_ros/share/rplidar_ros/hook/cmake_prefix_path.ps1'
[3.194s] INFO:colcon.colcon_core.shell:Creating environment descriptor '/home/abdelrahman/Documents/GitHub/mako_robot/mako_ws/install/rplidar_ros/share/rplidar_ros/hook/cmake_prefix_path.dsv'
[3.199s] INFO:colcon.colcon_core.shell:Creating environment hook '/home/abdelrahman/Documents/GitHub/mako_robot/mako_ws/install/rplidar_ros/share/rplidar_ros/hook/cmake_prefix_path.sh'
[3.206s] Level 1:colcon.colcon_core.environment:checking '/home/abdelrahman/Documents/GitHub/mako_robot/mako_ws/install/rplidar_ros/lib'
[3.209s] Level 1:colcon.colcon_core.shell:create_environment_hook('rplidar_ros', 'ld_library_path_lib')
[3.211s] INFO:colcon.colcon_core.shell:Creating environment hook '/home/abdelrahman/Documents/GitHub/mako_robot/mako_ws/install/rplidar_ros/share/rplidar_ros/hook/ld_library_path_lib.ps1'
[3.225s] INFO:colcon.colcon_core.shell:Creating environment descriptor '/home/abdelrahman/Documents/GitHub/mako_robot/mako_ws/install/rplidar_ros/share/rplidar_ros/hook/ld_library_path_lib.dsv'
[3.232s] INFO:colcon.colcon_core.shell:Creating environment hook '/home/abdelrahman/Documents/GitHub/mako_robot/mako_ws/install/rplidar_ros/share/rplidar_ros/hook/ld_library_path_lib.sh'
[3.234s] Level 1:colcon.colcon_core.environment:checking '/home/abdelrahman/Documents/GitHub/mako_robot/mako_ws/install/rplidar_ros/bin'
[3.240s] Level 1:colcon.colcon_core.environment:checking '/home/abdelrahman/Documents/GitHub/mako_robot/mako_ws/install/rplidar_ros/lib/pkgconfig/rplidar_ros.pc'
[3.240s] Level 1:colcon.colcon_core.environment:checking '/home/abdelrahman/Documents/GitHub/mako_robot/mako_ws/install/rplidar_ros/lib/python3.8/site-packages'
[3.244s] INFO:colcon.colcon_core.shell:Creating package script '/home/abdelrahman/Documents/GitHub/mako_robot/mako_ws/install/rplidar_ros/share/rplidar_ros/package.ps1'
[3.256s] INFO:colcon.colcon_core.shell:Creating package descriptor '/home/abdelrahman/Documents/GitHub/mako_robot/mako_ws/install/rplidar_ros/share/rplidar_ros/package.dsv'
[3.269s] INFO:colcon.colcon_core.shell:Creating package script '/home/abdelrahman/Documents/GitHub/mako_robot/mako_ws/install/rplidar_ros/share/rplidar_ros/package.sh'
[3.272s] INFO:colcon.colcon_core.shell:Creating package script '/home/abdelrahman/Documents/GitHub/mako_robot/mako_ws/install/rplidar_ros/share/rplidar_ros/package.bash'
[3.285s] INFO:colcon.colcon_core.shell:Creating package script '/home/abdelrahman/Documents/GitHub/mako_robot/mako_ws/install/rplidar_ros/share/rplidar_ros/package.zsh'
[3.286s] Level 1:colcon.colcon_core.environment:create_file_with_runtime_dependencies(/home/abdelrahman/Documents/GitHub/mako_robot/mako_ws/install/rplidar_ros/share/colcon-core/packages/rplidar_ros)
[3.975s] Level 1:colcon.colcon_core.environment:checking '/home/abdelrahman/Documents/GitHub/mako_robot/mako_ws/install/mako_py_serial_interface' for CMake module files
[3.982s] DEBUG:colcon.colcon_core.event_handler.log_command:Invoked command in '/home/abdelrahman/Documents/GitHub/mako_robot/mako_ws/src/mako_py_serial_interface' returned '0': CMAKE_PREFIX_PATH=/home/abdelrahman/Documents/GitHub/mako_robot/mako_ws/install/mako_nolang_interfaces:/home/abdelrahman/Documents/GitHub/mako_robot/mako_ws/install/rplidar_ros:/home/abdelrahman/Documents/GitHub/mako_robot/mako_ws/install/mako_nolang_launch:/home/abdelrahman/ros2_ws/install/my_robot_interface LD_LIBRARY_PATH=/home/abdelrahman/Documents/GitHub/mako_robot/mako_ws/install/mako_nolang_interfaces/lib:/home/abdelrahman/Documents/GitHub/mako_robot/mako_ws/install/rplidar_ros/lib:/opt/ros/foxy/opt/yaml_cpp_vendor/lib:/opt/ros/foxy/opt/rviz_ogre_vendor/lib:/opt/ros/foxy/lib/x86_64-linux-gnu:/opt/ros/foxy/lib PYTHONPATH=/home/abdelrahman/Documents/GitHub/mako_robot/mako_ws/install/mako_py_serial_interface/lib/python3.8/site-packages:/home/abdelrahman/Documents/GitHub/mako_robot/mako_ws/install/mako_nolang_interfaces/lib/python3.8/site-packages:/home/abdelrahman/Documents/GitHub/mako_robot/mako_ws/install/mako_py_serial_interface/lib/python3.8/site-packages:/home/abdelrahman/Documents/GitHub/mako_robot/mako_ws/install/mako_py_feedback_actuators/lib/python3.8/site-packages:/home/abdelrahman/Documents/GitHub/mako_robot/mako_ws/install/mako_py_brain/lib/python3.8/site-packages:/home/abdelrahman/Documents/GitHub/mako_robot/mako_ws/install/dev_test_tools/lib/python3.8/site-packages:/home/abdelrahman/ros2_ws/install/test_lidar_pkg/lib/python3.8/site-packages:/home/abdelrahman/ros2_ws/install/my_py_pkg/lib/python3.8/site-packages:/opt/ros/foxy/lib/python3.8/site-packages /usr/bin/python3 setup.py egg_info --egg-base ../../build/mako_py_serial_interface build --build-base /home/abdelrahman/Documents/GitHub/mako_robot/mako_ws/build/mako_py_serial_interface/build install --prefix /home/abdelrahman/Documents/GitHub/mako_robot/mako_ws/install/mako_py_serial_interface --record /home/abdelrahman/Documents/GitHub/mako_robot/mako_ws/build/mako_py_serial_interface/install.log --single-version-externally-managed
[3.983s] Level 1:colcon.colcon_core.environment:checking '/home/abdelrahman/Documents/GitHub/mako_robot/mako_ws/install/mako_py_serial_interface' for CMake config files
[3.985s] Level 1:colcon.colcon_core.environment:checking '/home/abdelrahman/Documents/GitHub/mako_robot/mako_ws/install/mako_py_serial_interface/lib'
[3.985s] Level 1:colcon.colcon_core.environment:checking '/home/abdelrahman/Documents/GitHub/mako_robot/mako_ws/install/mako_py_serial_interface/bin'
[3.985s] Level 1:colcon.colcon_core.environment:checking '/home/abdelrahman/Documents/GitHub/mako_robot/mako_ws/install/mako_py_serial_interface/lib/pkgconfig/mako_py_serial_interface.pc'
[3.985s] Level 1:colcon.colcon_core.environment:checking '/home/abdelrahman/Documents/GitHub/mako_robot/mako_ws/install/mako_py_serial_interface/lib/python3.8/site-packages'
[3.986s] Level 1:colcon.colcon_core.shell:create_environment_hook('mako_py_serial_interface', 'pythonpath')
[3.987s] INFO:colcon.colcon_core.shell:Creating environment hook '/home/abdelrahman/Documents/GitHub/mako_robot/mako_ws/install/mako_py_serial_interface/share/mako_py_serial_interface/hook/pythonpath.ps1'
[3.990s] INFO:colcon.colcon_core.shell:Creating environment descriptor '/home/abdelrahman/Documents/GitHub/mako_robot/mako_ws/install/mako_py_serial_interface/share/mako_py_serial_interface/hook/pythonpath.dsv'
[3.991s] INFO:colcon.colcon_core.shell:Creating environment hook '/home/abdelrahman/Documents/GitHub/mako_robot/mako_ws/install/mako_py_serial_interface/share/mako_py_serial_interface/hook/pythonpath.sh'
[3.993s] Level 1:colcon.colcon_core.environment:create_environment_scripts_only(mako_py_serial_interface)
[3.995s] INFO:colcon.colcon_core.shell:Creating package script '/home/abdelrahman/Documents/GitHub/mako_robot/mako_ws/install/mako_py_serial_interface/share/mako_py_serial_interface/package.ps1'
[3.997s] INFO:colcon.colcon_core.shell:Creating package descriptor '/home/abdelrahman/Documents/GitHub/mako_robot/mako_ws/install/mako_py_serial_interface/share/mako_py_serial_interface/package.dsv'
[3.998s] INFO:colcon.colcon_core.shell:Creating package script '/home/abdelrahman/Documents/GitHub/mako_robot/mako_ws/install/mako_py_serial_interface/share/mako_py_serial_interface/package.sh'
[3.999s] INFO:colcon.colcon_core.shell:Creating package script '/home/abdelrahman/Documents/GitHub/mako_robot/mako_ws/install/mako_py_serial_interface/share/mako_py_serial_interface/package.bash'
[4.000s] INFO:colcon.colcon_core.shell:Creating package script '/home/abdelrahman/Documents/GitHub/mako_robot/mako_ws/install/mako_py_serial_interface/share/mako_py_serial_interface/package.zsh'
[4.001s] Level 1:colcon.colcon_core.environment:create_file_with_runtime_dependencies(/home/abdelrahman/Documents/GitHub/mako_robot/mako_ws/install/mako_py_serial_interface/share/colcon-core/packages/mako_py_serial_interface)
[4.008s] Level 1:colcon.colcon_core.environment:checking '/home/abdelrahman/Documents/GitHub/mako_robot/mako_ws/install/mako_py_feedback_actuators' for CMake module files
[4.010s] DEBUG:colcon.colcon_core.event_handler.log_command:Invoked command in '/home/abdelrahman/Documents/GitHub/mako_robot/mako_ws/src/mako_py_feedback_actuators' returned '0': CMAKE_PREFIX_PATH=/home/abdelrahman/Documents/GitHub/mako_robot/mako_ws/install/mako_nolang_interfaces:/home/abdelrahman/Documents/GitHub/mako_robot/mako_ws/install/rplidar_ros:/home/abdelrahman/Documents/GitHub/mako_robot/mako_ws/install/mako_nolang_launch:/home/abdelrahman/ros2_ws/install/my_robot_interface LD_LIBRARY_PATH=/home/abdelrahman/Documents/GitHub/mako_robot/mako_ws/install/mako_nolang_interfaces/lib:/home/abdelrahman/Documents/GitHub/mako_robot/mako_ws/install/rplidar_ros/lib:/opt/ros/foxy/opt/yaml_cpp_vendor/lib:/opt/ros/foxy/opt/rviz_ogre_vendor/lib:/opt/ros/foxy/lib/x86_64-linux-gnu:/opt/ros/foxy/lib PYTHONPATH=/home/abdelrahman/Documents/GitHub/mako_robot/mako_ws/install/mako_py_feedback_actuators/lib/python3.8/site-packages:/home/abdelrahman/Documents/GitHub/mako_robot/mako_ws/install/mako_nolang_interfaces/lib/python3.8/site-packages:/home/abdelrahman/Documents/GitHub/mako_robot/mako_ws/install/mako_py_serial_interface/lib/python3.8/site-packages:/home/abdelrahman/Documents/GitHub/mako_robot/mako_ws/install/mako_py_feedback_actuators/lib/python3.8/site-packages:/home/abdelrahman/Documents/GitHub/mako_robot/mako_ws/install/mako_py_brain/lib/python3.8/site-packages:/home/abdelrahman/Documents/GitHub/mako_robot/mako_ws/install/dev_test_tools/lib/python3.8/site-packages:/home/abdelrahman/ros2_ws/install/test_lidar_pkg/lib/python3.8/site-packages:/home/abdelrahman/ros2_ws/install/my_py_pkg/lib/python3.8/site-packages:/opt/ros/foxy/lib/python3.8/site-packages /usr/bin/python3 setup.py egg_info --egg-base ../../build/mako_py_feedback_actuators build --build-base /home/abdelrahman/Documents/GitHub/mako_robot/mako_ws/build/mako_py_feedback_actuators/build install --prefix /home/abdelrahman/Documents/GitHub/mako_robot/mako_ws/install/mako_py_feedback_actuators --record /home/abdelrahman/Documents/GitHub/mako_robot/mako_ws/build/mako_py_feedback_actuators/install.log --single-version-externally-managed
[4.011s] Level 1:colcon.colcon_core.environment:checking '/home/abdelrahman/Documents/GitHub/mako_robot/mako_ws/install/mako_py_feedback_actuators' for CMake config files
[4.013s] Level 1:colcon.colcon_core.environment:checking '/home/abdelrahman/Documents/GitHub/mako_robot/mako_ws/install/mako_py_feedback_actuators/lib'
[4.016s] Level 1:colcon.colcon_core.environment:checking '/home/abdelrahman/Documents/GitHub/mako_robot/mako_ws/install/mako_py_feedback_actuators/bin'
[4.016s] Level 1:colcon.colcon_core.environment:checking '/home/abdelrahman/Documents/GitHub/mako_robot/mako_ws/install/mako_py_feedback_actuators/lib/pkgconfig/mako_py_feedback_actuators.pc'
[4.017s] Level 1:colcon.colcon_core.environment:checking '/home/abdelrahman/Documents/GitHub/mako_robot/mako_ws/install/mako_py_feedback_actuators/lib/python3.8/site-packages'
[4.017s] Level 1:colcon.colcon_core.shell:create_environment_hook('mako_py_feedback_actuators', 'pythonpath')
[4.019s] INFO:colcon.colcon_core.shell:Creating environment hook '/home/abdelrahman/Documents/GitHub/mako_robot/mako_ws/install/mako_py_feedback_actuators/share/mako_py_feedback_actuators/hook/pythonpath.ps1'
[4.020s] INFO:colcon.colcon_core.shell:Creating environment descriptor '/home/abdelrahman/Documents/GitHub/mako_robot/mako_ws/install/mako_py_feedback_actuators/share/mako_py_feedback_actuators/hook/pythonpath.dsv'
[4.021s] INFO:colcon.colcon_core.shell:Creating environment hook '/home/abdelrahman/Documents/GitHub/mako_robot/mako_ws/install/mako_py_feedback_actuators/share/mako_py_feedback_actuators/hook/pythonpath.sh'
[4.022s] Level 1:colcon.colcon_core.environment:create_environment_scripts_only(mako_py_feedback_actuators)
[4.024s] INFO:colcon.colcon_core.shell:Creating package script '/home/abdelrahman/Documents/GitHub/mako_robot/mako_ws/install/mako_py_feedback_actuators/share/mako_py_feedback_actuators/package.ps1'
[4.032s] INFO:colcon.colcon_core.shell:Creating package descriptor '/home/abdelrahman/Documents/GitHub/mako_robot/mako_ws/install/mako_py_feedback_actuators/share/mako_py_feedback_actuators/package.dsv'
[4.033s] INFO:colcon.colcon_core.shell:Creating package script '/home/abdelrahman/Documents/GitHub/mako_robot/mako_ws/install/mako_py_feedback_actuators/share/mako_py_feedback_actuators/package.sh'
[4.035s] INFO:colcon.colcon_core.shell:Creating package script '/home/abdelrahman/Documents/GitHub/mako_robot/mako_ws/install/mako_py_feedback_actuators/share/mako_py_feedback_actuators/package.bash'
[4.036s] INFO:colcon.colcon_core.shell:Creating package script '/home/abdelrahman/Documents/GitHub/mako_robot/mako_ws/install/mako_py_feedback_actuators/share/mako_py_feedback_actuators/package.zsh'
[4.037s] Level 1:colcon.colcon_core.environment:create_file_with_runtime_dependencies(/home/abdelrahman/Documents/GitHub/mako_robot/mako_ws/install/mako_py_feedback_actuators/share/colcon-core/packages/mako_py_feedback_actuators)
[4.039s] INFO:colcon.colcon_ros.task.ament_cmake.build:Building ROS package in '/home/abdelrahman/Documents/GitHub/mako_robot/mako_ws/src/mako_nolang_launch' with build type 'ament_cmake'
[4.039s] INFO:colcon.colcon_cmake.task.cmake.build:Building CMake package in '/home/abdelrahman/Documents/GitHub/mako_robot/mako_ws/src/mako_nolang_launch'
[4.042s] INFO:colcon.colcon_core.shell:Skip shell extension 'powershell' for command environment: Not usable outside of PowerShell
[4.042s] DEBUG:colcon.colcon_core.shell:Skip shell extension 'dsv' for command environment
[4.056s] DEBUG:colcon.colcon_core.shell:Ignoring prefix path '/opt/ros/foxy'
[4.104s] DEBUG:colcon.colcon_core.event_handler.log_command:Invoking command in '/home/abdelrahman/Documents/GitHub/mako_robot/mako_ws/build/mako_nolang_launch': AMENT_PREFIX_PATH=/home/abdelrahman/Documents/GitHub/mako_robot/mako_ws/install/mako_py_serial_interface:/home/abdelrahman/Documents/GitHub/mako_robot/mako_ws/install/mako_py_feedback_actuators:/home/abdelrahman/Documents/GitHub/mako_robot/mako_ws/install/mako_py_brain:/home/abdelrahman/Documents/GitHub/mako_robot/mako_ws/install/rplidar_ros:/home/abdelrahman/Documents/GitHub/mako_robot/mako_ws/install/mako_nolang_launch:/home/abdelrahman/Documents/GitHub/mako_robot/mako_ws/install/mako_nolang_interfaces:/home/abdelrahman/Documents/GitHub/mako_robot/mako_ws/install/dev_test_tools:/home/abdelrahman/ros2_ws/install/test_lidar_pkg:/home/abdelrahman/ros2_ws/install/my_robot_interface:/home/abdelrahman/ros2_ws/install/my_py_pkg:/opt/ros/foxy CMAKE_PREFIX_PATH=/home/abdelrahman/Documents/GitHub/mako_robot/mako_ws/install/mako_nolang_interfaces:/home/abdelrahman/Documents/GitHub/mako_robot/mako_ws/install/rplidar_ros:/home/abdelrahman/Documents/GitHub/mako_robot/mako_ws/install/mako_nolang_launch:/home/abdelrahman/ros2_ws/install/my_robot_interface:/home/abdelrahman/Documents/GitHub/mako_robot/mako_ws/install/mako_py_serial_interface:/home/abdelrahman/Documents/GitHub/mako_robot/mako_ws/install/mako_py_feedback_actuators:/home/abdelrahman/Documents/GitHub/mako_robot/mako_ws/install/mako_py_brain:/home/abdelrahman/Documents/GitHub/mako_robot/mako_ws/install/dev_test_tools:/home/abdelrahman/ros2_ws/install/test_lidar_pkg:/home/abdelrahman/ros2_ws/install/my_py_pkg:/opt/ros/foxy LD_LIBRARY_PATH=/home/abdelrahman/Documents/GitHub/mako_robot/mako_ws/install/mako_nolang_interfaces/lib:/home/abdelrahman/Documents/GitHub/mako_robot/mako_ws/install/rplidar_ros/lib:/opt/ros/foxy/opt/yaml_cpp_vendor/lib:/opt/ros/foxy/opt/rviz_ogre_vendor/lib:/opt/ros/foxy/lib/x86_64-linux-gnu:/opt/ros/foxy/lib /usr/bin/cmake --build /home/abdelrahman/Documents/GitHub/mako_robot/mako_ws/build/mako_nolang_launch -- -j3 -l3
[4.219s] DEBUG:colcon.colcon_core.event_handler.log_command:Invoked command in '/home/abdelrahman/Documents/GitHub/mako_robot/mako_ws/build/mako_nolang_launch' returned '0': AMENT_PREFIX_PATH=/home/abdelrahman/Documents/GitHub/mako_robot/mako_ws/install/mako_py_serial_interface:/home/abdelrahman/Documents/GitHub/mako_robot/mako_ws/install/mako_py_feedback_actuators:/home/abdelrahman/Documents/GitHub/mako_robot/mako_ws/install/mako_py_brain:/home/abdelrahman/Documents/GitHub/mako_robot/mako_ws/install/rplidar_ros:/home/abdelrahman/Documents/GitHub/mako_robot/mako_ws/install/mako_nolang_launch:/home/abdelrahman/Documents/GitHub/mako_robot/mako_ws/install/mako_nolang_interfaces:/home/abdelrahman/Documents/GitHub/mako_robot/mako_ws/install/dev_test_tools:/home/abdelrahman/ros2_ws/install/test_lidar_pkg:/home/abdelrahman/ros2_ws/install/my_robot_interface:/home/abdelrahman/ros2_ws/install/my_py_pkg:/opt/ros/foxy CMAKE_PREFIX_PATH=/home/abdelrahman/Documents/GitHub/mako_robot/mako_ws/install/mako_nolang_interfaces:/home/abdelrahman/Documents/GitHub/mako_robot/mako_ws/install/rplidar_ros:/home/abdelrahman/Documents/GitHub/mako_robot/mako_ws/install/mako_nolang_launch:/home/abdelrahman/ros2_ws/install/my_robot_interface:/home/abdelrahman/Documents/GitHub/mako_robot/mako_ws/install/mako_py_serial_interface:/home/abdelrahman/Documents/GitHub/mako_robot/mako_ws/install/mako_py_feedback_actuators:/home/abdelrahman/Documents/GitHub/mako_robot/mako_ws/install/mako_py_brain:/home/abdelrahman/Documents/GitHub/mako_robot/mako_ws/install/dev_test_tools:/home/abdelrahman/ros2_ws/install/test_lidar_pkg:/home/abdelrahman/ros2_ws/install/my_py_pkg:/opt/ros/foxy LD_LIBRARY_PATH=/home/abdelrahman/Documents/GitHub/mako_robot/mako_ws/install/mako_nolang_interfaces/lib:/home/abdelrahman/Documents/GitHub/mako_robot/mako_ws/install/rplidar_ros/lib:/opt/ros/foxy/opt/yaml_cpp_vendor/lib:/opt/ros/foxy/opt/rviz_ogre_vendor/lib:/opt/ros/foxy/lib/x86_64-linux-gnu:/opt/ros/foxy/lib /usr/bin/cmake --build /home/abdelrahman/Documents/GitHub/mako_robot/mako_ws/build/mako_nolang_launch -- -j3 -l3
[4.294s] DEBUG:colcon.colcon_core.event_handler.log_command:Invoking command in '/home/abdelrahman/Documents/GitHub/mako_robot/mako_ws/build/mako_nolang_launch': AMENT_PREFIX_PATH=/home/abdelrahman/Documents/GitHub/mako_robot/mako_ws/install/mako_py_serial_interface:/home/abdelrahman/Documents/GitHub/mako_robot/mako_ws/install/mako_py_feedback_actuators:/home/abdelrahman/Documents/GitHub/mako_robot/mako_ws/install/mako_py_brain:/home/abdelrahman/Documents/GitHub/mako_robot/mako_ws/install/rplidar_ros:/home/abdelrahman/Documents/GitHub/mako_robot/mako_ws/install/mako_nolang_launch:/home/abdelrahman/Documents/GitHub/mako_robot/mako_ws/install/mako_nolang_interfaces:/home/abdelrahman/Documents/GitHub/mako_robot/mako_ws/install/dev_test_tools:/home/abdelrahman/ros2_ws/install/test_lidar_pkg:/home/abdelrahman/ros2_ws/install/my_robot_interface:/home/abdelrahman/ros2_ws/install/my_py_pkg:/opt/ros/foxy CMAKE_PREFIX_PATH=/home/abdelrahman/Documents/GitHub/mako_robot/mako_ws/install/mako_nolang_interfaces:/home/abdelrahman/Documents/GitHub/mako_robot/mako_ws/install/rplidar_ros:/home/abdelrahman/Documents/GitHub/mako_robot/mako_ws/install/mako_nolang_launch:/home/abdelrahman/ros2_ws/install/my_robot_interface:/home/abdelrahman/Documents/GitHub/mako_robot/mako_ws/install/mako_py_serial_interface:/home/abdelrahman/Documents/GitHub/mako_robot/mako_ws/install/mako_py_feedback_actuators:/home/abdelrahman/Documents/GitHub/mako_robot/mako_ws/install/mako_py_brain:/home/abdelrahman/Documents/GitHub/mako_robot/mako_ws/install/dev_test_tools:/home/abdelrahman/ros2_ws/install/test_lidar_pkg:/home/abdelrahman/ros2_ws/install/my_py_pkg:/opt/ros/foxy LD_LIBRARY_PATH=/home/abdelrahman/Documents/GitHub/mako_robot/mako_ws/install/mako_nolang_interfaces/lib:/home/abdelrahman/Documents/GitHub/mako_robot/mako_ws/install/rplidar_ros/lib:/opt/ros/foxy/opt/yaml_cpp_vendor/lib:/opt/ros/foxy/opt/rviz_ogre_vendor/lib:/opt/ros/foxy/lib/x86_64-linux-gnu:/opt/ros/foxy/lib /usr/bin/cmake --install /home/abdelrahman/Documents/GitHub/mako_robot/mako_ws/build/mako_nolang_launch
[4.323s] Level 1:colcon.colcon_core.environment:create_environment_scripts_only(mako_nolang_launch)
[4.328s] Level 1:colcon.colcon_core.environment:checking '/home/abdelrahman/Documents/GitHub/mako_robot/mako_ws/install/mako_nolang_launch' for CMake module files
[4.333s] DEBUG:colcon.colcon_core.event_handler.log_command:Invoked command in '/home/abdelrahman/Documents/GitHub/mako_robot/mako_ws/build/mako_nolang_launch' returned '0': AMENT_PREFIX_PATH=/home/abdelrahman/Documents/GitHub/mako_robot/mako_ws/install/mako_py_serial_interface:/home/abdelrahman/Documents/GitHub/mako_robot/mako_ws/install/mako_py_feedback_actuators:/home/abdelrahman/Documents/GitHub/mako_robot/mako_ws/install/mako_py_brain:/home/abdelrahman/Documents/GitHub/mako_robot/mako_ws/install/rplidar_ros:/home/abdelrahman/Documents/GitHub/mako_robot/mako_ws/install/mako_nolang_launch:/home/abdelrahman/Documents/GitHub/mako_robot/mako_ws/install/mako_nolang_interfaces:/home/abdelrahman/Documents/GitHub/mako_robot/mako_ws/install/dev_test_tools:/home/abdelrahman/ros2_ws/install/test_lidar_pkg:/home/abdelrahman/ros2_ws/install/my_robot_interface:/home/abdelrahman/ros2_ws/install/my_py_pkg:/opt/ros/foxy CMAKE_PREFIX_PATH=/home/abdelrahman/Documents/GitHub/mako_robot/mako_ws/install/mako_nolang_interfaces:/home/abdelrahman/Documents/GitHub/mako_robot/mako_ws/install/rplidar_ros:/home/abdelrahman/Documents/GitHub/mako_robot/mako_ws/install/mako_nolang_launch:/home/abdelrahman/ros2_ws/install/my_robot_interface:/home/abdelrahman/Documents/GitHub/mako_robot/mako_ws/install/mako_py_serial_interface:/home/abdelrahman/Documents/GitHub/mako_robot/mako_ws/install/mako_py_feedback_actuators:/home/abdelrahman/Documents/GitHub/mako_robot/mako_ws/install/mako_py_brain:/home/abdelrahman/Documents/GitHub/mako_robot/mako_ws/install/dev_test_tools:/home/abdelrahman/ros2_ws/install/test_lidar_pkg:/home/abdelrahman/ros2_ws/install/my_py_pkg:/opt/ros/foxy LD_LIBRARY_PATH=/home/abdelrahman/Documents/GitHub/mako_robot/mako_ws/install/mako_nolang_interfaces/lib:/home/abdelrahman/Documents/GitHub/mako_robot/mako_ws/install/rplidar_ros/lib:/opt/ros/foxy/opt/yaml_cpp_vendor/lib:/opt/ros/foxy/opt/rviz_ogre_vendor/lib:/opt/ros/foxy/lib/x86_64-linux-gnu:/opt/ros/foxy/lib /usr/bin/cmake --install /home/abdelrahman/Documents/GitHub/mako_robot/mako_ws/build/mako_nolang_launch
[4.335s] Level 1:colcon.colcon_core.environment:checking '/home/abdelrahman/Documents/GitHub/mako_robot/mako_ws/install/mako_nolang_launch' for CMake config files
[4.336s] Level 1:colcon.colcon_core.shell:create_environment_hook('mako_nolang_launch', 'cmake_prefix_path')
[4.338s] INFO:colcon.colcon_core.shell:Creating environment hook '/home/abdelrahman/Documents/GitHub/mako_robot/mako_ws/install/mako_nolang_launch/share/mako_nolang_launch/hook/cmake_prefix_path.ps1'
[4.340s] INFO:colcon.colcon_core.shell:Creating environment descriptor '/home/abdelrahman/Documents/GitHub/mako_robot/mako_ws/install/mako_nolang_launch/share/mako_nolang_launch/hook/cmake_prefix_path.dsv'
[4.342s] INFO:colcon.colcon_core.shell:Creating environment hook '/home/abdelrahman/Documents/GitHub/mako_robot/mako_ws/install/mako_nolang_launch/share/mako_nolang_launch/hook/cmake_prefix_path.sh'
[4.344s] Level 1:colcon.colcon_core.environment:checking '/home/abdelrahman/Documents/GitHub/mako_robot/mako_ws/install/mako_nolang_launch/bin'
[4.344s] Level 1:colcon.colcon_core.environment:checking '/home/abdelrahman/Documents/GitHub/mako_robot/mako_ws/install/mako_nolang_launch/lib/pkgconfig/mako_nolang_launch.pc'
[4.345s] Level 1:colcon.colcon_core.environment:checking '/home/abdelrahman/Documents/GitHub/mako_robot/mako_ws/install/mako_nolang_launch/lib/python3.8/site-packages'
[4.348s] INFO:colcon.colcon_core.shell:Creating package script '/home/abdelrahman/Documents/GitHub/mako_robot/mako_ws/install/mako_nolang_launch/share/mako_nolang_launch/package.ps1'
[4.350s] INFO:colcon.colcon_core.shell:Creating package descriptor '/home/abdelrahman/Documents/GitHub/mako_robot/mako_ws/install/mako_nolang_launch/share/mako_nolang_launch/package.dsv'
[4.353s] INFO:colcon.colcon_core.shell:Creating package script '/home/abdelrahman/Documents/GitHub/mako_robot/mako_ws/install/mako_nolang_launch/share/mako_nolang_launch/package.sh'
[4.354s] INFO:colcon.colcon_core.shell:Creating package script '/home/abdelrahman/Documents/GitHub/mako_robot/mako_ws/install/mako_nolang_launch/share/mako_nolang_launch/package.bash'
[4.356s] INFO:colcon.colcon_core.shell:Creating package script '/home/abdelrahman/Documents/GitHub/mako_robot/mako_ws/install/mako_nolang_launch/share/mako_nolang_launch/package.zsh'
[4.357s] Level 1:colcon.colcon_core.environment:create_file_with_runtime_dependencies(/home/abdelrahman/Documents/GitHub/mako_robot/mako_ws/install/mako_nolang_launch/share/colcon-core/packages/mako_nolang_launch)
[4.423s] Level 1:colcon.colcon_core.environment:create_environment_scripts_only(mako_nolang_launch)
[4.427s] Level 1:colcon.colcon_core.environment:checking '/home/abdelrahman/Documents/GitHub/mako_robot/mako_ws/install/mako_nolang_launch' for CMake module files
[4.429s] Level 1:colcon.colcon_core.environment:checking '/home/abdelrahman/Documents/GitHub/mako_robot/mako_ws/install/mako_nolang_launch' for CMake config files
[4.430s] Level 1:colcon.colcon_core.shell:create_environment_hook('mako_nolang_launch', 'cmake_prefix_path')
[4.432s] INFO:colcon.colcon_core.shell:Creating environment hook '/home/abdelrahman/Documents/GitHub/mako_robot/mako_ws/install/mako_nolang_launch/share/mako_nolang_launch/hook/cmake_prefix_path.ps1'
[4.434s] INFO:colcon.colcon_core.shell:Creating environment descriptor '/home/abdelrahman/Documents/GitHub/mako_robot/mako_ws/install/mako_nolang_launch/share/mako_nolang_launch/hook/cmake_prefix_path.dsv'
[4.437s] INFO:colcon.colcon_core.shell:Creating environment hook '/home/abdelrahman/Documents/GitHub/mako_robot/mako_ws/install/mako_nolang_launch/share/mako_nolang_launch/hook/cmake_prefix_path.sh'
[4.438s] Level 1:colcon.colcon_core.environment:checking '/home/abdelrahman/Documents/GitHub/mako_robot/mako_ws/install/mako_nolang_launch/bin'
[4.439s] Level 1:colcon.colcon_core.environment:checking '/home/abdelrahman/Documents/GitHub/mako_robot/mako_ws/install/mako_nolang_launch/lib/pkgconfig/mako_nolang_launch.pc'
[4.439s] Level 1:colcon.colcon_core.environment:checking '/home/abdelrahman/Documents/GitHub/mako_robot/mako_ws/install/mako_nolang_launch/lib/python3.8/site-packages'
[4.441s] INFO:colcon.colcon_core.shell:Creating package script '/home/abdelrahman/Documents/GitHub/mako_robot/mako_ws/install/mako_nolang_launch/share/mako_nolang_launch/package.ps1'
[4.443s] INFO:colcon.colcon_core.shell:Creating package descriptor '/home/abdelrahman/Documents/GitHub/mako_robot/mako_ws/install/mako_nolang_launch/share/mako_nolang_launch/package.dsv'
[4.445s] INFO:colcon.colcon_core.shell:Creating package script '/home/abdelrahman/Documents/GitHub/mako_robot/mako_ws/install/mako_nolang_launch/share/mako_nolang_launch/package.sh'
[4.448s] INFO:colcon.colcon_core.shell:Creating package script '/home/abdelrahman/Documents/GitHub/mako_robot/mako_ws/install/mako_nolang_launch/share/mako_nolang_launch/package.bash'
[4.449s] INFO:colcon.colcon_core.shell:Creating package script '/home/abdelrahman/Documents/GitHub/mako_robot/mako_ws/install/mako_nolang_launch/share/mako_nolang_launch/package.zsh'
[4.450s] Level 1:colcon.colcon_core.environment:create_file_with_runtime_dependencies(/home/abdelrahman/Documents/GitHub/mako_robot/mako_ws/install/mako_nolang_launch/share/colcon-core/packages/mako_nolang_launch)
[4.452s] DEBUG:colcon.colcon_parallel_executor.executor.parallel:closing loop
[4.454s] DEBUG:colcon.colcon_parallel_executor.executor.parallel:loop closed
[4.454s] DEBUG:colcon.colcon_parallel_executor.executor.parallel:run_until_complete finished with '0'
[4.454s] DEBUG:colcon.colcon_core.event_reactor:joining thread
[4.479s] INFO:colcon.colcon_core.plugin_system:Skipping extension 'colcon_notification.desktop_notification.terminal_notifier': Not used on non-Darwin systems
[4.480s] INFO:colcon.colcon_core.plugin_system:Skipping extension 'colcon_notification.desktop_notification.win32': Not used on non-Windows systems
[4.480s] INFO:colcon.colcon_notification.desktop_notification:Sending desktop notification using 'notify2'
[4.526s] DEBUG:colcon.colcon_core.event_reactor:joined thread
[4.528s] INFO:colcon.colcon_core.shell:Creating prefix script '/home/abdelrahman/Documents/GitHub/mako_robot/mako_ws/install/local_setup.ps1'
[4.531s] INFO:colcon.colcon_core.shell:Creating prefix util module '/home/abdelrahman/Documents/GitHub/mako_robot/mako_ws/install/_local_setup_util_ps1.py'
[4.538s] INFO:colcon.colcon_core.shell:Creating prefix chain script '/home/abdelrahman/Documents/GitHub/mako_robot/mako_ws/install/setup.ps1'
[4.551s] INFO:colcon.colcon_core.shell:Creating prefix script '/home/abdelrahman/Documents/GitHub/mako_robot/mako_ws/install/local_setup.sh'
[4.561s] INFO:colcon.colcon_core.shell:Creating prefix util module '/home/abdelrahman/Documents/GitHub/mako_robot/mako_ws/install/_local_setup_util_sh.py'
[4.562s] INFO:colcon.colcon_core.shell:Creating prefix chain script '/home/abdelrahman/Documents/GitHub/mako_robot/mako_ws/install/setup.sh'
[4.576s] INFO:colcon.colcon_core.shell:Creating prefix script '/home/abdelrahman/Documents/GitHub/mako_robot/mako_ws/install/local_setup.bash'
[4.577s] INFO:colcon.colcon_core.shell:Creating prefix chain script '/home/abdelrahman/Documents/GitHub/mako_robot/mako_ws/install/setup.bash'
[4.587s] INFO:colcon.colcon_core.shell:Creating prefix script '/home/abdelrahman/Documents/GitHub/mako_robot/mako_ws/install/local_setup.zsh'
[4.589s] INFO:colcon.colcon_core.shell:Creating prefix chain script '/home/abdelrahman/Documents/GitHub/mako_robot/mako_ws/install/setup.zsh'
