[0.780s] Invoking command in '/home/abdelrahman/Documents/GitHub/mako_robot/mako_ws/src/mako_py_brain': PYTHONPATH=/home/abdelrahman/Documents/GitHub/mako_robot/mako_ws/install/mako_py_brain/lib/python3.8/site-packages:${PYTHONPATH} /usr/bin/python3 setup.py egg_info --egg-base ../../build/mako_py_brain build --build-base /home/abdelrahman/Documents/GitHub/mako_robot/mako_ws/build/mako_py_brain/build install --prefix /home/abdelrahman/Documents/GitHub/mako_robot/mako_ws/install/mako_py_brain --record /home/abdelrahman/Documents/GitHub/mako_robot/mako_ws/build/mako_py_brain/install.log --single-version-externally-managed
[1.262s] running egg_info
[1.262s] writing ../../build/mako_py_brain/mako_py_brain.egg-info/PKG-INFO
[1.262s] writing dependency_links to ../../build/mako_py_brain/mako_py_brain.egg-info/dependency_links.txt
[1.262s] writing entry points to ../../build/mako_py_brain/mako_py_brain.egg-info/entry_points.txt
[1.262s] writing requirements to ../../build/mako_py_brain/mako_py_brain.egg-info/requires.txt
[1.267s] writing top-level names to ../../build/mako_py_brain/mako_py_brain.egg-info/top_level.txt
[1.359s] reading manifest file '../../build/mako_py_brain/mako_py_brain.egg-info/SOURCES.txt'
[1.359s] writing manifest file '../../build/mako_py_brain/mako_py_brain.egg-info/SOURCES.txt'
[1.359s] running build
[1.359s] running build_py
[1.359s] running install
[1.360s] running install_lib
[1.364s] running install_data
[1.365s] running install_egg_info
[1.380s] removing '/home/abdelrahman/Documents/GitHub/mako_robot/mako_ws/install/mako_py_brain/lib/python3.8/site-packages/mako_py_brain-0.0.0-py3.8.egg-info' (and everything under it)
[1.380s] Copying ../../build/mako_py_brain/mako_py_brain.egg-info to /home/abdelrahman/Documents/GitHub/mako_robot/mako_ws/install/mako_py_brain/lib/python3.8/site-packages/mako_py_brain-0.0.0-py3.8.egg-info
[1.382s] running install_scripts
[1.430s] Installing BrainNode script to /home/abdelrahman/Documents/GitHub/mako_robot/mako_ws/install/mako_py_brain/lib/mako_py_brain
[1.434s] Installing ctrl_panel_node script to /home/abdelrahman/Documents/GitHub/mako_robot/mako_ws/install/mako_py_brain/lib/mako_py_brain
[1.434s] writing list of installed files to '/home/abdelrahman/Documents/GitHub/mako_robot/mako_ws/build/mako_py_brain/install.log'
[1.523s] Invoked command in '/home/abdelrahman/Documents/GitHub/mako_robot/mako_ws/src/mako_py_brain' returned '0': PYTHONPATH=/home/abdelrahman/Documents/GitHub/mako_robot/mako_ws/install/mako_py_brain/lib/python3.8/site-packages:${PYTHONPATH} /usr/bin/python3 setup.py egg_info --egg-base ../../build/mako_py_brain build --build-base /home/abdelrahman/Documents/GitHub/mako_robot/mako_ws/build/mako_py_brain/build install --prefix /home/abdelrahman/Documents/GitHub/mako_robot/mako_ws/install/mako_py_brain --record /home/abdelrahman/Documents/GitHub/mako_robot/mako_ws/build/mako_py_brain/install.log --single-version-externally-managed
