[0.831s] Invoking command in '/home/abdelrahman/Documents/GitHub/mako_robot/mako_ws/src/mako_py_serial_interface': CMAKE_PREFIX_PATH=/home/abdelrahman/Documents/GitHub/mako_robot/mako_ws/install/mako_nolang_interfaces:/home/abdelrahman/Documents/GitHub/mako_robot/mako_ws/install/rplidar_ros:/home/abdelrahman/Documents/GitHub/mako_robot/mako_ws/install/mako_nolang_launch:/home/abdelrahman/ros2_ws/install/my_robot_interface LD_LIBRARY_PATH=/home/abdelrahman/Documents/GitHub/mako_robot/mako_ws/install/mako_nolang_interfaces/lib:/home/abdelrahman/Documents/GitHub/mako_robot/mako_ws/install/rplidar_ros/lib:/opt/ros/foxy/opt/yaml_cpp_vendor/lib:/opt/ros/foxy/opt/rviz_ogre_vendor/lib:/opt/ros/foxy/lib/x86_64-linux-gnu:/opt/ros/foxy/lib PYTHONPATH=/home/abdelrahman/Documents/GitHub/mako_robot/mako_ws/install/mako_py_serial_interface/lib/python3.8/site-packages:/home/abdelrahman/Documents/GitHub/mako_robot/mako_ws/install/mako_nolang_interfaces/lib/python3.8/site-packages:/home/abdelrahman/Documents/GitHub/mako_robot/mako_ws/install/mako_py_serial_interface/lib/python3.8/site-packages:/home/abdelrahman/Documents/GitHub/mako_robot/mako_ws/install/mako_py_feedback_actuators/lib/python3.8/site-packages:/home/abdelrahman/Documents/GitHub/mako_robot/mako_ws/install/mako_py_brain/lib/python3.8/site-packages:/home/abdelrahman/Documents/GitHub/mako_robot/mako_ws/install/dev_test_tools/lib/python3.8/site-packages:/home/abdelrahman/ros2_ws/install/test_lidar_pkg/lib/python3.8/site-packages:/home/abdelrahman/ros2_ws/install/my_py_pkg/lib/python3.8/site-packages:/opt/ros/foxy/lib/python3.8/site-packages /usr/bin/python3 setup.py egg_info --egg-base ../../build/mako_py_serial_interface build --build-base /home/abdelrahman/Documents/GitHub/mako_robot/mako_ws/build/mako_py_serial_interface/build install --prefix /home/abdelrahman/Documents/GitHub/mako_robot/mako_ws/install/mako_py_serial_interface --record /home/abdelrahman/Documents/GitHub/mako_robot/mako_ws/build/mako_py_serial_interface/install.log --single-version-externally-managed
[1.685s] running egg_info
[1.687s] writing ../../build/mako_py_serial_interface/mako_py_serial_interface.egg-info/PKG-INFO
[1.688s] writing dependency_links to ../../build/mako_py_serial_interface/mako_py_serial_interface.egg-info/dependency_links.txt
[1.688s] writing entry points to ../../build/mako_py_serial_interface/mako_py_serial_interface.egg-info/entry_points.txt
[1.689s] writing requirements to ../../build/mako_py_serial_interface/mako_py_serial_interface.egg-info/requires.txt
[1.690s] writing top-level names to ../../build/mako_py_serial_interface/mako_py_serial_interface.egg-info/top_level.txt
[1.815s] reading manifest file '../../build/mako_py_serial_interface/mako_py_serial_interface.egg-info/SOURCES.txt'
[1.819s] writing manifest file '../../build/mako_py_serial_interface/mako_py_serial_interface.egg-info/SOURCES.txt'
[1.820s] running build
[1.820s] running build_py
[1.821s] running install
[1.824s] running install_lib
[1.828s] running install_data
[1.830s] running install_egg_info
[1.835s] removing '/home/abdelrahman/Documents/GitHub/mako_robot/mako_ws/install/mako_py_serial_interface/lib/python3.8/site-packages/mako_py_serial_interface-0.0.0-py3.8.egg-info' (and everything under it)
[1.836s] Copying ../../build/mako_py_serial_interface/mako_py_serial_interface.egg-info to /home/abdelrahman/Documents/GitHub/mako_robot/mako_ws/install/mako_py_serial_interface/lib/python3.8/site-packages/mako_py_serial_interface-0.0.0-py3.8.egg-info
[1.838s] running install_scripts
[1.894s] Installing serialInterfaceNode script to /home/abdelrahman/Documents/GitHub/mako_robot/mako_ws/install/mako_py_serial_interface/lib/mako_py_serial_interface
[1.895s] writing list of installed files to '/home/abdelrahman/Documents/GitHub/mako_robot/mako_ws/build/mako_py_serial_interface/install.log'
[1.991s] Invoked command in '/home/abdelrahman/Documents/GitHub/mako_robot/mako_ws/src/mako_py_serial_interface' returned '0': CMAKE_PREFIX_PATH=/home/abdelrahman/Documents/GitHub/mako_robot/mako_ws/install/mako_nolang_interfaces:/home/abdelrahman/Documents/GitHub/mako_robot/mako_ws/install/rplidar_ros:/home/abdelrahman/Documents/GitHub/mako_robot/mako_ws/install/mako_nolang_launch:/home/abdelrahman/ros2_ws/install/my_robot_interface LD_LIBRARY_PATH=/home/abdelrahman/Documents/GitHub/mako_robot/mako_ws/install/mako_nolang_interfaces/lib:/home/abdelrahman/Documents/GitHub/mako_robot/mako_ws/install/rplidar_ros/lib:/opt/ros/foxy/opt/yaml_cpp_vendor/lib:/opt/ros/foxy/opt/rviz_ogre_vendor/lib:/opt/ros/foxy/lib/x86_64-linux-gnu:/opt/ros/foxy/lib PYTHONPATH=/home/abdelrahman/Documents/GitHub/mako_robot/mako_ws/install/mako_py_serial_interface/lib/python3.8/site-packages:/home/abdelrahman/Documents/GitHub/mako_robot/mako_ws/install/mako_nolang_interfaces/lib/python3.8/site-packages:/home/abdelrahman/Documents/GitHub/mako_robot/mako_ws/install/mako_py_serial_interface/lib/python3.8/site-packages:/home/abdelrahman/Documents/GitHub/mako_robot/mako_ws/install/mako_py_feedback_actuators/lib/python3.8/site-packages:/home/abdelrahman/Documents/GitHub/mako_robot/mako_ws/install/mako_py_brain/lib/python3.8/site-packages:/home/abdelrahman/Documents/GitHub/mako_robot/mako_ws/install/dev_test_tools/lib/python3.8/site-packages:/home/abdelrahman/ros2_ws/install/test_lidar_pkg/lib/python3.8/site-packages:/home/abdelrahman/ros2_ws/install/my_py_pkg/lib/python3.8/site-packages:/opt/ros/foxy/lib/python3.8/site-packages /usr/bin/python3 setup.py egg_info --egg-base ../../build/mako_py_serial_interface build --build-base /home/abdelrahman/Documents/GitHub/mako_robot/mako_ws/build/mako_py_serial_interface/build install --prefix /home/abdelrahman/Documents/GitHub/mako_robot/mako_ws/install/mako_py_serial_interface --record /home/abdelrahman/Documents/GitHub/mako_robot/mako_ws/build/mako_py_serial_interface/install.log --single-version-externally-managed
