[0.717s] Invoking command in '/home/karim/mako_robot/mako_ws/build/rplidar_ros': CMAKE_PREFIX_PATH=${CMAKE_PREFIX_PATH}:/home/karim/project_ws/install/ros_project_pkg_py_robot_driver:/home/karim/project_ws/install/dev_test_tools:/home/karim/ros2_ws/install/my_py_pkg:/home/karim/mako_robot/mako_ws/install/mako_py_serial_interface:/home/karim/mako_robot/mako_ws/install/mako_py_feedback_actuators:/home/karim/mako_robot/mako_ws/install/mako_py_brain:/home/karim/mako_robot/mako_ws/install/dev_test_tools:/opt/ros/foxy /usr/bin/cmake /home/karim/mako_robot/mako_ws/src/lidar_ros2 -DCMAKE_INSTALL_PREFIX=/home/karim/mako_robot/mako_ws/install/rplidar_ros
[0.738s] -- Found ament_cmake_auto: 0.9.8 (/opt/ros/foxy/share/ament_cmake_auto/cmake)
[0.800s] -- Found PythonInterp: /usr/bin/python3 (found suitable version "3.8.10", minimum required is "3") 
[0.800s] -- Using PYTHON_EXECUTABLE: /usr/bin/python3
[1.270s] -- Override CMake install command with custom implementation using symlinks instead of copying resources
[1.294s] -- Found ament_cmake_ros: 0.9.0 (/opt/ros/foxy/share/ament_cmake_ros/cmake)
[1.536s] -- Using all available rosidl_typesupport_c: rosidl_typesupport_fastrtps_c;rosidl_typesupport_introspection_c
[1.543s] -- Found rosidl_adapter: 1.2.0 (/opt/ros/foxy/share/rosidl_adapter/cmake)
[1.764s] -- Using all available rosidl_typesupport_cpp: rosidl_typesupport_fastrtps_cpp;rosidl_typesupport_introspection_cpp
[1.951s] -- Found rmw_implementation_cmake: 1.0.2 (/opt/ros/foxy/share/rmw_implementation_cmake/cmake)
[1.958s] -- Using RMW implementation 'rmw_fastrtps_cpp' as default
[3.041s] -- Configuring done
[3.109s] -- Generating done
[3.149s] -- Build files have been written to: /home/karim/mako_robot/mako_ws/build/rplidar_ros
[3.151s] Invoked command in '/home/karim/mako_robot/mako_ws/build/rplidar_ros' returned '0': CMAKE_PREFIX_PATH=${CMAKE_PREFIX_PATH}:/home/karim/project_ws/install/ros_project_pkg_py_robot_driver:/home/karim/project_ws/install/dev_test_tools:/home/karim/ros2_ws/install/my_py_pkg:/home/karim/mako_robot/mako_ws/install/mako_py_serial_interface:/home/karim/mako_robot/mako_ws/install/mako_py_feedback_actuators:/home/karim/mako_robot/mako_ws/install/mako_py_brain:/home/karim/mako_robot/mako_ws/install/dev_test_tools:/opt/ros/foxy /usr/bin/cmake /home/karim/mako_robot/mako_ws/src/lidar_ros2 -DCMAKE_INSTALL_PREFIX=/home/karim/mako_robot/mako_ws/install/rplidar_ros
[3.155s] Invoking command in '/home/karim/mako_robot/mako_ws/build/rplidar_ros': CMAKE_PREFIX_PATH=${CMAKE_PREFIX_PATH}:/home/karim/project_ws/install/ros_project_pkg_py_robot_driver:/home/karim/project_ws/install/dev_test_tools:/home/karim/ros2_ws/install/my_py_pkg:/home/karim/mako_robot/mako_ws/install/mako_py_serial_interface:/home/karim/mako_robot/mako_ws/install/mako_py_feedback_actuators:/home/karim/mako_robot/mako_ws/install/mako_py_brain:/home/karim/mako_robot/mako_ws/install/dev_test_tools:/opt/ros/foxy /usr/bin/cmake --build /home/karim/mako_robot/mako_ws/build/rplidar_ros -- -j6 -l6
[3.441s] [ 11%] Built target rplidarNodeClient
[3.449s] [ 50%] Built target rplidarNode
[3.453s] [ 88%] Built target rplidar_composition_node
[3.516s] [100%] Built target rplidar_composition
[3.547s] Invoked command in '/home/karim/mako_robot/mako_ws/build/rplidar_ros' returned '0': CMAKE_PREFIX_PATH=${CMAKE_PREFIX_PATH}:/home/karim/project_ws/install/ros_project_pkg_py_robot_driver:/home/karim/project_ws/install/dev_test_tools:/home/karim/ros2_ws/install/my_py_pkg:/home/karim/mako_robot/mako_ws/install/mako_py_serial_interface:/home/karim/mako_robot/mako_ws/install/mako_py_feedback_actuators:/home/karim/mako_robot/mako_ws/install/mako_py_brain:/home/karim/mako_robot/mako_ws/install/dev_test_tools:/opt/ros/foxy /usr/bin/cmake --build /home/karim/mako_robot/mako_ws/build/rplidar_ros -- -j6 -l6
[3.701s] Invoking command in '/home/karim/mako_robot/mako_ws/build/rplidar_ros': CMAKE_PREFIX_PATH=${CMAKE_PREFIX_PATH}:/home/karim/project_ws/install/ros_project_pkg_py_robot_driver:/home/karim/project_ws/install/dev_test_tools:/home/karim/ros2_ws/install/my_py_pkg:/home/karim/mako_robot/mako_ws/install/mako_py_serial_interface:/home/karim/mako_robot/mako_ws/install/mako_py_feedback_actuators:/home/karim/mako_robot/mako_ws/install/mako_py_brain:/home/karim/mako_robot/mako_ws/install/dev_test_tools:/opt/ros/foxy /usr/bin/cmake --install /home/karim/mako_robot/mako_ws/build/rplidar_ros
[3.711s] -- Install configuration: ""
[3.711s] -- Execute custom install script
[3.721s] -- Up-to-date symlink: /home/karim/mako_robot/mako_ws/install/rplidar_ros/lib/rplidar_ros/rplidarNode
[3.722s] -- Up-to-date symlink: /home/karim/mako_robot/mako_ws/install/rplidar_ros/lib/rplidar_ros/rplidarNodeClient
[3.724s] -- Up-to-date symlink: /home/karim/mako_robot/mako_ws/install/rplidar_ros/lib/rplidar_ros/rplidar_composition
[3.726s] -- Up-to-date symlink: /home/karim/mako_robot/mako_ws/install/rplidar_ros/share/rplidar_ros/launch/rplidar.launch.py
[3.727s] -- Up-to-date symlink: /home/karim/mako_robot/mako_ws/install/rplidar_ros/share/rplidar_ros/launch/rplidar_a3.launch.py
[3.729s] -- Up-to-date symlink: /home/karim/mako_robot/mako_ws/install/rplidar_ros/share/rplidar_ros/launch/rplidar_s1.launch.py
[3.730s] -- Up-to-date symlink: /home/karim/mako_robot/mako_ws/install/rplidar_ros/share/rplidar_ros/launch/rplidar_s1_tcp.launch.py
[3.731s] -- Up-to-date symlink: /home/karim/mako_robot/mako_ws/install/rplidar_ros/share/rplidar_ros/launch/test_rplidar.launch.py
[3.732s] -- Up-to-date symlink: /home/karim/mako_robot/mako_ws/install/rplidar_ros/share/rplidar_ros/launch/test_rplidar_a3.launch.py
[3.733s] -- Up-to-date symlink: /home/karim/mako_robot/mako_ws/install/rplidar_ros/share/rplidar_ros/launch/view_rplidar.launch.py
[3.735s] -- Up-to-date symlink: /home/karim/mako_robot/mako_ws/install/rplidar_ros/share/rplidar_ros/launch/view_rplidar_a3.launch.py
[3.737s] -- Up-to-date symlink: /home/karim/mako_robot/mako_ws/install/rplidar_ros/share/rplidar_ros/launch/view_rplidar_s1.launch.py
[3.737s] -- Up-to-date symlink: /home/karim/mako_robot/mako_ws/install/rplidar_ros/share/rplidar_ros/launch/view_rplidar_s1_tcp.launch.py
[3.738s] -- Up-to-date symlink: /home/karim/mako_robot/mako_ws/install/rplidar_ros/share/rplidar_ros/rviz/rplidar.rviz
[3.742s] -- Up-to-date symlink: /home/karim/mako_robot/mako_ws/install/rplidar_ros/lib/librplidar_composition_node.so
[3.744s] -- Up-to-date symlink: /home/karim/mako_robot/mako_ws/install/rplidar_ros/include/rplidar_node.hpp
[3.755s] -- Up-to-date symlink: /home/karim/mako_robot/mako_ws/install/rplidar_ros/include/visibility.h
[3.757s] -- Up-to-date symlink: /home/karim/mako_robot/mako_ws/install/rplidar_ros/lib/rplidar_ros/rplidarNode
[3.757s] -- Up-to-date symlink: /home/karim/mako_robot/mako_ws/install/rplidar_ros/lib/rplidar_ros/rplidarNodeClient
[3.758s] -- Up-to-date symlink: /home/karim/mako_robot/mako_ws/install/rplidar_ros/lib/rplidar_ros/rplidar_composition
[3.760s] -- Up-to-date symlink: /home/karim/mako_robot/mako_ws/install/rplidar_ros/share/ament_index/resource_index/package_run_dependencies/rplidar_ros
[3.761s] -- Up-to-date symlink: /home/karim/mako_robot/mako_ws/install/rplidar_ros/share/ament_index/resource_index/parent_prefix_path/rplidar_ros
[3.762s] -- Up-to-date symlink: /home/karim/mako_robot/mako_ws/install/rplidar_ros/share/rplidar_ros/environment/ament_prefix_path.sh
[3.763s] -- Up-to-date symlink: /home/karim/mako_robot/mako_ws/install/rplidar_ros/share/rplidar_ros/environment/ament_prefix_path.dsv
[3.765s] -- Up-to-date symlink: /home/karim/mako_robot/mako_ws/install/rplidar_ros/share/rplidar_ros/environment/path.sh
[3.765s] -- Up-to-date symlink: /home/karim/mako_robot/mako_ws/install/rplidar_ros/share/rplidar_ros/environment/path.dsv
[3.767s] -- Up-to-date symlink: /home/karim/mako_robot/mako_ws/install/rplidar_ros/share/rplidar_ros/local_setup.bash
[3.769s] -- Up-to-date symlink: /home/karim/mako_robot/mako_ws/install/rplidar_ros/share/rplidar_ros/local_setup.sh
[3.770s] -- Up-to-date symlink: /home/karim/mako_robot/mako_ws/install/rplidar_ros/share/rplidar_ros/local_setup.zsh
[3.771s] -- Up-to-date symlink: /home/karim/mako_robot/mako_ws/install/rplidar_ros/share/rplidar_ros/local_setup.dsv
[3.771s] -- Symlinking: /home/karim/mako_robot/mako_ws/install/rplidar_ros/share/rplidar_ros/package.dsv
[3.795s] -- Up-to-date symlink: /home/karim/mako_robot/mako_ws/install/rplidar_ros/share/ament_index/resource_index/packages/rplidar_ros
[3.797s] -- Up-to-date symlink: /home/karim/mako_robot/mako_ws/install/rplidar_ros/share/rplidar_ros/cmake/ament_cmake_export_dependencies-extras.cmake
[3.798s] -- Up-to-date symlink: /home/karim/mako_robot/mako_ws/install/rplidar_ros/share/rplidar_ros/cmake/ament_cmake_export_include_directories-extras.cmake
[3.799s] -- Up-to-date symlink: /home/karim/mako_robot/mako_ws/install/rplidar_ros/share/rplidar_ros/cmake/rplidar_rosConfig.cmake
[3.800s] -- Up-to-date symlink: /home/karim/mako_robot/mako_ws/install/rplidar_ros/share/rplidar_ros/cmake/rplidar_rosConfig-version.cmake
[3.801s] -- Up-to-date symlink: /home/karim/mako_robot/mako_ws/install/rplidar_ros/share/rplidar_ros/package.xml
[3.806s] Invoked command in '/home/karim/mako_robot/mako_ws/build/rplidar_ros' returned '0': CMAKE_PREFIX_PATH=${CMAKE_PREFIX_PATH}:/home/karim/project_ws/install/ros_project_pkg_py_robot_driver:/home/karim/project_ws/install/dev_test_tools:/home/karim/ros2_ws/install/my_py_pkg:/home/karim/mako_robot/mako_ws/install/mako_py_serial_interface:/home/karim/mako_robot/mako_ws/install/mako_py_feedback_actuators:/home/karim/mako_robot/mako_ws/install/mako_py_brain:/home/karim/mako_robot/mako_ws/install/dev_test_tools:/opt/ros/foxy /usr/bin/cmake --install /home/karim/mako_robot/mako_ws/build/rplidar_ros
