[0.253s] Invoking command in '/home/karim/mako_robot/mako_ws/build/mako_nolang_interfaces': CMAKE_PREFIX_PATH=${CMAKE_PREFIX_PATH}:/home/karim/project_ws/install/ros_project_pkg_py_robot_driver:/home/karim/project_ws/install/dev_test_tools:/home/karim/ros2_ws/install/my_py_pkg:/home/karim/mako_robot/mako_ws/install/mako_py_serial_interface:/home/karim/mako_robot/mako_ws/install/mako_py_feedback_actuators:/home/karim/mako_robot/mako_ws/install/mako_py_brain:/home/karim/mako_robot/mako_ws/install/dev_test_tools:/opt/ros/foxy /usr/bin/cmake --build /home/karim/mako_robot/mako_ws/build/mako_nolang_interfaces -- -j6 -l6
[1.136s] -- Found ament_cmake: 0.9.8 (/opt/ros/foxy/share/ament_cmake/cmake)
[1.143s] -- Found PythonInterp: /usr/bin/python3 (found suitable version "3.8.5", minimum required is "3") 
[1.144s] -- Using PYTHON_EXECUTABLE: /usr/bin/python3
[1.145s] -- Override CMake install command with custom implementation using symlinks instead of copying resources
[1.383s] -- Found rosidl_default_generators: 1.0.0 (/opt/ros/foxy/share/rosidl_default_generators/cmake)
[1.500s] -- Using all available rosidl_typesupport_c: rosidl_typesupport_fastrtps_c;rosidl_typesupport_introspection_c
[1.565s] -- Found rosidl_adapter: 1.2.0 (/opt/ros/foxy/share/rosidl_adapter/cmake)
[2.723s] -- Using all available rosidl_typesupport_cpp: rosidl_typesupport_fastrtps_cpp;rosidl_typesupport_introspection_cpp
[3.086s] -- Found PythonInterp: /usr/bin/python3 (found version "3.8.5") 
[3.329s] -- Found ament_cmake_ros: 0.9.0 (/opt/ros/foxy/share/ament_cmake_ros/cmake)
[3.591s] -- Using all available rosidl_typesupport_c: rosidl_typesupport_fastrtps_c;rosidl_typesupport_introspection_c
[3.663s] -- Using all available rosidl_typesupport_cpp: rosidl_typesupport_fastrtps_cpp;rosidl_typesupport_introspection_cpp
[3.716s] -- Found PythonInterp: /usr/bin/python3 (found suitable version "3.8.5", minimum required is "3.5") 
[3.719s] -- Found python_cmake_module: 0.8.0 (/opt/ros/foxy/share/python_cmake_module/cmake)
[3.778s] -- Using PYTHON_EXECUTABLE: /usr/bin/python3
[3.778s] -- Using PYTHON_INCLUDE_DIRS: /usr/include/python3.8
[3.778s] -- Using PYTHON_LIBRARIES: /usr/lib/x86_64-linux-gnu/libpython3.8.so
[3.901s] -- Configuring done
[4.178s] -- Generating done
[4.191s] -- Build files have been written to: /home/karim/mako_robot/mako_ws/build/mako_nolang_interfaces
[4.231s] [  2%] [34m[1mGenerating C code for ROS interfaces[0m
[4.240s] [35m[1mScanning dependencies of target mako_nolang_interfaces__cpp[0m
[4.281s] [  4%] [34m[1mGenerating C++ code for ROS interfaces[0m
[4.940s] [  4%] Built target mako_nolang_interfaces__cpp
[4.978s] [  6%] [34m[1mGenerating C++ type support for eProsima Fast-RTPS[0m
[4.982s] [  8%] [34m[1mGenerating C++ introspection for ROS interfaces[0m
[4.987s] [ 10%] [34m[1mGenerating C++ type support dispatch for ROS interfaces[0m
[5.014s] [35m[1mScanning dependencies of target mako_nolang_interfaces__rosidl_generator_c[0m
[5.061s] [ 12%] [32mBuilding C object CMakeFiles/mako_nolang_interfaces__rosidl_generator_c.dir/rosidl_generator_c/mako_nolang_interfaces/srv/detail/led_control__functions.c.o[0m
[5.061s] [ 14%] [32mBuilding C object CMakeFiles/mako_nolang_interfaces__rosidl_generator_c.dir/rosidl_generator_c/mako_nolang_interfaces/srv/detail/arduino_command__functions.c.o[0m
[5.085s] [ 17%] [32mBuilding C object CMakeFiles/mako_nolang_interfaces__rosidl_generator_c.dir/rosidl_generator_c/mako_nolang_interfaces/msg/detail/mako_server_message__functions.c.o[0m
[5.794s] [35m[1mScanning dependencies of target mako_nolang_interfaces__rosidl_typesupport_cpp[0m
[5.908s] [ 19%] [32mBuilding CXX object CMakeFiles/mako_nolang_interfaces__rosidl_typesupport_cpp.dir/rosidl_typesupport_cpp/mako_nolang_interfaces/srv/led_control__type_support.cpp.o[0m
[5.990s] [35m[1mScanning dependencies of target mako_nolang_interfaces__rosidl_typesupport_introspection_cpp[0m
[6.140s] [ 21%] [32mBuilding CXX object CMakeFiles/mako_nolang_interfaces__rosidl_typesupport_introspection_cpp.dir/rosidl_typesupport_introspection_cpp/mako_nolang_interfaces/srv/detail/led_control__type_support.cpp.o[0m
[6.287s] [35m[1mScanning dependencies of target mako_nolang_interfaces__rosidl_typesupport_fastrtps_cpp[0m
[6.473s] [ 23%] [32mBuilding CXX object CMakeFiles/mako_nolang_interfaces__rosidl_typesupport_fastrtps_cpp.dir/rosidl_typesupport_fastrtps_cpp/mako_nolang_interfaces/srv/detail/dds_fastrtps/led_control__type_support.cpp.o[0m
[6.680s] [ 25%] [32mBuilding CXX object CMakeFiles/mako_nolang_interfaces__rosidl_typesupport_cpp.dir/rosidl_typesupport_cpp/mako_nolang_interfaces/srv/arduino_command__type_support.cpp.o[0m
[6.777s] [ 27%] [32m[1mLinking C shared library libmako_nolang_interfaces__rosidl_generator_c.so[0m
[6.785s] [ 29%] [32mBuilding CXX object CMakeFiles/mako_nolang_interfaces__rosidl_typesupport_introspection_cpp.dir/rosidl_typesupport_introspection_cpp/mako_nolang_interfaces/srv/detail/arduino_command__type_support.cpp.o[0m
[7.056s] [ 29%] Built target mako_nolang_interfaces__rosidl_generator_c
[7.093s] [ 31%] [32mBuilding CXX object CMakeFiles/mako_nolang_interfaces__rosidl_typesupport_introspection_cpp.dir/rosidl_typesupport_introspection_cpp/mako_nolang_interfaces/msg/detail/mako_server_message__type_support.cpp.o[0m
[12.949s] [ 34%] [32mBuilding CXX object CMakeFiles/mako_nolang_interfaces__rosidl_typesupport_cpp.dir/rosidl_typesupport_cpp/mako_nolang_interfaces/msg/mako_server_message__type_support.cpp.o[0m
[12.956s] [ 36%] [34m[1mGenerating C type support dispatch for ROS interfaces[0m
[12.962s] [ 38%] [32mBuilding CXX object CMakeFiles/mako_nolang_interfaces__rosidl_typesupport_fastrtps_cpp.dir/rosidl_typesupport_fastrtps_cpp/mako_nolang_interfaces/srv/detail/dds_fastrtps/arduino_command__type_support.cpp.o[0m
[12.991s] [ 40%] [34m[1mGenerating C introspection for ROS interfaces[0m
[12.994s] [ 42%] [32m[1mLinking CXX shared library libmako_nolang_interfaces__rosidl_typesupport_introspection_cpp.so[0m
[13.147s] [ 42%] Built target mako_nolang_interfaces__rosidl_typesupport_introspection_cpp
[13.164s] [ 44%] [32mBuilding CXX object CMakeFiles/mako_nolang_interfaces__rosidl_typesupport_fastrtps_cpp.dir/rosidl_typesupport_fastrtps_cpp/mako_nolang_interfaces/msg/detail/dds_fastrtps/mako_server_message__type_support.cpp.o[0m
[13.384s] [ 46%] [32m[1mLinking CXX shared library libmako_nolang_interfaces__rosidl_typesupport_cpp.so[0m
[13.582s] [35m[1mScanning dependencies of target mako_nolang_interfaces__rosidl_typesupport_introspection_c[0m
[13.603s] [ 46%] Built target mako_nolang_interfaces__rosidl_typesupport_cpp
[13.603s] [35m[1mScanning dependencies of target mako_nolang_interfaces__rosidl_typesupport_c[0m
[13.614s] [ 48%] [32mBuilding C object CMakeFiles/mako_nolang_interfaces__rosidl_typesupport_introspection_c.dir/rosidl_typesupport_introspection_c/mako_nolang_interfaces/srv/detail/led_control__type_support.c.o[0m
[13.617s] [ 51%] [32mBuilding C object CMakeFiles/mako_nolang_interfaces__rosidl_typesupport_introspection_c.dir/rosidl_typesupport_introspection_c/mako_nolang_interfaces/srv/detail/arduino_command__type_support.c.o[0m
[13.633s] [ 53%] [32mBuilding C object CMakeFiles/mako_nolang_interfaces__rosidl_typesupport_introspection_c.dir/rosidl_typesupport_introspection_c/mako_nolang_interfaces/msg/detail/mako_server_message__type_support.c.o[0m
[13.635s] [ 55%] [32mBuilding CXX object CMakeFiles/mako_nolang_interfaces__rosidl_typesupport_c.dir/rosidl_typesupport_c/mako_nolang_interfaces/srv/led_control__type_support.cpp.o[0m
[13.671s] [ 57%] [32mBuilding CXX object CMakeFiles/mako_nolang_interfaces__rosidl_typesupport_c.dir/rosidl_typesupport_c/mako_nolang_interfaces/srv/arduino_command__type_support.cpp.o[0m
[13.690s] [ 59%] [32mBuilding CXX object CMakeFiles/mako_nolang_interfaces__rosidl_typesupport_c.dir/rosidl_typesupport_c/mako_nolang_interfaces/msg/mako_server_message__type_support.cpp.o[0m
[13.695s] [ 61%] [32m[1mLinking C shared library libmako_nolang_interfaces__rosidl_typesupport_introspection_c.so[0m
[13.737s] [ 63%] [32m[1mLinking CXX shared library libmako_nolang_interfaces__rosidl_typesupport_c.so[0m
[13.744s] [ 63%] Built target mako_nolang_interfaces__rosidl_typesupport_introspection_c
[13.784s] [ 65%] [32m[1mLinking CXX shared library libmako_nolang_interfaces__rosidl_typesupport_fastrtps_cpp.so[0m
[13.793s] [ 65%] Built target mako_nolang_interfaces__rosidl_typesupport_c
[13.907s] [ 65%] Built target mako_nolang_interfaces__rosidl_typesupport_fastrtps_cpp
[13.925s] [ 68%] [34m[1mGenerating C type support for eProsima Fast-RTPS[0m
[14.573s] [35m[1mScanning dependencies of target mako_nolang_interfaces__rosidl_typesupport_fastrtps_c[0m
[14.599s] [ 70%] [32mBuilding CXX object CMakeFiles/mako_nolang_interfaces__rosidl_typesupport_fastrtps_c.dir/rosidl_typesupport_fastrtps_c/mako_nolang_interfaces/msg/detail/mako_server_message__type_support_c.cpp.o[0m
[14.605s] [ 72%] [32mBuilding CXX object CMakeFiles/mako_nolang_interfaces__rosidl_typesupport_fastrtps_c.dir/rosidl_typesupport_fastrtps_c/mako_nolang_interfaces/srv/detail/arduino_command__type_support_c.cpp.o[0m
[14.617s] [ 74%] [32mBuilding CXX object CMakeFiles/mako_nolang_interfaces__rosidl_typesupport_fastrtps_c.dir/rosidl_typesupport_fastrtps_c/mako_nolang_interfaces/srv/detail/led_control__type_support_c.cpp.o[0m
[15.160s] [ 76%] [32m[1mLinking CXX shared library libmako_nolang_interfaces__rosidl_typesupport_fastrtps_c.so[0m
[15.308s] [ 76%] Built target mako_nolang_interfaces__rosidl_typesupport_fastrtps_c
[15.349s] [ 76%] Built target mako_nolang_interfaces
[15.369s] [35m[1mScanning dependencies of target mako_nolang_interfaces__py[0m
[15.414s] [ 78%] Built target mako_nolang_interfaces__py
[15.473s] [35m[1mScanning dependencies of target mako_nolang_interfaces__python[0m
[15.512s] [ 80%] [32mBuilding C object CMakeFiles/mako_nolang_interfaces__python.dir/rosidl_generator_py/mako_nolang_interfaces/srv/_led_control_s.c.o[0m
[15.521s] [ 82%] [32mBuilding C object CMakeFiles/mako_nolang_interfaces__python.dir/rosidl_generator_py/mako_nolang_interfaces/msg/_mako_server_message_s.c.o[0m
[15.533s] [ 85%] [32mBuilding C object CMakeFiles/mako_nolang_interfaces__python.dir/rosidl_generator_py/mako_nolang_interfaces/srv/_arduino_command_s.c.o[0m
[15.973s] [ 87%] [32m[1mLinking C shared library rosidl_generator_py/mako_nolang_interfaces/libmako_nolang_interfaces__python.so[0m
[16.083s] [ 87%] Built target mako_nolang_interfaces__python
[16.126s] [35m[1mScanning dependencies of target mako_nolang_interfaces__rosidl_typesupport_c__pyext[0m
[16.139s] [35m[1mScanning dependencies of target mako_nolang_interfaces__rosidl_typesupport_fastrtps_c__pyext[0m
[16.141s] [35m[1mScanning dependencies of target mako_nolang_interfaces__rosidl_typesupport_introspection_c__pyext[0m
[16.206s] [ 89%] [32mBuilding C object CMakeFiles/mako_nolang_interfaces__rosidl_typesupport_introspection_c__pyext.dir/rosidl_generator_py/mako_nolang_interfaces/_mako_nolang_interfaces_s.ep.rosidl_typesupport_introspection_c.c.o[0m
[16.223s] [ 91%] [32mBuilding C object CMakeFiles/mako_nolang_interfaces__rosidl_typesupport_c__pyext.dir/rosidl_generator_py/mako_nolang_interfaces/_mako_nolang_interfaces_s.ep.rosidl_typesupport_c.c.o[0m
[16.239s] [ 93%] [32mBuilding C object CMakeFiles/mako_nolang_interfaces__rosidl_typesupport_fastrtps_c__pyext.dir/rosidl_generator_py/mako_nolang_interfaces/_mako_nolang_interfaces_s.ep.rosidl_typesupport_fastrtps_c.c.o[0m
[16.384s] [ 95%] [32m[1mLinking C shared library rosidl_generator_py/mako_nolang_interfaces/mako_nolang_interfaces_s__rosidl_typesupport_introspection_c.cpython-38-x86_64-linux-gnu.so[0m
[16.415s] [ 97%] [32m[1mLinking CXX shared library rosidl_generator_py/mako_nolang_interfaces/mako_nolang_interfaces_s__rosidl_typesupport_fastrtps_c.cpython-38-x86_64-linux-gnu.so[0m
[16.427s] [100%] [32m[1mLinking C shared library rosidl_generator_py/mako_nolang_interfaces/mako_nolang_interfaces_s__rosidl_typesupport_c.cpython-38-x86_64-linux-gnu.so[0m
[16.477s] [100%] Built target mako_nolang_interfaces__rosidl_typesupport_introspection_c__pyext
[16.518s] [100%] Built target mako_nolang_interfaces__rosidl_typesupport_c__pyext
[16.540s] [100%] Built target mako_nolang_interfaces__rosidl_typesupport_fastrtps_c__pyext
[16.574s] Invoked command in '/home/karim/mako_robot/mako_ws/build/mako_nolang_interfaces' returned '0': CMAKE_PREFIX_PATH=${CMAKE_PREFIX_PATH}:/home/karim/project_ws/install/ros_project_pkg_py_robot_driver:/home/karim/project_ws/install/dev_test_tools:/home/karim/ros2_ws/install/my_py_pkg:/home/karim/mako_robot/mako_ws/install/mako_py_serial_interface:/home/karim/mako_robot/mako_ws/install/mako_py_feedback_actuators:/home/karim/mako_robot/mako_ws/install/mako_py_brain:/home/karim/mako_robot/mako_ws/install/dev_test_tools:/opt/ros/foxy /usr/bin/cmake --build /home/karim/mako_robot/mako_ws/build/mako_nolang_interfaces -- -j6 -l6
[16.890s] Invoking command in '/home/karim/mako_robot/mako_ws/build/mako_nolang_interfaces': CMAKE_PREFIX_PATH=${CMAKE_PREFIX_PATH}:/home/karim/project_ws/install/ros_project_pkg_py_robot_driver:/home/karim/project_ws/install/dev_test_tools:/home/karim/ros2_ws/install/my_py_pkg:/home/karim/mako_robot/mako_ws/install/mako_py_serial_interface:/home/karim/mako_robot/mako_ws/install/mako_py_feedback_actuators:/home/karim/mako_robot/mako_ws/install/mako_py_brain:/home/karim/mako_robot/mako_ws/install/dev_test_tools:/opt/ros/foxy /usr/bin/cmake --install /home/karim/mako_robot/mako_ws/build/mako_nolang_interfaces
[16.908s] -- Install configuration: ""
[16.908s] -- Execute custom install script
[16.910s] -- Up-to-date symlink: /home/karim/mako_robot/mako_ws/install/mako_nolang_interfaces/share/ament_index/resource_index/rosidl_interfaces/mako_nolang_interfaces
[16.912s] -- Up-to-date symlink: /home/karim/mako_robot/mako_ws/install/mako_nolang_interfaces/include/mako_nolang_interfaces/msg/detail/mako_server_message__functions.h
[16.913s] -- Up-to-date symlink: /home/karim/mako_robot/mako_ws/install/mako_nolang_interfaces/include/mako_nolang_interfaces/msg/detail/mako_server_message__struct.h
[16.914s] -- Up-to-date symlink: /home/karim/mako_robot/mako_ws/install/mako_nolang_interfaces/include/mako_nolang_interfaces/msg/detail/mako_server_message__type_support.h
[16.915s] -- Up-to-date symlink: /home/karim/mako_robot/mako_ws/install/mako_nolang_interfaces/include/mako_nolang_interfaces/msg/mako_server_message.h
[16.917s] -- Up-to-date symlink: /home/karim/mako_robot/mako_ws/install/mako_nolang_interfaces/include/mako_nolang_interfaces/msg/rosidl_generator_c__visibility_control.h
[16.918s] -- Up-to-date symlink: /home/karim/mako_robot/mako_ws/install/mako_nolang_interfaces/include/mako_nolang_interfaces/srv/arduino_command.h
[16.920s] -- Up-to-date symlink: /home/karim/mako_robot/mako_ws/install/mako_nolang_interfaces/include/mako_nolang_interfaces/srv/detail/arduino_command__functions.h
[16.922s] -- Up-to-date symlink: /home/karim/mako_robot/mako_ws/install/mako_nolang_interfaces/include/mako_nolang_interfaces/srv/detail/arduino_command__struct.h
[16.923s] -- Up-to-date symlink: /home/karim/mako_robot/mako_ws/install/mako_nolang_interfaces/include/mako_nolang_interfaces/srv/detail/arduino_command__type_support.h
[16.924s] -- Up-to-date symlink: /home/karim/mako_robot/mako_ws/install/mako_nolang_interfaces/include/mako_nolang_interfaces/srv/detail/led_control__functions.h
[16.926s] -- Up-to-date symlink: /home/karim/mako_robot/mako_ws/install/mako_nolang_interfaces/include/mako_nolang_interfaces/srv/detail/led_control__struct.h
[16.927s] -- Up-to-date symlink: /home/karim/mako_robot/mako_ws/install/mako_nolang_interfaces/include/mako_nolang_interfaces/srv/detail/led_control__type_support.h
[16.929s] -- Up-to-date symlink: /home/karim/mako_robot/mako_ws/install/mako_nolang_interfaces/include/mako_nolang_interfaces/srv/led_control.h
[16.930s] -- Up-to-date symlink: /home/karim/mako_robot/mako_ws/install/mako_nolang_interfaces/share/mako_nolang_interfaces/environment/library_path.sh
[16.931s] -- Up-to-date symlink: /home/karim/mako_robot/mako_ws/install/mako_nolang_interfaces/share/mako_nolang_interfaces/environment/library_path.dsv
[16.940s] -- Up-to-date symlink: /home/karim/mako_robot/mako_ws/install/mako_nolang_interfaces/include/mako_nolang_interfaces/msg/detail/mako_server_message__rosidl_typesupport_fastrtps_c.h
[16.950s] -- Up-to-date symlink: /home/karim/mako_robot/mako_ws/install/mako_nolang_interfaces/include/mako_nolang_interfaces/msg/rosidl_typesupport_fastrtps_c__visibility_control.h
[16.952s] -- Up-to-date symlink: /home/karim/mako_robot/mako_ws/install/mako_nolang_interfaces/include/mako_nolang_interfaces/srv/detail/arduino_command__rosidl_typesupport_fastrtps_c.h
[16.954s] -- Up-to-date symlink: /home/karim/mako_robot/mako_ws/install/mako_nolang_interfaces/include/mako_nolang_interfaces/srv/detail/led_control__rosidl_typesupport_fastrtps_c.h
[16.955s] -- Up-to-date symlink: /home/karim/mako_robot/mako_ws/install/mako_nolang_interfaces/lib/libmako_nolang_interfaces__rosidl_typesupport_fastrtps_c.so
[16.957s] -- Up-to-date symlink: /home/karim/mako_robot/mako_ws/install/mako_nolang_interfaces/include/mako_nolang_interfaces/msg/detail/mako_server_message__rosidl_typesupport_fastrtps_cpp.hpp
[16.959s] -- Up-to-date symlink: /home/karim/mako_robot/mako_ws/install/mako_nolang_interfaces/include/mako_nolang_interfaces/msg/rosidl_typesupport_fastrtps_cpp__visibility_control.h
[16.960s] -- Up-to-date symlink: /home/karim/mako_robot/mako_ws/install/mako_nolang_interfaces/include/mako_nolang_interfaces/srv/detail/arduino_command__rosidl_typesupport_fastrtps_cpp.hpp
[16.964s] -- Up-to-date symlink: /home/karim/mako_robot/mako_ws/install/mako_nolang_interfaces/include/mako_nolang_interfaces/srv/detail/led_control__rosidl_typesupport_fastrtps_cpp.hpp
[16.965s] -- Up-to-date symlink: /home/karim/mako_robot/mako_ws/install/mako_nolang_interfaces/lib/libmako_nolang_interfaces__rosidl_typesupport_fastrtps_cpp.so
[16.966s] -- Up-to-date symlink: /home/karim/mako_robot/mako_ws/install/mako_nolang_interfaces/include/mako_nolang_interfaces/msg/detail/mako_server_message__rosidl_typesupport_introspection_c.h
[16.968s] -- Up-to-date symlink: /home/karim/mako_robot/mako_ws/install/mako_nolang_interfaces/include/mako_nolang_interfaces/msg/rosidl_typesupport_introspection_c__visibility_control.h
[16.971s] -- Up-to-date symlink: /home/karim/mako_robot/mako_ws/install/mako_nolang_interfaces/include/mako_nolang_interfaces/srv/detail/arduino_command__rosidl_typesupport_introspection_c.h
[16.973s] -- Up-to-date symlink: /home/karim/mako_robot/mako_ws/install/mako_nolang_interfaces/include/mako_nolang_interfaces/srv/detail/led_control__rosidl_typesupport_introspection_c.h
[16.975s] -- Up-to-date symlink: /home/karim/mako_robot/mako_ws/install/mako_nolang_interfaces/include/mako_nolang_interfaces/msg/detail/mako_server_message__builder.hpp
[16.976s] -- Up-to-date symlink: /home/karim/mako_robot/mako_ws/install/mako_nolang_interfaces/include/mako_nolang_interfaces/msg/detail/mako_server_message__struct.hpp
[16.978s] -- Up-to-date symlink: /home/karim/mako_robot/mako_ws/install/mako_nolang_interfaces/include/mako_nolang_interfaces/msg/detail/mako_server_message__traits.hpp
[16.979s] -- Up-to-date symlink: /home/karim/mako_robot/mako_ws/install/mako_nolang_interfaces/include/mako_nolang_interfaces/msg/mako_server_message.hpp
[16.981s] -- Up-to-date symlink: /home/karim/mako_robot/mako_ws/install/mako_nolang_interfaces/include/mako_nolang_interfaces/srv/arduino_command.hpp
[16.982s] -- Up-to-date symlink: /home/karim/mako_robot/mako_ws/install/mako_nolang_interfaces/include/mako_nolang_interfaces/srv/detail/arduino_command__builder.hpp
[16.983s] -- Up-to-date symlink: /home/karim/mako_robot/mako_ws/install/mako_nolang_interfaces/include/mako_nolang_interfaces/srv/detail/arduino_command__struct.hpp
[16.985s] -- Up-to-date symlink: /home/karim/mako_robot/mako_ws/install/mako_nolang_interfaces/include/mako_nolang_interfaces/srv/detail/arduino_command__traits.hpp
[16.987s] -- Up-to-date symlink: /home/karim/mako_robot/mako_ws/install/mako_nolang_interfaces/include/mako_nolang_interfaces/srv/detail/led_control__builder.hpp
[16.988s] -- Up-to-date symlink: /home/karim/mako_robot/mako_ws/install/mako_nolang_interfaces/include/mako_nolang_interfaces/srv/detail/led_control__struct.hpp
[16.990s] -- Up-to-date symlink: /home/karim/mako_robot/mako_ws/install/mako_nolang_interfaces/include/mako_nolang_interfaces/srv/detail/led_control__traits.hpp
[16.992s] -- Up-to-date symlink: /home/karim/mako_robot/mako_ws/install/mako_nolang_interfaces/include/mako_nolang_interfaces/srv/led_control.hpp
[16.994s] -- Up-to-date symlink: /home/karim/mako_robot/mako_ws/install/mako_nolang_interfaces/include/mako_nolang_interfaces/msg/detail/mako_server_message__rosidl_typesupport_introspection_cpp.hpp
[16.997s] -- Up-to-date symlink: /home/karim/mako_robot/mako_ws/install/mako_nolang_interfaces/include/mako_nolang_interfaces/srv/detail/arduino_command__rosidl_typesupport_introspection_cpp.hpp
[16.999s] -- Up-to-date symlink: /home/karim/mako_robot/mako_ws/install/mako_nolang_interfaces/include/mako_nolang_interfaces/srv/detail/led_control__rosidl_typesupport_introspection_cpp.hpp
[17.000s] -- Up-to-date symlink: /home/karim/mako_robot/mako_ws/install/mako_nolang_interfaces/share/mako_nolang_interfaces/environment/pythonpath.sh
[17.001s] -- Up-to-date symlink: /home/karim/mako_robot/mako_ws/install/mako_nolang_interfaces/share/mako_nolang_interfaces/environment/pythonpath.dsv
[17.002s] -- Up-to-date symlink: /home/karim/mako_robot/mako_ws/install/mako_nolang_interfaces/lib/python3.8/site-packages/mako_nolang_interfaces/__init__.py
[17.011s] -- Up-to-date symlink: /home/karim/mako_robot/mako_ws/install/mako_nolang_interfaces/lib/python3.8/site-packages/mako_nolang_interfaces/srv/__init__.py
[17.013s] -- Up-to-date symlink: /home/karim/mako_robot/mako_ws/install/mako_nolang_interfaces/lib/python3.8/site-packages/mako_nolang_interfaces/srv/_arduino_command.py
[17.015s] -- Up-to-date symlink: /home/karim/mako_robot/mako_ws/install/mako_nolang_interfaces/lib/python3.8/site-packages/mako_nolang_interfaces/srv/_led_control.py
[17.017s] -- Up-to-date symlink: /home/karim/mako_robot/mako_ws/install/mako_nolang_interfaces/lib/python3.8/site-packages/mako_nolang_interfaces/msg/__init__.py
[17.017s] -- Up-to-date symlink: /home/karim/mako_robot/mako_ws/install/mako_nolang_interfaces/lib/python3.8/site-packages/mako_nolang_interfaces/msg/_mako_server_message.py
[17.018s] -- Up-to-date symlink: /home/karim/mako_robot/mako_ws/install/mako_nolang_interfaces/lib/python3.8/site-packages/mako_nolang_interfaces/mako_nolang_interfaces_s__rosidl_typesupport_fastrtps_c.cpython-38-x86_64-linux-gnu.so
[17.018s] -- Up-to-date symlink: /home/karim/mako_robot/mako_ws/install/mako_nolang_interfaces/lib/python3.8/site-packages/mako_nolang_interfaces/mako_nolang_interfaces_s__rosidl_typesupport_introspection_c.cpython-38-x86_64-linux-gnu.so
[17.018s] -- Up-to-date symlink: /home/karim/mako_robot/mako_ws/install/mako_nolang_interfaces/lib/python3.8/site-packages/mako_nolang_interfaces/mako_nolang_interfaces_s__rosidl_typesupport_c.cpython-38-x86_64-linux-gnu.so
[17.028s] -- Up-to-date symlink: /home/karim/mako_robot/mako_ws/install/mako_nolang_interfaces/lib/libmako_nolang_interfaces__python.so
[17.030s] -- Up-to-date symlink: /home/karim/mako_robot/mako_ws/install/mako_nolang_interfaces/share/mako_nolang_interfaces/srv/LedControl.idl
[17.031s] -- Up-to-date symlink: /home/karim/mako_robot/mako_ws/install/mako_nolang_interfaces/share/mako_nolang_interfaces/srv/ArduinoCommand.idl
[17.033s] -- Up-to-date symlink: /home/karim/mako_robot/mako_ws/install/mako_nolang_interfaces/share/mako_nolang_interfaces/msg/MakoServerMessage.idl
[17.034s] -- Up-to-date symlink: /home/karim/mako_robot/mako_ws/install/mako_nolang_interfaces/share/mako_nolang_interfaces/srv/LedControl.srv
[17.035s] -- Up-to-date symlink: /home/karim/mako_robot/mako_ws/install/mako_nolang_interfaces/share/mako_nolang_interfaces/srv/LedControl_Request.msg
[17.036s] -- Up-to-date symlink: /home/karim/mako_robot/mako_ws/install/mako_nolang_interfaces/share/mako_nolang_interfaces/srv/LedControl_Response.msg
[17.038s] -- Up-to-date symlink: /home/karim/mako_robot/mako_ws/install/mako_nolang_interfaces/share/mako_nolang_interfaces/srv/ArduinoCommand.srv
[17.040s] -- Up-to-date symlink: /home/karim/mako_robot/mako_ws/install/mako_nolang_interfaces/share/mako_nolang_interfaces/srv/ArduinoCommand_Request.msg
[17.042s] -- Up-to-date symlink: /home/karim/mako_robot/mako_ws/install/mako_nolang_interfaces/share/mako_nolang_interfaces/srv/ArduinoCommand_Response.msg
[17.044s] -- Up-to-date symlink: /home/karim/mako_robot/mako_ws/install/mako_nolang_interfaces/share/mako_nolang_interfaces/msg/MakoServerMessage.msg
[17.045s] -- Up-to-date symlink: /home/karim/mako_robot/mako_ws/install/mako_nolang_interfaces/share/ament_index/resource_index/package_run_dependencies/mako_nolang_interfaces
[17.046s] -- Up-to-date symlink: /home/karim/mako_robot/mako_ws/install/mako_nolang_interfaces/share/ament_index/resource_index/parent_prefix_path/mako_nolang_interfaces
[17.048s] -- Up-to-date symlink: /home/karim/mako_robot/mako_ws/install/mako_nolang_interfaces/share/mako_nolang_interfaces/environment/ament_prefix_path.sh
[17.048s] -- Up-to-date symlink: /home/karim/mako_robot/mako_ws/install/mako_nolang_interfaces/share/mako_nolang_interfaces/environment/ament_prefix_path.dsv
[17.050s] -- Up-to-date symlink: /home/karim/mako_robot/mako_ws/install/mako_nolang_interfaces/share/mako_nolang_interfaces/environment/path.sh
[17.050s] -- Up-to-date symlink: /home/karim/mako_robot/mako_ws/install/mako_nolang_interfaces/share/mako_nolang_interfaces/environment/path.dsv
[17.051s] -- Up-to-date symlink: /home/karim/mako_robot/mako_ws/install/mako_nolang_interfaces/share/mako_nolang_interfaces/local_setup.bash
[17.053s] -- Up-to-date symlink: /home/karim/mako_robot/mako_ws/install/mako_nolang_interfaces/share/mako_nolang_interfaces/local_setup.sh
[17.055s] -- Up-to-date symlink: /home/karim/mako_robot/mako_ws/install/mako_nolang_interfaces/share/mako_nolang_interfaces/local_setup.zsh
[17.055s] -- Up-to-date symlink: /home/karim/mako_robot/mako_ws/install/mako_nolang_interfaces/share/mako_nolang_interfaces/local_setup.dsv
[17.055s] -- Symlinking: /home/karim/mako_robot/mako_ws/install/mako_nolang_interfaces/share/mako_nolang_interfaces/package.dsv
[17.078s] -- Up-to-date symlink: /home/karim/mako_robot/mako_ws/install/mako_nolang_interfaces/share/ament_index/resource_index/packages/mako_nolang_interfaces
[17.079s] -- Up-to-date symlink: /home/karim/mako_robot/mako_ws/install/mako_nolang_interfaces/share/mako_nolang_interfaces/cmake/rosidl_cmake-extras.cmake
[17.080s] -- Up-to-date symlink: /home/karim/mako_robot/mako_ws/install/mako_nolang_interfaces/share/mako_nolang_interfaces/cmake/ament_cmake_export_dependencies-extras.cmake
[17.082s] -- Up-to-date symlink: /home/karim/mako_robot/mako_ws/install/mako_nolang_interfaces/share/mako_nolang_interfaces/cmake/ament_cmake_export_libraries-extras.cmake
[17.083s] -- Up-to-date symlink: /home/karim/mako_robot/mako_ws/install/mako_nolang_interfaces/share/mako_nolang_interfaces/cmake/ament_cmake_export_targets-extras.cmake
[17.084s] -- Up-to-date symlink: /home/karim/mako_robot/mako_ws/install/mako_nolang_interfaces/share/mako_nolang_interfaces/cmake/ament_cmake_export_include_directories-extras.cmake
[17.086s] -- Up-to-date symlink: /home/karim/mako_robot/mako_ws/install/mako_nolang_interfaces/share/mako_nolang_interfaces/cmake/rosidl_cmake_export_typesupport_libraries-extras.cmake
[17.087s] -- Up-to-date symlink: /home/karim/mako_robot/mako_ws/install/mako_nolang_interfaces/share/mako_nolang_interfaces/cmake/rosidl_cmake_export_typesupport_targets-extras.cmake
[17.088s] -- Up-to-date symlink: /home/karim/mako_robot/mako_ws/install/mako_nolang_interfaces/share/mako_nolang_interfaces/cmake/mako_nolang_interfacesConfig.cmake
[17.089s] -- Up-to-date symlink: /home/karim/mako_robot/mako_ws/install/mako_nolang_interfaces/share/mako_nolang_interfaces/cmake/mako_nolang_interfacesConfig-version.cmake
[17.091s] -- Up-to-date symlink: /home/karim/mako_robot/mako_ws/install/mako_nolang_interfaces/share/mako_nolang_interfaces/package.xml
[17.094s] -- Installing: /home/karim/mako_robot/mako_ws/install/mako_nolang_interfaces/lib/libmako_nolang_interfaces__rosidl_generator_c.so
[17.095s] -- Set runtime path of "/home/karim/mako_robot/mako_ws/install/mako_nolang_interfaces/lib/libmako_nolang_interfaces__rosidl_generator_c.so" to ""
[17.098s] -- Installing: /home/karim/mako_robot/mako_ws/install/mako_nolang_interfaces/lib/libmako_nolang_interfaces__rosidl_typesupport_introspection_c.so
[17.098s] -- Set runtime path of "/home/karim/mako_robot/mako_ws/install/mako_nolang_interfaces/lib/libmako_nolang_interfaces__rosidl_typesupport_introspection_c.so" to ""
[17.108s] -- Installing: /home/karim/mako_robot/mako_ws/install/mako_nolang_interfaces/lib/libmako_nolang_interfaces__rosidl_typesupport_c.so
[17.109s] -- Set runtime path of "/home/karim/mako_robot/mako_ws/install/mako_nolang_interfaces/lib/libmako_nolang_interfaces__rosidl_typesupport_c.so" to ""
[17.117s] -- Installing: /home/karim/mako_robot/mako_ws/install/mako_nolang_interfaces/lib/libmako_nolang_interfaces__rosidl_typesupport_introspection_cpp.so
[17.118s] -- Set runtime path of "/home/karim/mako_robot/mako_ws/install/mako_nolang_interfaces/lib/libmako_nolang_interfaces__rosidl_typesupport_introspection_cpp.so" to ""
[17.122s] -- Installing: /home/karim/mako_robot/mako_ws/install/mako_nolang_interfaces/lib/libmako_nolang_interfaces__rosidl_typesupport_cpp.so
[17.122s] -- Set runtime path of "/home/karim/mako_robot/mako_ws/install/mako_nolang_interfaces/lib/libmako_nolang_interfaces__rosidl_typesupport_cpp.so" to ""
[17.189s] Compiling '/home/karim/mako_robot/mako_ws/install/mako_nolang_interfaces/lib/python3.8/site-packages/mako_nolang_interfaces/__init__.py'...
[17.204s] -- Up-to-date: /home/karim/mako_robot/mako_ws/install/mako_nolang_interfaces/share/mako_nolang_interfaces/cmake/mako_nolang_interfaces__rosidl_generator_cExport.cmake
[17.204s] -- Installing: /home/karim/mako_robot/mako_ws/install/mako_nolang_interfaces/share/mako_nolang_interfaces/cmake/mako_nolang_interfaces__rosidl_generator_cExport-noconfig.cmake
[17.204s] -- Up-to-date: /home/karim/mako_robot/mako_ws/install/mako_nolang_interfaces/share/mako_nolang_interfaces/cmake/mako_nolang_interfaces__rosidl_typesupport_introspection_cExport.cmake
[17.206s] -- Installing: /home/karim/mako_robot/mako_ws/install/mako_nolang_interfaces/share/mako_nolang_interfaces/cmake/mako_nolang_interfaces__rosidl_typesupport_introspection_cExport-noconfig.cmake
[17.207s] -- Up-to-date: /home/karim/mako_robot/mako_ws/install/mako_nolang_interfaces/share/mako_nolang_interfaces/cmake/mako_nolang_interfaces__rosidl_typesupport_cExport.cmake
[17.207s] -- Installing: /home/karim/mako_robot/mako_ws/install/mako_nolang_interfaces/share/mako_nolang_interfaces/cmake/mako_nolang_interfaces__rosidl_typesupport_cExport-noconfig.cmake
[17.208s] -- Up-to-date: /home/karim/mako_robot/mako_ws/install/mako_nolang_interfaces/share/mako_nolang_interfaces/cmake/mako_nolang_interfaces__rosidl_generator_cppExport.cmake
[17.209s] -- Up-to-date: /home/karim/mako_robot/mako_ws/install/mako_nolang_interfaces/share/mako_nolang_interfaces/cmake/mako_nolang_interfaces__rosidl_typesupport_introspection_cppExport.cmake
[17.210s] -- Installing: /home/karim/mako_robot/mako_ws/install/mako_nolang_interfaces/share/mako_nolang_interfaces/cmake/mako_nolang_interfaces__rosidl_typesupport_introspection_cppExport-noconfig.cmake
[17.210s] -- Up-to-date: /home/karim/mako_robot/mako_ws/install/mako_nolang_interfaces/share/mako_nolang_interfaces/cmake/mako_nolang_interfaces__rosidl_typesupport_cppExport.cmake
[17.210s] -- Installing: /home/karim/mako_robot/mako_ws/install/mako_nolang_interfaces/share/mako_nolang_interfaces/cmake/mako_nolang_interfaces__rosidl_typesupport_cppExport-noconfig.cmake
[17.221s] Invoked command in '/home/karim/mako_robot/mako_ws/build/mako_nolang_interfaces' returned '0': CMAKE_PREFIX_PATH=${CMAKE_PREFIX_PATH}:/home/karim/project_ws/install/ros_project_pkg_py_robot_driver:/home/karim/project_ws/install/dev_test_tools:/home/karim/ros2_ws/install/my_py_pkg:/home/karim/mako_robot/mako_ws/install/mako_py_serial_interface:/home/karim/mako_robot/mako_ws/install/mako_py_feedback_actuators:/home/karim/mako_robot/mako_ws/install/mako_py_brain:/home/karim/mako_robot/mako_ws/install/dev_test_tools:/opt/ros/foxy /usr/bin/cmake --install /home/karim/mako_robot/mako_ws/build/mako_nolang_interfaces
