[0.084s] Invoking command in '/home/abdelrahman/Documents/GitHub/mako_robot/mako_ws/build/rplidar_ros': CMAKE_PREFIX_PATH=${CMAKE_PREFIX_PATH}:/home/abdelrahman/Documents/GitHub/mako_robot/mako_ws/install/mako_py_serial_interface:/home/abdelrahman/Documents/GitHub/mako_robot/mako_ws/install/mako_py_feedback_actuators:/home/abdelrahman/Documents/GitHub/mako_robot/mako_ws/install/mako_py_brain:/home/abdelrahman/Documents/GitHub/mako_robot/mako_ws/install/dev_test_tools:/home/abdelrahman/ros2_ws/install/test_lidar_pkg:/home/abdelrahman/ros2_ws/install/my_py_pkg:/opt/ros/foxy /usr/bin/cmake --build /home/abdelrahman/Documents/GitHub/mako_robot/mako_ws/build/rplidar_ros -- -j3 -l3
[0.363s] [ 38%] Built target rplidar_composition_node
[0.376s] [ 50%] Built target rplidarNodeClient
[0.450s] [ 88%] Built target rplidarNode
[0.466s] [100%] Built target rplidar_composition
[0.497s] Invoked command in '/home/abdelrahman/Documents/GitHub/mako_robot/mako_ws/build/rplidar_ros' returned '0': CMAKE_PREFIX_PATH=${CMAKE_PREFIX_PATH}:/home/abdelrahman/Documents/GitHub/mako_robot/mako_ws/install/mako_py_serial_interface:/home/abdelrahman/Documents/GitHub/mako_robot/mako_ws/install/mako_py_feedback_actuators:/home/abdelrahman/Documents/GitHub/mako_robot/mako_ws/install/mako_py_brain:/home/abdelrahman/Documents/GitHub/mako_robot/mako_ws/install/dev_test_tools:/home/abdelrahman/ros2_ws/install/test_lidar_pkg:/home/abdelrahman/ros2_ws/install/my_py_pkg:/opt/ros/foxy /usr/bin/cmake --build /home/abdelrahman/Documents/GitHub/mako_robot/mako_ws/build/rplidar_ros -- -j3 -l3
[0.635s] Invoking command in '/home/abdelrahman/Documents/GitHub/mako_robot/mako_ws/build/rplidar_ros': CMAKE_PREFIX_PATH=${CMAKE_PREFIX_PATH}:/home/abdelrahman/Documents/GitHub/mako_robot/mako_ws/install/mako_py_serial_interface:/home/abdelrahman/Documents/GitHub/mako_robot/mako_ws/install/mako_py_feedback_actuators:/home/abdelrahman/Documents/GitHub/mako_robot/mako_ws/install/mako_py_brain:/home/abdelrahman/Documents/GitHub/mako_robot/mako_ws/install/dev_test_tools:/home/abdelrahman/ros2_ws/install/test_lidar_pkg:/home/abdelrahman/ros2_ws/install/my_py_pkg:/opt/ros/foxy /usr/bin/cmake --install /home/abdelrahman/Documents/GitHub/mako_robot/mako_ws/build/rplidar_ros
[0.659s] -- Install configuration: ""
[0.659s] -- Up-to-date: /home/abdelrahman/Documents/GitHub/mako_robot/mako_ws/install/rplidar_ros/lib/rplidar_ros/rplidarNode
[0.661s] -- Up-to-date: /home/abdelrahman/Documents/GitHub/mako_robot/mako_ws/install/rplidar_ros/lib/rplidar_ros/rplidarNodeClient
[0.662s] -- Up-to-date: /home/abdelrahman/Documents/GitHub/mako_robot/mako_ws/install/rplidar_ros/lib/rplidar_ros/rplidar_composition
[0.663s] -- Up-to-date: /home/abdelrahman/Documents/GitHub/mako_robot/mako_ws/install/rplidar_ros/share/rplidar_ros/launch
[0.664s] -- Up-to-date: /home/abdelrahman/Documents/GitHub/mako_robot/mako_ws/install/rplidar_ros/share/rplidar_ros/launch/view_rplidar_s1.launch.py
[0.664s] -- Up-to-date: /home/abdelrahman/Documents/GitHub/mako_robot/mako_ws/install/rplidar_ros/share/rplidar_ros/launch/rplidar.launch.py
[0.664s] -- Up-to-date: /home/abdelrahman/Documents/GitHub/mako_robot/mako_ws/install/rplidar_ros/share/rplidar_ros/launch/rplidar_s1_tcp.launch.py
[0.665s] -- Up-to-date: /home/abdelrahman/Documents/GitHub/mako_robot/mako_ws/install/rplidar_ros/share/rplidar_ros/launch/test_rplidar_a3.launch.py
[0.665s] -- Up-to-date: /home/abdelrahman/Documents/GitHub/mako_robot/mako_ws/install/rplidar_ros/share/rplidar_ros/launch/test_rplidar.launch.py
[0.665s] -- Up-to-date: /home/abdelrahman/Documents/GitHub/mako_robot/mako_ws/install/rplidar_ros/share/rplidar_ros/launch/view_rplidar.launch.py
[0.666s] -- Up-to-date: /home/abdelrahman/Documents/GitHub/mako_robot/mako_ws/install/rplidar_ros/share/rplidar_ros/launch/rplidar_s1.launch.py
[0.666s] -- Up-to-date: /home/abdelrahman/Documents/GitHub/mako_robot/mako_ws/install/rplidar_ros/share/rplidar_ros/launch/rplidar_a3.launch.py
[0.666s] -- Up-to-date: /home/abdelrahman/Documents/GitHub/mako_robot/mako_ws/install/rplidar_ros/share/rplidar_ros/launch/view_rplidar_a3.launch.py
[0.666s] -- Up-to-date: /home/abdelrahman/Documents/GitHub/mako_robot/mako_ws/install/rplidar_ros/share/rplidar_ros/launch/view_rplidar_s1_tcp.launch.py
[0.667s] -- Up-to-date: /home/abdelrahman/Documents/GitHub/mako_robot/mako_ws/install/rplidar_ros/share/rplidar_ros/rviz
[0.667s] -- Up-to-date: /home/abdelrahman/Documents/GitHub/mako_robot/mako_ws/install/rplidar_ros/share/rplidar_ros/rviz/rplidar.rviz
[0.667s] -- Up-to-date: /home/abdelrahman/Documents/GitHub/mako_robot/mako_ws/install/rplidar_ros/lib/librplidar_composition_node.so
[0.668s] -- Up-to-date: /home/abdelrahman/Documents/GitHub/mako_robot/mako_ws/install/rplidar_ros/include
[0.668s] -- Up-to-date: /home/abdelrahman/Documents/GitHub/mako_robot/mako_ws/install/rplidar_ros/include/rplidar_node.hpp
[0.668s] -- Up-to-date: /home/abdelrahman/Documents/GitHub/mako_robot/mako_ws/install/rplidar_ros/include/visibility.h
[0.669s] -- Up-to-date: /home/abdelrahman/Documents/GitHub/mako_robot/mako_ws/install/rplidar_ros/lib/rplidar_ros/rplidarNode
[0.669s] -- Up-to-date: /home/abdelrahman/Documents/GitHub/mako_robot/mako_ws/install/rplidar_ros/lib/rplidar_ros/rplidarNodeClient
[0.669s] -- Up-to-date: /home/abdelrahman/Documents/GitHub/mako_robot/mako_ws/install/rplidar_ros/lib/rplidar_ros/rplidar_composition
[0.676s] -- Up-to-date: /home/abdelrahman/Documents/GitHub/mako_robot/mako_ws/install/rplidar_ros/share/ament_index/resource_index/package_run_dependencies/rplidar_ros
[0.678s] -- Up-to-date: /home/abdelrahman/Documents/GitHub/mako_robot/mako_ws/install/rplidar_ros/share/ament_index/resource_index/parent_prefix_path/rplidar_ros
[0.678s] -- Up-to-date: /home/abdelrahman/Documents/GitHub/mako_robot/mako_ws/install/rplidar_ros/share/rplidar_ros/environment/ament_prefix_path.dsv
[0.684s] -- Up-to-date: /home/abdelrahman/Documents/GitHub/mako_robot/mako_ws/install/rplidar_ros/share/rplidar_ros/environment/path.dsv
[0.684s] -- Up-to-date: /home/abdelrahman/Documents/GitHub/mako_robot/mako_ws/install/rplidar_ros/share/rplidar_ros/local_setup.bash
[0.684s] -- Up-to-date: /home/abdelrahman/Documents/GitHub/mako_robot/mako_ws/install/rplidar_ros/share/rplidar_ros/local_setup.sh
[0.684s] -- Up-to-date: /home/abdelrahman/Documents/GitHub/mako_robot/mako_ws/install/rplidar_ros/share/rplidar_ros/local_setup.zsh
[0.685s] -- Up-to-date: /home/abdelrahman/Documents/GitHub/mako_robot/mako_ws/install/rplidar_ros/share/rplidar_ros/local_setup.dsv
[0.685s] -- Installing: /home/abdelrahman/Documents/GitHub/mako_robot/mako_ws/install/rplidar_ros/share/rplidar_ros/package.dsv
[0.685s] -- Up-to-date: /home/abdelrahman/Documents/GitHub/mako_robot/mako_ws/install/rplidar_ros/share/ament_index/resource_index/packages/rplidar_ros
[0.685s] -- Up-to-date: /home/abdelrahman/Documents/GitHub/mako_robot/mako_ws/install/rplidar_ros/share/rplidar_ros/cmake/ament_cmake_export_dependencies-extras.cmake
[0.686s] -- Up-to-date: /home/abdelrahman/Documents/GitHub/mako_robot/mako_ws/install/rplidar_ros/share/rplidar_ros/cmake/ament_cmake_export_include_directories-extras.cmake
[0.686s] -- Up-to-date: /home/abdelrahman/Documents/GitHub/mako_robot/mako_ws/install/rplidar_ros/share/rplidar_ros/cmake/rplidar_rosConfig.cmake
[0.686s] -- Up-to-date: /home/abdelrahman/Documents/GitHub/mako_robot/mako_ws/install/rplidar_ros/share/rplidar_ros/cmake/rplidar_rosConfig-version.cmake
[0.687s] -- Up-to-date: /home/abdelrahman/Documents/GitHub/mako_robot/mako_ws/install/rplidar_ros/share/rplidar_ros/package.xml
[0.688s] Invoked command in '/home/abdelrahman/Documents/GitHub/mako_robot/mako_ws/build/rplidar_ros' returned '0': CMAKE_PREFIX_PATH=${CMAKE_PREFIX_PATH}:/home/abdelrahman/Documents/GitHub/mako_robot/mako_ws/install/mako_py_serial_interface:/home/abdelrahman/Documents/GitHub/mako_robot/mako_ws/install/mako_py_feedback_actuators:/home/abdelrahman/Documents/GitHub/mako_robot/mako_ws/install/mako_py_brain:/home/abdelrahman/Documents/GitHub/mako_robot/mako_ws/install/dev_test_tools:/home/abdelrahman/ros2_ws/install/test_lidar_pkg:/home/abdelrahman/ros2_ws/install/my_py_pkg:/opt/ros/foxy /usr/bin/cmake --install /home/abdelrahman/Documents/GitHub/mako_robot/mako_ws/build/rplidar_ros
