[0.044s] Invoking command in '/home/abdelrahman/Documents/GitHub/mako_robot/mako_ws/build/mako_nolang_launch': AMENT_PREFIX_PATH=/home/abdelrahman/Documents/GitHub/mako_robot/mako_ws/install/mako_py_serial_interface:/home/abdelrahman/Documents/GitHub/mako_robot/mako_ws/install/mako_py_feedback_actuators:/home/abdelrahman/Documents/GitHub/mako_robot/mako_ws/install/mako_py_brain:/home/abdelrahman/Documents/GitHub/mako_robot/mako_ws/install/mako_nolang_interfaces:${AMENT_PREFIX_PATH} CMAKE_PREFIX_PATH=/home/abdelrahman/Documents/GitHub/mako_robot/mako_ws/install/mako_nolang_interfaces:/home/abdelrahman/ros2_ws/install/my_robot_interface:/home/abdelrahman/ros2_ws/install/test_lidar_pkg:/home/abdelrahman/ros2_ws/install/my_py_pkg:/opt/ros/foxy LD_LIBRARY_PATH=/home/abdelrahman/Documents/GitHub/mako_robot/mako_ws/install/mako_nolang_interfaces/lib:${LD_LIBRARY_PATH} PYTHONPATH=/home/abdelrahman/Documents/GitHub/mako_robot/mako_ws/install/mako_py_serial_interface/lib/python3.8/site-packages:/home/abdelrahman/Documents/GitHub/mako_robot/mako_ws/install/mako_py_feedback_actuators/lib/python3.8/site-packages:/home/abdelrahman/Documents/GitHub/mako_robot/mako_ws/install/mako_py_brain/lib/python3.8/site-packages:/home/abdelrahman/Documents/GitHub/mako_robot/mako_ws/install/mako_nolang_interfaces/lib/python3.8/site-packages:${PYTHONPATH} /usr/bin/cmake /home/abdelrahman/Documents/GitHub/mako_robot/mako_ws/src/mako_nolang_launch -DCMAKE_INSTALL_PREFIX=/home/abdelrahman/Documents/GitHub/mako_robot/mako_ws/install/mako_nolang_launch
[0.213s] -- The C compiler identification is GNU 9.3.0
[0.319s] -- The CXX compiler identification is GNU 9.3.0
[0.336s] -- Check for working C compiler: /usr/bin/cc
[0.551s] -- Check for working C compiler: /usr/bin/cc -- works
[0.552s] -- Detecting C compiler ABI info
[0.684s] -- Detecting C compiler ABI info - done
[0.713s] -- Detecting C compile features
[0.715s] -- Detecting C compile features - done
[0.718s] -- Check for working CXX compiler: /usr/bin/c++
[0.868s] -- Check for working CXX compiler: /usr/bin/c++ -- works
[0.868s] -- Detecting CXX compiler ABI info
[1.033s] -- Detecting CXX compiler ABI info - done
[1.072s] -- Detecting CXX compile features
[1.073s] -- Detecting CXX compile features - done
[1.076s] -- Found ament_cmake: 0.9.8 (/opt/ros/foxy/share/ament_cmake/cmake)
[1.145s] -- Found PythonInterp: /usr/bin/python3 (found suitable version "3.8.5", minimum required is "3") 
[1.145s] -- Using PYTHON_EXECUTABLE: /usr/bin/python3
[1.793s] -- Configuring done
[1.801s] -- Generating done
[1.805s] -- Build files have been written to: /home/abdelrahman/Documents/GitHub/mako_robot/mako_ws/build/mako_nolang_launch
[1.831s] Invoked command in '/home/abdelrahman/Documents/GitHub/mako_robot/mako_ws/build/mako_nolang_launch' returned '0': AMENT_PREFIX_PATH=/home/abdelrahman/Documents/GitHub/mako_robot/mako_ws/install/mako_py_serial_interface:/home/abdelrahman/Documents/GitHub/mako_robot/mako_ws/install/mako_py_feedback_actuators:/home/abdelrahman/Documents/GitHub/mako_robot/mako_ws/install/mako_py_brain:/home/abdelrahman/Documents/GitHub/mako_robot/mako_ws/install/mako_nolang_interfaces:${AMENT_PREFIX_PATH} CMAKE_PREFIX_PATH=/home/abdelrahman/Documents/GitHub/mako_robot/mako_ws/install/mako_nolang_interfaces:/home/abdelrahman/ros2_ws/install/my_robot_interface:/home/abdelrahman/ros2_ws/install/test_lidar_pkg:/home/abdelrahman/ros2_ws/install/my_py_pkg:/opt/ros/foxy LD_LIBRARY_PATH=/home/abdelrahman/Documents/GitHub/mako_robot/mako_ws/install/mako_nolang_interfaces/lib:${LD_LIBRARY_PATH} PYTHONPATH=/home/abdelrahman/Documents/GitHub/mako_robot/mako_ws/install/mako_py_serial_interface/lib/python3.8/site-packages:/home/abdelrahman/Documents/GitHub/mako_robot/mako_ws/install/mako_py_feedback_actuators/lib/python3.8/site-packages:/home/abdelrahman/Documents/GitHub/mako_robot/mako_ws/install/mako_py_brain/lib/python3.8/site-packages:/home/abdelrahman/Documents/GitHub/mako_robot/mako_ws/install/mako_nolang_interfaces/lib/python3.8/site-packages:${PYTHONPATH} /usr/bin/cmake /home/abdelrahman/Documents/GitHub/mako_robot/mako_ws/src/mako_nolang_launch -DCMAKE_INSTALL_PREFIX=/home/abdelrahman/Documents/GitHub/mako_robot/mako_ws/install/mako_nolang_launch
[1.834s] Invoking command in '/home/abdelrahman/Documents/GitHub/mako_robot/mako_ws/build/mako_nolang_launch': AMENT_PREFIX_PATH=/home/abdelrahman/Documents/GitHub/mako_robot/mako_ws/install/mako_py_serial_interface:/home/abdelrahman/Documents/GitHub/mako_robot/mako_ws/install/mako_py_feedback_actuators:/home/abdelrahman/Documents/GitHub/mako_robot/mako_ws/install/mako_py_brain:/home/abdelrahman/Documents/GitHub/mako_robot/mako_ws/install/mako_nolang_interfaces:${AMENT_PREFIX_PATH} CMAKE_PREFIX_PATH=/home/abdelrahman/Documents/GitHub/mako_robot/mako_ws/install/mako_nolang_interfaces:/home/abdelrahman/ros2_ws/install/my_robot_interface:/home/abdelrahman/ros2_ws/install/test_lidar_pkg:/home/abdelrahman/ros2_ws/install/my_py_pkg:/opt/ros/foxy LD_LIBRARY_PATH=/home/abdelrahman/Documents/GitHub/mako_robot/mako_ws/install/mako_nolang_interfaces/lib:${LD_LIBRARY_PATH} PYTHONPATH=/home/abdelrahman/Documents/GitHub/mako_robot/mako_ws/install/mako_py_serial_interface/lib/python3.8/site-packages:/home/abdelrahman/Documents/GitHub/mako_robot/mako_ws/install/mako_py_feedback_actuators/lib/python3.8/site-packages:/home/abdelrahman/Documents/GitHub/mako_robot/mako_ws/install/mako_py_brain/lib/python3.8/site-packages:/home/abdelrahman/Documents/GitHub/mako_robot/mako_ws/install/mako_nolang_interfaces/lib/python3.8/site-packages:${PYTHONPATH} /usr/bin/cmake --build /home/abdelrahman/Documents/GitHub/mako_robot/mako_ws/build/mako_nolang_launch -- -j3 -l3
[1.925s] Invoked command in '/home/abdelrahman/Documents/GitHub/mako_robot/mako_ws/build/mako_nolang_launch' returned '0': AMENT_PREFIX_PATH=/home/abdelrahman/Documents/GitHub/mako_robot/mako_ws/install/mako_py_serial_interface:/home/abdelrahman/Documents/GitHub/mako_robot/mako_ws/install/mako_py_feedback_actuators:/home/abdelrahman/Documents/GitHub/mako_robot/mako_ws/install/mako_py_brain:/home/abdelrahman/Documents/GitHub/mako_robot/mako_ws/install/mako_nolang_interfaces:${AMENT_PREFIX_PATH} CMAKE_PREFIX_PATH=/home/abdelrahman/Documents/GitHub/mako_robot/mako_ws/install/mako_nolang_interfaces:/home/abdelrahman/ros2_ws/install/my_robot_interface:/home/abdelrahman/ros2_ws/install/test_lidar_pkg:/home/abdelrahman/ros2_ws/install/my_py_pkg:/opt/ros/foxy LD_LIBRARY_PATH=/home/abdelrahman/Documents/GitHub/mako_robot/mako_ws/install/mako_nolang_interfaces/lib:${LD_LIBRARY_PATH} PYTHONPATH=/home/abdelrahman/Documents/GitHub/mako_robot/mako_ws/install/mako_py_serial_interface/lib/python3.8/site-packages:/home/abdelrahman/Documents/GitHub/mako_robot/mako_ws/install/mako_py_feedback_actuators/lib/python3.8/site-packages:/home/abdelrahman/Documents/GitHub/mako_robot/mako_ws/install/mako_py_brain/lib/python3.8/site-packages:/home/abdelrahman/Documents/GitHub/mako_robot/mako_ws/install/mako_nolang_interfaces/lib/python3.8/site-packages:${PYTHONPATH} /usr/bin/cmake --build /home/abdelrahman/Documents/GitHub/mako_robot/mako_ws/build/mako_nolang_launch -- -j3 -l3
[1.991s] Invoking command in '/home/abdelrahman/Documents/GitHub/mako_robot/mako_ws/build/mako_nolang_launch': AMENT_PREFIX_PATH=/home/abdelrahman/Documents/GitHub/mako_robot/mako_ws/install/mako_py_serial_interface:/home/abdelrahman/Documents/GitHub/mako_robot/mako_ws/install/mako_py_feedback_actuators:/home/abdelrahman/Documents/GitHub/mako_robot/mako_ws/install/mako_py_brain:/home/abdelrahman/Documents/GitHub/mako_robot/mako_ws/install/mako_nolang_interfaces:${AMENT_PREFIX_PATH} CMAKE_PREFIX_PATH=/home/abdelrahman/Documents/GitHub/mako_robot/mako_ws/install/mako_nolang_interfaces:/home/abdelrahman/ros2_ws/install/my_robot_interface:/home/abdelrahman/ros2_ws/install/test_lidar_pkg:/home/abdelrahman/ros2_ws/install/my_py_pkg:/opt/ros/foxy LD_LIBRARY_PATH=/home/abdelrahman/Documents/GitHub/mako_robot/mako_ws/install/mako_nolang_interfaces/lib:${LD_LIBRARY_PATH} PYTHONPATH=/home/abdelrahman/Documents/GitHub/mako_robot/mako_ws/install/mako_py_serial_interface/lib/python3.8/site-packages:/home/abdelrahman/Documents/GitHub/mako_robot/mako_ws/install/mako_py_feedback_actuators/lib/python3.8/site-packages:/home/abdelrahman/Documents/GitHub/mako_robot/mako_ws/install/mako_py_brain/lib/python3.8/site-packages:/home/abdelrahman/Documents/GitHub/mako_robot/mako_ws/install/mako_nolang_interfaces/lib/python3.8/site-packages:${PYTHONPATH} /usr/bin/cmake --install /home/abdelrahman/Documents/GitHub/mako_robot/mako_ws/build/mako_nolang_launch
[2.014s] -- Install configuration: ""
[2.015s] -- Up-to-date: /home/abdelrahman/Documents/GitHub/mako_robot/mako_ws/install/mako_nolang_launch/share/mako_nolang_launch/launch
[2.015s] -- Installing: /home/abdelrahman/Documents/GitHub/mako_robot/mako_ws/install/mako_nolang_launch/share/mako_nolang_launch/launch/mako_launch.launch.py
[2.017s] -- Installing: /home/abdelrahman/Documents/GitHub/mako_robot/mako_ws/install/mako_nolang_launch/share/ament_index/resource_index/package_run_dependencies/mako_nolang_launch
[2.018s] -- Installing: /home/abdelrahman/Documents/GitHub/mako_robot/mako_ws/install/mako_nolang_launch/share/ament_index/resource_index/parent_prefix_path/mako_nolang_launch
[2.018s] -- Installing: /home/abdelrahman/Documents/GitHub/mako_robot/mako_ws/install/mako_nolang_launch/share/mako_nolang_launch/environment/ament_prefix_path.dsv
[2.019s] -- Installing: /home/abdelrahman/Documents/GitHub/mako_robot/mako_ws/install/mako_nolang_launch/share/mako_nolang_launch/environment/path.dsv
[2.020s] -- Installing: /home/abdelrahman/Documents/GitHub/mako_robot/mako_ws/install/mako_nolang_launch/share/mako_nolang_launch/local_setup.bash
[2.021s] -- Installing: /home/abdelrahman/Documents/GitHub/mako_robot/mako_ws/install/mako_nolang_launch/share/mako_nolang_launch/local_setup.sh
[2.022s] -- Installing: /home/abdelrahman/Documents/GitHub/mako_robot/mako_ws/install/mako_nolang_launch/share/mako_nolang_launch/local_setup.zsh
[2.023s] -- Installing: /home/abdelrahman/Documents/GitHub/mako_robot/mako_ws/install/mako_nolang_launch/share/mako_nolang_launch/local_setup.dsv
[2.024s] -- Installing: /home/abdelrahman/Documents/GitHub/mako_robot/mako_ws/install/mako_nolang_launch/share/mako_nolang_launch/package.dsv
[2.025s] -- Installing: /home/abdelrahman/Documents/GitHub/mako_robot/mako_ws/install/mako_nolang_launch/share/ament_index/resource_index/packages/mako_nolang_launch
[2.026s] -- Installing: /home/abdelrahman/Documents/GitHub/mako_robot/mako_ws/install/mako_nolang_launch/share/mako_nolang_launch/cmake/mako_nolang_launchConfig.cmake
[2.027s] -- Installing: /home/abdelrahman/Documents/GitHub/mako_robot/mako_ws/install/mako_nolang_launch/share/mako_nolang_launch/cmake/mako_nolang_launchConfig-version.cmake
[2.027s] -- Installing: /home/abdelrahman/Documents/GitHub/mako_robot/mako_ws/install/mako_nolang_launch/share/mako_nolang_launch/package.xml
[2.039s] Invoked command in '/home/abdelrahman/Documents/GitHub/mako_robot/mako_ws/build/mako_nolang_launch' returned '0': AMENT_PREFIX_PATH=/home/abdelrahman/Documents/GitHub/mako_robot/mako_ws/install/mako_py_serial_interface:/home/abdelrahman/Documents/GitHub/mako_robot/mako_ws/install/mako_py_feedback_actuators:/home/abdelrahman/Documents/GitHub/mako_robot/mako_ws/install/mako_py_brain:/home/abdelrahman/Documents/GitHub/mako_robot/mako_ws/install/mako_nolang_interfaces:${AMENT_PREFIX_PATH} CMAKE_PREFIX_PATH=/home/abdelrahman/Documents/GitHub/mako_robot/mako_ws/install/mako_nolang_interfaces:/home/abdelrahman/ros2_ws/install/my_robot_interface:/home/abdelrahman/ros2_ws/install/test_lidar_pkg:/home/abdelrahman/ros2_ws/install/my_py_pkg:/opt/ros/foxy LD_LIBRARY_PATH=/home/abdelrahman/Documents/GitHub/mako_robot/mako_ws/install/mako_nolang_interfaces/lib:${LD_LIBRARY_PATH} PYTHONPATH=/home/abdelrahman/Documents/GitHub/mako_robot/mako_ws/install/mako_py_serial_interface/lib/python3.8/site-packages:/home/abdelrahman/Documents/GitHub/mako_robot/mako_ws/install/mako_py_feedback_actuators/lib/python3.8/site-packages:/home/abdelrahman/Documents/GitHub/mako_robot/mako_ws/install/mako_py_brain/lib/python3.8/site-packages:/home/abdelrahman/Documents/GitHub/mako_robot/mako_ws/install/mako_nolang_interfaces/lib/python3.8/site-packages:${PYTHONPATH} /usr/bin/cmake --install /home/abdelrahman/Documents/GitHub/mako_robot/mako_ws/build/mako_nolang_launch
