[0.066s] Invoking command in '/home/karim/mako_robot/mako_ws/build/mako_nolang_interfaces': CMAKE_PREFIX_PATH=${CMAKE_PREFIX_PATH}:/home/karim/project_ws/install/ros_project_pkg_py_robot_driver:/home/karim/project_ws/install/dev_test_tools:/home/karim/ros2_ws/install/my_py_pkg:/home/karim/mako_robot/mako_ws/install/mako_py_serial_interface:/home/karim/mako_robot/mako_ws/install/mako_py_feedback_actuators:/home/karim/mako_robot/mako_ws/install/mako_py_brain:/home/karim/mako_robot/mako_ws/install/dev_test_tools:/opt/ros/foxy /usr/bin/cmake --build /home/karim/mako_robot/mako_ws/build/mako_nolang_interfaces -- -j6 -l6
[0.416s] [  1%] Built target mako_nolang_interfaces__cpp
[0.416s] [ 12%] Built target mako_nolang_interfaces__rosidl_generator_c
[0.417s] [ 34%] Built target mako_nolang_interfaces__rosidl_typesupport_cpp
[0.420s] [ 34%] Built target mako_nolang_interfaces__rosidl_typesupport_introspection_cpp
[0.420s] [ 47%] Built target mako_nolang_interfaces__rosidl_typesupport_c
[0.428s] [ 57%] Built target mako_nolang_interfaces__rosidl_typesupport_introspection_c
[0.429s] [ 68%] Built target mako_nolang_interfaces__rosidl_typesupport_fastrtps_cpp
[0.429s] [ 79%] Built target mako_nolang_interfaces__rosidl_typesupport_fastrtps_c
[0.430s] [ 79%] Built target mako_nolang_interfaces
[0.430s] [ 80%] Built target mako_nolang_interfaces__py
[0.430s] [ 90%] Built target mako_nolang_interfaces__python
[0.437s] [ 93%] Built target mako_nolang_interfaces__rosidl_typesupport_c__pyext
[0.439s] [ 96%] Built target mako_nolang_interfaces__rosidl_typesupport_introspection_c__pyext
[0.445s] [100%] Built target mako_nolang_interfaces__rosidl_typesupport_fastrtps_c__pyext
[0.463s] Invoked command in '/home/karim/mako_robot/mako_ws/build/mako_nolang_interfaces' returned '0': CMAKE_PREFIX_PATH=${CMAKE_PREFIX_PATH}:/home/karim/project_ws/install/ros_project_pkg_py_robot_driver:/home/karim/project_ws/install/dev_test_tools:/home/karim/ros2_ws/install/my_py_pkg:/home/karim/mako_robot/mako_ws/install/mako_py_serial_interface:/home/karim/mako_robot/mako_ws/install/mako_py_feedback_actuators:/home/karim/mako_robot/mako_ws/install/mako_py_brain:/home/karim/mako_robot/mako_ws/install/dev_test_tools:/opt/ros/foxy /usr/bin/cmake --build /home/karim/mako_robot/mako_ws/build/mako_nolang_interfaces -- -j6 -l6
[0.784s] Invoking command in '/home/karim/mako_robot/mako_ws/build/mako_nolang_interfaces': CMAKE_PREFIX_PATH=${CMAKE_PREFIX_PATH}:/home/karim/project_ws/install/ros_project_pkg_py_robot_driver:/home/karim/project_ws/install/dev_test_tools:/home/karim/ros2_ws/install/my_py_pkg:/home/karim/mako_robot/mako_ws/install/mako_py_serial_interface:/home/karim/mako_robot/mako_ws/install/mako_py_feedback_actuators:/home/karim/mako_robot/mako_ws/install/mako_py_brain:/home/karim/mako_robot/mako_ws/install/dev_test_tools:/opt/ros/foxy /usr/bin/cmake --install /home/karim/mako_robot/mako_ws/build/mako_nolang_interfaces
[0.794s] -- Install configuration: ""
[0.818s] -- Execute custom install script
[0.819s] -- Up-to-date symlink: /home/karim/mako_robot/mako_ws/install/mako_nolang_interfaces/share/ament_index/resource_index/rosidl_interfaces/mako_nolang_interfaces
[0.820s] -- Up-to-date symlink: /home/karim/mako_robot/mako_ws/install/mako_nolang_interfaces/include/mako_nolang_interfaces/msg/detail/mako_server_message__functions.h
[0.821s] -- Up-to-date symlink: /home/karim/mako_robot/mako_ws/install/mako_nolang_interfaces/include/mako_nolang_interfaces/msg/detail/mako_server_message__struct.h
[0.822s] -- Up-to-date symlink: /home/karim/mako_robot/mako_ws/install/mako_nolang_interfaces/include/mako_nolang_interfaces/msg/detail/mako_server_message__type_support.h
[0.822s] -- Up-to-date symlink: /home/karim/mako_robot/mako_ws/install/mako_nolang_interfaces/include/mako_nolang_interfaces/msg/mako_server_message.h
[0.824s] -- Up-to-date symlink: /home/karim/mako_robot/mako_ws/install/mako_nolang_interfaces/include/mako_nolang_interfaces/msg/rosidl_generator_c__visibility_control.h
[0.825s] -- Up-to-date symlink: /home/karim/mako_robot/mako_ws/install/mako_nolang_interfaces/include/mako_nolang_interfaces/srv/arduino_command.h
[0.825s] -- Up-to-date symlink: /home/karim/mako_robot/mako_ws/install/mako_nolang_interfaces/include/mako_nolang_interfaces/srv/detail/arduino_command__functions.h
[0.826s] -- Up-to-date symlink: /home/karim/mako_robot/mako_ws/install/mako_nolang_interfaces/include/mako_nolang_interfaces/srv/detail/arduino_command__struct.h
[0.826s] -- Up-to-date symlink: /home/karim/mako_robot/mako_ws/install/mako_nolang_interfaces/include/mako_nolang_interfaces/srv/detail/arduino_command__type_support.h
[0.827s] -- Up-to-date symlink: /home/karim/mako_robot/mako_ws/install/mako_nolang_interfaces/include/mako_nolang_interfaces/srv/detail/led_control__functions.h
[0.828s] -- Up-to-date symlink: /home/karim/mako_robot/mako_ws/install/mako_nolang_interfaces/include/mako_nolang_interfaces/srv/detail/led_control__struct.h
[0.828s] -- Up-to-date symlink: /home/karim/mako_robot/mako_ws/install/mako_nolang_interfaces/include/mako_nolang_interfaces/srv/detail/led_control__type_support.h
[0.831s] -- Up-to-date symlink: /home/karim/mako_robot/mako_ws/install/mako_nolang_interfaces/include/mako_nolang_interfaces/srv/detail/servo_control__functions.h
[0.831s] -- Up-to-date symlink: /home/karim/mako_robot/mako_ws/install/mako_nolang_interfaces/include/mako_nolang_interfaces/srv/detail/servo_control__struct.h
[0.832s] -- Up-to-date symlink: /home/karim/mako_robot/mako_ws/install/mako_nolang_interfaces/include/mako_nolang_interfaces/srv/detail/servo_control__type_support.h
[0.833s] -- Up-to-date symlink: /home/karim/mako_robot/mako_ws/install/mako_nolang_interfaces/include/mako_nolang_interfaces/srv/detail/tts_command__functions.h
[0.835s] -- Up-to-date symlink: /home/karim/mako_robot/mako_ws/install/mako_nolang_interfaces/include/mako_nolang_interfaces/srv/detail/tts_command__struct.h
[0.836s] -- Up-to-date symlink: /home/karim/mako_robot/mako_ws/install/mako_nolang_interfaces/include/mako_nolang_interfaces/srv/detail/tts_command__type_support.h
[0.837s] -- Up-to-date symlink: /home/karim/mako_robot/mako_ws/install/mako_nolang_interfaces/include/mako_nolang_interfaces/srv/led_control.h
[0.838s] -- Up-to-date symlink: /home/karim/mako_robot/mako_ws/install/mako_nolang_interfaces/include/mako_nolang_interfaces/srv/servo_control.h
[0.838s] -- Up-to-date symlink: /home/karim/mako_robot/mako_ws/install/mako_nolang_interfaces/include/mako_nolang_interfaces/srv/tts_command.h
[0.842s] -- Up-to-date symlink: /home/karim/mako_robot/mako_ws/install/mako_nolang_interfaces/share/mako_nolang_interfaces/environment/library_path.sh
[0.846s] -- Up-to-date symlink: /home/karim/mako_robot/mako_ws/install/mako_nolang_interfaces/share/mako_nolang_interfaces/environment/library_path.dsv
[0.848s] -- Up-to-date symlink: /home/karim/mako_robot/mako_ws/install/mako_nolang_interfaces/include/mako_nolang_interfaces/msg/detail/mako_server_message__rosidl_typesupport_fastrtps_c.h
[0.849s] -- Up-to-date symlink: /home/karim/mako_robot/mako_ws/install/mako_nolang_interfaces/include/mako_nolang_interfaces/msg/rosidl_typesupport_fastrtps_c__visibility_control.h
[0.850s] -- Up-to-date symlink: /home/karim/mako_robot/mako_ws/install/mako_nolang_interfaces/include/mako_nolang_interfaces/srv/detail/arduino_command__rosidl_typesupport_fastrtps_c.h
[0.850s] -- Up-to-date symlink: /home/karim/mako_robot/mako_ws/install/mako_nolang_interfaces/include/mako_nolang_interfaces/srv/detail/led_control__rosidl_typesupport_fastrtps_c.h
[0.850s] -- Up-to-date symlink: /home/karim/mako_robot/mako_ws/install/mako_nolang_interfaces/include/mako_nolang_interfaces/srv/detail/servo_control__rosidl_typesupport_fastrtps_c.h
[0.851s] -- Up-to-date symlink: /home/karim/mako_robot/mako_ws/install/mako_nolang_interfaces/include/mako_nolang_interfaces/srv/detail/tts_command__rosidl_typesupport_fastrtps_c.h
[0.851s] -- Up-to-date symlink: /home/karim/mako_robot/mako_ws/install/mako_nolang_interfaces/lib/libmako_nolang_interfaces__rosidl_typesupport_fastrtps_c.so
[0.852s] -- Up-to-date symlink: /home/karim/mako_robot/mako_ws/install/mako_nolang_interfaces/include/mako_nolang_interfaces/msg/detail/mako_server_message__rosidl_typesupport_fastrtps_cpp.hpp
[0.853s] -- Up-to-date symlink: /home/karim/mako_robot/mako_ws/install/mako_nolang_interfaces/include/mako_nolang_interfaces/msg/rosidl_typesupport_fastrtps_cpp__visibility_control.h
[0.854s] -- Up-to-date symlink: /home/karim/mako_robot/mako_ws/install/mako_nolang_interfaces/include/mako_nolang_interfaces/srv/detail/arduino_command__rosidl_typesupport_fastrtps_cpp.hpp
[0.855s] -- Up-to-date symlink: /home/karim/mako_robot/mako_ws/install/mako_nolang_interfaces/include/mako_nolang_interfaces/srv/detail/led_control__rosidl_typesupport_fastrtps_cpp.hpp
[0.856s] -- Up-to-date symlink: /home/karim/mako_robot/mako_ws/install/mako_nolang_interfaces/include/mako_nolang_interfaces/srv/detail/servo_control__rosidl_typesupport_fastrtps_cpp.hpp
[0.856s] -- Up-to-date symlink: /home/karim/mako_robot/mako_ws/install/mako_nolang_interfaces/include/mako_nolang_interfaces/srv/detail/tts_command__rosidl_typesupport_fastrtps_cpp.hpp
[0.856s] -- Up-to-date symlink: /home/karim/mako_robot/mako_ws/install/mako_nolang_interfaces/lib/libmako_nolang_interfaces__rosidl_typesupport_fastrtps_cpp.so
[0.857s] -- Up-to-date symlink: /home/karim/mako_robot/mako_ws/install/mako_nolang_interfaces/include/mako_nolang_interfaces/msg/detail/mako_server_message__rosidl_typesupport_introspection_c.h
[0.858s] -- Up-to-date symlink: /home/karim/mako_robot/mako_ws/install/mako_nolang_interfaces/include/mako_nolang_interfaces/msg/rosidl_typesupport_introspection_c__visibility_control.h
[0.860s] -- Up-to-date symlink: /home/karim/mako_robot/mako_ws/install/mako_nolang_interfaces/include/mako_nolang_interfaces/srv/detail/arduino_command__rosidl_typesupport_introspection_c.h
[0.861s] -- Up-to-date symlink: /home/karim/mako_robot/mako_ws/install/mako_nolang_interfaces/include/mako_nolang_interfaces/srv/detail/led_control__rosidl_typesupport_introspection_c.h
[0.862s] -- Up-to-date symlink: /home/karim/mako_robot/mako_ws/install/mako_nolang_interfaces/include/mako_nolang_interfaces/srv/detail/servo_control__rosidl_typesupport_introspection_c.h
[0.863s] -- Up-to-date symlink: /home/karim/mako_robot/mako_ws/install/mako_nolang_interfaces/include/mako_nolang_interfaces/srv/detail/tts_command__rosidl_typesupport_introspection_c.h
[0.863s] -- Up-to-date symlink: /home/karim/mako_robot/mako_ws/install/mako_nolang_interfaces/include/mako_nolang_interfaces/msg/detail/mako_server_message__builder.hpp
[0.864s] -- Up-to-date symlink: /home/karim/mako_robot/mako_ws/install/mako_nolang_interfaces/include/mako_nolang_interfaces/msg/detail/mako_server_message__struct.hpp
[0.865s] -- Up-to-date symlink: /home/karim/mako_robot/mako_ws/install/mako_nolang_interfaces/include/mako_nolang_interfaces/msg/detail/mako_server_message__traits.hpp
[0.865s] -- Up-to-date symlink: /home/karim/mako_robot/mako_ws/install/mako_nolang_interfaces/include/mako_nolang_interfaces/msg/mako_server_message.hpp
[0.866s] -- Up-to-date symlink: /home/karim/mako_robot/mako_ws/install/mako_nolang_interfaces/include/mako_nolang_interfaces/srv/arduino_command.hpp
[0.867s] -- Up-to-date symlink: /home/karim/mako_robot/mako_ws/install/mako_nolang_interfaces/include/mako_nolang_interfaces/srv/detail/arduino_command__builder.hpp
[0.867s] -- Up-to-date symlink: /home/karim/mako_robot/mako_ws/install/mako_nolang_interfaces/include/mako_nolang_interfaces/srv/detail/arduino_command__struct.hpp
[0.867s] -- Up-to-date symlink: /home/karim/mako_robot/mako_ws/install/mako_nolang_interfaces/include/mako_nolang_interfaces/srv/detail/arduino_command__traits.hpp
[0.867s] -- Up-to-date symlink: /home/karim/mako_robot/mako_ws/install/mako_nolang_interfaces/include/mako_nolang_interfaces/srv/detail/led_control__builder.hpp
[0.868s] -- Up-to-date symlink: /home/karim/mako_robot/mako_ws/install/mako_nolang_interfaces/include/mako_nolang_interfaces/srv/detail/led_control__struct.hpp
[0.868s] -- Up-to-date symlink: /home/karim/mako_robot/mako_ws/install/mako_nolang_interfaces/include/mako_nolang_interfaces/srv/detail/led_control__traits.hpp
[0.868s] -- Up-to-date symlink: /home/karim/mako_robot/mako_ws/install/mako_nolang_interfaces/include/mako_nolang_interfaces/srv/detail/servo_control__builder.hpp
[0.868s] -- Up-to-date symlink: /home/karim/mako_robot/mako_ws/install/mako_nolang_interfaces/include/mako_nolang_interfaces/srv/detail/servo_control__struct.hpp
[0.868s] -- Up-to-date symlink: /home/karim/mako_robot/mako_ws/install/mako_nolang_interfaces/include/mako_nolang_interfaces/srv/detail/servo_control__traits.hpp
[0.869s] -- Up-to-date symlink: /home/karim/mako_robot/mako_ws/install/mako_nolang_interfaces/include/mako_nolang_interfaces/srv/detail/tts_command__builder.hpp
[0.869s] -- Up-to-date symlink: /home/karim/mako_robot/mako_ws/install/mako_nolang_interfaces/include/mako_nolang_interfaces/srv/detail/tts_command__struct.hpp
[0.869s] -- Up-to-date symlink: /home/karim/mako_robot/mako_ws/install/mako_nolang_interfaces/include/mako_nolang_interfaces/srv/detail/tts_command__traits.hpp
[0.869s] -- Up-to-date symlink: /home/karim/mako_robot/mako_ws/install/mako_nolang_interfaces/include/mako_nolang_interfaces/srv/led_control.hpp
[0.869s] -- Up-to-date symlink: /home/karim/mako_robot/mako_ws/install/mako_nolang_interfaces/include/mako_nolang_interfaces/srv/servo_control.hpp
[0.870s] -- Up-to-date symlink: /home/karim/mako_robot/mako_ws/install/mako_nolang_interfaces/include/mako_nolang_interfaces/srv/tts_command.hpp
[0.870s] -- Up-to-date symlink: /home/karim/mako_robot/mako_ws/install/mako_nolang_interfaces/include/mako_nolang_interfaces/msg/detail/mako_server_message__rosidl_typesupport_introspection_cpp.hpp
[0.870s] -- Up-to-date symlink: /home/karim/mako_robot/mako_ws/install/mako_nolang_interfaces/include/mako_nolang_interfaces/srv/detail/arduino_command__rosidl_typesupport_introspection_cpp.hpp
[0.870s] -- Up-to-date symlink: /home/karim/mako_robot/mako_ws/install/mako_nolang_interfaces/include/mako_nolang_interfaces/srv/detail/led_control__rosidl_typesupport_introspection_cpp.hpp
[0.870s] -- Up-to-date symlink: /home/karim/mako_robot/mako_ws/install/mako_nolang_interfaces/include/mako_nolang_interfaces/srv/detail/servo_control__rosidl_typesupport_introspection_cpp.hpp
[0.871s] -- Up-to-date symlink: /home/karim/mako_robot/mako_ws/install/mako_nolang_interfaces/include/mako_nolang_interfaces/srv/detail/tts_command__rosidl_typesupport_introspection_cpp.hpp
[0.871s] -- Up-to-date symlink: /home/karim/mako_robot/mako_ws/install/mako_nolang_interfaces/share/mako_nolang_interfaces/environment/pythonpath.sh
[0.871s] -- Up-to-date symlink: /home/karim/mako_robot/mako_ws/install/mako_nolang_interfaces/share/mako_nolang_interfaces/environment/pythonpath.dsv
[0.871s] -- Up-to-date symlink: /home/karim/mako_robot/mako_ws/install/mako_nolang_interfaces/lib/python3.8/site-packages/mako_nolang_interfaces/__init__.py
[0.873s] -- Up-to-date symlink: /home/karim/mako_robot/mako_ws/install/mako_nolang_interfaces/lib/python3.8/site-packages/mako_nolang_interfaces/srv/__init__.py
[0.874s] -- Up-to-date symlink: /home/karim/mako_robot/mako_ws/install/mako_nolang_interfaces/lib/python3.8/site-packages/mako_nolang_interfaces/srv/_arduino_command.py
[0.874s] -- Up-to-date symlink: /home/karim/mako_robot/mako_ws/install/mako_nolang_interfaces/lib/python3.8/site-packages/mako_nolang_interfaces/srv/_led_control.py
[0.874s] -- Up-to-date symlink: /home/karim/mako_robot/mako_ws/install/mako_nolang_interfaces/lib/python3.8/site-packages/mako_nolang_interfaces/srv/_servo_control.py
[0.874s] -- Up-to-date symlink: /home/karim/mako_robot/mako_ws/install/mako_nolang_interfaces/lib/python3.8/site-packages/mako_nolang_interfaces/srv/_tts_command.py
[0.874s] -- Up-to-date symlink: /home/karim/mako_robot/mako_ws/install/mako_nolang_interfaces/lib/python3.8/site-packages/mako_nolang_interfaces/msg/__init__.py
[0.875s] -- Up-to-date symlink: /home/karim/mako_robot/mako_ws/install/mako_nolang_interfaces/lib/python3.8/site-packages/mako_nolang_interfaces/msg/_mako_server_message.py
[0.875s] -- Up-to-date symlink: /home/karim/mako_robot/mako_ws/install/mako_nolang_interfaces/lib/python3.8/site-packages/mako_nolang_interfaces/mako_nolang_interfaces_s__rosidl_typesupport_fastrtps_c.cpython-38-x86_64-linux-gnu.so
[0.875s] -- Up-to-date symlink: /home/karim/mako_robot/mako_ws/install/mako_nolang_interfaces/lib/python3.8/site-packages/mako_nolang_interfaces/mako_nolang_interfaces_s__rosidl_typesupport_introspection_c.cpython-38-x86_64-linux-gnu.so
[0.875s] -- Up-to-date symlink: /home/karim/mako_robot/mako_ws/install/mako_nolang_interfaces/lib/python3.8/site-packages/mako_nolang_interfaces/mako_nolang_interfaces_s__rosidl_typesupport_c.cpython-38-x86_64-linux-gnu.so
[0.875s] -- Up-to-date symlink: /home/karim/mako_robot/mako_ws/install/mako_nolang_interfaces/lib/libmako_nolang_interfaces__python.so
[0.875s] -- Up-to-date symlink: /home/karim/mako_robot/mako_ws/install/mako_nolang_interfaces/share/mako_nolang_interfaces/srv/LedControl.idl
[0.875s] -- Up-to-date symlink: /home/karim/mako_robot/mako_ws/install/mako_nolang_interfaces/share/mako_nolang_interfaces/srv/ServoControl.idl
[0.875s] -- Up-to-date symlink: /home/karim/mako_robot/mako_ws/install/mako_nolang_interfaces/share/mako_nolang_interfaces/srv/ArduinoCommand.idl
[0.875s] -- Up-to-date symlink: /home/karim/mako_robot/mako_ws/install/mako_nolang_interfaces/share/mako_nolang_interfaces/srv/TTSCommand.idl
[0.876s] -- Up-to-date symlink: /home/karim/mako_robot/mako_ws/install/mako_nolang_interfaces/share/mako_nolang_interfaces/msg/MakoServerMessage.idl
[0.876s] -- Up-to-date symlink: /home/karim/mako_robot/mako_ws/install/mako_nolang_interfaces/share/mako_nolang_interfaces/srv/LedControl.srv
[0.876s] -- Up-to-date symlink: /home/karim/mako_robot/mako_ws/install/mako_nolang_interfaces/share/mako_nolang_interfaces/srv/LedControl_Request.msg
[0.877s] -- Up-to-date symlink: /home/karim/mako_robot/mako_ws/install/mako_nolang_interfaces/share/mako_nolang_interfaces/srv/LedControl_Response.msg
[0.877s] -- Up-to-date symlink: /home/karim/mako_robot/mako_ws/install/mako_nolang_interfaces/share/mako_nolang_interfaces/srv/ServoControl.srv
[0.877s] -- Up-to-date symlink: /home/karim/mako_robot/mako_ws/install/mako_nolang_interfaces/share/mako_nolang_interfaces/srv/ServoControl_Request.msg
[0.877s] -- Up-to-date symlink: /home/karim/mako_robot/mako_ws/install/mako_nolang_interfaces/share/mako_nolang_interfaces/srv/ServoControl_Response.msg
[0.877s] -- Up-to-date symlink: /home/karim/mako_robot/mako_ws/install/mako_nolang_interfaces/share/mako_nolang_interfaces/srv/ArduinoCommand.srv
[0.877s] -- Up-to-date symlink: /home/karim/mako_robot/mako_ws/install/mako_nolang_interfaces/share/mako_nolang_interfaces/srv/ArduinoCommand_Request.msg
[0.877s] -- Up-to-date symlink: /home/karim/mako_robot/mako_ws/install/mako_nolang_interfaces/share/mako_nolang_interfaces/srv/ArduinoCommand_Response.msg
[0.882s] -- Up-to-date symlink: /home/karim/mako_robot/mako_ws/install/mako_nolang_interfaces/share/mako_nolang_interfaces/srv/TTSCommand.srv
[0.889s] -- Up-to-date symlink: /home/karim/mako_robot/mako_ws/install/mako_nolang_interfaces/share/mako_nolang_interfaces/srv/TTSCommand_Request.msg
[0.889s] -- Up-to-date symlink: /home/karim/mako_robot/mako_ws/install/mako_nolang_interfaces/share/mako_nolang_interfaces/srv/TTSCommand_Response.msg
[0.889s] -- Up-to-date symlink: /home/karim/mako_robot/mako_ws/install/mako_nolang_interfaces/share/mako_nolang_interfaces/msg/MakoServerMessage.msg
[0.889s] -- Up-to-date symlink: /home/karim/mako_robot/mako_ws/install/mako_nolang_interfaces/share/ament_index/resource_index/package_run_dependencies/mako_nolang_interfaces
[0.889s] -- Up-to-date symlink: /home/karim/mako_robot/mako_ws/install/mako_nolang_interfaces/share/ament_index/resource_index/parent_prefix_path/mako_nolang_interfaces
[0.889s] -- Up-to-date symlink: /home/karim/mako_robot/mako_ws/install/mako_nolang_interfaces/share/mako_nolang_interfaces/environment/ament_prefix_path.sh
[0.891s] -- Up-to-date symlink: /home/karim/mako_robot/mako_ws/install/mako_nolang_interfaces/share/mako_nolang_interfaces/environment/ament_prefix_path.dsv
[0.892s] -- Up-to-date symlink: /home/karim/mako_robot/mako_ws/install/mako_nolang_interfaces/share/mako_nolang_interfaces/environment/path.sh
[0.892s] -- Up-to-date symlink: /home/karim/mako_robot/mako_ws/install/mako_nolang_interfaces/share/mako_nolang_interfaces/environment/path.dsv
[0.893s] -- Up-to-date symlink: /home/karim/mako_robot/mako_ws/install/mako_nolang_interfaces/share/mako_nolang_interfaces/local_setup.bash
[0.893s] -- Up-to-date symlink: /home/karim/mako_robot/mako_ws/install/mako_nolang_interfaces/share/mako_nolang_interfaces/local_setup.sh
[0.894s] -- Up-to-date symlink: /home/karim/mako_robot/mako_ws/install/mako_nolang_interfaces/share/mako_nolang_interfaces/local_setup.zsh
[0.895s] -- Up-to-date symlink: /home/karim/mako_robot/mako_ws/install/mako_nolang_interfaces/share/mako_nolang_interfaces/local_setup.dsv
[0.896s] -- Symlinking: /home/karim/mako_robot/mako_ws/install/mako_nolang_interfaces/share/mako_nolang_interfaces/package.dsv
[0.896s] -- Up-to-date symlink: /home/karim/mako_robot/mako_ws/install/mako_nolang_interfaces/share/ament_index/resource_index/packages/mako_nolang_interfaces
[0.896s] -- Up-to-date symlink: /home/karim/mako_robot/mako_ws/install/mako_nolang_interfaces/share/mako_nolang_interfaces/cmake/rosidl_cmake-extras.cmake
[0.897s] -- Up-to-date symlink: /home/karim/mako_robot/mako_ws/install/mako_nolang_interfaces/share/mako_nolang_interfaces/cmake/ament_cmake_export_dependencies-extras.cmake
[0.897s] -- Up-to-date symlink: /home/karim/mako_robot/mako_ws/install/mako_nolang_interfaces/share/mako_nolang_interfaces/cmake/ament_cmake_export_libraries-extras.cmake
[0.897s] -- Up-to-date symlink: /home/karim/mako_robot/mako_ws/install/mako_nolang_interfaces/share/mako_nolang_interfaces/cmake/ament_cmake_export_targets-extras.cmake
[0.897s] -- Up-to-date symlink: /home/karim/mako_robot/mako_ws/install/mako_nolang_interfaces/share/mako_nolang_interfaces/cmake/ament_cmake_export_include_directories-extras.cmake
[0.897s] -- Up-to-date symlink: /home/karim/mako_robot/mako_ws/install/mako_nolang_interfaces/share/mako_nolang_interfaces/cmake/rosidl_cmake_export_typesupport_libraries-extras.cmake
[0.897s] -- Up-to-date symlink: /home/karim/mako_robot/mako_ws/install/mako_nolang_interfaces/share/mako_nolang_interfaces/cmake/rosidl_cmake_export_typesupport_targets-extras.cmake
[0.898s] -- Up-to-date symlink: /home/karim/mako_robot/mako_ws/install/mako_nolang_interfaces/share/mako_nolang_interfaces/cmake/mako_nolang_interfacesConfig.cmake
[0.898s] -- Up-to-date symlink: /home/karim/mako_robot/mako_ws/install/mako_nolang_interfaces/share/mako_nolang_interfaces/cmake/mako_nolang_interfacesConfig-version.cmake
[0.898s] -- Up-to-date symlink: /home/karim/mako_robot/mako_ws/install/mako_nolang_interfaces/share/mako_nolang_interfaces/package.xml
[0.898s] -- Up-to-date: /home/karim/mako_robot/mako_ws/install/mako_nolang_interfaces/lib/libmako_nolang_interfaces__rosidl_generator_c.so
[0.898s] -- Up-to-date: /home/karim/mako_robot/mako_ws/install/mako_nolang_interfaces/lib/libmako_nolang_interfaces__rosidl_typesupport_introspection_c.so
[0.898s] -- Up-to-date: /home/karim/mako_robot/mako_ws/install/mako_nolang_interfaces/lib/libmako_nolang_interfaces__rosidl_typesupport_c.so
[0.899s] -- Up-to-date: /home/karim/mako_robot/mako_ws/install/mako_nolang_interfaces/lib/libmako_nolang_interfaces__rosidl_typesupport_introspection_cpp.so
[0.899s] -- Up-to-date: /home/karim/mako_robot/mako_ws/install/mako_nolang_interfaces/lib/libmako_nolang_interfaces__rosidl_typesupport_cpp.so
[0.938s] -- Up-to-date: /home/karim/mako_robot/mako_ws/install/mako_nolang_interfaces/share/mako_nolang_interfaces/cmake/mako_nolang_interfaces__rosidl_generator_cExport.cmake
[0.940s] -- Up-to-date: /home/karim/mako_robot/mako_ws/install/mako_nolang_interfaces/share/mako_nolang_interfaces/cmake/mako_nolang_interfaces__rosidl_generator_cExport-noconfig.cmake
[0.941s] -- Up-to-date: /home/karim/mako_robot/mako_ws/install/mako_nolang_interfaces/share/mako_nolang_interfaces/cmake/mako_nolang_interfaces__rosidl_typesupport_introspection_cExport.cmake
[0.942s] -- Up-to-date: /home/karim/mako_robot/mako_ws/install/mako_nolang_interfaces/share/mako_nolang_interfaces/cmake/mako_nolang_interfaces__rosidl_typesupport_introspection_cExport-noconfig.cmake
[0.942s] -- Up-to-date: /home/karim/mako_robot/mako_ws/install/mako_nolang_interfaces/share/mako_nolang_interfaces/cmake/mako_nolang_interfaces__rosidl_typesupport_cExport.cmake
[0.943s] -- Up-to-date: /home/karim/mako_robot/mako_ws/install/mako_nolang_interfaces/share/mako_nolang_interfaces/cmake/mako_nolang_interfaces__rosidl_typesupport_cExport-noconfig.cmake
[0.943s] -- Up-to-date: /home/karim/mako_robot/mako_ws/install/mako_nolang_interfaces/share/mako_nolang_interfaces/cmake/mako_nolang_interfaces__rosidl_generator_cppExport.cmake
[0.944s] -- Up-to-date: /home/karim/mako_robot/mako_ws/install/mako_nolang_interfaces/share/mako_nolang_interfaces/cmake/mako_nolang_interfaces__rosidl_typesupport_introspection_cppExport.cmake
[0.944s] -- Up-to-date: /home/karim/mako_robot/mako_ws/install/mako_nolang_interfaces/share/mako_nolang_interfaces/cmake/mako_nolang_interfaces__rosidl_typesupport_introspection_cppExport-noconfig.cmake
[0.945s] -- Up-to-date: /home/karim/mako_robot/mako_ws/install/mako_nolang_interfaces/share/mako_nolang_interfaces/cmake/mako_nolang_interfaces__rosidl_typesupport_cppExport.cmake
[0.945s] -- Up-to-date: /home/karim/mako_robot/mako_ws/install/mako_nolang_interfaces/share/mako_nolang_interfaces/cmake/mako_nolang_interfaces__rosidl_typesupport_cppExport-noconfig.cmake
[0.955s] Invoked command in '/home/karim/mako_robot/mako_ws/build/mako_nolang_interfaces' returned '0': CMAKE_PREFIX_PATH=${CMAKE_PREFIX_PATH}:/home/karim/project_ws/install/ros_project_pkg_py_robot_driver:/home/karim/project_ws/install/dev_test_tools:/home/karim/ros2_ws/install/my_py_pkg:/home/karim/mako_robot/mako_ws/install/mako_py_serial_interface:/home/karim/mako_robot/mako_ws/install/mako_py_feedback_actuators:/home/karim/mako_robot/mako_ws/install/mako_py_brain:/home/karim/mako_robot/mako_ws/install/dev_test_tools:/opt/ros/foxy /usr/bin/cmake --install /home/karim/mako_robot/mako_ws/build/mako_nolang_interfaces
