[0.251s] DEBUG:colcon:Command line arguments: ['/usr/bin/colcon', 'build']
[0.252s] DEBUG:colcon:Parsed command line arguments: Namespace(ament_cmake_args=None, base_paths=['.'], build_base='build', catkin_cmake_args=None, catkin_skip_building_tests=False, cmake_args=None, cmake_clean_cache=False, cmake_clean_first=False, cmake_force_configure=False, cmake_target=None, cmake_target_skip_unavailable=False, continue_on_error=False, event_handlers=None, executor='parallel', ignore_user_meta=False, install_base='install', log_base=None, log_level=None, main=<bound method BuildVerb.main of <colcon_core.verb.build.BuildVerb object at 0x7f2c1130a520>>, merge_install=False, metas=['./colcon.meta'], packages_above=None, packages_above_and_dependencies=None, packages_above_depth=None, packages_end=None, packages_ignore=None, packages_ignore_regex=None, packages_select=None, packages_select_build_failed=False, packages_select_by_dep=None, packages_select_regex=None, packages_select_test_failures=False, packages_skip=None, packages_skip_build_finished=False, packages_skip_by_dep=None, packages_skip_regex=None, packages_skip_test_passed=False, packages_skip_up_to=None, packages_start=None, packages_up_to=None, packages_up_to_regex=None, parallel_workers=6, paths=None, symlink_install=False, test_result_base=None, verb_extension=<colcon_core.verb.build.BuildVerb object at 0x7f2c1130a520>, verb_name='build', verb_parser=<colcon_defaults.argument_parser.defaults.DefaultArgumentsDecorator object at 0x7f2c1130aa60>)
[0.258s] Level 1:colcon.colcon_core.package_discovery:discover_packages(colcon_meta) check parameters
[0.258s] Level 1:colcon.colcon_core.package_discovery:discover_packages(recursive) check parameters
[0.258s] Level 1:colcon.colcon_core.package_discovery:discover_packages(ignore) check parameters
[0.258s] Level 1:colcon.colcon_core.package_discovery:discover_packages(path) check parameters
[0.259s] Level 1:colcon.colcon_core.package_discovery:discover_packages(colcon_meta) discover
[0.259s] Level 1:colcon.colcon_core.package_discovery:discover_packages(recursive) discover
[0.259s] INFO:colcon.colcon_core.package_discovery:Crawling recursively for packages in '/home/karim/mako_robot/mako_ws'
[0.259s] Level 1:colcon.colcon_core.package_identification:_identify(.) by extensions ['ignore', 'ignore_ament_install']
[0.259s] Level 1:colcon.colcon_core.package_identification:_identify(.) by extension 'ignore'
[0.259s] Level 1:colcon.colcon_core.package_identification:_identify(.) by extension 'ignore_ament_install'
[0.259s] Level 1:colcon.colcon_core.package_identification:_identify(.) by extensions ['colcon_pkg']
[0.259s] Level 1:colcon.colcon_core.package_identification:_identify(.) by extension 'colcon_pkg'
[0.259s] Level 1:colcon.colcon_core.package_identification:_identify(.) by extensions ['colcon_meta']
[0.259s] Level 1:colcon.colcon_core.package_identification:_identify(.) by extension 'colcon_meta'
[0.259s] Level 1:colcon.colcon_core.package_identification:_identify(.) by extensions ['ros']
[0.259s] Level 1:colcon.colcon_core.package_identification:_identify(.) by extension 'ros'
[0.277s] Level 1:colcon.colcon_core.package_identification:_identify(.) by extensions ['cmake', 'python']
[0.277s] Level 1:colcon.colcon_core.package_identification:_identify(.) by extension 'cmake'
[0.277s] Level 1:colcon.colcon_core.package_identification:_identify(.) by extension 'python'
[0.277s] Level 1:colcon.colcon_core.package_identification:_identify(.) by extensions ['python_setup_py']
[0.277s] Level 1:colcon.colcon_core.package_identification:_identify(.) by extension 'python_setup_py'
[0.278s] Level 1:colcon.colcon_core.package_identification:_identify(build) by extensions ['ignore', 'ignore_ament_install']
[0.278s] Level 1:colcon.colcon_core.package_identification:_identify(build) by extension 'ignore'
[0.278s] Level 1:colcon.colcon_core.package_identification:_identify(build) ignored
[0.278s] Level 1:colcon.colcon_core.package_identification:_identify(install) by extensions ['ignore', 'ignore_ament_install']
[0.278s] Level 1:colcon.colcon_core.package_identification:_identify(install) by extension 'ignore'
[0.278s] Level 1:colcon.colcon_core.package_identification:_identify(install) ignored
[0.278s] Level 1:colcon.colcon_core.package_identification:_identify(log) by extensions ['ignore', 'ignore_ament_install']
[0.278s] Level 1:colcon.colcon_core.package_identification:_identify(log) by extension 'ignore'
[0.278s] Level 1:colcon.colcon_core.package_identification:_identify(log) ignored
[0.278s] Level 1:colcon.colcon_core.package_identification:_identify(src) by extensions ['ignore', 'ignore_ament_install']
[0.278s] Level 1:colcon.colcon_core.package_identification:_identify(src) by extension 'ignore'
[0.279s] Level 1:colcon.colcon_core.package_identification:_identify(src) by extension 'ignore_ament_install'
[0.279s] Level 1:colcon.colcon_core.package_identification:_identify(src) by extensions ['colcon_pkg']
[0.279s] Level 1:colcon.colcon_core.package_identification:_identify(src) by extension 'colcon_pkg'
[0.279s] Level 1:colcon.colcon_core.package_identification:_identify(src) by extensions ['colcon_meta']
[0.279s] Level 1:colcon.colcon_core.package_identification:_identify(src) by extension 'colcon_meta'
[0.279s] Level 1:colcon.colcon_core.package_identification:_identify(src) by extensions ['ros']
[0.279s] Level 1:colcon.colcon_core.package_identification:_identify(src) by extension 'ros'
[0.279s] Level 1:colcon.colcon_core.package_identification:_identify(src) by extensions ['cmake', 'python']
[0.279s] Level 1:colcon.colcon_core.package_identification:_identify(src) by extension 'cmake'
[0.279s] Level 1:colcon.colcon_core.package_identification:_identify(src) by extension 'python'
[0.279s] Level 1:colcon.colcon_core.package_identification:_identify(src) by extensions ['python_setup_py']
[0.279s] Level 1:colcon.colcon_core.package_identification:_identify(src) by extension 'python_setup_py'
[0.279s] Level 1:colcon.colcon_core.package_identification:_identify(src/dev_test_tools) by extensions ['ignore', 'ignore_ament_install']
[0.280s] Level 1:colcon.colcon_core.package_identification:_identify(src/dev_test_tools) by extension 'ignore'
[0.280s] Level 1:colcon.colcon_core.package_identification:_identify(src/dev_test_tools) by extension 'ignore_ament_install'
[0.280s] Level 1:colcon.colcon_core.package_identification:_identify(src/dev_test_tools) by extensions ['colcon_pkg']
[0.280s] Level 1:colcon.colcon_core.package_identification:_identify(src/dev_test_tools) by extension 'colcon_pkg'
[0.280s] Level 1:colcon.colcon_core.package_identification:_identify(src/dev_test_tools) by extensions ['colcon_meta']
[0.280s] Level 1:colcon.colcon_core.package_identification:_identify(src/dev_test_tools) by extension 'colcon_meta'
[0.280s] Level 1:colcon.colcon_core.package_identification:_identify(src/dev_test_tools) by extensions ['ros']
[0.280s] Level 1:colcon.colcon_core.package_identification:_identify(src/dev_test_tools) by extension 'ros'
[0.285s] DEBUG:colcon.colcon_core.package_identification:Package 'src/dev_test_tools' with type 'ros.ament_python' and name 'dev_test_tools'
[0.285s] Level 1:colcon.colcon_core.package_identification:_identify(src/lidar_ros2) by extensions ['ignore', 'ignore_ament_install']
[0.285s] Level 1:colcon.colcon_core.package_identification:_identify(src/lidar_ros2) by extension 'ignore'
[0.285s] Level 1:colcon.colcon_core.package_identification:_identify(src/lidar_ros2) by extension 'ignore_ament_install'
[0.285s] Level 1:colcon.colcon_core.package_identification:_identify(src/lidar_ros2) by extensions ['colcon_pkg']
[0.285s] Level 1:colcon.colcon_core.package_identification:_identify(src/lidar_ros2) by extension 'colcon_pkg'
[0.286s] Level 1:colcon.colcon_core.package_identification:_identify(src/lidar_ros2) by extensions ['colcon_meta']
[0.286s] Level 1:colcon.colcon_core.package_identification:_identify(src/lidar_ros2) by extension 'colcon_meta'
[0.286s] Level 1:colcon.colcon_core.package_identification:_identify(src/lidar_ros2) by extensions ['ros']
[0.286s] Level 1:colcon.colcon_core.package_identification:_identify(src/lidar_ros2) by extension 'ros'
[0.287s] DEBUG:colcon.colcon_core.package_identification:Package 'src/lidar_ros2' with type 'ros.ament_cmake' and name 'rplidar_ros'
[0.287s] Level 1:colcon.colcon_core.package_discovery:discover_packages(recursive) using defaults
[0.287s] Level 1:colcon.colcon_core.package_discovery:discover_packages(ignore) discover
[0.287s] Level 1:colcon.colcon_core.package_discovery:discover_packages(ignore) using defaults
[0.287s] Level 1:colcon.colcon_core.package_discovery:discover_packages(path) discover
[0.287s] Level 1:colcon.colcon_core.package_discovery:discover_packages(path) using defaults
[0.321s] Level 5:colcon.colcon_core.verb:set package 'dev_test_tools' build argument 'cmake_args' from command line to 'None'
[0.322s] Level 5:colcon.colcon_core.verb:set package 'dev_test_tools' build argument 'cmake_target' from command line to 'None'
[0.322s] Level 5:colcon.colcon_core.verb:set package 'dev_test_tools' build argument 'cmake_target_skip_unavailable' from command line to 'False'
[0.322s] Level 5:colcon.colcon_core.verb:set package 'dev_test_tools' build argument 'cmake_clean_cache' from command line to 'False'
[0.322s] Level 5:colcon.colcon_core.verb:set package 'dev_test_tools' build argument 'cmake_clean_first' from command line to 'False'
[0.322s] Level 5:colcon.colcon_core.verb:set package 'dev_test_tools' build argument 'cmake_force_configure' from command line to 'False'
[0.322s] Level 5:colcon.colcon_core.verb:set package 'dev_test_tools' build argument 'ament_cmake_args' from command line to 'None'
[0.322s] Level 5:colcon.colcon_core.verb:set package 'dev_test_tools' build argument 'catkin_cmake_args' from command line to 'None'
[0.322s] Level 5:colcon.colcon_core.verb:set package 'dev_test_tools' build argument 'catkin_skip_building_tests' from command line to 'False'
[0.322s] DEBUG:colcon.colcon_core.verb:Building package 'dev_test_tools' with the following arguments: {'ament_cmake_args': None, 'build_base': '/home/karim/mako_robot/mako_ws/build/dev_test_tools', 'catkin_cmake_args': None, 'catkin_skip_building_tests': False, 'cmake_args': None, 'cmake_clean_cache': False, 'cmake_clean_first': False, 'cmake_force_configure': False, 'cmake_target': None, 'cmake_target_skip_unavailable': False, 'install_base': '/home/karim/mako_robot/mako_ws/install/dev_test_tools', 'merge_install': False, 'path': '/home/karim/mako_robot/mako_ws/src/dev_test_tools', 'symlink_install': False, 'test_result_base': None}
[0.325s] Level 5:colcon.colcon_core.verb:set package 'rplidar_ros' build argument 'cmake_args' from command line to 'None'
[0.325s] Level 5:colcon.colcon_core.verb:set package 'rplidar_ros' build argument 'cmake_target' from command line to 'None'
[0.325s] Level 5:colcon.colcon_core.verb:set package 'rplidar_ros' build argument 'cmake_target_skip_unavailable' from command line to 'False'
[0.325s] Level 5:colcon.colcon_core.verb:set package 'rplidar_ros' build argument 'cmake_clean_cache' from command line to 'False'
[0.325s] Level 5:colcon.colcon_core.verb:set package 'rplidar_ros' build argument 'cmake_clean_first' from command line to 'False'
[0.325s] Level 5:colcon.colcon_core.verb:set package 'rplidar_ros' build argument 'cmake_force_configure' from command line to 'False'
[0.325s] Level 5:colcon.colcon_core.verb:set package 'rplidar_ros' build argument 'ament_cmake_args' from command line to 'None'
[0.325s] Level 5:colcon.colcon_core.verb:set package 'rplidar_ros' build argument 'catkin_cmake_args' from command line to 'None'
[0.325s] Level 5:colcon.colcon_core.verb:set package 'rplidar_ros' build argument 'catkin_skip_building_tests' from command line to 'False'
[0.325s] DEBUG:colcon.colcon_core.verb:Building package 'rplidar_ros' with the following arguments: {'ament_cmake_args': None, 'build_base': '/home/karim/mako_robot/mako_ws/build/rplidar_ros', 'catkin_cmake_args': None, 'catkin_skip_building_tests': False, 'cmake_args': None, 'cmake_clean_cache': False, 'cmake_clean_first': False, 'cmake_force_configure': False, 'cmake_target': None, 'cmake_target_skip_unavailable': False, 'install_base': '/home/karim/mako_robot/mako_ws/install/rplidar_ros', 'merge_install': False, 'path': '/home/karim/mako_robot/mako_ws/src/lidar_ros2', 'symlink_install': False, 'test_result_base': None}
[0.326s] INFO:colcon.colcon_core.executor:Executing jobs using 'parallel' executor
[0.329s] DEBUG:colcon.colcon_parallel_executor.executor.parallel:run_until_complete
[0.330s] INFO:colcon.colcon_ros.task.ament_python.build:Building ROS package in '/home/karim/mako_robot/mako_ws/src/dev_test_tools' with build type 'ament_python'
[0.330s] Level 1:colcon.colcon_core.shell:create_environment_hook('dev_test_tools', 'ament_prefix_path')
[0.336s] INFO:colcon.colcon_core.plugin_system:Skipping extension 'colcon_core.shell.bat': Not used on non-Windows systems
[0.337s] INFO:colcon.colcon_core.shell:Creating environment hook '/home/karim/mako_robot/mako_ws/install/dev_test_tools/share/dev_test_tools/hook/ament_prefix_path.ps1'
[0.337s] INFO:colcon.colcon_core.shell:Creating environment descriptor '/home/karim/mako_robot/mako_ws/install/dev_test_tools/share/dev_test_tools/hook/ament_prefix_path.dsv'
[0.338s] INFO:colcon.colcon_core.shell:Creating environment hook '/home/karim/mako_robot/mako_ws/install/dev_test_tools/share/dev_test_tools/hook/ament_prefix_path.sh'
[0.341s] INFO:colcon.colcon_core.shell:Skip shell extension 'powershell' for command environment: Not usable outside of PowerShell
[0.342s] DEBUG:colcon.colcon_core.shell:Skip shell extension 'dsv' for command environment
[0.345s] DEBUG:colcon.colcon_core.shell:Ignoring prefix path '/opt/ros/foxy'
[0.351s] INFO:colcon.colcon_ros.task.ament_cmake.build:Building ROS package in '/home/karim/mako_robot/mako_ws/src/lidar_ros2' with build type 'ament_cmake'
[0.351s] INFO:colcon.colcon_cmake.task.cmake.build:Building CMake package in '/home/karim/mako_robot/mako_ws/src/lidar_ros2'
[0.353s] INFO:colcon.colcon_core.shell:Skip shell extension 'powershell' for command environment: Not usable outside of PowerShell
[0.353s] DEBUG:colcon.colcon_core.shell:Skip shell extension 'dsv' for command environment
[0.361s] DEBUG:colcon.colcon_core.shell:Ignoring prefix path '/opt/ros/foxy'
[0.734s] INFO:colcon.colcon_core.task.python.build:Building Python package in '/home/karim/mako_robot/mako_ws/src/dev_test_tools'
[0.735s] INFO:colcon.colcon_core.shell:Skip shell extension 'powershell' for command environment: Not usable outside of PowerShell
[0.736s] DEBUG:colcon.colcon_core.shell:Skip shell extension 'dsv' for command environment
[0.741s] DEBUG:colcon.colcon_core.shell:Ignoring prefix path '/opt/ros/foxy'
[0.756s] DEBUG:colcon.colcon_core.event_handler.log_command:Invoking command in '/home/karim/mako_robot/mako_ws/build/rplidar_ros': CMAKE_PREFIX_PATH=${CMAKE_PREFIX_PATH}:/home/karim/ros2_ws/install/my_py_pkg:/home/karim/project_ws/install/ros_project_pkg_py_robot_driver:/home/karim/project_ws/install/dev_test_tools:/opt/ros/foxy /usr/bin/cmake /home/karim/mako_robot/mako_ws/src/lidar_ros2 -DCMAKE_INSTALL_PREFIX=/home/karim/mako_robot/mako_ws/install/rplidar_ros
[0.780s] DEBUG:colcon.colcon_core.event_handler.log_command:Invoking command in '/home/karim/mako_robot/mako_ws/src/dev_test_tools': PYTHONPATH=/home/karim/mako_robot/mako_ws/install/dev_test_tools/lib/python3.8/site-packages:${PYTHONPATH} /usr/bin/python3 setup.py egg_info --egg-base ../../build/dev_test_tools build --build-base /home/karim/mako_robot/mako_ws/build/dev_test_tools/build install --prefix /home/karim/mako_robot/mako_ws/install/dev_test_tools --record /home/karim/mako_robot/mako_ws/build/dev_test_tools/install.log --single-version-externally-managed
[1.321s] DEBUG:colcon.colcon_core.event_handler.log_command:Invoked command in '/home/karim/mako_robot/mako_ws/src/dev_test_tools' returned '0': PYTHONPATH=/home/karim/mako_robot/mako_ws/install/dev_test_tools/lib/python3.8/site-packages:${PYTHONPATH} /usr/bin/python3 setup.py egg_info --egg-base ../../build/dev_test_tools build --build-base /home/karim/mako_robot/mako_ws/build/dev_test_tools/build install --prefix /home/karim/mako_robot/mako_ws/install/dev_test_tools --record /home/karim/mako_robot/mako_ws/build/dev_test_tools/install.log --single-version-externally-managed
[1.329s] Level 1:colcon.colcon_core.environment:checking '/home/karim/mako_robot/mako_ws/install/dev_test_tools' for CMake module files
[1.332s] Level 1:colcon.colcon_core.environment:checking '/home/karim/mako_robot/mako_ws/install/dev_test_tools' for CMake config files
[1.333s] Level 1:colcon.colcon_core.environment:checking '/home/karim/mako_robot/mako_ws/install/dev_test_tools/lib'
[1.333s] Level 1:colcon.colcon_core.environment:checking '/home/karim/mako_robot/mako_ws/install/dev_test_tools/bin'
[1.334s] Level 1:colcon.colcon_core.environment:checking '/home/karim/mako_robot/mako_ws/install/dev_test_tools/lib/pkgconfig/dev_test_tools.pc'
[1.334s] Level 1:colcon.colcon_core.environment:checking '/home/karim/mako_robot/mako_ws/install/dev_test_tools/lib/python3.8/site-packages'
[1.334s] Level 1:colcon.colcon_core.shell:create_environment_hook('dev_test_tools', 'pythonpath')
[1.335s] INFO:colcon.colcon_core.shell:Creating environment hook '/home/karim/mako_robot/mako_ws/install/dev_test_tools/share/dev_test_tools/hook/pythonpath.ps1'
[1.337s] INFO:colcon.colcon_core.shell:Creating environment descriptor '/home/karim/mako_robot/mako_ws/install/dev_test_tools/share/dev_test_tools/hook/pythonpath.dsv'
[1.341s] INFO:colcon.colcon_core.shell:Creating environment hook '/home/karim/mako_robot/mako_ws/install/dev_test_tools/share/dev_test_tools/hook/pythonpath.sh'
[1.342s] Level 1:colcon.colcon_core.environment:create_environment_scripts_only(dev_test_tools)
[1.343s] INFO:colcon.colcon_core.shell:Creating package script '/home/karim/mako_robot/mako_ws/install/dev_test_tools/share/dev_test_tools/package.ps1'
[1.344s] INFO:colcon.colcon_core.shell:Creating package descriptor '/home/karim/mako_robot/mako_ws/install/dev_test_tools/share/dev_test_tools/package.dsv'
[1.347s] INFO:colcon.colcon_core.shell:Creating package script '/home/karim/mako_robot/mako_ws/install/dev_test_tools/share/dev_test_tools/package.sh'
[1.352s] INFO:colcon.colcon_core.shell:Creating package script '/home/karim/mako_robot/mako_ws/install/dev_test_tools/share/dev_test_tools/package.bash'
[1.355s] INFO:colcon.colcon_core.shell:Creating package script '/home/karim/mako_robot/mako_ws/install/dev_test_tools/share/dev_test_tools/package.zsh'
[1.357s] Level 1:colcon.colcon_core.environment:create_file_with_runtime_dependencies(/home/karim/mako_robot/mako_ws/install/dev_test_tools/share/colcon-core/packages/dev_test_tools)
[3.764s] DEBUG:colcon.colcon_core.event_handler.log_command:Invoked command in '/home/karim/mako_robot/mako_ws/build/rplidar_ros' returned '0': CMAKE_PREFIX_PATH=${CMAKE_PREFIX_PATH}:/home/karim/ros2_ws/install/my_py_pkg:/home/karim/project_ws/install/ros_project_pkg_py_robot_driver:/home/karim/project_ws/install/dev_test_tools:/opt/ros/foxy /usr/bin/cmake /home/karim/mako_robot/mako_ws/src/lidar_ros2 -DCMAKE_INSTALL_PREFIX=/home/karim/mako_robot/mako_ws/install/rplidar_ros
[3.765s] DEBUG:colcon.colcon_core.event_handler.log_command:Invoking command in '/home/karim/mako_robot/mako_ws/build/rplidar_ros': CMAKE_PREFIX_PATH=${CMAKE_PREFIX_PATH}:/home/karim/ros2_ws/install/my_py_pkg:/home/karim/project_ws/install/ros_project_pkg_py_robot_driver:/home/karim/project_ws/install/dev_test_tools:/opt/ros/foxy /usr/bin/cmake --build /home/karim/mako_robot/mako_ws/build/rplidar_ros -- -j6 -l6
[15.122s] DEBUG:colcon.colcon_core.event_handler.log_command:Invoked command in '/home/karim/mako_robot/mako_ws/build/rplidar_ros' returned '0': CMAKE_PREFIX_PATH=${CMAKE_PREFIX_PATH}:/home/karim/ros2_ws/install/my_py_pkg:/home/karim/project_ws/install/ros_project_pkg_py_robot_driver:/home/karim/project_ws/install/dev_test_tools:/opt/ros/foxy /usr/bin/cmake --build /home/karim/mako_robot/mako_ws/build/rplidar_ros -- -j6 -l6
[15.247s] DEBUG:colcon.colcon_core.event_handler.log_command:Invoking command in '/home/karim/mako_robot/mako_ws/build/rplidar_ros': CMAKE_PREFIX_PATH=${CMAKE_PREFIX_PATH}:/home/karim/ros2_ws/install/my_py_pkg:/home/karim/project_ws/install/ros_project_pkg_py_robot_driver:/home/karim/project_ws/install/dev_test_tools:/opt/ros/foxy /usr/bin/cmake --install /home/karim/mako_robot/mako_ws/build/rplidar_ros
[15.295s] Level 1:colcon.colcon_core.environment:create_environment_scripts_only(rplidar_ros)
[15.297s] Level 1:colcon.colcon_core.environment:checking '/home/karim/mako_robot/mako_ws/install/rplidar_ros' for CMake module files
[15.299s] DEBUG:colcon.colcon_core.event_handler.log_command:Invoked command in '/home/karim/mako_robot/mako_ws/build/rplidar_ros' returned '0': CMAKE_PREFIX_PATH=${CMAKE_PREFIX_PATH}:/home/karim/ros2_ws/install/my_py_pkg:/home/karim/project_ws/install/ros_project_pkg_py_robot_driver:/home/karim/project_ws/install/dev_test_tools:/opt/ros/foxy /usr/bin/cmake --install /home/karim/mako_robot/mako_ws/build/rplidar_ros
[15.300s] Level 1:colcon.colcon_core.environment:checking '/home/karim/mako_robot/mako_ws/install/rplidar_ros' for CMake config files
[15.300s] Level 1:colcon.colcon_core.shell:create_environment_hook('rplidar_ros', 'cmake_prefix_path')
[15.301s] INFO:colcon.colcon_core.shell:Creating environment hook '/home/karim/mako_robot/mako_ws/install/rplidar_ros/share/rplidar_ros/hook/cmake_prefix_path.ps1'
[15.302s] INFO:colcon.colcon_core.shell:Creating environment descriptor '/home/karim/mako_robot/mako_ws/install/rplidar_ros/share/rplidar_ros/hook/cmake_prefix_path.dsv'
[15.303s] INFO:colcon.colcon_core.shell:Creating environment hook '/home/karim/mako_robot/mako_ws/install/rplidar_ros/share/rplidar_ros/hook/cmake_prefix_path.sh'
[15.304s] Level 1:colcon.colcon_core.environment:checking '/home/karim/mako_robot/mako_ws/install/rplidar_ros/lib'
[15.305s] Level 1:colcon.colcon_core.shell:create_environment_hook('rplidar_ros', 'ld_library_path_lib')
[15.306s] INFO:colcon.colcon_core.shell:Creating environment hook '/home/karim/mako_robot/mako_ws/install/rplidar_ros/share/rplidar_ros/hook/ld_library_path_lib.ps1'
[15.307s] INFO:colcon.colcon_core.shell:Creating environment descriptor '/home/karim/mako_robot/mako_ws/install/rplidar_ros/share/rplidar_ros/hook/ld_library_path_lib.dsv'
[15.308s] INFO:colcon.colcon_core.shell:Creating environment hook '/home/karim/mako_robot/mako_ws/install/rplidar_ros/share/rplidar_ros/hook/ld_library_path_lib.sh'
[15.309s] Level 1:colcon.colcon_core.environment:checking '/home/karim/mako_robot/mako_ws/install/rplidar_ros/bin'
[15.309s] Level 1:colcon.colcon_core.environment:checking '/home/karim/mako_robot/mako_ws/install/rplidar_ros/lib/pkgconfig/rplidar_ros.pc'
[15.310s] Level 1:colcon.colcon_core.environment:checking '/home/karim/mako_robot/mako_ws/install/rplidar_ros/lib/python3.8/site-packages'
[15.311s] INFO:colcon.colcon_core.shell:Creating package script '/home/karim/mako_robot/mako_ws/install/rplidar_ros/share/rplidar_ros/package.ps1'
[15.313s] INFO:colcon.colcon_core.shell:Creating package descriptor '/home/karim/mako_robot/mako_ws/install/rplidar_ros/share/rplidar_ros/package.dsv'
[15.314s] INFO:colcon.colcon_core.shell:Creating package script '/home/karim/mako_robot/mako_ws/install/rplidar_ros/share/rplidar_ros/package.sh'
[15.315s] INFO:colcon.colcon_core.shell:Creating package script '/home/karim/mako_robot/mako_ws/install/rplidar_ros/share/rplidar_ros/package.bash'
[15.316s] INFO:colcon.colcon_core.shell:Creating package script '/home/karim/mako_robot/mako_ws/install/rplidar_ros/share/rplidar_ros/package.zsh'
[15.317s] Level 1:colcon.colcon_core.environment:create_file_with_runtime_dependencies(/home/karim/mako_robot/mako_ws/install/rplidar_ros/share/colcon-core/packages/rplidar_ros)
[15.426s] Level 1:colcon.colcon_core.environment:create_environment_scripts_only(rplidar_ros)
[15.426s] Level 1:colcon.colcon_core.environment:checking '/home/karim/mako_robot/mako_ws/install/rplidar_ros' for CMake module files
[15.428s] Level 1:colcon.colcon_core.environment:checking '/home/karim/mako_robot/mako_ws/install/rplidar_ros' for CMake config files
[15.428s] Level 1:colcon.colcon_core.shell:create_environment_hook('rplidar_ros', 'cmake_prefix_path')
[15.429s] INFO:colcon.colcon_core.shell:Creating environment hook '/home/karim/mako_robot/mako_ws/install/rplidar_ros/share/rplidar_ros/hook/cmake_prefix_path.ps1'
[15.430s] INFO:colcon.colcon_core.shell:Creating environment descriptor '/home/karim/mako_robot/mako_ws/install/rplidar_ros/share/rplidar_ros/hook/cmake_prefix_path.dsv'
[15.431s] INFO:colcon.colcon_core.shell:Creating environment hook '/home/karim/mako_robot/mako_ws/install/rplidar_ros/share/rplidar_ros/hook/cmake_prefix_path.sh'
[15.432s] Level 1:colcon.colcon_core.environment:checking '/home/karim/mako_robot/mako_ws/install/rplidar_ros/lib'
[15.433s] Level 1:colcon.colcon_core.shell:create_environment_hook('rplidar_ros', 'ld_library_path_lib')
[15.433s] INFO:colcon.colcon_core.shell:Creating environment hook '/home/karim/mako_robot/mako_ws/install/rplidar_ros/share/rplidar_ros/hook/ld_library_path_lib.ps1'
[15.434s] INFO:colcon.colcon_core.shell:Creating environment descriptor '/home/karim/mako_robot/mako_ws/install/rplidar_ros/share/rplidar_ros/hook/ld_library_path_lib.dsv'
[15.435s] INFO:colcon.colcon_core.shell:Creating environment hook '/home/karim/mako_robot/mako_ws/install/rplidar_ros/share/rplidar_ros/hook/ld_library_path_lib.sh'
[15.436s] Level 1:colcon.colcon_core.environment:checking '/home/karim/mako_robot/mako_ws/install/rplidar_ros/bin'
[15.436s] Level 1:colcon.colcon_core.environment:checking '/home/karim/mako_robot/mako_ws/install/rplidar_ros/lib/pkgconfig/rplidar_ros.pc'
[15.437s] Level 1:colcon.colcon_core.environment:checking '/home/karim/mako_robot/mako_ws/install/rplidar_ros/lib/python3.8/site-packages'
[15.438s] INFO:colcon.colcon_core.shell:Creating package script '/home/karim/mako_robot/mako_ws/install/rplidar_ros/share/rplidar_ros/package.ps1'
[15.440s] INFO:colcon.colcon_core.shell:Creating package descriptor '/home/karim/mako_robot/mako_ws/install/rplidar_ros/share/rplidar_ros/package.dsv'
[15.441s] INFO:colcon.colcon_core.shell:Creating package script '/home/karim/mako_robot/mako_ws/install/rplidar_ros/share/rplidar_ros/package.sh'
[15.442s] INFO:colcon.colcon_core.shell:Creating package script '/home/karim/mako_robot/mako_ws/install/rplidar_ros/share/rplidar_ros/package.bash'
[15.443s] INFO:colcon.colcon_core.shell:Creating package script '/home/karim/mako_robot/mako_ws/install/rplidar_ros/share/rplidar_ros/package.zsh'
[15.444s] Level 1:colcon.colcon_core.environment:create_file_with_runtime_dependencies(/home/karim/mako_robot/mako_ws/install/rplidar_ros/share/colcon-core/packages/rplidar_ros)
[15.444s] DEBUG:colcon.colcon_parallel_executor.executor.parallel:closing loop
[15.445s] DEBUG:colcon.colcon_parallel_executor.executor.parallel:loop closed
[15.445s] DEBUG:colcon.colcon_parallel_executor.executor.parallel:run_until_complete finished with '0'
[15.445s] DEBUG:colcon.colcon_core.event_reactor:joining thread
[15.465s] INFO:colcon.colcon_core.plugin_system:Skipping extension 'colcon_notification.desktop_notification.terminal_notifier': Not used on non-Darwin systems
[15.465s] INFO:colcon.colcon_core.plugin_system:Skipping extension 'colcon_notification.desktop_notification.win32': Not used on non-Windows systems
[15.465s] INFO:colcon.colcon_notification.desktop_notification:Sending desktop notification using 'notify2'
[15.500s] DEBUG:colcon.colcon_core.event_reactor:joined thread
[15.501s] INFO:colcon.colcon_core.shell:Creating prefix script '/home/karim/mako_robot/mako_ws/install/local_setup.ps1'
[15.503s] INFO:colcon.colcon_core.shell:Creating prefix util module '/home/karim/mako_robot/mako_ws/install/_local_setup_util_ps1.py'
[15.505s] INFO:colcon.colcon_core.shell:Creating prefix chain script '/home/karim/mako_robot/mako_ws/install/setup.ps1'
[15.509s] INFO:colcon.colcon_core.shell:Creating prefix script '/home/karim/mako_robot/mako_ws/install/local_setup.sh'
[15.512s] INFO:colcon.colcon_core.shell:Creating prefix util module '/home/karim/mako_robot/mako_ws/install/_local_setup_util_sh.py'
[15.515s] INFO:colcon.colcon_core.shell:Creating prefix chain script '/home/karim/mako_robot/mako_ws/install/setup.sh'
[15.519s] INFO:colcon.colcon_core.shell:Creating prefix script '/home/karim/mako_robot/mako_ws/install/local_setup.bash'
[15.520s] INFO:colcon.colcon_core.shell:Creating prefix chain script '/home/karim/mako_robot/mako_ws/install/setup.bash'
[15.524s] INFO:colcon.colcon_core.shell:Creating prefix script '/home/karim/mako_robot/mako_ws/install/local_setup.zsh'
[15.526s] INFO:colcon.colcon_core.shell:Creating prefix chain script '/home/karim/mako_robot/mako_ws/install/setup.zsh'
