[0.733s] DEBUG:colcon:Command line arguments: ['/usr/bin/colcon', 'build']
[0.734s] DEBUG:colcon:Parsed command line arguments: Namespace(ament_cmake_args=None, base_paths=['.'], build_base='build', catkin_cmake_args=None, catkin_skip_building_tests=False, cmake_args=None, cmake_clean_cache=False, cmake_clean_first=False, cmake_force_configure=False, cmake_target=None, cmake_target_skip_unavailable=False, continue_on_error=False, event_handlers=None, executor='parallel', ignore_user_meta=False, install_base='install', log_base=None, log_level=None, main=<bound method BuildVerb.main of <colcon_core.verb.build.BuildVerb object at 0xffff83ed0370>>, merge_install=False, metas=['./colcon.meta'], packages_above=None, packages_above_and_dependencies=None, packages_above_depth=None, packages_end=None, packages_ignore=None, packages_ignore_regex=None, packages_select=None, packages_select_build_failed=False, packages_select_by_dep=None, packages_select_regex=None, packages_select_test_failures=False, packages_skip=None, packages_skip_build_finished=False, packages_skip_by_dep=None, packages_skip_regex=None, packages_skip_test_passed=False, packages_skip_up_to=None, packages_start=None, packages_up_to=None, packages_up_to_regex=None, parallel_workers=4, paths=None, symlink_install=False, test_result_base=None, verb_extension=<colcon_core.verb.build.BuildVerb object at 0xffff83ed0370>, verb_name='build', verb_parser=<colcon_defaults.argument_parser.defaults.DefaultArgumentsDecorator object at 0xffff83ed08b0>)
[0.760s] Level 1:colcon.colcon_core.package_discovery:discover_packages(colcon_meta) check parameters
[0.761s] Level 1:colcon.colcon_core.package_discovery:discover_packages(recursive) check parameters
[0.761s] Level 1:colcon.colcon_core.package_discovery:discover_packages(ignore) check parameters
[0.761s] Level 1:colcon.colcon_core.package_discovery:discover_packages(path) check parameters
[0.761s] Level 1:colcon.colcon_core.package_discovery:discover_packages(colcon_meta) discover
[0.762s] Level 1:colcon.colcon_core.package_discovery:discover_packages(recursive) discover
[0.762s] INFO:colcon.colcon_core.package_discovery:Crawling recursively for packages in '/home/ubuntu/mako_ws/mako_robot'
[0.762s] Level 1:colcon.colcon_core.package_identification:_identify(.) by extensions ['ignore', 'ignore_ament_install']
[0.763s] Level 1:colcon.colcon_core.package_identification:_identify(.) by extension 'ignore'
[0.763s] Level 1:colcon.colcon_core.package_identification:_identify(.) by extension 'ignore_ament_install'
[0.763s] Level 1:colcon.colcon_core.package_identification:_identify(.) by extensions ['colcon_pkg']
[0.763s] Level 1:colcon.colcon_core.package_identification:_identify(.) by extension 'colcon_pkg'
[0.763s] Level 1:colcon.colcon_core.package_identification:_identify(.) by extensions ['colcon_meta']
[0.764s] Level 1:colcon.colcon_core.package_identification:_identify(.) by extension 'colcon_meta'
[0.764s] Level 1:colcon.colcon_core.package_identification:_identify(.) by extensions ['ros']
[0.764s] Level 1:colcon.colcon_core.package_identification:_identify(.) by extension 'ros'
[0.813s] Level 1:colcon.colcon_core.package_identification:_identify(.) by extensions ['cmake', 'python']
[0.814s] Level 1:colcon.colcon_core.package_identification:_identify(.) by extension 'cmake'
[0.814s] Level 1:colcon.colcon_core.package_identification:_identify(.) by extension 'python'
[0.814s] Level 1:colcon.colcon_core.package_identification:_identify(.) by extensions ['python_setup_py']
[0.814s] Level 1:colcon.colcon_core.package_identification:_identify(.) by extension 'python_setup_py'
[0.815s] Level 1:colcon.colcon_core.package_identification:_identify(build) by extensions ['ignore', 'ignore_ament_install']
[0.815s] Level 1:colcon.colcon_core.package_identification:_identify(build) by extension 'ignore'
[0.815s] Level 1:colcon.colcon_core.package_identification:_identify(build) ignored
[0.816s] Level 1:colcon.colcon_core.package_identification:_identify(install) by extensions ['ignore', 'ignore_ament_install']
[0.816s] Level 1:colcon.colcon_core.package_identification:_identify(install) by extension 'ignore'
[0.817s] Level 1:colcon.colcon_core.package_identification:_identify(install) ignored
[0.817s] Level 1:colcon.colcon_core.package_identification:_identify(log) by extensions ['ignore', 'ignore_ament_install']
[0.817s] Level 1:colcon.colcon_core.package_identification:_identify(log) by extension 'ignore'
[0.818s] Level 1:colcon.colcon_core.package_identification:_identify(log) ignored
[0.818s] Level 1:colcon.colcon_core.package_identification:_identify(src) by extensions ['ignore', 'ignore_ament_install']
[0.818s] Level 1:colcon.colcon_core.package_identification:_identify(src) by extension 'ignore'
[0.819s] Level 1:colcon.colcon_core.package_identification:_identify(src) by extension 'ignore_ament_install'
[0.819s] Level 1:colcon.colcon_core.package_identification:_identify(src) by extensions ['colcon_pkg']
[0.819s] Level 1:colcon.colcon_core.package_identification:_identify(src) by extension 'colcon_pkg'
[0.819s] Level 1:colcon.colcon_core.package_identification:_identify(src) by extensions ['colcon_meta']
[0.819s] Level 1:colcon.colcon_core.package_identification:_identify(src) by extension 'colcon_meta'
[0.819s] Level 1:colcon.colcon_core.package_identification:_identify(src) by extensions ['ros']
[0.820s] Level 1:colcon.colcon_core.package_identification:_identify(src) by extension 'ros'
[0.820s] Level 1:colcon.colcon_core.package_identification:_identify(src) by extensions ['cmake', 'python']
[0.820s] Level 1:colcon.colcon_core.package_identification:_identify(src) by extension 'cmake'
[0.820s] Level 1:colcon.colcon_core.package_identification:_identify(src) by extension 'python'
[0.820s] Level 1:colcon.colcon_core.package_identification:_identify(src) by extensions ['python_setup_py']
[0.821s] Level 1:colcon.colcon_core.package_identification:_identify(src) by extension 'python_setup_py'
[0.821s] Level 1:colcon.colcon_core.package_identification:_identify(src/dev_test_tools) by extensions ['ignore', 'ignore_ament_install']
[0.821s] Level 1:colcon.colcon_core.package_identification:_identify(src/dev_test_tools) by extension 'ignore'
[0.822s] Level 1:colcon.colcon_core.package_identification:_identify(src/dev_test_tools) by extension 'ignore_ament_install'
[0.822s] Level 1:colcon.colcon_core.package_identification:_identify(src/dev_test_tools) by extensions ['colcon_pkg']
[0.822s] Level 1:colcon.colcon_core.package_identification:_identify(src/dev_test_tools) by extension 'colcon_pkg'
[0.822s] Level 1:colcon.colcon_core.package_identification:_identify(src/dev_test_tools) by extensions ['colcon_meta']
[0.822s] Level 1:colcon.colcon_core.package_identification:_identify(src/dev_test_tools) by extension 'colcon_meta'
[0.823s] Level 1:colcon.colcon_core.package_identification:_identify(src/dev_test_tools) by extensions ['ros']
[0.823s] Level 1:colcon.colcon_core.package_identification:_identify(src/dev_test_tools) by extension 'ros'
[0.836s] DEBUG:colcon.colcon_core.package_identification:Package 'src/dev_test_tools' with type 'ros.ament_python' and name 'dev_test_tools'
[0.837s] Level 1:colcon.colcon_core.package_identification:_identify(src/rplidar_ros2) by extensions ['ignore', 'ignore_ament_install']
[0.838s] Level 1:colcon.colcon_core.package_identification:_identify(src/rplidar_ros2) by extension 'ignore'
[0.838s] Level 1:colcon.colcon_core.package_identification:_identify(src/rplidar_ros2) by extension 'ignore_ament_install'
[0.838s] Level 1:colcon.colcon_core.package_identification:_identify(src/rplidar_ros2) by extensions ['colcon_pkg']
[0.838s] Level 1:colcon.colcon_core.package_identification:_identify(src/rplidar_ros2) by extension 'colcon_pkg'
[0.839s] Level 1:colcon.colcon_core.package_identification:_identify(src/rplidar_ros2) by extensions ['colcon_meta']
[0.839s] Level 1:colcon.colcon_core.package_identification:_identify(src/rplidar_ros2) by extension 'colcon_meta'
[0.839s] Level 1:colcon.colcon_core.package_identification:_identify(src/rplidar_ros2) by extensions ['ros']
[0.839s] Level 1:colcon.colcon_core.package_identification:_identify(src/rplidar_ros2) by extension 'ros'
[0.843s] DEBUG:colcon.colcon_core.package_identification:Package 'src/rplidar_ros2' with type 'ros.ament_cmake' and name 'rplidar_ros'
[0.844s] Level 1:colcon.colcon_core.package_discovery:discover_packages(recursive) using defaults
[0.844s] Level 1:colcon.colcon_core.package_discovery:discover_packages(ignore) discover
[0.844s] Level 1:colcon.colcon_core.package_discovery:discover_packages(ignore) using defaults
[0.844s] Level 1:colcon.colcon_core.package_discovery:discover_packages(path) discover
[0.845s] Level 1:colcon.colcon_core.package_discovery:discover_packages(path) using defaults
[0.931s] Level 5:colcon.colcon_core.verb:set package 'dev_test_tools' build argument 'cmake_args' from command line to 'None'
[0.931s] Level 5:colcon.colcon_core.verb:set package 'dev_test_tools' build argument 'cmake_target' from command line to 'None'
[0.932s] Level 5:colcon.colcon_core.verb:set package 'dev_test_tools' build argument 'cmake_target_skip_unavailable' from command line to 'False'
[0.932s] Level 5:colcon.colcon_core.verb:set package 'dev_test_tools' build argument 'cmake_clean_cache' from command line to 'False'
[0.932s] Level 5:colcon.colcon_core.verb:set package 'dev_test_tools' build argument 'cmake_clean_first' from command line to 'False'
[0.932s] Level 5:colcon.colcon_core.verb:set package 'dev_test_tools' build argument 'cmake_force_configure' from command line to 'False'
[0.932s] Level 5:colcon.colcon_core.verb:set package 'dev_test_tools' build argument 'ament_cmake_args' from command line to 'None'
[0.932s] Level 5:colcon.colcon_core.verb:set package 'dev_test_tools' build argument 'catkin_cmake_args' from command line to 'None'
[0.932s] Level 5:colcon.colcon_core.verb:set package 'dev_test_tools' build argument 'catkin_skip_building_tests' from command line to 'False'
[0.933s] DEBUG:colcon.colcon_core.verb:Building package 'dev_test_tools' with the following arguments: {'ament_cmake_args': None, 'build_base': '/home/ubuntu/mako_ws/mako_robot/build/dev_test_tools', 'catkin_cmake_args': None, 'catkin_skip_building_tests': False, 'cmake_args': None, 'cmake_clean_cache': False, 'cmake_clean_first': False, 'cmake_force_configure': False, 'cmake_target': None, 'cmake_target_skip_unavailable': False, 'install_base': '/home/ubuntu/mako_ws/mako_robot/install/dev_test_tools', 'merge_install': False, 'path': '/home/ubuntu/mako_ws/mako_robot/src/dev_test_tools', 'symlink_install': False, 'test_result_base': None}
[0.946s] Level 5:colcon.colcon_core.verb:set package 'rplidar_ros' build argument 'cmake_args' from command line to 'None'
[0.946s] Level 5:colcon.colcon_core.verb:set package 'rplidar_ros' build argument 'cmake_target' from command line to 'None'
[0.946s] Level 5:colcon.colcon_core.verb:set package 'rplidar_ros' build argument 'cmake_target_skip_unavailable' from command line to 'False'
[0.946s] Level 5:colcon.colcon_core.verb:set package 'rplidar_ros' build argument 'cmake_clean_cache' from command line to 'False'
[0.947s] Level 5:colcon.colcon_core.verb:set package 'rplidar_ros' build argument 'cmake_clean_first' from command line to 'False'
[0.947s] Level 5:colcon.colcon_core.verb:set package 'rplidar_ros' build argument 'cmake_force_configure' from command line to 'False'
[0.947s] Level 5:colcon.colcon_core.verb:set package 'rplidar_ros' build argument 'ament_cmake_args' from command line to 'None'
[0.947s] Level 5:colcon.colcon_core.verb:set package 'rplidar_ros' build argument 'catkin_cmake_args' from command line to 'None'
[0.947s] Level 5:colcon.colcon_core.verb:set package 'rplidar_ros' build argument 'catkin_skip_building_tests' from command line to 'False'
[0.947s] DEBUG:colcon.colcon_core.verb:Building package 'rplidar_ros' with the following arguments: {'ament_cmake_args': None, 'build_base': '/home/ubuntu/mako_ws/mako_robot/build/rplidar_ros', 'catkin_cmake_args': None, 'catkin_skip_building_tests': False, 'cmake_args': None, 'cmake_clean_cache': False, 'cmake_clean_first': False, 'cmake_force_configure': False, 'cmake_target': None, 'cmake_target_skip_unavailable': False, 'install_base': '/home/ubuntu/mako_ws/mako_robot/install/rplidar_ros', 'merge_install': False, 'path': '/home/ubuntu/mako_ws/mako_robot/src/rplidar_ros2', 'symlink_install': False, 'test_result_base': None}
[0.949s] INFO:colcon.colcon_core.executor:Executing jobs using 'parallel' executor
[0.958s] DEBUG:colcon.colcon_parallel_executor.executor.parallel:run_until_complete
[0.959s] INFO:colcon.colcon_ros.task.ament_python.build:Building ROS package in '/home/ubuntu/mako_ws/mako_robot/src/dev_test_tools' with build type 'ament_python'
[0.959s] Level 1:colcon.colcon_core.shell:create_environment_hook('dev_test_tools', 'ament_prefix_path')
[0.974s] INFO:colcon.colcon_core.plugin_system:Skipping extension 'colcon_core.shell.bat': Not used on non-Windows systems
[0.975s] INFO:colcon.colcon_core.shell:Creating environment hook '/home/ubuntu/mako_ws/mako_robot/install/dev_test_tools/share/dev_test_tools/hook/ament_prefix_path.ps1'
[0.978s] INFO:colcon.colcon_core.shell:Creating environment descriptor '/home/ubuntu/mako_ws/mako_robot/install/dev_test_tools/share/dev_test_tools/hook/ament_prefix_path.dsv'
[0.985s] INFO:colcon.colcon_core.shell:Creating environment hook '/home/ubuntu/mako_ws/mako_robot/install/dev_test_tools/share/dev_test_tools/hook/ament_prefix_path.sh'
[0.995s] INFO:colcon.colcon_core.shell:Skip shell extension 'powershell' for command environment: Not usable outside of PowerShell
[0.996s] DEBUG:colcon.colcon_core.shell:Skip shell extension 'dsv' for command environment
[1.009s] WARNING:colcon.colcon_core.prefix_path.colcon:The path '/home/ubuntu/lidar_test/install' in the environment variable COLCON_PREFIX_PATH doesn't exist
[1.010s] WARNING:colcon.colcon_ros.prefix_path.ament:The path '/home/ubuntu/lidar_test/install/rplidar_ros' in the environment variable AMENT_PREFIX_PATH doesn't exist
[1.012s] WARNING:colcon.colcon_ros.prefix_path.catkin:The path '/home/ubuntu/lidar_test/install/rplidar_ros' in the environment variable CMAKE_PREFIX_PATH doesn't exist
[1.014s] DEBUG:colcon.colcon_core.shell:Ignoring prefix path '/opt/ros/foxy'
[1.027s] INFO:colcon.colcon_ros.task.ament_cmake.build:Building ROS package in '/home/ubuntu/mako_ws/mako_robot/src/rplidar_ros2' with build type 'ament_cmake'
[1.029s] INFO:colcon.colcon_cmake.task.cmake.build:Building CMake package in '/home/ubuntu/mako_ws/mako_robot/src/rplidar_ros2'
[1.033s] INFO:colcon.colcon_core.shell:Skip shell extension 'powershell' for command environment: Not usable outside of PowerShell
[1.036s] DEBUG:colcon.colcon_core.shell:Skip shell extension 'dsv' for command environment
[1.049s] DEBUG:colcon.colcon_core.shell:Ignoring prefix path '/opt/ros/foxy'
[2.258s] INFO:colcon.colcon_core.task.python.build:Building Python package in '/home/ubuntu/mako_ws/mako_robot/src/dev_test_tools'
[2.261s] INFO:colcon.colcon_core.shell:Skip shell extension 'powershell' for command environment: Not usable outside of PowerShell
[2.261s] DEBUG:colcon.colcon_core.shell:Skip shell extension 'dsv' for command environment
[2.269s] DEBUG:colcon.colcon_core.shell:Ignoring prefix path '/opt/ros/foxy'
[2.299s] DEBUG:colcon.colcon_core.event_handler.log_command:Invoking command in '/home/ubuntu/mako_ws/mako_robot/build/rplidar_ros': CMAKE_PREFIX_PATH=${CMAKE_PREFIX_PATH}:/opt/ros/foxy /usr/bin/cmake --build /home/ubuntu/mako_ws/mako_robot/build/rplidar_ros -- -j4 -l4
[2.340s] DEBUG:colcon.colcon_core.event_handler.log_command:Invoking command in '/home/ubuntu/mako_ws/mako_robot/src/dev_test_tools': PYTHONPATH=/home/ubuntu/mako_ws/mako_robot/install/dev_test_tools/lib/python3.8/site-packages:${PYTHONPATH} /usr/bin/python3 setup.py egg_info --egg-base ../../build/dev_test_tools build --build-base /home/ubuntu/mako_ws/mako_robot/build/dev_test_tools/build install --prefix /home/ubuntu/mako_ws/mako_robot/install/dev_test_tools --record /home/ubuntu/mako_ws/mako_robot/build/dev_test_tools/install.log --single-version-externally-managed
[2.988s] DEBUG:colcon.colcon_core.event_handler.log_command:Invoked command in '/home/ubuntu/mako_ws/mako_robot/build/rplidar_ros' returned '0': CMAKE_PREFIX_PATH=${CMAKE_PREFIX_PATH}:/opt/ros/foxy /usr/bin/cmake --build /home/ubuntu/mako_ws/mako_robot/build/rplidar_ros -- -j4 -l4
[3.324s] DEBUG:colcon.colcon_core.event_handler.log_command:Invoking command in '/home/ubuntu/mako_ws/mako_robot/build/rplidar_ros': CMAKE_PREFIX_PATH=${CMAKE_PREFIX_PATH}:/opt/ros/foxy /usr/bin/cmake --install /home/ubuntu/mako_ws/mako_robot/build/rplidar_ros
[3.413s] Level 1:colcon.colcon_core.environment:create_environment_scripts_only(rplidar_ros)
[3.427s] DEBUG:colcon.colcon_core.event_handler.log_command:Invoked command in '/home/ubuntu/mako_ws/mako_robot/build/rplidar_ros' returned '0': CMAKE_PREFIX_PATH=${CMAKE_PREFIX_PATH}:/opt/ros/foxy /usr/bin/cmake --install /home/ubuntu/mako_ws/mako_robot/build/rplidar_ros
[3.439s] Level 1:colcon.colcon_core.environment:checking '/home/ubuntu/mako_ws/mako_robot/install/rplidar_ros' for CMake module files
[3.444s] Level 1:colcon.colcon_core.environment:checking '/home/ubuntu/mako_ws/mako_robot/install/rplidar_ros' for CMake config files
[3.447s] Level 1:colcon.colcon_core.shell:create_environment_hook('rplidar_ros', 'cmake_prefix_path')
[3.450s] INFO:colcon.colcon_core.shell:Creating environment hook '/home/ubuntu/mako_ws/mako_robot/install/rplidar_ros/share/rplidar_ros/hook/cmake_prefix_path.ps1'
[3.453s] INFO:colcon.colcon_core.shell:Creating environment descriptor '/home/ubuntu/mako_ws/mako_robot/install/rplidar_ros/share/rplidar_ros/hook/cmake_prefix_path.dsv'
[3.455s] INFO:colcon.colcon_core.shell:Creating environment hook '/home/ubuntu/mako_ws/mako_robot/install/rplidar_ros/share/rplidar_ros/hook/cmake_prefix_path.sh'
[3.459s] Level 1:colcon.colcon_core.environment:checking '/home/ubuntu/mako_ws/mako_robot/install/rplidar_ros/lib'
[3.460s] Level 1:colcon.colcon_core.shell:create_environment_hook('rplidar_ros', 'ld_library_path_lib')
[3.462s] INFO:colcon.colcon_core.shell:Creating environment hook '/home/ubuntu/mako_ws/mako_robot/install/rplidar_ros/share/rplidar_ros/hook/ld_library_path_lib.ps1'
[3.464s] INFO:colcon.colcon_core.shell:Creating environment descriptor '/home/ubuntu/mako_ws/mako_robot/install/rplidar_ros/share/rplidar_ros/hook/ld_library_path_lib.dsv'
[3.467s] INFO:colcon.colcon_core.shell:Creating environment hook '/home/ubuntu/mako_ws/mako_robot/install/rplidar_ros/share/rplidar_ros/hook/ld_library_path_lib.sh'
[3.469s] Level 1:colcon.colcon_core.environment:checking '/home/ubuntu/mako_ws/mako_robot/install/rplidar_ros/bin'
[3.469s] Level 1:colcon.colcon_core.environment:checking '/home/ubuntu/mako_ws/mako_robot/install/rplidar_ros/lib/pkgconfig/rplidar_ros.pc'
[3.470s] Level 1:colcon.colcon_core.environment:checking '/home/ubuntu/mako_ws/mako_robot/install/rplidar_ros/lib/python3.8/site-packages'
[3.473s] INFO:colcon.colcon_core.shell:Creating package script '/home/ubuntu/mako_ws/mako_robot/install/rplidar_ros/share/rplidar_ros/package.ps1'
[3.477s] INFO:colcon.colcon_core.shell:Creating package descriptor '/home/ubuntu/mako_ws/mako_robot/install/rplidar_ros/share/rplidar_ros/package.dsv'
[3.481s] INFO:colcon.colcon_core.shell:Creating package script '/home/ubuntu/mako_ws/mako_robot/install/rplidar_ros/share/rplidar_ros/package.sh'
[3.485s] INFO:colcon.colcon_core.shell:Creating package script '/home/ubuntu/mako_ws/mako_robot/install/rplidar_ros/share/rplidar_ros/package.bash'
[3.496s] INFO:colcon.colcon_core.shell:Creating package script '/home/ubuntu/mako_ws/mako_robot/install/rplidar_ros/share/rplidar_ros/package.zsh'
[3.500s] Level 1:colcon.colcon_core.environment:create_file_with_runtime_dependencies(/home/ubuntu/mako_ws/mako_robot/install/rplidar_ros/share/colcon-core/packages/rplidar_ros)
[3.776s] Level 1:colcon.colcon_core.environment:create_environment_scripts_only(rplidar_ros)
[3.780s] Level 1:colcon.colcon_core.environment:checking '/home/ubuntu/mako_ws/mako_robot/install/rplidar_ros' for CMake module files
[3.785s] Level 1:colcon.colcon_core.environment:checking '/home/ubuntu/mako_ws/mako_robot/install/rplidar_ros' for CMake config files
[3.787s] Level 1:colcon.colcon_core.shell:create_environment_hook('rplidar_ros', 'cmake_prefix_path')
[3.790s] INFO:colcon.colcon_core.shell:Creating environment hook '/home/ubuntu/mako_ws/mako_robot/install/rplidar_ros/share/rplidar_ros/hook/cmake_prefix_path.ps1'
[3.805s] INFO:colcon.colcon_core.shell:Creating environment descriptor '/home/ubuntu/mako_ws/mako_robot/install/rplidar_ros/share/rplidar_ros/hook/cmake_prefix_path.dsv'
[3.807s] INFO:colcon.colcon_core.shell:Creating environment hook '/home/ubuntu/mako_ws/mako_robot/install/rplidar_ros/share/rplidar_ros/hook/cmake_prefix_path.sh'
[3.811s] Level 1:colcon.colcon_core.environment:checking '/home/ubuntu/mako_ws/mako_robot/install/rplidar_ros/lib'
[3.811s] Level 1:colcon.colcon_core.shell:create_environment_hook('rplidar_ros', 'ld_library_path_lib')
[3.819s] INFO:colcon.colcon_core.shell:Creating environment hook '/home/ubuntu/mako_ws/mako_robot/install/rplidar_ros/share/rplidar_ros/hook/ld_library_path_lib.ps1'
[3.821s] INFO:colcon.colcon_core.shell:Creating environment descriptor '/home/ubuntu/mako_ws/mako_robot/install/rplidar_ros/share/rplidar_ros/hook/ld_library_path_lib.dsv'
[3.823s] INFO:colcon.colcon_core.shell:Creating environment hook '/home/ubuntu/mako_ws/mako_robot/install/rplidar_ros/share/rplidar_ros/hook/ld_library_path_lib.sh'
[3.825s] Level 1:colcon.colcon_core.environment:checking '/home/ubuntu/mako_ws/mako_robot/install/rplidar_ros/bin'
[3.826s] Level 1:colcon.colcon_core.environment:checking '/home/ubuntu/mako_ws/mako_robot/install/rplidar_ros/lib/pkgconfig/rplidar_ros.pc'
[3.826s] Level 1:colcon.colcon_core.environment:checking '/home/ubuntu/mako_ws/mako_robot/install/rplidar_ros/lib/python3.8/site-packages'
[3.829s] INFO:colcon.colcon_core.shell:Creating package script '/home/ubuntu/mako_ws/mako_robot/install/rplidar_ros/share/rplidar_ros/package.ps1'
[3.832s] INFO:colcon.colcon_core.shell:Creating package descriptor '/home/ubuntu/mako_ws/mako_robot/install/rplidar_ros/share/rplidar_ros/package.dsv'
[3.835s] INFO:colcon.colcon_core.shell:Creating package script '/home/ubuntu/mako_ws/mako_robot/install/rplidar_ros/share/rplidar_ros/package.sh'
[3.838s] INFO:colcon.colcon_core.shell:Creating package script '/home/ubuntu/mako_ws/mako_robot/install/rplidar_ros/share/rplidar_ros/package.bash'
[3.842s] INFO:colcon.colcon_core.shell:Creating package script '/home/ubuntu/mako_ws/mako_robot/install/rplidar_ros/share/rplidar_ros/package.zsh'
[3.845s] Level 1:colcon.colcon_core.environment:create_file_with_runtime_dependencies(/home/ubuntu/mako_ws/mako_robot/install/rplidar_ros/share/colcon-core/packages/rplidar_ros)
[4.138s] Level 1:colcon.colcon_core.environment:checking '/home/ubuntu/mako_ws/mako_robot/install/dev_test_tools' for CMake module files
[4.142s] DEBUG:colcon.colcon_core.event_handler.log_command:Invoked command in '/home/ubuntu/mako_ws/mako_robot/src/dev_test_tools' returned '0': PYTHONPATH=/home/ubuntu/mako_ws/mako_robot/install/dev_test_tools/lib/python3.8/site-packages:${PYTHONPATH} /usr/bin/python3 setup.py egg_info --egg-base ../../build/dev_test_tools build --build-base /home/ubuntu/mako_ws/mako_robot/build/dev_test_tools/build install --prefix /home/ubuntu/mako_ws/mako_robot/install/dev_test_tools --record /home/ubuntu/mako_ws/mako_robot/build/dev_test_tools/install.log --single-version-externally-managed
[4.145s] Level 1:colcon.colcon_core.environment:checking '/home/ubuntu/mako_ws/mako_robot/install/dev_test_tools' for CMake config files
[4.150s] Level 1:colcon.colcon_core.environment:checking '/home/ubuntu/mako_ws/mako_robot/install/dev_test_tools/lib'
[4.151s] Level 1:colcon.colcon_core.environment:checking '/home/ubuntu/mako_ws/mako_robot/install/dev_test_tools/bin'
[4.152s] Level 1:colcon.colcon_core.environment:checking '/home/ubuntu/mako_ws/mako_robot/install/dev_test_tools/lib/pkgconfig/dev_test_tools.pc'
[4.152s] Level 1:colcon.colcon_core.environment:checking '/home/ubuntu/mako_ws/mako_robot/install/dev_test_tools/lib/python3.8/site-packages'
[4.153s] Level 1:colcon.colcon_core.shell:create_environment_hook('dev_test_tools', 'pythonpath')
[4.155s] INFO:colcon.colcon_core.shell:Creating environment hook '/home/ubuntu/mako_ws/mako_robot/install/dev_test_tools/share/dev_test_tools/hook/pythonpath.ps1'
[4.157s] INFO:colcon.colcon_core.shell:Creating environment descriptor '/home/ubuntu/mako_ws/mako_robot/install/dev_test_tools/share/dev_test_tools/hook/pythonpath.dsv'
[4.159s] INFO:colcon.colcon_core.shell:Creating environment hook '/home/ubuntu/mako_ws/mako_robot/install/dev_test_tools/share/dev_test_tools/hook/pythonpath.sh'
[4.161s] Level 1:colcon.colcon_core.environment:create_environment_scripts_only(dev_test_tools)
[4.163s] INFO:colcon.colcon_core.shell:Creating package script '/home/ubuntu/mako_ws/mako_robot/install/dev_test_tools/share/dev_test_tools/package.ps1'
[4.166s] INFO:colcon.colcon_core.shell:Creating package descriptor '/home/ubuntu/mako_ws/mako_robot/install/dev_test_tools/share/dev_test_tools/package.dsv'
[4.168s] INFO:colcon.colcon_core.shell:Creating package script '/home/ubuntu/mako_ws/mako_robot/install/dev_test_tools/share/dev_test_tools/package.sh'
[4.170s] INFO:colcon.colcon_core.shell:Creating package script '/home/ubuntu/mako_ws/mako_robot/install/dev_test_tools/share/dev_test_tools/package.bash'
[4.172s] INFO:colcon.colcon_core.shell:Creating package script '/home/ubuntu/mako_ws/mako_robot/install/dev_test_tools/share/dev_test_tools/package.zsh'
[4.173s] Level 1:colcon.colcon_core.environment:create_file_with_runtime_dependencies(/home/ubuntu/mako_ws/mako_robot/install/dev_test_tools/share/colcon-core/packages/dev_test_tools)
[4.175s] DEBUG:colcon.colcon_parallel_executor.executor.parallel:closing loop
[4.176s] DEBUG:colcon.colcon_parallel_executor.executor.parallel:loop closed
[4.176s] DEBUG:colcon.colcon_parallel_executor.executor.parallel:run_until_complete finished with '0'
[4.176s] DEBUG:colcon.colcon_core.event_reactor:joining thread
[4.209s] INFO:colcon.colcon_core.plugin_system:Skipping extension 'colcon_notification.desktop_notification.terminal_notifier': Not used on non-Darwin systems
[4.209s] INFO:colcon.colcon_core.plugin_system:Skipping extension 'colcon_notification.desktop_notification.win32': Not used on non-Windows systems
[4.209s] INFO:colcon.colcon_notification.desktop_notification:Sending desktop notification using 'notify2'
[4.325s] DEBUG:colcon.colcon_core.event_reactor:joined thread
[4.328s] INFO:colcon.colcon_core.shell:Creating prefix script '/home/ubuntu/mako_ws/mako_robot/install/local_setup.ps1'
[4.332s] INFO:colcon.colcon_core.shell:Creating prefix util module '/home/ubuntu/mako_ws/mako_robot/install/_local_setup_util_ps1.py'
[4.341s] INFO:colcon.colcon_core.shell:Creating prefix chain script '/home/ubuntu/mako_ws/mako_robot/install/setup.ps1'
[4.358s] INFO:colcon.colcon_core.shell:Creating prefix script '/home/ubuntu/mako_ws/mako_robot/install/local_setup.sh'
[4.360s] INFO:colcon.colcon_core.shell:Creating prefix util module '/home/ubuntu/mako_ws/mako_robot/install/_local_setup_util_sh.py'
[4.363s] INFO:colcon.colcon_core.shell:Creating prefix chain script '/home/ubuntu/mako_ws/mako_robot/install/setup.sh'
[4.374s] INFO:colcon.colcon_core.shell:Creating prefix script '/home/ubuntu/mako_ws/mako_robot/install/local_setup.bash'
[4.377s] INFO:colcon.colcon_core.shell:Creating prefix chain script '/home/ubuntu/mako_ws/mako_robot/install/setup.bash'
[4.388s] INFO:colcon.colcon_core.shell:Creating prefix script '/home/ubuntu/mako_ws/mako_robot/install/local_setup.zsh'
[4.393s] INFO:colcon.colcon_core.shell:Creating prefix chain script '/home/ubuntu/mako_ws/mako_robot/install/setup.zsh'
