[1.061s] DEBUG:colcon:Command line arguments: ['/usr/bin/colcon', 'build']
[1.061s] DEBUG:colcon:Parsed command line arguments: Namespace(ament_cmake_args=None, base_paths=['.'], build_base='build', catkin_cmake_args=None, catkin_skip_building_tests=False, cmake_args=None, cmake_clean_cache=False, cmake_clean_first=False, cmake_force_configure=False, cmake_target=None, cmake_target_skip_unavailable=False, continue_on_error=False, event_handlers=None, executor='parallel', ignore_user_meta=False, install_base='install', log_base=None, log_level=None, main=<bound method BuildVerb.main of <colcon_core.verb.build.BuildVerb object at 0xffff91cd4400>>, merge_install=False, metas=['./colcon.meta'], packages_above=None, packages_above_and_dependencies=None, packages_above_depth=None, packages_end=None, packages_ignore=None, packages_ignore_regex=None, packages_select=None, packages_select_build_failed=False, packages_select_by_dep=None, packages_select_regex=None, packages_select_test_failures=False, packages_skip=None, packages_skip_build_finished=False, packages_skip_by_dep=None, packages_skip_regex=None, packages_skip_test_passed=False, packages_skip_up_to=None, packages_start=None, packages_up_to=None, packages_up_to_regex=None, parallel_workers=4, paths=None, symlink_install=False, test_result_base=None, verb_extension=<colcon_core.verb.build.BuildVerb object at 0xffff91cd4400>, verb_name='build', verb_parser=<colcon_defaults.argument_parser.defaults.DefaultArgumentsDecorator object at 0xffff91cd4940>)
[1.107s] Level 1:colcon.colcon_core.package_discovery:discover_packages(colcon_meta) check parameters
[1.107s] Level 1:colcon.colcon_core.package_discovery:discover_packages(recursive) check parameters
[1.108s] Level 1:colcon.colcon_core.package_discovery:discover_packages(ignore) check parameters
[1.108s] Level 1:colcon.colcon_core.package_discovery:discover_packages(path) check parameters
[1.108s] Level 1:colcon.colcon_core.package_discovery:discover_packages(colcon_meta) discover
[1.108s] Level 1:colcon.colcon_core.package_discovery:discover_packages(recursive) discover
[1.108s] INFO:colcon.colcon_core.package_discovery:Crawling recursively for packages in '/home/ubuntu/mako_ws/mako_robot'
[1.109s] Level 1:colcon.colcon_core.package_identification:_identify(.) by extensions ['ignore', 'ignore_ament_install']
[1.109s] Level 1:colcon.colcon_core.package_identification:_identify(.) by extension 'ignore'
[1.109s] Level 1:colcon.colcon_core.package_identification:_identify(.) by extension 'ignore_ament_install'
[1.110s] Level 1:colcon.colcon_core.package_identification:_identify(.) by extensions ['colcon_pkg']
[1.110s] Level 1:colcon.colcon_core.package_identification:_identify(.) by extension 'colcon_pkg'
[1.110s] Level 1:colcon.colcon_core.package_identification:_identify(.) by extensions ['colcon_meta']
[1.110s] Level 1:colcon.colcon_core.package_identification:_identify(.) by extension 'colcon_meta'
[1.110s] Level 1:colcon.colcon_core.package_identification:_identify(.) by extensions ['ros']
[1.110s] Level 1:colcon.colcon_core.package_identification:_identify(.) by extension 'ros'
[1.160s] Level 1:colcon.colcon_core.package_identification:_identify(.) by extensions ['cmake', 'python']
[1.160s] Level 1:colcon.colcon_core.package_identification:_identify(.) by extension 'cmake'
[1.160s] Level 1:colcon.colcon_core.package_identification:_identify(.) by extension 'python'
[1.161s] Level 1:colcon.colcon_core.package_identification:_identify(.) by extensions ['python_setup_py']
[1.161s] Level 1:colcon.colcon_core.package_identification:_identify(.) by extension 'python_setup_py'
[1.161s] Level 1:colcon.colcon_core.package_identification:_identify(build) by extensions ['ignore', 'ignore_ament_install']
[1.162s] Level 1:colcon.colcon_core.package_identification:_identify(build) by extension 'ignore'
[1.162s] Level 1:colcon.colcon_core.package_identification:_identify(build) ignored
[1.163s] Level 1:colcon.colcon_core.package_identification:_identify(install) by extensions ['ignore', 'ignore_ament_install']
[1.163s] Level 1:colcon.colcon_core.package_identification:_identify(install) by extension 'ignore'
[1.163s] Level 1:colcon.colcon_core.package_identification:_identify(install) ignored
[1.164s] Level 1:colcon.colcon_core.package_identification:_identify(log) by extensions ['ignore', 'ignore_ament_install']
[1.164s] Level 1:colcon.colcon_core.package_identification:_identify(log) by extension 'ignore'
[1.164s] Level 1:colcon.colcon_core.package_identification:_identify(log) ignored
[1.164s] Level 1:colcon.colcon_core.package_identification:_identify(src) by extensions ['ignore', 'ignore_ament_install']
[1.165s] Level 1:colcon.colcon_core.package_identification:_identify(src) by extension 'ignore'
[1.167s] Level 1:colcon.colcon_core.package_identification:_identify(src) by extension 'ignore_ament_install'
[1.168s] Level 1:colcon.colcon_core.package_identification:_identify(src) by extensions ['colcon_pkg']
[1.168s] Level 1:colcon.colcon_core.package_identification:_identify(src) by extension 'colcon_pkg'
[1.168s] Level 1:colcon.colcon_core.package_identification:_identify(src) by extensions ['colcon_meta']
[1.169s] Level 1:colcon.colcon_core.package_identification:_identify(src) by extension 'colcon_meta'
[1.169s] Level 1:colcon.colcon_core.package_identification:_identify(src) by extensions ['ros']
[1.169s] Level 1:colcon.colcon_core.package_identification:_identify(src) by extension 'ros'
[1.170s] Level 1:colcon.colcon_core.package_identification:_identify(src) by extensions ['cmake', 'python']
[1.170s] Level 1:colcon.colcon_core.package_identification:_identify(src) by extension 'cmake'
[1.170s] Level 1:colcon.colcon_core.package_identification:_identify(src) by extension 'python'
[1.171s] Level 1:colcon.colcon_core.package_identification:_identify(src) by extensions ['python_setup_py']
[1.171s] Level 1:colcon.colcon_core.package_identification:_identify(src) by extension 'python_setup_py'
[1.172s] Level 1:colcon.colcon_core.package_identification:_identify(src/dev_test_tools) by extensions ['ignore', 'ignore_ament_install']
[1.172s] Level 1:colcon.colcon_core.package_identification:_identify(src/dev_test_tools) by extension 'ignore'
[1.172s] Level 1:colcon.colcon_core.package_identification:_identify(src/dev_test_tools) by extension 'ignore_ament_install'
[1.173s] Level 1:colcon.colcon_core.package_identification:_identify(src/dev_test_tools) by extensions ['colcon_pkg']
[1.173s] Level 1:colcon.colcon_core.package_identification:_identify(src/dev_test_tools) by extension 'colcon_pkg'
[1.173s] Level 1:colcon.colcon_core.package_identification:_identify(src/dev_test_tools) by extensions ['colcon_meta']
[1.174s] Level 1:colcon.colcon_core.package_identification:_identify(src/dev_test_tools) by extension 'colcon_meta'
[1.174s] Level 1:colcon.colcon_core.package_identification:_identify(src/dev_test_tools) by extensions ['ros']
[1.174s] Level 1:colcon.colcon_core.package_identification:_identify(src/dev_test_tools) by extension 'ros'
[1.195s] DEBUG:colcon.colcon_core.package_identification:Package 'src/dev_test_tools' with type 'ros.ament_python' and name 'dev_test_tools'
[1.196s] Level 1:colcon.colcon_core.package_identification:_identify(src/rplidar_ros2) by extensions ['ignore', 'ignore_ament_install']
[1.196s] Level 1:colcon.colcon_core.package_identification:_identify(src/rplidar_ros2) by extension 'ignore'
[1.197s] Level 1:colcon.colcon_core.package_identification:_identify(src/rplidar_ros2) by extension 'ignore_ament_install'
[1.197s] Level 1:colcon.colcon_core.package_identification:_identify(src/rplidar_ros2) by extensions ['colcon_pkg']
[1.197s] Level 1:colcon.colcon_core.package_identification:_identify(src/rplidar_ros2) by extension 'colcon_pkg'
[1.197s] Level 1:colcon.colcon_core.package_identification:_identify(src/rplidar_ros2) by extensions ['colcon_meta']
[1.197s] Level 1:colcon.colcon_core.package_identification:_identify(src/rplidar_ros2) by extension 'colcon_meta'
[1.198s] Level 1:colcon.colcon_core.package_identification:_identify(src/rplidar_ros2) by extensions ['ros']
[1.198s] Level 1:colcon.colcon_core.package_identification:_identify(src/rplidar_ros2) by extension 'ros'
[1.200s] DEBUG:colcon.colcon_core.package_identification:Package 'src/rplidar_ros2' with type 'ros.ament_cmake' and name 'rplidar_ros'
[1.201s] Level 1:colcon.colcon_core.package_discovery:discover_packages(recursive) using defaults
[1.201s] Level 1:colcon.colcon_core.package_discovery:discover_packages(ignore) discover
[1.201s] Level 1:colcon.colcon_core.package_discovery:discover_packages(ignore) using defaults
[1.201s] Level 1:colcon.colcon_core.package_discovery:discover_packages(path) discover
[1.201s] Level 1:colcon.colcon_core.package_discovery:discover_packages(path) using defaults
[1.311s] Level 5:colcon.colcon_core.verb:set package 'dev_test_tools' build argument 'cmake_args' from command line to 'None'
[1.311s] Level 5:colcon.colcon_core.verb:set package 'dev_test_tools' build argument 'cmake_target' from command line to 'None'
[1.312s] Level 5:colcon.colcon_core.verb:set package 'dev_test_tools' build argument 'cmake_target_skip_unavailable' from command line to 'False'
[1.312s] Level 5:colcon.colcon_core.verb:set package 'dev_test_tools' build argument 'cmake_clean_cache' from command line to 'False'
[1.312s] Level 5:colcon.colcon_core.verb:set package 'dev_test_tools' build argument 'cmake_clean_first' from command line to 'False'
[1.312s] Level 5:colcon.colcon_core.verb:set package 'dev_test_tools' build argument 'cmake_force_configure' from command line to 'False'
[1.312s] Level 5:colcon.colcon_core.verb:set package 'dev_test_tools' build argument 'ament_cmake_args' from command line to 'None'
[1.312s] Level 5:colcon.colcon_core.verb:set package 'dev_test_tools' build argument 'catkin_cmake_args' from command line to 'None'
[1.312s] Level 5:colcon.colcon_core.verb:set package 'dev_test_tools' build argument 'catkin_skip_building_tests' from command line to 'False'
[1.313s] DEBUG:colcon.colcon_core.verb:Building package 'dev_test_tools' with the following arguments: {'ament_cmake_args': None, 'build_base': '/home/ubuntu/mako_ws/mako_robot/build/dev_test_tools', 'catkin_cmake_args': None, 'catkin_skip_building_tests': False, 'cmake_args': None, 'cmake_clean_cache': False, 'cmake_clean_first': False, 'cmake_force_configure': False, 'cmake_target': None, 'cmake_target_skip_unavailable': False, 'install_base': '/home/ubuntu/mako_ws/mako_robot/install/dev_test_tools', 'merge_install': False, 'path': '/home/ubuntu/mako_ws/mako_robot/src/dev_test_tools', 'symlink_install': False, 'test_result_base': None}
[1.326s] Level 5:colcon.colcon_core.verb:set package 'rplidar_ros' build argument 'cmake_args' from command line to 'None'
[1.326s] Level 5:colcon.colcon_core.verb:set package 'rplidar_ros' build argument 'cmake_target' from command line to 'None'
[1.327s] Level 5:colcon.colcon_core.verb:set package 'rplidar_ros' build argument 'cmake_target_skip_unavailable' from command line to 'False'
[1.327s] Level 5:colcon.colcon_core.verb:set package 'rplidar_ros' build argument 'cmake_clean_cache' from command line to 'False'
[1.327s] Level 5:colcon.colcon_core.verb:set package 'rplidar_ros' build argument 'cmake_clean_first' from command line to 'False'
[1.327s] Level 5:colcon.colcon_core.verb:set package 'rplidar_ros' build argument 'cmake_force_configure' from command line to 'False'
[1.327s] Level 5:colcon.colcon_core.verb:set package 'rplidar_ros' build argument 'ament_cmake_args' from command line to 'None'
[1.327s] Level 5:colcon.colcon_core.verb:set package 'rplidar_ros' build argument 'catkin_cmake_args' from command line to 'None'
[1.327s] Level 5:colcon.colcon_core.verb:set package 'rplidar_ros' build argument 'catkin_skip_building_tests' from command line to 'False'
[1.328s] DEBUG:colcon.colcon_core.verb:Building package 'rplidar_ros' with the following arguments: {'ament_cmake_args': None, 'build_base': '/home/ubuntu/mako_ws/mako_robot/build/rplidar_ros', 'catkin_cmake_args': None, 'catkin_skip_building_tests': False, 'cmake_args': None, 'cmake_clean_cache': False, 'cmake_clean_first': False, 'cmake_force_configure': False, 'cmake_target': None, 'cmake_target_skip_unavailable': False, 'install_base': '/home/ubuntu/mako_ws/mako_robot/install/rplidar_ros', 'merge_install': False, 'path': '/home/ubuntu/mako_ws/mako_robot/src/rplidar_ros2', 'symlink_install': False, 'test_result_base': None}
[1.329s] INFO:colcon.colcon_core.executor:Executing jobs using 'parallel' executor
[1.337s] DEBUG:colcon.colcon_parallel_executor.executor.parallel:run_until_complete
[1.338s] INFO:colcon.colcon_ros.task.ament_python.build:Building ROS package in '/home/ubuntu/mako_ws/mako_robot/src/dev_test_tools' with build type 'ament_python'
[1.339s] Level 1:colcon.colcon_core.shell:create_environment_hook('dev_test_tools', 'ament_prefix_path')
[1.389s] INFO:colcon.colcon_core.plugin_system:Skipping extension 'colcon_core.shell.bat': Not used on non-Windows systems
[1.390s] INFO:colcon.colcon_core.shell:Creating environment hook '/home/ubuntu/mako_ws/mako_robot/install/dev_test_tools/share/dev_test_tools/hook/ament_prefix_path.ps1'
[1.396s] INFO:colcon.colcon_core.shell:Creating environment descriptor '/home/ubuntu/mako_ws/mako_robot/install/dev_test_tools/share/dev_test_tools/hook/ament_prefix_path.dsv'
[1.398s] INFO:colcon.colcon_core.shell:Creating environment hook '/home/ubuntu/mako_ws/mako_robot/install/dev_test_tools/share/dev_test_tools/hook/ament_prefix_path.sh'
[1.403s] INFO:colcon.colcon_core.shell:Skip shell extension 'powershell' for command environment: Not usable outside of PowerShell
[1.404s] DEBUG:colcon.colcon_core.shell:Skip shell extension 'dsv' for command environment
[1.431s] DEBUG:colcon.colcon_core.shell:Ignoring prefix path '/opt/ros/foxy'
[1.443s] INFO:colcon.colcon_ros.task.ament_cmake.build:Building ROS package in '/home/ubuntu/mako_ws/mako_robot/src/rplidar_ros2' with build type 'ament_cmake'
[1.445s] INFO:colcon.colcon_cmake.task.cmake.build:Building CMake package in '/home/ubuntu/mako_ws/mako_robot/src/rplidar_ros2'
[1.448s] INFO:colcon.colcon_core.shell:Skip shell extension 'powershell' for command environment: Not usable outside of PowerShell
[1.448s] DEBUG:colcon.colcon_core.shell:Skip shell extension 'dsv' for command environment
[1.460s] DEBUG:colcon.colcon_core.shell:Ignoring prefix path '/opt/ros/foxy'
[2.678s] INFO:colcon.colcon_core.task.python.build:Building Python package in '/home/ubuntu/mako_ws/mako_robot/src/dev_test_tools'
[2.682s] INFO:colcon.colcon_core.shell:Skip shell extension 'powershell' for command environment: Not usable outside of PowerShell
[2.682s] DEBUG:colcon.colcon_core.shell:Skip shell extension 'dsv' for command environment
[2.698s] DEBUG:colcon.colcon_core.shell:Ignoring prefix path '/opt/ros/foxy'
[2.720s] DEBUG:colcon.colcon_core.event_handler.log_command:Invoking command in '/home/ubuntu/mako_ws/mako_robot/build/rplidar_ros': CMAKE_PREFIX_PATH=${CMAKE_PREFIX_PATH}:/opt/ros/foxy /usr/bin/cmake /home/ubuntu/mako_ws/mako_robot/src/rplidar_ros2 -DCMAKE_INSTALL_PREFIX=/home/ubuntu/mako_ws/mako_robot/install/rplidar_ros
[2.771s] DEBUG:colcon.colcon_core.event_handler.log_command:Invoking command in '/home/ubuntu/mako_ws/mako_robot/src/dev_test_tools': PYTHONPATH=/home/ubuntu/mako_ws/mako_robot/install/dev_test_tools/lib/python3.8/site-packages:${PYTHONPATH} /usr/bin/python3 setup.py egg_info --egg-base ../../build/dev_test_tools build --build-base /home/ubuntu/mako_ws/mako_robot/build/dev_test_tools/build install --prefix /home/ubuntu/mako_ws/mako_robot/install/dev_test_tools --record /home/ubuntu/mako_ws/mako_robot/build/dev_test_tools/install.log --single-version-externally-managed
[4.622s] DEBUG:colcon.colcon_core.event_handler.log_command:Invoked command in '/home/ubuntu/mako_ws/mako_robot/src/dev_test_tools' returned '0': PYTHONPATH=/home/ubuntu/mako_ws/mako_robot/install/dev_test_tools/lib/python3.8/site-packages:${PYTHONPATH} /usr/bin/python3 setup.py egg_info --egg-base ../../build/dev_test_tools build --build-base /home/ubuntu/mako_ws/mako_robot/build/dev_test_tools/build install --prefix /home/ubuntu/mako_ws/mako_robot/install/dev_test_tools --record /home/ubuntu/mako_ws/mako_robot/build/dev_test_tools/install.log --single-version-externally-managed
[4.673s] Level 1:colcon.colcon_core.environment:checking '/home/ubuntu/mako_ws/mako_robot/install/dev_test_tools' for CMake module files
[4.676s] Level 1:colcon.colcon_core.environment:checking '/home/ubuntu/mako_ws/mako_robot/install/dev_test_tools' for CMake config files
[4.681s] Level 1:colcon.colcon_core.environment:checking '/home/ubuntu/mako_ws/mako_robot/install/dev_test_tools/lib'
[4.682s] Level 1:colcon.colcon_core.environment:checking '/home/ubuntu/mako_ws/mako_robot/install/dev_test_tools/bin'
[4.683s] Level 1:colcon.colcon_core.environment:checking '/home/ubuntu/mako_ws/mako_robot/install/dev_test_tools/lib/pkgconfig/dev_test_tools.pc'
[4.683s] Level 1:colcon.colcon_core.environment:checking '/home/ubuntu/mako_ws/mako_robot/install/dev_test_tools/lib/python3.8/site-packages'
[4.684s] Level 1:colcon.colcon_core.shell:create_environment_hook('dev_test_tools', 'pythonpath')
[4.686s] INFO:colcon.colcon_core.shell:Creating environment hook '/home/ubuntu/mako_ws/mako_robot/install/dev_test_tools/share/dev_test_tools/hook/pythonpath.ps1'
[4.689s] INFO:colcon.colcon_core.shell:Creating environment descriptor '/home/ubuntu/mako_ws/mako_robot/install/dev_test_tools/share/dev_test_tools/hook/pythonpath.dsv'
[4.695s] INFO:colcon.colcon_core.shell:Creating environment hook '/home/ubuntu/mako_ws/mako_robot/install/dev_test_tools/share/dev_test_tools/hook/pythonpath.sh'
[4.698s] Level 1:colcon.colcon_core.environment:create_environment_scripts_only(dev_test_tools)
[4.701s] INFO:colcon.colcon_core.shell:Creating package script '/home/ubuntu/mako_ws/mako_robot/install/dev_test_tools/share/dev_test_tools/package.ps1'
[4.708s] INFO:colcon.colcon_core.shell:Creating package descriptor '/home/ubuntu/mako_ws/mako_robot/install/dev_test_tools/share/dev_test_tools/package.dsv'
[4.712s] INFO:colcon.colcon_core.shell:Creating package script '/home/ubuntu/mako_ws/mako_robot/install/dev_test_tools/share/dev_test_tools/package.sh'
[4.720s] INFO:colcon.colcon_core.shell:Creating package script '/home/ubuntu/mako_ws/mako_robot/install/dev_test_tools/share/dev_test_tools/package.bash'
[4.725s] INFO:colcon.colcon_core.shell:Creating package script '/home/ubuntu/mako_ws/mako_robot/install/dev_test_tools/share/dev_test_tools/package.zsh'
[4.736s] Level 1:colcon.colcon_core.environment:create_file_with_runtime_dependencies(/home/ubuntu/mako_ws/mako_robot/install/dev_test_tools/share/colcon-core/packages/dev_test_tools)
[15.403s] DEBUG:colcon.colcon_core.event_handler.log_command:Invoked command in '/home/ubuntu/mako_ws/mako_robot/build/rplidar_ros' returned '0': CMAKE_PREFIX_PATH=${CMAKE_PREFIX_PATH}:/opt/ros/foxy /usr/bin/cmake /home/ubuntu/mako_ws/mako_robot/src/rplidar_ros2 -DCMAKE_INSTALL_PREFIX=/home/ubuntu/mako_ws/mako_robot/install/rplidar_ros
[15.416s] DEBUG:colcon.colcon_core.event_handler.log_command:Invoking command in '/home/ubuntu/mako_ws/mako_robot/build/rplidar_ros': CMAKE_PREFIX_PATH=${CMAKE_PREFIX_PATH}:/opt/ros/foxy /usr/bin/cmake --build /home/ubuntu/mako_ws/mako_robot/build/rplidar_ros -- -j4 -l4
[68.142s] DEBUG:colcon.colcon_core.event_handler.log_command:Invoked command in '/home/ubuntu/mako_ws/mako_robot/build/rplidar_ros' returned '0': CMAKE_PREFIX_PATH=${CMAKE_PREFIX_PATH}:/opt/ros/foxy /usr/bin/cmake --build /home/ubuntu/mako_ws/mako_robot/build/rplidar_ros -- -j4 -l4
[68.503s] DEBUG:colcon.colcon_core.event_handler.log_command:Invoking command in '/home/ubuntu/mako_ws/mako_robot/build/rplidar_ros': CMAKE_PREFIX_PATH=${CMAKE_PREFIX_PATH}:/opt/ros/foxy /usr/bin/cmake --install /home/ubuntu/mako_ws/mako_robot/build/rplidar_ros
[68.636s] Level 1:colcon.colcon_core.environment:create_environment_scripts_only(rplidar_ros)
[68.639s] Level 1:colcon.colcon_core.environment:checking '/home/ubuntu/mako_ws/mako_robot/install/rplidar_ros' for CMake module files
[68.642s] DEBUG:colcon.colcon_core.event_handler.log_command:Invoked command in '/home/ubuntu/mako_ws/mako_robot/build/rplidar_ros' returned '0': CMAKE_PREFIX_PATH=${CMAKE_PREFIX_PATH}:/opt/ros/foxy /usr/bin/cmake --install /home/ubuntu/mako_ws/mako_robot/build/rplidar_ros
[68.644s] Level 1:colcon.colcon_core.environment:checking '/home/ubuntu/mako_ws/mako_robot/install/rplidar_ros' for CMake config files
[68.646s] Level 1:colcon.colcon_core.shell:create_environment_hook('rplidar_ros', 'cmake_prefix_path')
[68.651s] INFO:colcon.colcon_core.shell:Creating environment hook '/home/ubuntu/mako_ws/mako_robot/install/rplidar_ros/share/rplidar_ros/hook/cmake_prefix_path.ps1'
[68.653s] INFO:colcon.colcon_core.shell:Creating environment descriptor '/home/ubuntu/mako_ws/mako_robot/install/rplidar_ros/share/rplidar_ros/hook/cmake_prefix_path.dsv'
[68.655s] INFO:colcon.colcon_core.shell:Creating environment hook '/home/ubuntu/mako_ws/mako_robot/install/rplidar_ros/share/rplidar_ros/hook/cmake_prefix_path.sh'
[68.659s] Level 1:colcon.colcon_core.environment:checking '/home/ubuntu/mako_ws/mako_robot/install/rplidar_ros/lib'
[68.660s] Level 1:colcon.colcon_core.shell:create_environment_hook('rplidar_ros', 'ld_library_path_lib')
[68.662s] INFO:colcon.colcon_core.shell:Creating environment hook '/home/ubuntu/mako_ws/mako_robot/install/rplidar_ros/share/rplidar_ros/hook/ld_library_path_lib.ps1'
[68.664s] INFO:colcon.colcon_core.shell:Creating environment descriptor '/home/ubuntu/mako_ws/mako_robot/install/rplidar_ros/share/rplidar_ros/hook/ld_library_path_lib.dsv'
[68.665s] INFO:colcon.colcon_core.shell:Creating environment hook '/home/ubuntu/mako_ws/mako_robot/install/rplidar_ros/share/rplidar_ros/hook/ld_library_path_lib.sh'
[68.667s] Level 1:colcon.colcon_core.environment:checking '/home/ubuntu/mako_ws/mako_robot/install/rplidar_ros/bin'
[68.667s] Level 1:colcon.colcon_core.environment:checking '/home/ubuntu/mako_ws/mako_robot/install/rplidar_ros/lib/pkgconfig/rplidar_ros.pc'
[68.668s] Level 1:colcon.colcon_core.environment:checking '/home/ubuntu/mako_ws/mako_robot/install/rplidar_ros/lib/python3.8/site-packages'
[68.670s] INFO:colcon.colcon_core.shell:Creating package script '/home/ubuntu/mako_ws/mako_robot/install/rplidar_ros/share/rplidar_ros/package.ps1'
[68.673s] INFO:colcon.colcon_core.shell:Creating package descriptor '/home/ubuntu/mako_ws/mako_robot/install/rplidar_ros/share/rplidar_ros/package.dsv'
[68.675s] INFO:colcon.colcon_core.shell:Creating package script '/home/ubuntu/mako_ws/mako_robot/install/rplidar_ros/share/rplidar_ros/package.sh'
[68.677s] INFO:colcon.colcon_core.shell:Creating package script '/home/ubuntu/mako_ws/mako_robot/install/rplidar_ros/share/rplidar_ros/package.bash'
[68.678s] INFO:colcon.colcon_core.shell:Creating package script '/home/ubuntu/mako_ws/mako_robot/install/rplidar_ros/share/rplidar_ros/package.zsh'
[68.680s] Level 1:colcon.colcon_core.environment:create_file_with_runtime_dependencies(/home/ubuntu/mako_ws/mako_robot/install/rplidar_ros/share/colcon-core/packages/rplidar_ros)
[68.971s] Level 1:colcon.colcon_core.environment:create_environment_scripts_only(rplidar_ros)
[68.976s] Level 1:colcon.colcon_core.environment:checking '/home/ubuntu/mako_ws/mako_robot/install/rplidar_ros' for CMake module files
[68.981s] Level 1:colcon.colcon_core.environment:checking '/home/ubuntu/mako_ws/mako_robot/install/rplidar_ros' for CMake config files
[68.983s] Level 1:colcon.colcon_core.shell:create_environment_hook('rplidar_ros', 'cmake_prefix_path')
[68.985s] INFO:colcon.colcon_core.shell:Creating environment hook '/home/ubuntu/mako_ws/mako_robot/install/rplidar_ros/share/rplidar_ros/hook/cmake_prefix_path.ps1'
[68.988s] INFO:colcon.colcon_core.shell:Creating environment descriptor '/home/ubuntu/mako_ws/mako_robot/install/rplidar_ros/share/rplidar_ros/hook/cmake_prefix_path.dsv'
[68.991s] INFO:colcon.colcon_core.shell:Creating environment hook '/home/ubuntu/mako_ws/mako_robot/install/rplidar_ros/share/rplidar_ros/hook/cmake_prefix_path.sh'
[69.000s] Level 1:colcon.colcon_core.environment:checking '/home/ubuntu/mako_ws/mako_robot/install/rplidar_ros/lib'
[69.001s] Level 1:colcon.colcon_core.shell:create_environment_hook('rplidar_ros', 'ld_library_path_lib')
[69.004s] INFO:colcon.colcon_core.shell:Creating environment hook '/home/ubuntu/mako_ws/mako_robot/install/rplidar_ros/share/rplidar_ros/hook/ld_library_path_lib.ps1'
[69.006s] INFO:colcon.colcon_core.shell:Creating environment descriptor '/home/ubuntu/mako_ws/mako_robot/install/rplidar_ros/share/rplidar_ros/hook/ld_library_path_lib.dsv'
[69.008s] INFO:colcon.colcon_core.shell:Creating environment hook '/home/ubuntu/mako_ws/mako_robot/install/rplidar_ros/share/rplidar_ros/hook/ld_library_path_lib.sh'
[69.011s] Level 1:colcon.colcon_core.environment:checking '/home/ubuntu/mako_ws/mako_robot/install/rplidar_ros/bin'
[69.011s] Level 1:colcon.colcon_core.environment:checking '/home/ubuntu/mako_ws/mako_robot/install/rplidar_ros/lib/pkgconfig/rplidar_ros.pc'
[69.012s] Level 1:colcon.colcon_core.environment:checking '/home/ubuntu/mako_ws/mako_robot/install/rplidar_ros/lib/python3.8/site-packages'
[69.014s] INFO:colcon.colcon_core.shell:Creating package script '/home/ubuntu/mako_ws/mako_robot/install/rplidar_ros/share/rplidar_ros/package.ps1'
[69.017s] INFO:colcon.colcon_core.shell:Creating package descriptor '/home/ubuntu/mako_ws/mako_robot/install/rplidar_ros/share/rplidar_ros/package.dsv'
[69.020s] INFO:colcon.colcon_core.shell:Creating package script '/home/ubuntu/mako_ws/mako_robot/install/rplidar_ros/share/rplidar_ros/package.sh'
[69.022s] INFO:colcon.colcon_core.shell:Creating package script '/home/ubuntu/mako_ws/mako_robot/install/rplidar_ros/share/rplidar_ros/package.bash'
[69.029s] INFO:colcon.colcon_core.shell:Creating package script '/home/ubuntu/mako_ws/mako_robot/install/rplidar_ros/share/rplidar_ros/package.zsh'
[69.032s] Level 1:colcon.colcon_core.environment:create_file_with_runtime_dependencies(/home/ubuntu/mako_ws/mako_robot/install/rplidar_ros/share/colcon-core/packages/rplidar_ros)
[69.033s] DEBUG:colcon.colcon_parallel_executor.executor.parallel:closing loop
[69.034s] DEBUG:colcon.colcon_parallel_executor.executor.parallel:loop closed
[69.035s] DEBUG:colcon.colcon_parallel_executor.executor.parallel:run_until_complete finished with '0'
[69.036s] DEBUG:colcon.colcon_core.event_reactor:joining thread
[69.114s] INFO:colcon.colcon_core.plugin_system:Skipping extension 'colcon_notification.desktop_notification.terminal_notifier': Not used on non-Darwin systems
[69.114s] INFO:colcon.colcon_core.plugin_system:Skipping extension 'colcon_notification.desktop_notification.win32': Not used on non-Windows systems
[69.115s] INFO:colcon.colcon_notification.desktop_notification:Sending desktop notification using 'notify2'
[69.265s] DEBUG:colcon.colcon_core.event_reactor:joined thread
[69.268s] INFO:colcon.colcon_core.shell:Creating prefix script '/home/ubuntu/mako_ws/mako_robot/install/local_setup.ps1'
[69.275s] INFO:colcon.colcon_core.shell:Creating prefix util module '/home/ubuntu/mako_ws/mako_robot/install/_local_setup_util_ps1.py'
[69.286s] INFO:colcon.colcon_core.shell:Creating prefix chain script '/home/ubuntu/mako_ws/mako_robot/install/setup.ps1'
[69.301s] INFO:colcon.colcon_core.shell:Creating prefix script '/home/ubuntu/mako_ws/mako_robot/install/local_setup.sh'
[69.312s] INFO:colcon.colcon_core.shell:Creating prefix util module '/home/ubuntu/mako_ws/mako_robot/install/_local_setup_util_sh.py'
[69.314s] INFO:colcon.colcon_core.shell:Creating prefix chain script '/home/ubuntu/mako_ws/mako_robot/install/setup.sh'
[69.330s] INFO:colcon.colcon_core.shell:Creating prefix script '/home/ubuntu/mako_ws/mako_robot/install/local_setup.bash'
[69.337s] INFO:colcon.colcon_core.shell:Creating prefix chain script '/home/ubuntu/mako_ws/mako_robot/install/setup.bash'
[69.359s] INFO:colcon.colcon_core.shell:Creating prefix script '/home/ubuntu/mako_ws/mako_robot/install/local_setup.zsh'
[69.363s] INFO:colcon.colcon_core.shell:Creating prefix chain script '/home/ubuntu/mako_ws/mako_robot/install/setup.zsh'
