[0.398s] Invoking command in '/home/karim/mako_robot/mako_ws/build/rplidar_ros': CMAKE_PREFIX_PATH=${CMAKE_PREFIX_PATH}:/home/karim/ros2_ws/install/my_py_pkg:/home/karim/project_ws/install/ros_project_pkg_py_robot_driver:/home/karim/project_ws/install/dev_test_tools:/opt/ros/foxy /usr/bin/cmake /home/karim/mako_robot/mako_ws/src/lidar_ros2 -DCMAKE_INSTALL_PREFIX=/home/karim/mako_robot/mako_ws/install/rplidar_ros
[0.510s] -- The C compiler identification is GNU 9.3.0
[0.603s] -- The CXX compiler identification is GNU 9.3.0
[0.615s] -- Check for working C compiler: /usr/bin/cc
[0.749s] -- Check for working C compiler: /usr/bin/cc -- works
[0.751s] -- Detecting C compiler ABI info
[0.932s] -- Detecting C compiler ABI info - done
[0.955s] -- Detecting C compile features
[0.958s] -- Detecting C compile features - done
[0.967s] -- Check for working CXX compiler: /usr/bin/c++
[1.102s] -- Check for working CXX compiler: /usr/bin/c++ -- works
[1.104s] -- Detecting CXX compiler ABI info
[1.255s] -- Detecting CXX compiler ABI info - done
[1.285s] -- Detecting CXX compile features
[1.286s] -- Detecting CXX compile features - done
[1.292s] -- Found ament_cmake_auto: 0.9.8 (/opt/ros/foxy/share/ament_cmake_auto/cmake)
[1.346s] -- Found PythonInterp: /usr/bin/python3 (found suitable version "3.8.5", minimum required is "3") 
[1.347s] -- Using PYTHON_EXECUTABLE: /usr/bin/python3
[1.649s] -- Found ament_cmake_ros: 0.9.0 (/opt/ros/foxy/share/ament_cmake_ros/cmake)
[1.827s] -- Using all available rosidl_typesupport_c: rosidl_typesupport_fastrtps_c;rosidl_typesupport_introspection_c
[1.837s] -- Found rosidl_adapter: 1.2.0 (/opt/ros/foxy/share/rosidl_adapter/cmake)
[1.999s] -- Found OpenSSL: /usr/lib/x86_64-linux-gnu/libcrypto.so (found version "1.1.1f")  
[2.045s] -- Found FastRTPS: /opt/ros/foxy/include  
[2.170s] -- Using all available rosidl_typesupport_cpp: rosidl_typesupport_fastrtps_cpp;rosidl_typesupport_introspection_cpp
[2.278s] -- Found rmw_implementation_cmake: 1.0.2 (/opt/ros/foxy/share/rmw_implementation_cmake/cmake)
[2.284s] -- Using RMW implementation 'rmw_fastrtps_cpp' as default
[2.286s] -- Looking for pthread.h
[2.401s] -- Looking for pthread.h - found
[2.401s] -- Performing Test CMAKE_HAVE_LIBC_PTHREAD
[2.538s] -- Performing Test CMAKE_HAVE_LIBC_PTHREAD - Failed
[2.538s] -- Looking for pthread_create in pthreads
[2.642s] -- Looking for pthread_create in pthreads - not found
[2.643s] -- Looking for pthread_create in pthread
[2.761s] -- Looking for pthread_create in pthread - found
[2.763s] -- Found Threads: TRUE  
[3.322s] -- Configuring done
[3.389s] -- Generating done
[3.394s] -- Build files have been written to: /home/karim/mako_robot/mako_ws/build/rplidar_ros
[3.406s] Invoked command in '/home/karim/mako_robot/mako_ws/build/rplidar_ros' returned '0': CMAKE_PREFIX_PATH=${CMAKE_PREFIX_PATH}:/home/karim/ros2_ws/install/my_py_pkg:/home/karim/project_ws/install/ros_project_pkg_py_robot_driver:/home/karim/project_ws/install/dev_test_tools:/opt/ros/foxy /usr/bin/cmake /home/karim/mako_robot/mako_ws/src/lidar_ros2 -DCMAKE_INSTALL_PREFIX=/home/karim/mako_robot/mako_ws/install/rplidar_ros
[3.407s] Invoking command in '/home/karim/mako_robot/mako_ws/build/rplidar_ros': CMAKE_PREFIX_PATH=${CMAKE_PREFIX_PATH}:/home/karim/ros2_ws/install/my_py_pkg:/home/karim/project_ws/install/ros_project_pkg_py_robot_driver:/home/karim/project_ws/install/dev_test_tools:/opt/ros/foxy /usr/bin/cmake --build /home/karim/mako_robot/mako_ws/build/rplidar_ros -- -j6 -l6
[3.491s] [35m[1mScanning dependencies of target rplidar_composition_node[0m
[3.491s] [35m[1mScanning dependencies of target rplidarNode[0m
[3.493s] [35m[1mScanning dependencies of target rplidarNodeClient[0m
[3.545s] [  5%] [32mBuilding CXX object CMakeFiles/rplidarNodeClient.dir/src/client.cpp.o[0m
[3.556s] [ 11%] [32mBuilding CXX object CMakeFiles/rplidar_composition_node.dir/src/rplidar_node.cpp.o[0m
[3.558s] [ 16%] [32mBuilding CXX object CMakeFiles/rplidar_composition_node.dir/sdk/src/arch/linux/net_serial.cpp.o[0m
[3.563s] [ 22%] [32mBuilding CXX object CMakeFiles/rplidarNode.dir/src/node.cpp.o[0m
[3.566s] [ 27%] [32mBuilding CXX object CMakeFiles/rplidarNode.dir/sdk/src/arch/linux/net_serial.cpp.o[0m
[3.589s] [ 33%] [32mBuilding CXX object CMakeFiles/rplidar_composition_node.dir/sdk/src/arch/linux/net_socket.cpp.o[0m
[3.767s] [01m[K/home/karim/mako_robot/mako_ws/src/lidar_ros2/src/client.cpp:43:[m[K [01;35m[Kwarning: [m[K"M_PI" redefined
[3.767s]    43 | #define M_PI 3.1415926535897932384626433832795
[3.767s]       | 
[3.768s] In file included from [01m[K/usr/include/c++/9/cmath:45[m[K,
[3.768s]                  from [01m[K/opt/ros/foxy/include/libstatistics_collector/moving_average_statistics/types.hpp:18[m[K,
[3.768s]                  from [01m[K/opt/ros/foxy/include/libstatistics_collector/collector/generate_statistics_message.hpp:24[m[K,
[3.768s]                  from [01m[K/opt/ros/foxy/include/rclcpp/topic_statistics/subscription_topic_statistics.hpp:23[m[K,
[3.768s]                  from [01m[K/opt/ros/foxy/include/rclcpp/subscription.hpp:50[m[K,
[3.768s]                  from [01m[K/opt/ros/foxy/include/rclcpp/any_executable.hpp:25[m[K,
[3.768s]                  from [01m[K/opt/ros/foxy/include/rclcpp/memory_strategy.hpp:24[m[K,
[3.768s]                  from [01m[K/opt/ros/foxy/include/rclcpp/memory_strategies.hpp:18[m[K,
[3.769s]                  from [01m[K/opt/ros/foxy/include/rclcpp/executor_options.hpp:20[m[K,
[3.769s]                  from [01m[K/opt/ros/foxy/include/rclcpp/executor.hpp:33[m[K,
[3.769s]                  from [01m[K/opt/ros/foxy/include/rclcpp/executors/multi_threaded_executor.hpp:25[m[K,
[3.769s]                  from [01m[K/opt/ros/foxy/include/rclcpp/executors.hpp:21[m[K,
[3.769s]                  from [01m[K/opt/ros/foxy/include/rclcpp/rclcpp.hpp:146[m[K,
[3.769s]                  from [01m[K/home/karim/mako_robot/mako_ws/src/lidar_ros2/src/client.cpp:38[m[K:
[3.769s] [01m[K/usr/include/math.h:1070:[m[K [01;36m[Knote: [m[Kthis is the location of the previous definition
[3.769s]  1070 | # define M_PI  3.14159265358979323846 /* pi */
[3.769s]       | 
[3.793s] [01m[K/home/karim/mako_robot/mako_ws/src/lidar_ros2/src/node.cpp:51:[m[K [01;35m[Kwarning: [m[K"M_PI" redefined
[3.794s]    51 | #define M_PI 3.1415926535897932384626433832795
[3.794s]       | 
[3.794s] In file included from [01m[K/usr/include/c++/9/cmath:45[m[K,
[3.794s]                  from [01m[K/opt/ros/foxy/include/libstatistics_collector/moving_average_statistics/types.hpp:18[m[K,
[3.794s]                  from [01m[K/opt/ros/foxy/include/libstatistics_collector/collector/generate_statistics_message.hpp:24[m[K,
[3.794s]                  from [01m[K/opt/ros/foxy/include/rclcpp/topic_statistics/subscription_topic_statistics.hpp:23[m[K,
[3.795s]                  from [01m[K/opt/ros/foxy/include/rclcpp/subscription.hpp:50[m[K,
[3.795s]                  from [01m[K/opt/ros/foxy/include/rclcpp/any_executable.hpp:25[m[K,
[3.795s]                  from [01m[K/opt/ros/foxy/include/rclcpp/memory_strategy.hpp:24[m[K,
[3.795s]                  from [01m[K/opt/ros/foxy/include/rclcpp/memory_strategies.hpp:18[m[K,
[3.795s]                  from [01m[K/opt/ros/foxy/include/rclcpp/executor_options.hpp:20[m[K,
[3.795s]                  from [01m[K/opt/ros/foxy/include/rclcpp/executor.hpp:33[m[K,
[3.795s]                  from [01m[K/opt/ros/foxy/include/rclcpp/executors/multi_threaded_executor.hpp:25[m[K,
[3.796s]                  from [01m[K/opt/ros/foxy/include/rclcpp/executors.hpp:21[m[K,
[3.796s]                  from [01m[K/opt/ros/foxy/include/rclcpp/rclcpp.hpp:146[m[K,
[3.796s]                  from [01m[K/home/karim/mako_robot/mako_ws/src/lidar_ros2/src/node.cpp:36[m[K:
[3.796s] [01m[K/usr/include/math.h:1070:[m[K [01;36m[Knote: [m[Kthis is the location of the previous definition
[3.796s]  1070 | # define M_PI  3.14159265358979323846 /* pi */
[3.796s]       | 
[3.798s] [01m[K/home/karim/mako_robot/mako_ws/src/lidar_ros2/src/node.cpp:231:14:[m[K [01;35m[Kwarning: [m[Kinvalid suffix on literal; C++11 requires a space between literal and string macro [[01;35m[K-Wliteral-suffix[m[K]
[3.798s]   231 |     ROS_INFO([01;35m[K"[m[KRPLIDAR running on ROS package rplidar_ros. SDK Version:"RPLIDAR_SDK_VERSION"");
[3.798s]       |              [01;35m[K^[m[K
[3.798s] In file included from [01m[K/home/karim/mako_robot/mako_ws/src/lidar_ros2/src/rplidar_node.cpp:36[m[K:
[3.799s] [01m[K/home/karim/mako_robot/mako_ws/src/lidar_ros2/include/rplidar_node.hpp:50:[m[K [01;35m[Kwarning: [m[K"M_PI" redefined
[3.799s]    50 | #define M_PI 3.1415926535897932384626433832795
[3.799s]       | 
[3.799s] In file included from [01m[K/usr/include/c++/9/cmath:45[m[K,
[3.799s]                  from [01m[K/opt/ros/foxy/include/libstatistics_collector/moving_average_statistics/types.hpp:18[m[K,
[3.799s]                  from [01m[K/opt/ros/foxy/include/libstatistics_collector/collector/generate_statistics_message.hpp:24[m[K,
[3.800s]                  from [01m[K/opt/ros/foxy/include/rclcpp/topic_statistics/subscription_topic_statistics.hpp:23[m[K,
[3.800s]                  from [01m[K/opt/ros/foxy/include/rclcpp/subscription.hpp:50[m[K,
[3.800s]                  from [01m[K/opt/ros/foxy/include/rclcpp/any_executable.hpp:25[m[K,
[3.800s]                  from [01m[K/opt/ros/foxy/include/rclcpp/memory_strategy.hpp:24[m[K,
[3.800s]                  from [01m[K/opt/ros/foxy/include/rclcpp/memory_strategies.hpp:18[m[K,
[3.801s]                  from [01m[K/opt/ros/foxy/include/rclcpp/executor_options.hpp:20[m[K,
[3.801s]                  from [01m[K/opt/ros/foxy/include/rclcpp/executor.hpp:33[m[K,
[3.801s]                  from [01m[K/opt/ros/foxy/include/rclcpp/executors/multi_threaded_executor.hpp:25[m[K,
[3.801s]                  from [01m[K/opt/ros/foxy/include/rclcpp/executors.hpp:21[m[K,
[3.801s]                  from [01m[K/opt/ros/foxy/include/rclcpp/rclcpp.hpp:146[m[K,
[3.801s]                  from [01m[K/home/karim/mako_robot/mako_ws/src/lidar_ros2/include/rplidar_node.hpp:34[m[K,
[3.802s]                  from [01m[K/home/karim/mako_robot/mako_ws/src/lidar_ros2/src/rplidar_node.cpp:36[m[K:
[3.802s] [01m[K/usr/include/math.h:1070:[m[K [01;36m[Knote: [m[Kthis is the location of the previous definition
[3.802s]  1070 | # define M_PI  3.14159265358979323846 /* pi */
[3.802s]       | 
[4.195s] In file included from [01m[K/home/karim/mako_robot/mako_ws/src/lidar_ros2/./sdk/include/rplidar.h:39[m[K,
[4.196s]                  from [01m[K/home/karim/mako_robot/mako_ws/src/lidar_ros2/./sdk/src/sdkcommon.h:48[m[K,
[4.196s]                  from [01m[K/home/karim/mako_robot/mako_ws/src/lidar_ros2/sdk/src/arch/linux/net_socket.cpp:10[m[K:
[4.196s] [01m[K/home/karim/mako_robot/mako_ws/src/lidar_ros2/./sdk/include/rplidar_protocol.h:59:14:[m[K [01;35m[Kwarning: [m[KISO C++ forbids zero-size array ‘[01m[Kdata[m[K’ [[01;35m[K-Wpedantic[m[K]
[4.197s]    59 |     _u8 data[[01;35m[K0[m[K];
[4.197s]       |              [01;35m[K^[m[K
[4.198s] In file included from [01m[K/home/karim/mako_robot/mako_ws/src/lidar_ros2/./sdk/include/rplidar.h:40[m[K,
[4.198s]                  from [01m[K/home/karim/mako_robot/mako_ws/src/lidar_ros2/./sdk/src/sdkcommon.h:48[m[K,
[4.198s]                  from [01m[K/home/karim/mako_robot/mako_ws/src/lidar_ros2/sdk/src/arch/linux/net_socket.cpp:10[m[K:
[4.198s] [01m[K/home/karim/mako_robot/mako_ws/src/lidar_ros2/./sdk/include/rplidar_cmd.h:260:18:[m[K [01;35m[Kwarning: [m[KISO C++ forbids zero-size array ‘[01m[Kpayload[m[K’ [[01;35m[K-Wpedantic[m[K]
[4.198s]   260 |     _u8  payload[[01;35m[K0[m[K];
[4.198s]       |                  [01;35m[K^[m[K
[4.212s] [01m[K/home/karim/mako_robot/mako_ws/src/lidar_ros2/sdk/src/arch/linux/net_socket.cpp:[m[K In member function ‘[01m[Kvirtual u_result rp::net::SocketAddress::getAddressAsString(char*, size_t) const[m[K’:
[4.212s] [01m[K/home/karim/mako_robot/mako_ws/src/lidar_ros2/sdk/src/arch/linux/net_socket.cpp:170:17:[m[K [01;35m[Kwarning: [m[Kordered comparison of pointer with integer zero [[01;35m[K-Wextra[m[K]
[4.212s]   170 |     return ans<=[01;35m[K0[m[K?RESULT_OPERATION_FAIL:RESULT_OK;
[4.213s]       |                 [01;35m[K^[m[K
[4.222s] [01m[K/home/karim/mako_robot/mako_ws/src/lidar_ros2/sdk/src/arch/linux/net_socket.cpp:[m[K In member function ‘[01m[Kvirtual u_result rp::arch::net::StreamSocketImpl::send(const void*, size_t)[m[K’:
[4.222s] [01m[K/home/karim/mako_robot/mako_ws/src/lidar_ros2/sdk/src/arch/linux/net_socket.cpp:438:17:[m[K [01;35m[Kwarning: [m[Kcomparison of integer expressions of different signedness: ‘[01m[Ksize_t[m[K’ {aka ‘[01m[Klong unsigned int[m[K’} and ‘[01m[Kint[m[K’ [[01;35m[K-Wsign-compare[m[K]
[4.222s]   438 |         if ([01;35m[Kans == (int)len[m[K) {
[4.222s]       |             [01;35m[K~~~~^~~~~~~~~~~[m[K
[4.228s] In file included from [01m[K/home/karim/mako_robot/mako_ws/src/lidar_ros2/./sdk/src/arch/linux/arch_linux.h:42[m[K,
[4.228s]                  from [01m[K/home/karim/mako_robot/mako_ws/src/lidar_ros2/./sdk/src/sdkcommon.h:40[m[K,
[4.228s]                  from [01m[K/home/karim/mako_robot/mako_ws/src/lidar_ros2/sdk/src/arch/linux/net_socket.cpp:10[m[K:
[4.228s] [01m[K/home/karim/mako_robot/mako_ws/src/lidar_ros2/sdk/src/arch/linux/net_socket.cpp:[m[K In member function ‘[01m[Kvirtual u_result rp::arch::net::DGramSocketImpl::sendTo(const rp::net::SocketAddress&, const void*, size_t)[m[K’:
[4.228s] [01m[K/home/karim/mako_robot/mako_ws/src/lidar_ros2/sdk/src/arch/linux/net_socket.cpp:726:24:[m[K [01;35m[Kwarning: [m[Kcomparison of integer expressions of different signedness: ‘[01m[Ksize_t[m[K’ {aka ‘[01m[Klong unsigned int[m[K’} and ‘[01m[Kint[m[K’ [[01;35m[K-Wsign-compare[m[K]
[4.228s]   726 |             assert([01;35m[Kans == (int)len[m[K);
[4.228s]       |                    [01;35m[K~~~~^~~~~~~~~~~[m[K
[4.404s] [01m[K/home/karim/mako_robot/mako_ws/src/lidar_ros2/sdk/src/arch/linux/net_serial.cpp:[m[K In member function ‘[01m[Kbool rp::arch::net::raw_serial::open(const char*, uint32_t, uint32_t)[m[K’:
[4.406s] [01m[K/home/karim/mako_robot/mako_ws/src/lidar_ros2/sdk/src/arch/linux/net_serial.cpp:97:74:[m[K [01;35m[Kwarning: [m[Kunused parameter ‘[01m[Kflags[m[K’ [[01;35m[K-Wunused-parameter[m[K]
[4.406s]    97 | bool raw_serial::open(const char * portname, uint32_t baudrate, [01;35m[Kuint32_t flags[m[K)
[4.406s]       |                                                                 [01;35m[K~~~~~~~~~^~~~~[m[K
[4.407s] [01m[K/home/karim/mako_robot/mako_ws/src/lidar_ros2/sdk/src/arch/linux/net_serial.cpp:[m[K In member function ‘[01m[Kvirtual void rp::arch::net::raw_serial::flush(_u32)[m[K’:
[4.407s] [01m[K/home/karim/mako_robot/mako_ws/src/lidar_ros2/sdk/src/arch/linux/net_serial.cpp:281:30:[m[K [01;35m[Kwarning: [m[Kunused parameter ‘[01m[Kflags[m[K’ [[01;35m[K-Wunused-parameter[m[K]
[4.408s]   281 | void raw_serial::flush( [01;35m[K_u32 flags[m[K)
[4.408s]       |                         [01;35m[K~~~~~^~~~~[m[K
[4.408s] [01m[K/home/karim/mako_robot/mako_ws/src/lidar_ros2/sdk/src/arch/linux/net_serial.cpp:[m[K In member function ‘[01m[Kvirtual int rp::arch::net::raw_serial::waitforsent(_u32, size_t*)[m[K’:
[4.408s] [01m[K/home/karim/mako_robot/mako_ws/src/lidar_ros2/sdk/src/arch/linux/net_serial.cpp:286:34:[m[K [01;35m[Kwarning: [m[Kunused parameter ‘[01m[Ktimeout[m[K’ [[01;35m[K-Wunused-parameter[m[K]
[4.408s]   286 | int raw_serial::waitforsent([01;35m[K_u32 timeout[m[K, size_t * returned_size)
[4.408s]       |                             [01;35m[K~~~~~^~~~~~~[m[K
[4.409s] [01m[K/home/karim/mako_robot/mako_ws/src/lidar_ros2/sdk/src/arch/linux/net_serial.cpp:[m[K In member function ‘[01m[Kvirtual int rp::arch::net::raw_serial::waitforrecv(_u32, size_t*)[m[K’:
[4.410s] [01m[K/home/karim/mako_robot/mako_ws/src/lidar_ros2/sdk/src/arch/linux/net_serial.cpp:292:34:[m[K [01;35m[Kwarning: [m[Kunused parameter ‘[01m[Ktimeout[m[K’ [[01;35m[K-Wunused-parameter[m[K]
[4.410s]   292 | int raw_serial::waitforrecv([01;35m[K_u32 timeout[m[K, size_t * returned_size)
[4.410s]       |                             [01;35m[K~~~~~^~~~~~~[m[K
[4.446s] [01m[K/home/karim/mako_robot/mako_ws/src/lidar_ros2/sdk/src/arch/linux/net_serial.cpp:[m[K In member function ‘[01m[Kbool rp::arch::net::raw_serial::open(const char*, uint32_t, uint32_t)[m[K’:
[4.446s] [01m[K/home/karim/mako_robot/mako_ws/src/lidar_ros2/sdk/src/arch/linux/net_serial.cpp:97:74:[m[K [01;35m[Kwarning: [m[Kunused parameter ‘[01m[Kflags[m[K’ [[01;35m[K-Wunused-parameter[m[K]
[4.446s]    97 | bool raw_serial::open(const char * portname, uint32_t baudrate, [01;35m[Kuint32_t flags[m[K)
[4.447s]       |                                                                 [01;35m[K~~~~~~~~~^~~~~[m[K
[4.448s] [01m[K/home/karim/mako_robot/mako_ws/src/lidar_ros2/sdk/src/arch/linux/net_serial.cpp:[m[K In member function ‘[01m[Kvirtual void rp::arch::net::raw_serial::flush(_u32)[m[K’:
[4.448s] [01m[K/home/karim/mako_robot/mako_ws/src/lidar_ros2/sdk/src/arch/linux/net_serial.cpp:281:30:[m[K [01;35m[Kwarning: [m[Kunused parameter ‘[01m[Kflags[m[K’ [[01;35m[K-Wunused-parameter[m[K]
[4.448s]   281 | void raw_serial::flush( [01;35m[K_u32 flags[m[K)
[4.448s]       |                         [01;35m[K~~~~~^~~~~[m[K
[4.448s] [01m[K/home/karim/mako_robot/mako_ws/src/lidar_ros2/sdk/src/arch/linux/net_serial.cpp:[m[K In member function ‘[01m[Kvirtual int rp::arch::net::raw_serial::waitforsent(_u32, size_t*)[m[K’:
[4.448s] [01m[K/home/karim/mako_robot/mako_ws/src/lidar_ros2/sdk/src/arch/linux/net_serial.cpp:286:34:[m[K [01;35m[Kwarning: [m[Kunused parameter ‘[01m[Ktimeout[m[K’ [[01;35m[K-Wunused-parameter[m[K]
[4.448s]   286 | int raw_serial::waitforsent([01;35m[K_u32 timeout[m[K, size_t * returned_size)
[4.448s]       |                             [01;35m[K~~~~~^~~~~~~[m[K
[4.448s] [01m[K/home/karim/mako_robot/mako_ws/src/lidar_ros2/sdk/src/arch/linux/net_serial.cpp:[m[K In member function ‘[01m[Kvirtual int rp::arch::net::raw_serial::waitforrecv(_u32, size_t*)[m[K’:
[4.449s] [01m[K/home/karim/mako_robot/mako_ws/src/lidar_ros2/sdk/src/arch/linux/net_serial.cpp:292:34:[m[K [01;35m[Kwarning: [m[Kunused parameter ‘[01m[Ktimeout[m[K’ [[01;35m[K-Wunused-parameter[m[K]
[4.449s]   292 | int raw_serial::waitforrecv([01;35m[K_u32 timeout[m[K, size_t * returned_size)
[4.449s]       |                             [01;35m[K~~~~~^~~~~~~[m[K
[4.558s] [ 38%] [32mBuilding CXX object CMakeFiles/rplidar_composition_node.dir/sdk/src/arch/linux/timer.cpp.o[0m
[4.643s] [ 44%] [32mBuilding CXX object CMakeFiles/rplidarNode.dir/sdk/src/arch/linux/net_socket.cpp.o[0m
[5.215s] [ 50%] [32mBuilding CXX object CMakeFiles/rplidar_composition_node.dir/sdk/src/hal/thread.cpp.o[0m
[5.350s] In file included from [01m[K/home/karim/mako_robot/mako_ws/src/lidar_ros2/./sdk/include/rplidar.h:39[m[K,
[5.351s]                  from [01m[K/home/karim/mako_robot/mako_ws/src/lidar_ros2/./sdk/src/sdkcommon.h:48[m[K,
[5.351s]                  from [01m[K/home/karim/mako_robot/mako_ws/src/lidar_ros2/sdk/src/arch/linux/net_socket.cpp:10[m[K:
[5.351s] [01m[K/home/karim/mako_robot/mako_ws/src/lidar_ros2/./sdk/include/rplidar_protocol.h:59:14:[m[K [01;35m[Kwarning: [m[KISO C++ forbids zero-size array ‘[01m[Kdata[m[K’ [[01;35m[K-Wpedantic[m[K]
[5.351s]    59 |     _u8 data[[01;35m[K0[m[K];
[5.352s]       |              [01;35m[K^[m[K
[5.352s] In file included from [01m[K/home/karim/mako_robot/mako_ws/src/lidar_ros2/./sdk/include/rplidar.h:40[m[K,
[5.352s]                  from [01m[K/home/karim/mako_robot/mako_ws/src/lidar_ros2/./sdk/src/sdkcommon.h:48[m[K,
[5.352s]                  from [01m[K/home/karim/mako_robot/mako_ws/src/lidar_ros2/sdk/src/arch/linux/net_socket.cpp:10[m[K:
[5.352s] [01m[K/home/karim/mako_robot/mako_ws/src/lidar_ros2/./sdk/include/rplidar_cmd.h:260:18:[m[K [01;35m[Kwarning: [m[KISO C++ forbids zero-size array ‘[01m[Kpayload[m[K’ [[01;35m[K-Wpedantic[m[K]
[5.352s]   260 |     _u8  payload[[01;35m[K0[m[K];
[5.353s]       |                  [01;35m[K^[m[K
[5.377s] [ 55%] [32mBuilding CXX object CMakeFiles/rplidar_composition_node.dir/sdk/src/rplidar_driver.cpp.o[0m
[5.380s] [01m[K/home/karim/mako_robot/mako_ws/src/lidar_ros2/sdk/src/arch/linux/net_socket.cpp:[m[K In member function ‘[01m[Kvirtual u_result rp::net::SocketAddress::getAddressAsString(char*, size_t) const[m[K’:
[5.380s] [01m[K/home/karim/mako_robot/mako_ws/src/lidar_ros2/sdk/src/arch/linux/net_socket.cpp:170:17:[m[K [01;35m[Kwarning: [m[Kordered comparison of pointer with integer zero [[01;35m[K-Wextra[m[K]
[5.380s]   170 |     return ans<=[01;35m[K0[m[K?RESULT_OPERATION_FAIL:RESULT_OK;
[5.380s]       |                 [01;35m[K^[m[K
[5.389s] [01m[K/home/karim/mako_robot/mako_ws/src/lidar_ros2/sdk/src/arch/linux/net_socket.cpp:[m[K In member function ‘[01m[Kvirtual u_result rp::arch::net::StreamSocketImpl::send(const void*, size_t)[m[K’:
[5.389s] [01m[K/home/karim/mako_robot/mako_ws/src/lidar_ros2/sdk/src/arch/linux/net_socket.cpp:438:17:[m[K [01;35m[Kwarning: [m[Kcomparison of integer expressions of different signedness: ‘[01m[Ksize_t[m[K’ {aka ‘[01m[Klong unsigned int[m[K’} and ‘[01m[Kint[m[K’ [[01;35m[K-Wsign-compare[m[K]
[5.389s]   438 |         if ([01;35m[Kans == (int)len[m[K) {
[5.390s]       |             [01;35m[K~~~~^~~~~~~~~~~[m[K
[5.395s] In file included from [01m[K/home/karim/mako_robot/mako_ws/src/lidar_ros2/./sdk/src/arch/linux/arch_linux.h:42[m[K,
[5.395s]                  from [01m[K/home/karim/mako_robot/mako_ws/src/lidar_ros2/./sdk/src/sdkcommon.h:40[m[K,
[5.395s]                  from [01m[K/home/karim/mako_robot/mako_ws/src/lidar_ros2/sdk/src/arch/linux/net_socket.cpp:10[m[K:
[5.395s] [01m[K/home/karim/mako_robot/mako_ws/src/lidar_ros2/sdk/src/arch/linux/net_socket.cpp:[m[K In member function ‘[01m[Kvirtual u_result rp::arch::net::DGramSocketImpl::sendTo(const rp::net::SocketAddress&, const void*, size_t)[m[K’:
[5.396s] [01m[K/home/karim/mako_robot/mako_ws/src/lidar_ros2/sdk/src/arch/linux/net_socket.cpp:726:24:[m[K [01;35m[Kwarning: [m[Kcomparison of integer expressions of different signedness: ‘[01m[Ksize_t[m[K’ {aka ‘[01m[Klong unsigned int[m[K’} and ‘[01m[Kint[m[K’ [[01;35m[K-Wsign-compare[m[K]
[5.396s]   726 |             assert([01;35m[Kans == (int)len[m[K);
[5.396s]       |                    [01;35m[K~~~~^~~~~~~~~~~[m[K
[5.872s] In file included from [01m[K/home/karim/mako_robot/mako_ws/src/lidar_ros2/./sdk/include/rplidar.h:39[m[K,
[5.872s]                  from [01m[K/home/karim/mako_robot/mako_ws/src/lidar_ros2/./sdk/src/sdkcommon.h:48[m[K,
[5.872s]                  from [01m[K/home/karim/mako_robot/mako_ws/src/lidar_ros2/sdk/src/hal/thread.cpp:35[m[K:
[5.902s] [01m[K/home/karim/mako_robot/mako_ws/src/lidar_ros2/./sdk/include/rplidar_protocol.h:59:14:[m[K [01;35m[Kwarning: [m[KISO C++ forbids zero-size array ‘[01m[Kdata[m[K’ [[01;35m[K-Wpedantic[m[K]
[5.903s]    59 |     _u8 data[[01;35m[K0[m[K];
[5.903s]       |              [01;35m[K^[m[K
[5.915s] In file included from [01m[K/home/karim/mako_robot/mako_ws/src/lidar_ros2/./sdk/include/rplidar.h:40[m[K,
[5.915s]                  from [01m[K/home/karim/mako_robot/mako_ws/src/lidar_ros2/./sdk/src/sdkcommon.h:48[m[K,
[5.917s]                  from [01m[K/home/karim/mako_robot/mako_ws/src/lidar_ros2/sdk/src/hal/thread.cpp:35[m[K:
[5.918s] [01m[K/home/karim/mako_robot/mako_ws/src/lidar_ros2/./sdk/include/rplidar_cmd.h:260:18:[m[K [01;35m[Kwarning: [m[KISO C++ forbids zero-size array ‘[01m[Kpayload[m[K’ [[01;35m[K-Wpedantic[m[K]
[5.920s]   260 |     _u8  payload[[01;35m[K0[m[K];
[5.921s]       |                  [01;35m[K^[m[K
[5.925s] In file included from [01m[K/home/karim/mako_robot/mako_ws/src/lidar_ros2/sdk/src/hal/thread.cpp:43[m[K:
[5.940s] [01m[K/home/karim/mako_robot/mako_ws/src/lidar_ros2/./sdk/src/arch/linux/thread.hpp:[m[K In static member function ‘[01m[Kstatic rp::hal::Thread rp::hal::Thread::create(thread_proc_t, void*)[m[K’:
[5.940s] [01m[K/home/karim/mako_robot/mako_ws/src/lidar_ros2/./sdk/src/arch/linux/thread.hpp:48:77:[m[K [01;35m[Kwarning: [m[Kcast between incompatible function types from ‘[01m[Kthread_proc_t[m[K’ {aka ‘[01m[Klong unsigned int (*)(void*)[m[K’} to ‘[01m[Kvoid* (*)(void*)[m[K’ [[01;35m[K-Wcast-function-type[m[K]
[5.941s]    48 |     pthread_create((pthread_t *)&newborn._handle, NULL, (void * (*)(void *))[01;35m[Kproc[m[K, data);
[5.941s]       |                                                                             [01;35m[K^~~~[m[K
[5.942s] [01m[K/home/karim/mako_robot/mako_ws/src/lidar_ros2/./sdk/src/arch/linux/thread.hpp:[m[K In member function ‘[01m[Ku_result rp::hal::Thread::join(long unsigned int)[m[K’:
[5.942s] [01m[K/home/karim/mako_robot/mako_ws/src/lidar_ros2/./sdk/src/arch/linux/thread.hpp:129:37:[m[K [01;35m[Kwarning: [m[Kunused parameter ‘[01m[Ktimeout[m[K’ [[01;35m[K-Wunused-parameter[m[K]
[5.944s]   129 | u_result Thread::join([01;35m[Kunsigned long timeout[m[K)
[5.945s]       |                       [01;35m[K~~~~~~~~~~~~~~^~~~~~~[m[K
[6.096s] [ 61%] [32mBuilding CXX object CMakeFiles/rplidarNode.dir/sdk/src/arch/linux/timer.cpp.o[0m
[6.097s] [ 66%] [32mBuilding CXX object CMakeFiles/rplidarNode.dir/sdk/src/hal/thread.cpp.o[0m
[6.108s] In file included from [01m[K/home/karim/mako_robot/mako_ws/src/lidar_ros2/./sdk/include/rplidar.h:39[m[K,
[6.108s]                  from [01m[K/home/karim/mako_robot/mako_ws/src/lidar_ros2/sdk/src/sdkcommon.h:48[m[K,
[6.108s]                  from [01m[K/home/karim/mako_robot/mako_ws/src/lidar_ros2/sdk/src/rplidar_driver.cpp:35[m[K:
[6.108s] [01m[K/home/karim/mako_robot/mako_ws/src/lidar_ros2/./sdk/include/rplidar_protocol.h:59:14:[m[K [01;35m[Kwarning: [m[KISO C++ forbids zero-size array ‘[01m[Kdata[m[K’ [[01;35m[K-Wpedantic[m[K]
[6.109s]    59 |     _u8 data[[01;35m[K0[m[K];
[6.109s]       |              [01;35m[K^[m[K
[6.109s] In file included from [01m[K/home/karim/mako_robot/mako_ws/src/lidar_ros2/./sdk/include/rplidar.h:40[m[K,
[6.109s]                  from [01m[K/home/karim/mako_robot/mako_ws/src/lidar_ros2/sdk/src/sdkcommon.h:48[m[K,
[6.109s]                  from [01m[K/home/karim/mako_robot/mako_ws/src/lidar_ros2/sdk/src/rplidar_driver.cpp:35[m[K:
[6.109s] [01m[K/home/karim/mako_robot/mako_ws/src/lidar_ros2/./sdk/include/rplidar_cmd.h:260:18:[m[K [01;35m[Kwarning: [m[KISO C++ forbids zero-size array ‘[01m[Kpayload[m[K’ [[01;35m[K-Wpedantic[m[K]
[6.109s]   260 |     _u8  payload[[01;35m[K0[m[K];
[6.110s]       |                  [01;35m[K^[m[K
[6.363s] [01m[K/home/karim/mako_robot/mako_ws/src/lidar_ros2/sdk/src/rplidar_driver.cpp:[m[K In member function ‘[01m[Kvirtual u_result rp::standalone::rplidar::RPlidarDriverImplCommon::reset(_u32)[m[K’:
[6.364s] [01m[K/home/karim/mako_robot/mako_ws/src/lidar_ros2/sdk/src/rplidar_driver.cpp:121:46:[m[K [01;35m[Kwarning: [m[Kunused parameter ‘[01m[Ktimeout[m[K’ [[01;35m[K-Wunused-parameter[m[K]
[6.364s]   121 | u_result RPlidarDriverImplCommon::reset([01;35m[K_u32 timeout[m[K)
[6.364s]       |                                         [01;35m[K~~~~~^~~~~~~[m[K
[6.367s] [01m[K/home/karim/mako_robot/mako_ws/src/lidar_ros2/sdk/src/rplidar_driver.cpp:[m[K In member function ‘[01m[Kvirtual u_result rp::standalone::rplidar::RPlidarDriverImplCommon::checkIfTofLidar(bool&, _u32)[m[K’:
[6.368s] [01m[K/home/karim/mako_robot/mako_ws/src/lidar_ros2/sdk/src/rplidar_driver.cpp:274:75:[m[K [01;35m[Kwarning: [m[Kunused parameter ‘[01m[Ktimeout[m[K’ [[01;35m[K-Wunused-parameter[m[K]
[6.369s]   274 | u_result RPlidarDriverImplCommon::checkIfTofLidar(bool & isTofLidar, [01;35m[K_u32 timeout[m[K)
[6.370s]       |                                                                      [01;35m[K~~~~~^~~~~~~[m[K
[6.376s] [01m[K/home/karim/mako_robot/mako_ws/src/lidar_ros2/sdk/src/rplidar_driver.cpp:[m[K In member function ‘[01m[Kvirtual void rp::standalone::rplidar::RPlidarDriverImplCommon::_dense_capsuleToNormal(const rplidar_response_capsule_measurement_nodes_t&, rplidar_response_measurement_node_hq_t*, size_t&)[m[K’:
[6.377s] [01m[K/home/karim/mako_robot/mako_ws/src/lidar_ros2/sdk/src/rplidar_driver.cpp:872:108:[m[K [01;35m[Kwarning: [m[Ktype qualifiers ignored on cast result type [[01;35m[K-Wignored-qualifiers[m[K]
[6.377s]   872 |             const int dist = static_cast<const int>(_cached_previous_dense_capsuledata.cabins[pos].distance[01;35m[K)[m[K;
[6.377s]       |                                                                                                            [01;35m[K^[m[K
[6.379s] [01m[K/home/karim/mako_robot/mako_ws/src/lidar_ros2/sdk/src/rplidar_driver.cpp:[m[K In function ‘[01m[K_u32 rp::standalone::rplidar::_crc32cal(_u32, void*, _u16)[m[K’:
[6.379s] [01m[K/home/karim/mako_robot/mako_ws/src/lidar_ros2/sdk/src/rplidar_driver.cpp:996:23:[m[K [01;35m[Kwarning: [m[Ksuggest parentheses around ‘[01m[K-[m[K’ in operand of ‘[01m[K&[m[K’ [[01;35m[K-Wparentheses[m[K]
[6.379s]   996 |     _u8 leftBytes = [01;35m[K4 - len[m[K & 0x3;
[6.379s]       |                     [01;35m[K~~^~~~~[m[K
[6.383s] [01m[K/home/karim/mako_robot/mako_ws/src/lidar_ros2/sdk/src/rplidar_driver.cpp:[m[K In member function ‘[01m[Kvirtual void rp::standalone::rplidar::RPlidarDriverImplCommon::_ultraCapsuleToNormal(const rplidar_response_ultra_capsule_measurement_nodes_t&, rplidar_response_measurement_node_hq_t*, size_t&)[m[K’:
[6.384s] [01m[K/home/karim/mako_robot/mako_ws/src/lidar_ros2/sdk/src/rplidar_driver.cpp:1207:32:[m[K [01;35m[Kwarning: [m[Kcomparison of integer expressions of different signedness: ‘[01m[Kint[m[K’ and ‘[01m[Kunsigned int[m[K’ [[01;35m[K-Wsign-compare[m[K]
[6.384s]  1207 |             if (([01;35m[Kdist_predict1 == 0xFFFFFE00[m[K) || (dist_predict1 == 0x1FF)) {
[6.384s]       |                  [01;35m[K~~~~~~~~~~~~~~^~~~~~~~~~~~~[m[K
[6.384s] [01m[K/home/karim/mako_robot/mako_ws/src/lidar_ros2/sdk/src/rplidar_driver.cpp:1215:32:[m[K [01;35m[Kwarning: [m[Kcomparison of integer expressions of different signedness: ‘[01m[Kint[m[K’ and ‘[01m[Kunsigned int[m[K’ [[01;35m[K-Wsign-compare[m[K]
[6.385s]  1215 |             if (([01;35m[Kdist_predict2 == 0xFFFFFE00[m[K) || (dist_predict2 == 0x1FF)) {
[6.385s]       |                  [01;35m[K~~~~~~~~~~~~~~^~~~~~~~~~~~~[m[K
[6.395s] [01m[K/home/karim/mako_robot/mako_ws/src/lidar_ros2/sdk/src/rplidar_driver.cpp:[m[K In member function ‘[01m[Kvirtual u_result rp::standalone::rplidar::RPlidarDriverImplCommon::getAllSupportedScanModes(std::vector<rp::standalone::rplidar::RplidarScanMode>&, _u32)[m[K’:
[6.396s] [01m[K/home/karim/mako_robot/mako_ws/src/lidar_ros2/sdk/src/rplidar_driver.cpp:1453:105:[m[K [01;35m[Kwarning: [m[Kunused parameter ‘[01m[KtimeoutInMs[m[K’ [[01;35m[K-Wunused-parameter[m[K]
[6.396s]  1453 | u_result RPlidarDriverImplCommon::getAllSupportedScanModes(std::vector<RplidarScanMode>& outModes, [01;35m[K_u32 timeoutInMs[m[K)
[6.396s]       |                                                                                                    [01;35m[K~~~~~^~~~~~~~~~~[m[K
[6.397s] [01m[K/home/karim/mako_robot/mako_ws/src/lidar_ros2/sdk/src/rplidar_driver.cpp:[m[K In member function ‘[01m[Kvirtual u_result rp::standalone::rplidar::RPlidarDriverImplCommon::startScan(bool, bool, _u32, rp::standalone::rplidar::RplidarScanMode*)[m[K’:
[6.397s] [01m[K/home/karim/mako_robot/mako_ws/src/lidar_ros2/sdk/src/rplidar_driver.cpp:1550:83:[m[K [01;35m[Kwarning: [m[Kunused parameter ‘[01m[Koptions[m[K’ [[01;35m[K-Wunused-parameter[m[K]
[6.397s]  1550 | u_result RPlidarDriverImplCommon::startScan(bool force, bool useTypicalScan, [01;35m[K_u32 options[m[K, RplidarScanMode* outUsedScanMode)
[6.397s]       |                                                                              [01;35m[K~~~~~^~~~~~~[m[K
[6.400s] [01m[K/home/karim/mako_robot/mako_ws/src/lidar_ros2/sdk/src/rplidar_driver.cpp:[m[K In member function ‘[01m[Kvirtual u_result rp::standalone::rplidar::RPlidarDriverImplCommon::stop(_u32)[m[K’:
[6.400s] [01m[K/home/karim/mako_robot/mako_ws/src/lidar_ros2/sdk/src/rplidar_driver.cpp:1774:45:[m[K [01;35m[Kwarning: [m[Kunused parameter ‘[01m[Ktimeout[m[K’ [[01;35m[K-Wunused-parameter[m[K]
[6.400s]  1774 | u_result RPlidarDriverImplCommon::stop([01;35m[K_u32 timeout[m[K)
[6.400s]       |                                        [01;35m[K~~~~~^~~~~~~[m[K
[6.406s] [01m[K/home/karim/mako_robot/mako_ws/src/lidar_ros2/sdk/src/rplidar_driver.cpp:[m[K In member function ‘[01m[Kvirtual u_result rp::standalone::rplidar::RPlidarDriverImplCommon::setLidarSpinSpeed(_u16, _u32)[m[K’:
[6.406s] [01m[K/home/karim/mako_robot/mako_ws/src/lidar_ros2/sdk/src/rplidar_driver.cpp:2162:68:[m[K [01;35m[Kwarning: [m[Kunused parameter ‘[01m[Ktimeout[m[K’ [[01;35m[K-Wunused-parameter[m[K]
[6.406s]  2162 | u_result RPlidarDriverImplCommon::setLidarSpinSpeed(_u16 rpm, [01;35m[K_u32 timeout[m[K)
[6.407s]       |                                                               [01;35m[K~~~~~^~~~~~~[m[K
[6.408s] [01m[K/home/karim/mako_robot/mako_ws/src/lidar_ros2/sdk/src/rplidar_driver.cpp:[m[K In member function ‘[01m[Kvirtual u_result rp::standalone::rplidar::RPlidarDriverSerial::connect(const char*, _u32, _u32)[m[K’:
[6.408s] [01m[K/home/karim/mako_robot/mako_ws/src/lidar_ros2/sdk/src/rplidar_driver.cpp:2240:83:[m[K [01;35m[Kwarning: [m[Kunused parameter ‘[01m[Kflag[m[K’ [[01;35m[K-Wunused-parameter[m[K]
[6.408s]  2240 | u_result RPlidarDriverSerial::connect(const char * port_path, _u32 baudrate, [01;35m[K_u32 flag[m[K)
[6.408s]       |                                                                              [01;35m[K~~~~~^~~~[m[K
[6.410s] [01m[K/home/karim/mako_robot/mako_ws/src/lidar_ros2/sdk/src/rplidar_driver.cpp:[m[K In member function ‘[01m[Kvirtual u_result rp::standalone::rplidar::RPlidarDriverTCP::connect(const char*, _u32, _u32)[m[K’:
[6.410s] [01m[K/home/karim/mako_robot/mako_ws/src/lidar_ros2/sdk/src/rplidar_driver.cpp:2282:72:[m[K [01;35m[Kwarning: [m[Kunused parameter ‘[01m[Kflag[m[K’ [[01;35m[K-Wunused-parameter[m[K]
[6.410s]  2282 | u_result RPlidarDriverTCP::connect(const char * ipStr, _u32 port, [01;35m[K_u32 flag[m[K)
[6.410s]       |                                                                   [01;35m[K~~~~~^~~~[m[K
[6.665s] In file included from [01m[K/home/karim/mako_robot/mako_ws/src/lidar_ros2/./sdk/include/rplidar.h:39[m[K,
[6.665s]                  from [01m[K/home/karim/mako_robot/mako_ws/src/lidar_ros2/include/rplidar_node.hpp:41[m[K,
[6.665s]                  from [01m[K/home/karim/mako_robot/mako_ws/src/lidar_ros2/src/rplidar_node.cpp:36[m[K:
[6.666s] [01m[K/home/karim/mako_robot/mako_ws/src/lidar_ros2/./sdk/include/rplidar_protocol.h:59:14:[m[K [01;35m[Kwarning: [m[KISO C++ forbids zero-size array ‘[01m[Kdata[m[K’ [[01;35m[K-Wpedantic[m[K]
[6.666s]    59 |     _u8 data[[01;35m[K0[m[K];
[6.666s]       |              [01;35m[K^[m[K
[6.667s] In file included from [01m[K/home/karim/mako_robot/mako_ws/src/lidar_ros2/./sdk/include/rplidar.h:40[m[K,
[6.668s]                  from [01m[K/home/karim/mako_robot/mako_ws/src/lidar_ros2/include/rplidar_node.hpp:41[m[K,
[6.668s]                  from [01m[K/home/karim/mako_robot/mako_ws/src/lidar_ros2/src/rplidar_node.cpp:36[m[K:
[6.668s] [01m[K/home/karim/mako_robot/mako_ws/src/lidar_ros2/./sdk/include/rplidar_cmd.h:260:18:[m[K [01;35m[Kwarning: [m[KISO C++ forbids zero-size array ‘[01m[Kpayload[m[K’ [[01;35m[K-Wpedantic[m[K]
[6.668s]   260 |     _u8  payload[[01;35m[K0[m[K];
[6.669s]       |                  [01;35m[K^[m[K
[6.844s] In file included from [01m[K/home/karim/mako_robot/mako_ws/src/lidar_ros2/./sdk/include/rplidar.h:39[m[K,
[6.844s]                  from [01m[K/home/karim/mako_robot/mako_ws/src/lidar_ros2/src/node.cpp:45[m[K:
[6.866s] [01m[K/home/karim/mako_robot/mako_ws/src/lidar_ros2/./sdk/include/rplidar_protocol.h:59:14:[m[K [01;35m[Kwarning: [m[KISO C++ forbids zero-size array ‘[01m[Kdata[m[K’ [[01;35m[K-Wpedantic[m[K]
[6.867s]    59 |     _u8 data[[01;35m[K0[m[K];
[6.867s]       |              [01;35m[K^[m[K
[6.867s] In file included from [01m[K/home/karim/mako_robot/mako_ws/src/lidar_ros2/./sdk/include/rplidar.h:40[m[K,
[6.867s]                  from [01m[K/home/karim/mako_robot/mako_ws/src/lidar_ros2/src/node.cpp:45[m[K:
[6.868s] [01m[K/home/karim/mako_robot/mako_ws/src/lidar_ros2/./sdk/include/rplidar_cmd.h:260:18:[m[K [01;35m[Kwarning: [m[KISO C++ forbids zero-size array ‘[01m[Kpayload[m[K’ [[01;35m[K-Wpedantic[m[K]
[6.868s]   260 |     _u8  payload[[01;35m[K0[m[K];
[6.868s]       |                  [01;35m[K^[m[K
[6.868s] In file included from [01m[K/home/karim/mako_robot/mako_ws/src/lidar_ros2/./sdk/include/rplidar.h:39[m[K,
[6.868s]                  from [01m[K/home/karim/mako_robot/mako_ws/src/lidar_ros2/./sdk/src/sdkcommon.h:48[m[K,
[6.868s]                  from [01m[K/home/karim/mako_robot/mako_ws/src/lidar_ros2/sdk/src/hal/thread.cpp:35[m[K:
[6.868s] [01m[K/home/karim/mako_robot/mako_ws/src/lidar_ros2/./sdk/include/rplidar_protocol.h:59:14:[m[K [01;35m[Kwarning: [m[KISO C++ forbids zero-size array ‘[01m[Kdata[m[K’ [[01;35m[K-Wpedantic[m[K]
[6.869s]    59 |     _u8 data[[01;35m[K0[m[K];
[6.869s]       |              [01;35m[K^[m[K
[6.869s] In file included from [01m[K/home/karim/mako_robot/mako_ws/src/lidar_ros2/./sdk/include/rplidar.h:40[m[K,
[6.870s]                  from [01m[K/home/karim/mako_robot/mako_ws/src/lidar_ros2/./sdk/src/sdkcommon.h:48[m[K,
[6.874s]                  from [01m[K/home/karim/mako_robot/mako_ws/src/lidar_ros2/sdk/src/hal/thread.cpp:35[m[K:
[6.876s] [01m[K/home/karim/mako_robot/mako_ws/src/lidar_ros2/./sdk/include/rplidar_cmd.h:260:18:[m[K [01;35m[Kwarning: [m[KISO C++ forbids zero-size array ‘[01m[Kpayload[m[K’ [[01;35m[K-Wpedantic[m[K]
[6.876s]   260 |     _u8  payload[[01;35m[K0[m[K];
[6.877s]       |                  [01;35m[K^[m[K
[6.878s] In file included from [01m[K/home/karim/mako_robot/mako_ws/src/lidar_ros2/sdk/src/hal/thread.cpp:43[m[K:
[6.878s] [01m[K/home/karim/mako_robot/mako_ws/src/lidar_ros2/./sdk/src/arch/linux/thread.hpp:[m[K In static member function ‘[01m[Kstatic rp::hal::Thread rp::hal::Thread::create(thread_proc_t, void*)[m[K’:
[6.878s] [01m[K/home/karim/mako_robot/mako_ws/src/lidar_ros2/./sdk/src/arch/linux/thread.hpp:48:77:[m[K [01;35m[Kwarning: [m[Kcast between incompatible function types from ‘[01m[Kthread_proc_t[m[K’ {aka ‘[01m[Klong unsigned int (*)(void*)[m[K’} to ‘[01m[Kvoid* (*)(void*)[m[K’ [[01;35m[K-Wcast-function-type[m[K]
[6.878s]    48 |     pthread_create((pthread_t *)&newborn._handle, NULL, (void * (*)(void *))[01;35m[Kproc[m[K, data);
[6.878s]       |                                                                             [01;35m[K^~~~[m[K
[6.879s] [01m[K/home/karim/mako_robot/mako_ws/src/lidar_ros2/./sdk/src/arch/linux/thread.hpp:[m[K In member function ‘[01m[Ku_result rp::hal::Thread::join(long unsigned int)[m[K’:
[6.879s] [01m[K/home/karim/mako_robot/mako_ws/src/lidar_ros2/./sdk/src/arch/linux/thread.hpp:129:37:[m[K [01;35m[Kwarning: [m[Kunused parameter ‘[01m[Ktimeout[m[K’ [[01;35m[K-Wunused-parameter[m[K]
[6.879s]   129 | u_result Thread::join([01;35m[Kunsigned long timeout[m[K)
[6.879s]       |                       [01;35m[K~~~~~~~~~~~~~~^~~~~~~[m[K
[6.887s] [01m[K/home/karim/mako_robot/mako_ws/src/lidar_ros2/src/rplidar_node.cpp:[m[K In member function ‘[01m[Kvoid rplidar_ros::rplidar_node::stop_motor({anonymous}::EmptyRequest, {anonymous}::EmptyResponse)[m[K’:
[6.887s] [01m[K/home/karim/mako_robot/mako_ws/src/lidar_ros2/src/rplidar_node.cpp:245:50:[m[K [01;35m[Kwarning: [m[Kunused parameter ‘[01m[Kreq[m[K’ [[01;35m[K-Wunused-parameter[m[K]
[6.887s]   245 | void rplidar_node::stop_motor([01;35m[Kconst EmptyRequest req[m[K, EmptyResponse res)
[6.887s]       |                               [01;35m[K~~~~~~~~~~~~~~~~~~~^~~[m[K
[6.888s] [01m[K/home/karim/mako_robot/mako_ws/src/lidar_ros2/src/rplidar_node.cpp:245:69:[m[K [01;35m[Kwarning: [m[Kunused parameter ‘[01m[Kres[m[K’ [[01;35m[K-Wunused-parameter[m[K]
[6.888s]   245 | void rplidar_node::stop_motor(const EmptyRequest req, [01;35m[KEmptyResponse res[m[K)
[6.888s]       |                                                       [01;35m[K~~~~~~~~~~~~~~^~~[m[K
[6.889s] [01m[K/home/karim/mako_robot/mako_ws/src/lidar_ros2/src/rplidar_node.cpp:[m[K In member function ‘[01m[Kvoid rplidar_ros::rplidar_node::start_motor({anonymous}::EmptyRequest, {anonymous}::EmptyResponse)[m[K’:
[6.889s] [01m[K/home/karim/mako_robot/mako_ws/src/lidar_ros2/src/rplidar_node.cpp:256:51:[m[K [01;35m[Kwarning: [m[Kunused parameter ‘[01m[Kreq[m[K’ [[01;35m[K-Wunused-parameter[m[K]
[6.889s]   256 | void rplidar_node::start_motor([01;35m[Kconst EmptyRequest req[m[K, EmptyResponse res)
[6.890s]       |                                [01;35m[K~~~~~~~~~~~~~~~~~~~^~~[m[K
[6.890s] [01m[K/home/karim/mako_robot/mako_ws/src/lidar_ros2/src/rplidar_node.cpp:256:70:[m[K [01;35m[Kwarning: [m[Kunused parameter ‘[01m[Kres[m[K’ [[01;35m[K-Wunused-parameter[m[K]
[6.890s]   256 | void rplidar_node::start_motor(const EmptyRequest req, [01;35m[KEmptyResponse res[m[K)
[6.890s]       |                                                        [01;35m[K~~~~~~~~~~~~~~^~~[m[K
[6.911s] [01m[K/home/karim/mako_robot/mako_ws/src/lidar_ros2/src/node.cpp:[m[K In function ‘[01m[Kbool stop_motor(std::shared_ptr<std_srvs::srv::Empty_Request_<std::allocator<void> > >, std::shared_ptr<std_srvs::srv::Empty_Response_<std::allocator<void> > >)[m[K’:
[6.912s] [01m[K/home/karim/mako_robot/mako_ws/src/lidar_ros2/src/node.cpp:166:70:[m[K [01;35m[Kwarning: [m[Kunused parameter ‘[01m[Kreq[m[K’ [[01;35m[K-Wunused-parameter[m[K]
[6.913s]   166 | bool stop_motor([01;35m[Kconst std::shared_ptr<std_srvs::srv::Empty::Request> req[m[K,
[6.913s]       |                 [01;35m[K~~~~~~~~~~~~~~~~~~~~~~~~~~~~~~~~~~~~~~~~~~~~~~~~~~~~~^~~[m[K
[6.913s] [01m[K/home/karim/mako_robot/mako_ws/src/lidar_ros2/src/node.cpp:167:65:[m[K [01;35m[Kwarning: [m[Kunused parameter ‘[01m[Kres[m[K’ [[01;35m[K-Wunused-parameter[m[K]
[6.913s]   167 |                 [01;35m[Kstd::shared_ptr<std_srvs::srv::Empty::Response> res[m[K)
[6.913s]       |                 [01;35m[K~~~~~~~~~~~~~~~~~~~~~~~~~~~~~~~~~~~~~~~~~~~~~~~~^~~[m[K
[6.913s] [01m[K/home/karim/mako_robot/mako_ws/src/lidar_ros2/src/node.cpp:[m[K In function ‘[01m[Kbool start_motor(std::shared_ptr<std_srvs::srv::Empty_Request_<std::allocator<void> > >, std::shared_ptr<std_srvs::srv::Empty_Response_<std::allocator<void> > >)[m[K’:
[6.913s] [01m[K/home/karim/mako_robot/mako_ws/src/lidar_ros2/src/node.cpp:178:71:[m[K [01;35m[Kwarning: [m[Kunused parameter ‘[01m[Kreq[m[K’ [[01;35m[K-Wunused-parameter[m[K]
[6.914s]   178 | bool start_motor([01;35m[Kconst std::shared_ptr<std_srvs::srv::Empty::Request> req[m[K,
[6.914s]       |                  [01;35m[K~~~~~~~~~~~~~~~~~~~~~~~~~~~~~~~~~~~~~~~~~~~~~~~~~~~~~^~~[m[K
[6.914s] [01m[K/home/karim/mako_robot/mako_ws/src/lidar_ros2/src/node.cpp:179:66:[m[K [01;35m[Kwarning: [m[Kunused parameter ‘[01m[Kres[m[K’ [[01;35m[K-Wunused-parameter[m[K]
[6.914s]   179 |                  [01;35m[Kstd::shared_ptr<std_srvs::srv::Empty::Response> res[m[K)
[6.914s]       |                  [01;35m[K~~~~~~~~~~~~~~~~~~~~~~~~~~~~~~~~~~~~~~~~~~~~~~~~^~~[m[K
[6.924s] [01m[K/home/karim/mako_robot/mako_ws/src/lidar_ros2/src/rplidar_node.cpp:[m[K In member function ‘[01m[Kvoid rplidar_ros::rplidar_node::publish_loop()[m[K’:
[6.924s] [01m[K/home/karim/mako_robot/mako_ws/src/lidar_ros2/src/rplidar_node.cpp:343:46:[m[K [01;35m[Kwarning: [m[KISO C++ forbids variable length array ‘[01m[Kangle_compensate_nodes[m[K’ [[01;35m[K-Wvla[m[K]
[6.924s]   343 |       rplidar_response_measurement_node_hq_t [01;35m[Kangle_compensate_nodes[m[K[angle_compensate_nodes_count];
[6.924s]       |                                              [01;35m[K^~~~~~~~~~~~~~~~~~~~~~[m[K
[6.925s] [01m[K/home/karim/mako_robot/mako_ws/src/lidar_ros2/src/rplidar_node.cpp:353:25:[m[K [01;35m[Kwarning: [m[Kcomparison of integer expressions of different signedness: ‘[01m[Ksize_t[m[K’ {aka ‘[01m[Klong unsigned int[m[K’} and ‘[01m[Kint[m[K’ [[01;35m[K-Wsign-compare[m[K]
[6.925s]   353 |           for (j = 0; [01;35m[Kj < m_angle_compensate_multiple[m[K; j++) {
[6.925s]       |                       [01;35m[K~~^~~~~~~~~~~~~~~~~~~~~~~~~~~~~[m[K
[6.927s] [01m[K/home/karim/mako_robot/mako_ws/src/lidar_ros2/src/rplidar_node.cpp:374:44:[m[K [01;35m[Kwarning: [m[Kcomparison of integer expressions of different signedness: ‘[01m[Ksize_t[m[K’ {aka ‘[01m[Klong unsigned int[m[K’} and ‘[01m[Kint[m[K’ [[01;35m[K-Wsign-compare[m[K]
[6.927s]   374 |       for (size_t x = start_node, y = 0; [01;35m[Kx < end_node[m[K; ++x, ++y) {
[6.927s]       |                                          [01;35m[K~~^~~~~~~~~~[m[K
[6.928s] [01m[K/home/karim/mako_robot/mako_ws/src/lidar_ros2/src/rplidar_node.cpp:381:11:[m[K [01;35m[Kwarning: [m[Kunused variable ‘[01m[Kangle_min[m[K’ [[01;35m[K-Wunused-variable[m[K]
[6.928s]   381 |     float [01;35m[Kangle_min[m[K = deg_2_rad(0.0f);
[6.928s]       |           [01;35m[K^~~~~~~~~[m[K
[6.928s] [01m[K/home/karim/mako_robot/mako_ws/src/lidar_ros2/src/rplidar_node.cpp:382:11:[m[K [01;35m[Kwarning: [m[Kunused variable ‘[01m[Kangle_max[m[K’ [[01;35m[K-Wunused-variable[m[K]
[6.929s]   382 |     float [01;35m[Kangle_max[m[K = deg_2_rad(359.0f);
[6.929s]       |           [01;35m[K^~~~~~~~~[m[K
[6.930s] [ 72%] [32mBuilding CXX object CMakeFiles/rplidarNode.dir/sdk/src/rplidar_driver.cpp.o[0m
[7.051s] [01m[K/home/karim/mako_robot/mako_ws/src/lidar_ros2/src/node.cpp:[m[K In function ‘[01m[Kint main(int, char**)[m[K’:
[7.052s] [01m[K/home/karim/mako_robot/mako_ws/src/lidar_ros2/src/node.cpp:356:60:[m[K [01;35m[Kwarning: [m[KISO C++ forbids variable length array ‘[01m[Kangle_compensate_nodes[m[K’ [[01;35m[K-Wvla[m[K]
[7.052s]   356 |                     rplidar_response_measurement_node_hq_t [01;35m[Kangle_compensate_nodes[m[K[angle_compensate_nodes_count];
[7.052s]       |                                                            [01;35m[K^~~~~~~~~~~~~~~~~~~~~~[m[K
[7.052s] [01m[K/home/karim/mako_robot/mako_ws/src/lidar_ros2/src/node.cpp:360:30:[m[K [01;35m[Kwarning: [m[Kcomparison of integer expressions of different signedness: ‘[01m[Kint[m[K’ and ‘[01m[Ksize_t[m[K’ {aka ‘[01m[Klong unsigned int[m[K’} [[01;35m[K-Wsign-compare[m[K]
[7.052s]   360 |                     for( ; [01;35m[Ki < count[m[K; i++ ) {
[7.053s]       |                            [01;35m[K~~^~~~~~~[m[K
[7.485s] In file included from [01m[K/home/karim/mako_robot/mako_ws/src/lidar_ros2/./sdk/include/rplidar.h:39[m[K,
[7.486s]                  from [01m[K/home/karim/mako_robot/mako_ws/src/lidar_ros2/sdk/src/sdkcommon.h:48[m[K,
[7.486s]                  from [01m[K/home/karim/mako_robot/mako_ws/src/lidar_ros2/sdk/src/rplidar_driver.cpp:35[m[K:
[7.486s] [01m[K/home/karim/mako_robot/mako_ws/src/lidar_ros2/./sdk/include/rplidar_protocol.h:59:14:[m[K [01;35m[Kwarning: [m[KISO C++ forbids zero-size array ‘[01m[Kdata[m[K’ [[01;35m[K-Wpedantic[m[K]
[7.486s]    59 |     _u8 data[[01;35m[K0[m[K];
[7.486s]       |              [01;35m[K^[m[K
[7.486s] In file included from [01m[K/home/karim/mako_robot/mako_ws/src/lidar_ros2/./sdk/include/rplidar.h:40[m[K,
[7.487s]                  from [01m[K/home/karim/mako_robot/mako_ws/src/lidar_ros2/sdk/src/sdkcommon.h:48[m[K,
[7.487s]                  from [01m[K/home/karim/mako_robot/mako_ws/src/lidar_ros2/sdk/src/rplidar_driver.cpp:35[m[K:
[7.487s] [01m[K/home/karim/mako_robot/mako_ws/src/lidar_ros2/./sdk/include/rplidar_cmd.h:260:18:[m[K [01;35m[Kwarning: [m[KISO C++ forbids zero-size array ‘[01m[Kpayload[m[K’ [[01;35m[K-Wpedantic[m[K]
[7.487s]   260 |     _u8  payload[[01;35m[K0[m[K];
[7.487s]       |                  [01;35m[K^[m[K
[7.702s] [01m[K/home/karim/mako_robot/mako_ws/src/lidar_ros2/sdk/src/rplidar_driver.cpp:[m[K In member function ‘[01m[Kvirtual u_result rp::standalone::rplidar::RPlidarDriverImplCommon::reset(_u32)[m[K’:
[7.703s] [01m[K/home/karim/mako_robot/mako_ws/src/lidar_ros2/sdk/src/rplidar_driver.cpp:121:46:[m[K [01;35m[Kwarning: [m[Kunused parameter ‘[01m[Ktimeout[m[K’ [[01;35m[K-Wunused-parameter[m[K]
[7.703s]   121 | u_result RPlidarDriverImplCommon::reset([01;35m[K_u32 timeout[m[K)
[7.704s]       |                                         [01;35m[K~~~~~^~~~~~~[m[K
[7.706s] [01m[K/home/karim/mako_robot/mako_ws/src/lidar_ros2/sdk/src/rplidar_driver.cpp:[m[K In member function ‘[01m[Kvirtual u_result rp::standalone::rplidar::RPlidarDriverImplCommon::checkIfTofLidar(bool&, _u32)[m[K’:
[7.706s] [01m[K/home/karim/mako_robot/mako_ws/src/lidar_ros2/sdk/src/rplidar_driver.cpp:274:75:[m[K [01;35m[Kwarning: [m[Kunused parameter ‘[01m[Ktimeout[m[K’ [[01;35m[K-Wunused-parameter[m[K]
[7.706s]   274 | u_result RPlidarDriverImplCommon::checkIfTofLidar(bool & isTofLidar, [01;35m[K_u32 timeout[m[K)
[7.706s]       |                                                                      [01;35m[K~~~~~^~~~~~~[m[K
[7.716s] [01m[K/home/karim/mako_robot/mako_ws/src/lidar_ros2/sdk/src/rplidar_driver.cpp:[m[K In member function ‘[01m[Kvirtual void rp::standalone::rplidar::RPlidarDriverImplCommon::_dense_capsuleToNormal(const rplidar_response_capsule_measurement_nodes_t&, rplidar_response_measurement_node_hq_t*, size_t&)[m[K’:
[7.716s] [01m[K/home/karim/mako_robot/mako_ws/src/lidar_ros2/sdk/src/rplidar_driver.cpp:872:108:[m[K [01;35m[Kwarning: [m[Ktype qualifiers ignored on cast result type [[01;35m[K-Wignored-qualifiers[m[K]
[7.716s]   872 |             const int dist = static_cast<const int>(_cached_previous_dense_capsuledata.cabins[pos].distance[01;35m[K)[m[K;
[7.717s]       |                                                                                                            [01;35m[K^[m[K
[7.719s] [01m[K/home/karim/mako_robot/mako_ws/src/lidar_ros2/sdk/src/rplidar_driver.cpp:[m[K In function ‘[01m[K_u32 rp::standalone::rplidar::_crc32cal(_u32, void*, _u16)[m[K’:
[7.719s] [01m[K/home/karim/mako_robot/mako_ws/src/lidar_ros2/sdk/src/rplidar_driver.cpp:996:23:[m[K [01;35m[Kwarning: [m[Ksuggest parentheses around ‘[01m[K-[m[K’ in operand of ‘[01m[K&[m[K’ [[01;35m[K-Wparentheses[m[K]
[7.719s]   996 |     _u8 leftBytes = [01;35m[K4 - len[m[K & 0x3;
[7.719s]       |                     [01;35m[K~~^~~~~[m[K
[7.722s] [01m[K/home/karim/mako_robot/mako_ws/src/lidar_ros2/sdk/src/rplidar_driver.cpp:[m[K In member function ‘[01m[Kvirtual void rp::standalone::rplidar::RPlidarDriverImplCommon::_ultraCapsuleToNormal(const rplidar_response_ultra_capsule_measurement_nodes_t&, rplidar_response_measurement_node_hq_t*, size_t&)[m[K’:
[7.722s] [01m[K/home/karim/mako_robot/mako_ws/src/lidar_ros2/sdk/src/rplidar_driver.cpp:1207:32:[m[K [01;35m[Kwarning: [m[Kcomparison of integer expressions of different signedness: ‘[01m[Kint[m[K’ and ‘[01m[Kunsigned int[m[K’ [[01;35m[K-Wsign-compare[m[K]
[7.722s]  1207 |             if (([01;35m[Kdist_predict1 == 0xFFFFFE00[m[K) || (dist_predict1 == 0x1FF)) {
[7.722s]       |                  [01;35m[K~~~~~~~~~~~~~~^~~~~~~~~~~~~[m[K
[7.722s] [01m[K/home/karim/mako_robot/mako_ws/src/lidar_ros2/sdk/src/rplidar_driver.cpp:1215:32:[m[K [01;35m[Kwarning: [m[Kcomparison of integer expressions of different signedness: ‘[01m[Kint[m[K’ and ‘[01m[Kunsigned int[m[K’ [[01;35m[K-Wsign-compare[m[K]
[7.722s]  1215 |             if (([01;35m[Kdist_predict2 == 0xFFFFFE00[m[K) || (dist_predict2 == 0x1FF)) {
[7.723s]       |                  [01;35m[K~~~~~~~~~~~~~~^~~~~~~~~~~~~[m[K
[7.730s] [01m[K/home/karim/mako_robot/mako_ws/src/lidar_ros2/sdk/src/rplidar_driver.cpp:[m[K In member function ‘[01m[Kvirtual u_result rp::standalone::rplidar::RPlidarDriverImplCommon::getAllSupportedScanModes(std::vector<rp::standalone::rplidar::RplidarScanMode>&, _u32)[m[K’:
[7.731s] [01m[K/home/karim/mako_robot/mako_ws/src/lidar_ros2/sdk/src/rplidar_driver.cpp:1453:105:[m[K [01;35m[Kwarning: [m[Kunused parameter ‘[01m[KtimeoutInMs[m[K’ [[01;35m[K-Wunused-parameter[m[K]
[7.731s]  1453 | u_result RPlidarDriverImplCommon::getAllSupportedScanModes(std::vector<RplidarScanMode>& outModes, [01;35m[K_u32 timeoutInMs[m[K)
[7.731s]       |                                                                                                    [01;35m[K~~~~~^~~~~~~~~~~[m[K
[7.733s] [01m[K/home/karim/mako_robot/mako_ws/src/lidar_ros2/sdk/src/rplidar_driver.cpp:[m[K In member function ‘[01m[Kvirtual u_result rp::standalone::rplidar::RPlidarDriverImplCommon::startScan(bool, bool, _u32, rp::standalone::rplidar::RplidarScanMode*)[m[K’:
[7.733s] [01m[K/home/karim/mako_robot/mako_ws/src/lidar_ros2/sdk/src/rplidar_driver.cpp:1550:83:[m[K [01;35m[Kwarning: [m[Kunused parameter ‘[01m[Koptions[m[K’ [[01;35m[K-Wunused-parameter[m[K]
[7.733s]  1550 | u_result RPlidarDriverImplCommon::startScan(bool force, bool useTypicalScan, [01;35m[K_u32 options[m[K, RplidarScanMode* outUsedScanMode)
[7.734s]       |                                                                              [01;35m[K~~~~~^~~~~~~[m[K
[7.736s] [01m[K/home/karim/mako_robot/mako_ws/src/lidar_ros2/sdk/src/rplidar_driver.cpp:[m[K In member function ‘[01m[Kvirtual u_result rp::standalone::rplidar::RPlidarDriverImplCommon::stop(_u32)[m[K’:
[7.736s] [01m[K/home/karim/mako_robot/mako_ws/src/lidar_ros2/sdk/src/rplidar_driver.cpp:1774:45:[m[K [01;35m[Kwarning: [m[Kunused parameter ‘[01m[Ktimeout[m[K’ [[01;35m[K-Wunused-parameter[m[K]
[7.736s]  1774 | u_result RPlidarDriverImplCommon::stop([01;35m[K_u32 timeout[m[K)
[7.736s]       |                                        [01;35m[K~~~~~^~~~~~~[m[K
[7.743s] [01m[K/home/karim/mako_robot/mako_ws/src/lidar_ros2/sdk/src/rplidar_driver.cpp:[m[K In member function ‘[01m[Kvirtual u_result rp::standalone::rplidar::RPlidarDriverImplCommon::setLidarSpinSpeed(_u16, _u32)[m[K’:
[7.743s] [01m[K/home/karim/mako_robot/mako_ws/src/lidar_ros2/sdk/src/rplidar_driver.cpp:2162:68:[m[K [01;35m[Kwarning: [m[Kunused parameter ‘[01m[Ktimeout[m[K’ [[01;35m[K-Wunused-parameter[m[K]
[7.743s]  2162 | u_result RPlidarDriverImplCommon::setLidarSpinSpeed(_u16 rpm, [01;35m[K_u32 timeout[m[K)
[7.743s]       |                                                               [01;35m[K~~~~~^~~~~~~[m[K
[7.746s] [01m[K/home/karim/mako_robot/mako_ws/src/lidar_ros2/sdk/src/rplidar_driver.cpp:[m[K In member function ‘[01m[Kvirtual u_result rp::standalone::rplidar::RPlidarDriverSerial::connect(const char*, _u32, _u32)[m[K’:
[7.746s] [01m[K/home/karim/mako_robot/mako_ws/src/lidar_ros2/sdk/src/rplidar_driver.cpp:2240:83:[m[K [01;35m[Kwarning: [m[Kunused parameter ‘[01m[Kflag[m[K’ [[01;35m[K-Wunused-parameter[m[K]
[7.746s]  2240 | u_result RPlidarDriverSerial::connect(const char * port_path, _u32 baudrate, [01;35m[K_u32 flag[m[K)
[7.746s]       |                                                                              [01;35m[K~~~~~^~~~[m[K
[7.747s] [01m[K/home/karim/mako_robot/mako_ws/src/lidar_ros2/sdk/src/rplidar_driver.cpp:[m[K In member function ‘[01m[Kvirtual u_result rp::standalone::rplidar::RPlidarDriverTCP::connect(const char*, _u32, _u32)[m[K’:
[7.747s] [01m[K/home/karim/mako_robot/mako_ws/src/lidar_ros2/sdk/src/rplidar_driver.cpp:2282:72:[m[K [01;35m[Kwarning: [m[Kunused parameter ‘[01m[Kflag[m[K’ [[01;35m[K-Wunused-parameter[m[K]
[7.747s]  2282 | u_result RPlidarDriverTCP::connect(const char * ipStr, _u32 port, [01;35m[K_u32 flag[m[K)
[7.747s]       |                                                                   [01;35m[K~~~~~^~~~[m[K
[10.547s] [ 77%] [32m[1mLinking CXX executable rplidarNode[0m
[10.978s] [ 77%] Built target rplidarNode
[11.071s] [ 83%] [32m[1mLinking CXX shared library librplidar_composition_node.so[0m
[11.456s] [ 83%] Built target rplidar_composition_node
[11.479s] [35m[1mScanning dependencies of target rplidar_composition[0m
[11.536s] [ 88%] [32mBuilding CXX object CMakeFiles/rplidar_composition.dir/src/standalone_rplidar.cpp.o[0m
[11.705s] In file included from [01m[K/home/karim/mako_robot/mako_ws/src/lidar_ros2/src/standalone_rplidar.cpp:16[m[K:
[11.705s] [01m[K/home/karim/mako_robot/mako_ws/src/lidar_ros2/include/rplidar_node.hpp:50:[m[K [01;35m[Kwarning: [m[K"M_PI" redefined
[11.705s]    50 | #define M_PI 3.1415926535897932384626433832795
[11.706s]       | 
[11.706s] In file included from [01m[K/usr/include/c++/9/cmath:45[m[K,
[11.706s]                  from [01m[K/opt/ros/foxy/include/libstatistics_collector/moving_average_statistics/types.hpp:18[m[K,
[11.706s]                  from [01m[K/opt/ros/foxy/include/libstatistics_collector/collector/generate_statistics_message.hpp:24[m[K,
[11.706s]                  from [01m[K/opt/ros/foxy/include/rclcpp/topic_statistics/subscription_topic_statistics.hpp:23[m[K,
[11.706s]                  from [01m[K/opt/ros/foxy/include/rclcpp/subscription.hpp:50[m[K,
[11.706s]                  from [01m[K/opt/ros/foxy/include/rclcpp/any_executable.hpp:25[m[K,
[11.706s]                  from [01m[K/opt/ros/foxy/include/rclcpp/memory_strategy.hpp:24[m[K,
[11.707s]                  from [01m[K/opt/ros/foxy/include/rclcpp/memory_strategies.hpp:18[m[K,
[11.707s]                  from [01m[K/opt/ros/foxy/include/rclcpp/executor_options.hpp:20[m[K,
[11.707s]                  from [01m[K/opt/ros/foxy/include/rclcpp/executor.hpp:33[m[K,
[11.707s]                  from [01m[K/opt/ros/foxy/include/rclcpp/executors/multi_threaded_executor.hpp:25[m[K,
[11.707s]                  from [01m[K/opt/ros/foxy/include/rclcpp/executors.hpp:21[m[K,
[11.707s]                  from [01m[K/opt/ros/foxy/include/rclcpp/rclcpp.hpp:146[m[K,
[11.707s]                  from [01m[K/home/karim/mako_robot/mako_ws/src/lidar_ros2/include/rplidar_node.hpp:34[m[K,
[11.708s]                  from [01m[K/home/karim/mako_robot/mako_ws/src/lidar_ros2/src/standalone_rplidar.cpp:16[m[K:
[11.708s] [01m[K/usr/include/math.h:1070:[m[K [01;36m[Knote: [m[Kthis is the location of the previous definition
[11.708s]  1070 | # define M_PI  3.14159265358979323846 /* pi */
[11.708s]       | 
[12.399s] [ 94%] [32m[1mLinking CXX executable rplidarNodeClient[0m
[12.856s] [ 94%] Built target rplidarNodeClient
[13.734s] In file included from [01m[K/home/karim/mako_robot/mako_ws/src/lidar_ros2/./sdk/include/rplidar.h:39[m[K,
[13.735s]                  from [01m[K/home/karim/mako_robot/mako_ws/src/lidar_ros2/include/rplidar_node.hpp:41[m[K,
[13.735s]                  from [01m[K/home/karim/mako_robot/mako_ws/src/lidar_ros2/src/standalone_rplidar.cpp:16[m[K:
[13.735s] [01m[K/home/karim/mako_robot/mako_ws/src/lidar_ros2/./sdk/include/rplidar_protocol.h:59:14:[m[K [01;35m[Kwarning: [m[KISO C++ forbids zero-size array ‘[01m[Kdata[m[K’ [[01;35m[K-Wpedantic[m[K]
[13.736s]    59 |     _u8 data[[01;35m[K0[m[K];
[13.737s]       |              [01;35m[K^[m[K
[13.737s] In file included from [01m[K/home/karim/mako_robot/mako_ws/src/lidar_ros2/./sdk/include/rplidar.h:40[m[K,
[13.737s]                  from [01m[K/home/karim/mako_robot/mako_ws/src/lidar_ros2/include/rplidar_node.hpp:41[m[K,
[13.737s]                  from [01m[K/home/karim/mako_robot/mako_ws/src/lidar_ros2/src/standalone_rplidar.cpp:16[m[K:
[13.738s] [01m[K/home/karim/mako_robot/mako_ws/src/lidar_ros2/./sdk/include/rplidar_cmd.h:260:18:[m[K [01;35m[Kwarning: [m[KISO C++ forbids zero-size array ‘[01m[Kpayload[m[K’ [[01;35m[K-Wpedantic[m[K]
[13.738s]   260 |     _u8  payload[[01;35m[K0[m[K];
[13.738s]       |                  [01;35m[K^[m[K
[14.310s] In file included from [01m[K/home/karim/mako_robot/mako_ws/src/lidar_ros2/src/standalone_rplidar.cpp:16[m[K:
[14.310s] [01m[K/home/karim/mako_robot/mako_ws/src/lidar_ros2/include/rplidar_node.hpp:76:14:[m[K [01;35m[Kwarning: [m[K‘[01m[Kfloat rplidar_ros::getAngle(const rplidar_response_measurement_node_hq_t&)[m[K’ defined but not used [[01;35m[K-Wunused-function[m[K]
[14.311s]    76 | static float [01;35m[KgetAngle[m[K(const rplidar_response_measurement_node_hq_t& node)
[14.311s]       |              [01;35m[K^~~~~~~~[m[K
[14.481s] [100%] [32m[1mLinking CXX executable rplidar_composition[0m
[14.736s] [100%] Built target rplidar_composition
[14.764s] Invoked command in '/home/karim/mako_robot/mako_ws/build/rplidar_ros' returned '0': CMAKE_PREFIX_PATH=${CMAKE_PREFIX_PATH}:/home/karim/ros2_ws/install/my_py_pkg:/home/karim/project_ws/install/ros_project_pkg_py_robot_driver:/home/karim/project_ws/install/dev_test_tools:/opt/ros/foxy /usr/bin/cmake --build /home/karim/mako_robot/mako_ws/build/rplidar_ros -- -j6 -l6
[14.889s] Invoking command in '/home/karim/mako_robot/mako_ws/build/rplidar_ros': CMAKE_PREFIX_PATH=${CMAKE_PREFIX_PATH}:/home/karim/ros2_ws/install/my_py_pkg:/home/karim/project_ws/install/ros_project_pkg_py_robot_driver:/home/karim/project_ws/install/dev_test_tools:/opt/ros/foxy /usr/bin/cmake --install /home/karim/mako_robot/mako_ws/build/rplidar_ros
[14.901s] -- Install configuration: ""
[14.901s] -- Installing: /home/karim/mako_robot/mako_ws/install/rplidar_ros/lib/rplidar_ros/rplidarNode
[14.904s] -- Set runtime path of "/home/karim/mako_robot/mako_ws/install/rplidar_ros/lib/rplidar_ros/rplidarNode" to ""
[14.904s] -- Installing: /home/karim/mako_robot/mako_ws/install/rplidar_ros/lib/rplidar_ros/rplidarNodeClient
[14.906s] -- Set runtime path of "/home/karim/mako_robot/mako_ws/install/rplidar_ros/lib/rplidar_ros/rplidarNodeClient" to ""
[14.907s] -- Installing: /home/karim/mako_robot/mako_ws/install/rplidar_ros/lib/rplidar_ros/rplidar_composition
[14.908s] -- Set runtime path of "/home/karim/mako_robot/mako_ws/install/rplidar_ros/lib/rplidar_ros/rplidar_composition" to ""
[14.908s] -- Up-to-date: /home/karim/mako_robot/mako_ws/install/rplidar_ros/share/rplidar_ros/launch
[14.908s] -- Up-to-date: /home/karim/mako_robot/mako_ws/install/rplidar_ros/share/rplidar_ros/launch/test_rplidar_a3.launch.py
[14.908s] -- Up-to-date: /home/karim/mako_robot/mako_ws/install/rplidar_ros/share/rplidar_ros/launch/rplidar_a3.launch.py
[14.908s] -- Up-to-date: /home/karim/mako_robot/mako_ws/install/rplidar_ros/share/rplidar_ros/launch/test_rplidar.launch.py
[14.908s] -- Up-to-date: /home/karim/mako_robot/mako_ws/install/rplidar_ros/share/rplidar_ros/launch/rplidar.launch.py
[14.908s] -- Up-to-date: /home/karim/mako_robot/mako_ws/install/rplidar_ros/share/rplidar_ros/launch/view_rplidar_s1.launch.py
[14.908s] -- Up-to-date: /home/karim/mako_robot/mako_ws/install/rplidar_ros/share/rplidar_ros/launch/view_rplidar.launch.py
[14.908s] -- Up-to-date: /home/karim/mako_robot/mako_ws/install/rplidar_ros/share/rplidar_ros/launch/rplidar_s1.launch.py
[14.909s] -- Up-to-date: /home/karim/mako_robot/mako_ws/install/rplidar_ros/share/rplidar_ros/launch/view_rplidar_s1_tcp.launch.py
[14.909s] -- Up-to-date: /home/karim/mako_robot/mako_ws/install/rplidar_ros/share/rplidar_ros/launch/rplidar_s1_tcp.launch.py
[14.910s] -- Up-to-date: /home/karim/mako_robot/mako_ws/install/rplidar_ros/share/rplidar_ros/launch/view_rplidar_a3.launch.py
[14.910s] -- Up-to-date: /home/karim/mako_robot/mako_ws/install/rplidar_ros/share/rplidar_ros/rviz
[14.910s] -- Up-to-date: /home/karim/mako_robot/mako_ws/install/rplidar_ros/share/rplidar_ros/rviz/rplidar.rviz
[14.911s] -- Installing: /home/karim/mako_robot/mako_ws/install/rplidar_ros/lib/librplidar_composition_node.so
[14.915s] -- Set runtime path of "/home/karim/mako_robot/mako_ws/install/rplidar_ros/lib/librplidar_composition_node.so" to ""
[14.916s] -- Up-to-date: /home/karim/mako_robot/mako_ws/install/rplidar_ros/include
[14.916s] -- Up-to-date: /home/karim/mako_robot/mako_ws/install/rplidar_ros/include/rplidar_node.hpp
[14.916s] -- Up-to-date: /home/karim/mako_robot/mako_ws/install/rplidar_ros/include/visibility.h
[14.917s] -- Up-to-date: /home/karim/mako_robot/mako_ws/install/rplidar_ros/lib/rplidar_ros/rplidarNode
[14.918s] -- Up-to-date: /home/karim/mako_robot/mako_ws/install/rplidar_ros/lib/rplidar_ros/rplidarNodeClient
[14.918s] -- Up-to-date: /home/karim/mako_robot/mako_ws/install/rplidar_ros/lib/rplidar_ros/rplidar_composition
[14.920s] -- Up-to-date: /home/karim/mako_robot/mako_ws/install/rplidar_ros/share/ament_index/resource_index/package_run_dependencies/rplidar_ros
[14.924s] -- Installing: /home/karim/mako_robot/mako_ws/install/rplidar_ros/share/ament_index/resource_index/parent_prefix_path/rplidar_ros
[14.925s] -- Up-to-date: /home/karim/mako_robot/mako_ws/install/rplidar_ros/share/rplidar_ros/environment/ament_prefix_path.sh
[14.925s] -- Installing: /home/karim/mako_robot/mako_ws/install/rplidar_ros/share/rplidar_ros/environment/ament_prefix_path.dsv
[14.928s] -- Up-to-date: /home/karim/mako_robot/mako_ws/install/rplidar_ros/share/rplidar_ros/environment/path.sh
[14.928s] -- Installing: /home/karim/mako_robot/mako_ws/install/rplidar_ros/share/rplidar_ros/environment/path.dsv
[14.929s] -- Up-to-date: /home/karim/mako_robot/mako_ws/install/rplidar_ros/share/rplidar_ros/local_setup.bash
[14.929s] -- Installing: /home/karim/mako_robot/mako_ws/install/rplidar_ros/share/rplidar_ros/local_setup.sh
[14.930s] -- Up-to-date: /home/karim/mako_robot/mako_ws/install/rplidar_ros/share/rplidar_ros/local_setup.zsh
[14.930s] -- Installing: /home/karim/mako_robot/mako_ws/install/rplidar_ros/share/rplidar_ros/local_setup.dsv
[14.931s] -- Installing: /home/karim/mako_robot/mako_ws/install/rplidar_ros/share/rplidar_ros/package.dsv
[14.932s] -- Up-to-date: /home/karim/mako_robot/mako_ws/install/rplidar_ros/share/ament_index/resource_index/packages/rplidar_ros
[14.932s] -- Up-to-date: /home/karim/mako_robot/mako_ws/install/rplidar_ros/share/rplidar_ros/cmake/ament_cmake_export_dependencies-extras.cmake
[14.933s] -- Up-to-date: /home/karim/mako_robot/mako_ws/install/rplidar_ros/share/rplidar_ros/cmake/ament_cmake_export_include_directories-extras.cmake
[14.933s] -- Up-to-date: /home/karim/mako_robot/mako_ws/install/rplidar_ros/share/rplidar_ros/cmake/rplidar_rosConfig.cmake
[14.933s] -- Up-to-date: /home/karim/mako_robot/mako_ws/install/rplidar_ros/share/rplidar_ros/cmake/rplidar_rosConfig-version.cmake
[14.934s] -- Up-to-date: /home/karim/mako_robot/mako_ws/install/rplidar_ros/share/rplidar_ros/package.xml
[14.941s] Invoked command in '/home/karim/mako_robot/mako_ws/build/rplidar_ros' returned '0': CMAKE_PREFIX_PATH=${CMAKE_PREFIX_PATH}:/home/karim/ros2_ws/install/my_py_pkg:/home/karim/project_ws/install/ros_project_pkg_py_robot_driver:/home/karim/project_ws/install/dev_test_tools:/opt/ros/foxy /usr/bin/cmake --install /home/karim/mako_robot/mako_ws/build/rplidar_ros
