[0.727s] DEBUG:colcon:Command line arguments: ['/usr/bin/colcon', 'build']
[0.727s] DEBUG:colcon:Parsed command line arguments: Namespace(ament_cmake_args=None, base_paths=['.'], build_base='build', catkin_cmake_args=None, catkin_skip_building_tests=False, cmake_args=None, cmake_clean_cache=False, cmake_clean_first=False, cmake_force_configure=False, cmake_target=None, cmake_target_skip_unavailable=False, continue_on_error=False, event_handlers=None, executor='parallel', ignore_user_meta=False, install_base='install', log_base=None, log_level=None, main=<bound method BuildVerb.main of <colcon_core.verb.build.BuildVerb object at 0xffff8b4db4c0>>, merge_install=False, metas=['./colcon.meta'], packages_above=None, packages_above_and_dependencies=None, packages_above_depth=None, packages_end=None, packages_ignore=None, packages_ignore_regex=None, packages_select=None, packages_select_build_failed=False, packages_select_by_dep=None, packages_select_regex=None, packages_select_test_failures=False, packages_skip=None, packages_skip_build_finished=False, packages_skip_by_dep=None, packages_skip_regex=None, packages_skip_test_passed=False, packages_skip_up_to=None, packages_start=None, packages_up_to=None, packages_up_to_regex=None, parallel_workers=4, paths=None, symlink_install=False, test_result_base=None, verb_extension=<colcon_core.verb.build.BuildVerb object at 0xffff8b4db4c0>, verb_name='build', verb_parser=<colcon_defaults.argument_parser.defaults.DefaultArgumentsDecorator object at 0xffff8b4dba00>)
[0.749s] Level 1:colcon.colcon_core.package_discovery:discover_packages(colcon_meta) check parameters
[0.749s] Level 1:colcon.colcon_core.package_discovery:discover_packages(recursive) check parameters
[0.749s] Level 1:colcon.colcon_core.package_discovery:discover_packages(ignore) check parameters
[0.750s] Level 1:colcon.colcon_core.package_discovery:discover_packages(path) check parameters
[0.750s] Level 1:colcon.colcon_core.package_discovery:discover_packages(colcon_meta) discover
[0.750s] Level 1:colcon.colcon_core.package_discovery:discover_packages(recursive) discover
[0.750s] INFO:colcon.colcon_core.package_discovery:Crawling recursively for packages in '/home/ubuntu/mako_robot/mako_ws'
[0.751s] Level 1:colcon.colcon_core.package_identification:_identify(.) by extensions ['ignore', 'ignore_ament_install']
[0.751s] Level 1:colcon.colcon_core.package_identification:_identify(.) by extension 'ignore'
[0.751s] Level 1:colcon.colcon_core.package_identification:_identify(.) by extension 'ignore_ament_install'
[0.751s] Level 1:colcon.colcon_core.package_identification:_identify(.) by extensions ['colcon_pkg']
[0.752s] Level 1:colcon.colcon_core.package_identification:_identify(.) by extension 'colcon_pkg'
[0.752s] Level 1:colcon.colcon_core.package_identification:_identify(.) by extensions ['colcon_meta']
[0.752s] Level 1:colcon.colcon_core.package_identification:_identify(.) by extension 'colcon_meta'
[0.752s] Level 1:colcon.colcon_core.package_identification:_identify(.) by extensions ['ros']
[0.752s] Level 1:colcon.colcon_core.package_identification:_identify(.) by extension 'ros'
[0.802s] Level 1:colcon.colcon_core.package_identification:_identify(.) by extensions ['cmake', 'python']
[0.802s] Level 1:colcon.colcon_core.package_identification:_identify(.) by extension 'cmake'
[0.802s] Level 1:colcon.colcon_core.package_identification:_identify(.) by extension 'python'
[0.802s] Level 1:colcon.colcon_core.package_identification:_identify(.) by extensions ['python_setup_py']
[0.802s] Level 1:colcon.colcon_core.package_identification:_identify(.) by extension 'python_setup_py'
[0.803s] Level 1:colcon.colcon_core.package_identification:_identify(build) by extensions ['ignore', 'ignore_ament_install']
[0.803s] Level 1:colcon.colcon_core.package_identification:_identify(build) by extension 'ignore'
[0.804s] Level 1:colcon.colcon_core.package_identification:_identify(build) ignored
[0.804s] Level 1:colcon.colcon_core.package_identification:_identify(install) by extensions ['ignore', 'ignore_ament_install']
[0.805s] Level 1:colcon.colcon_core.package_identification:_identify(install) by extension 'ignore'
[0.805s] Level 1:colcon.colcon_core.package_identification:_identify(install) ignored
[0.805s] Level 1:colcon.colcon_core.package_identification:_identify(log) by extensions ['ignore', 'ignore_ament_install']
[0.806s] Level 1:colcon.colcon_core.package_identification:_identify(log) by extension 'ignore'
[0.806s] Level 1:colcon.colcon_core.package_identification:_identify(log) ignored
[0.806s] Level 1:colcon.colcon_core.package_identification:_identify(src) by extensions ['ignore', 'ignore_ament_install']
[0.806s] Level 1:colcon.colcon_core.package_identification:_identify(src) by extension 'ignore'
[0.807s] Level 1:colcon.colcon_core.package_identification:_identify(src) by extension 'ignore_ament_install'
[0.807s] Level 1:colcon.colcon_core.package_identification:_identify(src) by extensions ['colcon_pkg']
[0.808s] Level 1:colcon.colcon_core.package_identification:_identify(src) by extension 'colcon_pkg'
[0.809s] Level 1:colcon.colcon_core.package_identification:_identify(src) by extensions ['colcon_meta']
[0.810s] Level 1:colcon.colcon_core.package_identification:_identify(src) by extension 'colcon_meta'
[0.810s] Level 1:colcon.colcon_core.package_identification:_identify(src) by extensions ['ros']
[0.810s] Level 1:colcon.colcon_core.package_identification:_identify(src) by extension 'ros'
[0.811s] Level 1:colcon.colcon_core.package_identification:_identify(src) by extensions ['cmake', 'python']
[0.811s] Level 1:colcon.colcon_core.package_identification:_identify(src) by extension 'cmake'
[0.811s] Level 1:colcon.colcon_core.package_identification:_identify(src) by extension 'python'
[0.812s] Level 1:colcon.colcon_core.package_identification:_identify(src) by extensions ['python_setup_py']
[0.812s] Level 1:colcon.colcon_core.package_identification:_identify(src) by extension 'python_setup_py'
[0.813s] Level 1:colcon.colcon_core.package_identification:_identify(src/dev_test_tools) by extensions ['ignore', 'ignore_ament_install']
[0.813s] Level 1:colcon.colcon_core.package_identification:_identify(src/dev_test_tools) by extension 'ignore'
[0.814s] Level 1:colcon.colcon_core.package_identification:_identify(src/dev_test_tools) by extension 'ignore_ament_install'
[0.814s] Level 1:colcon.colcon_core.package_identification:_identify(src/dev_test_tools) by extensions ['colcon_pkg']
[0.814s] Level 1:colcon.colcon_core.package_identification:_identify(src/dev_test_tools) by extension 'colcon_pkg'
[0.815s] Level 1:colcon.colcon_core.package_identification:_identify(src/dev_test_tools) by extensions ['colcon_meta']
[0.815s] Level 1:colcon.colcon_core.package_identification:_identify(src/dev_test_tools) by extension 'colcon_meta'
[0.815s] Level 1:colcon.colcon_core.package_identification:_identify(src/dev_test_tools) by extensions ['ros']
[0.815s] Level 1:colcon.colcon_core.package_identification:_identify(src/dev_test_tools) by extension 'ros'
[0.830s] DEBUG:colcon.colcon_core.package_identification:Package 'src/dev_test_tools' with type 'ros.ament_python' and name 'dev_test_tools'
[0.830s] Level 1:colcon.colcon_core.package_identification:_identify(src/lidar_ros2) by extensions ['ignore', 'ignore_ament_install']
[0.831s] Level 1:colcon.colcon_core.package_identification:_identify(src/lidar_ros2) by extension 'ignore'
[0.831s] Level 1:colcon.colcon_core.package_identification:_identify(src/lidar_ros2) by extension 'ignore_ament_install'
[0.831s] Level 1:colcon.colcon_core.package_identification:_identify(src/lidar_ros2) by extensions ['colcon_pkg']
[0.831s] Level 1:colcon.colcon_core.package_identification:_identify(src/lidar_ros2) by extension 'colcon_pkg'
[0.832s] Level 1:colcon.colcon_core.package_identification:_identify(src/lidar_ros2) by extensions ['colcon_meta']
[0.832s] Level 1:colcon.colcon_core.package_identification:_identify(src/lidar_ros2) by extension 'colcon_meta'
[0.832s] Level 1:colcon.colcon_core.package_identification:_identify(src/lidar_ros2) by extensions ['ros']
[0.832s] Level 1:colcon.colcon_core.package_identification:_identify(src/lidar_ros2) by extension 'ros'
[0.834s] DEBUG:colcon.colcon_core.package_identification:Package 'src/lidar_ros2' with type 'ros.ament_cmake' and name 'rplidar_ros'
[0.835s] Level 1:colcon.colcon_core.package_discovery:discover_packages(recursive) using defaults
[0.835s] Level 1:colcon.colcon_core.package_discovery:discover_packages(ignore) discover
[0.835s] Level 1:colcon.colcon_core.package_discovery:discover_packages(ignore) using defaults
[0.835s] Level 1:colcon.colcon_core.package_discovery:discover_packages(path) discover
[0.835s] Level 1:colcon.colcon_core.package_discovery:discover_packages(path) using defaults
[0.922s] Level 5:colcon.colcon_core.verb:set package 'dev_test_tools' build argument 'cmake_args' from command line to 'None'
[0.923s] Level 5:colcon.colcon_core.verb:set package 'dev_test_tools' build argument 'cmake_target' from command line to 'None'
[0.923s] Level 5:colcon.colcon_core.verb:set package 'dev_test_tools' build argument 'cmake_target_skip_unavailable' from command line to 'False'
[0.923s] Level 5:colcon.colcon_core.verb:set package 'dev_test_tools' build argument 'cmake_clean_cache' from command line to 'False'
[0.923s] Level 5:colcon.colcon_core.verb:set package 'dev_test_tools' build argument 'cmake_clean_first' from command line to 'False'
[0.923s] Level 5:colcon.colcon_core.verb:set package 'dev_test_tools' build argument 'cmake_force_configure' from command line to 'False'
[0.923s] Level 5:colcon.colcon_core.verb:set package 'dev_test_tools' build argument 'ament_cmake_args' from command line to 'None'
[0.923s] Level 5:colcon.colcon_core.verb:set package 'dev_test_tools' build argument 'catkin_cmake_args' from command line to 'None'
[0.923s] Level 5:colcon.colcon_core.verb:set package 'dev_test_tools' build argument 'catkin_skip_building_tests' from command line to 'False'
[0.924s] DEBUG:colcon.colcon_core.verb:Building package 'dev_test_tools' with the following arguments: {'ament_cmake_args': None, 'build_base': '/home/ubuntu/mako_robot/mako_ws/build/dev_test_tools', 'catkin_cmake_args': None, 'catkin_skip_building_tests': False, 'cmake_args': None, 'cmake_clean_cache': False, 'cmake_clean_first': False, 'cmake_force_configure': False, 'cmake_target': None, 'cmake_target_skip_unavailable': False, 'install_base': '/home/ubuntu/mako_robot/mako_ws/install/dev_test_tools', 'merge_install': False, 'path': '/home/ubuntu/mako_robot/mako_ws/src/dev_test_tools', 'symlink_install': False, 'test_result_base': None}
[0.934s] Level 5:colcon.colcon_core.verb:set package 'rplidar_ros' build argument 'cmake_args' from command line to 'None'
[0.934s] Level 5:colcon.colcon_core.verb:set package 'rplidar_ros' build argument 'cmake_target' from command line to 'None'
[0.934s] Level 5:colcon.colcon_core.verb:set package 'rplidar_ros' build argument 'cmake_target_skip_unavailable' from command line to 'False'
[0.934s] Level 5:colcon.colcon_core.verb:set package 'rplidar_ros' build argument 'cmake_clean_cache' from command line to 'False'
[0.935s] Level 5:colcon.colcon_core.verb:set package 'rplidar_ros' build argument 'cmake_clean_first' from command line to 'False'
[0.935s] Level 5:colcon.colcon_core.verb:set package 'rplidar_ros' build argument 'cmake_force_configure' from command line to 'False'
[0.935s] Level 5:colcon.colcon_core.verb:set package 'rplidar_ros' build argument 'ament_cmake_args' from command line to 'None'
[0.935s] Level 5:colcon.colcon_core.verb:set package 'rplidar_ros' build argument 'catkin_cmake_args' from command line to 'None'
[0.935s] Level 5:colcon.colcon_core.verb:set package 'rplidar_ros' build argument 'catkin_skip_building_tests' from command line to 'False'
[0.935s] DEBUG:colcon.colcon_core.verb:Building package 'rplidar_ros' with the following arguments: {'ament_cmake_args': None, 'build_base': '/home/ubuntu/mako_robot/mako_ws/build/rplidar_ros', 'catkin_cmake_args': None, 'catkin_skip_building_tests': False, 'cmake_args': None, 'cmake_clean_cache': False, 'cmake_clean_first': False, 'cmake_force_configure': False, 'cmake_target': None, 'cmake_target_skip_unavailable': False, 'install_base': '/home/ubuntu/mako_robot/mako_ws/install/rplidar_ros', 'merge_install': False, 'path': '/home/ubuntu/mako_robot/mako_ws/src/lidar_ros2', 'symlink_install': False, 'test_result_base': None}
[0.937s] INFO:colcon.colcon_core.executor:Executing jobs using 'parallel' executor
[0.944s] DEBUG:colcon.colcon_parallel_executor.executor.parallel:run_until_complete
[0.945s] INFO:colcon.colcon_ros.task.ament_python.build:Building ROS package in '/home/ubuntu/mako_robot/mako_ws/src/dev_test_tools' with build type 'ament_python'
[0.946s] Level 1:colcon.colcon_core.shell:create_environment_hook('dev_test_tools', 'ament_prefix_path')
[0.964s] INFO:colcon.colcon_core.plugin_system:Skipping extension 'colcon_core.shell.bat': Not used on non-Windows systems
[0.965s] INFO:colcon.colcon_core.shell:Creating environment hook '/home/ubuntu/mako_robot/mako_ws/install/dev_test_tools/share/dev_test_tools/hook/ament_prefix_path.ps1'
[0.970s] INFO:colcon.colcon_core.shell:Creating environment descriptor '/home/ubuntu/mako_robot/mako_ws/install/dev_test_tools/share/dev_test_tools/hook/ament_prefix_path.dsv'
[0.973s] INFO:colcon.colcon_core.shell:Creating environment hook '/home/ubuntu/mako_robot/mako_ws/install/dev_test_tools/share/dev_test_tools/hook/ament_prefix_path.sh'
[0.979s] INFO:colcon.colcon_core.shell:Skip shell extension 'powershell' for command environment: Not usable outside of PowerShell
[0.979s] DEBUG:colcon.colcon_core.shell:Skip shell extension 'dsv' for command environment
[0.995s] DEBUG:colcon.colcon_core.shell:Ignoring prefix path '/opt/ros/foxy'
[1.007s] INFO:colcon.colcon_ros.task.ament_cmake.build:Building ROS package in '/home/ubuntu/mako_robot/mako_ws/src/lidar_ros2' with build type 'ament_cmake'
[1.011s] INFO:colcon.colcon_cmake.task.cmake.build:Building CMake package in '/home/ubuntu/mako_robot/mako_ws/src/lidar_ros2'
[1.016s] INFO:colcon.colcon_core.shell:Skip shell extension 'powershell' for command environment: Not usable outside of PowerShell
[1.017s] DEBUG:colcon.colcon_core.shell:Skip shell extension 'dsv' for command environment
[1.029s] DEBUG:colcon.colcon_core.shell:Ignoring prefix path '/opt/ros/foxy'
[2.198s] INFO:colcon.colcon_core.task.python.build:Building Python package in '/home/ubuntu/mako_robot/mako_ws/src/dev_test_tools'
[2.201s] INFO:colcon.colcon_core.shell:Skip shell extension 'powershell' for command environment: Not usable outside of PowerShell
[2.201s] DEBUG:colcon.colcon_core.shell:Skip shell extension 'dsv' for command environment
[2.211s] DEBUG:colcon.colcon_core.shell:Ignoring prefix path '/opt/ros/foxy'
[2.238s] DEBUG:colcon.colcon_core.event_handler.log_command:Invoking command in '/home/ubuntu/mako_robot/mako_ws/build/rplidar_ros': CMAKE_PREFIX_PATH=${CMAKE_PREFIX_PATH}:/opt/ros/foxy /usr/bin/cmake --build /home/ubuntu/mako_robot/mako_ws/build/rplidar_ros -- -j4 -l4
[2.280s] DEBUG:colcon.colcon_core.event_handler.log_command:Invoking command in '/home/ubuntu/mako_robot/mako_ws/src/dev_test_tools': PYTHONPATH=/home/ubuntu/mako_robot/mako_ws/install/dev_test_tools/lib/python3.8/site-packages:${PYTHONPATH} /usr/bin/python3 setup.py egg_info --egg-base ../../build/dev_test_tools build --build-base /home/ubuntu/mako_robot/mako_ws/build/dev_test_tools/build install --prefix /home/ubuntu/mako_robot/mako_ws/install/dev_test_tools --record /home/ubuntu/mako_robot/mako_ws/build/dev_test_tools/install.log --single-version-externally-managed
[2.919s] DEBUG:colcon.colcon_core.event_handler.log_command:Invoked command in '/home/ubuntu/mako_robot/mako_ws/build/rplidar_ros' returned '0': CMAKE_PREFIX_PATH=${CMAKE_PREFIX_PATH}:/opt/ros/foxy /usr/bin/cmake --build /home/ubuntu/mako_robot/mako_ws/build/rplidar_ros -- -j4 -l4
[3.228s] DEBUG:colcon.colcon_core.event_handler.log_command:Invoking command in '/home/ubuntu/mako_robot/mako_ws/build/rplidar_ros': CMAKE_PREFIX_PATH=${CMAKE_PREFIX_PATH}:/opt/ros/foxy /usr/bin/cmake --install /home/ubuntu/mako_robot/mako_ws/build/rplidar_ros
[3.311s] Level 1:colcon.colcon_core.environment:create_environment_scripts_only(rplidar_ros)
[3.320s] DEBUG:colcon.colcon_core.event_handler.log_command:Invoked command in '/home/ubuntu/mako_robot/mako_ws/build/rplidar_ros' returned '0': CMAKE_PREFIX_PATH=${CMAKE_PREFIX_PATH}:/opt/ros/foxy /usr/bin/cmake --install /home/ubuntu/mako_robot/mako_ws/build/rplidar_ros
[3.335s] Level 1:colcon.colcon_core.environment:checking '/home/ubuntu/mako_robot/mako_ws/install/rplidar_ros' for CMake module files
[3.339s] Level 1:colcon.colcon_core.environment:checking '/home/ubuntu/mako_robot/mako_ws/install/rplidar_ros' for CMake config files
[3.341s] Level 1:colcon.colcon_core.shell:create_environment_hook('rplidar_ros', 'cmake_prefix_path')
[3.344s] INFO:colcon.colcon_core.shell:Creating environment hook '/home/ubuntu/mako_robot/mako_ws/install/rplidar_ros/share/rplidar_ros/hook/cmake_prefix_path.ps1'
[3.346s] INFO:colcon.colcon_core.shell:Creating environment descriptor '/home/ubuntu/mako_robot/mako_ws/install/rplidar_ros/share/rplidar_ros/hook/cmake_prefix_path.dsv'
[3.348s] INFO:colcon.colcon_core.shell:Creating environment hook '/home/ubuntu/mako_robot/mako_ws/install/rplidar_ros/share/rplidar_ros/hook/cmake_prefix_path.sh'
[3.351s] Level 1:colcon.colcon_core.environment:checking '/home/ubuntu/mako_robot/mako_ws/install/rplidar_ros/lib'
[3.352s] Level 1:colcon.colcon_core.shell:create_environment_hook('rplidar_ros', 'ld_library_path_lib')
[3.355s] INFO:colcon.colcon_core.shell:Creating environment hook '/home/ubuntu/mako_robot/mako_ws/install/rplidar_ros/share/rplidar_ros/hook/ld_library_path_lib.ps1'
[3.357s] INFO:colcon.colcon_core.shell:Creating environment descriptor '/home/ubuntu/mako_robot/mako_ws/install/rplidar_ros/share/rplidar_ros/hook/ld_library_path_lib.dsv'
[3.360s] INFO:colcon.colcon_core.shell:Creating environment hook '/home/ubuntu/mako_robot/mako_ws/install/rplidar_ros/share/rplidar_ros/hook/ld_library_path_lib.sh'
[3.363s] Level 1:colcon.colcon_core.environment:checking '/home/ubuntu/mako_robot/mako_ws/install/rplidar_ros/bin'
[3.364s] Level 1:colcon.colcon_core.environment:checking '/home/ubuntu/mako_robot/mako_ws/install/rplidar_ros/lib/pkgconfig/rplidar_ros.pc'
[3.364s] Level 1:colcon.colcon_core.environment:checking '/home/ubuntu/mako_robot/mako_ws/install/rplidar_ros/lib/python3.8/site-packages'
[3.368s] INFO:colcon.colcon_core.shell:Creating package script '/home/ubuntu/mako_robot/mako_ws/install/rplidar_ros/share/rplidar_ros/package.ps1'
[3.373s] INFO:colcon.colcon_core.shell:Creating package descriptor '/home/ubuntu/mako_robot/mako_ws/install/rplidar_ros/share/rplidar_ros/package.dsv'
[3.376s] INFO:colcon.colcon_core.shell:Creating package script '/home/ubuntu/mako_robot/mako_ws/install/rplidar_ros/share/rplidar_ros/package.sh'
[3.381s] INFO:colcon.colcon_core.shell:Creating package script '/home/ubuntu/mako_robot/mako_ws/install/rplidar_ros/share/rplidar_ros/package.bash'
[3.390s] INFO:colcon.colcon_core.shell:Creating package script '/home/ubuntu/mako_robot/mako_ws/install/rplidar_ros/share/rplidar_ros/package.zsh'
[3.393s] Level 1:colcon.colcon_core.environment:create_file_with_runtime_dependencies(/home/ubuntu/mako_robot/mako_ws/install/rplidar_ros/share/colcon-core/packages/rplidar_ros)
[3.656s] Level 1:colcon.colcon_core.environment:create_environment_scripts_only(rplidar_ros)
[3.662s] Level 1:colcon.colcon_core.environment:checking '/home/ubuntu/mako_robot/mako_ws/install/rplidar_ros' for CMake module files
[3.666s] Level 1:colcon.colcon_core.environment:checking '/home/ubuntu/mako_robot/mako_ws/install/rplidar_ros' for CMake config files
[3.670s] Level 1:colcon.colcon_core.shell:create_environment_hook('rplidar_ros', 'cmake_prefix_path')
[3.672s] INFO:colcon.colcon_core.shell:Creating environment hook '/home/ubuntu/mako_robot/mako_ws/install/rplidar_ros/share/rplidar_ros/hook/cmake_prefix_path.ps1'
[3.675s] INFO:colcon.colcon_core.shell:Creating environment descriptor '/home/ubuntu/mako_robot/mako_ws/install/rplidar_ros/share/rplidar_ros/hook/cmake_prefix_path.dsv'
[3.677s] INFO:colcon.colcon_core.shell:Creating environment hook '/home/ubuntu/mako_robot/mako_ws/install/rplidar_ros/share/rplidar_ros/hook/cmake_prefix_path.sh'
[3.680s] Level 1:colcon.colcon_core.environment:checking '/home/ubuntu/mako_robot/mako_ws/install/rplidar_ros/lib'
[3.681s] Level 1:colcon.colcon_core.shell:create_environment_hook('rplidar_ros', 'ld_library_path_lib')
[3.683s] INFO:colcon.colcon_core.shell:Creating environment hook '/home/ubuntu/mako_robot/mako_ws/install/rplidar_ros/share/rplidar_ros/hook/ld_library_path_lib.ps1'
[3.685s] INFO:colcon.colcon_core.shell:Creating environment descriptor '/home/ubuntu/mako_robot/mako_ws/install/rplidar_ros/share/rplidar_ros/hook/ld_library_path_lib.dsv'
[3.687s] INFO:colcon.colcon_core.shell:Creating environment hook '/home/ubuntu/mako_robot/mako_ws/install/rplidar_ros/share/rplidar_ros/hook/ld_library_path_lib.sh'
[3.689s] Level 1:colcon.colcon_core.environment:checking '/home/ubuntu/mako_robot/mako_ws/install/rplidar_ros/bin'
[3.690s] Level 1:colcon.colcon_core.environment:checking '/home/ubuntu/mako_robot/mako_ws/install/rplidar_ros/lib/pkgconfig/rplidar_ros.pc'
[3.690s] Level 1:colcon.colcon_core.environment:checking '/home/ubuntu/mako_robot/mako_ws/install/rplidar_ros/lib/python3.8/site-packages'
[3.693s] INFO:colcon.colcon_core.shell:Creating package script '/home/ubuntu/mako_robot/mako_ws/install/rplidar_ros/share/rplidar_ros/package.ps1'
[3.696s] INFO:colcon.colcon_core.shell:Creating package descriptor '/home/ubuntu/mako_robot/mako_ws/install/rplidar_ros/share/rplidar_ros/package.dsv'
[3.698s] INFO:colcon.colcon_core.shell:Creating package script '/home/ubuntu/mako_robot/mako_ws/install/rplidar_ros/share/rplidar_ros/package.sh'
[3.701s] INFO:colcon.colcon_core.shell:Creating package script '/home/ubuntu/mako_robot/mako_ws/install/rplidar_ros/share/rplidar_ros/package.bash'
[3.703s] INFO:colcon.colcon_core.shell:Creating package script '/home/ubuntu/mako_robot/mako_ws/install/rplidar_ros/share/rplidar_ros/package.zsh'
[3.708s] Level 1:colcon.colcon_core.environment:create_file_with_runtime_dependencies(/home/ubuntu/mako_robot/mako_ws/install/rplidar_ros/share/colcon-core/packages/rplidar_ros)
[3.965s] Level 1:colcon.colcon_core.environment:checking '/home/ubuntu/mako_robot/mako_ws/install/dev_test_tools' for CMake module files
[3.968s] DEBUG:colcon.colcon_core.event_handler.log_command:Invoked command in '/home/ubuntu/mako_robot/mako_ws/src/dev_test_tools' returned '0': PYTHONPATH=/home/ubuntu/mako_robot/mako_ws/install/dev_test_tools/lib/python3.8/site-packages:${PYTHONPATH} /usr/bin/python3 setup.py egg_info --egg-base ../../build/dev_test_tools build --build-base /home/ubuntu/mako_robot/mako_ws/build/dev_test_tools/build install --prefix /home/ubuntu/mako_robot/mako_ws/install/dev_test_tools --record /home/ubuntu/mako_robot/mako_ws/build/dev_test_tools/install.log --single-version-externally-managed
[3.970s] Level 1:colcon.colcon_core.environment:checking '/home/ubuntu/mako_robot/mako_ws/install/dev_test_tools' for CMake config files
[3.973s] Level 1:colcon.colcon_core.environment:checking '/home/ubuntu/mako_robot/mako_ws/install/dev_test_tools/lib'
[3.974s] Level 1:colcon.colcon_core.environment:checking '/home/ubuntu/mako_robot/mako_ws/install/dev_test_tools/bin'
[3.974s] Level 1:colcon.colcon_core.environment:checking '/home/ubuntu/mako_robot/mako_ws/install/dev_test_tools/lib/pkgconfig/dev_test_tools.pc'
[3.974s] Level 1:colcon.colcon_core.environment:checking '/home/ubuntu/mako_robot/mako_ws/install/dev_test_tools/lib/python3.8/site-packages'
[3.975s] Level 1:colcon.colcon_core.shell:create_environment_hook('dev_test_tools', 'pythonpath')
[3.977s] INFO:colcon.colcon_core.shell:Creating environment hook '/home/ubuntu/mako_robot/mako_ws/install/dev_test_tools/share/dev_test_tools/hook/pythonpath.ps1'
[3.979s] INFO:colcon.colcon_core.shell:Creating environment descriptor '/home/ubuntu/mako_robot/mako_ws/install/dev_test_tools/share/dev_test_tools/hook/pythonpath.dsv'
[3.981s] INFO:colcon.colcon_core.shell:Creating environment hook '/home/ubuntu/mako_robot/mako_ws/install/dev_test_tools/share/dev_test_tools/hook/pythonpath.sh'
[3.983s] Level 1:colcon.colcon_core.environment:create_environment_scripts_only(dev_test_tools)
[3.985s] INFO:colcon.colcon_core.shell:Creating package script '/home/ubuntu/mako_robot/mako_ws/install/dev_test_tools/share/dev_test_tools/package.ps1'
[3.988s] INFO:colcon.colcon_core.shell:Creating package descriptor '/home/ubuntu/mako_robot/mako_ws/install/dev_test_tools/share/dev_test_tools/package.dsv'
[3.990s] INFO:colcon.colcon_core.shell:Creating package script '/home/ubuntu/mako_robot/mako_ws/install/dev_test_tools/share/dev_test_tools/package.sh'
[3.992s] INFO:colcon.colcon_core.shell:Creating package script '/home/ubuntu/mako_robot/mako_ws/install/dev_test_tools/share/dev_test_tools/package.bash'
[3.994s] INFO:colcon.colcon_core.shell:Creating package script '/home/ubuntu/mako_robot/mako_ws/install/dev_test_tools/share/dev_test_tools/package.zsh'
[3.995s] Level 1:colcon.colcon_core.environment:create_file_with_runtime_dependencies(/home/ubuntu/mako_robot/mako_ws/install/dev_test_tools/share/colcon-core/packages/dev_test_tools)
[3.997s] DEBUG:colcon.colcon_parallel_executor.executor.parallel:closing loop
[3.998s] DEBUG:colcon.colcon_parallel_executor.executor.parallel:loop closed
[3.998s] DEBUG:colcon.colcon_parallel_executor.executor.parallel:run_until_complete finished with '0'
[3.999s] DEBUG:colcon.colcon_core.event_reactor:joining thread
[4.030s] INFO:colcon.colcon_core.plugin_system:Skipping extension 'colcon_notification.desktop_notification.terminal_notifier': Not used on non-Darwin systems
[4.030s] INFO:colcon.colcon_core.plugin_system:Skipping extension 'colcon_notification.desktop_notification.win32': Not used on non-Windows systems
[4.030s] INFO:colcon.colcon_notification.desktop_notification:Sending desktop notification using 'notify2'
[4.117s] DEBUG:colcon.colcon_core.event_reactor:joined thread
[4.120s] INFO:colcon.colcon_core.shell:Creating prefix script '/home/ubuntu/mako_robot/mako_ws/install/local_setup.ps1'
[4.124s] INFO:colcon.colcon_core.shell:Creating prefix util module '/home/ubuntu/mako_robot/mako_ws/install/_local_setup_util_ps1.py'
[4.131s] INFO:colcon.colcon_core.shell:Creating prefix chain script '/home/ubuntu/mako_robot/mako_ws/install/setup.ps1'
[4.143s] INFO:colcon.colcon_core.shell:Creating prefix script '/home/ubuntu/mako_robot/mako_ws/install/local_setup.sh'
[4.146s] INFO:colcon.colcon_core.shell:Creating prefix util module '/home/ubuntu/mako_robot/mako_ws/install/_local_setup_util_sh.py'
[4.149s] INFO:colcon.colcon_core.shell:Creating prefix chain script '/home/ubuntu/mako_robot/mako_ws/install/setup.sh'
[4.163s] INFO:colcon.colcon_core.shell:Creating prefix script '/home/ubuntu/mako_robot/mako_ws/install/local_setup.bash'
[4.167s] INFO:colcon.colcon_core.shell:Creating prefix chain script '/home/ubuntu/mako_robot/mako_ws/install/setup.bash'
[4.181s] INFO:colcon.colcon_core.shell:Creating prefix script '/home/ubuntu/mako_robot/mako_ws/install/local_setup.zsh'
[4.184s] INFO:colcon.colcon_core.shell:Creating prefix chain script '/home/ubuntu/mako_robot/mako_ws/install/setup.zsh'
