[1.128s] Invoking command in '/home/karim/mako_robot/mako_ws/build/mako_py_serial_interface': PYTHONPATH=/home/karim/mako_robot/mako_ws/install/mako_py_serial_interface/lib/python3.8/site-packages:${PYTHONPATH} /usr/bin/python3 setup.py develop --prefix /home/karim/mako_robot/mako_ws/install/mako_py_serial_interface --uninstall --editable --build-directory /home/karim/mako_robot/mako_ws/build/mako_py_serial_interface/build
[1.732s] running develop
[2.358s] Invoked command in '/home/karim/mako_robot/mako_ws/build/mako_py_serial_interface' returned '0': PYTHONPATH=/home/karim/mako_robot/mako_ws/install/mako_py_serial_interface/lib/python3.8/site-packages:${PYTHONPATH} /usr/bin/python3 setup.py develop --prefix /home/karim/mako_robot/mako_ws/install/mako_py_serial_interface --uninstall --editable --build-directory /home/karim/mako_robot/mako_ws/build/mako_py_serial_interface/build
[2.359s] Invoking command in '/home/karim/mako_robot/mako_ws/src/mako_py_serial_interface': PYTHONPATH=/home/karim/mako_robot/mako_ws/install/mako_py_serial_interface/lib/python3.8/site-packages:${PYTHONPATH} /usr/bin/python3 setup.py egg_info --egg-base ../../build/mako_py_serial_interface build --build-base /home/karim/mako_robot/mako_ws/build/mako_py_serial_interface/build install --prefix /home/karim/mako_robot/mako_ws/install/mako_py_serial_interface --record /home/karim/mako_robot/mako_ws/build/mako_py_serial_interface/install.log --single-version-externally-managed
[2.801s] running egg_info
[2.802s] writing ../../build/mako_py_serial_interface/mako_py_serial_interface.egg-info/PKG-INFO
[2.817s] writing dependency_links to ../../build/mako_py_serial_interface/mako_py_serial_interface.egg-info/dependency_links.txt
[2.817s] writing entry points to ../../build/mako_py_serial_interface/mako_py_serial_interface.egg-info/entry_points.txt
[2.817s] writing requirements to ../../build/mako_py_serial_interface/mako_py_serial_interface.egg-info/requires.txt
[2.830s] writing top-level names to ../../build/mako_py_serial_interface/mako_py_serial_interface.egg-info/top_level.txt
[2.862s] reading manifest file '../../build/mako_py_serial_interface/mako_py_serial_interface.egg-info/SOURCES.txt'
[2.902s] writing manifest file '../../build/mako_py_serial_interface/mako_py_serial_interface.egg-info/SOURCES.txt'
[2.902s] running build
[2.904s] running build_py
[2.904s] running install
[2.907s] running install_lib
[2.907s] running install_data
[2.907s] running install_egg_info
[2.908s] removing '/home/karim/mako_robot/mako_ws/install/mako_py_serial_interface/lib/python3.8/site-packages/mako_py_serial_interface-0.0.0-py3.8.egg-info' (and everything under it)
[2.908s] Copying ../../build/mako_py_serial_interface/mako_py_serial_interface.egg-info to /home/karim/mako_robot/mako_ws/install/mako_py_serial_interface/lib/python3.8/site-packages/mako_py_serial_interface-0.0.0-py3.8.egg-info
[2.908s] running install_scripts
[2.930s] writing list of installed files to '/home/karim/mako_robot/mako_ws/build/mako_py_serial_interface/install.log'
[3.063s] Invoked command in '/home/karim/mako_robot/mako_ws/src/mako_py_serial_interface' returned '0': PYTHONPATH=/home/karim/mako_robot/mako_ws/install/mako_py_serial_interface/lib/python3.8/site-packages:${PYTHONPATH} /usr/bin/python3 setup.py egg_info --egg-base ../../build/mako_py_serial_interface build --build-base /home/karim/mako_robot/mako_ws/build/mako_py_serial_interface/build install --prefix /home/karim/mako_robot/mako_ws/install/mako_py_serial_interface --record /home/karim/mako_robot/mako_ws/build/mako_py_serial_interface/install.log --single-version-externally-managed
