[0.088s] Invoking command in '/home/abdelrahman/Documents/GitHub/mako_robot/mako_ws/build/mako_nolang_interfaces': CMAKE_PREFIX_PATH=${CMAKE_PREFIX_PATH}:/home/abdelrahman/ros2_ws/install/test_lidar_pkg:/home/abdelrahman/ros2_ws/install/my_py_pkg:/opt/ros/foxy /usr/bin/cmake /home/abdelrahman/Documents/GitHub/mako_robot/mako_ws/src/mako_nolang_interfaces -DCMAKE_INSTALL_PREFIX=/home/abdelrahman/Documents/GitHub/mako_robot/mako_ws/install/mako_nolang_interfaces
[0.473s] -- The C compiler identification is GNU 9.3.0
[0.473s] -- The CXX compiler identification is GNU 9.3.0
[0.473s] -- Check for working C compiler: /usr/bin/cc
[0.473s] -- Check for working C compiler: /usr/bin/cc -- works
[0.473s] -- Detecting C compiler ABI info
[0.545s] -- Detecting C compiler ABI info - done
[0.569s] -- Detecting C compile features
[0.570s] -- Detecting C compile features - done
[0.574s] -- Check for working CXX compiler: /usr/bin/c++
[0.688s] -- Check for working CXX compiler: /usr/bin/c++ -- works
[0.689s] -- Detecting CXX compiler ABI info
[0.812s] -- Detecting CXX compiler ABI info - done
[0.844s] -- Detecting CXX compile features
[0.845s] -- Detecting CXX compile features - done
[0.848s] -- Found ament_cmake: 0.9.8 (/opt/ros/foxy/share/ament_cmake/cmake)
[0.896s] -- Found PythonInterp: /usr/bin/python3 (found suitable version "3.8.5", minimum required is "3") 
[0.896s] -- Using PYTHON_EXECUTABLE: /usr/bin/python3
[1.195s] -- Found rosidl_default_generators: 1.0.0 (/opt/ros/foxy/share/rosidl_default_generators/cmake)
[1.201s] -- Using all available rosidl_typesupport_c: rosidl_typesupport_fastrtps_c;rosidl_typesupport_introspection_c
[1.215s] -- Found rosidl_adapter: 1.2.0 (/opt/ros/foxy/share/rosidl_adapter/cmake)
[1.452s] -- Found OpenSSL: /usr/lib/x86_64-linux-gnu/libcrypto.so (found version "1.1.1f")  
[1.553s] -- Found FastRTPS: /opt/ros/foxy/include  
[1.698s] -- Using all available rosidl_typesupport_cpp: rosidl_typesupport_fastrtps_cpp;rosidl_typesupport_introspection_cpp
[1.788s] -- Found PythonInterp: /usr/bin/python3 (found version "3.8.5") 
[2.012s] -- Found ament_cmake_ros: 0.9.1 (/opt/ros/foxy/share/ament_cmake_ros/cmake)
[2.159s] -- Using all available rosidl_typesupport_c: rosidl_typesupport_fastrtps_c;rosidl_typesupport_introspection_c
[2.173s] -- Using all available rosidl_typesupport_cpp: rosidl_typesupport_fastrtps_cpp;rosidl_typesupport_introspection_cpp
[2.213s] -- Found PythonInterp: /usr/bin/python3 (found suitable version "3.8.5", minimum required is "3.5") 
[2.215s] -- Found python_cmake_module: 0.8.0 (/opt/ros/foxy/share/python_cmake_module/cmake)
[2.264s] -- Found PythonLibs: /usr/lib/x86_64-linux-gnu/libpython3.8.so (found suitable version "3.8.5", minimum required is "3.5") 
[2.264s] -- Using PYTHON_EXECUTABLE: /usr/bin/python3
[2.264s] -- Using PYTHON_INCLUDE_DIRS: /usr/include/python3.8
[2.264s] -- Using PYTHON_LIBRARIES: /usr/lib/x86_64-linux-gnu/libpython3.8.so
[2.308s] -- Found PythonExtra: .so  
[2.388s] -- Configuring done
[2.460s] -- Generating done
[2.466s] -- Build files have been written to: /home/abdelrahman/Documents/GitHub/mako_robot/mako_ws/build/mako_nolang_interfaces
[2.478s] Invoked command in '/home/abdelrahman/Documents/GitHub/mako_robot/mako_ws/build/mako_nolang_interfaces' returned '0': CMAKE_PREFIX_PATH=${CMAKE_PREFIX_PATH}:/home/abdelrahman/ros2_ws/install/test_lidar_pkg:/home/abdelrahman/ros2_ws/install/my_py_pkg:/opt/ros/foxy /usr/bin/cmake /home/abdelrahman/Documents/GitHub/mako_robot/mako_ws/src/mako_nolang_interfaces -DCMAKE_INSTALL_PREFIX=/home/abdelrahman/Documents/GitHub/mako_robot/mako_ws/install/mako_nolang_interfaces
[2.479s] Invoking command in '/home/abdelrahman/Documents/GitHub/mako_robot/mako_ws/build/mako_nolang_interfaces': CMAKE_PREFIX_PATH=${CMAKE_PREFIX_PATH}:/home/abdelrahman/ros2_ws/install/test_lidar_pkg:/home/abdelrahman/ros2_ws/install/my_py_pkg:/opt/ros/foxy /usr/bin/cmake --build /home/abdelrahman/Documents/GitHub/mako_robot/mako_ws/build/mako_nolang_interfaces -- -j3 -l3
[2.567s] [  2%] [34m[1mGenerating C code for ROS interfaces[0m
[2.573s] [35m[1mScanning dependencies of target mako_nolang_interfaces__cpp[0m
[2.652s] [  4%] [34m[1mGenerating C++ code for ROS interfaces[0m
[4.809s] [  4%] Built target mako_nolang_interfaces__cpp
[4.940s] [  6%] [34m[1mGenerating C++ type support dispatch for ROS interfaces[0m
[4.953s] [  8%] [34m[1mGenerating C++ type support for eProsima Fast-RTPS[0m
[4.964s] [35m[1mScanning dependencies of target mako_nolang_interfaces__rosidl_generator_c[0m
[5.185s] [ 10%] [32mBuilding C object CMakeFiles/mako_nolang_interfaces__rosidl_generator_c.dir/rosidl_generator_c/mako_nolang_interfaces/srv/detail/led_control__functions.c.o[0m
[5.583s] [ 12%] [32mBuilding C object CMakeFiles/mako_nolang_interfaces__rosidl_generator_c.dir/rosidl_generator_c/mako_nolang_interfaces/srv/detail/arduino_command__functions.c.o[0m
[5.876s] [ 14%] [32mBuilding C object CMakeFiles/mako_nolang_interfaces__rosidl_generator_c.dir/rosidl_generator_c/mako_nolang_interfaces/msg/detail/mako_server_message__functions.c.o[0m
[6.102s] [ 17%] [32m[1mLinking C shared library libmako_nolang_interfaces__rosidl_generator_c.so[0m
[6.213s] [ 17%] Built target mako_nolang_interfaces__rosidl_generator_c
[6.244s] [ 19%] [34m[1mGenerating C++ introspection for ROS interfaces[0m
[6.429s] [35m[1mScanning dependencies of target mako_nolang_interfaces__rosidl_typesupport_cpp[0m
[6.538s] [ 21%] [32mBuilding CXX object CMakeFiles/mako_nolang_interfaces__rosidl_typesupport_cpp.dir/rosidl_typesupport_cpp/mako_nolang_interfaces/srv/led_control__type_support.cpp.o[0m
[6.763s] [35m[1mScanning dependencies of target mako_nolang_interfaces__rosidl_typesupport_fastrtps_cpp[0m
[7.249s] [35m[1mScanning dependencies of target mako_nolang_interfaces__rosidl_typesupport_introspection_cpp[0m
[7.257s] [ 23%] [32mBuilding CXX object CMakeFiles/mako_nolang_interfaces__rosidl_typesupport_fastrtps_cpp.dir/rosidl_typesupport_fastrtps_cpp/mako_nolang_interfaces/srv/detail/dds_fastrtps/led_control__type_support.cpp.o[0m
[7.297s] [ 25%] [32mBuilding CXX object CMakeFiles/mako_nolang_interfaces__rosidl_typesupport_introspection_cpp.dir/rosidl_typesupport_introspection_cpp/mako_nolang_interfaces/srv/detail/led_control__type_support.cpp.o[0m
[8.029s] [ 27%] [32mBuilding CXX object CMakeFiles/mako_nolang_interfaces__rosidl_typesupport_cpp.dir/rosidl_typesupport_cpp/mako_nolang_interfaces/srv/arduino_command__type_support.cpp.o[0m
[8.052s] [ 29%] [32mBuilding CXX object CMakeFiles/mako_nolang_interfaces__rosidl_typesupport_introspection_cpp.dir/rosidl_typesupport_introspection_cpp/mako_nolang_interfaces/srv/detail/arduino_command__type_support.cpp.o[0m
[8.982s] [ 31%] [32mBuilding CXX object CMakeFiles/mako_nolang_interfaces__rosidl_typesupport_fastrtps_cpp.dir/rosidl_typesupport_fastrtps_cpp/mako_nolang_interfaces/srv/detail/dds_fastrtps/arduino_command__type_support.cpp.o[0m
[9.258s] [ 34%] [32mBuilding CXX object CMakeFiles/mako_nolang_interfaces__rosidl_typesupport_cpp.dir/rosidl_typesupport_cpp/mako_nolang_interfaces/msg/mako_server_message__type_support.cpp.o[0m
[9.368s] [ 36%] [32mBuilding CXX object CMakeFiles/mako_nolang_interfaces__rosidl_typesupport_introspection_cpp.dir/rosidl_typesupport_introspection_cpp/mako_nolang_interfaces/msg/detail/mako_server_message__type_support.cpp.o[0m
[11.235s] [ 38%] [32m[1mLinking CXX shared library libmako_nolang_interfaces__rosidl_typesupport_cpp.so[0m
[11.334s] [ 40%] [32m[1mLinking CXX shared library libmako_nolang_interfaces__rosidl_typesupport_introspection_cpp.so[0m
[11.553s] [ 40%] Built target mako_nolang_interfaces__rosidl_typesupport_cpp
[11.625s] [ 42%] [34m[1mGenerating C introspection for ROS interfaces[0m
[11.914s] [ 44%] [32mBuilding CXX object CMakeFiles/mako_nolang_interfaces__rosidl_typesupport_fastrtps_cpp.dir/rosidl_typesupport_fastrtps_cpp/mako_nolang_interfaces/msg/detail/dds_fastrtps/mako_server_message__type_support.cpp.o[0m
[11.928s] [ 44%] Built target mako_nolang_interfaces__rosidl_typesupport_introspection_cpp
[11.977s] [ 46%] [34m[1mGenerating C type support dispatch for ROS interfaces[0m
[13.354s] [ 48%] [32m[1mLinking CXX shared library libmako_nolang_interfaces__rosidl_typesupport_fastrtps_cpp.so[0m
[13.466s] [35m[1mScanning dependencies of target mako_nolang_interfaces__rosidl_typesupport_introspection_c[0m
[13.488s] [35m[1mScanning dependencies of target mako_nolang_interfaces__rosidl_typesupport_c[0m
[13.526s] [ 51%] [32mBuilding C object CMakeFiles/mako_nolang_interfaces__rosidl_typesupport_introspection_c.dir/rosidl_typesupport_introspection_c/mako_nolang_interfaces/srv/detail/led_control__type_support.c.o[0m
[13.538s] [ 53%] [32mBuilding CXX object CMakeFiles/mako_nolang_interfaces__rosidl_typesupport_c.dir/rosidl_typesupport_c/mako_nolang_interfaces/srv/led_control__type_support.cpp.o[0m
[13.615s] [ 53%] Built target mako_nolang_interfaces__rosidl_typesupport_fastrtps_cpp
[13.618s] [ 55%] [32mBuilding CXX object CMakeFiles/mako_nolang_interfaces__rosidl_typesupport_c.dir/rosidl_typesupport_c/mako_nolang_interfaces/srv/arduino_command__type_support.cpp.o[0m
[13.643s] [ 57%] [32mBuilding CXX object CMakeFiles/mako_nolang_interfaces__rosidl_typesupport_c.dir/rosidl_typesupport_c/mako_nolang_interfaces/msg/mako_server_message__type_support.cpp.o[0m
[13.661s] [ 59%] [32mBuilding C object CMakeFiles/mako_nolang_interfaces__rosidl_typesupport_introspection_c.dir/rosidl_typesupport_introspection_c/mako_nolang_interfaces/srv/detail/arduino_command__type_support.c.o[0m
[13.695s] [ 61%] [32mBuilding C object CMakeFiles/mako_nolang_interfaces__rosidl_typesupport_introspection_c.dir/rosidl_typesupport_introspection_c/mako_nolang_interfaces/msg/detail/mako_server_message__type_support.c.o[0m
[13.708s] [ 63%] [32m[1mLinking CXX shared library libmako_nolang_interfaces__rosidl_typesupport_c.so[0m
[13.772s] [ 65%] [32m[1mLinking C shared library libmako_nolang_interfaces__rosidl_typesupport_introspection_c.so[0m
[13.791s] [ 68%] [34m[1mGenerating C type support for eProsima Fast-RTPS[0m
[13.886s] [ 68%] Built target mako_nolang_interfaces__rosidl_typesupport_introspection_c
[13.939s] [ 68%] Built target mako_nolang_interfaces__rosidl_typesupport_c
[16.142s] [35m[1mScanning dependencies of target mako_nolang_interfaces__rosidl_typesupport_fastrtps_c[0m
[16.649s] [ 70%] [32mBuilding CXX object CMakeFiles/mako_nolang_interfaces__rosidl_typesupport_fastrtps_c.dir/rosidl_typesupport_fastrtps_c/mako_nolang_interfaces/srv/detail/led_control__type_support_c.cpp.o[0m
[16.675s] [ 72%] [32mBuilding CXX object CMakeFiles/mako_nolang_interfaces__rosidl_typesupport_fastrtps_c.dir/rosidl_typesupport_fastrtps_c/mako_nolang_interfaces/msg/detail/mako_server_message__type_support_c.cpp.o[0m
[16.695s] [ 74%] [32mBuilding CXX object CMakeFiles/mako_nolang_interfaces__rosidl_typesupport_fastrtps_c.dir/rosidl_typesupport_fastrtps_c/mako_nolang_interfaces/srv/detail/arduino_command__type_support_c.cpp.o[0m
[18.622s] [ 76%] [32m[1mLinking CXX shared library libmako_nolang_interfaces__rosidl_typesupport_fastrtps_c.so[0m
[18.825s] [ 76%] Built target mako_nolang_interfaces__rosidl_typesupport_fastrtps_c
[18.845s] [35m[1mScanning dependencies of target mako_nolang_interfaces[0m
[18.858s] [ 76%] Built target mako_nolang_interfaces
[18.871s] [35m[1mScanning dependencies of target mako_nolang_interfaces__py[0m
[18.885s] [ 78%] [34m[1mGenerating Python code for ROS interfaces[0m
[22.998s] [ 78%] Built target mako_nolang_interfaces__py
[23.067s] [35m[1mScanning dependencies of target mako_nolang_interfaces__python[0m
[23.371s] [ 80%] [32mBuilding C object CMakeFiles/mako_nolang_interfaces__python.dir/rosidl_generator_py/mako_nolang_interfaces/srv/_led_control_s.c.o[0m
[23.389s] [ 82%] [32mBuilding C object CMakeFiles/mako_nolang_interfaces__python.dir/rosidl_generator_py/mako_nolang_interfaces/srv/_arduino_command_s.c.o[0m
[23.397s] [ 85%] [32mBuilding C object CMakeFiles/mako_nolang_interfaces__python.dir/rosidl_generator_py/mako_nolang_interfaces/msg/_mako_server_message_s.c.o[0m
[23.878s] [ 87%] [32m[1mLinking C shared library rosidl_generator_py/mako_nolang_interfaces/libmako_nolang_interfaces__python.so[0m
[24.045s] [ 87%] Built target mako_nolang_interfaces__python
[24.089s] [35m[1mScanning dependencies of target mako_nolang_interfaces__rosidl_typesupport_c__pyext[0m
[24.103s] [35m[1mScanning dependencies of target mako_nolang_interfaces__rosidl_typesupport_introspection_c__pyext[0m
[24.106s] [35m[1mScanning dependencies of target mako_nolang_interfaces__rosidl_typesupport_fastrtps_c__pyext[0m
[24.216s] [ 89%] [32mBuilding C object CMakeFiles/mako_nolang_interfaces__rosidl_typesupport_c__pyext.dir/rosidl_generator_py/mako_nolang_interfaces/_mako_nolang_interfaces_s.ep.rosidl_typesupport_c.c.o[0m
[24.237s] [ 91%] [32mBuilding C object CMakeFiles/mako_nolang_interfaces__rosidl_typesupport_introspection_c__pyext.dir/rosidl_generator_py/mako_nolang_interfaces/_mako_nolang_interfaces_s.ep.rosidl_typesupport_introspection_c.c.o[0m
[24.260s] [ 93%] [32mBuilding C object CMakeFiles/mako_nolang_interfaces__rosidl_typesupport_fastrtps_c__pyext.dir/rosidl_generator_py/mako_nolang_interfaces/_mako_nolang_interfaces_s.ep.rosidl_typesupport_fastrtps_c.c.o[0m
[24.469s] [ 95%] [32m[1mLinking C shared library rosidl_generator_py/mako_nolang_interfaces/mako_nolang_interfaces_s__rosidl_typesupport_c.cpython-38-x86_64-linux-gnu.so[0m
[24.613s] [ 97%] [32m[1mLinking C shared library rosidl_generator_py/mako_nolang_interfaces/mako_nolang_interfaces_s__rosidl_typesupport_introspection_c.cpython-38-x86_64-linux-gnu.so[0m
[24.635s] [ 97%] Built target mako_nolang_interfaces__rosidl_typesupport_c__pyext
[24.644s] [100%] [32m[1mLinking CXX shared library rosidl_generator_py/mako_nolang_interfaces/mako_nolang_interfaces_s__rosidl_typesupport_fastrtps_c.cpython-38-x86_64-linux-gnu.so[0m
[24.734s] [100%] Built target mako_nolang_interfaces__rosidl_typesupport_introspection_c__pyext
[24.828s] [100%] Built target mako_nolang_interfaces__rosidl_typesupport_fastrtps_c__pyext
[24.863s] Invoked command in '/home/abdelrahman/Documents/GitHub/mako_robot/mako_ws/build/mako_nolang_interfaces' returned '0': CMAKE_PREFIX_PATH=${CMAKE_PREFIX_PATH}:/home/abdelrahman/ros2_ws/install/test_lidar_pkg:/home/abdelrahman/ros2_ws/install/my_py_pkg:/opt/ros/foxy /usr/bin/cmake --build /home/abdelrahman/Documents/GitHub/mako_robot/mako_ws/build/mako_nolang_interfaces -- -j3 -l3
[25.221s] Invoking command in '/home/abdelrahman/Documents/GitHub/mako_robot/mako_ws/build/mako_nolang_interfaces': CMAKE_PREFIX_PATH=${CMAKE_PREFIX_PATH}:/home/abdelrahman/ros2_ws/install/test_lidar_pkg:/home/abdelrahman/ros2_ws/install/my_py_pkg:/opt/ros/foxy /usr/bin/cmake --install /home/abdelrahman/Documents/GitHub/mako_robot/mako_ws/build/mako_nolang_interfaces
[25.255s] -- Install configuration: ""
[25.257s] -- Installing: /home/abdelrahman/Documents/GitHub/mako_robot/mako_ws/install/mako_nolang_interfaces/share/ament_index/resource_index/rosidl_interfaces/mako_nolang_interfaces
[25.257s] -- Up-to-date: /home/abdelrahman/Documents/GitHub/mako_robot/mako_ws/install/mako_nolang_interfaces/include/mako_nolang_interfaces
[25.257s] -- Up-to-date: /home/abdelrahman/Documents/GitHub/mako_robot/mako_ws/install/mako_nolang_interfaces/include/mako_nolang_interfaces/srv
[25.257s] -- Up-to-date: /home/abdelrahman/Documents/GitHub/mako_robot/mako_ws/install/mako_nolang_interfaces/include/mako_nolang_interfaces/srv/detail
[25.257s] -- Installing: /home/abdelrahman/Documents/GitHub/mako_robot/mako_ws/install/mako_nolang_interfaces/include/mako_nolang_interfaces/srv/detail/arduino_command__type_support.h
[25.257s] -- Installing: /home/abdelrahman/Documents/GitHub/mako_robot/mako_ws/install/mako_nolang_interfaces/include/mako_nolang_interfaces/srv/detail/arduino_command__functions.c
[25.257s] -- Installing: /home/abdelrahman/Documents/GitHub/mako_robot/mako_ws/install/mako_nolang_interfaces/include/mako_nolang_interfaces/srv/detail/led_control__functions.c
[25.258s] -- Installing: /home/abdelrahman/Documents/GitHub/mako_robot/mako_ws/install/mako_nolang_interfaces/include/mako_nolang_interfaces/srv/detail/led_control__struct.h
[25.258s] -- Installing: /home/abdelrahman/Documents/GitHub/mako_robot/mako_ws/install/mako_nolang_interfaces/include/mako_nolang_interfaces/srv/detail/arduino_command__struct.h
[25.258s] -- Installing: /home/abdelrahman/Documents/GitHub/mako_robot/mako_ws/install/mako_nolang_interfaces/include/mako_nolang_interfaces/srv/detail/led_control__functions.h
[25.258s] -- Installing: /home/abdelrahman/Documents/GitHub/mako_robot/mako_ws/install/mako_nolang_interfaces/include/mako_nolang_interfaces/srv/detail/led_control__type_support.h
[25.258s] -- Installing: /home/abdelrahman/Documents/GitHub/mako_robot/mako_ws/install/mako_nolang_interfaces/include/mako_nolang_interfaces/srv/detail/arduino_command__functions.h
[25.258s] -- Installing: /home/abdelrahman/Documents/GitHub/mako_robot/mako_ws/install/mako_nolang_interfaces/include/mako_nolang_interfaces/srv/arduino_command.h
[25.258s] -- Installing: /home/abdelrahman/Documents/GitHub/mako_robot/mako_ws/install/mako_nolang_interfaces/include/mako_nolang_interfaces/srv/led_control.h
[25.258s] -- Up-to-date: /home/abdelrahman/Documents/GitHub/mako_robot/mako_ws/install/mako_nolang_interfaces/include/mako_nolang_interfaces/msg
[25.258s] -- Up-to-date: /home/abdelrahman/Documents/GitHub/mako_robot/mako_ws/install/mako_nolang_interfaces/include/mako_nolang_interfaces/msg/detail
[25.259s] -- Installing: /home/abdelrahman/Documents/GitHub/mako_robot/mako_ws/install/mako_nolang_interfaces/include/mako_nolang_interfaces/msg/detail/mako_server_message__functions.c
[25.259s] -- Installing: /home/abdelrahman/Documents/GitHub/mako_robot/mako_ws/install/mako_nolang_interfaces/include/mako_nolang_interfaces/msg/detail/mako_server_message__struct.h
[25.259s] -- Installing: /home/abdelrahman/Documents/GitHub/mako_robot/mako_ws/install/mako_nolang_interfaces/include/mako_nolang_interfaces/msg/detail/mako_server_message__type_support.h
[25.259s] -- Installing: /home/abdelrahman/Documents/GitHub/mako_robot/mako_ws/install/mako_nolang_interfaces/include/mako_nolang_interfaces/msg/detail/mako_server_message__functions.h
[25.259s] -- Installing: /home/abdelrahman/Documents/GitHub/mako_robot/mako_ws/install/mako_nolang_interfaces/include/mako_nolang_interfaces/msg/rosidl_generator_c__visibility_control.h
[25.259s] -- Installing: /home/abdelrahman/Documents/GitHub/mako_robot/mako_ws/install/mako_nolang_interfaces/include/mako_nolang_interfaces/msg/mako_server_message.h
[25.259s] -- Installing: /home/abdelrahman/Documents/GitHub/mako_robot/mako_ws/install/mako_nolang_interfaces/share/mako_nolang_interfaces/environment/library_path.dsv
[25.259s] -- Installing: /home/abdelrahman/Documents/GitHub/mako_robot/mako_ws/install/mako_nolang_interfaces/lib/libmako_nolang_interfaces__rosidl_generator_c.so
[25.259s] -- Set runtime path of "/home/abdelrahman/Documents/GitHub/mako_robot/mako_ws/install/mako_nolang_interfaces/lib/libmako_nolang_interfaces__rosidl_generator_c.so" to ""
[25.259s] -- Up-to-date: /home/abdelrahman/Documents/GitHub/mako_robot/mako_ws/install/mako_nolang_interfaces/include/mako_nolang_interfaces
[25.272s] -- Up-to-date: /home/abdelrahman/Documents/GitHub/mako_robot/mako_ws/install/mako_nolang_interfaces/include/mako_nolang_interfaces/srv
[25.273s] -- Up-to-date: /home/abdelrahman/Documents/GitHub/mako_robot/mako_ws/install/mako_nolang_interfaces/include/mako_nolang_interfaces/srv/detail
[25.273s] -- Installing: /home/abdelrahman/Documents/GitHub/mako_robot/mako_ws/install/mako_nolang_interfaces/include/mako_nolang_interfaces/srv/detail/led_control__rosidl_typesupport_fastrtps_c.h
[25.273s] -- Installing: /home/abdelrahman/Documents/GitHub/mako_robot/mako_ws/install/mako_nolang_interfaces/include/mako_nolang_interfaces/srv/detail/arduino_command__rosidl_typesupport_fastrtps_c.h
[25.273s] -- Up-to-date: /home/abdelrahman/Documents/GitHub/mako_robot/mako_ws/install/mako_nolang_interfaces/include/mako_nolang_interfaces/msg
[25.273s] -- Up-to-date: /home/abdelrahman/Documents/GitHub/mako_robot/mako_ws/install/mako_nolang_interfaces/include/mako_nolang_interfaces/msg/detail
[25.273s] -- Installing: /home/abdelrahman/Documents/GitHub/mako_robot/mako_ws/install/mako_nolang_interfaces/include/mako_nolang_interfaces/msg/detail/mako_server_message__rosidl_typesupport_fastrtps_c.h
[25.273s] -- Installing: /home/abdelrahman/Documents/GitHub/mako_robot/mako_ws/install/mako_nolang_interfaces/include/mako_nolang_interfaces/msg/rosidl_typesupport_fastrtps_c__visibility_control.h
[25.273s] -- Installing: /home/abdelrahman/Documents/GitHub/mako_robot/mako_ws/install/mako_nolang_interfaces/lib/libmako_nolang_interfaces__rosidl_typesupport_fastrtps_c.so
[25.274s] -- Set runtime path of "/home/abdelrahman/Documents/GitHub/mako_robot/mako_ws/install/mako_nolang_interfaces/lib/libmako_nolang_interfaces__rosidl_typesupport_fastrtps_c.so" to ""
[25.274s] -- Up-to-date: /home/abdelrahman/Documents/GitHub/mako_robot/mako_ws/install/mako_nolang_interfaces/include/mako_nolang_interfaces
[25.274s] -- Up-to-date: /home/abdelrahman/Documents/GitHub/mako_robot/mako_ws/install/mako_nolang_interfaces/include/mako_nolang_interfaces/srv
[25.274s] -- Up-to-date: /home/abdelrahman/Documents/GitHub/mako_robot/mako_ws/install/mako_nolang_interfaces/include/mako_nolang_interfaces/srv/detail
[25.274s] -- Installing: /home/abdelrahman/Documents/GitHub/mako_robot/mako_ws/install/mako_nolang_interfaces/include/mako_nolang_interfaces/srv/detail/led_control__rosidl_typesupport_fastrtps_cpp.hpp
[25.274s] -- Installing: /home/abdelrahman/Documents/GitHub/mako_robot/mako_ws/install/mako_nolang_interfaces/include/mako_nolang_interfaces/srv/detail/arduino_command__rosidl_typesupport_fastrtps_cpp.hpp
[25.274s] -- Installing: /home/abdelrahman/Documents/GitHub/mako_robot/mako_ws/install/mako_nolang_interfaces/include/mako_nolang_interfaces/srv/detail/dds_fastrtps
[25.274s] -- Up-to-date: /home/abdelrahman/Documents/GitHub/mako_robot/mako_ws/install/mako_nolang_interfaces/include/mako_nolang_interfaces/msg
[25.274s] -- Up-to-date: /home/abdelrahman/Documents/GitHub/mako_robot/mako_ws/install/mako_nolang_interfaces/include/mako_nolang_interfaces/msg/detail
[25.275s] -- Installing: /home/abdelrahman/Documents/GitHub/mako_robot/mako_ws/install/mako_nolang_interfaces/include/mako_nolang_interfaces/msg/detail/mako_server_message__rosidl_typesupport_fastrtps_cpp.hpp
[25.275s] -- Installing: /home/abdelrahman/Documents/GitHub/mako_robot/mako_ws/install/mako_nolang_interfaces/include/mako_nolang_interfaces/msg/detail/dds_fastrtps
[25.275s] -- Installing: /home/abdelrahman/Documents/GitHub/mako_robot/mako_ws/install/mako_nolang_interfaces/include/mako_nolang_interfaces/msg/rosidl_typesupport_fastrtps_cpp__visibility_control.h
[25.275s] -- Installing: /home/abdelrahman/Documents/GitHub/mako_robot/mako_ws/install/mako_nolang_interfaces/lib/libmako_nolang_interfaces__rosidl_typesupport_fastrtps_cpp.so
[25.275s] -- Set runtime path of "/home/abdelrahman/Documents/GitHub/mako_robot/mako_ws/install/mako_nolang_interfaces/lib/libmako_nolang_interfaces__rosidl_typesupport_fastrtps_cpp.so" to ""
[25.275s] -- Up-to-date: /home/abdelrahman/Documents/GitHub/mako_robot/mako_ws/install/mako_nolang_interfaces/include/mako_nolang_interfaces
[25.275s] -- Up-to-date: /home/abdelrahman/Documents/GitHub/mako_robot/mako_ws/install/mako_nolang_interfaces/include/mako_nolang_interfaces/srv
[25.275s] -- Up-to-date: /home/abdelrahman/Documents/GitHub/mako_robot/mako_ws/install/mako_nolang_interfaces/include/mako_nolang_interfaces/srv/detail
[25.275s] -- Installing: /home/abdelrahman/Documents/GitHub/mako_robot/mako_ws/install/mako_nolang_interfaces/include/mako_nolang_interfaces/srv/detail/arduino_command__type_support.c
[25.276s] -- Installing: /home/abdelrahman/Documents/GitHub/mako_robot/mako_ws/install/mako_nolang_interfaces/include/mako_nolang_interfaces/srv/detail/led_control__rosidl_typesupport_introspection_c.h
[25.301s] -- Installing: /home/abdelrahman/Documents/GitHub/mako_robot/mako_ws/install/mako_nolang_interfaces/include/mako_nolang_interfaces/srv/detail/led_control__type_support.c
[25.306s] -- Installing: /home/abdelrahman/Documents/GitHub/mako_robot/mako_ws/install/mako_nolang_interfaces/include/mako_nolang_interfaces/srv/detail/arduino_command__rosidl_typesupport_introspection_c.h
[25.306s] -- Up-to-date: /home/abdelrahman/Documents/GitHub/mako_robot/mako_ws/install/mako_nolang_interfaces/include/mako_nolang_interfaces/msg
[25.306s] -- Up-to-date: /home/abdelrahman/Documents/GitHub/mako_robot/mako_ws/install/mako_nolang_interfaces/include/mako_nolang_interfaces/msg/detail
[25.306s] -- Installing: /home/abdelrahman/Documents/GitHub/mako_robot/mako_ws/install/mako_nolang_interfaces/include/mako_nolang_interfaces/msg/detail/mako_server_message__rosidl_typesupport_introspection_c.h
[25.306s] -- Installing: /home/abdelrahman/Documents/GitHub/mako_robot/mako_ws/install/mako_nolang_interfaces/include/mako_nolang_interfaces/msg/detail/mako_server_message__type_support.c
[25.306s] -- Installing: /home/abdelrahman/Documents/GitHub/mako_robot/mako_ws/install/mako_nolang_interfaces/include/mako_nolang_interfaces/msg/rosidl_typesupport_introspection_c__visibility_control.h
[25.307s] -- Installing: /home/abdelrahman/Documents/GitHub/mako_robot/mako_ws/install/mako_nolang_interfaces/lib/libmako_nolang_interfaces__rosidl_typesupport_introspection_c.so
[25.307s] -- Set runtime path of "/home/abdelrahman/Documents/GitHub/mako_robot/mako_ws/install/mako_nolang_interfaces/lib/libmako_nolang_interfaces__rosidl_typesupport_introspection_c.so" to ""
[25.307s] -- Installing: /home/abdelrahman/Documents/GitHub/mako_robot/mako_ws/install/mako_nolang_interfaces/lib/libmako_nolang_interfaces__rosidl_typesupport_c.so
[25.307s] -- Set runtime path of "/home/abdelrahman/Documents/GitHub/mako_robot/mako_ws/install/mako_nolang_interfaces/lib/libmako_nolang_interfaces__rosidl_typesupport_c.so" to ""
[25.307s] -- Up-to-date: /home/abdelrahman/Documents/GitHub/mako_robot/mako_ws/install/mako_nolang_interfaces/include/mako_nolang_interfaces
[25.307s] -- Up-to-date: /home/abdelrahman/Documents/GitHub/mako_robot/mako_ws/install/mako_nolang_interfaces/include/mako_nolang_interfaces/srv
[25.307s] -- Up-to-date: /home/abdelrahman/Documents/GitHub/mako_robot/mako_ws/install/mako_nolang_interfaces/include/mako_nolang_interfaces/srv/detail
[25.307s] -- Installing: /home/abdelrahman/Documents/GitHub/mako_robot/mako_ws/install/mako_nolang_interfaces/include/mako_nolang_interfaces/srv/detail/led_control__builder.hpp
[25.307s] -- Installing: /home/abdelrahman/Documents/GitHub/mako_robot/mako_ws/install/mako_nolang_interfaces/include/mako_nolang_interfaces/srv/detail/arduino_command__struct.hpp
[25.312s] -- Installing: /home/abdelrahman/Documents/GitHub/mako_robot/mako_ws/install/mako_nolang_interfaces/include/mako_nolang_interfaces/srv/detail/arduino_command__traits.hpp
[25.312s] -- Installing: /home/abdelrahman/Documents/GitHub/mako_robot/mako_ws/install/mako_nolang_interfaces/include/mako_nolang_interfaces/srv/detail/led_control__traits.hpp
[25.312s] -- Installing: /home/abdelrahman/Documents/GitHub/mako_robot/mako_ws/install/mako_nolang_interfaces/include/mako_nolang_interfaces/srv/detail/arduino_command__builder.hpp
[25.312s] -- Installing: /home/abdelrahman/Documents/GitHub/mako_robot/mako_ws/install/mako_nolang_interfaces/include/mako_nolang_interfaces/srv/detail/led_control__struct.hpp
[25.312s] -- Installing: /home/abdelrahman/Documents/GitHub/mako_robot/mako_ws/install/mako_nolang_interfaces/include/mako_nolang_interfaces/srv/led_control.hpp
[25.313s] -- Installing: /home/abdelrahman/Documents/GitHub/mako_robot/mako_ws/install/mako_nolang_interfaces/include/mako_nolang_interfaces/srv/arduino_command.hpp
[25.313s] -- Up-to-date: /home/abdelrahman/Documents/GitHub/mako_robot/mako_ws/install/mako_nolang_interfaces/include/mako_nolang_interfaces/msg
[25.313s] -- Up-to-date: /home/abdelrahman/Documents/GitHub/mako_robot/mako_ws/install/mako_nolang_interfaces/include/mako_nolang_interfaces/msg/detail
[25.313s] -- Installing: /home/abdelrahman/Documents/GitHub/mako_robot/mako_ws/install/mako_nolang_interfaces/include/mako_nolang_interfaces/msg/detail/mako_server_message__struct.hpp
[25.313s] -- Installing: /home/abdelrahman/Documents/GitHub/mako_robot/mako_ws/install/mako_nolang_interfaces/include/mako_nolang_interfaces/msg/detail/mako_server_message__builder.hpp
[25.313s] -- Installing: /home/abdelrahman/Documents/GitHub/mako_robot/mako_ws/install/mako_nolang_interfaces/include/mako_nolang_interfaces/msg/detail/mako_server_message__traits.hpp
[25.313s] -- Installing: /home/abdelrahman/Documents/GitHub/mako_robot/mako_ws/install/mako_nolang_interfaces/include/mako_nolang_interfaces/msg/mako_server_message.hpp
[25.313s] -- Up-to-date: /home/abdelrahman/Documents/GitHub/mako_robot/mako_ws/install/mako_nolang_interfaces/include/mako_nolang_interfaces
[25.313s] -- Up-to-date: /home/abdelrahman/Documents/GitHub/mako_robot/mako_ws/install/mako_nolang_interfaces/include/mako_nolang_interfaces/srv
[25.314s] -- Up-to-date: /home/abdelrahman/Documents/GitHub/mako_robot/mako_ws/install/mako_nolang_interfaces/include/mako_nolang_interfaces/srv/detail
[25.314s] -- Installing: /home/abdelrahman/Documents/GitHub/mako_robot/mako_ws/install/mako_nolang_interfaces/include/mako_nolang_interfaces/srv/detail/led_control__type_support.cpp
[25.314s] -- Installing: /home/abdelrahman/Documents/GitHub/mako_robot/mako_ws/install/mako_nolang_interfaces/include/mako_nolang_interfaces/srv/detail/led_control__rosidl_typesupport_introspection_cpp.hpp
[25.314s] -- Installing: /home/abdelrahman/Documents/GitHub/mako_robot/mako_ws/install/mako_nolang_interfaces/include/mako_nolang_interfaces/srv/detail/arduino_command__type_support.cpp
[25.314s] -- Installing: /home/abdelrahman/Documents/GitHub/mako_robot/mako_ws/install/mako_nolang_interfaces/include/mako_nolang_interfaces/srv/detail/arduino_command__rosidl_typesupport_introspection_cpp.hpp
[25.314s] -- Up-to-date: /home/abdelrahman/Documents/GitHub/mako_robot/mako_ws/install/mako_nolang_interfaces/include/mako_nolang_interfaces/msg
[25.314s] -- Up-to-date: /home/abdelrahman/Documents/GitHub/mako_robot/mako_ws/install/mako_nolang_interfaces/include/mako_nolang_interfaces/msg/detail
[25.314s] -- Installing: /home/abdelrahman/Documents/GitHub/mako_robot/mako_ws/install/mako_nolang_interfaces/include/mako_nolang_interfaces/msg/detail/mako_server_message__type_support.cpp
[25.315s] -- Installing: /home/abdelrahman/Documents/GitHub/mako_robot/mako_ws/install/mako_nolang_interfaces/include/mako_nolang_interfaces/msg/detail/mako_server_message__rosidl_typesupport_introspection_cpp.hpp
[25.315s] -- Installing: /home/abdelrahman/Documents/GitHub/mako_robot/mako_ws/install/mako_nolang_interfaces/lib/libmako_nolang_interfaces__rosidl_typesupport_introspection_cpp.so
[25.315s] -- Set runtime path of "/home/abdelrahman/Documents/GitHub/mako_robot/mako_ws/install/mako_nolang_interfaces/lib/libmako_nolang_interfaces__rosidl_typesupport_introspection_cpp.so" to ""
[25.315s] -- Installing: /home/abdelrahman/Documents/GitHub/mako_robot/mako_ws/install/mako_nolang_interfaces/lib/libmako_nolang_interfaces__rosidl_typesupport_cpp.so
[25.315s] -- Set runtime path of "/home/abdelrahman/Documents/GitHub/mako_robot/mako_ws/install/mako_nolang_interfaces/lib/libmako_nolang_interfaces__rosidl_typesupport_cpp.so" to ""
[25.315s] -- Installing: /home/abdelrahman/Documents/GitHub/mako_robot/mako_ws/install/mako_nolang_interfaces/share/mako_nolang_interfaces/environment/pythonpath.sh
[25.315s] -- Installing: /home/abdelrahman/Documents/GitHub/mako_robot/mako_ws/install/mako_nolang_interfaces/share/mako_nolang_interfaces/environment/pythonpath.dsv
[25.343s] -- Installing: /home/abdelrahman/Documents/GitHub/mako_robot/mako_ws/install/mako_nolang_interfaces/lib/python3.8/site-packages/mako_nolang_interfaces/__init__.py
[25.344s] Compiling '/home/abdelrahman/Documents/GitHub/mako_robot/mako_ws/install/mako_nolang_interfaces/lib/python3.8/site-packages/mako_nolang_interfaces/__init__.py'...
[25.344s] -- Up-to-date: /home/abdelrahman/Documents/GitHub/mako_robot/mako_ws/install/mako_nolang_interfaces/lib/python3.8/site-packages/mako_nolang_interfaces/srv
[25.344s] -- Installing: /home/abdelrahman/Documents/GitHub/mako_robot/mako_ws/install/mako_nolang_interfaces/lib/python3.8/site-packages/mako_nolang_interfaces/srv/_arduino_command_s.c
[25.344s] -- Installing: /home/abdelrahman/Documents/GitHub/mako_robot/mako_ws/install/mako_nolang_interfaces/lib/python3.8/site-packages/mako_nolang_interfaces/srv/_led_control.py
[25.344s] -- Installing: /home/abdelrahman/Documents/GitHub/mako_robot/mako_ws/install/mako_nolang_interfaces/lib/python3.8/site-packages/mako_nolang_interfaces/srv/__init__.py
[25.344s] -- Installing: /home/abdelrahman/Documents/GitHub/mako_robot/mako_ws/install/mako_nolang_interfaces/lib/python3.8/site-packages/mako_nolang_interfaces/srv/_arduino_command.py
[25.345s] -- Installing: /home/abdelrahman/Documents/GitHub/mako_robot/mako_ws/install/mako_nolang_interfaces/lib/python3.8/site-packages/mako_nolang_interfaces/srv/_led_control_s.c
[25.345s] -- Up-to-date: /home/abdelrahman/Documents/GitHub/mako_robot/mako_ws/install/mako_nolang_interfaces/lib/python3.8/site-packages/mako_nolang_interfaces/msg
[25.345s] -- Installing: /home/abdelrahman/Documents/GitHub/mako_robot/mako_ws/install/mako_nolang_interfaces/lib/python3.8/site-packages/mako_nolang_interfaces/msg/_mako_server_message.py
[25.345s] -- Installing: /home/abdelrahman/Documents/GitHub/mako_robot/mako_ws/install/mako_nolang_interfaces/lib/python3.8/site-packages/mako_nolang_interfaces/msg/_mako_server_message_s.c
[25.345s] -- Installing: /home/abdelrahman/Documents/GitHub/mako_robot/mako_ws/install/mako_nolang_interfaces/lib/python3.8/site-packages/mako_nolang_interfaces/msg/__init__.py
[25.345s] -- Installing: /home/abdelrahman/Documents/GitHub/mako_robot/mako_ws/install/mako_nolang_interfaces/lib/python3.8/site-packages/mako_nolang_interfaces/mako_nolang_interfaces_s__rosidl_typesupport_fastrtps_c.cpython-38-x86_64-linux-gnu.so
[25.345s] -- Set runtime path of "/home/abdelrahman/Documents/GitHub/mako_robot/mako_ws/install/mako_nolang_interfaces/lib/python3.8/site-packages/mako_nolang_interfaces/mako_nolang_interfaces_s__rosidl_typesupport_fastrtps_c.cpython-38-x86_64-linux-gnu.so" to ""
[25.345s] -- Installing: /home/abdelrahman/Documents/GitHub/mako_robot/mako_ws/install/mako_nolang_interfaces/lib/python3.8/site-packages/mako_nolang_interfaces/mako_nolang_interfaces_s__rosidl_typesupport_introspection_c.cpython-38-x86_64-linux-gnu.so
[25.346s] -- Set runtime path of "/home/abdelrahman/Documents/GitHub/mako_robot/mako_ws/install/mako_nolang_interfaces/lib/python3.8/site-packages/mako_nolang_interfaces/mako_nolang_interfaces_s__rosidl_typesupport_introspection_c.cpython-38-x86_64-linux-gnu.so" to ""
[25.346s] -- Installing: /home/abdelrahman/Documents/GitHub/mako_robot/mako_ws/install/mako_nolang_interfaces/lib/python3.8/site-packages/mako_nolang_interfaces/mako_nolang_interfaces_s__rosidl_typesupport_c.cpython-38-x86_64-linux-gnu.so
[25.346s] -- Set runtime path of "/home/abdelrahman/Documents/GitHub/mako_robot/mako_ws/install/mako_nolang_interfaces/lib/python3.8/site-packages/mako_nolang_interfaces/mako_nolang_interfaces_s__rosidl_typesupport_c.cpython-38-x86_64-linux-gnu.so" to ""
[25.346s] -- Installing: /home/abdelrahman/Documents/GitHub/mako_robot/mako_ws/install/mako_nolang_interfaces/lib/libmako_nolang_interfaces__python.so
[25.346s] -- Set runtime path of "/home/abdelrahman/Documents/GitHub/mako_robot/mako_ws/install/mako_nolang_interfaces/lib/libmako_nolang_interfaces__python.so" to ""
[25.346s] -- Installing: /home/abdelrahman/Documents/GitHub/mako_robot/mako_ws/install/mako_nolang_interfaces/share/mako_nolang_interfaces/srv/LedControl.idl
[25.346s] -- Installing: /home/abdelrahman/Documents/GitHub/mako_robot/mako_ws/install/mako_nolang_interfaces/share/mako_nolang_interfaces/srv/ArduinoCommand.idl
[25.347s] -- Installing: /home/abdelrahman/Documents/GitHub/mako_robot/mako_ws/install/mako_nolang_interfaces/share/mako_nolang_interfaces/msg/MakoServerMessage.idl
[25.347s] -- Installing: /home/abdelrahman/Documents/GitHub/mako_robot/mako_ws/install/mako_nolang_interfaces/share/mako_nolang_interfaces/srv/LedControl.srv
[25.347s] -- Installing: /home/abdelrahman/Documents/GitHub/mako_robot/mako_ws/install/mako_nolang_interfaces/share/mako_nolang_interfaces/srv/LedControl_Request.msg
[25.347s] -- Installing: /home/abdelrahman/Documents/GitHub/mako_robot/mako_ws/install/mako_nolang_interfaces/share/mako_nolang_interfaces/srv/LedControl_Response.msg
[25.363s] -- Installing: /home/abdelrahman/Documents/GitHub/mako_robot/mako_ws/install/mako_nolang_interfaces/share/mako_nolang_interfaces/srv/ArduinoCommand.srv
[25.364s] -- Installing: /home/abdelrahman/Documents/GitHub/mako_robot/mako_ws/install/mako_nolang_interfaces/share/mako_nolang_interfaces/srv/ArduinoCommand_Request.msg
[25.364s] -- Installing: /home/abdelrahman/Documents/GitHub/mako_robot/mako_ws/install/mako_nolang_interfaces/share/mako_nolang_interfaces/srv/ArduinoCommand_Response.msg
[25.364s] -- Installing: /home/abdelrahman/Documents/GitHub/mako_robot/mako_ws/install/mako_nolang_interfaces/share/mako_nolang_interfaces/msg/MakoServerMessage.msg
[25.364s] -- Installing: /home/abdelrahman/Documents/GitHub/mako_robot/mako_ws/install/mako_nolang_interfaces/share/ament_index/resource_index/package_run_dependencies/mako_nolang_interfaces
[25.364s] -- Installing: /home/abdelrahman/Documents/GitHub/mako_robot/mako_ws/install/mako_nolang_interfaces/share/ament_index/resource_index/parent_prefix_path/mako_nolang_interfaces
[25.365s] -- Installing: /home/abdelrahman/Documents/GitHub/mako_robot/mako_ws/install/mako_nolang_interfaces/share/mako_nolang_interfaces/environment/ament_prefix_path.dsv
[25.365s] -- Installing: /home/abdelrahman/Documents/GitHub/mako_robot/mako_ws/install/mako_nolang_interfaces/share/mako_nolang_interfaces/environment/path.dsv
[25.365s] -- Installing: /home/abdelrahman/Documents/GitHub/mako_robot/mako_ws/install/mako_nolang_interfaces/share/mako_nolang_interfaces/local_setup.bash
[25.365s] -- Installing: /home/abdelrahman/Documents/GitHub/mako_robot/mako_ws/install/mako_nolang_interfaces/share/mako_nolang_interfaces/local_setup.sh
[25.365s] -- Installing: /home/abdelrahman/Documents/GitHub/mako_robot/mako_ws/install/mako_nolang_interfaces/share/mako_nolang_interfaces/local_setup.zsh
[25.376s] -- Installing: /home/abdelrahman/Documents/GitHub/mako_robot/mako_ws/install/mako_nolang_interfaces/share/mako_nolang_interfaces/local_setup.dsv
[25.376s] -- Installing: /home/abdelrahman/Documents/GitHub/mako_robot/mako_ws/install/mako_nolang_interfaces/share/mako_nolang_interfaces/package.dsv
[25.376s] -- Installing: /home/abdelrahman/Documents/GitHub/mako_robot/mako_ws/install/mako_nolang_interfaces/share/ament_index/resource_index/packages/mako_nolang_interfaces
[25.376s] -- Installing: /home/abdelrahman/Documents/GitHub/mako_robot/mako_ws/install/mako_nolang_interfaces/share/mako_nolang_interfaces/cmake/mako_nolang_interfaces__rosidl_generator_cExport.cmake
[25.376s] -- Installing: /home/abdelrahman/Documents/GitHub/mako_robot/mako_ws/install/mako_nolang_interfaces/share/mako_nolang_interfaces/cmake/mako_nolang_interfaces__rosidl_generator_cExport-noconfig.cmake
[25.376s] -- Installing: /home/abdelrahman/Documents/GitHub/mako_robot/mako_ws/install/mako_nolang_interfaces/share/mako_nolang_interfaces/cmake/mako_nolang_interfaces__rosidl_typesupport_introspection_cExport.cmake
[25.377s] -- Installing: /home/abdelrahman/Documents/GitHub/mako_robot/mako_ws/install/mako_nolang_interfaces/share/mako_nolang_interfaces/cmake/mako_nolang_interfaces__rosidl_typesupport_introspection_cExport-noconfig.cmake
[25.377s] -- Installing: /home/abdelrahman/Documents/GitHub/mako_robot/mako_ws/install/mako_nolang_interfaces/share/mako_nolang_interfaces/cmake/mako_nolang_interfaces__rosidl_typesupport_cExport.cmake
[25.377s] -- Installing: /home/abdelrahman/Documents/GitHub/mako_robot/mako_ws/install/mako_nolang_interfaces/share/mako_nolang_interfaces/cmake/mako_nolang_interfaces__rosidl_typesupport_cExport-noconfig.cmake
[25.377s] -- Installing: /home/abdelrahman/Documents/GitHub/mako_robot/mako_ws/install/mako_nolang_interfaces/share/mako_nolang_interfaces/cmake/mako_nolang_interfaces__rosidl_generator_cppExport.cmake
[25.377s] -- Installing: /home/abdelrahman/Documents/GitHub/mako_robot/mako_ws/install/mako_nolang_interfaces/share/mako_nolang_interfaces/cmake/mako_nolang_interfaces__rosidl_typesupport_introspection_cppExport.cmake
[25.377s] -- Installing: /home/abdelrahman/Documents/GitHub/mako_robot/mako_ws/install/mako_nolang_interfaces/share/mako_nolang_interfaces/cmake/mako_nolang_interfaces__rosidl_typesupport_introspection_cppExport-noconfig.cmake
[25.377s] -- Installing: /home/abdelrahman/Documents/GitHub/mako_robot/mako_ws/install/mako_nolang_interfaces/share/mako_nolang_interfaces/cmake/mako_nolang_interfaces__rosidl_typesupport_cppExport.cmake
[25.377s] -- Installing: /home/abdelrahman/Documents/GitHub/mako_robot/mako_ws/install/mako_nolang_interfaces/share/mako_nolang_interfaces/cmake/mako_nolang_interfaces__rosidl_typesupport_cppExport-noconfig.cmake
[25.377s] -- Installing: /home/abdelrahman/Documents/GitHub/mako_robot/mako_ws/install/mako_nolang_interfaces/share/mako_nolang_interfaces/cmake/rosidl_cmake-extras.cmake
[25.378s] -- Installing: /home/abdelrahman/Documents/GitHub/mako_robot/mako_ws/install/mako_nolang_interfaces/share/mako_nolang_interfaces/cmake/ament_cmake_export_dependencies-extras.cmake
[25.378s] -- Installing: /home/abdelrahman/Documents/GitHub/mako_robot/mako_ws/install/mako_nolang_interfaces/share/mako_nolang_interfaces/cmake/ament_cmake_export_libraries-extras.cmake
[25.378s] -- Installing: /home/abdelrahman/Documents/GitHub/mako_robot/mako_ws/install/mako_nolang_interfaces/share/mako_nolang_interfaces/cmake/ament_cmake_export_targets-extras.cmake
[25.378s] -- Installing: /home/abdelrahman/Documents/GitHub/mako_robot/mako_ws/install/mako_nolang_interfaces/share/mako_nolang_interfaces/cmake/ament_cmake_export_include_directories-extras.cmake
[25.378s] -- Installing: /home/abdelrahman/Documents/GitHub/mako_robot/mako_ws/install/mako_nolang_interfaces/share/mako_nolang_interfaces/cmake/rosidl_cmake_export_typesupport_libraries-extras.cmake
[25.378s] -- Installing: /home/abdelrahman/Documents/GitHub/mako_robot/mako_ws/install/mako_nolang_interfaces/share/mako_nolang_interfaces/cmake/rosidl_cmake_export_typesupport_targets-extras.cmake
[25.378s] -- Installing: /home/abdelrahman/Documents/GitHub/mako_robot/mako_ws/install/mako_nolang_interfaces/share/mako_nolang_interfaces/cmake/mako_nolang_interfacesConfig.cmake
[25.378s] -- Installing: /home/abdelrahman/Documents/GitHub/mako_robot/mako_ws/install/mako_nolang_interfaces/share/mako_nolang_interfaces/cmake/mako_nolang_interfacesConfig-version.cmake
[25.378s] -- Installing: /home/abdelrahman/Documents/GitHub/mako_robot/mako_ws/install/mako_nolang_interfaces/share/mako_nolang_interfaces/package.xml
[25.379s] Invoked command in '/home/abdelrahman/Documents/GitHub/mako_robot/mako_ws/build/mako_nolang_interfaces' returned '0': CMAKE_PREFIX_PATH=${CMAKE_PREFIX_PATH}:/home/abdelrahman/ros2_ws/install/test_lidar_pkg:/home/abdelrahman/ros2_ws/install/my_py_pkg:/opt/ros/foxy /usr/bin/cmake --install /home/abdelrahman/Documents/GitHub/mako_robot/mako_ws/build/mako_nolang_interfaces
