[1.382s] Invoking command in '/home/karim/mako_robot/mako_ws/src/mako_py_brain': PYTHONPATH=/home/karim/mako_robot/mako_ws/install/mako_py_brain/lib/python3.8/site-packages:${PYTHONPATH} /usr/bin/python3 setup.py egg_info --egg-base ../../build/mako_py_brain build --build-base /home/karim/mako_robot/mako_ws/build/mako_py_brain/build install --prefix /home/karim/mako_robot/mako_ws/install/mako_py_brain --record /home/karim/mako_robot/mako_ws/build/mako_py_brain/install.log --single-version-externally-managed
[2.352s] running egg_info
[2.352s] writing ../../build/mako_py_brain/mako_py_brain.egg-info/PKG-INFO
[2.382s] writing dependency_links to ../../build/mako_py_brain/mako_py_brain.egg-info/dependency_links.txt
[2.382s] writing entry points to ../../build/mako_py_brain/mako_py_brain.egg-info/entry_points.txt
[2.386s] writing requirements to ../../build/mako_py_brain/mako_py_brain.egg-info/requires.txt
[2.387s] writing top-level names to ../../build/mako_py_brain/mako_py_brain.egg-info/top_level.txt
[2.768s] reading manifest file '../../build/mako_py_brain/mako_py_brain.egg-info/SOURCES.txt'
[2.768s] writing manifest file '../../build/mako_py_brain/mako_py_brain.egg-info/SOURCES.txt'
[2.769s] running build
[2.769s] running build_py
[2.769s] running install
[2.769s] running install_lib
[2.769s] running install_data
[2.769s] running install_egg_info
[2.769s] removing '/home/karim/mako_robot/mako_ws/install/mako_py_brain/lib/python3.8/site-packages/mako_py_brain-0.0.0-py3.8.egg-info' (and everything under it)
[2.769s] Copying ../../build/mako_py_brain/mako_py_brain.egg-info to /home/karim/mako_robot/mako_ws/install/mako_py_brain/lib/python3.8/site-packages/mako_py_brain-0.0.0-py3.8.egg-info
[2.771s] running install_scripts
[2.808s] Installing BrainNode script to /home/karim/mako_robot/mako_ws/install/mako_py_brain/lib/mako_py_brain
[2.810s] writing list of installed files to '/home/karim/mako_robot/mako_ws/build/mako_py_brain/install.log'
[2.884s] Invoked command in '/home/karim/mako_robot/mako_ws/src/mako_py_brain' returned '0': PYTHONPATH=/home/karim/mako_robot/mako_ws/install/mako_py_brain/lib/python3.8/site-packages:${PYTHONPATH} /usr/bin/python3 setup.py egg_info --egg-base ../../build/mako_py_brain build --build-base /home/karim/mako_robot/mako_ws/build/mako_py_brain/build install --prefix /home/karim/mako_robot/mako_ws/install/mako_py_brain --record /home/karim/mako_robot/mako_ws/build/mako_py_brain/install.log --single-version-externally-managed
