[0.739s] DEBUG:colcon:Command line arguments: ['/usr/bin/colcon', 'build', '--symlink-install']
[0.740s] DEBUG:colcon:Parsed command line arguments: Namespace(ament_cmake_args=None, base_paths=['.'], build_base='build', catkin_cmake_args=None, catkin_skip_building_tests=False, cmake_args=None, cmake_clean_cache=False, cmake_clean_first=False, cmake_force_configure=False, cmake_target=None, cmake_target_skip_unavailable=False, continue_on_error=False, event_handlers=None, executor='parallel', ignore_user_meta=False, install_base='install', log_base=None, log_level=None, main=<bound method BuildVerb.main of <colcon_core.verb.build.BuildVerb object at 0xffff8ae8a640>>, merge_install=False, metas=['./colcon.meta'], packages_above=None, packages_above_and_dependencies=None, packages_above_depth=None, packages_end=None, packages_ignore=None, packages_ignore_regex=None, packages_select=None, packages_select_build_failed=False, packages_select_by_dep=None, packages_select_regex=None, packages_select_test_failures=False, packages_skip=None, packages_skip_build_finished=False, packages_skip_by_dep=None, packages_skip_regex=None, packages_skip_test_passed=False, packages_skip_up_to=None, packages_start=None, packages_up_to=None, packages_up_to_regex=None, parallel_workers=4, paths=None, symlink_install=True, test_result_base=None, verb_extension=<colcon_core.verb.build.BuildVerb object at 0xffff8ae8a640>, verb_name='build', verb_parser=<colcon_defaults.argument_parser.defaults.DefaultArgumentsDecorator object at 0xffff8ae8ab80>)
[0.766s] Level 1:colcon.colcon_core.package_discovery:discover_packages(colcon_meta) check parameters
[0.767s] Level 1:colcon.colcon_core.package_discovery:discover_packages(recursive) check parameters
[0.767s] Level 1:colcon.colcon_core.package_discovery:discover_packages(ignore) check parameters
[0.767s] Level 1:colcon.colcon_core.package_discovery:discover_packages(path) check parameters
[0.767s] Level 1:colcon.colcon_core.package_discovery:discover_packages(colcon_meta) discover
[0.767s] Level 1:colcon.colcon_core.package_discovery:discover_packages(recursive) discover
[0.768s] INFO:colcon.colcon_core.package_discovery:Crawling recursively for packages in '/home/ubuntu/mako_ws/mako_robot'
[0.768s] Level 1:colcon.colcon_core.package_identification:_identify(.) by extensions ['ignore', 'ignore_ament_install']
[0.769s] Level 1:colcon.colcon_core.package_identification:_identify(.) by extension 'ignore'
[0.769s] Level 1:colcon.colcon_core.package_identification:_identify(.) by extension 'ignore_ament_install'
[0.769s] Level 1:colcon.colcon_core.package_identification:_identify(.) by extensions ['colcon_pkg']
[0.769s] Level 1:colcon.colcon_core.package_identification:_identify(.) by extension 'colcon_pkg'
[0.769s] Level 1:colcon.colcon_core.package_identification:_identify(.) by extensions ['colcon_meta']
[0.769s] Level 1:colcon.colcon_core.package_identification:_identify(.) by extension 'colcon_meta'
[0.770s] Level 1:colcon.colcon_core.package_identification:_identify(.) by extensions ['ros']
[0.770s] Level 1:colcon.colcon_core.package_identification:_identify(.) by extension 'ros'
[0.819s] Level 1:colcon.colcon_core.package_identification:_identify(.) by extensions ['cmake', 'python']
[0.819s] Level 1:colcon.colcon_core.package_identification:_identify(.) by extension 'cmake'
[0.819s] Level 1:colcon.colcon_core.package_identification:_identify(.) by extension 'python'
[0.819s] Level 1:colcon.colcon_core.package_identification:_identify(.) by extensions ['python_setup_py']
[0.819s] Level 1:colcon.colcon_core.package_identification:_identify(.) by extension 'python_setup_py'
[0.820s] Level 1:colcon.colcon_core.package_identification:_identify(build) by extensions ['ignore', 'ignore_ament_install']
[0.820s] Level 1:colcon.colcon_core.package_identification:_identify(build) by extension 'ignore'
[0.821s] Level 1:colcon.colcon_core.package_identification:_identify(build) ignored
[0.821s] Level 1:colcon.colcon_core.package_identification:_identify(include) by extensions ['ignore', 'ignore_ament_install']
[0.821s] Level 1:colcon.colcon_core.package_identification:_identify(include) by extension 'ignore'
[0.822s] Level 1:colcon.colcon_core.package_identification:_identify(include) by extension 'ignore_ament_install'
[0.822s] Level 1:colcon.colcon_core.package_identification:_identify(include) by extensions ['colcon_pkg']
[0.822s] Level 1:colcon.colcon_core.package_identification:_identify(include) by extension 'colcon_pkg'
[0.822s] Level 1:colcon.colcon_core.package_identification:_identify(include) by extensions ['colcon_meta']
[0.822s] Level 1:colcon.colcon_core.package_identification:_identify(include) by extension 'colcon_meta'
[0.823s] Level 1:colcon.colcon_core.package_identification:_identify(include) by extensions ['ros']
[0.823s] Level 1:colcon.colcon_core.package_identification:_identify(include) by extension 'ros'
[0.823s] Level 1:colcon.colcon_core.package_identification:_identify(include) by extensions ['cmake', 'python']
[0.823s] Level 1:colcon.colcon_core.package_identification:_identify(include) by extension 'cmake'
[0.823s] Level 1:colcon.colcon_core.package_identification:_identify(include) by extension 'python'
[0.824s] Level 1:colcon.colcon_core.package_identification:_identify(include) by extensions ['python_setup_py']
[0.824s] Level 1:colcon.colcon_core.package_identification:_identify(include) by extension 'python_setup_py'
[0.824s] Level 1:colcon.colcon_core.package_identification:_identify(include/hsapi) by extensions ['ignore', 'ignore_ament_install']
[0.825s] Level 1:colcon.colcon_core.package_identification:_identify(include/hsapi) by extension 'ignore'
[0.825s] Level 1:colcon.colcon_core.package_identification:_identify(include/hsapi) by extension 'ignore_ament_install'
[0.825s] Level 1:colcon.colcon_core.package_identification:_identify(include/hsapi) by extensions ['colcon_pkg']
[0.825s] Level 1:colcon.colcon_core.package_identification:_identify(include/hsapi) by extension 'colcon_pkg'
[0.825s] Level 1:colcon.colcon_core.package_identification:_identify(include/hsapi) by extensions ['colcon_meta']
[0.825s] Level 1:colcon.colcon_core.package_identification:_identify(include/hsapi) by extension 'colcon_meta'
[0.826s] Level 1:colcon.colcon_core.package_identification:_identify(include/hsapi) by extensions ['ros']
[0.826s] Level 1:colcon.colcon_core.package_identification:_identify(include/hsapi) by extension 'ros'
[0.826s] Level 1:colcon.colcon_core.package_identification:_identify(include/hsapi) by extensions ['cmake', 'python']
[0.826s] Level 1:colcon.colcon_core.package_identification:_identify(include/hsapi) by extension 'cmake'
[0.827s] Level 1:colcon.colcon_core.package_identification:_identify(include/hsapi) by extension 'python'
[0.827s] Level 1:colcon.colcon_core.package_identification:_identify(include/hsapi) by extensions ['python_setup_py']
[0.827s] Level 1:colcon.colcon_core.package_identification:_identify(include/hsapi) by extension 'python_setup_py'
[0.827s] Level 1:colcon.colcon_core.package_identification:_identify(include/hsapi/__pycache__) by extensions ['ignore', 'ignore_ament_install']
[0.828s] Level 1:colcon.colcon_core.package_identification:_identify(include/hsapi/__pycache__) by extension 'ignore'
[0.828s] Level 1:colcon.colcon_core.package_identification:_identify(include/hsapi/__pycache__) by extension 'ignore_ament_install'
[0.828s] Level 1:colcon.colcon_core.package_identification:_identify(include/hsapi/__pycache__) by extensions ['colcon_pkg']
[0.828s] Level 1:colcon.colcon_core.package_identification:_identify(include/hsapi/__pycache__) by extension 'colcon_pkg'
[0.829s] Level 1:colcon.colcon_core.package_identification:_identify(include/hsapi/__pycache__) by extensions ['colcon_meta']
[0.829s] Level 1:colcon.colcon_core.package_identification:_identify(include/hsapi/__pycache__) by extension 'colcon_meta'
[0.829s] Level 1:colcon.colcon_core.package_identification:_identify(include/hsapi/__pycache__) by extensions ['ros']
[0.829s] Level 1:colcon.colcon_core.package_identification:_identify(include/hsapi/__pycache__) by extension 'ros'
[0.829s] Level 1:colcon.colcon_core.package_identification:_identify(include/hsapi/__pycache__) by extensions ['cmake', 'python']
[0.830s] Level 1:colcon.colcon_core.package_identification:_identify(include/hsapi/__pycache__) by extension 'cmake'
[0.830s] Level 1:colcon.colcon_core.package_identification:_identify(include/hsapi/__pycache__) by extension 'python'
[0.830s] Level 1:colcon.colcon_core.package_identification:_identify(include/hsapi/__pycache__) by extensions ['python_setup_py']
[0.830s] Level 1:colcon.colcon_core.package_identification:_identify(include/hsapi/__pycache__) by extension 'python_setup_py'
[0.831s] Level 1:colcon.colcon_core.package_identification:_identify(include/hsapi/core) by extensions ['ignore', 'ignore_ament_install']
[0.831s] Level 1:colcon.colcon_core.package_identification:_identify(include/hsapi/core) by extension 'ignore'
[0.831s] Level 1:colcon.colcon_core.package_identification:_identify(include/hsapi/core) by extension 'ignore_ament_install'
[0.831s] Level 1:colcon.colcon_core.package_identification:_identify(include/hsapi/core) by extensions ['colcon_pkg']
[0.832s] Level 1:colcon.colcon_core.package_identification:_identify(include/hsapi/core) by extension 'colcon_pkg'
[0.832s] Level 1:colcon.colcon_core.package_identification:_identify(include/hsapi/core) by extensions ['colcon_meta']
[0.832s] Level 1:colcon.colcon_core.package_identification:_identify(include/hsapi/core) by extension 'colcon_meta'
[0.832s] Level 1:colcon.colcon_core.package_identification:_identify(include/hsapi/core) by extensions ['ros']
[0.832s] Level 1:colcon.colcon_core.package_identification:_identify(include/hsapi/core) by extension 'ros'
[0.833s] Level 1:colcon.colcon_core.package_identification:_identify(include/hsapi/core) by extensions ['cmake', 'python']
[0.833s] Level 1:colcon.colcon_core.package_identification:_identify(include/hsapi/core) by extension 'cmake'
[0.833s] Level 1:colcon.colcon_core.package_identification:_identify(include/hsapi/core) by extension 'python'
[0.833s] Level 1:colcon.colcon_core.package_identification:_identify(include/hsapi/core) by extensions ['python_setup_py']
[0.833s] Level 1:colcon.colcon_core.package_identification:_identify(include/hsapi/core) by extension 'python_setup_py'
[0.834s] Level 1:colcon.colcon_core.package_identification:_identify(include/hsapi/core/__pycache__) by extensions ['ignore', 'ignore_ament_install']
[0.834s] Level 1:colcon.colcon_core.package_identification:_identify(include/hsapi/core/__pycache__) by extension 'ignore'
[0.834s] Level 1:colcon.colcon_core.package_identification:_identify(include/hsapi/core/__pycache__) by extension 'ignore_ament_install'
[0.835s] Level 1:colcon.colcon_core.package_identification:_identify(include/hsapi/core/__pycache__) by extensions ['colcon_pkg']
[0.835s] Level 1:colcon.colcon_core.package_identification:_identify(include/hsapi/core/__pycache__) by extension 'colcon_pkg'
[0.835s] Level 1:colcon.colcon_core.package_identification:_identify(include/hsapi/core/__pycache__) by extensions ['colcon_meta']
[0.835s] Level 1:colcon.colcon_core.package_identification:_identify(include/hsapi/core/__pycache__) by extension 'colcon_meta'
[0.835s] Level 1:colcon.colcon_core.package_identification:_identify(include/hsapi/core/__pycache__) by extensions ['ros']
[0.835s] Level 1:colcon.colcon_core.package_identification:_identify(include/hsapi/core/__pycache__) by extension 'ros'
[0.836s] Level 1:colcon.colcon_core.package_identification:_identify(include/hsapi/core/__pycache__) by extensions ['cmake', 'python']
[0.836s] Level 1:colcon.colcon_core.package_identification:_identify(include/hsapi/core/__pycache__) by extension 'cmake'
[0.836s] Level 1:colcon.colcon_core.package_identification:_identify(include/hsapi/core/__pycache__) by extension 'python'
[0.836s] Level 1:colcon.colcon_core.package_identification:_identify(include/hsapi/core/__pycache__) by extensions ['python_setup_py']
[0.837s] Level 1:colcon.colcon_core.package_identification:_identify(include/hsapi/core/__pycache__) by extension 'python_setup_py'
[0.837s] Level 1:colcon.colcon_core.package_identification:_identify(include/hsapi/easy) by extensions ['ignore', 'ignore_ament_install']
[0.837s] Level 1:colcon.colcon_core.package_identification:_identify(include/hsapi/easy) by extension 'ignore'
[0.838s] Level 1:colcon.colcon_core.package_identification:_identify(include/hsapi/easy) by extension 'ignore_ament_install'
[0.838s] Level 1:colcon.colcon_core.package_identification:_identify(include/hsapi/easy) by extensions ['colcon_pkg']
[0.838s] Level 1:colcon.colcon_core.package_identification:_identify(include/hsapi/easy) by extension 'colcon_pkg'
[0.838s] Level 1:colcon.colcon_core.package_identification:_identify(include/hsapi/easy) by extensions ['colcon_meta']
[0.838s] Level 1:colcon.colcon_core.package_identification:_identify(include/hsapi/easy) by extension 'colcon_meta'
[0.839s] Level 1:colcon.colcon_core.package_identification:_identify(include/hsapi/easy) by extensions ['ros']
[0.839s] Level 1:colcon.colcon_core.package_identification:_identify(include/hsapi/easy) by extension 'ros'
[0.839s] Level 1:colcon.colcon_core.package_identification:_identify(include/hsapi/easy) by extensions ['cmake', 'python']
[0.839s] Level 1:colcon.colcon_core.package_identification:_identify(include/hsapi/easy) by extension 'cmake'
[0.839s] Level 1:colcon.colcon_core.package_identification:_identify(include/hsapi/easy) by extension 'python'
[0.840s] Level 1:colcon.colcon_core.package_identification:_identify(include/hsapi/easy) by extensions ['python_setup_py']
[0.840s] Level 1:colcon.colcon_core.package_identification:_identify(include/hsapi/easy) by extension 'python_setup_py'
[0.840s] Level 1:colcon.colcon_core.package_identification:_identify(include/hsapi/easy/__pycache__) by extensions ['ignore', 'ignore_ament_install']
[0.841s] Level 1:colcon.colcon_core.package_identification:_identify(include/hsapi/easy/__pycache__) by extension 'ignore'
[0.841s] Level 1:colcon.colcon_core.package_identification:_identify(include/hsapi/easy/__pycache__) by extension 'ignore_ament_install'
[0.841s] Level 1:colcon.colcon_core.package_identification:_identify(include/hsapi/easy/__pycache__) by extensions ['colcon_pkg']
[0.841s] Level 1:colcon.colcon_core.package_identification:_identify(include/hsapi/easy/__pycache__) by extension 'colcon_pkg'
[0.841s] Level 1:colcon.colcon_core.package_identification:_identify(include/hsapi/easy/__pycache__) by extensions ['colcon_meta']
[0.841s] Level 1:colcon.colcon_core.package_identification:_identify(include/hsapi/easy/__pycache__) by extension 'colcon_meta'
[0.842s] Level 1:colcon.colcon_core.package_identification:_identify(include/hsapi/easy/__pycache__) by extensions ['ros']
[0.842s] Level 1:colcon.colcon_core.package_identification:_identify(include/hsapi/easy/__pycache__) by extension 'ros'
[0.842s] Level 1:colcon.colcon_core.package_identification:_identify(include/hsapi/easy/__pycache__) by extensions ['cmake', 'python']
[0.842s] Level 1:colcon.colcon_core.package_identification:_identify(include/hsapi/easy/__pycache__) by extension 'cmake'
[0.843s] Level 1:colcon.colcon_core.package_identification:_identify(include/hsapi/easy/__pycache__) by extension 'python'
[0.843s] Level 1:colcon.colcon_core.package_identification:_identify(include/hsapi/easy/__pycache__) by extensions ['python_setup_py']
[0.843s] Level 1:colcon.colcon_core.package_identification:_identify(include/hsapi/easy/__pycache__) by extension 'python_setup_py'
[0.843s] Level 1:colcon.colcon_core.package_identification:_identify(include/hsapi/high) by extensions ['ignore', 'ignore_ament_install']
[0.844s] Level 1:colcon.colcon_core.package_identification:_identify(include/hsapi/high) by extension 'ignore'
[0.844s] Level 1:colcon.colcon_core.package_identification:_identify(include/hsapi/high) by extension 'ignore_ament_install'
[0.844s] Level 1:colcon.colcon_core.package_identification:_identify(include/hsapi/high) by extensions ['colcon_pkg']
[0.844s] Level 1:colcon.colcon_core.package_identification:_identify(include/hsapi/high) by extension 'colcon_pkg'
[0.844s] Level 1:colcon.colcon_core.package_identification:_identify(include/hsapi/high) by extensions ['colcon_meta']
[0.845s] Level 1:colcon.colcon_core.package_identification:_identify(include/hsapi/high) by extension 'colcon_meta'
[0.845s] Level 1:colcon.colcon_core.package_identification:_identify(include/hsapi/high) by extensions ['ros']
[0.845s] Level 1:colcon.colcon_core.package_identification:_identify(include/hsapi/high) by extension 'ros'
[0.845s] Level 1:colcon.colcon_core.package_identification:_identify(include/hsapi/high) by extensions ['cmake', 'python']
[0.846s] Level 1:colcon.colcon_core.package_identification:_identify(include/hsapi/high) by extension 'cmake'
[0.846s] Level 1:colcon.colcon_core.package_identification:_identify(include/hsapi/high) by extension 'python'
[0.846s] Level 1:colcon.colcon_core.package_identification:_identify(include/hsapi/high) by extensions ['python_setup_py']
[0.846s] Level 1:colcon.colcon_core.package_identification:_identify(include/hsapi/high) by extension 'python_setup_py'
[0.846s] Level 1:colcon.colcon_core.package_identification:_identify(include/hsapi/high/__pycache__) by extensions ['ignore', 'ignore_ament_install']
[0.847s] Level 1:colcon.colcon_core.package_identification:_identify(include/hsapi/high/__pycache__) by extension 'ignore'
[0.847s] Level 1:colcon.colcon_core.package_identification:_identify(include/hsapi/high/__pycache__) by extension 'ignore_ament_install'
[0.847s] Level 1:colcon.colcon_core.package_identification:_identify(include/hsapi/high/__pycache__) by extensions ['colcon_pkg']
[0.847s] Level 1:colcon.colcon_core.package_identification:_identify(include/hsapi/high/__pycache__) by extension 'colcon_pkg'
[0.848s] Level 1:colcon.colcon_core.package_identification:_identify(include/hsapi/high/__pycache__) by extensions ['colcon_meta']
[0.848s] Level 1:colcon.colcon_core.package_identification:_identify(include/hsapi/high/__pycache__) by extension 'colcon_meta'
[0.848s] Level 1:colcon.colcon_core.package_identification:_identify(include/hsapi/high/__pycache__) by extensions ['ros']
[0.848s] Level 1:colcon.colcon_core.package_identification:_identify(include/hsapi/high/__pycache__) by extension 'ros'
[0.849s] Level 1:colcon.colcon_core.package_identification:_identify(include/hsapi/high/__pycache__) by extensions ['cmake', 'python']
[0.849s] Level 1:colcon.colcon_core.package_identification:_identify(include/hsapi/high/__pycache__) by extension 'cmake'
[0.849s] Level 1:colcon.colcon_core.package_identification:_identify(include/hsapi/high/__pycache__) by extension 'python'
[0.849s] Level 1:colcon.colcon_core.package_identification:_identify(include/hsapi/high/__pycache__) by extensions ['python_setup_py']
[0.849s] Level 1:colcon.colcon_core.package_identification:_identify(include/hsapi/high/__pycache__) by extension 'python_setup_py'
[0.850s] Level 1:colcon.colcon_core.package_identification:_identify(include/hsapi/upgrade) by extensions ['ignore', 'ignore_ament_install']
[0.850s] Level 1:colcon.colcon_core.package_identification:_identify(include/hsapi/upgrade) by extension 'ignore'
[0.850s] Level 1:colcon.colcon_core.package_identification:_identify(include/hsapi/upgrade) by extension 'ignore_ament_install'
[0.850s] Level 1:colcon.colcon_core.package_identification:_identify(include/hsapi/upgrade) by extensions ['colcon_pkg']
[0.850s] Level 1:colcon.colcon_core.package_identification:_identify(include/hsapi/upgrade) by extension 'colcon_pkg'
[0.851s] Level 1:colcon.colcon_core.package_identification:_identify(include/hsapi/upgrade) by extensions ['colcon_meta']
[0.851s] Level 1:colcon.colcon_core.package_identification:_identify(include/hsapi/upgrade) by extension 'colcon_meta'
[0.851s] Level 1:colcon.colcon_core.package_identification:_identify(include/hsapi/upgrade) by extensions ['ros']
[0.851s] Level 1:colcon.colcon_core.package_identification:_identify(include/hsapi/upgrade) by extension 'ros'
[0.852s] Level 1:colcon.colcon_core.package_identification:_identify(include/hsapi/upgrade) by extensions ['cmake', 'python']
[0.852s] Level 1:colcon.colcon_core.package_identification:_identify(include/hsapi/upgrade) by extension 'cmake'
[0.852s] Level 1:colcon.colcon_core.package_identification:_identify(include/hsapi/upgrade) by extension 'python'
[0.852s] Level 1:colcon.colcon_core.package_identification:_identify(include/hsapi/upgrade) by extensions ['python_setup_py']
[0.852s] Level 1:colcon.colcon_core.package_identification:_identify(include/hsapi/upgrade) by extension 'python_setup_py'
[0.853s] Level 1:colcon.colcon_core.package_identification:_identify(install) by extensions ['ignore', 'ignore_ament_install']
[0.853s] Level 1:colcon.colcon_core.package_identification:_identify(install) by extension 'ignore'
[0.853s] Level 1:colcon.colcon_core.package_identification:_identify(install) ignored
[0.854s] Level 1:colcon.colcon_core.package_identification:_identify(log) by extensions ['ignore', 'ignore_ament_install']
[0.854s] Level 1:colcon.colcon_core.package_identification:_identify(log) by extension 'ignore'
[0.854s] Level 1:colcon.colcon_core.package_identification:_identify(log) ignored
[0.857s] Level 1:colcon.colcon_core.package_identification:_identify(src) by extensions ['ignore', 'ignore_ament_install']
[0.857s] Level 1:colcon.colcon_core.package_identification:_identify(src) by extension 'ignore'
[0.858s] Level 1:colcon.colcon_core.package_identification:_identify(src) by extension 'ignore_ament_install'
[0.858s] Level 1:colcon.colcon_core.package_identification:_identify(src) by extensions ['colcon_pkg']
[0.858s] Level 1:colcon.colcon_core.package_identification:_identify(src) by extension 'colcon_pkg'
[0.859s] Level 1:colcon.colcon_core.package_identification:_identify(src) by extensions ['colcon_meta']
[0.859s] Level 1:colcon.colcon_core.package_identification:_identify(src) by extension 'colcon_meta'
[0.859s] Level 1:colcon.colcon_core.package_identification:_identify(src) by extensions ['ros']
[0.859s] Level 1:colcon.colcon_core.package_identification:_identify(src) by extension 'ros'
[0.860s] Level 1:colcon.colcon_core.package_identification:_identify(src) by extensions ['cmake', 'python']
[0.860s] Level 1:colcon.colcon_core.package_identification:_identify(src) by extension 'cmake'
[0.860s] Level 1:colcon.colcon_core.package_identification:_identify(src) by extension 'python'
[0.861s] Level 1:colcon.colcon_core.package_identification:_identify(src) by extensions ['python_setup_py']
[0.861s] Level 1:colcon.colcon_core.package_identification:_identify(src) by extension 'python_setup_py'
[0.862s] Level 1:colcon.colcon_core.package_identification:_identify(src/dev_test_tools) by extensions ['ignore', 'ignore_ament_install']
[0.862s] Level 1:colcon.colcon_core.package_identification:_identify(src/dev_test_tools) by extension 'ignore'
[0.862s] Level 1:colcon.colcon_core.package_identification:_identify(src/dev_test_tools) by extension 'ignore_ament_install'
[0.863s] Level 1:colcon.colcon_core.package_identification:_identify(src/dev_test_tools) by extensions ['colcon_pkg']
[0.863s] Level 1:colcon.colcon_core.package_identification:_identify(src/dev_test_tools) by extension 'colcon_pkg'
[0.863s] Level 1:colcon.colcon_core.package_identification:_identify(src/dev_test_tools) by extensions ['colcon_meta']
[0.863s] Level 1:colcon.colcon_core.package_identification:_identify(src/dev_test_tools) by extension 'colcon_meta'
[0.864s] Level 1:colcon.colcon_core.package_identification:_identify(src/dev_test_tools) by extensions ['ros']
[0.864s] Level 1:colcon.colcon_core.package_identification:_identify(src/dev_test_tools) by extension 'ros'
[0.878s] DEBUG:colcon.colcon_core.package_identification:Package 'src/dev_test_tools' with type 'ros.ament_python' and name 'dev_test_tools'
[0.879s] Level 1:colcon.colcon_core.package_identification:_identify(src/rplidar_ros2) by extensions ['ignore', 'ignore_ament_install']
[0.879s] Level 1:colcon.colcon_core.package_identification:_identify(src/rplidar_ros2) by extension 'ignore'
[0.880s] Level 1:colcon.colcon_core.package_identification:_identify(src/rplidar_ros2) by extension 'ignore_ament_install'
[0.880s] Level 1:colcon.colcon_core.package_identification:_identify(src/rplidar_ros2) by extensions ['colcon_pkg']
[0.880s] Level 1:colcon.colcon_core.package_identification:_identify(src/rplidar_ros2) by extension 'colcon_pkg'
[0.880s] Level 1:colcon.colcon_core.package_identification:_identify(src/rplidar_ros2) by extensions ['colcon_meta']
[0.880s] Level 1:colcon.colcon_core.package_identification:_identify(src/rplidar_ros2) by extension 'colcon_meta'
[0.881s] Level 1:colcon.colcon_core.package_identification:_identify(src/rplidar_ros2) by extensions ['ros']
[0.881s] Level 1:colcon.colcon_core.package_identification:_identify(src/rplidar_ros2) by extension 'ros'
[0.883s] DEBUG:colcon.colcon_core.package_identification:Package 'src/rplidar_ros2' with type 'ros.ament_cmake' and name 'rplidar_ros'
[0.883s] Level 1:colcon.colcon_core.package_discovery:discover_packages(recursive) using defaults
[0.884s] Level 1:colcon.colcon_core.package_discovery:discover_packages(ignore) discover
[0.884s] Level 1:colcon.colcon_core.package_discovery:discover_packages(ignore) using defaults
[0.884s] Level 1:colcon.colcon_core.package_discovery:discover_packages(path) discover
[0.884s] Level 1:colcon.colcon_core.package_discovery:discover_packages(path) using defaults
[0.976s] Level 5:colcon.colcon_core.verb:set package 'dev_test_tools' build argument 'cmake_args' from command line to 'None'
[0.976s] Level 5:colcon.colcon_core.verb:set package 'dev_test_tools' build argument 'cmake_target' from command line to 'None'
[0.976s] Level 5:colcon.colcon_core.verb:set package 'dev_test_tools' build argument 'cmake_target_skip_unavailable' from command line to 'False'
[0.976s] Level 5:colcon.colcon_core.verb:set package 'dev_test_tools' build argument 'cmake_clean_cache' from command line to 'False'
[0.976s] Level 5:colcon.colcon_core.verb:set package 'dev_test_tools' build argument 'cmake_clean_first' from command line to 'False'
[0.976s] Level 5:colcon.colcon_core.verb:set package 'dev_test_tools' build argument 'cmake_force_configure' from command line to 'False'
[0.976s] Level 5:colcon.colcon_core.verb:set package 'dev_test_tools' build argument 'ament_cmake_args' from command line to 'None'
[0.977s] Level 5:colcon.colcon_core.verb:set package 'dev_test_tools' build argument 'catkin_cmake_args' from command line to 'None'
[0.977s] Level 5:colcon.colcon_core.verb:set package 'dev_test_tools' build argument 'catkin_skip_building_tests' from command line to 'False'
[0.977s] DEBUG:colcon.colcon_core.verb:Building package 'dev_test_tools' with the following arguments: {'ament_cmake_args': None, 'build_base': '/home/ubuntu/mako_ws/mako_robot/build/dev_test_tools', 'catkin_cmake_args': None, 'catkin_skip_building_tests': False, 'cmake_args': None, 'cmake_clean_cache': False, 'cmake_clean_first': False, 'cmake_force_configure': False, 'cmake_target': None, 'cmake_target_skip_unavailable': False, 'install_base': '/home/ubuntu/mako_ws/mako_robot/install/dev_test_tools', 'merge_install': False, 'path': '/home/ubuntu/mako_ws/mako_robot/src/dev_test_tools', 'symlink_install': True, 'test_result_base': None}
[0.987s] Level 5:colcon.colcon_core.verb:set package 'rplidar_ros' build argument 'cmake_args' from command line to 'None'
[0.987s] Level 5:colcon.colcon_core.verb:set package 'rplidar_ros' build argument 'cmake_target' from command line to 'None'
[0.988s] Level 5:colcon.colcon_core.verb:set package 'rplidar_ros' build argument 'cmake_target_skip_unavailable' from command line to 'False'
[0.988s] Level 5:colcon.colcon_core.verb:set package 'rplidar_ros' build argument 'cmake_clean_cache' from command line to 'False'
[0.988s] Level 5:colcon.colcon_core.verb:set package 'rplidar_ros' build argument 'cmake_clean_first' from command line to 'False'
[0.988s] Level 5:colcon.colcon_core.verb:set package 'rplidar_ros' build argument 'cmake_force_configure' from command line to 'False'
[0.988s] Level 5:colcon.colcon_core.verb:set package 'rplidar_ros' build argument 'ament_cmake_args' from command line to 'None'
[0.988s] Level 5:colcon.colcon_core.verb:set package 'rplidar_ros' build argument 'catkin_cmake_args' from command line to 'None'
[0.988s] Level 5:colcon.colcon_core.verb:set package 'rplidar_ros' build argument 'catkin_skip_building_tests' from command line to 'False'
[0.988s] DEBUG:colcon.colcon_core.verb:Building package 'rplidar_ros' with the following arguments: {'ament_cmake_args': None, 'build_base': '/home/ubuntu/mako_ws/mako_robot/build/rplidar_ros', 'catkin_cmake_args': None, 'catkin_skip_building_tests': False, 'cmake_args': None, 'cmake_clean_cache': False, 'cmake_clean_first': False, 'cmake_force_configure': False, 'cmake_target': None, 'cmake_target_skip_unavailable': False, 'install_base': '/home/ubuntu/mako_ws/mako_robot/install/rplidar_ros', 'merge_install': False, 'path': '/home/ubuntu/mako_ws/mako_robot/src/rplidar_ros2', 'symlink_install': True, 'test_result_base': None}
[0.990s] INFO:colcon.colcon_core.executor:Executing jobs using 'parallel' executor
[0.997s] DEBUG:colcon.colcon_parallel_executor.executor.parallel:run_until_complete
[0.999s] INFO:colcon.colcon_ros.task.ament_python.build:Building ROS package in '/home/ubuntu/mako_ws/mako_robot/src/dev_test_tools' with build type 'ament_python'
[0.999s] Level 1:colcon.colcon_core.shell:create_environment_hook('dev_test_tools', 'ament_prefix_path')
[1.020s] INFO:colcon.colcon_core.plugin_system:Skipping extension 'colcon_core.shell.bat': Not used on non-Windows systems
[1.021s] INFO:colcon.colcon_core.shell:Creating environment hook '/home/ubuntu/mako_ws/mako_robot/install/dev_test_tools/share/dev_test_tools/hook/ament_prefix_path.ps1'
[1.023s] INFO:colcon.colcon_core.shell:Creating environment descriptor '/home/ubuntu/mako_ws/mako_robot/install/dev_test_tools/share/dev_test_tools/hook/ament_prefix_path.dsv'
[1.026s] INFO:colcon.colcon_core.shell:Creating environment hook '/home/ubuntu/mako_ws/mako_robot/install/dev_test_tools/share/dev_test_tools/hook/ament_prefix_path.sh'
[1.036s] INFO:colcon.colcon_core.shell:Skip shell extension 'powershell' for command environment: Not usable outside of PowerShell
[1.036s] DEBUG:colcon.colcon_core.shell:Skip shell extension 'dsv' for command environment
[1.050s] DEBUG:colcon.colcon_core.shell:Ignoring prefix path '/opt/ros/foxy'
[1.063s] INFO:colcon.colcon_ros.task.ament_cmake.build:Building ROS package in '/home/ubuntu/mako_ws/mako_robot/src/rplidar_ros2' with build type 'ament_cmake'
[1.064s] INFO:colcon.colcon_cmake.task.cmake.build:Building CMake package in '/home/ubuntu/mako_ws/mako_robot/src/rplidar_ros2'
[1.068s] INFO:colcon.colcon_core.shell:Skip shell extension 'powershell' for command environment: Not usable outside of PowerShell
[1.069s] DEBUG:colcon.colcon_core.shell:Skip shell extension 'dsv' for command environment
[1.081s] DEBUG:colcon.colcon_core.shell:Ignoring prefix path '/opt/ros/foxy'
[2.322s] INFO:colcon.colcon_core.task.python.build:Building Python package in '/home/ubuntu/mako_ws/mako_robot/src/dev_test_tools'
[2.325s] INFO:colcon.colcon_core.shell:Skip shell extension 'powershell' for command environment: Not usable outside of PowerShell
[2.325s] DEBUG:colcon.colcon_core.shell:Skip shell extension 'dsv' for command environment
[2.338s] DEBUG:colcon.colcon_core.shell:Ignoring prefix path '/opt/ros/foxy'
[2.371s] DEBUG:colcon.colcon_core.event_handler.log_command:Invoking command in '/home/ubuntu/mako_ws/mako_robot/build/rplidar_ros': CMAKE_PREFIX_PATH=${CMAKE_PREFIX_PATH}:/home/ubuntu/mako_ws/mako_robot/install/dev_test_tools:/opt/ros/foxy /usr/bin/cmake --build /home/ubuntu/mako_ws/mako_robot/build/rplidar_ros -- -j4 -l4
[2.413s] DEBUG:colcon.colcon_core.event_handler.log_command:Invoking command in '/home/ubuntu/mako_ws/mako_robot/build/dev_test_tools': PYTHONPATH=/home/ubuntu/mako_ws/mako_robot/install/dev_test_tools/lib/python3.8/site-packages:${PYTHONPATH} /usr/bin/python3 setup.py develop --prefix /home/ubuntu/mako_ws/mako_robot/install/dev_test_tools --editable --build-directory /home/ubuntu/mako_ws/mako_robot/build/dev_test_tools/build --no-deps install_data --install-dir /home/ubuntu/mako_ws/mako_robot/install/dev_test_tools
[3.068s] DEBUG:colcon.colcon_core.event_handler.log_command:Invoked command in '/home/ubuntu/mako_ws/mako_robot/build/rplidar_ros' returned '0': CMAKE_PREFIX_PATH=${CMAKE_PREFIX_PATH}:/home/ubuntu/mako_ws/mako_robot/install/dev_test_tools:/opt/ros/foxy /usr/bin/cmake --build /home/ubuntu/mako_ws/mako_robot/build/rplidar_ros -- -j4 -l4
[3.412s] DEBUG:colcon.colcon_core.event_handler.log_command:Invoking command in '/home/ubuntu/mako_ws/mako_robot/build/rplidar_ros': CMAKE_PREFIX_PATH=${CMAKE_PREFIX_PATH}:/home/ubuntu/mako_ws/mako_robot/install/dev_test_tools:/opt/ros/foxy /usr/bin/cmake --install /home/ubuntu/mako_ws/mako_robot/build/rplidar_ros
[3.582s] Level 1:colcon.colcon_core.environment:create_environment_scripts_only(rplidar_ros)
[3.593s] DEBUG:colcon.colcon_core.event_handler.log_command:Invoked command in '/home/ubuntu/mako_ws/mako_robot/build/rplidar_ros' returned '0': CMAKE_PREFIX_PATH=${CMAKE_PREFIX_PATH}:/home/ubuntu/mako_ws/mako_robot/install/dev_test_tools:/opt/ros/foxy /usr/bin/cmake --install /home/ubuntu/mako_ws/mako_robot/build/rplidar_ros
[3.600s] Level 1:colcon.colcon_core.environment:checking '/home/ubuntu/mako_ws/mako_robot/install/rplidar_ros' for CMake module files
[3.604s] Level 1:colcon.colcon_core.environment:checking '/home/ubuntu/mako_ws/mako_robot/install/rplidar_ros' for CMake config files
[3.609s] Level 1:colcon.colcon_core.shell:create_environment_hook('rplidar_ros', 'cmake_prefix_path')
[3.612s] INFO:colcon.colcon_core.shell:Creating environment hook '/home/ubuntu/mako_ws/mako_robot/install/rplidar_ros/share/rplidar_ros/hook/cmake_prefix_path.ps1'
[3.615s] INFO:colcon.colcon_core.shell:Creating environment descriptor '/home/ubuntu/mako_ws/mako_robot/install/rplidar_ros/share/rplidar_ros/hook/cmake_prefix_path.dsv'
[3.617s] INFO:colcon.colcon_core.shell:Creating environment hook '/home/ubuntu/mako_ws/mako_robot/install/rplidar_ros/share/rplidar_ros/hook/cmake_prefix_path.sh'
[3.622s] Level 1:colcon.colcon_core.environment:checking '/home/ubuntu/mako_ws/mako_robot/install/rplidar_ros/lib'
[3.623s] Level 1:colcon.colcon_core.shell:create_environment_hook('rplidar_ros', 'ld_library_path_lib')
[3.626s] INFO:colcon.colcon_core.shell:Creating environment hook '/home/ubuntu/mako_ws/mako_robot/install/rplidar_ros/share/rplidar_ros/hook/ld_library_path_lib.ps1'
[3.628s] INFO:colcon.colcon_core.shell:Creating environment descriptor '/home/ubuntu/mako_ws/mako_robot/install/rplidar_ros/share/rplidar_ros/hook/ld_library_path_lib.dsv'
[3.631s] INFO:colcon.colcon_core.shell:Creating environment hook '/home/ubuntu/mako_ws/mako_robot/install/rplidar_ros/share/rplidar_ros/hook/ld_library_path_lib.sh'
[3.633s] Level 1:colcon.colcon_core.environment:checking '/home/ubuntu/mako_ws/mako_robot/install/rplidar_ros/bin'
[3.634s] Level 1:colcon.colcon_core.environment:checking '/home/ubuntu/mako_ws/mako_robot/install/rplidar_ros/lib/pkgconfig/rplidar_ros.pc'
[3.634s] Level 1:colcon.colcon_core.environment:checking '/home/ubuntu/mako_ws/mako_robot/install/rplidar_ros/lib/python3.8/site-packages'
[3.638s] INFO:colcon.colcon_core.shell:Creating package script '/home/ubuntu/mako_ws/mako_robot/install/rplidar_ros/share/rplidar_ros/package.ps1'
[3.641s] INFO:colcon.colcon_core.shell:Creating package descriptor '/home/ubuntu/mako_ws/mako_robot/install/rplidar_ros/share/rplidar_ros/package.dsv'
[3.645s] INFO:colcon.colcon_core.shell:Creating package script '/home/ubuntu/mako_ws/mako_robot/install/rplidar_ros/share/rplidar_ros/package.sh'
[3.649s] INFO:colcon.colcon_core.shell:Creating package script '/home/ubuntu/mako_ws/mako_robot/install/rplidar_ros/share/rplidar_ros/package.bash'
[3.660s] INFO:colcon.colcon_core.shell:Creating package script '/home/ubuntu/mako_ws/mako_robot/install/rplidar_ros/share/rplidar_ros/package.zsh'
[3.668s] Level 1:colcon.colcon_core.environment:create_file_with_runtime_dependencies(/home/ubuntu/mako_ws/mako_robot/install/rplidar_ros/share/colcon-core/packages/rplidar_ros)
[3.959s] Level 1:colcon.colcon_core.environment:create_environment_scripts_only(rplidar_ros)
[3.970s] Level 1:colcon.colcon_core.environment:checking '/home/ubuntu/mako_ws/mako_robot/install/rplidar_ros' for CMake module files
[3.974s] Level 1:colcon.colcon_core.environment:checking '/home/ubuntu/mako_ws/mako_robot/install/rplidar_ros' for CMake config files
[3.977s] Level 1:colcon.colcon_core.shell:create_environment_hook('rplidar_ros', 'cmake_prefix_path')
[3.980s] INFO:colcon.colcon_core.shell:Creating environment hook '/home/ubuntu/mako_ws/mako_robot/install/rplidar_ros/share/rplidar_ros/hook/cmake_prefix_path.ps1'
[3.982s] INFO:colcon.colcon_core.shell:Creating environment descriptor '/home/ubuntu/mako_ws/mako_robot/install/rplidar_ros/share/rplidar_ros/hook/cmake_prefix_path.dsv'
[3.984s] INFO:colcon.colcon_core.shell:Creating environment hook '/home/ubuntu/mako_ws/mako_robot/install/rplidar_ros/share/rplidar_ros/hook/cmake_prefix_path.sh'
[3.987s] Level 1:colcon.colcon_core.environment:checking '/home/ubuntu/mako_ws/mako_robot/install/rplidar_ros/lib'
[3.987s] Level 1:colcon.colcon_core.shell:create_environment_hook('rplidar_ros', 'ld_library_path_lib')
[3.990s] INFO:colcon.colcon_core.shell:Creating environment hook '/home/ubuntu/mako_ws/mako_robot/install/rplidar_ros/share/rplidar_ros/hook/ld_library_path_lib.ps1'
[3.992s] INFO:colcon.colcon_core.shell:Creating environment descriptor '/home/ubuntu/mako_ws/mako_robot/install/rplidar_ros/share/rplidar_ros/hook/ld_library_path_lib.dsv'
[3.994s] INFO:colcon.colcon_core.shell:Creating environment hook '/home/ubuntu/mako_ws/mako_robot/install/rplidar_ros/share/rplidar_ros/hook/ld_library_path_lib.sh'
[3.996s] Level 1:colcon.colcon_core.environment:checking '/home/ubuntu/mako_ws/mako_robot/install/rplidar_ros/bin'
[3.996s] Level 1:colcon.colcon_core.environment:checking '/home/ubuntu/mako_ws/mako_robot/install/rplidar_ros/lib/pkgconfig/rplidar_ros.pc'
[3.996s] Level 1:colcon.colcon_core.environment:checking '/home/ubuntu/mako_ws/mako_robot/install/rplidar_ros/lib/python3.8/site-packages'
[3.999s] INFO:colcon.colcon_core.shell:Creating package script '/home/ubuntu/mako_ws/mako_robot/install/rplidar_ros/share/rplidar_ros/package.ps1'
[4.002s] INFO:colcon.colcon_core.shell:Creating package descriptor '/home/ubuntu/mako_ws/mako_robot/install/rplidar_ros/share/rplidar_ros/package.dsv'
[4.005s] INFO:colcon.colcon_core.shell:Creating package script '/home/ubuntu/mako_ws/mako_robot/install/rplidar_ros/share/rplidar_ros/package.sh'
[4.009s] INFO:colcon.colcon_core.shell:Creating package script '/home/ubuntu/mako_ws/mako_robot/install/rplidar_ros/share/rplidar_ros/package.bash'
[4.012s] INFO:colcon.colcon_core.shell:Creating package script '/home/ubuntu/mako_ws/mako_robot/install/rplidar_ros/share/rplidar_ros/package.zsh'
[4.015s] Level 1:colcon.colcon_core.environment:create_file_with_runtime_dependencies(/home/ubuntu/mako_ws/mako_robot/install/rplidar_ros/share/colcon-core/packages/rplidar_ros)
[5.210s] Level 1:colcon.colcon_core.shell:create_environment_hook('dev_test_tools', 'pythonpath_develop')
[5.214s] INFO:colcon.colcon_core.shell:Creating environment hook '/home/ubuntu/mako_ws/mako_robot/build/dev_test_tools/share/dev_test_tools/hook/pythonpath_develop.ps1'
[5.216s] DEBUG:colcon.colcon_core.event_handler.log_command:Invoked command in '/home/ubuntu/mako_ws/mako_robot/build/dev_test_tools' returned '0': PYTHONPATH=/home/ubuntu/mako_ws/mako_robot/install/dev_test_tools/lib/python3.8/site-packages:${PYTHONPATH} /usr/bin/python3 setup.py develop --prefix /home/ubuntu/mako_ws/mako_robot/install/dev_test_tools --editable --build-directory /home/ubuntu/mako_ws/mako_robot/build/dev_test_tools/build --no-deps install_data --install-dir /home/ubuntu/mako_ws/mako_robot/install/dev_test_tools
[5.219s] INFO:colcon.colcon_core.shell:Creating environment descriptor '/home/ubuntu/mako_ws/mako_robot/build/dev_test_tools/share/dev_test_tools/hook/pythonpath_develop.dsv'
[5.222s] INFO:colcon.colcon_core.shell:Creating environment hook '/home/ubuntu/mako_ws/mako_robot/build/dev_test_tools/share/dev_test_tools/hook/pythonpath_develop.sh'
[5.228s] Level 1:colcon.colcon_core.environment:checking '/home/ubuntu/mako_ws/mako_robot/install/dev_test_tools' for CMake module files
[5.231s] Level 1:colcon.colcon_core.environment:checking '/home/ubuntu/mako_ws/mako_robot/install/dev_test_tools' for CMake config files
[5.234s] Level 1:colcon.colcon_core.environment:checking '/home/ubuntu/mako_ws/mako_robot/install/dev_test_tools/lib'
[5.235s] Level 1:colcon.colcon_core.environment:checking '/home/ubuntu/mako_ws/mako_robot/install/dev_test_tools/bin'
[5.235s] Level 1:colcon.colcon_core.environment:checking '/home/ubuntu/mako_ws/mako_robot/install/dev_test_tools/lib/pkgconfig/dev_test_tools.pc'
[5.235s] Level 1:colcon.colcon_core.environment:checking '/home/ubuntu/mako_ws/mako_robot/install/dev_test_tools/lib/python3.8/site-packages'
[5.235s] Level 1:colcon.colcon_core.shell:create_environment_hook('dev_test_tools', 'pythonpath')
[5.238s] INFO:colcon.colcon_core.shell:Creating environment hook '/home/ubuntu/mako_ws/mako_robot/install/dev_test_tools/share/dev_test_tools/hook/pythonpath.ps1'
[5.240s] INFO:colcon.colcon_core.shell:Creating environment descriptor '/home/ubuntu/mako_ws/mako_robot/install/dev_test_tools/share/dev_test_tools/hook/pythonpath.dsv'
[5.241s] INFO:colcon.colcon_core.shell:Creating environment hook '/home/ubuntu/mako_ws/mako_robot/install/dev_test_tools/share/dev_test_tools/hook/pythonpath.sh'
[5.243s] Level 1:colcon.colcon_core.environment:create_environment_scripts_only(dev_test_tools)
[5.246s] INFO:colcon.colcon_core.shell:Creating package script '/home/ubuntu/mako_ws/mako_robot/install/dev_test_tools/share/dev_test_tools/package.ps1'
[5.248s] INFO:colcon.colcon_core.shell:Creating package descriptor '/home/ubuntu/mako_ws/mako_robot/install/dev_test_tools/share/dev_test_tools/package.dsv'
[5.251s] INFO:colcon.colcon_core.shell:Creating package script '/home/ubuntu/mako_ws/mako_robot/install/dev_test_tools/share/dev_test_tools/package.sh'
[5.253s] INFO:colcon.colcon_core.shell:Creating package script '/home/ubuntu/mako_ws/mako_robot/install/dev_test_tools/share/dev_test_tools/package.bash'
[5.256s] INFO:colcon.colcon_core.shell:Creating package script '/home/ubuntu/mako_ws/mako_robot/install/dev_test_tools/share/dev_test_tools/package.zsh'
[5.259s] Level 1:colcon.colcon_core.environment:create_file_with_runtime_dependencies(/home/ubuntu/mako_ws/mako_robot/install/dev_test_tools/share/colcon-core/packages/dev_test_tools)
[5.261s] DEBUG:colcon.colcon_parallel_executor.executor.parallel:closing loop
[5.262s] DEBUG:colcon.colcon_parallel_executor.executor.parallel:loop closed
[5.263s] DEBUG:colcon.colcon_parallel_executor.executor.parallel:run_until_complete finished with '0'
[5.265s] DEBUG:colcon.colcon_core.event_reactor:joining thread
[5.295s] INFO:colcon.colcon_core.plugin_system:Skipping extension 'colcon_notification.desktop_notification.terminal_notifier': Not used on non-Darwin systems
[5.296s] INFO:colcon.colcon_core.plugin_system:Skipping extension 'colcon_notification.desktop_notification.win32': Not used on non-Windows systems
[5.297s] INFO:colcon.colcon_notification.desktop_notification:Sending desktop notification using 'notify2'
[5.418s] DEBUG:colcon.colcon_core.event_reactor:joined thread
[5.421s] INFO:colcon.colcon_core.shell:Creating prefix script '/home/ubuntu/mako_ws/mako_robot/install/local_setup.ps1'
[5.426s] INFO:colcon.colcon_core.shell:Creating prefix util module '/home/ubuntu/mako_ws/mako_robot/install/_local_setup_util_ps1.py'
[5.432s] INFO:colcon.colcon_core.shell:Creating prefix chain script '/home/ubuntu/mako_ws/mako_robot/install/setup.ps1'
[5.451s] INFO:colcon.colcon_core.shell:Creating prefix script '/home/ubuntu/mako_ws/mako_robot/install/local_setup.sh'
[5.467s] INFO:colcon.colcon_core.shell:Creating prefix util module '/home/ubuntu/mako_ws/mako_robot/install/_local_setup_util_sh.py'
[5.470s] INFO:colcon.colcon_core.shell:Creating prefix chain script '/home/ubuntu/mako_ws/mako_robot/install/setup.sh'
[5.483s] INFO:colcon.colcon_core.shell:Creating prefix script '/home/ubuntu/mako_ws/mako_robot/install/local_setup.bash'
[5.485s] INFO:colcon.colcon_core.shell:Creating prefix chain script '/home/ubuntu/mako_ws/mako_robot/install/setup.bash'
[5.500s] INFO:colcon.colcon_core.shell:Creating prefix script '/home/ubuntu/mako_ws/mako_robot/install/local_setup.zsh'
[5.503s] INFO:colcon.colcon_core.shell:Creating prefix chain script '/home/ubuntu/mako_ws/mako_robot/install/setup.zsh'
