/home/karim/mako_robot/mako_ws/install/mako_py_brain/lib/python3.8/site-packages/mako_py_brain/tts.py
/home/karim/mako_robot/mako_ws/install/mako_py_brain/lib/python3.8/site-packages/mako_py_brain/control_panel.py
/home/karim/mako_robot/mako_ws/install/mako_py_brain/lib/python3.8/site-packages/mako_py_brain/__init__.py
/home/karim/mako_robot/mako_ws/install/mako_py_brain/lib/python3.8/site-packages/mako_py_brain/brain.py
/home/karim/mako_robot/mako_ws/install/mako_py_brain/lib/python3.8/site-packages/mako_py_brain/__pycache__/tts.cpython-38.pyc
/home/karim/mako_robot/mako_ws/install/mako_py_brain/lib/python3.8/site-packages/mako_py_brain/__pycache__/control_panel.cpython-38.pyc
/home/karim/mako_robot/mako_ws/install/mako_py_brain/lib/python3.8/site-packages/mako_py_brain/__pycache__/__init__.cpython-38.pyc
/home/karim/mako_robot/mako_ws/install/mako_py_brain/lib/python3.8/site-packages/mako_py_brain/__pycache__/brain.cpython-38.pyc
/home/karim/mako_robot/mako_ws/install/mako_py_brain/share/ament_index/resource_index/packages/mako_py_brain
/home/karim/mako_robot/mako_ws/install/mako_py_brain/share/mako_py_brain/package.xml
/home/karim/mako_robot/mako_ws/install/mako_py_brain/lib/python3.8/site-packages/mako_py_brain-0.0.0-py3.8.egg-info/dependency_links.txt
/home/karim/mako_robot/mako_ws/install/mako_py_brain/lib/python3.8/site-packages/mako_py_brain-0.0.0-py3.8.egg-info/zip-safe
/home/karim/mako_robot/mako_ws/install/mako_py_brain/lib/python3.8/site-packages/mako_py_brain-0.0.0-py3.8.egg-info/requires.txt
/home/karim/mako_robot/mako_ws/install/mako_py_brain/lib/python3.8/site-packages/mako_py_brain-0.0.0-py3.8.egg-info/PKG-INFO
/home/karim/mako_robot/mako_ws/install/mako_py_brain/lib/python3.8/site-packages/mako_py_brain-0.0.0-py3.8.egg-info/entry_points.txt
/home/karim/mako_robot/mako_ws/install/mako_py_brain/lib/python3.8/site-packages/mako_py_brain-0.0.0-py3.8.egg-info/SOURCES.txt
/home/karim/mako_robot/mako_ws/install/mako_py_brain/lib/python3.8/site-packages/mako_py_brain-0.0.0-py3.8.egg-info/top_level.txt
/home/karim/mako_robot/mako_ws/install/mako_py_brain/lib/mako_py_brain/BrainNode
/home/karim/mako_robot/mako_ws/install/mako_py_brain/lib/mako_py_brain/TTSNode
/home/karim/mako_robot/mako_ws/install/mako_py_brain/lib/mako_py_brain/ctrl_panel_node
