[0.401s] Invoking command in '/home/karim/mako_robot/mako_ws/build/mako_nolang_launch': CMAKE_PREFIX_PATH=${CMAKE_PREFIX_PATH}:/home/karim/project_ws/install/ros_project_pkg_py_robot_driver:/home/karim/project_ws/install/dev_test_tools:/home/karim/ros2_ws/install/my_py_pkg:/home/karim/mako_robot/mako_ws/install/mako_py_serial_interface:/home/karim/mako_robot/mako_ws/install/mako_py_feedback_actuators:/home/karim/mako_robot/mako_ws/install/mako_py_brain:/home/karim/mako_robot/mako_ws/install/dev_test_tools:/opt/ros/foxy /usr/bin/cmake --build /home/karim/mako_robot/mako_ws/build/mako_nolang_launch -- -j6 -l6
[1.012s] Invoked command in '/home/karim/mako_robot/mako_ws/build/mako_nolang_launch' returned '0': CMAKE_PREFIX_PATH=${CMAKE_PREFIX_PATH}:/home/karim/project_ws/install/ros_project_pkg_py_robot_driver:/home/karim/project_ws/install/dev_test_tools:/home/karim/ros2_ws/install/my_py_pkg:/home/karim/mako_robot/mako_ws/install/mako_py_serial_interface:/home/karim/mako_robot/mako_ws/install/mako_py_feedback_actuators:/home/karim/mako_robot/mako_ws/install/mako_py_brain:/home/karim/mako_robot/mako_ws/install/dev_test_tools:/opt/ros/foxy /usr/bin/cmake --build /home/karim/mako_robot/mako_ws/build/mako_nolang_launch -- -j6 -l6
[1.410s] Invoking command in '/home/karim/mako_robot/mako_ws/build/mako_nolang_launch': CMAKE_PREFIX_PATH=${CMAKE_PREFIX_PATH}:/home/karim/project_ws/install/ros_project_pkg_py_robot_driver:/home/karim/project_ws/install/dev_test_tools:/home/karim/ros2_ws/install/my_py_pkg:/home/karim/mako_robot/mako_ws/install/mako_py_serial_interface:/home/karim/mako_robot/mako_ws/install/mako_py_feedback_actuators:/home/karim/mako_robot/mako_ws/install/mako_py_brain:/home/karim/mako_robot/mako_ws/install/dev_test_tools:/opt/ros/foxy /usr/bin/cmake --install /home/karim/mako_robot/mako_ws/build/mako_nolang_launch
[1.432s] -- Install configuration: ""
[1.432s] -- Up-to-date: /home/karim/mako_robot/mako_ws/install/mako_nolang_launch/share/mako_nolang_launch/launch
[1.432s] -- Up-to-date: /home/karim/mako_robot/mako_ws/install/mako_nolang_launch/share/mako_nolang_launch/launch/mako_launch.launch.py
[1.432s] -- Up-to-date: /home/karim/mako_robot/mako_ws/install/mako_nolang_launch/share/ament_index/resource_index/package_run_dependencies/mako_nolang_launch
[1.434s] -- Up-to-date: /home/karim/mako_robot/mako_ws/install/mako_nolang_launch/share/ament_index/resource_index/parent_prefix_path/mako_nolang_launch
[1.435s] -- Up-to-date: /home/karim/mako_robot/mako_ws/install/mako_nolang_launch/share/mako_nolang_launch/environment/ament_prefix_path.sh
[1.439s] -- Up-to-date: /home/karim/mako_robot/mako_ws/install/mako_nolang_launch/share/mako_nolang_launch/environment/ament_prefix_path.dsv
[1.445s] -- Up-to-date: /home/karim/mako_robot/mako_ws/install/mako_nolang_launch/share/mako_nolang_launch/environment/path.sh
[1.446s] -- Up-to-date: /home/karim/mako_robot/mako_ws/install/mako_nolang_launch/share/mako_nolang_launch/environment/path.dsv
[1.446s] -- Up-to-date: /home/karim/mako_robot/mako_ws/install/mako_nolang_launch/share/mako_nolang_launch/local_setup.bash
[1.447s] -- Up-to-date: /home/karim/mako_robot/mako_ws/install/mako_nolang_launch/share/mako_nolang_launch/local_setup.sh
[1.447s] -- Up-to-date: /home/karim/mako_robot/mako_ws/install/mako_nolang_launch/share/mako_nolang_launch/local_setup.zsh
[1.448s] -- Up-to-date: /home/karim/mako_robot/mako_ws/install/mako_nolang_launch/share/mako_nolang_launch/local_setup.dsv
[1.448s] -- Installing: /home/karim/mako_robot/mako_ws/install/mako_nolang_launch/share/mako_nolang_launch/package.dsv
[1.449s] -- Up-to-date: /home/karim/mako_robot/mako_ws/install/mako_nolang_launch/share/ament_index/resource_index/packages/mako_nolang_launch
[1.451s] -- Up-to-date: /home/karim/mako_robot/mako_ws/install/mako_nolang_launch/share/mako_nolang_launch/cmake/mako_nolang_launchConfig.cmake
[1.451s] -- Up-to-date: /home/karim/mako_robot/mako_ws/install/mako_nolang_launch/share/mako_nolang_launch/cmake/mako_nolang_launchConfig-version.cmake
[1.452s] -- Up-to-date: /home/karim/mako_robot/mako_ws/install/mako_nolang_launch/share/mako_nolang_launch/package.xml
[1.466s] Invoked command in '/home/karim/mako_robot/mako_ws/build/mako_nolang_launch' returned '0': CMAKE_PREFIX_PATH=${CMAKE_PREFIX_PATH}:/home/karim/project_ws/install/ros_project_pkg_py_robot_driver:/home/karim/project_ws/install/dev_test_tools:/home/karim/ros2_ws/install/my_py_pkg:/home/karim/mako_robot/mako_ws/install/mako_py_serial_interface:/home/karim/mako_robot/mako_ws/install/mako_py_feedback_actuators:/home/karim/mako_robot/mako_ws/install/mako_py_brain:/home/karim/mako_robot/mako_ws/install/dev_test_tools:/opt/ros/foxy /usr/bin/cmake --install /home/karim/mako_robot/mako_ws/build/mako_nolang_launch
