running egg_info
creating ../../build/mako_py_brain/mako_py_brain.egg-info
writing ../../build/mako_py_brain/mako_py_brain.egg-info/PKG-INFO
writing dependency_links to ../../build/mako_py_brain/mako_py_brain.egg-info/dependency_links.txt
writing entry points to ../../build/mako_py_brain/mako_py_brain.egg-info/entry_points.txt
writing requirements to ../../build/mako_py_brain/mako_py_brain.egg-info/requires.txt
writing top-level names to ../../build/mako_py_brain/mako_py_brain.egg-info/top_level.txt
writing manifest file '../../build/mako_py_brain/mako_py_brain.egg-info/SOURCES.txt'
reading manifest file '../../build/mako_py_brain/mako_py_brain.egg-info/SOURCES.txt'
writing manifest file '../../build/mako_py_brain/mako_py_brain.egg-info/SOURCES.txt'
running build
running build_py
creating /home/abdelrahman/Documents/GitHub/mako_robot/mako_ws/build/mako_py_brain/build
creating /home/abdelrahman/Documents/GitHub/mako_robot/mako_ws/build/mako_py_brain/build/lib
creating /home/abdelrahman/Documents/GitHub/mako_robot/mako_ws/build/mako_py_brain/build/lib/mako_py_brain
copying mako_py_brain/control_panel.py -> /home/abdelrahman/Documents/GitHub/mako_robot/mako_ws/build/mako_py_brain/build/lib/mako_py_brain
copying mako_py_brain/brain.py -> /home/abdelrahman/Documents/GitHub/mako_robot/mako_ws/build/mako_py_brain/build/lib/mako_py_brain
copying mako_py_brain/__init__.py -> /home/abdelrahman/Documents/GitHub/mako_robot/mako_ws/build/mako_py_brain/build/lib/mako_py_brain
running install
running install_lib
creating /home/abdelrahman/Documents/GitHub/mako_robot/mako_ws/install/mako_py_brain/lib/python3.8/site-packages/mako_py_brain
copying /home/abdelrahman/Documents/GitHub/mako_robot/mako_ws/build/mako_py_brain/build/lib/mako_py_brain/control_panel.py -> /home/abdelrahman/Documents/GitHub/mako_robot/mako_ws/install/mako_py_brain/lib/python3.8/site-packages/mako_py_brain
copying /home/abdelrahman/Documents/GitHub/mako_robot/mako_ws/build/mako_py_brain/build/lib/mako_py_brain/brain.py -> /home/abdelrahman/Documents/GitHub/mako_robot/mako_ws/install/mako_py_brain/lib/python3.8/site-packages/mako_py_brain
copying /home/abdelrahman/Documents/GitHub/mako_robot/mako_ws/build/mako_py_brain/build/lib/mako_py_brain/__init__.py -> /home/abdelrahman/Documents/GitHub/mako_robot/mako_ws/install/mako_py_brain/lib/python3.8/site-packages/mako_py_brain
byte-compiling /home/abdelrahman/Documents/GitHub/mako_robot/mako_ws/install/mako_py_brain/lib/python3.8/site-packages/mako_py_brain/control_panel.py to control_panel.cpython-38.pyc
byte-compiling /home/abdelrahman/Documents/GitHub/mako_robot/mako_ws/install/mako_py_brain/lib/python3.8/site-packages/mako_py_brain/brain.py to brain.cpython-38.pyc
byte-compiling /home/abdelrahman/Documents/GitHub/mako_robot/mako_ws/install/mako_py_brain/lib/python3.8/site-packages/mako_py_brain/__init__.py to __init__.cpython-38.pyc
running install_data
running install_egg_info
Copying ../../build/mako_py_brain/mako_py_brain.egg-info to /home/abdelrahman/Documents/GitHub/mako_robot/mako_ws/install/mako_py_brain/lib/python3.8/site-packages/mako_py_brain-0.0.0-py3.8.egg-info
running install_scripts
Installing BrainNode script to /home/abdelrahman/Documents/GitHub/mako_robot/mako_ws/install/mako_py_brain/lib/mako_py_brain
Installing ctrl_panel_node script to /home/abdelrahman/Documents/GitHub/mako_robot/mako_ws/install/mako_py_brain/lib/mako_py_brain
writing list of installed files to '/home/abdelrahman/Documents/GitHub/mako_robot/mako_ws/build/mako_py_brain/install.log'
