[0.810s] Invoking command in '/home/abdelrahman/Documents/GitHub/mako_robot/mako_ws/src/mako_py_brain': PYTHONPATH=/home/abdelrahman/Documents/GitHub/mako_robot/mako_ws/install/mako_py_brain/lib/python3.8/site-packages:${PYTHONPATH} /usr/bin/python3 setup.py egg_info --egg-base ../../build/mako_py_brain build --build-base /home/abdelrahman/Documents/GitHub/mako_robot/mako_ws/build/mako_py_brain/build install --prefix /home/abdelrahman/Documents/GitHub/mako_robot/mako_ws/install/mako_py_brain --record /home/abdelrahman/Documents/GitHub/mako_robot/mako_ws/build/mako_py_brain/install.log --single-version-externally-managed
[1.186s] running egg_info
[1.189s] creating ../../build/mako_py_brain/mako_py_brain.egg-info
[1.192s] writing ../../build/mako_py_brain/mako_py_brain.egg-info/PKG-INFO
[1.192s] writing dependency_links to ../../build/mako_py_brain/mako_py_brain.egg-info/dependency_links.txt
[1.192s] writing entry points to ../../build/mako_py_brain/mako_py_brain.egg-info/entry_points.txt
[1.192s] writing requirements to ../../build/mako_py_brain/mako_py_brain.egg-info/requires.txt
[1.193s] writing top-level names to ../../build/mako_py_brain/mako_py_brain.egg-info/top_level.txt
[1.203s] writing manifest file '../../build/mako_py_brain/mako_py_brain.egg-info/SOURCES.txt'
[1.336s] reading manifest file '../../build/mako_py_brain/mako_py_brain.egg-info/SOURCES.txt'
[1.343s] writing manifest file '../../build/mako_py_brain/mako_py_brain.egg-info/SOURCES.txt'
[1.346s] running build
[1.346s] running build_py
[1.347s] creating /home/abdelrahman/Documents/GitHub/mako_robot/mako_ws/build/mako_py_brain/build
[1.347s] creating /home/abdelrahman/Documents/GitHub/mako_robot/mako_ws/build/mako_py_brain/build/lib
[1.347s] creating /home/abdelrahman/Documents/GitHub/mako_robot/mako_ws/build/mako_py_brain/build/lib/mako_py_brain
[1.347s] copying mako_py_brain/control_panel.py -> /home/abdelrahman/Documents/GitHub/mako_robot/mako_ws/build/mako_py_brain/build/lib/mako_py_brain
[1.347s] copying mako_py_brain/brain.py -> /home/abdelrahman/Documents/GitHub/mako_robot/mako_ws/build/mako_py_brain/build/lib/mako_py_brain
[1.347s] copying mako_py_brain/__init__.py -> /home/abdelrahman/Documents/GitHub/mako_robot/mako_ws/build/mako_py_brain/build/lib/mako_py_brain
[1.348s] running install
[1.348s] running install_lib
[1.349s] creating /home/abdelrahman/Documents/GitHub/mako_robot/mako_ws/install/mako_py_brain/lib/python3.8/site-packages/mako_py_brain
[1.349s] copying /home/abdelrahman/Documents/GitHub/mako_robot/mako_ws/build/mako_py_brain/build/lib/mako_py_brain/control_panel.py -> /home/abdelrahman/Documents/GitHub/mako_robot/mako_ws/install/mako_py_brain/lib/python3.8/site-packages/mako_py_brain
[1.350s] copying /home/abdelrahman/Documents/GitHub/mako_robot/mako_ws/build/mako_py_brain/build/lib/mako_py_brain/brain.py -> /home/abdelrahman/Documents/GitHub/mako_robot/mako_ws/install/mako_py_brain/lib/python3.8/site-packages/mako_py_brain
[1.350s] copying /home/abdelrahman/Documents/GitHub/mako_robot/mako_ws/build/mako_py_brain/build/lib/mako_py_brain/__init__.py -> /home/abdelrahman/Documents/GitHub/mako_robot/mako_ws/install/mako_py_brain/lib/python3.8/site-packages/mako_py_brain
[1.370s] byte-compiling /home/abdelrahman/Documents/GitHub/mako_robot/mako_ws/install/mako_py_brain/lib/python3.8/site-packages/mako_py_brain/control_panel.py to control_panel.cpython-38.pyc
[1.373s] byte-compiling /home/abdelrahman/Documents/GitHub/mako_robot/mako_ws/install/mako_py_brain/lib/python3.8/site-packages/mako_py_brain/brain.py to brain.cpython-38.pyc
[1.381s] byte-compiling /home/abdelrahman/Documents/GitHub/mako_robot/mako_ws/install/mako_py_brain/lib/python3.8/site-packages/mako_py_brain/__init__.py to __init__.cpython-38.pyc
[1.386s] running install_data
[1.390s] running install_egg_info
[1.395s] Copying ../../build/mako_py_brain/mako_py_brain.egg-info to /home/abdelrahman/Documents/GitHub/mako_robot/mako_ws/install/mako_py_brain/lib/python3.8/site-packages/mako_py_brain-0.0.0-py3.8.egg-info
[1.399s] running install_scripts
[1.473s] Installing BrainNode script to /home/abdelrahman/Documents/GitHub/mako_robot/mako_ws/install/mako_py_brain/lib/mako_py_brain
[1.476s] Installing ctrl_panel_node script to /home/abdelrahman/Documents/GitHub/mako_robot/mako_ws/install/mako_py_brain/lib/mako_py_brain
[1.492s] writing list of installed files to '/home/abdelrahman/Documents/GitHub/mako_robot/mako_ws/build/mako_py_brain/install.log'
[1.507s] Invoked command in '/home/abdelrahman/Documents/GitHub/mako_robot/mako_ws/src/mako_py_brain' returned '0': PYTHONPATH=/home/abdelrahman/Documents/GitHub/mako_robot/mako_ws/install/mako_py_brain/lib/python3.8/site-packages:${PYTHONPATH} /usr/bin/python3 setup.py egg_info --egg-base ../../build/mako_py_brain build --build-base /home/abdelrahman/Documents/GitHub/mako_robot/mako_ws/build/mako_py_brain/build install --prefix /home/abdelrahman/Documents/GitHub/mako_robot/mako_ws/install/mako_py_brain --record /home/abdelrahman/Documents/GitHub/mako_robot/mako_ws/build/mako_py_brain/install.log --single-version-externally-managed
