[1.327s] Invoking command in '/home/karim/mako_robot/mako_ws/src/mako_py_feedback_actuators': PYTHONPATH=/home/karim/mako_robot/mako_ws/install/mako_py_feedback_actuators/lib/python3.8/site-packages:${PYTHONPATH} /usr/bin/python3 setup.py egg_info --egg-base ../../build/mako_py_feedback_actuators build --build-base /home/karim/mako_robot/mako_ws/build/mako_py_feedback_actuators/build install --prefix /home/karim/mako_robot/mako_ws/install/mako_py_feedback_actuators --record /home/karim/mako_robot/mako_ws/build/mako_py_feedback_actuators/install.log --single-version-externally-managed
[1.699s] running egg_info
[1.712s] writing ../../build/mako_py_feedback_actuators/mako_py_feedback_actuators.egg-info/PKG-INFO
[1.712s] writing dependency_links to ../../build/mako_py_feedback_actuators/mako_py_feedback_actuators.egg-info/dependency_links.txt
[1.712s] writing entry points to ../../build/mako_py_feedback_actuators/mako_py_feedback_actuators.egg-info/entry_points.txt
[1.713s] writing requirements to ../../build/mako_py_feedback_actuators/mako_py_feedback_actuators.egg-info/requires.txt
[1.714s] writing top-level names to ../../build/mako_py_feedback_actuators/mako_py_feedback_actuators.egg-info/top_level.txt
[1.793s] reading manifest file '../../build/mako_py_feedback_actuators/mako_py_feedback_actuators.egg-info/SOURCES.txt'
[1.830s] writing manifest file '../../build/mako_py_feedback_actuators/mako_py_feedback_actuators.egg-info/SOURCES.txt'
[1.830s] running build
[1.830s] running build_py
[1.831s] running install
[1.831s] running install_lib
[1.831s] running install_data
[1.831s] running install_egg_info
[1.831s] removing '/home/karim/mako_robot/mako_ws/install/mako_py_feedback_actuators/lib/python3.8/site-packages/mako_py_feedback_actuators-0.0.0-py3.8.egg-info' (and everything under it)
[1.831s] Copying ../../build/mako_py_feedback_actuators/mako_py_feedback_actuators.egg-info to /home/karim/mako_robot/mako_ws/install/mako_py_feedback_actuators/lib/python3.8/site-packages/mako_py_feedback_actuators-0.0.0-py3.8.egg-info
[1.832s] running install_scripts
[1.853s] writing list of installed files to '/home/karim/mako_robot/mako_ws/build/mako_py_feedback_actuators/install.log'
[1.888s] Invoked command in '/home/karim/mako_robot/mako_ws/src/mako_py_feedback_actuators' returned '0': PYTHONPATH=/home/karim/mako_robot/mako_ws/install/mako_py_feedback_actuators/lib/python3.8/site-packages:${PYTHONPATH} /usr/bin/python3 setup.py egg_info --egg-base ../../build/mako_py_feedback_actuators build --build-base /home/karim/mako_robot/mako_ws/build/mako_py_feedback_actuators/build install --prefix /home/karim/mako_robot/mako_ws/install/mako_py_feedback_actuators --record /home/karim/mako_robot/mako_ws/build/mako_py_feedback_actuators/install.log --single-version-externally-managed
