running develop
running egg_info
writing ../../build/mako_py_serial_interface/mako_py_serial_interface.egg-info/PKG-INFO
writing dependency_links to ../../build/mako_py_serial_interface/mako_py_serial_interface.egg-info/dependency_links.txt
writing entry points to ../../build/mako_py_serial_interface/mako_py_serial_interface.egg-info/entry_points.txt
writing requirements to ../../build/mako_py_serial_interface/mako_py_serial_interface.egg-info/requires.txt
writing top-level names to ../../build/mako_py_serial_interface/mako_py_serial_interface.egg-info/top_level.txt
reading manifest file '../../build/mako_py_serial_interface/mako_py_serial_interface.egg-info/SOURCES.txt'
writing manifest file '../../build/mako_py_serial_interface/mako_py_serial_interface.egg-info/SOURCES.txt'
running build
running build_py
copying mako_py_serial_interface/pi_arduino_interface.py -> /home/karim/mako_robot/mako_ws/build/mako_py_serial_interface/build/lib/mako_py_serial_interface
running install
running install_lib
copying /home/karim/mako_robot/mako_ws/build/mako_py_serial_interface/build/lib/mako_py_serial_interface/pi_arduino_interface.py -> /home/karim/mako_robot/mako_ws/install/mako_py_serial_interface/lib/python3.8/site-packages/mako_py_serial_interface
byte-compiling /home/karim/mako_robot/mako_ws/install/mako_py_serial_interface/lib/python3.8/site-packages/mako_py_serial_interface/pi_arduino_interface.py to pi_arduino_interface.cpython-38.pyc
running install_data
running install_egg_info
removing '/home/karim/mako_robot/mako_ws/install/mako_py_serial_interface/lib/python3.8/site-packages/mako_py_serial_interface-0.0.0-py3.8.egg-info' (and everything under it)
Copying ../../build/mako_py_serial_interface/mako_py_serial_interface.egg-info to /home/karim/mako_robot/mako_ws/install/mako_py_serial_interface/lib/python3.8/site-packages/mako_py_serial_interface-0.0.0-py3.8.egg-info
running install_scripts
Installing serialInterfaceNode script to /home/karim/mako_robot/mako_ws/install/mako_py_serial_interface/lib/mako_py_serial_interface
writing list of installed files to '/home/karim/mako_robot/mako_ws/build/mako_py_serial_interface/install.log'
