[1.229s] Invoking command in '/home/ubuntu/mako_robot/mako_ws/build/rplidar_ros': CMAKE_PREFIX_PATH=${CMAKE_PREFIX_PATH}:/opt/ros/foxy /usr/bin/cmake --build /home/ubuntu/mako_robot/mako_ws/build/rplidar_ros -- -j4 -l4
[1.710s] [ 38%] Built target rplidar_composition_node
[1.713s] [ 66%] Built target rplidarNodeClient
[1.717s] [ 88%] Built target rplidarNode
[1.910s] [100%] Built target rplidar_composition
[1.959s] Invoked command in '/home/ubuntu/mako_robot/mako_ws/build/rplidar_ros' returned '0': CMAKE_PREFIX_PATH=${CMAKE_PREFIX_PATH}:/opt/ros/foxy /usr/bin/cmake --build /home/ubuntu/mako_robot/mako_ws/build/rplidar_ros -- -j4 -l4
[2.268s] Invoking command in '/home/ubuntu/mako_robot/mako_ws/build/rplidar_ros': CMAKE_PREFIX_PATH=${CMAKE_PREFIX_PATH}:/opt/ros/foxy /usr/bin/cmake --install /home/ubuntu/mako_robot/mako_ws/build/rplidar_ros
[2.309s] -- Install configuration: ""
[2.311s] -- Up-to-date: /home/ubuntu/mako_robot/mako_ws/install/rplidar_ros/lib/rplidar_ros/rplidarNode
[2.313s] -- Up-to-date: /home/ubuntu/mako_robot/mako_ws/install/rplidar_ros/lib/rplidar_ros/rplidarNodeClient
[2.317s] -- Up-to-date: /home/ubuntu/mako_robot/mako_ws/install/rplidar_ros/lib/rplidar_ros/rplidar_composition
[2.319s] -- Up-to-date: /home/ubuntu/mako_robot/mako_ws/install/rplidar_ros/share/rplidar_ros/launch
[2.321s] -- Up-to-date: /home/ubuntu/mako_robot/mako_ws/install/rplidar_ros/share/rplidar_ros/launch/rplidar_a3.launch.py
[2.322s] -- Up-to-date: /home/ubuntu/mako_robot/mako_ws/install/rplidar_ros/share/rplidar_ros/launch/view_rplidar_a3.launch.py
[2.323s] -- Up-to-date: /home/ubuntu/mako_robot/mako_ws/install/rplidar_ros/share/rplidar_ros/launch/rplidar_s1_tcp.launch.py
[2.324s] -- Up-to-date: /home/ubuntu/mako_robot/mako_ws/install/rplidar_ros/share/rplidar_ros/launch/rplidar.launch.py
[2.325s] -- Up-to-date: /home/ubuntu/mako_robot/mako_ws/install/rplidar_ros/share/rplidar_ros/launch/view_rplidar.launch.py
[2.326s] -- Up-to-date: /home/ubuntu/mako_robot/mako_ws/install/rplidar_ros/share/rplidar_ros/launch/rplidar_s1.launch.py
[2.327s] -- Up-to-date: /home/ubuntu/mako_robot/mako_ws/install/rplidar_ros/share/rplidar_ros/launch/test_rplidar.launch.py
[2.328s] -- Up-to-date: /home/ubuntu/mako_robot/mako_ws/install/rplidar_ros/share/rplidar_ros/launch/view_rplidar_s1.launch.py
[2.328s] -- Up-to-date: /home/ubuntu/mako_robot/mako_ws/install/rplidar_ros/share/rplidar_ros/launch/view_rplidar_s1_tcp.launch.py
[2.329s] -- Up-to-date: /home/ubuntu/mako_robot/mako_ws/install/rplidar_ros/share/rplidar_ros/launch/test_rplidar_a3.launch.py
[2.330s] -- Up-to-date: /home/ubuntu/mako_robot/mako_ws/install/rplidar_ros/share/rplidar_ros/rviz
[2.330s] -- Up-to-date: /home/ubuntu/mako_robot/mako_ws/install/rplidar_ros/share/rplidar_ros/rviz/rplidar.rviz
[2.331s] -- Up-to-date: /home/ubuntu/mako_robot/mako_ws/install/rplidar_ros/lib/librplidar_composition_node.so
[2.331s] -- Up-to-date: /home/ubuntu/mako_robot/mako_ws/install/rplidar_ros/include
[2.332s] -- Up-to-date: /home/ubuntu/mako_robot/mako_ws/install/rplidar_ros/include/visibility.h
[2.332s] -- Up-to-date: /home/ubuntu/mako_robot/mako_ws/install/rplidar_ros/include/rplidar_node.hpp
[2.332s] -- Up-to-date: /home/ubuntu/mako_robot/mako_ws/install/rplidar_ros/lib/rplidar_ros/rplidarNode
[2.333s] -- Up-to-date: /home/ubuntu/mako_robot/mako_ws/install/rplidar_ros/lib/rplidar_ros/rplidarNodeClient
[2.333s] -- Up-to-date: /home/ubuntu/mako_robot/mako_ws/install/rplidar_ros/lib/rplidar_ros/rplidar_composition
[2.335s] -- Up-to-date: /home/ubuntu/mako_robot/mako_ws/install/rplidar_ros/share/ament_index/resource_index/package_run_dependencies/rplidar_ros
[2.336s] -- Up-to-date: /home/ubuntu/mako_robot/mako_ws/install/rplidar_ros/share/ament_index/resource_index/parent_prefix_path/rplidar_ros
[2.336s] -- Up-to-date: /home/ubuntu/mako_robot/mako_ws/install/rplidar_ros/share/rplidar_ros/environment/ament_prefix_path.sh
[2.337s] -- Up-to-date: /home/ubuntu/mako_robot/mako_ws/install/rplidar_ros/share/rplidar_ros/environment/ament_prefix_path.dsv
[2.338s] -- Up-to-date: /home/ubuntu/mako_robot/mako_ws/install/rplidar_ros/share/rplidar_ros/environment/path.sh
[2.338s] -- Up-to-date: /home/ubuntu/mako_robot/mako_ws/install/rplidar_ros/share/rplidar_ros/environment/path.dsv
[2.339s] -- Up-to-date: /home/ubuntu/mako_robot/mako_ws/install/rplidar_ros/share/rplidar_ros/local_setup.bash
[2.340s] -- Up-to-date: /home/ubuntu/mako_robot/mako_ws/install/rplidar_ros/share/rplidar_ros/local_setup.sh
[2.340s] -- Up-to-date: /home/ubuntu/mako_robot/mako_ws/install/rplidar_ros/share/rplidar_ros/local_setup.zsh
[2.341s] -- Up-to-date: /home/ubuntu/mako_robot/mako_ws/install/rplidar_ros/share/rplidar_ros/local_setup.dsv
[2.341s] -- Installing: /home/ubuntu/mako_robot/mako_ws/install/rplidar_ros/share/rplidar_ros/package.dsv
[2.342s] -- Up-to-date: /home/ubuntu/mako_robot/mako_ws/install/rplidar_ros/share/ament_index/resource_index/packages/rplidar_ros
[2.343s] -- Up-to-date: /home/ubuntu/mako_robot/mako_ws/install/rplidar_ros/share/rplidar_ros/cmake/ament_cmake_export_dependencies-extras.cmake
[2.343s] -- Up-to-date: /home/ubuntu/mako_robot/mako_ws/install/rplidar_ros/share/rplidar_ros/cmake/ament_cmake_export_include_directories-extras.cmake
[2.344s] -- Up-to-date: /home/ubuntu/mako_robot/mako_ws/install/rplidar_ros/share/rplidar_ros/cmake/rplidar_rosConfig.cmake
[2.344s] -- Up-to-date: /home/ubuntu/mako_robot/mako_ws/install/rplidar_ros/share/rplidar_ros/cmake/rplidar_rosConfig-version.cmake
[2.345s] -- Up-to-date: /home/ubuntu/mako_robot/mako_ws/install/rplidar_ros/share/rplidar_ros/package.xml
[2.352s] Invoked command in '/home/ubuntu/mako_robot/mako_ws/build/rplidar_ros' returned '0': CMAKE_PREFIX_PATH=${CMAKE_PREFIX_PATH}:/opt/ros/foxy /usr/bin/cmake --install /home/ubuntu/mako_robot/mako_ws/build/rplidar_ros
