[0.204s] DEBUG:colcon:Command line arguments: ['/usr/bin/colcon', 'build', '--symlink-install']
[0.204s] DEBUG:colcon:Parsed command line arguments: Namespace(ament_cmake_args=None, base_paths=['.'], build_base='build', catkin_cmake_args=None, catkin_skip_building_tests=False, cmake_args=None, cmake_clean_cache=False, cmake_clean_first=False, cmake_force_configure=False, cmake_target=None, cmake_target_skip_unavailable=False, continue_on_error=False, event_handlers=None, executor='parallel', ignore_user_meta=False, install_base='install', log_base=None, log_level=None, main=<bound method BuildVerb.main of <colcon_core.verb.build.BuildVerb object at 0x7fc3bd79ad00>>, merge_install=False, metas=['./colcon.meta'], packages_above=None, packages_above_and_dependencies=None, packages_above_depth=None, packages_end=None, packages_ignore=None, packages_ignore_regex=None, packages_select=None, packages_select_build_failed=False, packages_select_by_dep=None, packages_select_regex=None, packages_select_test_failures=False, packages_skip=None, packages_skip_build_finished=False, packages_skip_by_dep=None, packages_skip_regex=None, packages_skip_test_passed=False, packages_skip_up_to=None, packages_start=None, packages_up_to=None, packages_up_to_regex=None, parallel_workers=6, paths=None, symlink_install=True, test_result_base=None, verb_extension=<colcon_core.verb.build.BuildVerb object at 0x7fc3bd79ad00>, verb_name='build', verb_parser=<colcon_defaults.argument_parser.defaults.DefaultArgumentsDecorator object at 0x7fc3bd7a72b0>)
[0.210s] Level 1:colcon.colcon_core.package_discovery:discover_packages(colcon_meta) check parameters
[0.210s] Level 1:colcon.colcon_core.package_discovery:discover_packages(recursive) check parameters
[0.210s] Level 1:colcon.colcon_core.package_discovery:discover_packages(ignore) check parameters
[0.210s] Level 1:colcon.colcon_core.package_discovery:discover_packages(path) check parameters
[0.210s] Level 1:colcon.colcon_core.package_discovery:discover_packages(colcon_meta) discover
[0.210s] Level 1:colcon.colcon_core.package_discovery:discover_packages(recursive) discover
[0.210s] INFO:colcon.colcon_core.package_discovery:Crawling recursively for packages in '/home/karim/mako_robot/mako_ws'
[0.211s] Level 1:colcon.colcon_core.package_identification:_identify(.) by extensions ['ignore', 'ignore_ament_install']
[0.211s] Level 1:colcon.colcon_core.package_identification:_identify(.) by extension 'ignore'
[0.211s] Level 1:colcon.colcon_core.package_identification:_identify(.) by extension 'ignore_ament_install'
[0.211s] Level 1:colcon.colcon_core.package_identification:_identify(.) by extensions ['colcon_pkg']
[0.211s] Level 1:colcon.colcon_core.package_identification:_identify(.) by extension 'colcon_pkg'
[0.211s] Level 1:colcon.colcon_core.package_identification:_identify(.) by extensions ['colcon_meta']
[0.211s] Level 1:colcon.colcon_core.package_identification:_identify(.) by extension 'colcon_meta'
[0.211s] Level 1:colcon.colcon_core.package_identification:_identify(.) by extensions ['ros']
[0.211s] Level 1:colcon.colcon_core.package_identification:_identify(.) by extension 'ros'
[0.222s] Level 1:colcon.colcon_core.package_identification:_identify(.) by extensions ['cmake', 'python']
[0.222s] Level 1:colcon.colcon_core.package_identification:_identify(.) by extension 'cmake'
[0.222s] Level 1:colcon.colcon_core.package_identification:_identify(.) by extension 'python'
[0.223s] Level 1:colcon.colcon_core.package_identification:_identify(.) by extensions ['python_setup_py']
[0.223s] Level 1:colcon.colcon_core.package_identification:_identify(.) by extension 'python_setup_py'
[0.223s] Level 1:colcon.colcon_core.package_identification:_identify(build) by extensions ['ignore', 'ignore_ament_install']
[0.223s] Level 1:colcon.colcon_core.package_identification:_identify(build) by extension 'ignore'
[0.223s] Level 1:colcon.colcon_core.package_identification:_identify(build) ignored
[0.223s] Level 1:colcon.colcon_core.package_identification:_identify(install) by extensions ['ignore', 'ignore_ament_install']
[0.223s] Level 1:colcon.colcon_core.package_identification:_identify(install) by extension 'ignore'
[0.223s] Level 1:colcon.colcon_core.package_identification:_identify(install) ignored
[0.223s] Level 1:colcon.colcon_core.package_identification:_identify(log) by extensions ['ignore', 'ignore_ament_install']
[0.223s] Level 1:colcon.colcon_core.package_identification:_identify(log) by extension 'ignore'
[0.223s] Level 1:colcon.colcon_core.package_identification:_identify(log) ignored
[0.224s] Level 1:colcon.colcon_core.package_identification:_identify(src) by extensions ['ignore', 'ignore_ament_install']
[0.224s] Level 1:colcon.colcon_core.package_identification:_identify(src) by extension 'ignore'
[0.224s] Level 1:colcon.colcon_core.package_identification:_identify(src) by extension 'ignore_ament_install'
[0.224s] Level 1:colcon.colcon_core.package_identification:_identify(src) by extensions ['colcon_pkg']
[0.224s] Level 1:colcon.colcon_core.package_identification:_identify(src) by extension 'colcon_pkg'
[0.224s] Level 1:colcon.colcon_core.package_identification:_identify(src) by extensions ['colcon_meta']
[0.224s] Level 1:colcon.colcon_core.package_identification:_identify(src) by extension 'colcon_meta'
[0.224s] Level 1:colcon.colcon_core.package_identification:_identify(src) by extensions ['ros']
[0.224s] Level 1:colcon.colcon_core.package_identification:_identify(src) by extension 'ros'
[0.224s] Level 1:colcon.colcon_core.package_identification:_identify(src) by extensions ['cmake', 'python']
[0.224s] Level 1:colcon.colcon_core.package_identification:_identify(src) by extension 'cmake'
[0.224s] Level 1:colcon.colcon_core.package_identification:_identify(src) by extension 'python'
[0.224s] Level 1:colcon.colcon_core.package_identification:_identify(src) by extensions ['python_setup_py']
[0.224s] Level 1:colcon.colcon_core.package_identification:_identify(src) by extension 'python_setup_py'
[0.224s] Level 1:colcon.colcon_core.package_identification:_identify(src/dev_test_tools) by extensions ['ignore', 'ignore_ament_install']
[0.224s] Level 1:colcon.colcon_core.package_identification:_identify(src/dev_test_tools) by extension 'ignore'
[0.224s] Level 1:colcon.colcon_core.package_identification:_identify(src/dev_test_tools) by extension 'ignore_ament_install'
[0.225s] Level 1:colcon.colcon_core.package_identification:_identify(src/dev_test_tools) by extensions ['colcon_pkg']
[0.225s] Level 1:colcon.colcon_core.package_identification:_identify(src/dev_test_tools) by extension 'colcon_pkg'
[0.225s] Level 1:colcon.colcon_core.package_identification:_identify(src/dev_test_tools) by extensions ['colcon_meta']
[0.225s] Level 1:colcon.colcon_core.package_identification:_identify(src/dev_test_tools) by extension 'colcon_meta'
[0.225s] Level 1:colcon.colcon_core.package_identification:_identify(src/dev_test_tools) by extensions ['ros']
[0.225s] Level 1:colcon.colcon_core.package_identification:_identify(src/dev_test_tools) by extension 'ros'
[0.227s] DEBUG:colcon.colcon_core.package_identification:Package 'src/dev_test_tools' with type 'ros.ament_python' and name 'dev_test_tools'
[0.227s] Level 1:colcon.colcon_core.package_identification:_identify(src/lidar_ros2) by extensions ['ignore', 'ignore_ament_install']
[0.227s] Level 1:colcon.colcon_core.package_identification:_identify(src/lidar_ros2) by extension 'ignore'
[0.228s] Level 1:colcon.colcon_core.package_identification:_identify(src/lidar_ros2) by extension 'ignore_ament_install'
[0.228s] Level 1:colcon.colcon_core.package_identification:_identify(src/lidar_ros2) by extensions ['colcon_pkg']
[0.228s] Level 1:colcon.colcon_core.package_identification:_identify(src/lidar_ros2) by extension 'colcon_pkg'
[0.228s] Level 1:colcon.colcon_core.package_identification:_identify(src/lidar_ros2) by extensions ['colcon_meta']
[0.228s] Level 1:colcon.colcon_core.package_identification:_identify(src/lidar_ros2) by extension 'colcon_meta'
[0.228s] Level 1:colcon.colcon_core.package_identification:_identify(src/lidar_ros2) by extensions ['ros']
[0.228s] Level 1:colcon.colcon_core.package_identification:_identify(src/lidar_ros2) by extension 'ros'
[0.230s] DEBUG:colcon.colcon_core.package_identification:Package 'src/lidar_ros2' with type 'ros.ament_cmake' and name 'rplidar_ros'
[0.230s] Level 1:colcon.colcon_core.package_identification:_identify(src/mako_nolang_interfaces) by extensions ['ignore', 'ignore_ament_install']
[0.230s] Level 1:colcon.colcon_core.package_identification:_identify(src/mako_nolang_interfaces) by extension 'ignore'
[0.230s] Level 1:colcon.colcon_core.package_identification:_identify(src/mako_nolang_interfaces) by extension 'ignore_ament_install'
[0.230s] Level 1:colcon.colcon_core.package_identification:_identify(src/mako_nolang_interfaces) by extensions ['colcon_pkg']
[0.230s] Level 1:colcon.colcon_core.package_identification:_identify(src/mako_nolang_interfaces) by extension 'colcon_pkg'
[0.231s] Level 1:colcon.colcon_core.package_identification:_identify(src/mako_nolang_interfaces) by extensions ['colcon_meta']
[0.231s] Level 1:colcon.colcon_core.package_identification:_identify(src/mako_nolang_interfaces) by extension 'colcon_meta'
[0.231s] Level 1:colcon.colcon_core.package_identification:_identify(src/mako_nolang_interfaces) by extensions ['ros']
[0.231s] Level 1:colcon.colcon_core.package_identification:_identify(src/mako_nolang_interfaces) by extension 'ros'
[0.232s] DEBUG:colcon.colcon_core.package_identification:Package 'src/mako_nolang_interfaces' with type 'ros.ament_cmake' and name 'mako_nolang_interfaces'
[0.232s] Level 1:colcon.colcon_core.package_identification:_identify(src/mako_nolang_launch) by extensions ['ignore', 'ignore_ament_install']
[0.233s] Level 1:colcon.colcon_core.package_identification:_identify(src/mako_nolang_launch) by extension 'ignore'
[0.233s] Level 1:colcon.colcon_core.package_identification:_identify(src/mako_nolang_launch) by extension 'ignore_ament_install'
[0.233s] Level 1:colcon.colcon_core.package_identification:_identify(src/mako_nolang_launch) by extensions ['colcon_pkg']
[0.234s] Level 1:colcon.colcon_core.package_identification:_identify(src/mako_nolang_launch) by extension 'colcon_pkg'
[0.234s] Level 1:colcon.colcon_core.package_identification:_identify(src/mako_nolang_launch) by extensions ['colcon_meta']
[0.234s] Level 1:colcon.colcon_core.package_identification:_identify(src/mako_nolang_launch) by extension 'colcon_meta'
[0.234s] Level 1:colcon.colcon_core.package_identification:_identify(src/mako_nolang_launch) by extensions ['ros']
[0.234s] Level 1:colcon.colcon_core.package_identification:_identify(src/mako_nolang_launch) by extension 'ros'
[0.235s] DEBUG:colcon.colcon_core.package_identification:Package 'src/mako_nolang_launch' with type 'ros.ament_cmake' and name 'mako_nolang_launch'
[0.236s] Level 1:colcon.colcon_core.package_identification:_identify(src/mako_py_brain) by extensions ['ignore', 'ignore_ament_install']
[0.236s] Level 1:colcon.colcon_core.package_identification:_identify(src/mako_py_brain) by extension 'ignore'
[0.236s] Level 1:colcon.colcon_core.package_identification:_identify(src/mako_py_brain) by extension 'ignore_ament_install'
[0.236s] Level 1:colcon.colcon_core.package_identification:_identify(src/mako_py_brain) by extensions ['colcon_pkg']
[0.236s] Level 1:colcon.colcon_core.package_identification:_identify(src/mako_py_brain) by extension 'colcon_pkg'
[0.236s] Level 1:colcon.colcon_core.package_identification:_identify(src/mako_py_brain) by extensions ['colcon_meta']
[0.236s] Level 1:colcon.colcon_core.package_identification:_identify(src/mako_py_brain) by extension 'colcon_meta'
[0.236s] Level 1:colcon.colcon_core.package_identification:_identify(src/mako_py_brain) by extensions ['ros']
[0.236s] Level 1:colcon.colcon_core.package_identification:_identify(src/mako_py_brain) by extension 'ros'
[0.238s] DEBUG:colcon.colcon_core.package_identification:Package 'src/mako_py_brain' with type 'ros.ament_python' and name 'mako_py_brain'
[0.238s] Level 1:colcon.colcon_core.package_identification:_identify(src/mako_py_feedback_actuators) by extensions ['ignore', 'ignore_ament_install']
[0.238s] Level 1:colcon.colcon_core.package_identification:_identify(src/mako_py_feedback_actuators) by extension 'ignore'
[0.238s] Level 1:colcon.colcon_core.package_identification:_identify(src/mako_py_feedback_actuators) by extension 'ignore_ament_install'
[0.239s] Level 1:colcon.colcon_core.package_identification:_identify(src/mako_py_feedback_actuators) by extensions ['colcon_pkg']
[0.239s] Level 1:colcon.colcon_core.package_identification:_identify(src/mako_py_feedback_actuators) by extension 'colcon_pkg'
[0.239s] Level 1:colcon.colcon_core.package_identification:_identify(src/mako_py_feedback_actuators) by extensions ['colcon_meta']
[0.240s] Level 1:colcon.colcon_core.package_identification:_identify(src/mako_py_feedback_actuators) by extension 'colcon_meta'
[0.240s] Level 1:colcon.colcon_core.package_identification:_identify(src/mako_py_feedback_actuators) by extensions ['ros']
[0.240s] Level 1:colcon.colcon_core.package_identification:_identify(src/mako_py_feedback_actuators) by extension 'ros'
[0.241s] DEBUG:colcon.colcon_core.package_identification:Package 'src/mako_py_feedback_actuators' with type 'ros.ament_python' and name 'mako_py_feedback_actuators'
[0.242s] Level 1:colcon.colcon_core.package_identification:_identify(src/mako_py_serial_interface) by extensions ['ignore', 'ignore_ament_install']
[0.242s] Level 1:colcon.colcon_core.package_identification:_identify(src/mako_py_serial_interface) by extension 'ignore'
[0.242s] Level 1:colcon.colcon_core.package_identification:_identify(src/mako_py_serial_interface) by extension 'ignore_ament_install'
[0.242s] Level 1:colcon.colcon_core.package_identification:_identify(src/mako_py_serial_interface) by extensions ['colcon_pkg']
[0.242s] Level 1:colcon.colcon_core.package_identification:_identify(src/mako_py_serial_interface) by extension 'colcon_pkg'
[0.242s] Level 1:colcon.colcon_core.package_identification:_identify(src/mako_py_serial_interface) by extensions ['colcon_meta']
[0.242s] Level 1:colcon.colcon_core.package_identification:_identify(src/mako_py_serial_interface) by extension 'colcon_meta'
[0.242s] Level 1:colcon.colcon_core.package_identification:_identify(src/mako_py_serial_interface) by extensions ['ros']
[0.242s] Level 1:colcon.colcon_core.package_identification:_identify(src/mako_py_serial_interface) by extension 'ros'
[0.243s] DEBUG:colcon.colcon_core.package_identification:Package 'src/mako_py_serial_interface' with type 'ros.ament_python' and name 'mako_py_serial_interface'
[0.243s] Level 1:colcon.colcon_core.package_discovery:discover_packages(recursive) using defaults
[0.243s] Level 1:colcon.colcon_core.package_discovery:discover_packages(ignore) discover
[0.243s] Level 1:colcon.colcon_core.package_discovery:discover_packages(ignore) using defaults
[0.243s] Level 1:colcon.colcon_core.package_discovery:discover_packages(path) discover
[0.243s] Level 1:colcon.colcon_core.package_discovery:discover_packages(path) using defaults
[0.269s] Level 5:colcon.colcon_core.verb:set package 'dev_test_tools' build argument 'cmake_args' from command line to 'None'
[0.269s] Level 5:colcon.colcon_core.verb:set package 'dev_test_tools' build argument 'cmake_target' from command line to 'None'
[0.269s] Level 5:colcon.colcon_core.verb:set package 'dev_test_tools' build argument 'cmake_target_skip_unavailable' from command line to 'False'
[0.269s] Level 5:colcon.colcon_core.verb:set package 'dev_test_tools' build argument 'cmake_clean_cache' from command line to 'False'
[0.269s] Level 5:colcon.colcon_core.verb:set package 'dev_test_tools' build argument 'cmake_clean_first' from command line to 'False'
[0.269s] Level 5:colcon.colcon_core.verb:set package 'dev_test_tools' build argument 'cmake_force_configure' from command line to 'False'
[0.269s] Level 5:colcon.colcon_core.verb:set package 'dev_test_tools' build argument 'ament_cmake_args' from command line to 'None'
[0.269s] Level 5:colcon.colcon_core.verb:set package 'dev_test_tools' build argument 'catkin_cmake_args' from command line to 'None'
[0.269s] Level 5:colcon.colcon_core.verb:set package 'dev_test_tools' build argument 'catkin_skip_building_tests' from command line to 'False'
[0.269s] DEBUG:colcon.colcon_core.verb:Building package 'dev_test_tools' with the following arguments: {'ament_cmake_args': None, 'build_base': '/home/karim/mako_robot/mako_ws/build/dev_test_tools', 'catkin_cmake_args': None, 'catkin_skip_building_tests': False, 'cmake_args': None, 'cmake_clean_cache': False, 'cmake_clean_first': False, 'cmake_force_configure': False, 'cmake_target': None, 'cmake_target_skip_unavailable': False, 'install_base': '/home/karim/mako_robot/mako_ws/install/dev_test_tools', 'merge_install': False, 'path': '/home/karim/mako_robot/mako_ws/src/dev_test_tools', 'symlink_install': True, 'test_result_base': None}
[0.272s] Level 5:colcon.colcon_core.verb:set package 'mako_nolang_interfaces' build argument 'cmake_args' from command line to 'None'
[0.272s] Level 5:colcon.colcon_core.verb:set package 'mako_nolang_interfaces' build argument 'cmake_target' from command line to 'None'
[0.272s] Level 5:colcon.colcon_core.verb:set package 'mako_nolang_interfaces' build argument 'cmake_target_skip_unavailable' from command line to 'False'
[0.272s] Level 5:colcon.colcon_core.verb:set package 'mako_nolang_interfaces' build argument 'cmake_clean_cache' from command line to 'False'
[0.272s] Level 5:colcon.colcon_core.verb:set package 'mako_nolang_interfaces' build argument 'cmake_clean_first' from command line to 'False'
[0.272s] Level 5:colcon.colcon_core.verb:set package 'mako_nolang_interfaces' build argument 'cmake_force_configure' from command line to 'False'
[0.272s] Level 5:colcon.colcon_core.verb:set package 'mako_nolang_interfaces' build argument 'ament_cmake_args' from command line to 'None'
[0.272s] Level 5:colcon.colcon_core.verb:set package 'mako_nolang_interfaces' build argument 'catkin_cmake_args' from command line to 'None'
[0.272s] Level 5:colcon.colcon_core.verb:set package 'mako_nolang_interfaces' build argument 'catkin_skip_building_tests' from command line to 'False'
[0.272s] DEBUG:colcon.colcon_core.verb:Building package 'mako_nolang_interfaces' with the following arguments: {'ament_cmake_args': None, 'build_base': '/home/karim/mako_robot/mako_ws/build/mako_nolang_interfaces', 'catkin_cmake_args': None, 'catkin_skip_building_tests': False, 'cmake_args': None, 'cmake_clean_cache': False, 'cmake_clean_first': False, 'cmake_force_configure': False, 'cmake_target': None, 'cmake_target_skip_unavailable': False, 'install_base': '/home/karim/mako_robot/mako_ws/install/mako_nolang_interfaces', 'merge_install': False, 'path': '/home/karim/mako_robot/mako_ws/src/mako_nolang_interfaces', 'symlink_install': True, 'test_result_base': None}
[0.275s] Level 5:colcon.colcon_core.verb:set package 'mako_py_brain' build argument 'cmake_args' from command line to 'None'
[0.275s] Level 5:colcon.colcon_core.verb:set package 'mako_py_brain' build argument 'cmake_target' from command line to 'None'
[0.275s] Level 5:colcon.colcon_core.verb:set package 'mako_py_brain' build argument 'cmake_target_skip_unavailable' from command line to 'False'
[0.275s] Level 5:colcon.colcon_core.verb:set package 'mako_py_brain' build argument 'cmake_clean_cache' from command line to 'False'
[0.275s] Level 5:colcon.colcon_core.verb:set package 'mako_py_brain' build argument 'cmake_clean_first' from command line to 'False'
[0.275s] Level 5:colcon.colcon_core.verb:set package 'mako_py_brain' build argument 'cmake_force_configure' from command line to 'False'
[0.275s] Level 5:colcon.colcon_core.verb:set package 'mako_py_brain' build argument 'ament_cmake_args' from command line to 'None'
[0.275s] Level 5:colcon.colcon_core.verb:set package 'mako_py_brain' build argument 'catkin_cmake_args' from command line to 'None'
[0.275s] Level 5:colcon.colcon_core.verb:set package 'mako_py_brain' build argument 'catkin_skip_building_tests' from command line to 'False'
[0.275s] DEBUG:colcon.colcon_core.verb:Building package 'mako_py_brain' with the following arguments: {'ament_cmake_args': None, 'build_base': '/home/karim/mako_robot/mako_ws/build/mako_py_brain', 'catkin_cmake_args': None, 'catkin_skip_building_tests': False, 'cmake_args': None, 'cmake_clean_cache': False, 'cmake_clean_first': False, 'cmake_force_configure': False, 'cmake_target': None, 'cmake_target_skip_unavailable': False, 'install_base': '/home/karim/mako_robot/mako_ws/install/mako_py_brain', 'merge_install': False, 'path': '/home/karim/mako_robot/mako_ws/src/mako_py_brain', 'symlink_install': True, 'test_result_base': None}
[0.278s] Level 5:colcon.colcon_core.verb:set package 'mako_py_serial_interface' build argument 'cmake_args' from command line to 'None'
[0.278s] Level 5:colcon.colcon_core.verb:set package 'mako_py_serial_interface' build argument 'cmake_target' from command line to 'None'
[0.278s] Level 5:colcon.colcon_core.verb:set package 'mako_py_serial_interface' build argument 'cmake_target_skip_unavailable' from command line to 'False'
[0.278s] Level 5:colcon.colcon_core.verb:set package 'mako_py_serial_interface' build argument 'cmake_clean_cache' from command line to 'False'
[0.278s] Level 5:colcon.colcon_core.verb:set package 'mako_py_serial_interface' build argument 'cmake_clean_first' from command line to 'False'
[0.278s] Level 5:colcon.colcon_core.verb:set package 'mako_py_serial_interface' build argument 'cmake_force_configure' from command line to 'False'
[0.278s] Level 5:colcon.colcon_core.verb:set package 'mako_py_serial_interface' build argument 'ament_cmake_args' from command line to 'None'
[0.278s] Level 5:colcon.colcon_core.verb:set package 'mako_py_serial_interface' build argument 'catkin_cmake_args' from command line to 'None'
[0.278s] Level 5:colcon.colcon_core.verb:set package 'mako_py_serial_interface' build argument 'catkin_skip_building_tests' from command line to 'False'
[0.278s] DEBUG:colcon.colcon_core.verb:Building package 'mako_py_serial_interface' with the following arguments: {'ament_cmake_args': None, 'build_base': '/home/karim/mako_robot/mako_ws/build/mako_py_serial_interface', 'catkin_cmake_args': None, 'catkin_skip_building_tests': False, 'cmake_args': None, 'cmake_clean_cache': False, 'cmake_clean_first': False, 'cmake_force_configure': False, 'cmake_target': None, 'cmake_target_skip_unavailable': False, 'install_base': '/home/karim/mako_robot/mako_ws/install/mako_py_serial_interface', 'merge_install': False, 'path': '/home/karim/mako_robot/mako_ws/src/mako_py_serial_interface', 'symlink_install': True, 'test_result_base': None}
[0.281s] Level 5:colcon.colcon_core.verb:set package 'rplidar_ros' build argument 'cmake_args' from command line to 'None'
[0.281s] Level 5:colcon.colcon_core.verb:set package 'rplidar_ros' build argument 'cmake_target' from command line to 'None'
[0.281s] Level 5:colcon.colcon_core.verb:set package 'rplidar_ros' build argument 'cmake_target_skip_unavailable' from command line to 'False'
[0.281s] Level 5:colcon.colcon_core.verb:set package 'rplidar_ros' build argument 'cmake_clean_cache' from command line to 'False'
[0.281s] Level 5:colcon.colcon_core.verb:set package 'rplidar_ros' build argument 'cmake_clean_first' from command line to 'False'
[0.281s] Level 5:colcon.colcon_core.verb:set package 'rplidar_ros' build argument 'cmake_force_configure' from command line to 'False'
[0.281s] Level 5:colcon.colcon_core.verb:set package 'rplidar_ros' build argument 'ament_cmake_args' from command line to 'None'
[0.281s] Level 5:colcon.colcon_core.verb:set package 'rplidar_ros' build argument 'catkin_cmake_args' from command line to 'None'
[0.281s] Level 5:colcon.colcon_core.verb:set package 'rplidar_ros' build argument 'catkin_skip_building_tests' from command line to 'False'
[0.281s] DEBUG:colcon.colcon_core.verb:Building package 'rplidar_ros' with the following arguments: {'ament_cmake_args': None, 'build_base': '/home/karim/mako_robot/mako_ws/build/rplidar_ros', 'catkin_cmake_args': None, 'catkin_skip_building_tests': False, 'cmake_args': None, 'cmake_clean_cache': False, 'cmake_clean_first': False, 'cmake_force_configure': False, 'cmake_target': None, 'cmake_target_skip_unavailable': False, 'install_base': '/home/karim/mako_robot/mako_ws/install/rplidar_ros', 'merge_install': False, 'path': '/home/karim/mako_robot/mako_ws/src/lidar_ros2', 'symlink_install': True, 'test_result_base': None}
[0.284s] Level 5:colcon.colcon_core.verb:set package 'mako_py_feedback_actuators' build argument 'cmake_args' from command line to 'None'
[0.284s] Level 5:colcon.colcon_core.verb:set package 'mako_py_feedback_actuators' build argument 'cmake_target' from command line to 'None'
[0.284s] Level 5:colcon.colcon_core.verb:set package 'mako_py_feedback_actuators' build argument 'cmake_target_skip_unavailable' from command line to 'False'
[0.284s] Level 5:colcon.colcon_core.verb:set package 'mako_py_feedback_actuators' build argument 'cmake_clean_cache' from command line to 'False'
[0.284s] Level 5:colcon.colcon_core.verb:set package 'mako_py_feedback_actuators' build argument 'cmake_clean_first' from command line to 'False'
[0.284s] Level 5:colcon.colcon_core.verb:set package 'mako_py_feedback_actuators' build argument 'cmake_force_configure' from command line to 'False'
[0.284s] Level 5:colcon.colcon_core.verb:set package 'mako_py_feedback_actuators' build argument 'ament_cmake_args' from command line to 'None'
[0.284s] Level 5:colcon.colcon_core.verb:set package 'mako_py_feedback_actuators' build argument 'catkin_cmake_args' from command line to 'None'
[0.284s] Level 5:colcon.colcon_core.verb:set package 'mako_py_feedback_actuators' build argument 'catkin_skip_building_tests' from command line to 'False'
[0.284s] DEBUG:colcon.colcon_core.verb:Building package 'mako_py_feedback_actuators' with the following arguments: {'ament_cmake_args': None, 'build_base': '/home/karim/mako_robot/mako_ws/build/mako_py_feedback_actuators', 'catkin_cmake_args': None, 'catkin_skip_building_tests': False, 'cmake_args': None, 'cmake_clean_cache': False, 'cmake_clean_first': False, 'cmake_force_configure': False, 'cmake_target': None, 'cmake_target_skip_unavailable': False, 'install_base': '/home/karim/mako_robot/mako_ws/install/mako_py_feedback_actuators', 'merge_install': False, 'path': '/home/karim/mako_robot/mako_ws/src/mako_py_feedback_actuators', 'symlink_install': True, 'test_result_base': None}
[0.287s] Level 5:colcon.colcon_core.verb:set package 'mako_nolang_launch' build argument 'cmake_args' from command line to 'None'
[0.287s] Level 5:colcon.colcon_core.verb:set package 'mako_nolang_launch' build argument 'cmake_target' from command line to 'None'
[0.287s] Level 5:colcon.colcon_core.verb:set package 'mako_nolang_launch' build argument 'cmake_target_skip_unavailable' from command line to 'False'
[0.287s] Level 5:colcon.colcon_core.verb:set package 'mako_nolang_launch' build argument 'cmake_clean_cache' from command line to 'False'
[0.287s] Level 5:colcon.colcon_core.verb:set package 'mako_nolang_launch' build argument 'cmake_clean_first' from command line to 'False'
[0.287s] Level 5:colcon.colcon_core.verb:set package 'mako_nolang_launch' build argument 'cmake_force_configure' from command line to 'False'
[0.287s] Level 5:colcon.colcon_core.verb:set package 'mako_nolang_launch' build argument 'ament_cmake_args' from command line to 'None'
[0.287s] Level 5:colcon.colcon_core.verb:set package 'mako_nolang_launch' build argument 'catkin_cmake_args' from command line to 'None'
[0.287s] Level 5:colcon.colcon_core.verb:set package 'mako_nolang_launch' build argument 'catkin_skip_building_tests' from command line to 'False'
[0.287s] DEBUG:colcon.colcon_core.verb:Building package 'mako_nolang_launch' with the following arguments: {'ament_cmake_args': None, 'build_base': '/home/karim/mako_robot/mako_ws/build/mako_nolang_launch', 'catkin_cmake_args': None, 'catkin_skip_building_tests': False, 'cmake_args': None, 'cmake_clean_cache': False, 'cmake_clean_first': False, 'cmake_force_configure': False, 'cmake_target': None, 'cmake_target_skip_unavailable': False, 'install_base': '/home/karim/mako_robot/mako_ws/install/mako_nolang_launch', 'merge_install': False, 'path': '/home/karim/mako_robot/mako_ws/src/mako_nolang_launch', 'symlink_install': True, 'test_result_base': None}
[0.287s] INFO:colcon.colcon_core.executor:Executing jobs using 'parallel' executor
[0.291s] DEBUG:colcon.colcon_parallel_executor.executor.parallel:run_until_complete
[0.291s] INFO:colcon.colcon_ros.task.ament_cmake.build:Building ROS package in '/home/karim/mako_robot/mako_ws/src/mako_nolang_interfaces' with build type 'ament_cmake'
[0.292s] INFO:colcon.colcon_cmake.task.cmake.build:Building CMake package in '/home/karim/mako_robot/mako_ws/src/mako_nolang_interfaces'
[0.298s] INFO:colcon.colcon_core.plugin_system:Skipping extension 'colcon_core.shell.bat': Not used on non-Windows systems
[0.298s] INFO:colcon.colcon_core.shell:Skip shell extension 'powershell' for command environment: Not usable outside of PowerShell
[0.298s] DEBUG:colcon.colcon_core.shell:Skip shell extension 'dsv' for command environment
[0.302s] DEBUG:colcon.colcon_core.shell:Ignoring prefix path '/opt/ros/foxy'
[0.307s] INFO:colcon.colcon_ros.task.ament_python.build:Building ROS package in '/home/karim/mako_robot/mako_ws/src/mako_py_brain' with build type 'ament_python'
[0.307s] Level 1:colcon.colcon_core.shell:create_environment_hook('mako_py_brain', 'ament_prefix_path')
[0.308s] INFO:colcon.colcon_core.shell:Creating environment hook '/home/karim/mako_robot/mako_ws/install/mako_py_brain/share/mako_py_brain/hook/ament_prefix_path.ps1'
[0.316s] INFO:colcon.colcon_core.shell:Creating environment descriptor '/home/karim/mako_robot/mako_ws/install/mako_py_brain/share/mako_py_brain/hook/ament_prefix_path.dsv'
[0.318s] INFO:colcon.colcon_core.shell:Creating environment hook '/home/karim/mako_robot/mako_ws/install/mako_py_brain/share/mako_py_brain/hook/ament_prefix_path.sh'
[0.319s] INFO:colcon.colcon_core.shell:Skip shell extension 'powershell' for command environment: Not usable outside of PowerShell
[0.319s] DEBUG:colcon.colcon_core.shell:Skip shell extension 'dsv' for command environment
[0.328s] DEBUG:colcon.colcon_core.shell:Ignoring prefix path '/opt/ros/foxy'
[0.333s] INFO:colcon.colcon_ros.task.ament_python.build:Building ROS package in '/home/karim/mako_robot/mako_ws/src/dev_test_tools' with build type 'ament_python'
[0.334s] Level 1:colcon.colcon_core.shell:create_environment_hook('dev_test_tools', 'ament_prefix_path')
[0.335s] INFO:colcon.colcon_core.shell:Creating environment hook '/home/karim/mako_robot/mako_ws/install/dev_test_tools/share/dev_test_tools/hook/ament_prefix_path.ps1'
[0.337s] INFO:colcon.colcon_core.shell:Creating environment descriptor '/home/karim/mako_robot/mako_ws/install/dev_test_tools/share/dev_test_tools/hook/ament_prefix_path.dsv'
[0.338s] INFO:colcon.colcon_core.shell:Creating environment hook '/home/karim/mako_robot/mako_ws/install/dev_test_tools/share/dev_test_tools/hook/ament_prefix_path.sh'
[0.340s] INFO:colcon.colcon_core.shell:Skip shell extension 'powershell' for command environment: Not usable outside of PowerShell
[0.340s] DEBUG:colcon.colcon_core.shell:Skip shell extension 'dsv' for command environment
[0.351s] DEBUG:colcon.colcon_core.shell:Ignoring prefix path '/opt/ros/foxy'
[0.365s] INFO:colcon.colcon_ros.task.ament_python.build:Building ROS package in '/home/karim/mako_robot/mako_ws/src/mako_py_serial_interface' with build type 'ament_python'
[0.372s] Level 1:colcon.colcon_core.shell:create_environment_hook('mako_py_serial_interface', 'ament_prefix_path')
[0.373s] INFO:colcon.colcon_core.shell:Creating environment hook '/home/karim/mako_robot/mako_ws/install/mako_py_serial_interface/share/mako_py_serial_interface/hook/ament_prefix_path.ps1'
[0.374s] INFO:colcon.colcon_core.shell:Creating environment descriptor '/home/karim/mako_robot/mako_ws/install/mako_py_serial_interface/share/mako_py_serial_interface/hook/ament_prefix_path.dsv'
[0.375s] INFO:colcon.colcon_core.shell:Creating environment hook '/home/karim/mako_robot/mako_ws/install/mako_py_serial_interface/share/mako_py_serial_interface/hook/ament_prefix_path.sh'
[0.377s] INFO:colcon.colcon_core.shell:Skip shell extension 'powershell' for command environment: Not usable outside of PowerShell
[0.377s] DEBUG:colcon.colcon_core.shell:Skip shell extension 'dsv' for command environment
[0.380s] DEBUG:colcon.colcon_core.shell:Ignoring prefix path '/opt/ros/foxy'
[0.389s] INFO:colcon.colcon_ros.task.ament_cmake.build:Building ROS package in '/home/karim/mako_robot/mako_ws/src/lidar_ros2' with build type 'ament_cmake'
[0.390s] INFO:colcon.colcon_cmake.task.cmake.build:Building CMake package in '/home/karim/mako_robot/mako_ws/src/lidar_ros2'
[0.391s] INFO:colcon.colcon_core.shell:Skip shell extension 'powershell' for command environment: Not usable outside of PowerShell
[0.391s] DEBUG:colcon.colcon_core.shell:Skip shell extension 'dsv' for command environment
[0.399s] DEBUG:colcon.colcon_core.shell:Ignoring prefix path '/opt/ros/foxy'
[0.421s] DEBUG:colcon.colcon_core.event_handler.log_command:Invoking command in '/home/karim/mako_robot/mako_ws/build/mako_nolang_interfaces': CMAKE_PREFIX_PATH=${CMAKE_PREFIX_PATH}:/home/karim/project_ws/install/ros_project_pkg_py_robot_driver:/home/karim/project_ws/install/dev_test_tools:/home/karim/ros2_ws/install/my_py_pkg:/home/karim/mako_robot/mako_ws/install/mako_py_serial_interface:/home/karim/mako_robot/mako_ws/install/mako_py_feedback_actuators:/home/karim/mako_robot/mako_ws/install/mako_py_brain:/home/karim/mako_robot/mako_ws/install/dev_test_tools:/opt/ros/foxy /usr/bin/cmake --build /home/karim/mako_robot/mako_ws/build/mako_nolang_interfaces -- -j6 -l6
[0.775s] INFO:colcon.colcon_core.task.python.build:Building Python package in '/home/karim/mako_robot/mako_ws/src/mako_py_brain'
[0.776s] INFO:colcon.colcon_core.shell:Skip shell extension 'powershell' for command environment: Not usable outside of PowerShell
[0.777s] DEBUG:colcon.colcon_core.shell:Skip shell extension 'dsv' for command environment
[0.781s] DEBUG:colcon.colcon_core.shell:Ignoring prefix path '/opt/ros/foxy'
[1.100s] INFO:colcon.colcon_core.task.python.build:Building Python package in '/home/karim/mako_robot/mako_ws/src/dev_test_tools'
[1.102s] INFO:colcon.colcon_core.shell:Skip shell extension 'powershell' for command environment: Not usable outside of PowerShell
[1.102s] DEBUG:colcon.colcon_core.shell:Skip shell extension 'dsv' for command environment
[1.105s] DEBUG:colcon.colcon_core.shell:Ignoring prefix path '/opt/ros/foxy'
[1.396s] INFO:colcon.colcon_core.task.python.build:Building Python package in '/home/karim/mako_robot/mako_ws/src/mako_py_serial_interface'
[1.397s] INFO:colcon.colcon_core.shell:Skip shell extension 'powershell' for command environment: Not usable outside of PowerShell
[1.398s] DEBUG:colcon.colcon_core.shell:Skip shell extension 'dsv' for command environment
[1.401s] DEBUG:colcon.colcon_core.shell:Ignoring prefix path '/opt/ros/foxy'
[1.422s] DEBUG:colcon.colcon_core.event_handler.log_command:Invoking command in '/home/karim/mako_robot/mako_ws/build/rplidar_ros': CMAKE_PREFIX_PATH=${CMAKE_PREFIX_PATH}:/home/karim/project_ws/install/ros_project_pkg_py_robot_driver:/home/karim/project_ws/install/dev_test_tools:/home/karim/ros2_ws/install/my_py_pkg:/home/karim/mako_robot/mako_ws/install/mako_py_serial_interface:/home/karim/mako_robot/mako_ws/install/mako_py_feedback_actuators:/home/karim/mako_robot/mako_ws/install/mako_py_brain:/home/karim/mako_robot/mako_ws/install/dev_test_tools:/opt/ros/foxy /usr/bin/cmake --build /home/karim/mako_robot/mako_ws/build/rplidar_ros -- -j6 -l6
[1.430s] DEBUG:colcon.colcon_core.event_handler.log_command:Invoked command in '/home/karim/mako_robot/mako_ws/build/mako_nolang_interfaces' returned '0': CMAKE_PREFIX_PATH=${CMAKE_PREFIX_PATH}:/home/karim/project_ws/install/ros_project_pkg_py_robot_driver:/home/karim/project_ws/install/dev_test_tools:/home/karim/ros2_ws/install/my_py_pkg:/home/karim/mako_robot/mako_ws/install/mako_py_serial_interface:/home/karim/mako_robot/mako_ws/install/mako_py_feedback_actuators:/home/karim/mako_robot/mako_ws/install/mako_py_brain:/home/karim/mako_robot/mako_ws/install/dev_test_tools:/opt/ros/foxy /usr/bin/cmake --build /home/karim/mako_robot/mako_ws/build/mako_nolang_interfaces -- -j6 -l6
[1.441s] DEBUG:colcon.colcon_core.event_handler.log_command:Invoking command in '/home/karim/mako_robot/mako_ws/build/mako_py_brain': PYTHONPATH=/home/karim/mako_robot/mako_ws/install/mako_py_brain/lib/python3.8/site-packages:${PYTHONPATH} /usr/bin/python3 setup.py develop --prefix /home/karim/mako_robot/mako_ws/install/mako_py_brain --editable --build-directory /home/karim/mako_robot/mako_ws/build/mako_py_brain/build --no-deps install_data --install-dir /home/karim/mako_robot/mako_ws/install/mako_py_brain
[1.464s] DEBUG:colcon.colcon_core.event_handler.log_command:Invoking command in '/home/karim/mako_robot/mako_ws/build/dev_test_tools': PYTHONPATH=/home/karim/mako_robot/mako_ws/install/dev_test_tools/lib/python3.8/site-packages:${PYTHONPATH} /usr/bin/python3 setup.py develop --prefix /home/karim/mako_robot/mako_ws/install/dev_test_tools --editable --build-directory /home/karim/mako_robot/mako_ws/build/dev_test_tools/build --no-deps install_data --install-dir /home/karim/mako_robot/mako_ws/install/dev_test_tools
[1.478s] DEBUG:colcon.colcon_core.event_handler.log_command:Invoking command in '/home/karim/mako_robot/mako_ws/build/mako_py_serial_interface': PYTHONPATH=/home/karim/mako_robot/mako_ws/install/mako_py_serial_interface/lib/python3.8/site-packages:${PYTHONPATH} /usr/bin/python3 setup.py develop --prefix /home/karim/mako_robot/mako_ws/install/mako_py_serial_interface --editable --build-directory /home/karim/mako_robot/mako_ws/build/mako_py_serial_interface/build --no-deps install_data --install-dir /home/karim/mako_robot/mako_ws/install/mako_py_serial_interface
[1.652s] DEBUG:colcon.colcon_core.event_handler.log_command:Invoked command in '/home/karim/mako_robot/mako_ws/build/rplidar_ros' returned '0': CMAKE_PREFIX_PATH=${CMAKE_PREFIX_PATH}:/home/karim/project_ws/install/ros_project_pkg_py_robot_driver:/home/karim/project_ws/install/dev_test_tools:/home/karim/ros2_ws/install/my_py_pkg:/home/karim/mako_robot/mako_ws/install/mako_py_serial_interface:/home/karim/mako_robot/mako_ws/install/mako_py_feedback_actuators:/home/karim/mako_robot/mako_ws/install/mako_py_brain:/home/karim/mako_robot/mako_ws/install/dev_test_tools:/opt/ros/foxy /usr/bin/cmake --build /home/karim/mako_robot/mako_ws/build/rplidar_ros -- -j6 -l6
[1.675s] DEBUG:colcon.colcon_core.event_handler.log_command:Invoking command in '/home/karim/mako_robot/mako_ws/build/mako_nolang_interfaces': CMAKE_PREFIX_PATH=${CMAKE_PREFIX_PATH}:/home/karim/project_ws/install/ros_project_pkg_py_robot_driver:/home/karim/project_ws/install/dev_test_tools:/home/karim/ros2_ws/install/my_py_pkg:/home/karim/mako_robot/mako_ws/install/mako_py_serial_interface:/home/karim/mako_robot/mako_ws/install/mako_py_feedback_actuators:/home/karim/mako_robot/mako_ws/install/mako_py_brain:/home/karim/mako_robot/mako_ws/install/dev_test_tools:/opt/ros/foxy /usr/bin/cmake --install /home/karim/mako_robot/mako_ws/build/mako_nolang_interfaces
[1.761s] DEBUG:colcon.colcon_core.event_handler.log_command:Invoking command in '/home/karim/mako_robot/mako_ws/build/rplidar_ros': CMAKE_PREFIX_PATH=${CMAKE_PREFIX_PATH}:/home/karim/project_ws/install/ros_project_pkg_py_robot_driver:/home/karim/project_ws/install/dev_test_tools:/home/karim/ros2_ws/install/my_py_pkg:/home/karim/mako_robot/mako_ws/install/mako_py_serial_interface:/home/karim/mako_robot/mako_ws/install/mako_py_feedback_actuators:/home/karim/mako_robot/mako_ws/install/mako_py_brain:/home/karim/mako_robot/mako_ws/install/dev_test_tools:/opt/ros/foxy /usr/bin/cmake --install /home/karim/mako_robot/mako_ws/build/rplidar_ros
[1.844s] Level 1:colcon.colcon_core.environment:create_environment_scripts_only(rplidar_ros)
[1.846s] DEBUG:colcon.colcon_core.event_handler.log_command:Invoked command in '/home/karim/mako_robot/mako_ws/build/rplidar_ros' returned '0': CMAKE_PREFIX_PATH=${CMAKE_PREFIX_PATH}:/home/karim/project_ws/install/ros_project_pkg_py_robot_driver:/home/karim/project_ws/install/dev_test_tools:/home/karim/ros2_ws/install/my_py_pkg:/home/karim/mako_robot/mako_ws/install/mako_py_serial_interface:/home/karim/mako_robot/mako_ws/install/mako_py_feedback_actuators:/home/karim/mako_robot/mako_ws/install/mako_py_brain:/home/karim/mako_robot/mako_ws/install/dev_test_tools:/opt/ros/foxy /usr/bin/cmake --install /home/karim/mako_robot/mako_ws/build/rplidar_ros
[1.850s] Level 1:colcon.colcon_core.environment:checking '/home/karim/mako_robot/mako_ws/install/rplidar_ros' for CMake module files
[1.850s] Level 1:colcon.colcon_core.environment:checking '/home/karim/mako_robot/mako_ws/install/rplidar_ros' for CMake config files
[1.851s] Level 1:colcon.colcon_core.shell:create_environment_hook('rplidar_ros', 'cmake_prefix_path')
[1.851s] INFO:colcon.colcon_core.shell:Creating environment hook '/home/karim/mako_robot/mako_ws/install/rplidar_ros/share/rplidar_ros/hook/cmake_prefix_path.ps1'
[1.852s] INFO:colcon.colcon_core.shell:Creating environment descriptor '/home/karim/mako_robot/mako_ws/install/rplidar_ros/share/rplidar_ros/hook/cmake_prefix_path.dsv'
[1.853s] INFO:colcon.colcon_core.shell:Creating environment hook '/home/karim/mako_robot/mako_ws/install/rplidar_ros/share/rplidar_ros/hook/cmake_prefix_path.sh'
[1.855s] Level 1:colcon.colcon_core.environment:checking '/home/karim/mako_robot/mako_ws/install/rplidar_ros/lib'
[1.855s] Level 1:colcon.colcon_core.shell:create_environment_hook('rplidar_ros', 'ld_library_path_lib')
[1.856s] INFO:colcon.colcon_core.shell:Creating environment hook '/home/karim/mako_robot/mako_ws/install/rplidar_ros/share/rplidar_ros/hook/ld_library_path_lib.ps1'
[1.857s] INFO:colcon.colcon_core.shell:Creating environment descriptor '/home/karim/mako_robot/mako_ws/install/rplidar_ros/share/rplidar_ros/hook/ld_library_path_lib.dsv'
[1.858s] INFO:colcon.colcon_core.shell:Creating environment hook '/home/karim/mako_robot/mako_ws/install/rplidar_ros/share/rplidar_ros/hook/ld_library_path_lib.sh'
[1.859s] Level 1:colcon.colcon_core.environment:checking '/home/karim/mako_robot/mako_ws/install/rplidar_ros/bin'
[1.859s] Level 1:colcon.colcon_core.environment:checking '/home/karim/mako_robot/mako_ws/install/rplidar_ros/lib/pkgconfig/rplidar_ros.pc'
[1.859s] Level 1:colcon.colcon_core.environment:checking '/home/karim/mako_robot/mako_ws/install/rplidar_ros/lib/python3.8/site-packages'
[1.861s] INFO:colcon.colcon_core.shell:Creating package script '/home/karim/mako_robot/mako_ws/install/rplidar_ros/share/rplidar_ros/package.ps1'
[1.863s] INFO:colcon.colcon_core.shell:Creating package descriptor '/home/karim/mako_robot/mako_ws/install/rplidar_ros/share/rplidar_ros/package.dsv'
[1.864s] INFO:colcon.colcon_core.shell:Creating package script '/home/karim/mako_robot/mako_ws/install/rplidar_ros/share/rplidar_ros/package.sh'
[1.865s] INFO:colcon.colcon_core.shell:Creating package script '/home/karim/mako_robot/mako_ws/install/rplidar_ros/share/rplidar_ros/package.bash'
[1.868s] INFO:colcon.colcon_core.shell:Creating package script '/home/karim/mako_robot/mako_ws/install/rplidar_ros/share/rplidar_ros/package.zsh'
[1.869s] Level 1:colcon.colcon_core.environment:create_file_with_runtime_dependencies(/home/karim/mako_robot/mako_ws/install/rplidar_ros/share/colcon-core/packages/rplidar_ros)
[1.885s] Level 1:colcon.colcon_core.environment:create_environment_scripts_only(mako_nolang_interfaces)
[1.888s] Level 1:colcon.colcon_core.environment:checking '/home/karim/mako_robot/mako_ws/install/mako_nolang_interfaces' for CMake module files
[1.889s] Level 1:colcon.colcon_core.environment:checking '/home/karim/mako_robot/mako_ws/install/mako_nolang_interfaces' for CMake config files
[1.891s] DEBUG:colcon.colcon_core.event_handler.log_command:Invoked command in '/home/karim/mako_robot/mako_ws/build/mako_nolang_interfaces' returned '0': CMAKE_PREFIX_PATH=${CMAKE_PREFIX_PATH}:/home/karim/project_ws/install/ros_project_pkg_py_robot_driver:/home/karim/project_ws/install/dev_test_tools:/home/karim/ros2_ws/install/my_py_pkg:/home/karim/mako_robot/mako_ws/install/mako_py_serial_interface:/home/karim/mako_robot/mako_ws/install/mako_py_feedback_actuators:/home/karim/mako_robot/mako_ws/install/mako_py_brain:/home/karim/mako_robot/mako_ws/install/dev_test_tools:/opt/ros/foxy /usr/bin/cmake --install /home/karim/mako_robot/mako_ws/build/mako_nolang_interfaces
[1.895s] Level 1:colcon.colcon_core.shell:create_environment_hook('mako_nolang_interfaces', 'cmake_prefix_path')
[1.897s] INFO:colcon.colcon_core.shell:Creating environment hook '/home/karim/mako_robot/mako_ws/install/mako_nolang_interfaces/share/mako_nolang_interfaces/hook/cmake_prefix_path.ps1'
[1.898s] INFO:colcon.colcon_core.shell:Creating environment descriptor '/home/karim/mako_robot/mako_ws/install/mako_nolang_interfaces/share/mako_nolang_interfaces/hook/cmake_prefix_path.dsv'
[1.899s] INFO:colcon.colcon_core.shell:Creating environment hook '/home/karim/mako_robot/mako_ws/install/mako_nolang_interfaces/share/mako_nolang_interfaces/hook/cmake_prefix_path.sh'
[1.901s] Level 1:colcon.colcon_core.environment:checking '/home/karim/mako_robot/mako_ws/install/mako_nolang_interfaces/lib'
[1.901s] Level 1:colcon.colcon_core.shell:create_environment_hook('mako_nolang_interfaces', 'ld_library_path_lib')
[1.902s] INFO:colcon.colcon_core.shell:Creating environment hook '/home/karim/mako_robot/mako_ws/install/mako_nolang_interfaces/share/mako_nolang_interfaces/hook/ld_library_path_lib.ps1'
[1.903s] INFO:colcon.colcon_core.shell:Creating environment descriptor '/home/karim/mako_robot/mako_ws/install/mako_nolang_interfaces/share/mako_nolang_interfaces/hook/ld_library_path_lib.dsv'
[1.904s] INFO:colcon.colcon_core.shell:Creating environment hook '/home/karim/mako_robot/mako_ws/install/mako_nolang_interfaces/share/mako_nolang_interfaces/hook/ld_library_path_lib.sh'
[1.905s] Level 1:colcon.colcon_core.environment:checking '/home/karim/mako_robot/mako_ws/install/mako_nolang_interfaces/bin'
[1.905s] Level 1:colcon.colcon_core.environment:checking '/home/karim/mako_robot/mako_ws/install/mako_nolang_interfaces/lib/pkgconfig/mako_nolang_interfaces.pc'
[1.905s] Level 1:colcon.colcon_core.environment:checking '/home/karim/mako_robot/mako_ws/install/mako_nolang_interfaces/lib/python3.8/site-packages'
[1.905s] Level 1:colcon.colcon_core.shell:create_environment_hook('mako_nolang_interfaces', 'pythonpath')
[1.906s] INFO:colcon.colcon_core.shell:Creating environment hook '/home/karim/mako_robot/mako_ws/install/mako_nolang_interfaces/share/mako_nolang_interfaces/hook/pythonpath.ps1'
[1.907s] INFO:colcon.colcon_core.shell:Creating environment descriptor '/home/karim/mako_robot/mako_ws/install/mako_nolang_interfaces/share/mako_nolang_interfaces/hook/pythonpath.dsv'
[1.907s] INFO:colcon.colcon_core.shell:Creating environment hook '/home/karim/mako_robot/mako_ws/install/mako_nolang_interfaces/share/mako_nolang_interfaces/hook/pythonpath.sh'
[1.910s] INFO:colcon.colcon_core.shell:Creating package script '/home/karim/mako_robot/mako_ws/install/mako_nolang_interfaces/share/mako_nolang_interfaces/package.ps1'
[1.911s] INFO:colcon.colcon_core.shell:Creating package descriptor '/home/karim/mako_robot/mako_ws/install/mako_nolang_interfaces/share/mako_nolang_interfaces/package.dsv'
[1.912s] INFO:colcon.colcon_core.shell:Creating package script '/home/karim/mako_robot/mako_ws/install/mako_nolang_interfaces/share/mako_nolang_interfaces/package.sh'
[1.913s] INFO:colcon.colcon_core.shell:Creating package script '/home/karim/mako_robot/mako_ws/install/mako_nolang_interfaces/share/mako_nolang_interfaces/package.bash'
[1.914s] INFO:colcon.colcon_core.shell:Creating package script '/home/karim/mako_robot/mako_ws/install/mako_nolang_interfaces/share/mako_nolang_interfaces/package.zsh'
[1.915s] Level 1:colcon.colcon_core.environment:create_file_with_runtime_dependencies(/home/karim/mako_robot/mako_ws/install/mako_nolang_interfaces/share/colcon-core/packages/mako_nolang_interfaces)
[1.979s] Level 1:colcon.colcon_core.environment:create_environment_scripts_only(rplidar_ros)
[1.980s] Level 1:colcon.colcon_core.environment:checking '/home/karim/mako_robot/mako_ws/install/rplidar_ros' for CMake module files
[1.981s] Level 1:colcon.colcon_core.environment:checking '/home/karim/mako_robot/mako_ws/install/rplidar_ros' for CMake config files
[1.982s] Level 1:colcon.colcon_core.shell:create_environment_hook('rplidar_ros', 'cmake_prefix_path')
[1.983s] INFO:colcon.colcon_core.shell:Creating environment hook '/home/karim/mako_robot/mako_ws/install/rplidar_ros/share/rplidar_ros/hook/cmake_prefix_path.ps1'
[1.984s] INFO:colcon.colcon_core.shell:Creating environment descriptor '/home/karim/mako_robot/mako_ws/install/rplidar_ros/share/rplidar_ros/hook/cmake_prefix_path.dsv'
[1.985s] INFO:colcon.colcon_core.shell:Creating environment hook '/home/karim/mako_robot/mako_ws/install/rplidar_ros/share/rplidar_ros/hook/cmake_prefix_path.sh'
[1.986s] Level 1:colcon.colcon_core.environment:checking '/home/karim/mako_robot/mako_ws/install/rplidar_ros/lib'
[1.986s] Level 1:colcon.colcon_core.shell:create_environment_hook('rplidar_ros', 'ld_library_path_lib')
[1.988s] INFO:colcon.colcon_core.shell:Creating environment hook '/home/karim/mako_robot/mako_ws/install/rplidar_ros/share/rplidar_ros/hook/ld_library_path_lib.ps1'
[1.988s] INFO:colcon.colcon_core.shell:Creating environment descriptor '/home/karim/mako_robot/mako_ws/install/rplidar_ros/share/rplidar_ros/hook/ld_library_path_lib.dsv'
[1.989s] INFO:colcon.colcon_core.shell:Creating environment hook '/home/karim/mako_robot/mako_ws/install/rplidar_ros/share/rplidar_ros/hook/ld_library_path_lib.sh'
[1.990s] Level 1:colcon.colcon_core.environment:checking '/home/karim/mako_robot/mako_ws/install/rplidar_ros/bin'
[1.991s] Level 1:colcon.colcon_core.environment:checking '/home/karim/mako_robot/mako_ws/install/rplidar_ros/lib/pkgconfig/rplidar_ros.pc'
[1.991s] Level 1:colcon.colcon_core.environment:checking '/home/karim/mako_robot/mako_ws/install/rplidar_ros/lib/python3.8/site-packages'
[1.992s] INFO:colcon.colcon_core.shell:Creating package script '/home/karim/mako_robot/mako_ws/install/rplidar_ros/share/rplidar_ros/package.ps1'
[1.993s] INFO:colcon.colcon_core.shell:Creating package descriptor '/home/karim/mako_robot/mako_ws/install/rplidar_ros/share/rplidar_ros/package.dsv'
[1.994s] INFO:colcon.colcon_core.shell:Creating package script '/home/karim/mako_robot/mako_ws/install/rplidar_ros/share/rplidar_ros/package.sh'
[1.996s] INFO:colcon.colcon_core.shell:Creating package script '/home/karim/mako_robot/mako_ws/install/rplidar_ros/share/rplidar_ros/package.bash'
[1.997s] INFO:colcon.colcon_core.shell:Creating package script '/home/karim/mako_robot/mako_ws/install/rplidar_ros/share/rplidar_ros/package.zsh'
[1.998s] Level 1:colcon.colcon_core.environment:create_file_with_runtime_dependencies(/home/karim/mako_robot/mako_ws/install/rplidar_ros/share/colcon-core/packages/rplidar_ros)
[2.074s] Level 1:colcon.colcon_core.environment:create_environment_scripts_only(mako_nolang_interfaces)
[2.076s] Level 1:colcon.colcon_core.environment:checking '/home/karim/mako_robot/mako_ws/install/mako_nolang_interfaces' for CMake module files
[2.077s] Level 1:colcon.colcon_core.environment:checking '/home/karim/mako_robot/mako_ws/install/mako_nolang_interfaces' for CMake config files
[2.078s] Level 1:colcon.colcon_core.shell:create_environment_hook('mako_nolang_interfaces', 'cmake_prefix_path')
[2.079s] INFO:colcon.colcon_core.shell:Creating environment hook '/home/karim/mako_robot/mako_ws/install/mako_nolang_interfaces/share/mako_nolang_interfaces/hook/cmake_prefix_path.ps1'
[2.080s] INFO:colcon.colcon_core.shell:Creating environment descriptor '/home/karim/mako_robot/mako_ws/install/mako_nolang_interfaces/share/mako_nolang_interfaces/hook/cmake_prefix_path.dsv'
[2.081s] INFO:colcon.colcon_core.shell:Creating environment hook '/home/karim/mako_robot/mako_ws/install/mako_nolang_interfaces/share/mako_nolang_interfaces/hook/cmake_prefix_path.sh'
[2.082s] Level 1:colcon.colcon_core.environment:checking '/home/karim/mako_robot/mako_ws/install/mako_nolang_interfaces/lib'
[2.083s] Level 1:colcon.colcon_core.shell:create_environment_hook('mako_nolang_interfaces', 'ld_library_path_lib')
[2.084s] INFO:colcon.colcon_core.shell:Creating environment hook '/home/karim/mako_robot/mako_ws/install/mako_nolang_interfaces/share/mako_nolang_interfaces/hook/ld_library_path_lib.ps1'
[2.084s] INFO:colcon.colcon_core.shell:Creating environment descriptor '/home/karim/mako_robot/mako_ws/install/mako_nolang_interfaces/share/mako_nolang_interfaces/hook/ld_library_path_lib.dsv'
[2.085s] INFO:colcon.colcon_core.shell:Creating environment hook '/home/karim/mako_robot/mako_ws/install/mako_nolang_interfaces/share/mako_nolang_interfaces/hook/ld_library_path_lib.sh'
[2.086s] Level 1:colcon.colcon_core.environment:checking '/home/karim/mako_robot/mako_ws/install/mako_nolang_interfaces/bin'
[2.087s] Level 1:colcon.colcon_core.environment:checking '/home/karim/mako_robot/mako_ws/install/mako_nolang_interfaces/lib/pkgconfig/mako_nolang_interfaces.pc'
[2.087s] Level 1:colcon.colcon_core.environment:checking '/home/karim/mako_robot/mako_ws/install/mako_nolang_interfaces/lib/python3.8/site-packages'
[2.087s] Level 1:colcon.colcon_core.shell:create_environment_hook('mako_nolang_interfaces', 'pythonpath')
[2.088s] INFO:colcon.colcon_core.shell:Creating environment hook '/home/karim/mako_robot/mako_ws/install/mako_nolang_interfaces/share/mako_nolang_interfaces/hook/pythonpath.ps1'
[2.089s] INFO:colcon.colcon_core.shell:Creating environment descriptor '/home/karim/mako_robot/mako_ws/install/mako_nolang_interfaces/share/mako_nolang_interfaces/hook/pythonpath.dsv'
[2.090s] INFO:colcon.colcon_core.shell:Creating environment hook '/home/karim/mako_robot/mako_ws/install/mako_nolang_interfaces/share/mako_nolang_interfaces/hook/pythonpath.sh'
[2.092s] INFO:colcon.colcon_core.shell:Creating package script '/home/karim/mako_robot/mako_ws/install/mako_nolang_interfaces/share/mako_nolang_interfaces/package.ps1'
[2.105s] INFO:colcon.colcon_core.shell:Creating package descriptor '/home/karim/mako_robot/mako_ws/install/mako_nolang_interfaces/share/mako_nolang_interfaces/package.dsv'
[2.107s] INFO:colcon.colcon_core.shell:Creating package script '/home/karim/mako_robot/mako_ws/install/mako_nolang_interfaces/share/mako_nolang_interfaces/package.sh'
[2.109s] INFO:colcon.colcon_core.shell:Creating package script '/home/karim/mako_robot/mako_ws/install/mako_nolang_interfaces/share/mako_nolang_interfaces/package.bash'
[2.112s] INFO:colcon.colcon_core.shell:Creating package script '/home/karim/mako_robot/mako_ws/install/mako_nolang_interfaces/share/mako_nolang_interfaces/package.zsh'
[2.114s] Level 1:colcon.colcon_core.environment:create_file_with_runtime_dependencies(/home/karim/mako_robot/mako_ws/install/mako_nolang_interfaces/share/colcon-core/packages/mako_nolang_interfaces)
[2.115s] INFO:colcon.colcon_ros.task.ament_python.build:Building ROS package in '/home/karim/mako_robot/mako_ws/src/mako_py_feedback_actuators' with build type 'ament_python'
[2.115s] Level 1:colcon.colcon_core.shell:create_environment_hook('mako_py_feedback_actuators', 'ament_prefix_path')
[2.116s] INFO:colcon.colcon_core.shell:Creating environment hook '/home/karim/mako_robot/mako_ws/install/mako_py_feedback_actuators/share/mako_py_feedback_actuators/hook/ament_prefix_path.ps1'
[2.118s] INFO:colcon.colcon_core.shell:Creating environment descriptor '/home/karim/mako_robot/mako_ws/install/mako_py_feedback_actuators/share/mako_py_feedback_actuators/hook/ament_prefix_path.dsv'
[2.119s] INFO:colcon.colcon_core.shell:Creating environment hook '/home/karim/mako_robot/mako_ws/install/mako_py_feedback_actuators/share/mako_py_feedback_actuators/hook/ament_prefix_path.sh'
[2.121s] INFO:colcon.colcon_core.shell:Skip shell extension 'powershell' for command environment: Not usable outside of PowerShell
[2.121s] DEBUG:colcon.colcon_core.shell:Skip shell extension 'dsv' for command environment
[2.128s] DEBUG:colcon.colcon_core.shell:Ignoring prefix path '/opt/ros/foxy'
[2.576s] INFO:colcon.colcon_core.task.python.build:Building Python package in '/home/karim/mako_robot/mako_ws/src/mako_py_feedback_actuators'
[2.577s] INFO:colcon.colcon_core.shell:Skip shell extension 'powershell' for command environment: Not usable outside of PowerShell
[2.578s] DEBUG:colcon.colcon_core.shell:Skip shell extension 'dsv' for command environment
[2.581s] DEBUG:colcon.colcon_core.shell:Ignoring prefix path '/opt/ros/foxy'
[2.595s] Level 1:colcon.colcon_core.shell:create_environment_hook('mako_py_serial_interface', 'pythonpath_develop')
[2.596s] INFO:colcon.colcon_core.shell:Creating environment hook '/home/karim/mako_robot/mako_ws/build/mako_py_serial_interface/share/mako_py_serial_interface/hook/pythonpath_develop.ps1'
[2.597s] DEBUG:colcon.colcon_core.event_handler.log_command:Invoked command in '/home/karim/mako_robot/mako_ws/build/mako_py_serial_interface' returned '0': PYTHONPATH=/home/karim/mako_robot/mako_ws/install/mako_py_serial_interface/lib/python3.8/site-packages:${PYTHONPATH} /usr/bin/python3 setup.py develop --prefix /home/karim/mako_robot/mako_ws/install/mako_py_serial_interface --editable --build-directory /home/karim/mako_robot/mako_ws/build/mako_py_serial_interface/build --no-deps install_data --install-dir /home/karim/mako_robot/mako_ws/install/mako_py_serial_interface
[2.598s] INFO:colcon.colcon_core.shell:Creating environment descriptor '/home/karim/mako_robot/mako_ws/build/mako_py_serial_interface/share/mako_py_serial_interface/hook/pythonpath_develop.dsv'
[2.598s] INFO:colcon.colcon_core.shell:Creating environment hook '/home/karim/mako_robot/mako_ws/build/mako_py_serial_interface/share/mako_py_serial_interface/hook/pythonpath_develop.sh'
[2.600s] Level 1:colcon.colcon_core.environment:checking '/home/karim/mako_robot/mako_ws/install/mako_py_serial_interface' for CMake module files
[2.601s] Level 1:colcon.colcon_core.environment:checking '/home/karim/mako_robot/mako_ws/install/mako_py_serial_interface' for CMake config files
[2.602s] Level 1:colcon.colcon_core.environment:checking '/home/karim/mako_robot/mako_ws/install/mako_py_serial_interface/lib'
[2.602s] Level 1:colcon.colcon_core.environment:checking '/home/karim/mako_robot/mako_ws/install/mako_py_serial_interface/bin'
[2.602s] Level 1:colcon.colcon_core.environment:checking '/home/karim/mako_robot/mako_ws/install/mako_py_serial_interface/lib/pkgconfig/mako_py_serial_interface.pc'
[2.602s] Level 1:colcon.colcon_core.environment:checking '/home/karim/mako_robot/mako_ws/install/mako_py_serial_interface/lib/python3.8/site-packages'
[2.602s] Level 1:colcon.colcon_core.shell:create_environment_hook('mako_py_serial_interface', 'pythonpath')
[2.603s] INFO:colcon.colcon_core.shell:Creating environment hook '/home/karim/mako_robot/mako_ws/install/mako_py_serial_interface/share/mako_py_serial_interface/hook/pythonpath.ps1'
[2.603s] INFO:colcon.colcon_core.shell:Creating environment descriptor '/home/karim/mako_robot/mako_ws/install/mako_py_serial_interface/share/mako_py_serial_interface/hook/pythonpath.dsv'
[2.607s] INFO:colcon.colcon_core.shell:Creating environment hook '/home/karim/mako_robot/mako_ws/install/mako_py_serial_interface/share/mako_py_serial_interface/hook/pythonpath.sh'
[2.608s] Level 1:colcon.colcon_core.environment:create_environment_scripts_only(mako_py_serial_interface)
[2.609s] INFO:colcon.colcon_core.shell:Creating package script '/home/karim/mako_robot/mako_ws/install/mako_py_serial_interface/share/mako_py_serial_interface/package.ps1'
[2.610s] INFO:colcon.colcon_core.shell:Creating package descriptor '/home/karim/mako_robot/mako_ws/install/mako_py_serial_interface/share/mako_py_serial_interface/package.dsv'
[2.612s] INFO:colcon.colcon_core.shell:Creating package script '/home/karim/mako_robot/mako_ws/install/mako_py_serial_interface/share/mako_py_serial_interface/package.sh'
[2.613s] INFO:colcon.colcon_core.shell:Creating package script '/home/karim/mako_robot/mako_ws/install/mako_py_serial_interface/share/mako_py_serial_interface/package.bash'
[2.614s] INFO:colcon.colcon_core.shell:Creating package script '/home/karim/mako_robot/mako_ws/install/mako_py_serial_interface/share/mako_py_serial_interface/package.zsh'
[2.614s] Level 1:colcon.colcon_core.environment:create_file_with_runtime_dependencies(/home/karim/mako_robot/mako_ws/install/mako_py_serial_interface/share/colcon-core/packages/mako_py_serial_interface)
[2.615s] Level 1:colcon.colcon_core.shell:create_environment_hook('mako_py_brain', 'pythonpath_develop')
[2.616s] INFO:colcon.colcon_core.shell:Creating environment hook '/home/karim/mako_robot/mako_ws/build/mako_py_brain/share/mako_py_brain/hook/pythonpath_develop.ps1'
[2.617s] INFO:colcon.colcon_core.shell:Creating environment descriptor '/home/karim/mako_robot/mako_ws/build/mako_py_brain/share/mako_py_brain/hook/pythonpath_develop.dsv'
[2.619s] DEBUG:colcon.colcon_core.event_handler.log_command:Invoked command in '/home/karim/mako_robot/mako_ws/build/mako_py_brain' returned '0': PYTHONPATH=/home/karim/mako_robot/mako_ws/install/mako_py_brain/lib/python3.8/site-packages:${PYTHONPATH} /usr/bin/python3 setup.py develop --prefix /home/karim/mako_robot/mako_ws/install/mako_py_brain --editable --build-directory /home/karim/mako_robot/mako_ws/build/mako_py_brain/build --no-deps install_data --install-dir /home/karim/mako_robot/mako_ws/install/mako_py_brain
[2.620s] INFO:colcon.colcon_core.shell:Creating environment hook '/home/karim/mako_robot/mako_ws/build/mako_py_brain/share/mako_py_brain/hook/pythonpath_develop.sh'
[2.622s] Level 1:colcon.colcon_core.environment:checking '/home/karim/mako_robot/mako_ws/install/mako_py_brain' for CMake module files
[2.622s] Level 1:colcon.colcon_core.environment:checking '/home/karim/mako_robot/mako_ws/install/mako_py_brain' for CMake config files
[2.623s] Level 1:colcon.colcon_core.environment:checking '/home/karim/mako_robot/mako_ws/install/mako_py_brain/lib'
[2.623s] Level 1:colcon.colcon_core.environment:checking '/home/karim/mako_robot/mako_ws/install/mako_py_brain/bin'
[2.623s] Level 1:colcon.colcon_core.environment:checking '/home/karim/mako_robot/mako_ws/install/mako_py_brain/lib/pkgconfig/mako_py_brain.pc'
[2.623s] Level 1:colcon.colcon_core.environment:checking '/home/karim/mako_robot/mako_ws/install/mako_py_brain/lib/python3.8/site-packages'
[2.623s] Level 1:colcon.colcon_core.shell:create_environment_hook('mako_py_brain', 'pythonpath')
[2.624s] INFO:colcon.colcon_core.shell:Creating environment hook '/home/karim/mako_robot/mako_ws/install/mako_py_brain/share/mako_py_brain/hook/pythonpath.ps1'
[2.624s] INFO:colcon.colcon_core.shell:Creating environment descriptor '/home/karim/mako_robot/mako_ws/install/mako_py_brain/share/mako_py_brain/hook/pythonpath.dsv'
[2.625s] INFO:colcon.colcon_core.shell:Creating environment hook '/home/karim/mako_robot/mako_ws/install/mako_py_brain/share/mako_py_brain/hook/pythonpath.sh'
[2.626s] Level 1:colcon.colcon_core.environment:create_environment_scripts_only(mako_py_brain)
[2.627s] INFO:colcon.colcon_core.shell:Creating package script '/home/karim/mako_robot/mako_ws/install/mako_py_brain/share/mako_py_brain/package.ps1'
[2.627s] INFO:colcon.colcon_core.shell:Creating package descriptor '/home/karim/mako_robot/mako_ws/install/mako_py_brain/share/mako_py_brain/package.dsv'
[2.630s] INFO:colcon.colcon_core.shell:Creating package script '/home/karim/mako_robot/mako_ws/install/mako_py_brain/share/mako_py_brain/package.sh'
[2.632s] INFO:colcon.colcon_core.shell:Creating package script '/home/karim/mako_robot/mako_ws/install/mako_py_brain/share/mako_py_brain/package.bash'
[2.633s] INFO:colcon.colcon_core.shell:Creating package script '/home/karim/mako_robot/mako_ws/install/mako_py_brain/share/mako_py_brain/package.zsh'
[2.634s] Level 1:colcon.colcon_core.environment:create_file_with_runtime_dependencies(/home/karim/mako_robot/mako_ws/install/mako_py_brain/share/colcon-core/packages/mako_py_brain)
[2.635s] Level 1:colcon.colcon_core.shell:create_environment_hook('dev_test_tools', 'pythonpath_develop')
[2.635s] INFO:colcon.colcon_core.shell:Creating environment hook '/home/karim/mako_robot/mako_ws/build/dev_test_tools/share/dev_test_tools/hook/pythonpath_develop.ps1'
[2.637s] INFO:colcon.colcon_core.shell:Creating environment descriptor '/home/karim/mako_robot/mako_ws/build/dev_test_tools/share/dev_test_tools/hook/pythonpath_develop.dsv'
[2.638s] INFO:colcon.colcon_core.shell:Creating environment hook '/home/karim/mako_robot/mako_ws/build/dev_test_tools/share/dev_test_tools/hook/pythonpath_develop.sh'
[2.640s] DEBUG:colcon.colcon_core.event_handler.log_command:Invoked command in '/home/karim/mako_robot/mako_ws/build/dev_test_tools' returned '0': PYTHONPATH=/home/karim/mako_robot/mako_ws/install/dev_test_tools/lib/python3.8/site-packages:${PYTHONPATH} /usr/bin/python3 setup.py develop --prefix /home/karim/mako_robot/mako_ws/install/dev_test_tools --editable --build-directory /home/karim/mako_robot/mako_ws/build/dev_test_tools/build --no-deps install_data --install-dir /home/karim/mako_robot/mako_ws/install/dev_test_tools
[2.642s] Level 1:colcon.colcon_core.environment:checking '/home/karim/mako_robot/mako_ws/install/dev_test_tools' for CMake module files
[2.642s] Level 1:colcon.colcon_core.environment:checking '/home/karim/mako_robot/mako_ws/install/dev_test_tools' for CMake config files
[2.643s] Level 1:colcon.colcon_core.environment:checking '/home/karim/mako_robot/mako_ws/install/dev_test_tools/lib'
[2.643s] Level 1:colcon.colcon_core.environment:checking '/home/karim/mako_robot/mako_ws/install/dev_test_tools/bin'
[2.643s] Level 1:colcon.colcon_core.environment:checking '/home/karim/mako_robot/mako_ws/install/dev_test_tools/lib/pkgconfig/dev_test_tools.pc'
[2.643s] Level 1:colcon.colcon_core.environment:checking '/home/karim/mako_robot/mako_ws/install/dev_test_tools/lib/python3.8/site-packages'
[2.643s] Level 1:colcon.colcon_core.shell:create_environment_hook('dev_test_tools', 'pythonpath')
[2.644s] INFO:colcon.colcon_core.shell:Creating environment hook '/home/karim/mako_robot/mako_ws/install/dev_test_tools/share/dev_test_tools/hook/pythonpath.ps1'
[2.644s] INFO:colcon.colcon_core.shell:Creating environment descriptor '/home/karim/mako_robot/mako_ws/install/dev_test_tools/share/dev_test_tools/hook/pythonpath.dsv'
[2.645s] INFO:colcon.colcon_core.shell:Creating environment hook '/home/karim/mako_robot/mako_ws/install/dev_test_tools/share/dev_test_tools/hook/pythonpath.sh'
[2.647s] Level 1:colcon.colcon_core.environment:create_environment_scripts_only(dev_test_tools)
[2.648s] INFO:colcon.colcon_core.shell:Creating package script '/home/karim/mako_robot/mako_ws/install/dev_test_tools/share/dev_test_tools/package.ps1'
[2.649s] INFO:colcon.colcon_core.shell:Creating package descriptor '/home/karim/mako_robot/mako_ws/install/dev_test_tools/share/dev_test_tools/package.dsv'
[2.649s] INFO:colcon.colcon_core.shell:Creating package script '/home/karim/mako_robot/mako_ws/install/dev_test_tools/share/dev_test_tools/package.sh'
[2.650s] INFO:colcon.colcon_core.shell:Creating package script '/home/karim/mako_robot/mako_ws/install/dev_test_tools/share/dev_test_tools/package.bash'
[2.651s] INFO:colcon.colcon_core.shell:Creating package script '/home/karim/mako_robot/mako_ws/install/dev_test_tools/share/dev_test_tools/package.zsh'
[2.662s] Level 1:colcon.colcon_core.environment:create_file_with_runtime_dependencies(/home/karim/mako_robot/mako_ws/install/dev_test_tools/share/colcon-core/packages/dev_test_tools)
[2.675s] DEBUG:colcon.colcon_core.event_handler.log_command:Invoking command in '/home/karim/mako_robot/mako_ws/build/mako_py_feedback_actuators': CMAKE_PREFIX_PATH=/home/karim/mako_robot/mako_ws/install/mako_nolang_interfaces:/home/karim/project_ws/install/ros-project_pkg-cpp_robot-bringup:/home/karim/project_ws/install/ros-project_pkg-cpp_robot-driver-spawner:/home/karim/project_ws/install/ros_project_pkg_cpp_robot_interfaces:/home/karim/ros2_ws/install/serv_act_sol_pkg:/home/karim/ros2_ws/install/serv_act_sol_interfaces:/home/karim/ros2_ws/install/my_cpp_pkg:/home/karim/ros2_ws/install/robot_interfaces:/home/karim/mako_robot/mako_ws/install/rplidar_ros:/home/karim/mako_robot/mako_ws/install/mako_nolang_launch PYTHONPATH=/home/karim/mako_robot/mako_ws/install/mako_py_feedback_actuators/lib/python3.8/site-packages:/home/karim/mako_robot/mako_ws/install/mako_nolang_interfaces/lib/python3.8/site-packages:/home/karim/mako_robot/mako_ws/build/mako_py_serial_interface:/home/karim/mako_robot/mako_ws/build/mako_py_feedback_actuators:/home/karim/mako_robot/mako_ws/build/mako_py_brain:/home/karim/mako_robot/mako_ws/build/dev_test_tools:/home/karim/project_ws/install/ros_project_pkg_py_robot_driver/lib/python3.8/site-packages:/home/karim/project_ws/install/ros_project_pkg_cpp_robot_interfaces/lib/python3.8/site-packages:/home/karim/project_ws/install/dev_test_tools/lib/python3.8/site-packages:/home/karim/ros2_ws/install/serv_act_sol_interfaces/lib/python3.8/site-packages:/home/karim/ros2_ws/install/robot_interfaces/lib/python3.8/site-packages:/home/karim/ros2_ws/install/my_py_pkg/lib/python3.8/site-packages:/home/karim/mako_robot/mako_ws/install/mako_py_serial_interface/lib/python3.8/site-packages:/home/karim/mako_robot/mako_ws/install/mako_py_feedback_actuators/lib/python3.8/site-packages:/home/karim/mako_robot/mako_ws/install/mako_py_brain/lib/python3.8/site-packages:/home/karim/mako_robot/mako_ws/install/dev_test_tools/lib/python3.8/site-packages:/opt/ros/foxy/lib/python3.8/site-packages /usr/bin/python3 setup.py develop --prefix /home/karim/mako_robot/mako_ws/install/mako_py_feedback_actuators --editable --build-directory /home/karim/mako_robot/mako_ws/build/mako_py_feedback_actuators/build --no-deps install_data --install-dir /home/karim/mako_robot/mako_ws/install/mako_py_feedback_actuators
[3.314s] Level 1:colcon.colcon_core.shell:create_environment_hook('mako_py_feedback_actuators', 'pythonpath_develop')
[3.315s] INFO:colcon.colcon_core.shell:Creating environment hook '/home/karim/mako_robot/mako_ws/build/mako_py_feedback_actuators/share/mako_py_feedback_actuators/hook/pythonpath_develop.ps1'
[3.317s] DEBUG:colcon.colcon_core.event_handler.log_command:Invoked command in '/home/karim/mako_robot/mako_ws/build/mako_py_feedback_actuators' returned '0': CMAKE_PREFIX_PATH=/home/karim/mako_robot/mako_ws/install/mako_nolang_interfaces:/home/karim/project_ws/install/ros-project_pkg-cpp_robot-bringup:/home/karim/project_ws/install/ros-project_pkg-cpp_robot-driver-spawner:/home/karim/project_ws/install/ros_project_pkg_cpp_robot_interfaces:/home/karim/ros2_ws/install/serv_act_sol_pkg:/home/karim/ros2_ws/install/serv_act_sol_interfaces:/home/karim/ros2_ws/install/my_cpp_pkg:/home/karim/ros2_ws/install/robot_interfaces:/home/karim/mako_robot/mako_ws/install/rplidar_ros:/home/karim/mako_robot/mako_ws/install/mako_nolang_launch PYTHONPATH=/home/karim/mako_robot/mako_ws/install/mako_py_feedback_actuators/lib/python3.8/site-packages:/home/karim/mako_robot/mako_ws/install/mako_nolang_interfaces/lib/python3.8/site-packages:/home/karim/mako_robot/mako_ws/build/mako_py_serial_interface:/home/karim/mako_robot/mako_ws/build/mako_py_feedback_actuators:/home/karim/mako_robot/mako_ws/build/mako_py_brain:/home/karim/mako_robot/mako_ws/build/dev_test_tools:/home/karim/project_ws/install/ros_project_pkg_py_robot_driver/lib/python3.8/site-packages:/home/karim/project_ws/install/ros_project_pkg_cpp_robot_interfaces/lib/python3.8/site-packages:/home/karim/project_ws/install/dev_test_tools/lib/python3.8/site-packages:/home/karim/ros2_ws/install/serv_act_sol_interfaces/lib/python3.8/site-packages:/home/karim/ros2_ws/install/robot_interfaces/lib/python3.8/site-packages:/home/karim/ros2_ws/install/my_py_pkg/lib/python3.8/site-packages:/home/karim/mako_robot/mako_ws/install/mako_py_serial_interface/lib/python3.8/site-packages:/home/karim/mako_robot/mako_ws/install/mako_py_feedback_actuators/lib/python3.8/site-packages:/home/karim/mako_robot/mako_ws/install/mako_py_brain/lib/python3.8/site-packages:/home/karim/mako_robot/mako_ws/install/dev_test_tools/lib/python3.8/site-packages:/opt/ros/foxy/lib/python3.8/site-packages /usr/bin/python3 setup.py develop --prefix /home/karim/mako_robot/mako_ws/install/mako_py_feedback_actuators --editable --build-directory /home/karim/mako_robot/mako_ws/build/mako_py_feedback_actuators/build --no-deps install_data --install-dir /home/karim/mako_robot/mako_ws/install/mako_py_feedback_actuators
[3.318s] INFO:colcon.colcon_core.shell:Creating environment descriptor '/home/karim/mako_robot/mako_ws/build/mako_py_feedback_actuators/share/mako_py_feedback_actuators/hook/pythonpath_develop.dsv'
[3.318s] INFO:colcon.colcon_core.shell:Creating environment hook '/home/karim/mako_robot/mako_ws/build/mako_py_feedback_actuators/share/mako_py_feedback_actuators/hook/pythonpath_develop.sh'
[3.320s] Level 1:colcon.colcon_core.environment:checking '/home/karim/mako_robot/mako_ws/install/mako_py_feedback_actuators' for CMake module files
[3.321s] Level 1:colcon.colcon_core.environment:checking '/home/karim/mako_robot/mako_ws/install/mako_py_feedback_actuators' for CMake config files
[3.321s] Level 1:colcon.colcon_core.environment:checking '/home/karim/mako_robot/mako_ws/install/mako_py_feedback_actuators/lib'
[3.321s] Level 1:colcon.colcon_core.environment:checking '/home/karim/mako_robot/mako_ws/install/mako_py_feedback_actuators/bin'
[3.322s] Level 1:colcon.colcon_core.environment:checking '/home/karim/mako_robot/mako_ws/install/mako_py_feedback_actuators/lib/pkgconfig/mako_py_feedback_actuators.pc'
[3.322s] Level 1:colcon.colcon_core.environment:checking '/home/karim/mako_robot/mako_ws/install/mako_py_feedback_actuators/lib/python3.8/site-packages'
[3.322s] Level 1:colcon.colcon_core.shell:create_environment_hook('mako_py_feedback_actuators', 'pythonpath')
[3.322s] INFO:colcon.colcon_core.shell:Creating environment hook '/home/karim/mako_robot/mako_ws/install/mako_py_feedback_actuators/share/mako_py_feedback_actuators/hook/pythonpath.ps1'
[3.323s] INFO:colcon.colcon_core.shell:Creating environment descriptor '/home/karim/mako_robot/mako_ws/install/mako_py_feedback_actuators/share/mako_py_feedback_actuators/hook/pythonpath.dsv'
[3.323s] INFO:colcon.colcon_core.shell:Creating environment hook '/home/karim/mako_robot/mako_ws/install/mako_py_feedback_actuators/share/mako_py_feedback_actuators/hook/pythonpath.sh'
[3.324s] Level 1:colcon.colcon_core.environment:create_environment_scripts_only(mako_py_feedback_actuators)
[3.325s] INFO:colcon.colcon_core.shell:Creating package script '/home/karim/mako_robot/mako_ws/install/mako_py_feedback_actuators/share/mako_py_feedback_actuators/package.ps1'
[3.326s] INFO:colcon.colcon_core.shell:Creating package descriptor '/home/karim/mako_robot/mako_ws/install/mako_py_feedback_actuators/share/mako_py_feedback_actuators/package.dsv'
[3.327s] INFO:colcon.colcon_core.shell:Creating package script '/home/karim/mako_robot/mako_ws/install/mako_py_feedback_actuators/share/mako_py_feedback_actuators/package.sh'
[3.328s] INFO:colcon.colcon_core.shell:Creating package script '/home/karim/mako_robot/mako_ws/install/mako_py_feedback_actuators/share/mako_py_feedback_actuators/package.bash'
[3.328s] INFO:colcon.colcon_core.shell:Creating package script '/home/karim/mako_robot/mako_ws/install/mako_py_feedback_actuators/share/mako_py_feedback_actuators/package.zsh'
[3.329s] Level 1:colcon.colcon_core.environment:create_file_with_runtime_dependencies(/home/karim/mako_robot/mako_ws/install/mako_py_feedback_actuators/share/colcon-core/packages/mako_py_feedback_actuators)
[3.330s] INFO:colcon.colcon_ros.task.ament_cmake.build:Building ROS package in '/home/karim/mako_robot/mako_ws/src/mako_nolang_launch' with build type 'ament_cmake'
[3.330s] INFO:colcon.colcon_cmake.task.cmake.build:Building CMake package in '/home/karim/mako_robot/mako_ws/src/mako_nolang_launch'
[3.331s] INFO:colcon.colcon_core.shell:Skip shell extension 'powershell' for command environment: Not usable outside of PowerShell
[3.331s] DEBUG:colcon.colcon_core.shell:Skip shell extension 'dsv' for command environment
[3.337s] DEBUG:colcon.colcon_core.shell:Ignoring prefix path '/opt/ros/foxy'
[3.400s] DEBUG:colcon.colcon_core.event_handler.log_command:Invoking command in '/home/karim/mako_robot/mako_ws/build/mako_nolang_launch': AMENT_PREFIX_PATH=/home/karim/mako_robot/mako_ws/install/mako_py_feedback_actuators:/home/karim/mako_robot/mako_ws/install/mako_py_brain:/home/karim/project_ws/install/ros_project_pkg_py_robot_driver:/home/karim/project_ws/install/ros-project_pkg-cpp_robot-bringup:/home/karim/project_ws/install/ros-project_pkg-cpp_robot-driver-spawner:/home/karim/project_ws/install/ros_project_pkg_cpp_robot_interfaces:/home/karim/project_ws/install/dev_test_tools:/home/karim/ros2_ws/install/serv_act_sol_pkg:/home/karim/ros2_ws/install/serv_act_sol_interfaces:/home/karim/ros2_ws/install/my_cpp_pkg:/home/karim/ros2_ws/install/robot_interfaces:/home/karim/ros2_ws/install/my_py_pkg:/home/karim/mako_robot/mako_ws/install/rplidar_ros:/home/karim/mako_robot/mako_ws/install/mako_py_serial_interface:/home/karim/mako_robot/mako_ws/install/mako_nolang_launch:/home/karim/mako_robot/mako_ws/install/mako_nolang_interfaces:/home/karim/mako_robot/mako_ws/install/dev_test_tools:/opt/ros/foxy CMAKE_PREFIX_PATH=/home/karim/mako_robot/mako_ws/install/mako_nolang_interfaces:/home/karim/project_ws/install/ros-project_pkg-cpp_robot-bringup:/home/karim/project_ws/install/ros-project_pkg-cpp_robot-driver-spawner:/home/karim/project_ws/install/ros_project_pkg_cpp_robot_interfaces:/home/karim/ros2_ws/install/serv_act_sol_pkg:/home/karim/ros2_ws/install/serv_act_sol_interfaces:/home/karim/ros2_ws/install/my_cpp_pkg:/home/karim/ros2_ws/install/robot_interfaces:/home/karim/mako_robot/mako_ws/install/rplidar_ros:/home/karim/mako_robot/mako_ws/install/mako_nolang_launch:/home/karim/project_ws/install/ros_project_pkg_py_robot_driver:/home/karim/project_ws/install/dev_test_tools:/home/karim/ros2_ws/install/my_py_pkg:/home/karim/mako_robot/mako_ws/install/mako_py_serial_interface:/home/karim/mako_robot/mako_ws/install/mako_py_feedback_actuators:/home/karim/mako_robot/mako_ws/install/mako_py_brain:/home/karim/mako_robot/mako_ws/install/dev_test_tools:/opt/ros/foxy PYTHONPATH=/home/karim/mako_robot/mako_ws/build/mako_py_feedback_actuators:/home/karim/mako_robot/mako_ws/install/mako_py_feedback_actuators/lib/python3.8/site-packages:/home/karim/mako_robot/mako_ws/build/mako_py_brain:/home/karim/mako_robot/mako_ws/install/mako_py_brain/lib/python3.8/site-packages:/home/karim/mako_robot/mako_ws/install/mako_nolang_interfaces/lib/python3.8/site-packages:/home/karim/mako_robot/mako_ws/build/mako_py_serial_interface:/home/karim/mako_robot/mako_ws/build/dev_test_tools:/home/karim/project_ws/install/ros_project_pkg_py_robot_driver/lib/python3.8/site-packages:/home/karim/project_ws/install/ros_project_pkg_cpp_robot_interfaces/lib/python3.8/site-packages:/home/karim/project_ws/install/dev_test_tools/lib/python3.8/site-packages:/home/karim/ros2_ws/install/serv_act_sol_interfaces/lib/python3.8/site-packages:/home/karim/ros2_ws/install/robot_interfaces/lib/python3.8/site-packages:/home/karim/ros2_ws/install/my_py_pkg/lib/python3.8/site-packages:/home/karim/mako_robot/mako_ws/install/mako_py_serial_interface/lib/python3.8/site-packages:/home/karim/mako_robot/mako_ws/install/dev_test_tools/lib/python3.8/site-packages:/opt/ros/foxy/lib/python3.8/site-packages /usr/bin/cmake --build /home/karim/mako_robot/mako_ws/build/mako_nolang_launch -- -j6 -l6
[3.449s] DEBUG:colcon.colcon_core.event_handler.log_command:Invoked command in '/home/karim/mako_robot/mako_ws/build/mako_nolang_launch' returned '0': AMENT_PREFIX_PATH=/home/karim/mako_robot/mako_ws/install/mako_py_feedback_actuators:/home/karim/mako_robot/mako_ws/install/mako_py_brain:/home/karim/project_ws/install/ros_project_pkg_py_robot_driver:/home/karim/project_ws/install/ros-project_pkg-cpp_robot-bringup:/home/karim/project_ws/install/ros-project_pkg-cpp_robot-driver-spawner:/home/karim/project_ws/install/ros_project_pkg_cpp_robot_interfaces:/home/karim/project_ws/install/dev_test_tools:/home/karim/ros2_ws/install/serv_act_sol_pkg:/home/karim/ros2_ws/install/serv_act_sol_interfaces:/home/karim/ros2_ws/install/my_cpp_pkg:/home/karim/ros2_ws/install/robot_interfaces:/home/karim/ros2_ws/install/my_py_pkg:/home/karim/mako_robot/mako_ws/install/rplidar_ros:/home/karim/mako_robot/mako_ws/install/mako_py_serial_interface:/home/karim/mako_robot/mako_ws/install/mako_nolang_launch:/home/karim/mako_robot/mako_ws/install/mako_nolang_interfaces:/home/karim/mako_robot/mako_ws/install/dev_test_tools:/opt/ros/foxy CMAKE_PREFIX_PATH=/home/karim/mako_robot/mako_ws/install/mako_nolang_interfaces:/home/karim/project_ws/install/ros-project_pkg-cpp_robot-bringup:/home/karim/project_ws/install/ros-project_pkg-cpp_robot-driver-spawner:/home/karim/project_ws/install/ros_project_pkg_cpp_robot_interfaces:/home/karim/ros2_ws/install/serv_act_sol_pkg:/home/karim/ros2_ws/install/serv_act_sol_interfaces:/home/karim/ros2_ws/install/my_cpp_pkg:/home/karim/ros2_ws/install/robot_interfaces:/home/karim/mako_robot/mako_ws/install/rplidar_ros:/home/karim/mako_robot/mako_ws/install/mako_nolang_launch:/home/karim/project_ws/install/ros_project_pkg_py_robot_driver:/home/karim/project_ws/install/dev_test_tools:/home/karim/ros2_ws/install/my_py_pkg:/home/karim/mako_robot/mako_ws/install/mako_py_serial_interface:/home/karim/mako_robot/mako_ws/install/mako_py_feedback_actuators:/home/karim/mako_robot/mako_ws/install/mako_py_brain:/home/karim/mako_robot/mako_ws/install/dev_test_tools:/opt/ros/foxy PYTHONPATH=/home/karim/mako_robot/mako_ws/build/mako_py_feedback_actuators:/home/karim/mako_robot/mako_ws/install/mako_py_feedback_actuators/lib/python3.8/site-packages:/home/karim/mako_robot/mako_ws/build/mako_py_brain:/home/karim/mako_robot/mako_ws/install/mako_py_brain/lib/python3.8/site-packages:/home/karim/mako_robot/mako_ws/install/mako_nolang_interfaces/lib/python3.8/site-packages:/home/karim/mako_robot/mako_ws/build/mako_py_serial_interface:/home/karim/mako_robot/mako_ws/build/dev_test_tools:/home/karim/project_ws/install/ros_project_pkg_py_robot_driver/lib/python3.8/site-packages:/home/karim/project_ws/install/ros_project_pkg_cpp_robot_interfaces/lib/python3.8/site-packages:/home/karim/project_ws/install/dev_test_tools/lib/python3.8/site-packages:/home/karim/ros2_ws/install/serv_act_sol_interfaces/lib/python3.8/site-packages:/home/karim/ros2_ws/install/robot_interfaces/lib/python3.8/site-packages:/home/karim/ros2_ws/install/my_py_pkg/lib/python3.8/site-packages:/home/karim/mako_robot/mako_ws/install/mako_py_serial_interface/lib/python3.8/site-packages:/home/karim/mako_robot/mako_ws/install/dev_test_tools/lib/python3.8/site-packages:/opt/ros/foxy/lib/python3.8/site-packages /usr/bin/cmake --build /home/karim/mako_robot/mako_ws/build/mako_nolang_launch -- -j6 -l6
[3.527s] DEBUG:colcon.colcon_core.event_handler.log_command:Invoking command in '/home/karim/mako_robot/mako_ws/build/mako_nolang_launch': AMENT_PREFIX_PATH=/home/karim/mako_robot/mako_ws/install/mako_py_feedback_actuators:/home/karim/mako_robot/mako_ws/install/mako_py_brain:/home/karim/project_ws/install/ros_project_pkg_py_robot_driver:/home/karim/project_ws/install/ros-project_pkg-cpp_robot-bringup:/home/karim/project_ws/install/ros-project_pkg-cpp_robot-driver-spawner:/home/karim/project_ws/install/ros_project_pkg_cpp_robot_interfaces:/home/karim/project_ws/install/dev_test_tools:/home/karim/ros2_ws/install/serv_act_sol_pkg:/home/karim/ros2_ws/install/serv_act_sol_interfaces:/home/karim/ros2_ws/install/my_cpp_pkg:/home/karim/ros2_ws/install/robot_interfaces:/home/karim/ros2_ws/install/my_py_pkg:/home/karim/mako_robot/mako_ws/install/rplidar_ros:/home/karim/mako_robot/mako_ws/install/mako_py_serial_interface:/home/karim/mako_robot/mako_ws/install/mako_nolang_launch:/home/karim/mako_robot/mako_ws/install/mako_nolang_interfaces:/home/karim/mako_robot/mako_ws/install/dev_test_tools:/opt/ros/foxy CMAKE_PREFIX_PATH=/home/karim/mako_robot/mako_ws/install/mako_nolang_interfaces:/home/karim/project_ws/install/ros-project_pkg-cpp_robot-bringup:/home/karim/project_ws/install/ros-project_pkg-cpp_robot-driver-spawner:/home/karim/project_ws/install/ros_project_pkg_cpp_robot_interfaces:/home/karim/ros2_ws/install/serv_act_sol_pkg:/home/karim/ros2_ws/install/serv_act_sol_interfaces:/home/karim/ros2_ws/install/my_cpp_pkg:/home/karim/ros2_ws/install/robot_interfaces:/home/karim/mako_robot/mako_ws/install/rplidar_ros:/home/karim/mako_robot/mako_ws/install/mako_nolang_launch:/home/karim/project_ws/install/ros_project_pkg_py_robot_driver:/home/karim/project_ws/install/dev_test_tools:/home/karim/ros2_ws/install/my_py_pkg:/home/karim/mako_robot/mako_ws/install/mako_py_serial_interface:/home/karim/mako_robot/mako_ws/install/mako_py_feedback_actuators:/home/karim/mako_robot/mako_ws/install/mako_py_brain:/home/karim/mako_robot/mako_ws/install/dev_test_tools:/opt/ros/foxy PYTHONPATH=/home/karim/mako_robot/mako_ws/build/mako_py_feedback_actuators:/home/karim/mako_robot/mako_ws/install/mako_py_feedback_actuators/lib/python3.8/site-packages:/home/karim/mako_robot/mako_ws/build/mako_py_brain:/home/karim/mako_robot/mako_ws/install/mako_py_brain/lib/python3.8/site-packages:/home/karim/mako_robot/mako_ws/install/mako_nolang_interfaces/lib/python3.8/site-packages:/home/karim/mako_robot/mako_ws/build/mako_py_serial_interface:/home/karim/mako_robot/mako_ws/build/dev_test_tools:/home/karim/project_ws/install/ros_project_pkg_py_robot_driver/lib/python3.8/site-packages:/home/karim/project_ws/install/ros_project_pkg_cpp_robot_interfaces/lib/python3.8/site-packages:/home/karim/project_ws/install/dev_test_tools/lib/python3.8/site-packages:/home/karim/ros2_ws/install/serv_act_sol_interfaces/lib/python3.8/site-packages:/home/karim/ros2_ws/install/robot_interfaces/lib/python3.8/site-packages:/home/karim/ros2_ws/install/my_py_pkg/lib/python3.8/site-packages:/home/karim/mako_robot/mako_ws/install/mako_py_serial_interface/lib/python3.8/site-packages:/home/karim/mako_robot/mako_ws/install/dev_test_tools/lib/python3.8/site-packages:/opt/ros/foxy/lib/python3.8/site-packages /usr/bin/cmake --install /home/karim/mako_robot/mako_ws/build/mako_nolang_launch
[3.573s] Level 1:colcon.colcon_core.environment:create_environment_scripts_only(mako_nolang_launch)
[3.575s] Level 1:colcon.colcon_core.environment:checking '/home/karim/mako_robot/mako_ws/install/mako_nolang_launch' for CMake module files
[3.576s] DEBUG:colcon.colcon_core.event_handler.log_command:Invoked command in '/home/karim/mako_robot/mako_ws/build/mako_nolang_launch' returned '0': AMENT_PREFIX_PATH=/home/karim/mako_robot/mako_ws/install/mako_py_feedback_actuators:/home/karim/mako_robot/mako_ws/install/mako_py_brain:/home/karim/project_ws/install/ros_project_pkg_py_robot_driver:/home/karim/project_ws/install/ros-project_pkg-cpp_robot-bringup:/home/karim/project_ws/install/ros-project_pkg-cpp_robot-driver-spawner:/home/karim/project_ws/install/ros_project_pkg_cpp_robot_interfaces:/home/karim/project_ws/install/dev_test_tools:/home/karim/ros2_ws/install/serv_act_sol_pkg:/home/karim/ros2_ws/install/serv_act_sol_interfaces:/home/karim/ros2_ws/install/my_cpp_pkg:/home/karim/ros2_ws/install/robot_interfaces:/home/karim/ros2_ws/install/my_py_pkg:/home/karim/mako_robot/mako_ws/install/rplidar_ros:/home/karim/mako_robot/mako_ws/install/mako_py_serial_interface:/home/karim/mako_robot/mako_ws/install/mako_nolang_launch:/home/karim/mako_robot/mako_ws/install/mako_nolang_interfaces:/home/karim/mako_robot/mako_ws/install/dev_test_tools:/opt/ros/foxy CMAKE_PREFIX_PATH=/home/karim/mako_robot/mako_ws/install/mako_nolang_interfaces:/home/karim/project_ws/install/ros-project_pkg-cpp_robot-bringup:/home/karim/project_ws/install/ros-project_pkg-cpp_robot-driver-spawner:/home/karim/project_ws/install/ros_project_pkg_cpp_robot_interfaces:/home/karim/ros2_ws/install/serv_act_sol_pkg:/home/karim/ros2_ws/install/serv_act_sol_interfaces:/home/karim/ros2_ws/install/my_cpp_pkg:/home/karim/ros2_ws/install/robot_interfaces:/home/karim/mako_robot/mako_ws/install/rplidar_ros:/home/karim/mako_robot/mako_ws/install/mako_nolang_launch:/home/karim/project_ws/install/ros_project_pkg_py_robot_driver:/home/karim/project_ws/install/dev_test_tools:/home/karim/ros2_ws/install/my_py_pkg:/home/karim/mako_robot/mako_ws/install/mako_py_serial_interface:/home/karim/mako_robot/mako_ws/install/mako_py_feedback_actuators:/home/karim/mako_robot/mako_ws/install/mako_py_brain:/home/karim/mako_robot/mako_ws/install/dev_test_tools:/opt/ros/foxy PYTHONPATH=/home/karim/mako_robot/mako_ws/build/mako_py_feedback_actuators:/home/karim/mako_robot/mako_ws/install/mako_py_feedback_actuators/lib/python3.8/site-packages:/home/karim/mako_robot/mako_ws/build/mako_py_brain:/home/karim/mako_robot/mako_ws/install/mako_py_brain/lib/python3.8/site-packages:/home/karim/mako_robot/mako_ws/install/mako_nolang_interfaces/lib/python3.8/site-packages:/home/karim/mako_robot/mako_ws/build/mako_py_serial_interface:/home/karim/mako_robot/mako_ws/build/dev_test_tools:/home/karim/project_ws/install/ros_project_pkg_py_robot_driver/lib/python3.8/site-packages:/home/karim/project_ws/install/ros_project_pkg_cpp_robot_interfaces/lib/python3.8/site-packages:/home/karim/project_ws/install/dev_test_tools/lib/python3.8/site-packages:/home/karim/ros2_ws/install/serv_act_sol_interfaces/lib/python3.8/site-packages:/home/karim/ros2_ws/install/robot_interfaces/lib/python3.8/site-packages:/home/karim/ros2_ws/install/my_py_pkg/lib/python3.8/site-packages:/home/karim/mako_robot/mako_ws/install/mako_py_serial_interface/lib/python3.8/site-packages:/home/karim/mako_robot/mako_ws/install/dev_test_tools/lib/python3.8/site-packages:/opt/ros/foxy/lib/python3.8/site-packages /usr/bin/cmake --install /home/karim/mako_robot/mako_ws/build/mako_nolang_launch
[3.576s] Level 1:colcon.colcon_core.environment:checking '/home/karim/mako_robot/mako_ws/install/mako_nolang_launch' for CMake config files
[3.577s] Level 1:colcon.colcon_core.shell:create_environment_hook('mako_nolang_launch', 'cmake_prefix_path')
[3.577s] INFO:colcon.colcon_core.shell:Creating environment hook '/home/karim/mako_robot/mako_ws/install/mako_nolang_launch/share/mako_nolang_launch/hook/cmake_prefix_path.ps1'
[3.578s] INFO:colcon.colcon_core.shell:Creating environment descriptor '/home/karim/mako_robot/mako_ws/install/mako_nolang_launch/share/mako_nolang_launch/hook/cmake_prefix_path.dsv'
[3.579s] INFO:colcon.colcon_core.shell:Creating environment hook '/home/karim/mako_robot/mako_ws/install/mako_nolang_launch/share/mako_nolang_launch/hook/cmake_prefix_path.sh'
[3.580s] Level 1:colcon.colcon_core.environment:checking '/home/karim/mako_robot/mako_ws/install/mako_nolang_launch/bin'
[3.580s] Level 1:colcon.colcon_core.environment:checking '/home/karim/mako_robot/mako_ws/install/mako_nolang_launch/lib/pkgconfig/mako_nolang_launch.pc'
[3.580s] Level 1:colcon.colcon_core.environment:checking '/home/karim/mako_robot/mako_ws/install/mako_nolang_launch/lib/python3.8/site-packages'
[3.581s] INFO:colcon.colcon_core.shell:Creating package script '/home/karim/mako_robot/mako_ws/install/mako_nolang_launch/share/mako_nolang_launch/package.ps1'
[3.581s] INFO:colcon.colcon_core.shell:Creating package descriptor '/home/karim/mako_robot/mako_ws/install/mako_nolang_launch/share/mako_nolang_launch/package.dsv'
[3.582s] INFO:colcon.colcon_core.shell:Creating package script '/home/karim/mako_robot/mako_ws/install/mako_nolang_launch/share/mako_nolang_launch/package.sh'
[3.583s] INFO:colcon.colcon_core.shell:Creating package script '/home/karim/mako_robot/mako_ws/install/mako_nolang_launch/share/mako_nolang_launch/package.bash'
[3.583s] INFO:colcon.colcon_core.shell:Creating package script '/home/karim/mako_robot/mako_ws/install/mako_nolang_launch/share/mako_nolang_launch/package.zsh'
[3.584s] Level 1:colcon.colcon_core.environment:create_file_with_runtime_dependencies(/home/karim/mako_robot/mako_ws/install/mako_nolang_launch/share/colcon-core/packages/mako_nolang_launch)
[3.624s] Level 1:colcon.colcon_core.environment:create_environment_scripts_only(mako_nolang_launch)
[3.625s] Level 1:colcon.colcon_core.environment:checking '/home/karim/mako_robot/mako_ws/install/mako_nolang_launch' for CMake module files
[3.626s] Level 1:colcon.colcon_core.environment:checking '/home/karim/mako_robot/mako_ws/install/mako_nolang_launch' for CMake config files
[3.626s] Level 1:colcon.colcon_core.shell:create_environment_hook('mako_nolang_launch', 'cmake_prefix_path')
[3.627s] INFO:colcon.colcon_core.shell:Creating environment hook '/home/karim/mako_robot/mako_ws/install/mako_nolang_launch/share/mako_nolang_launch/hook/cmake_prefix_path.ps1'
[3.627s] INFO:colcon.colcon_core.shell:Creating environment descriptor '/home/karim/mako_robot/mako_ws/install/mako_nolang_launch/share/mako_nolang_launch/hook/cmake_prefix_path.dsv'
[3.629s] INFO:colcon.colcon_core.shell:Creating environment hook '/home/karim/mako_robot/mako_ws/install/mako_nolang_launch/share/mako_nolang_launch/hook/cmake_prefix_path.sh'
[3.630s] Level 1:colcon.colcon_core.environment:checking '/home/karim/mako_robot/mako_ws/install/mako_nolang_launch/bin'
[3.630s] Level 1:colcon.colcon_core.environment:checking '/home/karim/mako_robot/mako_ws/install/mako_nolang_launch/lib/pkgconfig/mako_nolang_launch.pc'
[3.631s] Level 1:colcon.colcon_core.environment:checking '/home/karim/mako_robot/mako_ws/install/mako_nolang_launch/lib/python3.8/site-packages'
[3.631s] INFO:colcon.colcon_core.shell:Creating package script '/home/karim/mako_robot/mako_ws/install/mako_nolang_launch/share/mako_nolang_launch/package.ps1'
[3.632s] INFO:colcon.colcon_core.shell:Creating package descriptor '/home/karim/mako_robot/mako_ws/install/mako_nolang_launch/share/mako_nolang_launch/package.dsv'
[3.633s] INFO:colcon.colcon_core.shell:Creating package script '/home/karim/mako_robot/mako_ws/install/mako_nolang_launch/share/mako_nolang_launch/package.sh'
[3.634s] INFO:colcon.colcon_core.shell:Creating package script '/home/karim/mako_robot/mako_ws/install/mako_nolang_launch/share/mako_nolang_launch/package.bash'
[3.635s] INFO:colcon.colcon_core.shell:Creating package script '/home/karim/mako_robot/mako_ws/install/mako_nolang_launch/share/mako_nolang_launch/package.zsh'
[3.635s] Level 1:colcon.colcon_core.environment:create_file_with_runtime_dependencies(/home/karim/mako_robot/mako_ws/install/mako_nolang_launch/share/colcon-core/packages/mako_nolang_launch)
[3.637s] DEBUG:colcon.colcon_parallel_executor.executor.parallel:closing loop
[3.637s] DEBUG:colcon.colcon_parallel_executor.executor.parallel:loop closed
[3.637s] DEBUG:colcon.colcon_parallel_executor.executor.parallel:run_until_complete finished with '0'
[3.637s] DEBUG:colcon.colcon_core.event_reactor:joining thread
[3.707s] INFO:colcon.colcon_core.plugin_system:Skipping extension 'colcon_notification.desktop_notification.terminal_notifier': Not used on non-Darwin systems
[3.707s] INFO:colcon.colcon_core.plugin_system:Skipping extension 'colcon_notification.desktop_notification.win32': Not used on non-Windows systems
[3.707s] INFO:colcon.colcon_notification.desktop_notification:Sending desktop notification using 'notify2'
[3.775s] DEBUG:colcon.colcon_core.event_reactor:joined thread
[3.776s] INFO:colcon.colcon_core.shell:Creating prefix script '/home/karim/mako_robot/mako_ws/install/local_setup.ps1'
[3.777s] INFO:colcon.colcon_core.shell:Creating prefix util module '/home/karim/mako_robot/mako_ws/install/_local_setup_util_ps1.py'
[3.779s] INFO:colcon.colcon_core.shell:Creating prefix chain script '/home/karim/mako_robot/mako_ws/install/setup.ps1'
[3.784s] INFO:colcon.colcon_core.shell:Creating prefix script '/home/karim/mako_robot/mako_ws/install/local_setup.sh'
[3.788s] INFO:colcon.colcon_core.shell:Creating prefix util module '/home/karim/mako_robot/mako_ws/install/_local_setup_util_sh.py'
[3.789s] INFO:colcon.colcon_core.shell:Creating prefix chain script '/home/karim/mako_robot/mako_ws/install/setup.sh'
[3.800s] INFO:colcon.colcon_core.shell:Creating prefix script '/home/karim/mako_robot/mako_ws/install/local_setup.bash'
[3.801s] INFO:colcon.colcon_core.shell:Creating prefix chain script '/home/karim/mako_robot/mako_ws/install/setup.bash'
[3.806s] INFO:colcon.colcon_core.shell:Creating prefix script '/home/karim/mako_robot/mako_ws/install/local_setup.zsh'
[3.807s] INFO:colcon.colcon_core.shell:Creating prefix chain script '/home/karim/mako_robot/mako_ws/install/setup.zsh'
