[1.476s] Invoking command in '/home/karim/mako_robot/mako_ws/src/mako_py_brain': PYTHONPATH=/home/karim/mako_robot/mako_ws/install/mako_py_brain/lib/python3.8/site-packages:${PYTHONPATH} /usr/bin/python3 setup.py egg_info --egg-base ../../build/mako_py_brain build --build-base /home/karim/mako_robot/mako_ws/build/mako_py_brain/build install --prefix /home/karim/mako_robot/mako_ws/install/mako_py_brain --record /home/karim/mako_robot/mako_ws/build/mako_py_brain/install.log --single-version-externally-managed
[3.387s] running egg_info
[3.421s] writing ../../build/mako_py_brain/mako_py_brain.egg-info/PKG-INFO
[3.425s] writing dependency_links to ../../build/mako_py_brain/mako_py_brain.egg-info/dependency_links.txt
[3.425s] writing entry points to ../../build/mako_py_brain/mako_py_brain.egg-info/entry_points.txt
[3.425s] writing requirements to ../../build/mako_py_brain/mako_py_brain.egg-info/requires.txt
[3.426s] writing top-level names to ../../build/mako_py_brain/mako_py_brain.egg-info/top_level.txt
[3.660s] reading manifest file '../../build/mako_py_brain/mako_py_brain.egg-info/SOURCES.txt'
[3.695s] writing manifest file '../../build/mako_py_brain/mako_py_brain.egg-info/SOURCES.txt'
[3.710s] running build
[3.710s] running build_py
[3.710s] copying mako_py_brain/brain.py -> /home/karim/mako_robot/mako_ws/build/mako_py_brain/build/lib/mako_py_brain
[3.710s] running install
[3.789s] running install_lib
[3.789s] copying /home/karim/mako_robot/mako_ws/build/mako_py_brain/build/lib/mako_py_brain/brain.py -> /home/karim/mako_robot/mako_ws/install/mako_py_brain/lib/python3.8/site-packages/mako_py_brain
[3.791s] byte-compiling /home/karim/mako_robot/mako_ws/install/mako_py_brain/lib/python3.8/site-packages/mako_py_brain/brain.py to brain.cpython-38.pyc
[3.792s] running install_data
[3.792s] running install_egg_info
[3.792s] removing '/home/karim/mako_robot/mako_ws/install/mako_py_brain/lib/python3.8/site-packages/mako_py_brain-0.0.0-py3.8.egg-info' (and everything under it)
[3.792s] Copying ../../build/mako_py_brain/mako_py_brain.egg-info to /home/karim/mako_robot/mako_ws/install/mako_py_brain/lib/python3.8/site-packages/mako_py_brain-0.0.0-py3.8.egg-info
[3.792s] running install_scripts
[4.105s] Installing BrainNode script to /home/karim/mako_robot/mako_ws/install/mako_py_brain/lib/mako_py_brain
[4.105s] writing list of installed files to '/home/karim/mako_robot/mako_ws/build/mako_py_brain/install.log'
[4.259s] Invoked command in '/home/karim/mako_robot/mako_ws/src/mako_py_brain' returned '0': PYTHONPATH=/home/karim/mako_robot/mako_ws/install/mako_py_brain/lib/python3.8/site-packages:${PYTHONPATH} /usr/bin/python3 setup.py egg_info --egg-base ../../build/mako_py_brain build --build-base /home/karim/mako_robot/mako_ws/build/mako_py_brain/build install --prefix /home/karim/mako_robot/mako_ws/install/mako_py_brain --record /home/karim/mako_robot/mako_ws/build/mako_py_brain/install.log --single-version-externally-managed
