[1.323s] Invoking command in '/home/ubuntu/mako_ws/mako_robot/build/rplidar_ros': CMAKE_PREFIX_PATH=${CMAKE_PREFIX_PATH}:/home/ubuntu/mako_ws/mako_robot/install/dev_test_tools:/opt/ros/foxy /usr/bin/cmake --build /home/ubuntu/mako_ws/mako_robot/build/rplidar_ros -- -j4 -l4
[1.774s] [ 38%] Built target rplidar_composition_node
[1.775s] [ 50%] Built target rplidarNodeClient
[1.778s] [ 88%] Built target rplidarNode
[1.977s] [100%] Built target rplidar_composition
[2.033s] Invoked command in '/home/ubuntu/mako_ws/mako_robot/build/rplidar_ros' returned '0': CMAKE_PREFIX_PATH=${CMAKE_PREFIX_PATH}:/home/ubuntu/mako_ws/mako_robot/install/dev_test_tools:/opt/ros/foxy /usr/bin/cmake --build /home/ubuntu/mako_ws/mako_robot/build/rplidar_ros -- -j4 -l4
[2.383s] Invoking command in '/home/ubuntu/mako_ws/mako_robot/build/rplidar_ros': CMAKE_PREFIX_PATH=${CMAKE_PREFIX_PATH}:/home/ubuntu/mako_ws/mako_robot/install/dev_test_tools:/opt/ros/foxy /usr/bin/cmake --install /home/ubuntu/mako_ws/mako_robot/build/rplidar_ros
[2.429s] -- Install configuration: ""
[2.430s] -- Execute custom install script
[2.433s] -- Up-to-date symlink: /home/ubuntu/mako_ws/mako_robot/install/rplidar_ros/lib/rplidar_ros/rplidarNode
[2.434s] -- Up-to-date symlink: /home/ubuntu/mako_ws/mako_robot/install/rplidar_ros/lib/rplidar_ros/rplidarNodeClient
[2.436s] -- Up-to-date symlink: /home/ubuntu/mako_ws/mako_robot/install/rplidar_ros/lib/rplidar_ros/rplidar_composition
[2.439s] -- Up-to-date symlink: /home/ubuntu/mako_ws/mako_robot/install/rplidar_ros/share/rplidar_ros/launch/rplidar.launch.py
[2.441s] -- Up-to-date symlink: /home/ubuntu/mako_ws/mako_robot/install/rplidar_ros/share/rplidar_ros/launch/rplidar_a3.launch.py
[2.442s] -- Up-to-date symlink: /home/ubuntu/mako_ws/mako_robot/install/rplidar_ros/share/rplidar_ros/launch/rplidar_s1.launch.py
[2.443s] -- Up-to-date symlink: /home/ubuntu/mako_ws/mako_robot/install/rplidar_ros/share/rplidar_ros/launch/rplidar_s1_tcp.launch.py
[2.445s] -- Up-to-date symlink: /home/ubuntu/mako_ws/mako_robot/install/rplidar_ros/share/rplidar_ros/launch/test_rplidar.launch.py
[2.446s] -- Up-to-date symlink: /home/ubuntu/mako_ws/mako_robot/install/rplidar_ros/share/rplidar_ros/launch/test_rplidar_a3.launch.py
[2.447s] -- Up-to-date symlink: /home/ubuntu/mako_ws/mako_robot/install/rplidar_ros/share/rplidar_ros/launch/view_rplidar.launch.py
[2.448s] -- Up-to-date symlink: /home/ubuntu/mako_ws/mako_robot/install/rplidar_ros/share/rplidar_ros/launch/view_rplidar_a3.launch.py
[2.449s] -- Up-to-date symlink: /home/ubuntu/mako_ws/mako_robot/install/rplidar_ros/share/rplidar_ros/launch/view_rplidar_s1.launch.py
[2.451s] -- Up-to-date symlink: /home/ubuntu/mako_ws/mako_robot/install/rplidar_ros/share/rplidar_ros/launch/view_rplidar_s1_tcp.launch.py
[2.453s] -- Up-to-date symlink: /home/ubuntu/mako_ws/mako_robot/install/rplidar_ros/share/rplidar_ros/rviz/rplidar.rviz
[2.455s] -- Up-to-date symlink: /home/ubuntu/mako_ws/mako_robot/install/rplidar_ros/lib/librplidar_composition_node.so
[2.460s] -- Up-to-date symlink: /home/ubuntu/mako_ws/mako_robot/install/rplidar_ros/include/rplidar_node.hpp
[2.462s] -- Up-to-date symlink: /home/ubuntu/mako_ws/mako_robot/install/rplidar_ros/include/visibility.h
[2.465s] -- Up-to-date symlink: /home/ubuntu/mako_ws/mako_robot/install/rplidar_ros/lib/rplidar_ros/rplidarNode
[2.466s] -- Up-to-date symlink: /home/ubuntu/mako_ws/mako_robot/install/rplidar_ros/lib/rplidar_ros/rplidarNodeClient
[2.468s] -- Up-to-date symlink: /home/ubuntu/mako_ws/mako_robot/install/rplidar_ros/lib/rplidar_ros/rplidar_composition
[2.470s] -- Up-to-date symlink: /home/ubuntu/mako_ws/mako_robot/install/rplidar_ros/share/ament_index/resource_index/package_run_dependencies/rplidar_ros
[2.472s] -- Up-to-date symlink: /home/ubuntu/mako_ws/mako_robot/install/rplidar_ros/share/ament_index/resource_index/parent_prefix_path/rplidar_ros
[2.474s] -- Up-to-date symlink: /home/ubuntu/mako_ws/mako_robot/install/rplidar_ros/share/rplidar_ros/environment/ament_prefix_path.sh
[2.476s] -- Up-to-date symlink: /home/ubuntu/mako_ws/mako_robot/install/rplidar_ros/share/rplidar_ros/environment/ament_prefix_path.dsv
[2.478s] -- Up-to-date symlink: /home/ubuntu/mako_ws/mako_robot/install/rplidar_ros/share/rplidar_ros/environment/path.sh
[2.479s] -- Up-to-date symlink: /home/ubuntu/mako_ws/mako_robot/install/rplidar_ros/share/rplidar_ros/environment/path.dsv
[2.481s] -- Up-to-date symlink: /home/ubuntu/mako_ws/mako_robot/install/rplidar_ros/share/rplidar_ros/local_setup.bash
[2.483s] -- Up-to-date symlink: /home/ubuntu/mako_ws/mako_robot/install/rplidar_ros/share/rplidar_ros/local_setup.sh
[2.484s] -- Up-to-date symlink: /home/ubuntu/mako_ws/mako_robot/install/rplidar_ros/share/rplidar_ros/local_setup.zsh
[2.486s] -- Up-to-date symlink: /home/ubuntu/mako_ws/mako_robot/install/rplidar_ros/share/rplidar_ros/local_setup.dsv
[2.490s] -- Symlinking: /home/ubuntu/mako_ws/mako_robot/install/rplidar_ros/share/rplidar_ros/package.dsv
[2.539s] -- Up-to-date symlink: /home/ubuntu/mako_ws/mako_robot/install/rplidar_ros/share/ament_index/resource_index/packages/rplidar_ros
[2.540s] -- Up-to-date symlink: /home/ubuntu/mako_ws/mako_robot/install/rplidar_ros/share/rplidar_ros/cmake/ament_cmake_export_dependencies-extras.cmake
[2.542s] -- Up-to-date symlink: /home/ubuntu/mako_ws/mako_robot/install/rplidar_ros/share/rplidar_ros/cmake/ament_cmake_export_include_directories-extras.cmake
[2.544s] -- Up-to-date symlink: /home/ubuntu/mako_ws/mako_robot/install/rplidar_ros/share/rplidar_ros/cmake/rplidar_rosConfig.cmake
[2.545s] -- Up-to-date symlink: /home/ubuntu/mako_ws/mako_robot/install/rplidar_ros/share/rplidar_ros/cmake/rplidar_rosConfig-version.cmake
[2.547s] -- Up-to-date symlink: /home/ubuntu/mako_ws/mako_robot/install/rplidar_ros/share/rplidar_ros/package.xml
[2.560s] Invoked command in '/home/ubuntu/mako_ws/mako_robot/build/rplidar_ros' returned '0': CMAKE_PREFIX_PATH=${CMAKE_PREFIX_PATH}:/home/ubuntu/mako_ws/mako_robot/install/dev_test_tools:/opt/ros/foxy /usr/bin/cmake --install /home/ubuntu/mako_ws/mako_robot/build/rplidar_ros
