[0.236s] DEBUG:colcon:Command line arguments: ['/usr/bin/colcon', 'build']
[0.236s] DEBUG:colcon:Parsed command line arguments: Namespace(ament_cmake_args=None, base_paths=['.'], build_base='build', catkin_cmake_args=None, catkin_skip_building_tests=False, cmake_args=None, cmake_clean_cache=False, cmake_clean_first=False, cmake_force_configure=False, cmake_target=None, cmake_target_skip_unavailable=False, continue_on_error=False, event_handlers=None, executor='parallel', ignore_user_meta=False, install_base='install', log_base=None, log_level=None, main=<bound method BuildVerb.main of <colcon_core.verb.build.BuildVerb object at 0x7fc3ca5b6400>>, merge_install=False, metas=['./colcon.meta'], packages_above=None, packages_above_and_dependencies=None, packages_above_depth=None, packages_end=None, packages_ignore=None, packages_ignore_regex=None, packages_select=None, packages_select_build_failed=False, packages_select_by_dep=None, packages_select_regex=None, packages_select_test_failures=False, packages_skip=None, packages_skip_build_finished=False, packages_skip_by_dep=None, packages_skip_regex=None, packages_skip_test_passed=False, packages_skip_up_to=None, packages_start=None, packages_up_to=None, packages_up_to_regex=None, parallel_workers=3, paths=None, symlink_install=False, test_result_base=None, verb_extension=<colcon_core.verb.build.BuildVerb object at 0x7fc3ca5b6400>, verb_name='build', verb_parser=<colcon_defaults.argument_parser.defaults.DefaultArgumentsDecorator object at 0x7fc3ca5b6940>)
[0.247s] Level 1:colcon.colcon_core.package_discovery:discover_packages(colcon_meta) check parameters
[0.247s] Level 1:colcon.colcon_core.package_discovery:discover_packages(recursive) check parameters
[0.247s] Level 1:colcon.colcon_core.package_discovery:discover_packages(ignore) check parameters
[0.247s] Level 1:colcon.colcon_core.package_discovery:discover_packages(path) check parameters
[0.247s] Level 1:colcon.colcon_core.package_discovery:discover_packages(colcon_meta) discover
[0.247s] Level 1:colcon.colcon_core.package_discovery:discover_packages(recursive) discover
[0.247s] INFO:colcon.colcon_core.package_discovery:Crawling recursively for packages in '/home/abdelrahman/Documents/GitHub/mako_robot/mako_ws'
[0.248s] Level 1:colcon.colcon_core.package_identification:_identify(.) by extensions ['ignore', 'ignore_ament_install']
[0.248s] Level 1:colcon.colcon_core.package_identification:_identify(.) by extension 'ignore'
[0.248s] Level 1:colcon.colcon_core.package_identification:_identify(.) by extension 'ignore_ament_install'
[0.248s] Level 1:colcon.colcon_core.package_identification:_identify(.) by extensions ['colcon_pkg']
[0.248s] Level 1:colcon.colcon_core.package_identification:_identify(.) by extension 'colcon_pkg'
[0.248s] Level 1:colcon.colcon_core.package_identification:_identify(.) by extensions ['colcon_meta']
[0.248s] Level 1:colcon.colcon_core.package_identification:_identify(.) by extension 'colcon_meta'
[0.248s] Level 1:colcon.colcon_core.package_identification:_identify(.) by extensions ['ros']
[0.248s] Level 1:colcon.colcon_core.package_identification:_identify(.) by extension 'ros'
[0.267s] Level 1:colcon.colcon_core.package_identification:_identify(.) by extensions ['cmake', 'python']
[0.267s] Level 1:colcon.colcon_core.package_identification:_identify(.) by extension 'cmake'
[0.267s] Level 1:colcon.colcon_core.package_identification:_identify(.) by extension 'python'
[0.267s] Level 1:colcon.colcon_core.package_identification:_identify(.) by extensions ['python_setup_py']
[0.267s] Level 1:colcon.colcon_core.package_identification:_identify(.) by extension 'python_setup_py'
[0.268s] Level 1:colcon.colcon_core.package_identification:_identify(build) by extensions ['ignore', 'ignore_ament_install']
[0.268s] Level 1:colcon.colcon_core.package_identification:_identify(build) by extension 'ignore'
[0.268s] Level 1:colcon.colcon_core.package_identification:_identify(build) ignored
[0.268s] Level 1:colcon.colcon_core.package_identification:_identify(install) by extensions ['ignore', 'ignore_ament_install']
[0.268s] Level 1:colcon.colcon_core.package_identification:_identify(install) by extension 'ignore'
[0.268s] Level 1:colcon.colcon_core.package_identification:_identify(install) ignored
[0.269s] Level 1:colcon.colcon_core.package_identification:_identify(log) by extensions ['ignore', 'ignore_ament_install']
[0.269s] Level 1:colcon.colcon_core.package_identification:_identify(log) by extension 'ignore'
[0.269s] Level 1:colcon.colcon_core.package_identification:_identify(log) ignored
[0.269s] Level 1:colcon.colcon_core.package_identification:_identify(src) by extensions ['ignore', 'ignore_ament_install']
[0.269s] Level 1:colcon.colcon_core.package_identification:_identify(src) by extension 'ignore'
[0.269s] Level 1:colcon.colcon_core.package_identification:_identify(src) by extension 'ignore_ament_install'
[0.269s] Level 1:colcon.colcon_core.package_identification:_identify(src) by extensions ['colcon_pkg']
[0.269s] Level 1:colcon.colcon_core.package_identification:_identify(src) by extension 'colcon_pkg'
[0.269s] Level 1:colcon.colcon_core.package_identification:_identify(src) by extensions ['colcon_meta']
[0.269s] Level 1:colcon.colcon_core.package_identification:_identify(src) by extension 'colcon_meta'
[0.269s] Level 1:colcon.colcon_core.package_identification:_identify(src) by extensions ['ros']
[0.269s] Level 1:colcon.colcon_core.package_identification:_identify(src) by extension 'ros'
[0.270s] Level 1:colcon.colcon_core.package_identification:_identify(src) by extensions ['cmake', 'python']
[0.270s] Level 1:colcon.colcon_core.package_identification:_identify(src) by extension 'cmake'
[0.270s] Level 1:colcon.colcon_core.package_identification:_identify(src) by extension 'python'
[0.270s] Level 1:colcon.colcon_core.package_identification:_identify(src) by extensions ['python_setup_py']
[0.270s] Level 1:colcon.colcon_core.package_identification:_identify(src) by extension 'python_setup_py'
[0.270s] Level 1:colcon.colcon_core.package_identification:_identify(src/dev_test_tools) by extensions ['ignore', 'ignore_ament_install']
[0.270s] Level 1:colcon.colcon_core.package_identification:_identify(src/dev_test_tools) by extension 'ignore'
[0.270s] Level 1:colcon.colcon_core.package_identification:_identify(src/dev_test_tools) by extension 'ignore_ament_install'
[0.270s] Level 1:colcon.colcon_core.package_identification:_identify(src/dev_test_tools) by extensions ['colcon_pkg']
[0.270s] Level 1:colcon.colcon_core.package_identification:_identify(src/dev_test_tools) by extension 'colcon_pkg'
[0.270s] Level 1:colcon.colcon_core.package_identification:_identify(src/dev_test_tools) by extensions ['colcon_meta']
[0.270s] Level 1:colcon.colcon_core.package_identification:_identify(src/dev_test_tools) by extension 'colcon_meta'
[0.271s] Level 1:colcon.colcon_core.package_identification:_identify(src/dev_test_tools) by extensions ['ros']
[0.271s] Level 1:colcon.colcon_core.package_identification:_identify(src/dev_test_tools) by extension 'ros'
[0.275s] DEBUG:colcon.colcon_core.package_identification:Package 'src/dev_test_tools' with type 'ros.ament_python' and name 'dev_test_tools'
[0.275s] Level 1:colcon.colcon_core.package_identification:_identify(src/lidar_ros2) by extensions ['ignore', 'ignore_ament_install']
[0.275s] Level 1:colcon.colcon_core.package_identification:_identify(src/lidar_ros2) by extension 'ignore'
[0.275s] Level 1:colcon.colcon_core.package_identification:_identify(src/lidar_ros2) by extension 'ignore_ament_install'
[0.275s] Level 1:colcon.colcon_core.package_identification:_identify(src/lidar_ros2) by extensions ['colcon_pkg']
[0.275s] Level 1:colcon.colcon_core.package_identification:_identify(src/lidar_ros2) by extension 'colcon_pkg'
[0.275s] Level 1:colcon.colcon_core.package_identification:_identify(src/lidar_ros2) by extensions ['colcon_meta']
[0.275s] Level 1:colcon.colcon_core.package_identification:_identify(src/lidar_ros2) by extension 'colcon_meta'
[0.275s] Level 1:colcon.colcon_core.package_identification:_identify(src/lidar_ros2) by extensions ['ros']
[0.276s] Level 1:colcon.colcon_core.package_identification:_identify(src/lidar_ros2) by extension 'ros'
[0.277s] DEBUG:colcon.colcon_core.package_identification:Package 'src/lidar_ros2' with type 'ros.ament_cmake' and name 'rplidar_ros'
[0.277s] Level 1:colcon.colcon_core.package_identification:_identify(src/mako_nolang_interfaces) by extensions ['ignore', 'ignore_ament_install']
[0.277s] Level 1:colcon.colcon_core.package_identification:_identify(src/mako_nolang_interfaces) by extension 'ignore'
[0.277s] Level 1:colcon.colcon_core.package_identification:_identify(src/mako_nolang_interfaces) by extension 'ignore_ament_install'
[0.277s] Level 1:colcon.colcon_core.package_identification:_identify(src/mako_nolang_interfaces) by extensions ['colcon_pkg']
[0.277s] Level 1:colcon.colcon_core.package_identification:_identify(src/mako_nolang_interfaces) by extension 'colcon_pkg'
[0.277s] Level 1:colcon.colcon_core.package_identification:_identify(src/mako_nolang_interfaces) by extensions ['colcon_meta']
[0.277s] Level 1:colcon.colcon_core.package_identification:_identify(src/mako_nolang_interfaces) by extension 'colcon_meta'
[0.277s] Level 1:colcon.colcon_core.package_identification:_identify(src/mako_nolang_interfaces) by extensions ['ros']
[0.277s] Level 1:colcon.colcon_core.package_identification:_identify(src/mako_nolang_interfaces) by extension 'ros'
[0.278s] DEBUG:colcon.colcon_core.package_identification:Package 'src/mako_nolang_interfaces' with type 'ros.ament_cmake' and name 'mako_nolang_interfaces'
[0.279s] Level 1:colcon.colcon_core.package_identification:_identify(src/mako_nolang_launch) by extensions ['ignore', 'ignore_ament_install']
[0.279s] Level 1:colcon.colcon_core.package_identification:_identify(src/mako_nolang_launch) by extension 'ignore'
[0.279s] Level 1:colcon.colcon_core.package_identification:_identify(src/mako_nolang_launch) by extension 'ignore_ament_install'
[0.279s] Level 1:colcon.colcon_core.package_identification:_identify(src/mako_nolang_launch) by extensions ['colcon_pkg']
[0.279s] Level 1:colcon.colcon_core.package_identification:_identify(src/mako_nolang_launch) by extension 'colcon_pkg'
[0.279s] Level 1:colcon.colcon_core.package_identification:_identify(src/mako_nolang_launch) by extensions ['colcon_meta']
[0.279s] Level 1:colcon.colcon_core.package_identification:_identify(src/mako_nolang_launch) by extension 'colcon_meta'
[0.279s] Level 1:colcon.colcon_core.package_identification:_identify(src/mako_nolang_launch) by extensions ['ros']
[0.279s] Level 1:colcon.colcon_core.package_identification:_identify(src/mako_nolang_launch) by extension 'ros'
[0.280s] DEBUG:colcon.colcon_core.package_identification:Package 'src/mako_nolang_launch' with type 'ros.ament_cmake' and name 'mako_nolang_launch'
[0.280s] Level 1:colcon.colcon_core.package_identification:_identify(src/mako_py_brain) by extensions ['ignore', 'ignore_ament_install']
[0.281s] Level 1:colcon.colcon_core.package_identification:_identify(src/mako_py_brain) by extension 'ignore'
[0.281s] Level 1:colcon.colcon_core.package_identification:_identify(src/mako_py_brain) by extension 'ignore_ament_install'
[0.281s] Level 1:colcon.colcon_core.package_identification:_identify(src/mako_py_brain) by extensions ['colcon_pkg']
[0.281s] Level 1:colcon.colcon_core.package_identification:_identify(src/mako_py_brain) by extension 'colcon_pkg'
[0.281s] Level 1:colcon.colcon_core.package_identification:_identify(src/mako_py_brain) by extensions ['colcon_meta']
[0.281s] Level 1:colcon.colcon_core.package_identification:_identify(src/mako_py_brain) by extension 'colcon_meta'
[0.281s] Level 1:colcon.colcon_core.package_identification:_identify(src/mako_py_brain) by extensions ['ros']
[0.281s] Level 1:colcon.colcon_core.package_identification:_identify(src/mako_py_brain) by extension 'ros'
[0.282s] DEBUG:colcon.colcon_core.package_identification:Package 'src/mako_py_brain' with type 'ros.ament_python' and name 'mako_py_brain'
[0.282s] Level 1:colcon.colcon_core.package_identification:_identify(src/mako_py_feedback_actuators) by extensions ['ignore', 'ignore_ament_install']
[0.283s] Level 1:colcon.colcon_core.package_identification:_identify(src/mako_py_feedback_actuators) by extension 'ignore'
[0.283s] Level 1:colcon.colcon_core.package_identification:_identify(src/mako_py_feedback_actuators) by extension 'ignore_ament_install'
[0.283s] Level 1:colcon.colcon_core.package_identification:_identify(src/mako_py_feedback_actuators) by extensions ['colcon_pkg']
[0.283s] Level 1:colcon.colcon_core.package_identification:_identify(src/mako_py_feedback_actuators) by extension 'colcon_pkg'
[0.283s] Level 1:colcon.colcon_core.package_identification:_identify(src/mako_py_feedback_actuators) by extensions ['colcon_meta']
[0.283s] Level 1:colcon.colcon_core.package_identification:_identify(src/mako_py_feedback_actuators) by extension 'colcon_meta'
[0.283s] Level 1:colcon.colcon_core.package_identification:_identify(src/mako_py_feedback_actuators) by extensions ['ros']
[0.283s] Level 1:colcon.colcon_core.package_identification:_identify(src/mako_py_feedback_actuators) by extension 'ros'
[0.284s] DEBUG:colcon.colcon_core.package_identification:Package 'src/mako_py_feedback_actuators' with type 'ros.ament_python' and name 'mako_py_feedback_actuators'
[0.284s] Level 1:colcon.colcon_core.package_identification:_identify(src/mako_py_serial_interface) by extensions ['ignore', 'ignore_ament_install']
[0.285s] Level 1:colcon.colcon_core.package_identification:_identify(src/mako_py_serial_interface) by extension 'ignore'
[0.285s] Level 1:colcon.colcon_core.package_identification:_identify(src/mako_py_serial_interface) by extension 'ignore_ament_install'
[0.285s] Level 1:colcon.colcon_core.package_identification:_identify(src/mako_py_serial_interface) by extensions ['colcon_pkg']
[0.285s] Level 1:colcon.colcon_core.package_identification:_identify(src/mako_py_serial_interface) by extension 'colcon_pkg'
[0.285s] Level 1:colcon.colcon_core.package_identification:_identify(src/mako_py_serial_interface) by extensions ['colcon_meta']
[0.285s] Level 1:colcon.colcon_core.package_identification:_identify(src/mako_py_serial_interface) by extension 'colcon_meta'
[0.285s] Level 1:colcon.colcon_core.package_identification:_identify(src/mako_py_serial_interface) by extensions ['ros']
[0.285s] Level 1:colcon.colcon_core.package_identification:_identify(src/mako_py_serial_interface) by extension 'ros'
[0.286s] DEBUG:colcon.colcon_core.package_identification:Package 'src/mako_py_serial_interface' with type 'ros.ament_python' and name 'mako_py_serial_interface'
[0.287s] Level 1:colcon.colcon_core.package_discovery:discover_packages(recursive) using defaults
[0.287s] Level 1:colcon.colcon_core.package_discovery:discover_packages(ignore) discover
[0.287s] Level 1:colcon.colcon_core.package_discovery:discover_packages(ignore) using defaults
[0.287s] Level 1:colcon.colcon_core.package_discovery:discover_packages(path) discover
[0.287s] Level 1:colcon.colcon_core.package_discovery:discover_packages(path) using defaults
[0.318s] Level 5:colcon.colcon_core.verb:set package 'dev_test_tools' build argument 'cmake_args' from command line to 'None'
[0.318s] Level 5:colcon.colcon_core.verb:set package 'dev_test_tools' build argument 'cmake_target' from command line to 'None'
[0.318s] Level 5:colcon.colcon_core.verb:set package 'dev_test_tools' build argument 'cmake_target_skip_unavailable' from command line to 'False'
[0.318s] Level 5:colcon.colcon_core.verb:set package 'dev_test_tools' build argument 'cmake_clean_cache' from command line to 'False'
[0.318s] Level 5:colcon.colcon_core.verb:set package 'dev_test_tools' build argument 'cmake_clean_first' from command line to 'False'
[0.318s] Level 5:colcon.colcon_core.verb:set package 'dev_test_tools' build argument 'cmake_force_configure' from command line to 'False'
[0.318s] Level 5:colcon.colcon_core.verb:set package 'dev_test_tools' build argument 'ament_cmake_args' from command line to 'None'
[0.319s] Level 5:colcon.colcon_core.verb:set package 'dev_test_tools' build argument 'catkin_cmake_args' from command line to 'None'
[0.319s] Level 5:colcon.colcon_core.verb:set package 'dev_test_tools' build argument 'catkin_skip_building_tests' from command line to 'False'
[0.319s] DEBUG:colcon.colcon_core.verb:Building package 'dev_test_tools' with the following arguments: {'ament_cmake_args': None, 'build_base': '/home/abdelrahman/Documents/GitHub/mako_robot/mako_ws/build/dev_test_tools', 'catkin_cmake_args': None, 'catkin_skip_building_tests': False, 'cmake_args': None, 'cmake_clean_cache': False, 'cmake_clean_first': False, 'cmake_force_configure': False, 'cmake_target': None, 'cmake_target_skip_unavailable': False, 'install_base': '/home/abdelrahman/Documents/GitHub/mako_robot/mako_ws/install/dev_test_tools', 'merge_install': False, 'path': '/home/abdelrahman/Documents/GitHub/mako_robot/mako_ws/src/dev_test_tools', 'symlink_install': False, 'test_result_base': None}
[0.323s] Level 5:colcon.colcon_core.verb:set package 'mako_nolang_interfaces' build argument 'cmake_args' from command line to 'None'
[0.323s] Level 5:colcon.colcon_core.verb:set package 'mako_nolang_interfaces' build argument 'cmake_target' from command line to 'None'
[0.323s] Level 5:colcon.colcon_core.verb:set package 'mako_nolang_interfaces' build argument 'cmake_target_skip_unavailable' from command line to 'False'
[0.323s] Level 5:colcon.colcon_core.verb:set package 'mako_nolang_interfaces' build argument 'cmake_clean_cache' from command line to 'False'
[0.323s] Level 5:colcon.colcon_core.verb:set package 'mako_nolang_interfaces' build argument 'cmake_clean_first' from command line to 'False'
[0.323s] Level 5:colcon.colcon_core.verb:set package 'mako_nolang_interfaces' build argument 'cmake_force_configure' from command line to 'False'
[0.323s] Level 5:colcon.colcon_core.verb:set package 'mako_nolang_interfaces' build argument 'ament_cmake_args' from command line to 'None'
[0.323s] Level 5:colcon.colcon_core.verb:set package 'mako_nolang_interfaces' build argument 'catkin_cmake_args' from command line to 'None'
[0.323s] Level 5:colcon.colcon_core.verb:set package 'mako_nolang_interfaces' build argument 'catkin_skip_building_tests' from command line to 'False'
[0.323s] DEBUG:colcon.colcon_core.verb:Building package 'mako_nolang_interfaces' with the following arguments: {'ament_cmake_args': None, 'build_base': '/home/abdelrahman/Documents/GitHub/mako_robot/mako_ws/build/mako_nolang_interfaces', 'catkin_cmake_args': None, 'catkin_skip_building_tests': False, 'cmake_args': None, 'cmake_clean_cache': False, 'cmake_clean_first': False, 'cmake_force_configure': False, 'cmake_target': None, 'cmake_target_skip_unavailable': False, 'install_base': '/home/abdelrahman/Documents/GitHub/mako_robot/mako_ws/install/mako_nolang_interfaces', 'merge_install': False, 'path': '/home/abdelrahman/Documents/GitHub/mako_robot/mako_ws/src/mako_nolang_interfaces', 'symlink_install': False, 'test_result_base': None}
[0.328s] Level 5:colcon.colcon_core.verb:set package 'mako_py_brain' build argument 'cmake_args' from command line to 'None'
[0.328s] Level 5:colcon.colcon_core.verb:set package 'mako_py_brain' build argument 'cmake_target' from command line to 'None'
[0.328s] Level 5:colcon.colcon_core.verb:set package 'mako_py_brain' build argument 'cmake_target_skip_unavailable' from command line to 'False'
[0.328s] Level 5:colcon.colcon_core.verb:set package 'mako_py_brain' build argument 'cmake_clean_cache' from command line to 'False'
[0.328s] Level 5:colcon.colcon_core.verb:set package 'mako_py_brain' build argument 'cmake_clean_first' from command line to 'False'
[0.328s] Level 5:colcon.colcon_core.verb:set package 'mako_py_brain' build argument 'cmake_force_configure' from command line to 'False'
[0.328s] Level 5:colcon.colcon_core.verb:set package 'mako_py_brain' build argument 'ament_cmake_args' from command line to 'None'
[0.328s] Level 5:colcon.colcon_core.verb:set package 'mako_py_brain' build argument 'catkin_cmake_args' from command line to 'None'
[0.328s] Level 5:colcon.colcon_core.verb:set package 'mako_py_brain' build argument 'catkin_skip_building_tests' from command line to 'False'
[0.328s] DEBUG:colcon.colcon_core.verb:Building package 'mako_py_brain' with the following arguments: {'ament_cmake_args': None, 'build_base': '/home/abdelrahman/Documents/GitHub/mako_robot/mako_ws/build/mako_py_brain', 'catkin_cmake_args': None, 'catkin_skip_building_tests': False, 'cmake_args': None, 'cmake_clean_cache': False, 'cmake_clean_first': False, 'cmake_force_configure': False, 'cmake_target': None, 'cmake_target_skip_unavailable': False, 'install_base': '/home/abdelrahman/Documents/GitHub/mako_robot/mako_ws/install/mako_py_brain', 'merge_install': False, 'path': '/home/abdelrahman/Documents/GitHub/mako_robot/mako_ws/src/mako_py_brain', 'symlink_install': False, 'test_result_base': None}
[0.333s] Level 5:colcon.colcon_core.verb:set package 'rplidar_ros' build argument 'cmake_args' from command line to 'None'
[0.333s] Level 5:colcon.colcon_core.verb:set package 'rplidar_ros' build argument 'cmake_target' from command line to 'None'
[0.333s] Level 5:colcon.colcon_core.verb:set package 'rplidar_ros' build argument 'cmake_target_skip_unavailable' from command line to 'False'
[0.333s] Level 5:colcon.colcon_core.verb:set package 'rplidar_ros' build argument 'cmake_clean_cache' from command line to 'False'
[0.333s] Level 5:colcon.colcon_core.verb:set package 'rplidar_ros' build argument 'cmake_clean_first' from command line to 'False'
[0.333s] Level 5:colcon.colcon_core.verb:set package 'rplidar_ros' build argument 'cmake_force_configure' from command line to 'False'
[0.333s] Level 5:colcon.colcon_core.verb:set package 'rplidar_ros' build argument 'ament_cmake_args' from command line to 'None'
[0.333s] Level 5:colcon.colcon_core.verb:set package 'rplidar_ros' build argument 'catkin_cmake_args' from command line to 'None'
[0.333s] Level 5:colcon.colcon_core.verb:set package 'rplidar_ros' build argument 'catkin_skip_building_tests' from command line to 'False'
[0.333s] DEBUG:colcon.colcon_core.verb:Building package 'rplidar_ros' with the following arguments: {'ament_cmake_args': None, 'build_base': '/home/abdelrahman/Documents/GitHub/mako_robot/mako_ws/build/rplidar_ros', 'catkin_cmake_args': None, 'catkin_skip_building_tests': False, 'cmake_args': None, 'cmake_clean_cache': False, 'cmake_clean_first': False, 'cmake_force_configure': False, 'cmake_target': None, 'cmake_target_skip_unavailable': False, 'install_base': '/home/abdelrahman/Documents/GitHub/mako_robot/mako_ws/install/rplidar_ros', 'merge_install': False, 'path': '/home/abdelrahman/Documents/GitHub/mako_robot/mako_ws/src/lidar_ros2', 'symlink_install': False, 'test_result_base': None}
[0.338s] Level 5:colcon.colcon_core.verb:set package 'mako_py_feedback_actuators' build argument 'cmake_args' from command line to 'None'
[0.338s] Level 5:colcon.colcon_core.verb:set package 'mako_py_feedback_actuators' build argument 'cmake_target' from command line to 'None'
[0.338s] Level 5:colcon.colcon_core.verb:set package 'mako_py_feedback_actuators' build argument 'cmake_target_skip_unavailable' from command line to 'False'
[0.338s] Level 5:colcon.colcon_core.verb:set package 'mako_py_feedback_actuators' build argument 'cmake_clean_cache' from command line to 'False'
[0.338s] Level 5:colcon.colcon_core.verb:set package 'mako_py_feedback_actuators' build argument 'cmake_clean_first' from command line to 'False'
[0.338s] Level 5:colcon.colcon_core.verb:set package 'mako_py_feedback_actuators' build argument 'cmake_force_configure' from command line to 'False'
[0.338s] Level 5:colcon.colcon_core.verb:set package 'mako_py_feedback_actuators' build argument 'ament_cmake_args' from command line to 'None'
[0.338s] Level 5:colcon.colcon_core.verb:set package 'mako_py_feedback_actuators' build argument 'catkin_cmake_args' from command line to 'None'
[0.338s] Level 5:colcon.colcon_core.verb:set package 'mako_py_feedback_actuators' build argument 'catkin_skip_building_tests' from command line to 'False'
[0.338s] DEBUG:colcon.colcon_core.verb:Building package 'mako_py_feedback_actuators' with the following arguments: {'ament_cmake_args': None, 'build_base': '/home/abdelrahman/Documents/GitHub/mako_robot/mako_ws/build/mako_py_feedback_actuators', 'catkin_cmake_args': None, 'catkin_skip_building_tests': False, 'cmake_args': None, 'cmake_clean_cache': False, 'cmake_clean_first': False, 'cmake_force_configure': False, 'cmake_target': None, 'cmake_target_skip_unavailable': False, 'install_base': '/home/abdelrahman/Documents/GitHub/mako_robot/mako_ws/install/mako_py_feedback_actuators', 'merge_install': False, 'path': '/home/abdelrahman/Documents/GitHub/mako_robot/mako_ws/src/mako_py_feedback_actuators', 'symlink_install': False, 'test_result_base': None}
[0.343s] Level 5:colcon.colcon_core.verb:set package 'mako_py_serial_interface' build argument 'cmake_args' from command line to 'None'
[0.343s] Level 5:colcon.colcon_core.verb:set package 'mako_py_serial_interface' build argument 'cmake_target' from command line to 'None'
[0.343s] Level 5:colcon.colcon_core.verb:set package 'mako_py_serial_interface' build argument 'cmake_target_skip_unavailable' from command line to 'False'
[0.343s] Level 5:colcon.colcon_core.verb:set package 'mako_py_serial_interface' build argument 'cmake_clean_cache' from command line to 'False'
[0.343s] Level 5:colcon.colcon_core.verb:set package 'mako_py_serial_interface' build argument 'cmake_clean_first' from command line to 'False'
[0.343s] Level 5:colcon.colcon_core.verb:set package 'mako_py_serial_interface' build argument 'cmake_force_configure' from command line to 'False'
[0.343s] Level 5:colcon.colcon_core.verb:set package 'mako_py_serial_interface' build argument 'ament_cmake_args' from command line to 'None'
[0.343s] Level 5:colcon.colcon_core.verb:set package 'mako_py_serial_interface' build argument 'catkin_cmake_args' from command line to 'None'
[0.343s] Level 5:colcon.colcon_core.verb:set package 'mako_py_serial_interface' build argument 'catkin_skip_building_tests' from command line to 'False'
[0.343s] DEBUG:colcon.colcon_core.verb:Building package 'mako_py_serial_interface' with the following arguments: {'ament_cmake_args': None, 'build_base': '/home/abdelrahman/Documents/GitHub/mako_robot/mako_ws/build/mako_py_serial_interface', 'catkin_cmake_args': None, 'catkin_skip_building_tests': False, 'cmake_args': None, 'cmake_clean_cache': False, 'cmake_clean_first': False, 'cmake_force_configure': False, 'cmake_target': None, 'cmake_target_skip_unavailable': False, 'install_base': '/home/abdelrahman/Documents/GitHub/mako_robot/mako_ws/install/mako_py_serial_interface', 'merge_install': False, 'path': '/home/abdelrahman/Documents/GitHub/mako_robot/mako_ws/src/mako_py_serial_interface', 'symlink_install': False, 'test_result_base': None}
[0.347s] Level 5:colcon.colcon_core.verb:set package 'mako_nolang_launch' build argument 'cmake_args' from command line to 'None'
[0.347s] Level 5:colcon.colcon_core.verb:set package 'mako_nolang_launch' build argument 'cmake_target' from command line to 'None'
[0.347s] Level 5:colcon.colcon_core.verb:set package 'mako_nolang_launch' build argument 'cmake_target_skip_unavailable' from command line to 'False'
[0.348s] Level 5:colcon.colcon_core.verb:set package 'mako_nolang_launch' build argument 'cmake_clean_cache' from command line to 'False'
[0.348s] Level 5:colcon.colcon_core.verb:set package 'mako_nolang_launch' build argument 'cmake_clean_first' from command line to 'False'
[0.348s] Level 5:colcon.colcon_core.verb:set package 'mako_nolang_launch' build argument 'cmake_force_configure' from command line to 'False'
[0.348s] Level 5:colcon.colcon_core.verb:set package 'mako_nolang_launch' build argument 'ament_cmake_args' from command line to 'None'
[0.348s] Level 5:colcon.colcon_core.verb:set package 'mako_nolang_launch' build argument 'catkin_cmake_args' from command line to 'None'
[0.348s] Level 5:colcon.colcon_core.verb:set package 'mako_nolang_launch' build argument 'catkin_skip_building_tests' from command line to 'False'
[0.348s] DEBUG:colcon.colcon_core.verb:Building package 'mako_nolang_launch' with the following arguments: {'ament_cmake_args': None, 'build_base': '/home/abdelrahman/Documents/GitHub/mako_robot/mako_ws/build/mako_nolang_launch', 'catkin_cmake_args': None, 'catkin_skip_building_tests': False, 'cmake_args': None, 'cmake_clean_cache': False, 'cmake_clean_first': False, 'cmake_force_configure': False, 'cmake_target': None, 'cmake_target_skip_unavailable': False, 'install_base': '/home/abdelrahman/Documents/GitHub/mako_robot/mako_ws/install/mako_nolang_launch', 'merge_install': False, 'path': '/home/abdelrahman/Documents/GitHub/mako_robot/mako_ws/src/mako_nolang_launch', 'symlink_install': False, 'test_result_base': None}
[0.348s] INFO:colcon.colcon_core.executor:Executing jobs using 'parallel' executor
[0.352s] DEBUG:colcon.colcon_parallel_executor.executor.parallel:run_until_complete
[0.354s] INFO:colcon.colcon_ros.task.ament_cmake.build:Building ROS package in '/home/abdelrahman/Documents/GitHub/mako_robot/mako_ws/src/mako_nolang_interfaces' with build type 'ament_cmake'
[0.355s] INFO:colcon.colcon_cmake.task.cmake.build:Building CMake package in '/home/abdelrahman/Documents/GitHub/mako_robot/mako_ws/src/mako_nolang_interfaces'
[0.360s] INFO:colcon.colcon_core.plugin_system:Skipping extension 'colcon_core.shell.bat': Not used on non-Windows systems
[0.361s] INFO:colcon.colcon_core.shell:Skip shell extension 'powershell' for command environment: Not usable outside of PowerShell
[0.362s] DEBUG:colcon.colcon_core.shell:Skip shell extension 'dsv' for command environment
[0.366s] DEBUG:colcon.colcon_core.shell:Ignoring prefix path '/opt/ros/foxy'
[0.372s] INFO:colcon.colcon_ros.task.ament_python.build:Building ROS package in '/home/abdelrahman/Documents/GitHub/mako_robot/mako_ws/src/mako_py_brain' with build type 'ament_python'
[0.374s] Level 1:colcon.colcon_core.shell:create_environment_hook('mako_py_brain', 'ament_prefix_path')
[0.376s] INFO:colcon.colcon_core.shell:Creating environment hook '/home/abdelrahman/Documents/GitHub/mako_robot/mako_ws/install/mako_py_brain/share/mako_py_brain/hook/ament_prefix_path.ps1'
[0.381s] INFO:colcon.colcon_core.shell:Creating environment descriptor '/home/abdelrahman/Documents/GitHub/mako_robot/mako_ws/install/mako_py_brain/share/mako_py_brain/hook/ament_prefix_path.dsv'
[0.384s] INFO:colcon.colcon_core.shell:Creating environment hook '/home/abdelrahman/Documents/GitHub/mako_robot/mako_ws/install/mako_py_brain/share/mako_py_brain/hook/ament_prefix_path.sh'
[0.386s] INFO:colcon.colcon_core.shell:Skip shell extension 'powershell' for command environment: Not usable outside of PowerShell
[0.386s] DEBUG:colcon.colcon_core.shell:Skip shell extension 'dsv' for command environment
[0.394s] DEBUG:colcon.colcon_core.shell:Ignoring prefix path '/opt/ros/foxy'
[0.400s] INFO:colcon.colcon_ros.task.ament_python.build:Building ROS package in '/home/abdelrahman/Documents/GitHub/mako_robot/mako_ws/src/dev_test_tools' with build type 'ament_python'
[0.401s] Level 1:colcon.colcon_core.shell:create_environment_hook('dev_test_tools', 'ament_prefix_path')
[0.403s] INFO:colcon.colcon_core.shell:Creating environment hook '/home/abdelrahman/Documents/GitHub/mako_robot/mako_ws/install/dev_test_tools/share/dev_test_tools/hook/ament_prefix_path.ps1'
[0.406s] INFO:colcon.colcon_core.shell:Creating environment descriptor '/home/abdelrahman/Documents/GitHub/mako_robot/mako_ws/install/dev_test_tools/share/dev_test_tools/hook/ament_prefix_path.dsv'
[0.410s] INFO:colcon.colcon_core.shell:Creating environment hook '/home/abdelrahman/Documents/GitHub/mako_robot/mako_ws/install/dev_test_tools/share/dev_test_tools/hook/ament_prefix_path.sh'
[0.416s] INFO:colcon.colcon_core.shell:Skip shell extension 'powershell' for command environment: Not usable outside of PowerShell
[0.416s] DEBUG:colcon.colcon_core.shell:Skip shell extension 'dsv' for command environment
[0.420s] DEBUG:colcon.colcon_core.shell:Ignoring prefix path '/opt/ros/foxy'
[0.442s] DEBUG:colcon.colcon_core.event_handler.log_command:Invoking command in '/home/abdelrahman/Documents/GitHub/mako_robot/mako_ws/build/mako_nolang_interfaces': CMAKE_PREFIX_PATH=${CMAKE_PREFIX_PATH}:/home/abdelrahman/ros2_ws/install/test_lidar_pkg:/home/abdelrahman/ros2_ws/install/my_py_pkg:/opt/ros/foxy /usr/bin/cmake /home/abdelrahman/Documents/GitHub/mako_robot/mako_ws/src/mako_nolang_interfaces -DCMAKE_INSTALL_PREFIX=/home/abdelrahman/Documents/GitHub/mako_robot/mako_ws/install/mako_nolang_interfaces
[0.785s] INFO:colcon.colcon_core.task.python.build:Building Python package in '/home/abdelrahman/Documents/GitHub/mako_robot/mako_ws/src/mako_py_brain'
[0.787s] INFO:colcon.colcon_core.shell:Skip shell extension 'powershell' for command environment: Not usable outside of PowerShell
[0.787s] DEBUG:colcon.colcon_core.shell:Skip shell extension 'dsv' for command environment
[0.802s] DEBUG:colcon.colcon_core.shell:Ignoring prefix path '/opt/ros/foxy'
[1.167s] INFO:colcon.colcon_core.task.python.build:Building Python package in '/home/abdelrahman/Documents/GitHub/mako_robot/mako_ws/src/dev_test_tools'
[1.169s] INFO:colcon.colcon_core.shell:Skip shell extension 'powershell' for command environment: Not usable outside of PowerShell
[1.169s] DEBUG:colcon.colcon_core.shell:Skip shell extension 'dsv' for command environment
[1.172s] DEBUG:colcon.colcon_core.shell:Ignoring prefix path '/opt/ros/foxy'
[1.182s] DEBUG:colcon.colcon_core.event_handler.log_command:Invoking command in '/home/abdelrahman/Documents/GitHub/mako_robot/mako_ws/src/mako_py_brain': PYTHONPATH=/home/abdelrahman/Documents/GitHub/mako_robot/mako_ws/install/mako_py_brain/lib/python3.8/site-packages:${PYTHONPATH} /usr/bin/python3 setup.py egg_info --egg-base ../../build/mako_py_brain build --build-base /home/abdelrahman/Documents/GitHub/mako_robot/mako_ws/build/mako_py_brain/build install --prefix /home/abdelrahman/Documents/GitHub/mako_robot/mako_ws/install/mako_py_brain --record /home/abdelrahman/Documents/GitHub/mako_robot/mako_ws/build/mako_py_brain/install.log --single-version-externally-managed
[1.197s] DEBUG:colcon.colcon_core.event_handler.log_command:Invoking command in '/home/abdelrahman/Documents/GitHub/mako_robot/mako_ws/src/dev_test_tools': PYTHONPATH=/home/abdelrahman/Documents/GitHub/mako_robot/mako_ws/install/dev_test_tools/lib/python3.8/site-packages:${PYTHONPATH} /usr/bin/python3 setup.py egg_info --egg-base ../../build/dev_test_tools build --build-base /home/abdelrahman/Documents/GitHub/mako_robot/mako_ws/build/dev_test_tools/build install --prefix /home/abdelrahman/Documents/GitHub/mako_robot/mako_ws/install/dev_test_tools --record /home/abdelrahman/Documents/GitHub/mako_robot/mako_ws/build/dev_test_tools/install.log --single-version-externally-managed
[1.653s] DEBUG:colcon.colcon_core.event_handler.log_command:Invoked command in '/home/abdelrahman/Documents/GitHub/mako_robot/mako_ws/src/dev_test_tools' returned '0': PYTHONPATH=/home/abdelrahman/Documents/GitHub/mako_robot/mako_ws/install/dev_test_tools/lib/python3.8/site-packages:${PYTHONPATH} /usr/bin/python3 setup.py egg_info --egg-base ../../build/dev_test_tools build --build-base /home/abdelrahman/Documents/GitHub/mako_robot/mako_ws/build/dev_test_tools/build install --prefix /home/abdelrahman/Documents/GitHub/mako_robot/mako_ws/install/dev_test_tools --record /home/abdelrahman/Documents/GitHub/mako_robot/mako_ws/build/dev_test_tools/install.log --single-version-externally-managed
[1.657s] Level 1:colcon.colcon_core.environment:checking '/home/abdelrahman/Documents/GitHub/mako_robot/mako_ws/install/dev_test_tools' for CMake module files
[1.657s] Level 1:colcon.colcon_core.environment:checking '/home/abdelrahman/Documents/GitHub/mako_robot/mako_ws/install/dev_test_tools' for CMake config files
[1.658s] Level 1:colcon.colcon_core.environment:checking '/home/abdelrahman/Documents/GitHub/mako_robot/mako_ws/install/dev_test_tools/lib'
[1.659s] Level 1:colcon.colcon_core.environment:checking '/home/abdelrahman/Documents/GitHub/mako_robot/mako_ws/install/dev_test_tools/bin'
[1.659s] Level 1:colcon.colcon_core.environment:checking '/home/abdelrahman/Documents/GitHub/mako_robot/mako_ws/install/dev_test_tools/lib/pkgconfig/dev_test_tools.pc'
[1.659s] Level 1:colcon.colcon_core.environment:checking '/home/abdelrahman/Documents/GitHub/mako_robot/mako_ws/install/dev_test_tools/lib/python3.8/site-packages'
[1.659s] Level 1:colcon.colcon_core.shell:create_environment_hook('dev_test_tools', 'pythonpath')
[1.660s] INFO:colcon.colcon_core.shell:Creating environment hook '/home/abdelrahman/Documents/GitHub/mako_robot/mako_ws/install/dev_test_tools/share/dev_test_tools/hook/pythonpath.ps1'
[1.662s] INFO:colcon.colcon_core.shell:Creating environment descriptor '/home/abdelrahman/Documents/GitHub/mako_robot/mako_ws/install/dev_test_tools/share/dev_test_tools/hook/pythonpath.dsv'
[1.663s] INFO:colcon.colcon_core.shell:Creating environment hook '/home/abdelrahman/Documents/GitHub/mako_robot/mako_ws/install/dev_test_tools/share/dev_test_tools/hook/pythonpath.sh'
[1.663s] Level 1:colcon.colcon_core.environment:create_environment_scripts_only(dev_test_tools)
[1.664s] INFO:colcon.colcon_core.shell:Creating package script '/home/abdelrahman/Documents/GitHub/mako_robot/mako_ws/install/dev_test_tools/share/dev_test_tools/package.ps1'
[1.666s] INFO:colcon.colcon_core.shell:Creating package descriptor '/home/abdelrahman/Documents/GitHub/mako_robot/mako_ws/install/dev_test_tools/share/dev_test_tools/package.dsv'
[1.668s] INFO:colcon.colcon_core.shell:Creating package script '/home/abdelrahman/Documents/GitHub/mako_robot/mako_ws/install/dev_test_tools/share/dev_test_tools/package.sh'
[1.669s] INFO:colcon.colcon_core.shell:Creating package script '/home/abdelrahman/Documents/GitHub/mako_robot/mako_ws/install/dev_test_tools/share/dev_test_tools/package.bash'
[1.671s] INFO:colcon.colcon_core.shell:Creating package script '/home/abdelrahman/Documents/GitHub/mako_robot/mako_ws/install/dev_test_tools/share/dev_test_tools/package.zsh'
[1.672s] Level 1:colcon.colcon_core.environment:create_file_with_runtime_dependencies(/home/abdelrahman/Documents/GitHub/mako_robot/mako_ws/install/dev_test_tools/share/colcon-core/packages/dev_test_tools)
[1.672s] INFO:colcon.colcon_ros.task.ament_cmake.build:Building ROS package in '/home/abdelrahman/Documents/GitHub/mako_robot/mako_ws/src/lidar_ros2' with build type 'ament_cmake'
[1.673s] INFO:colcon.colcon_cmake.task.cmake.build:Building CMake package in '/home/abdelrahman/Documents/GitHub/mako_robot/mako_ws/src/lidar_ros2'
[1.674s] INFO:colcon.colcon_core.shell:Skip shell extension 'powershell' for command environment: Not usable outside of PowerShell
[1.674s] DEBUG:colcon.colcon_core.shell:Skip shell extension 'dsv' for command environment
[1.677s] DEBUG:colcon.colcon_core.shell:Ignoring prefix path '/opt/ros/foxy'
[1.688s] DEBUG:colcon.colcon_core.event_handler.log_command:Invoking command in '/home/abdelrahman/Documents/GitHub/mako_robot/mako_ws/build/rplidar_ros': CMAKE_PREFIX_PATH=${CMAKE_PREFIX_PATH}:/home/abdelrahman/ros2_ws/install/test_lidar_pkg:/home/abdelrahman/ros2_ws/install/my_py_pkg:/opt/ros/foxy /usr/bin/cmake /home/abdelrahman/Documents/GitHub/mako_robot/mako_ws/src/lidar_ros2 -DCMAKE_INSTALL_PREFIX=/home/abdelrahman/Documents/GitHub/mako_robot/mako_ws/install/rplidar_ros
[1.879s] Level 1:colcon.colcon_core.environment:checking '/home/abdelrahman/Documents/GitHub/mako_robot/mako_ws/install/mako_py_brain' for CMake module files
[1.881s] Level 1:colcon.colcon_core.environment:checking '/home/abdelrahman/Documents/GitHub/mako_robot/mako_ws/install/mako_py_brain' for CMake config files
[1.882s] Level 1:colcon.colcon_core.environment:checking '/home/abdelrahman/Documents/GitHub/mako_robot/mako_ws/install/mako_py_brain/lib'
[1.882s] Level 1:colcon.colcon_core.environment:checking '/home/abdelrahman/Documents/GitHub/mako_robot/mako_ws/install/mako_py_brain/bin'
[1.883s] Level 1:colcon.colcon_core.environment:checking '/home/abdelrahman/Documents/GitHub/mako_robot/mako_ws/install/mako_py_brain/lib/pkgconfig/mako_py_brain.pc'
[1.883s] Level 1:colcon.colcon_core.environment:checking '/home/abdelrahman/Documents/GitHub/mako_robot/mako_ws/install/mako_py_brain/lib/python3.8/site-packages'
[1.883s] Level 1:colcon.colcon_core.shell:create_environment_hook('mako_py_brain', 'pythonpath')
[1.884s] INFO:colcon.colcon_core.shell:Creating environment hook '/home/abdelrahman/Documents/GitHub/mako_robot/mako_ws/install/mako_py_brain/share/mako_py_brain/hook/pythonpath.ps1'
[1.880s] DEBUG:colcon.colcon_core.event_handler.log_command:Invoked command in '/home/abdelrahman/Documents/GitHub/mako_robot/mako_ws/src/mako_py_brain' returned '0': PYTHONPATH=/home/abdelrahman/Documents/GitHub/mako_robot/mako_ws/install/mako_py_brain/lib/python3.8/site-packages:${PYTHONPATH} /usr/bin/python3 setup.py egg_info --egg-base ../../build/mako_py_brain build --build-base /home/abdelrahman/Documents/GitHub/mako_robot/mako_ws/build/mako_py_brain/build install --prefix /home/abdelrahman/Documents/GitHub/mako_robot/mako_ws/install/mako_py_brain --record /home/abdelrahman/Documents/GitHub/mako_robot/mako_ws/build/mako_py_brain/install.log --single-version-externally-managed
[1.885s] INFO:colcon.colcon_core.shell:Creating environment descriptor '/home/abdelrahman/Documents/GitHub/mako_robot/mako_ws/install/mako_py_brain/share/mako_py_brain/hook/pythonpath.dsv'
[1.885s] INFO:colcon.colcon_core.shell:Creating environment hook '/home/abdelrahman/Documents/GitHub/mako_robot/mako_ws/install/mako_py_brain/share/mako_py_brain/hook/pythonpath.sh'
[1.886s] Level 1:colcon.colcon_core.environment:create_environment_scripts_only(mako_py_brain)
[1.892s] INFO:colcon.colcon_core.shell:Creating package script '/home/abdelrahman/Documents/GitHub/mako_robot/mako_ws/install/mako_py_brain/share/mako_py_brain/package.ps1'
[1.896s] INFO:colcon.colcon_core.shell:Creating package descriptor '/home/abdelrahman/Documents/GitHub/mako_robot/mako_ws/install/mako_py_brain/share/mako_py_brain/package.dsv'
[1.896s] INFO:colcon.colcon_core.shell:Creating package script '/home/abdelrahman/Documents/GitHub/mako_robot/mako_ws/install/mako_py_brain/share/mako_py_brain/package.sh'
[1.903s] INFO:colcon.colcon_core.shell:Creating package script '/home/abdelrahman/Documents/GitHub/mako_robot/mako_ws/install/mako_py_brain/share/mako_py_brain/package.bash'
[1.904s] INFO:colcon.colcon_core.shell:Creating package script '/home/abdelrahman/Documents/GitHub/mako_robot/mako_ws/install/mako_py_brain/share/mako_py_brain/package.zsh'
[1.904s] Level 1:colcon.colcon_core.environment:create_file_with_runtime_dependencies(/home/abdelrahman/Documents/GitHub/mako_robot/mako_ws/install/mako_py_brain/share/colcon-core/packages/mako_py_brain)
[2.832s] DEBUG:colcon.colcon_core.event_handler.log_command:Invoked command in '/home/abdelrahman/Documents/GitHub/mako_robot/mako_ws/build/mako_nolang_interfaces' returned '0': CMAKE_PREFIX_PATH=${CMAKE_PREFIX_PATH}:/home/abdelrahman/ros2_ws/install/test_lidar_pkg:/home/abdelrahman/ros2_ws/install/my_py_pkg:/opt/ros/foxy /usr/bin/cmake /home/abdelrahman/Documents/GitHub/mako_robot/mako_ws/src/mako_nolang_interfaces -DCMAKE_INSTALL_PREFIX=/home/abdelrahman/Documents/GitHub/mako_robot/mako_ws/install/mako_nolang_interfaces
[2.833s] DEBUG:colcon.colcon_core.event_handler.log_command:Invoking command in '/home/abdelrahman/Documents/GitHub/mako_robot/mako_ws/build/mako_nolang_interfaces': CMAKE_PREFIX_PATH=${CMAKE_PREFIX_PATH}:/home/abdelrahman/ros2_ws/install/test_lidar_pkg:/home/abdelrahman/ros2_ws/install/my_py_pkg:/opt/ros/foxy /usr/bin/cmake --build /home/abdelrahman/Documents/GitHub/mako_robot/mako_ws/build/mako_nolang_interfaces -- -j3 -l3
[7.036s] DEBUG:colcon.colcon_core.event_handler.log_command:Invoked command in '/home/abdelrahman/Documents/GitHub/mako_robot/mako_ws/build/rplidar_ros' returned '0': CMAKE_PREFIX_PATH=${CMAKE_PREFIX_PATH}:/home/abdelrahman/ros2_ws/install/test_lidar_pkg:/home/abdelrahman/ros2_ws/install/my_py_pkg:/opt/ros/foxy /usr/bin/cmake /home/abdelrahman/Documents/GitHub/mako_robot/mako_ws/src/lidar_ros2 -DCMAKE_INSTALL_PREFIX=/home/abdelrahman/Documents/GitHub/mako_robot/mako_ws/install/rplidar_ros
[7.037s] DEBUG:colcon.colcon_core.event_handler.log_command:Invoking command in '/home/abdelrahman/Documents/GitHub/mako_robot/mako_ws/build/rplidar_ros': CMAKE_PREFIX_PATH=${CMAKE_PREFIX_PATH}:/home/abdelrahman/ros2_ws/install/test_lidar_pkg:/home/abdelrahman/ros2_ws/install/my_py_pkg:/opt/ros/foxy /usr/bin/cmake --build /home/abdelrahman/Documents/GitHub/mako_robot/mako_ws/build/rplidar_ros -- -j3 -l3
[25.217s] DEBUG:colcon.colcon_core.event_handler.log_command:Invoked command in '/home/abdelrahman/Documents/GitHub/mako_robot/mako_ws/build/mako_nolang_interfaces' returned '0': CMAKE_PREFIX_PATH=${CMAKE_PREFIX_PATH}:/home/abdelrahman/ros2_ws/install/test_lidar_pkg:/home/abdelrahman/ros2_ws/install/my_py_pkg:/opt/ros/foxy /usr/bin/cmake --build /home/abdelrahman/Documents/GitHub/mako_robot/mako_ws/build/mako_nolang_interfaces -- -j3 -l3
[25.577s] DEBUG:colcon.colcon_core.event_handler.log_command:Invoking command in '/home/abdelrahman/Documents/GitHub/mako_robot/mako_ws/build/mako_nolang_interfaces': CMAKE_PREFIX_PATH=${CMAKE_PREFIX_PATH}:/home/abdelrahman/ros2_ws/install/test_lidar_pkg:/home/abdelrahman/ros2_ws/install/my_py_pkg:/opt/ros/foxy /usr/bin/cmake --install /home/abdelrahman/Documents/GitHub/mako_robot/mako_ws/build/mako_nolang_interfaces
[25.714s] Level 1:colcon.colcon_core.environment:create_environment_scripts_only(mako_nolang_interfaces)
[25.717s] Level 1:colcon.colcon_core.environment:checking '/home/abdelrahman/Documents/GitHub/mako_robot/mako_ws/install/mako_nolang_interfaces' for CMake module files
[25.720s] Level 1:colcon.colcon_core.environment:checking '/home/abdelrahman/Documents/GitHub/mako_robot/mako_ws/install/mako_nolang_interfaces' for CMake config files
[25.721s] Level 1:colcon.colcon_core.shell:create_environment_hook('mako_nolang_interfaces', 'cmake_prefix_path')
[25.722s] INFO:colcon.colcon_core.shell:Creating environment hook '/home/abdelrahman/Documents/GitHub/mako_robot/mako_ws/install/mako_nolang_interfaces/share/mako_nolang_interfaces/hook/cmake_prefix_path.ps1'
[25.723s] INFO:colcon.colcon_core.shell:Creating environment descriptor '/home/abdelrahman/Documents/GitHub/mako_robot/mako_ws/install/mako_nolang_interfaces/share/mako_nolang_interfaces/hook/cmake_prefix_path.dsv'
[25.723s] INFO:colcon.colcon_core.shell:Creating environment hook '/home/abdelrahman/Documents/GitHub/mako_robot/mako_ws/install/mako_nolang_interfaces/share/mako_nolang_interfaces/hook/cmake_prefix_path.sh'
[25.724s] Level 1:colcon.colcon_core.environment:checking '/home/abdelrahman/Documents/GitHub/mako_robot/mako_ws/install/mako_nolang_interfaces/lib'
[25.727s] Level 1:colcon.colcon_core.shell:create_environment_hook('mako_nolang_interfaces', 'ld_library_path_lib')
[25.728s] INFO:colcon.colcon_core.shell:Creating environment hook '/home/abdelrahman/Documents/GitHub/mako_robot/mako_ws/install/mako_nolang_interfaces/share/mako_nolang_interfaces/hook/ld_library_path_lib.ps1'
[25.728s] INFO:colcon.colcon_core.shell:Creating environment descriptor '/home/abdelrahman/Documents/GitHub/mako_robot/mako_ws/install/mako_nolang_interfaces/share/mako_nolang_interfaces/hook/ld_library_path_lib.dsv'
[25.729s] INFO:colcon.colcon_core.shell:Creating environment hook '/home/abdelrahman/Documents/GitHub/mako_robot/mako_ws/install/mako_nolang_interfaces/share/mako_nolang_interfaces/hook/ld_library_path_lib.sh'
[25.733s] DEBUG:colcon.colcon_core.event_handler.log_command:Invoked command in '/home/abdelrahman/Documents/GitHub/mako_robot/mako_ws/build/mako_nolang_interfaces' returned '0': CMAKE_PREFIX_PATH=${CMAKE_PREFIX_PATH}:/home/abdelrahman/ros2_ws/install/test_lidar_pkg:/home/abdelrahman/ros2_ws/install/my_py_pkg:/opt/ros/foxy /usr/bin/cmake --install /home/abdelrahman/Documents/GitHub/mako_robot/mako_ws/build/mako_nolang_interfaces
[25.734s] Level 1:colcon.colcon_core.environment:checking '/home/abdelrahman/Documents/GitHub/mako_robot/mako_ws/install/mako_nolang_interfaces/bin'
[25.734s] Level 1:colcon.colcon_core.environment:checking '/home/abdelrahman/Documents/GitHub/mako_robot/mako_ws/install/mako_nolang_interfaces/lib/pkgconfig/mako_nolang_interfaces.pc'
[25.734s] Level 1:colcon.colcon_core.environment:checking '/home/abdelrahman/Documents/GitHub/mako_robot/mako_ws/install/mako_nolang_interfaces/lib/python3.8/site-packages'
[25.734s] Level 1:colcon.colcon_core.shell:create_environment_hook('mako_nolang_interfaces', 'pythonpath')
[25.736s] INFO:colcon.colcon_core.shell:Creating environment hook '/home/abdelrahman/Documents/GitHub/mako_robot/mako_ws/install/mako_nolang_interfaces/share/mako_nolang_interfaces/hook/pythonpath.ps1'
[25.736s] INFO:colcon.colcon_core.shell:Creating environment descriptor '/home/abdelrahman/Documents/GitHub/mako_robot/mako_ws/install/mako_nolang_interfaces/share/mako_nolang_interfaces/hook/pythonpath.dsv'
[25.737s] INFO:colcon.colcon_core.shell:Creating environment hook '/home/abdelrahman/Documents/GitHub/mako_robot/mako_ws/install/mako_nolang_interfaces/share/mako_nolang_interfaces/hook/pythonpath.sh'
[25.741s] INFO:colcon.colcon_core.shell:Creating package script '/home/abdelrahman/Documents/GitHub/mako_robot/mako_ws/install/mako_nolang_interfaces/share/mako_nolang_interfaces/package.ps1'
[25.745s] INFO:colcon.colcon_core.shell:Creating package descriptor '/home/abdelrahman/Documents/GitHub/mako_robot/mako_ws/install/mako_nolang_interfaces/share/mako_nolang_interfaces/package.dsv'
[25.746s] INFO:colcon.colcon_core.shell:Creating package script '/home/abdelrahman/Documents/GitHub/mako_robot/mako_ws/install/mako_nolang_interfaces/share/mako_nolang_interfaces/package.sh'
[25.749s] INFO:colcon.colcon_core.shell:Creating package script '/home/abdelrahman/Documents/GitHub/mako_robot/mako_ws/install/mako_nolang_interfaces/share/mako_nolang_interfaces/package.bash'
[25.749s] INFO:colcon.colcon_core.shell:Creating package script '/home/abdelrahman/Documents/GitHub/mako_robot/mako_ws/install/mako_nolang_interfaces/share/mako_nolang_interfaces/package.zsh'
[25.750s] Level 1:colcon.colcon_core.environment:create_file_with_runtime_dependencies(/home/abdelrahman/Documents/GitHub/mako_robot/mako_ws/install/mako_nolang_interfaces/share/colcon-core/packages/mako_nolang_interfaces)
[26.641s] Level 1:colcon.colcon_core.environment:create_environment_scripts_only(mako_nolang_interfaces)
[26.645s] Level 1:colcon.colcon_core.environment:checking '/home/abdelrahman/Documents/GitHub/mako_robot/mako_ws/install/mako_nolang_interfaces' for CMake module files
[26.648s] Level 1:colcon.colcon_core.environment:checking '/home/abdelrahman/Documents/GitHub/mako_robot/mako_ws/install/mako_nolang_interfaces' for CMake config files
[26.652s] Level 1:colcon.colcon_core.shell:create_environment_hook('mako_nolang_interfaces', 'cmake_prefix_path')
[26.655s] INFO:colcon.colcon_core.shell:Creating environment hook '/home/abdelrahman/Documents/GitHub/mako_robot/mako_ws/install/mako_nolang_interfaces/share/mako_nolang_interfaces/hook/cmake_prefix_path.ps1'
[26.662s] INFO:colcon.colcon_core.shell:Creating environment descriptor '/home/abdelrahman/Documents/GitHub/mako_robot/mako_ws/install/mako_nolang_interfaces/share/mako_nolang_interfaces/hook/cmake_prefix_path.dsv'
[26.673s] INFO:colcon.colcon_core.shell:Creating environment hook '/home/abdelrahman/Documents/GitHub/mako_robot/mako_ws/install/mako_nolang_interfaces/share/mako_nolang_interfaces/hook/cmake_prefix_path.sh'
[26.682s] Level 1:colcon.colcon_core.environment:checking '/home/abdelrahman/Documents/GitHub/mako_robot/mako_ws/install/mako_nolang_interfaces/lib'
[26.684s] Level 1:colcon.colcon_core.shell:create_environment_hook('mako_nolang_interfaces', 'ld_library_path_lib')
[26.692s] INFO:colcon.colcon_core.shell:Creating environment hook '/home/abdelrahman/Documents/GitHub/mako_robot/mako_ws/install/mako_nolang_interfaces/share/mako_nolang_interfaces/hook/ld_library_path_lib.ps1'
[26.702s] INFO:colcon.colcon_core.shell:Creating environment descriptor '/home/abdelrahman/Documents/GitHub/mako_robot/mako_ws/install/mako_nolang_interfaces/share/mako_nolang_interfaces/hook/ld_library_path_lib.dsv'
[26.708s] INFO:colcon.colcon_core.shell:Creating environment hook '/home/abdelrahman/Documents/GitHub/mako_robot/mako_ws/install/mako_nolang_interfaces/share/mako_nolang_interfaces/hook/ld_library_path_lib.sh'
[26.718s] Level 1:colcon.colcon_core.environment:checking '/home/abdelrahman/Documents/GitHub/mako_robot/mako_ws/install/mako_nolang_interfaces/bin'
[26.718s] Level 1:colcon.colcon_core.environment:checking '/home/abdelrahman/Documents/GitHub/mako_robot/mako_ws/install/mako_nolang_interfaces/lib/pkgconfig/mako_nolang_interfaces.pc'
[26.718s] Level 1:colcon.colcon_core.environment:checking '/home/abdelrahman/Documents/GitHub/mako_robot/mako_ws/install/mako_nolang_interfaces/lib/python3.8/site-packages'
[26.719s] Level 1:colcon.colcon_core.shell:create_environment_hook('mako_nolang_interfaces', 'pythonpath')
[26.729s] INFO:colcon.colcon_core.shell:Creating environment hook '/home/abdelrahman/Documents/GitHub/mako_robot/mako_ws/install/mako_nolang_interfaces/share/mako_nolang_interfaces/hook/pythonpath.ps1'
[26.738s] INFO:colcon.colcon_core.shell:Creating environment descriptor '/home/abdelrahman/Documents/GitHub/mako_robot/mako_ws/install/mako_nolang_interfaces/share/mako_nolang_interfaces/hook/pythonpath.dsv'
[26.748s] INFO:colcon.colcon_core.shell:Creating environment hook '/home/abdelrahman/Documents/GitHub/mako_robot/mako_ws/install/mako_nolang_interfaces/share/mako_nolang_interfaces/hook/pythonpath.sh'
[26.760s] INFO:colcon.colcon_core.shell:Creating package script '/home/abdelrahman/Documents/GitHub/mako_robot/mako_ws/install/mako_nolang_interfaces/share/mako_nolang_interfaces/package.ps1'
[26.770s] INFO:colcon.colcon_core.shell:Creating package descriptor '/home/abdelrahman/Documents/GitHub/mako_robot/mako_ws/install/mako_nolang_interfaces/share/mako_nolang_interfaces/package.dsv'
[26.781s] INFO:colcon.colcon_core.shell:Creating package script '/home/abdelrahman/Documents/GitHub/mako_robot/mako_ws/install/mako_nolang_interfaces/share/mako_nolang_interfaces/package.sh'
[26.789s] INFO:colcon.colcon_core.shell:Creating package script '/home/abdelrahman/Documents/GitHub/mako_robot/mako_ws/install/mako_nolang_interfaces/share/mako_nolang_interfaces/package.bash'
[26.797s] INFO:colcon.colcon_core.shell:Creating package script '/home/abdelrahman/Documents/GitHub/mako_robot/mako_ws/install/mako_nolang_interfaces/share/mako_nolang_interfaces/package.zsh'
[26.805s] Level 1:colcon.colcon_core.environment:create_file_with_runtime_dependencies(/home/abdelrahman/Documents/GitHub/mako_robot/mako_ws/install/mako_nolang_interfaces/share/colcon-core/packages/mako_nolang_interfaces)
[26.816s] INFO:colcon.colcon_ros.task.ament_python.build:Building ROS package in '/home/abdelrahman/Documents/GitHub/mako_robot/mako_ws/src/mako_py_feedback_actuators' with build type 'ament_python'
[26.818s] Level 1:colcon.colcon_core.shell:create_environment_hook('mako_py_feedback_actuators', 'ament_prefix_path')
[26.825s] INFO:colcon.colcon_core.shell:Creating environment hook '/home/abdelrahman/Documents/GitHub/mako_robot/mako_ws/install/mako_py_feedback_actuators/share/mako_py_feedback_actuators/hook/ament_prefix_path.ps1'
[26.830s] INFO:colcon.colcon_core.shell:Creating environment descriptor '/home/abdelrahman/Documents/GitHub/mako_robot/mako_ws/install/mako_py_feedback_actuators/share/mako_py_feedback_actuators/hook/ament_prefix_path.dsv'
[26.837s] INFO:colcon.colcon_core.shell:Creating environment hook '/home/abdelrahman/Documents/GitHub/mako_robot/mako_ws/install/mako_py_feedback_actuators/share/mako_py_feedback_actuators/hook/ament_prefix_path.sh'
[26.853s] INFO:colcon.colcon_core.shell:Skip shell extension 'powershell' for command environment: Not usable outside of PowerShell
[26.854s] DEBUG:colcon.colcon_core.shell:Skip shell extension 'dsv' for command environment
[26.874s] DEBUG:colcon.colcon_core.shell:Ignoring prefix path '/opt/ros/foxy'
[26.898s] INFO:colcon.colcon_ros.task.ament_python.build:Building ROS package in '/home/abdelrahman/Documents/GitHub/mako_robot/mako_ws/src/mako_py_serial_interface' with build type 'ament_python'
[26.899s] Level 1:colcon.colcon_core.shell:create_environment_hook('mako_py_serial_interface', 'ament_prefix_path')
[26.903s] INFO:colcon.colcon_core.shell:Creating environment hook '/home/abdelrahman/Documents/GitHub/mako_robot/mako_ws/install/mako_py_serial_interface/share/mako_py_serial_interface/hook/ament_prefix_path.ps1'
[26.908s] INFO:colcon.colcon_core.shell:Creating environment descriptor '/home/abdelrahman/Documents/GitHub/mako_robot/mako_ws/install/mako_py_serial_interface/share/mako_py_serial_interface/hook/ament_prefix_path.dsv'
[26.910s] INFO:colcon.colcon_core.shell:Creating environment hook '/home/abdelrahman/Documents/GitHub/mako_robot/mako_ws/install/mako_py_serial_interface/share/mako_py_serial_interface/hook/ament_prefix_path.sh'
[26.919s] INFO:colcon.colcon_core.shell:Skip shell extension 'powershell' for command environment: Not usable outside of PowerShell
[26.920s] DEBUG:colcon.colcon_core.shell:Skip shell extension 'dsv' for command environment
[26.947s] DEBUG:colcon.colcon_core.shell:Ignoring prefix path '/opt/ros/foxy'
[27.967s] INFO:colcon.colcon_core.task.python.build:Building Python package in '/home/abdelrahman/Documents/GitHub/mako_robot/mako_ws/src/mako_py_feedback_actuators'
[27.971s] INFO:colcon.colcon_core.shell:Skip shell extension 'powershell' for command environment: Not usable outside of PowerShell
[27.971s] DEBUG:colcon.colcon_core.shell:Skip shell extension 'dsv' for command environment
[27.987s] DEBUG:colcon.colcon_core.shell:Ignoring prefix path '/opt/ros/foxy'
[29.106s] INFO:colcon.colcon_core.task.python.build:Building Python package in '/home/abdelrahman/Documents/GitHub/mako_robot/mako_ws/src/mako_py_serial_interface'
[29.109s] INFO:colcon.colcon_core.shell:Skip shell extension 'powershell' for command environment: Not usable outside of PowerShell
[29.109s] DEBUG:colcon.colcon_core.shell:Skip shell extension 'dsv' for command environment
[29.116s] DEBUG:colcon.colcon_core.shell:Ignoring prefix path '/opt/ros/foxy'
[29.146s] DEBUG:colcon.colcon_core.event_handler.log_command:Invoking command in '/home/abdelrahman/Documents/GitHub/mako_robot/mako_ws/src/mako_py_feedback_actuators': AMENT_PREFIX_PATH=/home/abdelrahman/Documents/GitHub/mako_robot/mako_ws/install/mako_nolang_interfaces:${AMENT_PREFIX_PATH} CMAKE_PREFIX_PATH=/home/abdelrahman/Documents/GitHub/mako_robot/mako_ws/install/mako_nolang_interfaces:${CMAKE_PREFIX_PATH} LD_LIBRARY_PATH=/home/abdelrahman/Documents/GitHub/mako_robot/mako_ws/install/mako_nolang_interfaces/lib:${LD_LIBRARY_PATH} PYTHONPATH=/home/abdelrahman/Documents/GitHub/mako_robot/mako_ws/install/mako_py_feedback_actuators/lib/python3.8/site-packages:/home/abdelrahman/Documents/GitHub/mako_robot/mako_ws/install/mako_nolang_interfaces/lib/python3.8/site-packages:${PYTHONPATH} /usr/bin/python3 setup.py egg_info --egg-base ../../build/mako_py_feedback_actuators build --build-base /home/abdelrahman/Documents/GitHub/mako_robot/mako_ws/build/mako_py_feedback_actuators/build install --prefix /home/abdelrahman/Documents/GitHub/mako_robot/mako_ws/install/mako_py_feedback_actuators --record /home/abdelrahman/Documents/GitHub/mako_robot/mako_ws/build/mako_py_feedback_actuators/install.log --single-version-externally-managed
[29.202s] DEBUG:colcon.colcon_core.event_handler.log_command:Invoking command in '/home/abdelrahman/Documents/GitHub/mako_robot/mako_ws/src/mako_py_serial_interface': AMENT_PREFIX_PATH=/home/abdelrahman/Documents/GitHub/mako_robot/mako_ws/install/mako_nolang_interfaces:${AMENT_PREFIX_PATH} CMAKE_PREFIX_PATH=/home/abdelrahman/Documents/GitHub/mako_robot/mako_ws/install/mako_nolang_interfaces:${CMAKE_PREFIX_PATH} LD_LIBRARY_PATH=/home/abdelrahman/Documents/GitHub/mako_robot/mako_ws/install/mako_nolang_interfaces/lib:${LD_LIBRARY_PATH} PYTHONPATH=/home/abdelrahman/Documents/GitHub/mako_robot/mako_ws/install/mako_py_serial_interface/lib/python3.8/site-packages:/home/abdelrahman/Documents/GitHub/mako_robot/mako_ws/install/mako_nolang_interfaces/lib/python3.8/site-packages:${PYTHONPATH} /usr/bin/python3 setup.py egg_info --egg-base ../../build/mako_py_serial_interface build --build-base /home/abdelrahman/Documents/GitHub/mako_robot/mako_ws/build/mako_py_serial_interface/build install --prefix /home/abdelrahman/Documents/GitHub/mako_robot/mako_ws/install/mako_py_serial_interface --record /home/abdelrahman/Documents/GitHub/mako_robot/mako_ws/build/mako_py_serial_interface/install.log --single-version-externally-managed
[30.071s] Level 1:colcon.colcon_core.environment:checking '/home/abdelrahman/Documents/GitHub/mako_robot/mako_ws/install/mako_py_feedback_actuators' for CMake module files
[30.072s] DEBUG:colcon.colcon_core.event_handler.log_command:Invoked command in '/home/abdelrahman/Documents/GitHub/mako_robot/mako_ws/src/mako_py_feedback_actuators' returned '0': AMENT_PREFIX_PATH=/home/abdelrahman/Documents/GitHub/mako_robot/mako_ws/install/mako_nolang_interfaces:${AMENT_PREFIX_PATH} CMAKE_PREFIX_PATH=/home/abdelrahman/Documents/GitHub/mako_robot/mako_ws/install/mako_nolang_interfaces:${CMAKE_PREFIX_PATH} LD_LIBRARY_PATH=/home/abdelrahman/Documents/GitHub/mako_robot/mako_ws/install/mako_nolang_interfaces/lib:${LD_LIBRARY_PATH} PYTHONPATH=/home/abdelrahman/Documents/GitHub/mako_robot/mako_ws/install/mako_py_feedback_actuators/lib/python3.8/site-packages:/home/abdelrahman/Documents/GitHub/mako_robot/mako_ws/install/mako_nolang_interfaces/lib/python3.8/site-packages:${PYTHONPATH} /usr/bin/python3 setup.py egg_info --egg-base ../../build/mako_py_feedback_actuators build --build-base /home/abdelrahman/Documents/GitHub/mako_robot/mako_ws/build/mako_py_feedback_actuators/build install --prefix /home/abdelrahman/Documents/GitHub/mako_robot/mako_ws/install/mako_py_feedback_actuators --record /home/abdelrahman/Documents/GitHub/mako_robot/mako_ws/build/mako_py_feedback_actuators/install.log --single-version-externally-managed
[30.075s] Level 1:colcon.colcon_core.environment:checking '/home/abdelrahman/Documents/GitHub/mako_robot/mako_ws/install/mako_py_feedback_actuators' for CMake config files
[30.076s] Level 1:colcon.colcon_core.environment:checking '/home/abdelrahman/Documents/GitHub/mako_robot/mako_ws/install/mako_py_feedback_actuators/lib'
[30.076s] Level 1:colcon.colcon_core.environment:checking '/home/abdelrahman/Documents/GitHub/mako_robot/mako_ws/install/mako_py_feedback_actuators/bin'
[30.076s] Level 1:colcon.colcon_core.environment:checking '/home/abdelrahman/Documents/GitHub/mako_robot/mako_ws/install/mako_py_feedback_actuators/lib/pkgconfig/mako_py_feedback_actuators.pc'
[30.076s] Level 1:colcon.colcon_core.environment:checking '/home/abdelrahman/Documents/GitHub/mako_robot/mako_ws/install/mako_py_feedback_actuators/lib/python3.8/site-packages'
[30.076s] Level 1:colcon.colcon_core.shell:create_environment_hook('mako_py_feedback_actuators', 'pythonpath')
[30.077s] INFO:colcon.colcon_core.shell:Creating environment hook '/home/abdelrahman/Documents/GitHub/mako_robot/mako_ws/install/mako_py_feedback_actuators/share/mako_py_feedback_actuators/hook/pythonpath.ps1'
[30.078s] INFO:colcon.colcon_core.shell:Creating environment descriptor '/home/abdelrahman/Documents/GitHub/mako_robot/mako_ws/install/mako_py_feedback_actuators/share/mako_py_feedback_actuators/hook/pythonpath.dsv'
[30.078s] INFO:colcon.colcon_core.shell:Creating environment hook '/home/abdelrahman/Documents/GitHub/mako_robot/mako_ws/install/mako_py_feedback_actuators/share/mako_py_feedback_actuators/hook/pythonpath.sh'
[30.087s] Level 1:colcon.colcon_core.environment:create_environment_scripts_only(mako_py_feedback_actuators)
[30.088s] INFO:colcon.colcon_core.shell:Creating package script '/home/abdelrahman/Documents/GitHub/mako_robot/mako_ws/install/mako_py_feedback_actuators/share/mako_py_feedback_actuators/package.ps1'
[30.088s] INFO:colcon.colcon_core.shell:Creating package descriptor '/home/abdelrahman/Documents/GitHub/mako_robot/mako_ws/install/mako_py_feedback_actuators/share/mako_py_feedback_actuators/package.dsv'
[30.099s] INFO:colcon.colcon_core.shell:Creating package script '/home/abdelrahman/Documents/GitHub/mako_robot/mako_ws/install/mako_py_feedback_actuators/share/mako_py_feedback_actuators/package.sh'
[30.099s] INFO:colcon.colcon_core.shell:Creating package script '/home/abdelrahman/Documents/GitHub/mako_robot/mako_ws/install/mako_py_feedback_actuators/share/mako_py_feedback_actuators/package.bash'
[30.101s] INFO:colcon.colcon_core.shell:Creating package script '/home/abdelrahman/Documents/GitHub/mako_robot/mako_ws/install/mako_py_feedback_actuators/share/mako_py_feedback_actuators/package.zsh'
[30.102s] Level 1:colcon.colcon_core.environment:create_file_with_runtime_dependencies(/home/abdelrahman/Documents/GitHub/mako_robot/mako_ws/install/mako_py_feedback_actuators/share/colcon-core/packages/mako_py_feedback_actuators)
[30.273s] Level 1:colcon.colcon_core.environment:checking '/home/abdelrahman/Documents/GitHub/mako_robot/mako_ws/install/mako_py_serial_interface' for CMake module files
[30.273s] DEBUG:colcon.colcon_core.event_handler.log_command:Invoked command in '/home/abdelrahman/Documents/GitHub/mako_robot/mako_ws/src/mako_py_serial_interface' returned '0': AMENT_PREFIX_PATH=/home/abdelrahman/Documents/GitHub/mako_robot/mako_ws/install/mako_nolang_interfaces:${AMENT_PREFIX_PATH} CMAKE_PREFIX_PATH=/home/abdelrahman/Documents/GitHub/mako_robot/mako_ws/install/mako_nolang_interfaces:${CMAKE_PREFIX_PATH} LD_LIBRARY_PATH=/home/abdelrahman/Documents/GitHub/mako_robot/mako_ws/install/mako_nolang_interfaces/lib:${LD_LIBRARY_PATH} PYTHONPATH=/home/abdelrahman/Documents/GitHub/mako_robot/mako_ws/install/mako_py_serial_interface/lib/python3.8/site-packages:/home/abdelrahman/Documents/GitHub/mako_robot/mako_ws/install/mako_nolang_interfaces/lib/python3.8/site-packages:${PYTHONPATH} /usr/bin/python3 setup.py egg_info --egg-base ../../build/mako_py_serial_interface build --build-base /home/abdelrahman/Documents/GitHub/mako_robot/mako_ws/build/mako_py_serial_interface/build install --prefix /home/abdelrahman/Documents/GitHub/mako_robot/mako_ws/install/mako_py_serial_interface --record /home/abdelrahman/Documents/GitHub/mako_robot/mako_ws/build/mako_py_serial_interface/install.log --single-version-externally-managed
[30.275s] Level 1:colcon.colcon_core.environment:checking '/home/abdelrahman/Documents/GitHub/mako_robot/mako_ws/install/mako_py_serial_interface' for CMake config files
[30.275s] Level 1:colcon.colcon_core.environment:checking '/home/abdelrahman/Documents/GitHub/mako_robot/mako_ws/install/mako_py_serial_interface/lib'
[30.276s] Level 1:colcon.colcon_core.environment:checking '/home/abdelrahman/Documents/GitHub/mako_robot/mako_ws/install/mako_py_serial_interface/bin'
[30.276s] Level 1:colcon.colcon_core.environment:checking '/home/abdelrahman/Documents/GitHub/mako_robot/mako_ws/install/mako_py_serial_interface/lib/pkgconfig/mako_py_serial_interface.pc'
[30.276s] Level 1:colcon.colcon_core.environment:checking '/home/abdelrahman/Documents/GitHub/mako_robot/mako_ws/install/mako_py_serial_interface/lib/python3.8/site-packages'
[30.276s] Level 1:colcon.colcon_core.shell:create_environment_hook('mako_py_serial_interface', 'pythonpath')
[30.277s] INFO:colcon.colcon_core.shell:Creating environment hook '/home/abdelrahman/Documents/GitHub/mako_robot/mako_ws/install/mako_py_serial_interface/share/mako_py_serial_interface/hook/pythonpath.ps1'
[30.278s] INFO:colcon.colcon_core.shell:Creating environment descriptor '/home/abdelrahman/Documents/GitHub/mako_robot/mako_ws/install/mako_py_serial_interface/share/mako_py_serial_interface/hook/pythonpath.dsv'
[30.278s] INFO:colcon.colcon_core.shell:Creating environment hook '/home/abdelrahman/Documents/GitHub/mako_robot/mako_ws/install/mako_py_serial_interface/share/mako_py_serial_interface/hook/pythonpath.sh'
[30.279s] Level 1:colcon.colcon_core.environment:create_environment_scripts_only(mako_py_serial_interface)
[30.280s] INFO:colcon.colcon_core.shell:Creating package script '/home/abdelrahman/Documents/GitHub/mako_robot/mako_ws/install/mako_py_serial_interface/share/mako_py_serial_interface/package.ps1'
[30.281s] INFO:colcon.colcon_core.shell:Creating package descriptor '/home/abdelrahman/Documents/GitHub/mako_robot/mako_ws/install/mako_py_serial_interface/share/mako_py_serial_interface/package.dsv'
[30.281s] INFO:colcon.colcon_core.shell:Creating package script '/home/abdelrahman/Documents/GitHub/mako_robot/mako_ws/install/mako_py_serial_interface/share/mako_py_serial_interface/package.sh'
[30.282s] INFO:colcon.colcon_core.shell:Creating package script '/home/abdelrahman/Documents/GitHub/mako_robot/mako_ws/install/mako_py_serial_interface/share/mako_py_serial_interface/package.bash'
[30.283s] INFO:colcon.colcon_core.shell:Creating package script '/home/abdelrahman/Documents/GitHub/mako_robot/mako_ws/install/mako_py_serial_interface/share/mako_py_serial_interface/package.zsh'
[30.283s] Level 1:colcon.colcon_core.environment:create_file_with_runtime_dependencies(/home/abdelrahman/Documents/GitHub/mako_robot/mako_ws/install/mako_py_serial_interface/share/colcon-core/packages/mako_py_serial_interface)
[30.284s] INFO:colcon.colcon_ros.task.ament_cmake.build:Building ROS package in '/home/abdelrahman/Documents/GitHub/mako_robot/mako_ws/src/mako_nolang_launch' with build type 'ament_cmake'
[30.285s] INFO:colcon.colcon_cmake.task.cmake.build:Building CMake package in '/home/abdelrahman/Documents/GitHub/mako_robot/mako_ws/src/mako_nolang_launch'
[30.286s] INFO:colcon.colcon_core.shell:Skip shell extension 'powershell' for command environment: Not usable outside of PowerShell
[30.286s] DEBUG:colcon.colcon_core.shell:Skip shell extension 'dsv' for command environment
[30.292s] DEBUG:colcon.colcon_core.shell:Ignoring prefix path '/opt/ros/foxy'
[30.334s] DEBUG:colcon.colcon_core.event_handler.log_command:Invoking command in '/home/abdelrahman/Documents/GitHub/mako_robot/mako_ws/build/mako_nolang_launch': AMENT_PREFIX_PATH=/home/abdelrahman/Documents/GitHub/mako_robot/mako_ws/install/mako_py_serial_interface:/home/abdelrahman/Documents/GitHub/mako_robot/mako_ws/install/mako_py_feedback_actuators:/home/abdelrahman/Documents/GitHub/mako_robot/mako_ws/install/mako_py_brain:/home/abdelrahman/Documents/GitHub/mako_robot/mako_ws/install/mako_nolang_interfaces:${AMENT_PREFIX_PATH} CMAKE_PREFIX_PATH=/home/abdelrahman/Documents/GitHub/mako_robot/mako_ws/install/mako_nolang_interfaces:/home/abdelrahman/ros2_ws/install/my_robot_interface:/home/abdelrahman/ros2_ws/install/test_lidar_pkg:/home/abdelrahman/ros2_ws/install/my_py_pkg:/opt/ros/foxy LD_LIBRARY_PATH=/home/abdelrahman/Documents/GitHub/mako_robot/mako_ws/install/mako_nolang_interfaces/lib:${LD_LIBRARY_PATH} PYTHONPATH=/home/abdelrahman/Documents/GitHub/mako_robot/mako_ws/install/mako_py_serial_interface/lib/python3.8/site-packages:/home/abdelrahman/Documents/GitHub/mako_robot/mako_ws/install/mako_py_feedback_actuators/lib/python3.8/site-packages:/home/abdelrahman/Documents/GitHub/mako_robot/mako_ws/install/mako_py_brain/lib/python3.8/site-packages:/home/abdelrahman/Documents/GitHub/mako_robot/mako_ws/install/mako_nolang_interfaces/lib/python3.8/site-packages:${PYTHONPATH} /usr/bin/cmake /home/abdelrahman/Documents/GitHub/mako_robot/mako_ws/src/mako_nolang_launch -DCMAKE_INSTALL_PREFIX=/home/abdelrahman/Documents/GitHub/mako_robot/mako_ws/install/mako_nolang_launch
[32.121s] DEBUG:colcon.colcon_core.event_handler.log_command:Invoked command in '/home/abdelrahman/Documents/GitHub/mako_robot/mako_ws/build/mako_nolang_launch' returned '0': AMENT_PREFIX_PATH=/home/abdelrahman/Documents/GitHub/mako_robot/mako_ws/install/mako_py_serial_interface:/home/abdelrahman/Documents/GitHub/mako_robot/mako_ws/install/mako_py_feedback_actuators:/home/abdelrahman/Documents/GitHub/mako_robot/mako_ws/install/mako_py_brain:/home/abdelrahman/Documents/GitHub/mako_robot/mako_ws/install/mako_nolang_interfaces:${AMENT_PREFIX_PATH} CMAKE_PREFIX_PATH=/home/abdelrahman/Documents/GitHub/mako_robot/mako_ws/install/mako_nolang_interfaces:/home/abdelrahman/ros2_ws/install/my_robot_interface:/home/abdelrahman/ros2_ws/install/test_lidar_pkg:/home/abdelrahman/ros2_ws/install/my_py_pkg:/opt/ros/foxy LD_LIBRARY_PATH=/home/abdelrahman/Documents/GitHub/mako_robot/mako_ws/install/mako_nolang_interfaces/lib:${LD_LIBRARY_PATH} PYTHONPATH=/home/abdelrahman/Documents/GitHub/mako_robot/mako_ws/install/mako_py_serial_interface/lib/python3.8/site-packages:/home/abdelrahman/Documents/GitHub/mako_robot/mako_ws/install/mako_py_feedback_actuators/lib/python3.8/site-packages:/home/abdelrahman/Documents/GitHub/mako_robot/mako_ws/install/mako_py_brain/lib/python3.8/site-packages:/home/abdelrahman/Documents/GitHub/mako_robot/mako_ws/install/mako_nolang_interfaces/lib/python3.8/site-packages:${PYTHONPATH} /usr/bin/cmake /home/abdelrahman/Documents/GitHub/mako_robot/mako_ws/src/mako_nolang_launch -DCMAKE_INSTALL_PREFIX=/home/abdelrahman/Documents/GitHub/mako_robot/mako_ws/install/mako_nolang_launch
[32.123s] DEBUG:colcon.colcon_core.event_handler.log_command:Invoking command in '/home/abdelrahman/Documents/GitHub/mako_robot/mako_ws/build/mako_nolang_launch': AMENT_PREFIX_PATH=/home/abdelrahman/Documents/GitHub/mako_robot/mako_ws/install/mako_py_serial_interface:/home/abdelrahman/Documents/GitHub/mako_robot/mako_ws/install/mako_py_feedback_actuators:/home/abdelrahman/Documents/GitHub/mako_robot/mako_ws/install/mako_py_brain:/home/abdelrahman/Documents/GitHub/mako_robot/mako_ws/install/mako_nolang_interfaces:${AMENT_PREFIX_PATH} CMAKE_PREFIX_PATH=/home/abdelrahman/Documents/GitHub/mako_robot/mako_ws/install/mako_nolang_interfaces:/home/abdelrahman/ros2_ws/install/my_robot_interface:/home/abdelrahman/ros2_ws/install/test_lidar_pkg:/home/abdelrahman/ros2_ws/install/my_py_pkg:/opt/ros/foxy LD_LIBRARY_PATH=/home/abdelrahman/Documents/GitHub/mako_robot/mako_ws/install/mako_nolang_interfaces/lib:${LD_LIBRARY_PATH} PYTHONPATH=/home/abdelrahman/Documents/GitHub/mako_robot/mako_ws/install/mako_py_serial_interface/lib/python3.8/site-packages:/home/abdelrahman/Documents/GitHub/mako_robot/mako_ws/install/mako_py_feedback_actuators/lib/python3.8/site-packages:/home/abdelrahman/Documents/GitHub/mako_robot/mako_ws/install/mako_py_brain/lib/python3.8/site-packages:/home/abdelrahman/Documents/GitHub/mako_robot/mako_ws/install/mako_nolang_interfaces/lib/python3.8/site-packages:${PYTHONPATH} /usr/bin/cmake --build /home/abdelrahman/Documents/GitHub/mako_robot/mako_ws/build/mako_nolang_launch -- -j3 -l3
[32.215s] DEBUG:colcon.colcon_core.event_handler.log_command:Invoked command in '/home/abdelrahman/Documents/GitHub/mako_robot/mako_ws/build/mako_nolang_launch' returned '0': AMENT_PREFIX_PATH=/home/abdelrahman/Documents/GitHub/mako_robot/mako_ws/install/mako_py_serial_interface:/home/abdelrahman/Documents/GitHub/mako_robot/mako_ws/install/mako_py_feedback_actuators:/home/abdelrahman/Documents/GitHub/mako_robot/mako_ws/install/mako_py_brain:/home/abdelrahman/Documents/GitHub/mako_robot/mako_ws/install/mako_nolang_interfaces:${AMENT_PREFIX_PATH} CMAKE_PREFIX_PATH=/home/abdelrahman/Documents/GitHub/mako_robot/mako_ws/install/mako_nolang_interfaces:/home/abdelrahman/ros2_ws/install/my_robot_interface:/home/abdelrahman/ros2_ws/install/test_lidar_pkg:/home/abdelrahman/ros2_ws/install/my_py_pkg:/opt/ros/foxy LD_LIBRARY_PATH=/home/abdelrahman/Documents/GitHub/mako_robot/mako_ws/install/mako_nolang_interfaces/lib:${LD_LIBRARY_PATH} PYTHONPATH=/home/abdelrahman/Documents/GitHub/mako_robot/mako_ws/install/mako_py_serial_interface/lib/python3.8/site-packages:/home/abdelrahman/Documents/GitHub/mako_robot/mako_ws/install/mako_py_feedback_actuators/lib/python3.8/site-packages:/home/abdelrahman/Documents/GitHub/mako_robot/mako_ws/install/mako_py_brain/lib/python3.8/site-packages:/home/abdelrahman/Documents/GitHub/mako_robot/mako_ws/install/mako_nolang_interfaces/lib/python3.8/site-packages:${PYTHONPATH} /usr/bin/cmake --build /home/abdelrahman/Documents/GitHub/mako_robot/mako_ws/build/mako_nolang_launch -- -j3 -l3
[32.280s] DEBUG:colcon.colcon_core.event_handler.log_command:Invoking command in '/home/abdelrahman/Documents/GitHub/mako_robot/mako_ws/build/mako_nolang_launch': AMENT_PREFIX_PATH=/home/abdelrahman/Documents/GitHub/mako_robot/mako_ws/install/mako_py_serial_interface:/home/abdelrahman/Documents/GitHub/mako_robot/mako_ws/install/mako_py_feedback_actuators:/home/abdelrahman/Documents/GitHub/mako_robot/mako_ws/install/mako_py_brain:/home/abdelrahman/Documents/GitHub/mako_robot/mako_ws/install/mako_nolang_interfaces:${AMENT_PREFIX_PATH} CMAKE_PREFIX_PATH=/home/abdelrahman/Documents/GitHub/mako_robot/mako_ws/install/mako_nolang_interfaces:/home/abdelrahman/ros2_ws/install/my_robot_interface:/home/abdelrahman/ros2_ws/install/test_lidar_pkg:/home/abdelrahman/ros2_ws/install/my_py_pkg:/opt/ros/foxy LD_LIBRARY_PATH=/home/abdelrahman/Documents/GitHub/mako_robot/mako_ws/install/mako_nolang_interfaces/lib:${LD_LIBRARY_PATH} PYTHONPATH=/home/abdelrahman/Documents/GitHub/mako_robot/mako_ws/install/mako_py_serial_interface/lib/python3.8/site-packages:/home/abdelrahman/Documents/GitHub/mako_robot/mako_ws/install/mako_py_feedback_actuators/lib/python3.8/site-packages:/home/abdelrahman/Documents/GitHub/mako_robot/mako_ws/install/mako_py_brain/lib/python3.8/site-packages:/home/abdelrahman/Documents/GitHub/mako_robot/mako_ws/install/mako_nolang_interfaces/lib/python3.8/site-packages:${PYTHONPATH} /usr/bin/cmake --install /home/abdelrahman/Documents/GitHub/mako_robot/mako_ws/build/mako_nolang_launch
[32.323s] Level 1:colcon.colcon_core.environment:create_environment_scripts_only(mako_nolang_launch)
[32.326s] Level 1:colcon.colcon_core.environment:checking '/home/abdelrahman/Documents/GitHub/mako_robot/mako_ws/install/mako_nolang_launch' for CMake module files
[32.329s] DEBUG:colcon.colcon_core.event_handler.log_command:Invoked command in '/home/abdelrahman/Documents/GitHub/mako_robot/mako_ws/build/mako_nolang_launch' returned '0': AMENT_PREFIX_PATH=/home/abdelrahman/Documents/GitHub/mako_robot/mako_ws/install/mako_py_serial_interface:/home/abdelrahman/Documents/GitHub/mako_robot/mako_ws/install/mako_py_feedback_actuators:/home/abdelrahman/Documents/GitHub/mako_robot/mako_ws/install/mako_py_brain:/home/abdelrahman/Documents/GitHub/mako_robot/mako_ws/install/mako_nolang_interfaces:${AMENT_PREFIX_PATH} CMAKE_PREFIX_PATH=/home/abdelrahman/Documents/GitHub/mako_robot/mako_ws/install/mako_nolang_interfaces:/home/abdelrahman/ros2_ws/install/my_robot_interface:/home/abdelrahman/ros2_ws/install/test_lidar_pkg:/home/abdelrahman/ros2_ws/install/my_py_pkg:/opt/ros/foxy LD_LIBRARY_PATH=/home/abdelrahman/Documents/GitHub/mako_robot/mako_ws/install/mako_nolang_interfaces/lib:${LD_LIBRARY_PATH} PYTHONPATH=/home/abdelrahman/Documents/GitHub/mako_robot/mako_ws/install/mako_py_serial_interface/lib/python3.8/site-packages:/home/abdelrahman/Documents/GitHub/mako_robot/mako_ws/install/mako_py_feedback_actuators/lib/python3.8/site-packages:/home/abdelrahman/Documents/GitHub/mako_robot/mako_ws/install/mako_py_brain/lib/python3.8/site-packages:/home/abdelrahman/Documents/GitHub/mako_robot/mako_ws/install/mako_nolang_interfaces/lib/python3.8/site-packages:${PYTHONPATH} /usr/bin/cmake --install /home/abdelrahman/Documents/GitHub/mako_robot/mako_ws/build/mako_nolang_launch
[32.338s] Level 1:colcon.colcon_core.environment:checking '/home/abdelrahman/Documents/GitHub/mako_robot/mako_ws/install/mako_nolang_launch' for CMake config files
[32.339s] Level 1:colcon.colcon_core.shell:create_environment_hook('mako_nolang_launch', 'cmake_prefix_path')
[32.341s] INFO:colcon.colcon_core.shell:Creating environment hook '/home/abdelrahman/Documents/GitHub/mako_robot/mako_ws/install/mako_nolang_launch/share/mako_nolang_launch/hook/cmake_prefix_path.ps1'
[32.346s] INFO:colcon.colcon_core.shell:Creating environment descriptor '/home/abdelrahman/Documents/GitHub/mako_robot/mako_ws/install/mako_nolang_launch/share/mako_nolang_launch/hook/cmake_prefix_path.dsv'
[32.347s] INFO:colcon.colcon_core.shell:Creating environment hook '/home/abdelrahman/Documents/GitHub/mako_robot/mako_ws/install/mako_nolang_launch/share/mako_nolang_launch/hook/cmake_prefix_path.sh'
[32.349s] Level 1:colcon.colcon_core.environment:checking '/home/abdelrahman/Documents/GitHub/mako_robot/mako_ws/install/mako_nolang_launch/bin'
[32.350s] Level 1:colcon.colcon_core.environment:checking '/home/abdelrahman/Documents/GitHub/mako_robot/mako_ws/install/mako_nolang_launch/lib/pkgconfig/mako_nolang_launch.pc'
[32.350s] Level 1:colcon.colcon_core.environment:checking '/home/abdelrahman/Documents/GitHub/mako_robot/mako_ws/install/mako_nolang_launch/lib/python3.8/site-packages'
[32.353s] INFO:colcon.colcon_core.shell:Creating package script '/home/abdelrahman/Documents/GitHub/mako_robot/mako_ws/install/mako_nolang_launch/share/mako_nolang_launch/package.ps1'
[32.355s] INFO:colcon.colcon_core.shell:Creating package descriptor '/home/abdelrahman/Documents/GitHub/mako_robot/mako_ws/install/mako_nolang_launch/share/mako_nolang_launch/package.dsv'
[32.356s] INFO:colcon.colcon_core.shell:Creating package script '/home/abdelrahman/Documents/GitHub/mako_robot/mako_ws/install/mako_nolang_launch/share/mako_nolang_launch/package.sh'
[32.357s] INFO:colcon.colcon_core.shell:Creating package script '/home/abdelrahman/Documents/GitHub/mako_robot/mako_ws/install/mako_nolang_launch/share/mako_nolang_launch/package.bash'
[32.358s] INFO:colcon.colcon_core.shell:Creating package script '/home/abdelrahman/Documents/GitHub/mako_robot/mako_ws/install/mako_nolang_launch/share/mako_nolang_launch/package.zsh'
[32.359s] Level 1:colcon.colcon_core.environment:create_file_with_runtime_dependencies(/home/abdelrahman/Documents/GitHub/mako_robot/mako_ws/install/mako_nolang_launch/share/colcon-core/packages/mako_nolang_launch)
[32.418s] Level 1:colcon.colcon_core.environment:create_environment_scripts_only(mako_nolang_launch)
[32.423s] Level 1:colcon.colcon_core.environment:checking '/home/abdelrahman/Documents/GitHub/mako_robot/mako_ws/install/mako_nolang_launch' for CMake module files
[32.427s] Level 1:colcon.colcon_core.environment:checking '/home/abdelrahman/Documents/GitHub/mako_robot/mako_ws/install/mako_nolang_launch' for CMake config files
[32.427s] Level 1:colcon.colcon_core.shell:create_environment_hook('mako_nolang_launch', 'cmake_prefix_path')
[32.438s] INFO:colcon.colcon_core.shell:Creating environment hook '/home/abdelrahman/Documents/GitHub/mako_robot/mako_ws/install/mako_nolang_launch/share/mako_nolang_launch/hook/cmake_prefix_path.ps1'
[32.440s] INFO:colcon.colcon_core.shell:Creating environment descriptor '/home/abdelrahman/Documents/GitHub/mako_robot/mako_ws/install/mako_nolang_launch/share/mako_nolang_launch/hook/cmake_prefix_path.dsv'
[32.441s] INFO:colcon.colcon_core.shell:Creating environment hook '/home/abdelrahman/Documents/GitHub/mako_robot/mako_ws/install/mako_nolang_launch/share/mako_nolang_launch/hook/cmake_prefix_path.sh'
[32.451s] Level 1:colcon.colcon_core.environment:checking '/home/abdelrahman/Documents/GitHub/mako_robot/mako_ws/install/mako_nolang_launch/bin'
[32.451s] Level 1:colcon.colcon_core.environment:checking '/home/abdelrahman/Documents/GitHub/mako_robot/mako_ws/install/mako_nolang_launch/lib/pkgconfig/mako_nolang_launch.pc'
[32.451s] Level 1:colcon.colcon_core.environment:checking '/home/abdelrahman/Documents/GitHub/mako_robot/mako_ws/install/mako_nolang_launch/lib/python3.8/site-packages'
[32.454s] INFO:colcon.colcon_core.shell:Creating package script '/home/abdelrahman/Documents/GitHub/mako_robot/mako_ws/install/mako_nolang_launch/share/mako_nolang_launch/package.ps1'
[32.455s] INFO:colcon.colcon_core.shell:Creating package descriptor '/home/abdelrahman/Documents/GitHub/mako_robot/mako_ws/install/mako_nolang_launch/share/mako_nolang_launch/package.dsv'
[32.460s] INFO:colcon.colcon_core.shell:Creating package script '/home/abdelrahman/Documents/GitHub/mako_robot/mako_ws/install/mako_nolang_launch/share/mako_nolang_launch/package.sh'
[32.461s] INFO:colcon.colcon_core.shell:Creating package script '/home/abdelrahman/Documents/GitHub/mako_robot/mako_ws/install/mako_nolang_launch/share/mako_nolang_launch/package.bash'
[32.463s] INFO:colcon.colcon_core.shell:Creating package script '/home/abdelrahman/Documents/GitHub/mako_robot/mako_ws/install/mako_nolang_launch/share/mako_nolang_launch/package.zsh'
[32.464s] Level 1:colcon.colcon_core.environment:create_file_with_runtime_dependencies(/home/abdelrahman/Documents/GitHub/mako_robot/mako_ws/install/mako_nolang_launch/share/colcon-core/packages/mako_nolang_launch)
[36.337s] DEBUG:colcon.colcon_core.event_handler.log_command:Invoked command in '/home/abdelrahman/Documents/GitHub/mako_robot/mako_ws/build/rplidar_ros' returned '0': CMAKE_PREFIX_PATH=${CMAKE_PREFIX_PATH}:/home/abdelrahman/ros2_ws/install/test_lidar_pkg:/home/abdelrahman/ros2_ws/install/my_py_pkg:/opt/ros/foxy /usr/bin/cmake --build /home/abdelrahman/Documents/GitHub/mako_robot/mako_ws/build/rplidar_ros -- -j3 -l3
[36.394s] DEBUG:colcon.colcon_core.event_handler.log_command:Invoking command in '/home/abdelrahman/Documents/GitHub/mako_robot/mako_ws/build/rplidar_ros': CMAKE_PREFIX_PATH=${CMAKE_PREFIX_PATH}:/home/abdelrahman/ros2_ws/install/test_lidar_pkg:/home/abdelrahman/ros2_ws/install/my_py_pkg:/opt/ros/foxy /usr/bin/cmake --install /home/abdelrahman/Documents/GitHub/mako_robot/mako_ws/build/rplidar_ros
[36.418s] Level 1:colcon.colcon_core.environment:create_environment_scripts_only(rplidar_ros)
[36.420s] Level 1:colcon.colcon_core.environment:checking '/home/abdelrahman/Documents/GitHub/mako_robot/mako_ws/install/rplidar_ros' for CMake module files
[36.424s] DEBUG:colcon.colcon_core.event_handler.log_command:Invoked command in '/home/abdelrahman/Documents/GitHub/mako_robot/mako_ws/build/rplidar_ros' returned '0': CMAKE_PREFIX_PATH=${CMAKE_PREFIX_PATH}:/home/abdelrahman/ros2_ws/install/test_lidar_pkg:/home/abdelrahman/ros2_ws/install/my_py_pkg:/opt/ros/foxy /usr/bin/cmake --install /home/abdelrahman/Documents/GitHub/mako_robot/mako_ws/build/rplidar_ros
[36.425s] Level 1:colcon.colcon_core.environment:checking '/home/abdelrahman/Documents/GitHub/mako_robot/mako_ws/install/rplidar_ros' for CMake config files
[36.425s] Level 1:colcon.colcon_core.shell:create_environment_hook('rplidar_ros', 'cmake_prefix_path')
[36.426s] INFO:colcon.colcon_core.shell:Creating environment hook '/home/abdelrahman/Documents/GitHub/mako_robot/mako_ws/install/rplidar_ros/share/rplidar_ros/hook/cmake_prefix_path.ps1'
[36.427s] INFO:colcon.colcon_core.shell:Creating environment descriptor '/home/abdelrahman/Documents/GitHub/mako_robot/mako_ws/install/rplidar_ros/share/rplidar_ros/hook/cmake_prefix_path.dsv'
[36.427s] INFO:colcon.colcon_core.shell:Creating environment hook '/home/abdelrahman/Documents/GitHub/mako_robot/mako_ws/install/rplidar_ros/share/rplidar_ros/hook/cmake_prefix_path.sh'
[36.428s] Level 1:colcon.colcon_core.environment:checking '/home/abdelrahman/Documents/GitHub/mako_robot/mako_ws/install/rplidar_ros/lib'
[36.428s] Level 1:colcon.colcon_core.shell:create_environment_hook('rplidar_ros', 'ld_library_path_lib')
[36.429s] INFO:colcon.colcon_core.shell:Creating environment hook '/home/abdelrahman/Documents/GitHub/mako_robot/mako_ws/install/rplidar_ros/share/rplidar_ros/hook/ld_library_path_lib.ps1'
[36.430s] INFO:colcon.colcon_core.shell:Creating environment descriptor '/home/abdelrahman/Documents/GitHub/mako_robot/mako_ws/install/rplidar_ros/share/rplidar_ros/hook/ld_library_path_lib.dsv'
[36.430s] INFO:colcon.colcon_core.shell:Creating environment hook '/home/abdelrahman/Documents/GitHub/mako_robot/mako_ws/install/rplidar_ros/share/rplidar_ros/hook/ld_library_path_lib.sh'
[36.431s] Level 1:colcon.colcon_core.environment:checking '/home/abdelrahman/Documents/GitHub/mako_robot/mako_ws/install/rplidar_ros/bin'
[36.431s] Level 1:colcon.colcon_core.environment:checking '/home/abdelrahman/Documents/GitHub/mako_robot/mako_ws/install/rplidar_ros/lib/pkgconfig/rplidar_ros.pc'
[36.431s] Level 1:colcon.colcon_core.environment:checking '/home/abdelrahman/Documents/GitHub/mako_robot/mako_ws/install/rplidar_ros/lib/python3.8/site-packages'
[36.432s] INFO:colcon.colcon_core.shell:Creating package script '/home/abdelrahman/Documents/GitHub/mako_robot/mako_ws/install/rplidar_ros/share/rplidar_ros/package.ps1'
[36.434s] INFO:colcon.colcon_core.shell:Creating package descriptor '/home/abdelrahman/Documents/GitHub/mako_robot/mako_ws/install/rplidar_ros/share/rplidar_ros/package.dsv'
[36.434s] INFO:colcon.colcon_core.shell:Creating package script '/home/abdelrahman/Documents/GitHub/mako_robot/mako_ws/install/rplidar_ros/share/rplidar_ros/package.sh'
[36.435s] INFO:colcon.colcon_core.shell:Creating package script '/home/abdelrahman/Documents/GitHub/mako_robot/mako_ws/install/rplidar_ros/share/rplidar_ros/package.bash'
[36.436s] INFO:colcon.colcon_core.shell:Creating package script '/home/abdelrahman/Documents/GitHub/mako_robot/mako_ws/install/rplidar_ros/share/rplidar_ros/package.zsh'
[36.436s] Level 1:colcon.colcon_core.environment:create_file_with_runtime_dependencies(/home/abdelrahman/Documents/GitHub/mako_robot/mako_ws/install/rplidar_ros/share/colcon-core/packages/rplidar_ros)
[36.491s] Level 1:colcon.colcon_core.environment:create_environment_scripts_only(rplidar_ros)
[36.493s] Level 1:colcon.colcon_core.environment:checking '/home/abdelrahman/Documents/GitHub/mako_robot/mako_ws/install/rplidar_ros' for CMake module files
[36.494s] Level 1:colcon.colcon_core.environment:checking '/home/abdelrahman/Documents/GitHub/mako_robot/mako_ws/install/rplidar_ros' for CMake config files
[36.494s] Level 1:colcon.colcon_core.shell:create_environment_hook('rplidar_ros', 'cmake_prefix_path')
[36.495s] INFO:colcon.colcon_core.shell:Creating environment hook '/home/abdelrahman/Documents/GitHub/mako_robot/mako_ws/install/rplidar_ros/share/rplidar_ros/hook/cmake_prefix_path.ps1'
[36.496s] INFO:colcon.colcon_core.shell:Creating environment descriptor '/home/abdelrahman/Documents/GitHub/mako_robot/mako_ws/install/rplidar_ros/share/rplidar_ros/hook/cmake_prefix_path.dsv'
[36.497s] INFO:colcon.colcon_core.shell:Creating environment hook '/home/abdelrahman/Documents/GitHub/mako_robot/mako_ws/install/rplidar_ros/share/rplidar_ros/hook/cmake_prefix_path.sh'
[36.498s] Level 1:colcon.colcon_core.environment:checking '/home/abdelrahman/Documents/GitHub/mako_robot/mako_ws/install/rplidar_ros/lib'
[36.499s] Level 1:colcon.colcon_core.shell:create_environment_hook('rplidar_ros', 'ld_library_path_lib')
[36.500s] INFO:colcon.colcon_core.shell:Creating environment hook '/home/abdelrahman/Documents/GitHub/mako_robot/mako_ws/install/rplidar_ros/share/rplidar_ros/hook/ld_library_path_lib.ps1'
[36.501s] INFO:colcon.colcon_core.shell:Creating environment descriptor '/home/abdelrahman/Documents/GitHub/mako_robot/mako_ws/install/rplidar_ros/share/rplidar_ros/hook/ld_library_path_lib.dsv'
[36.501s] INFO:colcon.colcon_core.shell:Creating environment hook '/home/abdelrahman/Documents/GitHub/mako_robot/mako_ws/install/rplidar_ros/share/rplidar_ros/hook/ld_library_path_lib.sh'
[36.502s] Level 1:colcon.colcon_core.environment:checking '/home/abdelrahman/Documents/GitHub/mako_robot/mako_ws/install/rplidar_ros/bin'
[36.502s] Level 1:colcon.colcon_core.environment:checking '/home/abdelrahman/Documents/GitHub/mako_robot/mako_ws/install/rplidar_ros/lib/pkgconfig/rplidar_ros.pc'
[36.503s] Level 1:colcon.colcon_core.environment:checking '/home/abdelrahman/Documents/GitHub/mako_robot/mako_ws/install/rplidar_ros/lib/python3.8/site-packages'
[36.504s] INFO:colcon.colcon_core.shell:Creating package script '/home/abdelrahman/Documents/GitHub/mako_robot/mako_ws/install/rplidar_ros/share/rplidar_ros/package.ps1'
[36.505s] INFO:colcon.colcon_core.shell:Creating package descriptor '/home/abdelrahman/Documents/GitHub/mako_robot/mako_ws/install/rplidar_ros/share/rplidar_ros/package.dsv'
[36.506s] INFO:colcon.colcon_core.shell:Creating package script '/home/abdelrahman/Documents/GitHub/mako_robot/mako_ws/install/rplidar_ros/share/rplidar_ros/package.sh'
[36.507s] INFO:colcon.colcon_core.shell:Creating package script '/home/abdelrahman/Documents/GitHub/mako_robot/mako_ws/install/rplidar_ros/share/rplidar_ros/package.bash'
[36.508s] INFO:colcon.colcon_core.shell:Creating package script '/home/abdelrahman/Documents/GitHub/mako_robot/mako_ws/install/rplidar_ros/share/rplidar_ros/package.zsh'
[36.508s] Level 1:colcon.colcon_core.environment:create_file_with_runtime_dependencies(/home/abdelrahman/Documents/GitHub/mako_robot/mako_ws/install/rplidar_ros/share/colcon-core/packages/rplidar_ros)
[36.510s] DEBUG:colcon.colcon_parallel_executor.executor.parallel:closing loop
[36.510s] DEBUG:colcon.colcon_parallel_executor.executor.parallel:loop closed
[36.510s] DEBUG:colcon.colcon_parallel_executor.executor.parallel:run_until_complete finished with '0'
[36.510s] DEBUG:colcon.colcon_core.event_reactor:joining thread
[36.522s] INFO:colcon.colcon_core.plugin_system:Skipping extension 'colcon_notification.desktop_notification.terminal_notifier': Not used on non-Darwin systems
[36.522s] INFO:colcon.colcon_core.plugin_system:Skipping extension 'colcon_notification.desktop_notification.win32': Not used on non-Windows systems
[36.522s] INFO:colcon.colcon_notification.desktop_notification:Sending desktop notification using 'notify2'
[36.544s] DEBUG:colcon.colcon_core.event_reactor:joined thread
[36.545s] INFO:colcon.colcon_core.shell:Creating prefix script '/home/abdelrahman/Documents/GitHub/mako_robot/mako_ws/install/local_setup.ps1'
[36.547s] INFO:colcon.colcon_core.shell:Creating prefix util module '/home/abdelrahman/Documents/GitHub/mako_robot/mako_ws/install/_local_setup_util_ps1.py'
[36.551s] INFO:colcon.colcon_core.shell:Creating prefix chain script '/home/abdelrahman/Documents/GitHub/mako_robot/mako_ws/install/setup.ps1'
[36.557s] INFO:colcon.colcon_core.shell:Creating prefix script '/home/abdelrahman/Documents/GitHub/mako_robot/mako_ws/install/local_setup.sh'
[36.563s] INFO:colcon.colcon_core.shell:Creating prefix util module '/home/abdelrahman/Documents/GitHub/mako_robot/mako_ws/install/_local_setup_util_sh.py'
[36.564s] INFO:colcon.colcon_core.shell:Creating prefix chain script '/home/abdelrahman/Documents/GitHub/mako_robot/mako_ws/install/setup.sh'
[36.568s] INFO:colcon.colcon_core.shell:Creating prefix script '/home/abdelrahman/Documents/GitHub/mako_robot/mako_ws/install/local_setup.bash'
[36.569s] INFO:colcon.colcon_core.shell:Creating prefix chain script '/home/abdelrahman/Documents/GitHub/mako_robot/mako_ws/install/setup.bash'
[36.572s] INFO:colcon.colcon_core.shell:Creating prefix script '/home/abdelrahman/Documents/GitHub/mako_robot/mako_ws/install/local_setup.zsh'
[36.574s] INFO:colcon.colcon_core.shell:Creating prefix chain script '/home/abdelrahman/Documents/GitHub/mako_robot/mako_ws/install/setup.zsh'
