[0.742s] DEBUG:colcon:Command line arguments: ['/usr/bin/colcon', 'build', '--symlink-install']
[0.743s] DEBUG:colcon:Parsed command line arguments: Namespace(ament_cmake_args=None, base_paths=['.'], build_base='build', catkin_cmake_args=None, catkin_skip_building_tests=False, cmake_args=None, cmake_clean_cache=False, cmake_clean_first=False, cmake_force_configure=False, cmake_target=None, cmake_target_skip_unavailable=False, continue_on_error=False, event_handlers=None, executor='parallel', ignore_user_meta=False, install_base='install', log_base=None, log_level=None, main=<bound method BuildVerb.main of <colcon_core.verb.build.BuildVerb object at 0xffffae7506a0>>, merge_install=False, metas=['./colcon.meta'], packages_above=None, packages_above_and_dependencies=None, packages_above_depth=None, packages_end=None, packages_ignore=None, packages_ignore_regex=None, packages_select=None, packages_select_build_failed=False, packages_select_by_dep=None, packages_select_regex=None, packages_select_test_failures=False, packages_skip=None, packages_skip_build_finished=False, packages_skip_by_dep=None, packages_skip_regex=None, packages_skip_test_passed=False, packages_skip_up_to=None, packages_start=None, packages_up_to=None, packages_up_to_regex=None, parallel_workers=4, paths=None, symlink_install=True, test_result_base=None, verb_extension=<colcon_core.verb.build.BuildVerb object at 0xffffae7506a0>, verb_name='build', verb_parser=<colcon_defaults.argument_parser.defaults.DefaultArgumentsDecorator object at 0xffffae750be0>)
[0.766s] Level 1:colcon.colcon_core.package_discovery:discover_packages(colcon_meta) check parameters
[0.767s] Level 1:colcon.colcon_core.package_discovery:discover_packages(recursive) check parameters
[0.767s] Level 1:colcon.colcon_core.package_discovery:discover_packages(ignore) check parameters
[0.767s] Level 1:colcon.colcon_core.package_discovery:discover_packages(path) check parameters
[0.767s] Level 1:colcon.colcon_core.package_discovery:discover_packages(colcon_meta) discover
[0.767s] Level 1:colcon.colcon_core.package_discovery:discover_packages(recursive) discover
[0.767s] INFO:colcon.colcon_core.package_discovery:Crawling recursively for packages in '/home/ubuntu/mako_ws/mako_robot'
[0.768s] Level 1:colcon.colcon_core.package_identification:_identify(.) by extensions ['ignore', 'ignore_ament_install']
[0.768s] Level 1:colcon.colcon_core.package_identification:_identify(.) by extension 'ignore'
[0.769s] Level 1:colcon.colcon_core.package_identification:_identify(.) by extension 'ignore_ament_install'
[0.769s] Level 1:colcon.colcon_core.package_identification:_identify(.) by extensions ['colcon_pkg']
[0.769s] Level 1:colcon.colcon_core.package_identification:_identify(.) by extension 'colcon_pkg'
[0.769s] Level 1:colcon.colcon_core.package_identification:_identify(.) by extensions ['colcon_meta']
[0.769s] Level 1:colcon.colcon_core.package_identification:_identify(.) by extension 'colcon_meta'
[0.769s] Level 1:colcon.colcon_core.package_identification:_identify(.) by extensions ['ros']
[0.770s] Level 1:colcon.colcon_core.package_identification:_identify(.) by extension 'ros'
[0.818s] Level 1:colcon.colcon_core.package_identification:_identify(.) by extensions ['cmake', 'python']
[0.818s] Level 1:colcon.colcon_core.package_identification:_identify(.) by extension 'cmake'
[0.818s] Level 1:colcon.colcon_core.package_identification:_identify(.) by extension 'python'
[0.818s] Level 1:colcon.colcon_core.package_identification:_identify(.) by extensions ['python_setup_py']
[0.818s] Level 1:colcon.colcon_core.package_identification:_identify(.) by extension 'python_setup_py'
[0.819s] Level 1:colcon.colcon_core.package_identification:_identify(build) by extensions ['ignore', 'ignore_ament_install']
[0.819s] Level 1:colcon.colcon_core.package_identification:_identify(build) by extension 'ignore'
[0.819s] Level 1:colcon.colcon_core.package_identification:_identify(build) ignored
[0.820s] Level 1:colcon.colcon_core.package_identification:_identify(include) by extensions ['ignore', 'ignore_ament_install']
[0.820s] Level 1:colcon.colcon_core.package_identification:_identify(include) by extension 'ignore'
[0.821s] Level 1:colcon.colcon_core.package_identification:_identify(include) by extension 'ignore_ament_install'
[0.821s] Level 1:colcon.colcon_core.package_identification:_identify(include) by extensions ['colcon_pkg']
[0.821s] Level 1:colcon.colcon_core.package_identification:_identify(include) by extension 'colcon_pkg'
[0.821s] Level 1:colcon.colcon_core.package_identification:_identify(include) by extensions ['colcon_meta']
[0.821s] Level 1:colcon.colcon_core.package_identification:_identify(include) by extension 'colcon_meta'
[0.821s] Level 1:colcon.colcon_core.package_identification:_identify(include) by extensions ['ros']
[0.822s] Level 1:colcon.colcon_core.package_identification:_identify(include) by extension 'ros'
[0.822s] Level 1:colcon.colcon_core.package_identification:_identify(include) by extensions ['cmake', 'python']
[0.822s] Level 1:colcon.colcon_core.package_identification:_identify(include) by extension 'cmake'
[0.822s] Level 1:colcon.colcon_core.package_identification:_identify(include) by extension 'python'
[0.822s] Level 1:colcon.colcon_core.package_identification:_identify(include) by extensions ['python_setup_py']
[0.823s] Level 1:colcon.colcon_core.package_identification:_identify(include) by extension 'python_setup_py'
[0.823s] Level 1:colcon.colcon_core.package_identification:_identify(include/hsapi) by extensions ['ignore', 'ignore_ament_install']
[0.823s] Level 1:colcon.colcon_core.package_identification:_identify(include/hsapi) by extension 'ignore'
[0.824s] Level 1:colcon.colcon_core.package_identification:_identify(include/hsapi) by extension 'ignore_ament_install'
[0.824s] Level 1:colcon.colcon_core.package_identification:_identify(include/hsapi) by extensions ['colcon_pkg']
[0.824s] Level 1:colcon.colcon_core.package_identification:_identify(include/hsapi) by extension 'colcon_pkg'
[0.824s] Level 1:colcon.colcon_core.package_identification:_identify(include/hsapi) by extensions ['colcon_meta']
[0.824s] Level 1:colcon.colcon_core.package_identification:_identify(include/hsapi) by extension 'colcon_meta'
[0.825s] Level 1:colcon.colcon_core.package_identification:_identify(include/hsapi) by extensions ['ros']
[0.825s] Level 1:colcon.colcon_core.package_identification:_identify(include/hsapi) by extension 'ros'
[0.825s] Level 1:colcon.colcon_core.package_identification:_identify(include/hsapi) by extensions ['cmake', 'python']
[0.825s] Level 1:colcon.colcon_core.package_identification:_identify(include/hsapi) by extension 'cmake'
[0.825s] Level 1:colcon.colcon_core.package_identification:_identify(include/hsapi) by extension 'python'
[0.826s] Level 1:colcon.colcon_core.package_identification:_identify(include/hsapi) by extensions ['python_setup_py']
[0.826s] Level 1:colcon.colcon_core.package_identification:_identify(include/hsapi) by extension 'python_setup_py'
[0.826s] Level 1:colcon.colcon_core.package_identification:_identify(include/hsapi/__pycache__) by extensions ['ignore', 'ignore_ament_install']
[0.826s] Level 1:colcon.colcon_core.package_identification:_identify(include/hsapi/__pycache__) by extension 'ignore'
[0.827s] Level 1:colcon.colcon_core.package_identification:_identify(include/hsapi/__pycache__) by extension 'ignore_ament_install'
[0.827s] Level 1:colcon.colcon_core.package_identification:_identify(include/hsapi/__pycache__) by extensions ['colcon_pkg']
[0.827s] Level 1:colcon.colcon_core.package_identification:_identify(include/hsapi/__pycache__) by extension 'colcon_pkg'
[0.827s] Level 1:colcon.colcon_core.package_identification:_identify(include/hsapi/__pycache__) by extensions ['colcon_meta']
[0.827s] Level 1:colcon.colcon_core.package_identification:_identify(include/hsapi/__pycache__) by extension 'colcon_meta'
[0.828s] Level 1:colcon.colcon_core.package_identification:_identify(include/hsapi/__pycache__) by extensions ['ros']
[0.828s] Level 1:colcon.colcon_core.package_identification:_identify(include/hsapi/__pycache__) by extension 'ros'
[0.828s] Level 1:colcon.colcon_core.package_identification:_identify(include/hsapi/__pycache__) by extensions ['cmake', 'python']
[0.828s] Level 1:colcon.colcon_core.package_identification:_identify(include/hsapi/__pycache__) by extension 'cmake'
[0.828s] Level 1:colcon.colcon_core.package_identification:_identify(include/hsapi/__pycache__) by extension 'python'
[0.829s] Level 1:colcon.colcon_core.package_identification:_identify(include/hsapi/__pycache__) by extensions ['python_setup_py']
[0.829s] Level 1:colcon.colcon_core.package_identification:_identify(include/hsapi/__pycache__) by extension 'python_setup_py'
[0.829s] Level 1:colcon.colcon_core.package_identification:_identify(include/hsapi/core) by extensions ['ignore', 'ignore_ament_install']
[0.830s] Level 1:colcon.colcon_core.package_identification:_identify(include/hsapi/core) by extension 'ignore'
[0.830s] Level 1:colcon.colcon_core.package_identification:_identify(include/hsapi/core) by extension 'ignore_ament_install'
[0.830s] Level 1:colcon.colcon_core.package_identification:_identify(include/hsapi/core) by extensions ['colcon_pkg']
[0.830s] Level 1:colcon.colcon_core.package_identification:_identify(include/hsapi/core) by extension 'colcon_pkg'
[0.830s] Level 1:colcon.colcon_core.package_identification:_identify(include/hsapi/core) by extensions ['colcon_meta']
[0.830s] Level 1:colcon.colcon_core.package_identification:_identify(include/hsapi/core) by extension 'colcon_meta'
[0.831s] Level 1:colcon.colcon_core.package_identification:_identify(include/hsapi/core) by extensions ['ros']
[0.831s] Level 1:colcon.colcon_core.package_identification:_identify(include/hsapi/core) by extension 'ros'
[0.831s] Level 1:colcon.colcon_core.package_identification:_identify(include/hsapi/core) by extensions ['cmake', 'python']
[0.831s] Level 1:colcon.colcon_core.package_identification:_identify(include/hsapi/core) by extension 'cmake'
[0.831s] Level 1:colcon.colcon_core.package_identification:_identify(include/hsapi/core) by extension 'python'
[0.832s] Level 1:colcon.colcon_core.package_identification:_identify(include/hsapi/core) by extensions ['python_setup_py']
[0.833s] Level 1:colcon.colcon_core.package_identification:_identify(include/hsapi/core) by extension 'python_setup_py'
[0.834s] Level 1:colcon.colcon_core.package_identification:_identify(include/hsapi/core/__pycache__) by extensions ['ignore', 'ignore_ament_install']
[0.835s] Level 1:colcon.colcon_core.package_identification:_identify(include/hsapi/core/__pycache__) by extension 'ignore'
[0.835s] Level 1:colcon.colcon_core.package_identification:_identify(include/hsapi/core/__pycache__) by extension 'ignore_ament_install'
[0.836s] Level 1:colcon.colcon_core.package_identification:_identify(include/hsapi/core/__pycache__) by extensions ['colcon_pkg']
[0.836s] Level 1:colcon.colcon_core.package_identification:_identify(include/hsapi/core/__pycache__) by extension 'colcon_pkg'
[0.836s] Level 1:colcon.colcon_core.package_identification:_identify(include/hsapi/core/__pycache__) by extensions ['colcon_meta']
[0.837s] Level 1:colcon.colcon_core.package_identification:_identify(include/hsapi/core/__pycache__) by extension 'colcon_meta'
[0.837s] Level 1:colcon.colcon_core.package_identification:_identify(include/hsapi/core/__pycache__) by extensions ['ros']
[0.837s] Level 1:colcon.colcon_core.package_identification:_identify(include/hsapi/core/__pycache__) by extension 'ros'
[0.838s] Level 1:colcon.colcon_core.package_identification:_identify(include/hsapi/core/__pycache__) by extensions ['cmake', 'python']
[0.838s] Level 1:colcon.colcon_core.package_identification:_identify(include/hsapi/core/__pycache__) by extension 'cmake'
[0.838s] Level 1:colcon.colcon_core.package_identification:_identify(include/hsapi/core/__pycache__) by extension 'python'
[0.839s] Level 1:colcon.colcon_core.package_identification:_identify(include/hsapi/core/__pycache__) by extensions ['python_setup_py']
[0.839s] Level 1:colcon.colcon_core.package_identification:_identify(include/hsapi/core/__pycache__) by extension 'python_setup_py'
[0.840s] Level 1:colcon.colcon_core.package_identification:_identify(include/hsapi/easy) by extensions ['ignore', 'ignore_ament_install']
[0.840s] Level 1:colcon.colcon_core.package_identification:_identify(include/hsapi/easy) by extension 'ignore'
[0.841s] Level 1:colcon.colcon_core.package_identification:_identify(include/hsapi/easy) by extension 'ignore_ament_install'
[0.841s] Level 1:colcon.colcon_core.package_identification:_identify(include/hsapi/easy) by extensions ['colcon_pkg']
[0.841s] Level 1:colcon.colcon_core.package_identification:_identify(include/hsapi/easy) by extension 'colcon_pkg'
[0.841s] Level 1:colcon.colcon_core.package_identification:_identify(include/hsapi/easy) by extensions ['colcon_meta']
[0.842s] Level 1:colcon.colcon_core.package_identification:_identify(include/hsapi/easy) by extension 'colcon_meta'
[0.842s] Level 1:colcon.colcon_core.package_identification:_identify(include/hsapi/easy) by extensions ['ros']
[0.842s] Level 1:colcon.colcon_core.package_identification:_identify(include/hsapi/easy) by extension 'ros'
[0.843s] Level 1:colcon.colcon_core.package_identification:_identify(include/hsapi/easy) by extensions ['cmake', 'python']
[0.843s] Level 1:colcon.colcon_core.package_identification:_identify(include/hsapi/easy) by extension 'cmake'
[0.843s] Level 1:colcon.colcon_core.package_identification:_identify(include/hsapi/easy) by extension 'python'
[0.843s] Level 1:colcon.colcon_core.package_identification:_identify(include/hsapi/easy) by extensions ['python_setup_py']
[0.844s] Level 1:colcon.colcon_core.package_identification:_identify(include/hsapi/easy) by extension 'python_setup_py'
[0.845s] Level 1:colcon.colcon_core.package_identification:_identify(include/hsapi/easy/__pycache__) by extensions ['ignore', 'ignore_ament_install']
[0.845s] Level 1:colcon.colcon_core.package_identification:_identify(include/hsapi/easy/__pycache__) by extension 'ignore'
[0.846s] Level 1:colcon.colcon_core.package_identification:_identify(include/hsapi/easy/__pycache__) by extension 'ignore_ament_install'
[0.846s] Level 1:colcon.colcon_core.package_identification:_identify(include/hsapi/easy/__pycache__) by extensions ['colcon_pkg']
[0.846s] Level 1:colcon.colcon_core.package_identification:_identify(include/hsapi/easy/__pycache__) by extension 'colcon_pkg'
[0.847s] Level 1:colcon.colcon_core.package_identification:_identify(include/hsapi/easy/__pycache__) by extensions ['colcon_meta']
[0.848s] Level 1:colcon.colcon_core.package_identification:_identify(include/hsapi/easy/__pycache__) by extension 'colcon_meta'
[0.849s] Level 1:colcon.colcon_core.package_identification:_identify(include/hsapi/easy/__pycache__) by extensions ['ros']
[0.851s] Level 1:colcon.colcon_core.package_identification:_identify(include/hsapi/easy/__pycache__) by extension 'ros'
[0.853s] Level 1:colcon.colcon_core.package_identification:_identify(include/hsapi/easy/__pycache__) by extensions ['cmake', 'python']
[0.853s] Level 1:colcon.colcon_core.package_identification:_identify(include/hsapi/easy/__pycache__) by extension 'cmake'
[0.854s] Level 1:colcon.colcon_core.package_identification:_identify(include/hsapi/easy/__pycache__) by extension 'python'
[0.854s] Level 1:colcon.colcon_core.package_identification:_identify(include/hsapi/easy/__pycache__) by extensions ['python_setup_py']
[0.854s] Level 1:colcon.colcon_core.package_identification:_identify(include/hsapi/easy/__pycache__) by extension 'python_setup_py'
[0.855s] Level 1:colcon.colcon_core.package_identification:_identify(include/hsapi/high) by extensions ['ignore', 'ignore_ament_install']
[0.855s] Level 1:colcon.colcon_core.package_identification:_identify(include/hsapi/high) by extension 'ignore'
[0.856s] Level 1:colcon.colcon_core.package_identification:_identify(include/hsapi/high) by extension 'ignore_ament_install'
[0.856s] Level 1:colcon.colcon_core.package_identification:_identify(include/hsapi/high) by extensions ['colcon_pkg']
[0.856s] Level 1:colcon.colcon_core.package_identification:_identify(include/hsapi/high) by extension 'colcon_pkg'
[0.856s] Level 1:colcon.colcon_core.package_identification:_identify(include/hsapi/high) by extensions ['colcon_meta']
[0.856s] Level 1:colcon.colcon_core.package_identification:_identify(include/hsapi/high) by extension 'colcon_meta'
[0.857s] Level 1:colcon.colcon_core.package_identification:_identify(include/hsapi/high) by extensions ['ros']
[0.857s] Level 1:colcon.colcon_core.package_identification:_identify(include/hsapi/high) by extension 'ros'
[0.857s] Level 1:colcon.colcon_core.package_identification:_identify(include/hsapi/high) by extensions ['cmake', 'python']
[0.857s] Level 1:colcon.colcon_core.package_identification:_identify(include/hsapi/high) by extension 'cmake'
[0.858s] Level 1:colcon.colcon_core.package_identification:_identify(include/hsapi/high) by extension 'python'
[0.858s] Level 1:colcon.colcon_core.package_identification:_identify(include/hsapi/high) by extensions ['python_setup_py']
[0.858s] Level 1:colcon.colcon_core.package_identification:_identify(include/hsapi/high) by extension 'python_setup_py'
[0.858s] Level 1:colcon.colcon_core.package_identification:_identify(include/hsapi/high/__pycache__) by extensions ['ignore', 'ignore_ament_install']
[0.859s] Level 1:colcon.colcon_core.package_identification:_identify(include/hsapi/high/__pycache__) by extension 'ignore'
[0.859s] Level 1:colcon.colcon_core.package_identification:_identify(include/hsapi/high/__pycache__) by extension 'ignore_ament_install'
[0.859s] Level 1:colcon.colcon_core.package_identification:_identify(include/hsapi/high/__pycache__) by extensions ['colcon_pkg']
[0.859s] Level 1:colcon.colcon_core.package_identification:_identify(include/hsapi/high/__pycache__) by extension 'colcon_pkg'
[0.859s] Level 1:colcon.colcon_core.package_identification:_identify(include/hsapi/high/__pycache__) by extensions ['colcon_meta']
[0.860s] Level 1:colcon.colcon_core.package_identification:_identify(include/hsapi/high/__pycache__) by extension 'colcon_meta'
[0.860s] Level 1:colcon.colcon_core.package_identification:_identify(include/hsapi/high/__pycache__) by extensions ['ros']
[0.860s] Level 1:colcon.colcon_core.package_identification:_identify(include/hsapi/high/__pycache__) by extension 'ros'
[0.860s] Level 1:colcon.colcon_core.package_identification:_identify(include/hsapi/high/__pycache__) by extensions ['cmake', 'python']
[0.861s] Level 1:colcon.colcon_core.package_identification:_identify(include/hsapi/high/__pycache__) by extension 'cmake'
[0.861s] Level 1:colcon.colcon_core.package_identification:_identify(include/hsapi/high/__pycache__) by extension 'python'
[0.861s] Level 1:colcon.colcon_core.package_identification:_identify(include/hsapi/high/__pycache__) by extensions ['python_setup_py']
[0.861s] Level 1:colcon.colcon_core.package_identification:_identify(include/hsapi/high/__pycache__) by extension 'python_setup_py'
[0.862s] Level 1:colcon.colcon_core.package_identification:_identify(include/hsapi/upgrade) by extensions ['ignore', 'ignore_ament_install']
[0.862s] Level 1:colcon.colcon_core.package_identification:_identify(include/hsapi/upgrade) by extension 'ignore'
[0.862s] Level 1:colcon.colcon_core.package_identification:_identify(include/hsapi/upgrade) by extension 'ignore_ament_install'
[0.862s] Level 1:colcon.colcon_core.package_identification:_identify(include/hsapi/upgrade) by extensions ['colcon_pkg']
[0.862s] Level 1:colcon.colcon_core.package_identification:_identify(include/hsapi/upgrade) by extension 'colcon_pkg'
[0.863s] Level 1:colcon.colcon_core.package_identification:_identify(include/hsapi/upgrade) by extensions ['colcon_meta']
[0.863s] Level 1:colcon.colcon_core.package_identification:_identify(include/hsapi/upgrade) by extension 'colcon_meta'
[0.863s] Level 1:colcon.colcon_core.package_identification:_identify(include/hsapi/upgrade) by extensions ['ros']
[0.863s] Level 1:colcon.colcon_core.package_identification:_identify(include/hsapi/upgrade) by extension 'ros'
[0.863s] Level 1:colcon.colcon_core.package_identification:_identify(include/hsapi/upgrade) by extensions ['cmake', 'python']
[0.864s] Level 1:colcon.colcon_core.package_identification:_identify(include/hsapi/upgrade) by extension 'cmake'
[0.864s] Level 1:colcon.colcon_core.package_identification:_identify(include/hsapi/upgrade) by extension 'python'
[0.864s] Level 1:colcon.colcon_core.package_identification:_identify(include/hsapi/upgrade) by extensions ['python_setup_py']
[0.864s] Level 1:colcon.colcon_core.package_identification:_identify(include/hsapi/upgrade) by extension 'python_setup_py'
[0.865s] Level 1:colcon.colcon_core.package_identification:_identify(install) by extensions ['ignore', 'ignore_ament_install']
[0.865s] Level 1:colcon.colcon_core.package_identification:_identify(install) by extension 'ignore'
[0.865s] Level 1:colcon.colcon_core.package_identification:_identify(install) ignored
[0.866s] Level 1:colcon.colcon_core.package_identification:_identify(log) by extensions ['ignore', 'ignore_ament_install']
[0.866s] Level 1:colcon.colcon_core.package_identification:_identify(log) by extension 'ignore'
[0.866s] Level 1:colcon.colcon_core.package_identification:_identify(log) ignored
[0.867s] Level 1:colcon.colcon_core.package_identification:_identify(src) by extensions ['ignore', 'ignore_ament_install']
[0.867s] Level 1:colcon.colcon_core.package_identification:_identify(src) by extension 'ignore'
[0.867s] Level 1:colcon.colcon_core.package_identification:_identify(src) by extension 'ignore_ament_install'
[0.867s] Level 1:colcon.colcon_core.package_identification:_identify(src) by extensions ['colcon_pkg']
[0.867s] Level 1:colcon.colcon_core.package_identification:_identify(src) by extension 'colcon_pkg'
[0.868s] Level 1:colcon.colcon_core.package_identification:_identify(src) by extensions ['colcon_meta']
[0.868s] Level 1:colcon.colcon_core.package_identification:_identify(src) by extension 'colcon_meta'
[0.868s] Level 1:colcon.colcon_core.package_identification:_identify(src) by extensions ['ros']
[0.868s] Level 1:colcon.colcon_core.package_identification:_identify(src) by extension 'ros'
[0.869s] Level 1:colcon.colcon_core.package_identification:_identify(src) by extensions ['cmake', 'python']
[0.869s] Level 1:colcon.colcon_core.package_identification:_identify(src) by extension 'cmake'
[0.869s] Level 1:colcon.colcon_core.package_identification:_identify(src) by extension 'python'
[0.869s] Level 1:colcon.colcon_core.package_identification:_identify(src) by extensions ['python_setup_py']
[0.869s] Level 1:colcon.colcon_core.package_identification:_identify(src) by extension 'python_setup_py'
[0.870s] Level 1:colcon.colcon_core.package_identification:_identify(src/dev_test_tools) by extensions ['ignore', 'ignore_ament_install']
[0.870s] Level 1:colcon.colcon_core.package_identification:_identify(src/dev_test_tools) by extension 'ignore'
[0.870s] Level 1:colcon.colcon_core.package_identification:_identify(src/dev_test_tools) by extension 'ignore_ament_install'
[0.870s] Level 1:colcon.colcon_core.package_identification:_identify(src/dev_test_tools) by extensions ['colcon_pkg']
[0.870s] Level 1:colcon.colcon_core.package_identification:_identify(src/dev_test_tools) by extension 'colcon_pkg'
[0.871s] Level 1:colcon.colcon_core.package_identification:_identify(src/dev_test_tools) by extensions ['colcon_meta']
[0.871s] Level 1:colcon.colcon_core.package_identification:_identify(src/dev_test_tools) by extension 'colcon_meta'
[0.871s] Level 1:colcon.colcon_core.package_identification:_identify(src/dev_test_tools) by extensions ['ros']
[0.871s] Level 1:colcon.colcon_core.package_identification:_identify(src/dev_test_tools) by extension 'ros'
[0.887s] DEBUG:colcon.colcon_core.package_identification:Package 'src/dev_test_tools' with type 'ros.ament_python' and name 'dev_test_tools'
[0.888s] Level 1:colcon.colcon_core.package_identification:_identify(src/rplidar_ros2) by extensions ['ignore', 'ignore_ament_install']
[0.889s] Level 1:colcon.colcon_core.package_identification:_identify(src/rplidar_ros2) by extension 'ignore'
[0.889s] Level 1:colcon.colcon_core.package_identification:_identify(src/rplidar_ros2) by extension 'ignore_ament_install'
[0.890s] Level 1:colcon.colcon_core.package_identification:_identify(src/rplidar_ros2) by extensions ['colcon_pkg']
[0.890s] Level 1:colcon.colcon_core.package_identification:_identify(src/rplidar_ros2) by extension 'colcon_pkg'
[0.890s] Level 1:colcon.colcon_core.package_identification:_identify(src/rplidar_ros2) by extensions ['colcon_meta']
[0.890s] Level 1:colcon.colcon_core.package_identification:_identify(src/rplidar_ros2) by extension 'colcon_meta'
[0.891s] Level 1:colcon.colcon_core.package_identification:_identify(src/rplidar_ros2) by extensions ['ros']
[0.891s] Level 1:colcon.colcon_core.package_identification:_identify(src/rplidar_ros2) by extension 'ros'
[0.894s] DEBUG:colcon.colcon_core.package_identification:Package 'src/rplidar_ros2' with type 'ros.ament_cmake' and name 'rplidar_ros'
[0.894s] Level 1:colcon.colcon_core.package_discovery:discover_packages(recursive) using defaults
[0.894s] Level 1:colcon.colcon_core.package_discovery:discover_packages(ignore) discover
[0.895s] Level 1:colcon.colcon_core.package_discovery:discover_packages(ignore) using defaults
[0.895s] Level 1:colcon.colcon_core.package_discovery:discover_packages(path) discover
[0.895s] Level 1:colcon.colcon_core.package_discovery:discover_packages(path) using defaults
[0.979s] Level 5:colcon.colcon_core.verb:set package 'dev_test_tools' build argument 'cmake_args' from command line to 'None'
[0.980s] Level 5:colcon.colcon_core.verb:set package 'dev_test_tools' build argument 'cmake_target' from command line to 'None'
[0.980s] Level 5:colcon.colcon_core.verb:set package 'dev_test_tools' build argument 'cmake_target_skip_unavailable' from command line to 'False'
[0.980s] Level 5:colcon.colcon_core.verb:set package 'dev_test_tools' build argument 'cmake_clean_cache' from command line to 'False'
[0.980s] Level 5:colcon.colcon_core.verb:set package 'dev_test_tools' build argument 'cmake_clean_first' from command line to 'False'
[0.980s] Level 5:colcon.colcon_core.verb:set package 'dev_test_tools' build argument 'cmake_force_configure' from command line to 'False'
[0.980s] Level 5:colcon.colcon_core.verb:set package 'dev_test_tools' build argument 'ament_cmake_args' from command line to 'None'
[0.980s] Level 5:colcon.colcon_core.verb:set package 'dev_test_tools' build argument 'catkin_cmake_args' from command line to 'None'
[0.980s] Level 5:colcon.colcon_core.verb:set package 'dev_test_tools' build argument 'catkin_skip_building_tests' from command line to 'False'
[0.981s] DEBUG:colcon.colcon_core.verb:Building package 'dev_test_tools' with the following arguments: {'ament_cmake_args': None, 'build_base': '/home/ubuntu/mako_ws/mako_robot/build/dev_test_tools', 'catkin_cmake_args': None, 'catkin_skip_building_tests': False, 'cmake_args': None, 'cmake_clean_cache': False, 'cmake_clean_first': False, 'cmake_force_configure': False, 'cmake_target': None, 'cmake_target_skip_unavailable': False, 'install_base': '/home/ubuntu/mako_ws/mako_robot/install/dev_test_tools', 'merge_install': False, 'path': '/home/ubuntu/mako_ws/mako_robot/src/dev_test_tools', 'symlink_install': True, 'test_result_base': None}
[0.994s] Level 5:colcon.colcon_core.verb:set package 'rplidar_ros' build argument 'cmake_args' from command line to 'None'
[0.995s] Level 5:colcon.colcon_core.verb:set package 'rplidar_ros' build argument 'cmake_target' from command line to 'None'
[0.995s] Level 5:colcon.colcon_core.verb:set package 'rplidar_ros' build argument 'cmake_target_skip_unavailable' from command line to 'False'
[0.995s] Level 5:colcon.colcon_core.verb:set package 'rplidar_ros' build argument 'cmake_clean_cache' from command line to 'False'
[0.995s] Level 5:colcon.colcon_core.verb:set package 'rplidar_ros' build argument 'cmake_clean_first' from command line to 'False'
[0.995s] Level 5:colcon.colcon_core.verb:set package 'rplidar_ros' build argument 'cmake_force_configure' from command line to 'False'
[0.995s] Level 5:colcon.colcon_core.verb:set package 'rplidar_ros' build argument 'ament_cmake_args' from command line to 'None'
[0.995s] Level 5:colcon.colcon_core.verb:set package 'rplidar_ros' build argument 'catkin_cmake_args' from command line to 'None'
[0.995s] Level 5:colcon.colcon_core.verb:set package 'rplidar_ros' build argument 'catkin_skip_building_tests' from command line to 'False'
[0.996s] DEBUG:colcon.colcon_core.verb:Building package 'rplidar_ros' with the following arguments: {'ament_cmake_args': None, 'build_base': '/home/ubuntu/mako_ws/mako_robot/build/rplidar_ros', 'catkin_cmake_args': None, 'catkin_skip_building_tests': False, 'cmake_args': None, 'cmake_clean_cache': False, 'cmake_clean_first': False, 'cmake_force_configure': False, 'cmake_target': None, 'cmake_target_skip_unavailable': False, 'install_base': '/home/ubuntu/mako_ws/mako_robot/install/rplidar_ros', 'merge_install': False, 'path': '/home/ubuntu/mako_ws/mako_robot/src/rplidar_ros2', 'symlink_install': True, 'test_result_base': None}
[0.997s] INFO:colcon.colcon_core.executor:Executing jobs using 'parallel' executor
[1.005s] DEBUG:colcon.colcon_parallel_executor.executor.parallel:run_until_complete
[1.006s] INFO:colcon.colcon_ros.task.ament_python.build:Building ROS package in '/home/ubuntu/mako_ws/mako_robot/src/dev_test_tools' with build type 'ament_python'
[1.007s] Level 1:colcon.colcon_core.shell:create_environment_hook('dev_test_tools', 'ament_prefix_path')
[1.022s] INFO:colcon.colcon_core.plugin_system:Skipping extension 'colcon_core.shell.bat': Not used on non-Windows systems
[1.023s] INFO:colcon.colcon_core.shell:Creating environment hook '/home/ubuntu/mako_ws/mako_robot/install/dev_test_tools/share/dev_test_tools/hook/ament_prefix_path.ps1'
[1.026s] INFO:colcon.colcon_core.shell:Creating environment descriptor '/home/ubuntu/mako_ws/mako_robot/install/dev_test_tools/share/dev_test_tools/hook/ament_prefix_path.dsv'
[1.028s] INFO:colcon.colcon_core.shell:Creating environment hook '/home/ubuntu/mako_ws/mako_robot/install/dev_test_tools/share/dev_test_tools/hook/ament_prefix_path.sh'
[1.040s] INFO:colcon.colcon_core.shell:Skip shell extension 'powershell' for command environment: Not usable outside of PowerShell
[1.040s] DEBUG:colcon.colcon_core.shell:Skip shell extension 'dsv' for command environment
[1.062s] DEBUG:colcon.colcon_core.shell:Ignoring prefix path '/opt/ros/foxy'
[1.075s] INFO:colcon.colcon_ros.task.ament_cmake.build:Building ROS package in '/home/ubuntu/mako_ws/mako_robot/src/rplidar_ros2' with build type 'ament_cmake'
[1.076s] INFO:colcon.colcon_cmake.task.cmake.build:Building CMake package in '/home/ubuntu/mako_ws/mako_robot/src/rplidar_ros2'
[1.079s] INFO:colcon.colcon_core.shell:Skip shell extension 'powershell' for command environment: Not usable outside of PowerShell
[1.080s] DEBUG:colcon.colcon_core.shell:Skip shell extension 'dsv' for command environment
[1.100s] DEBUG:colcon.colcon_core.shell:Ignoring prefix path '/opt/ros/foxy'
[2.356s] INFO:colcon.colcon_core.task.python.build:Building Python package in '/home/ubuntu/mako_ws/mako_robot/src/dev_test_tools'
[2.360s] INFO:colcon.colcon_core.shell:Skip shell extension 'powershell' for command environment: Not usable outside of PowerShell
[2.360s] DEBUG:colcon.colcon_core.shell:Skip shell extension 'dsv' for command environment
[2.370s] DEBUG:colcon.colcon_core.shell:Ignoring prefix path '/opt/ros/foxy'
[2.400s] DEBUG:colcon.colcon_core.event_handler.log_command:Invoking command in '/home/ubuntu/mako_ws/mako_robot/build/rplidar_ros': CMAKE_PREFIX_PATH=${CMAKE_PREFIX_PATH}:/home/ubuntu/mako_ws/mako_robot/install/dev_test_tools:/opt/ros/foxy /usr/bin/cmake --build /home/ubuntu/mako_ws/mako_robot/build/rplidar_ros -- -j4 -l4
[2.443s] DEBUG:colcon.colcon_core.event_handler.log_command:Invoking command in '/home/ubuntu/mako_ws/mako_robot/build/dev_test_tools': PYTHONPATH=/home/ubuntu/mako_ws/mako_robot/install/dev_test_tools/lib/python3.8/site-packages:${PYTHONPATH} /usr/bin/python3 setup.py develop --prefix /home/ubuntu/mako_ws/mako_robot/install/dev_test_tools --editable --build-directory /home/ubuntu/mako_ws/mako_robot/build/dev_test_tools/build --no-deps install_data --install-dir /home/ubuntu/mako_ws/mako_robot/install/dev_test_tools
[3.110s] DEBUG:colcon.colcon_core.event_handler.log_command:Invoked command in '/home/ubuntu/mako_ws/mako_robot/build/rplidar_ros' returned '0': CMAKE_PREFIX_PATH=${CMAKE_PREFIX_PATH}:/home/ubuntu/mako_ws/mako_robot/install/dev_test_tools:/opt/ros/foxy /usr/bin/cmake --build /home/ubuntu/mako_ws/mako_robot/build/rplidar_ros -- -j4 -l4
[3.461s] DEBUG:colcon.colcon_core.event_handler.log_command:Invoking command in '/home/ubuntu/mako_ws/mako_robot/build/rplidar_ros': CMAKE_PREFIX_PATH=${CMAKE_PREFIX_PATH}:/home/ubuntu/mako_ws/mako_robot/install/dev_test_tools:/opt/ros/foxy /usr/bin/cmake --install /home/ubuntu/mako_ws/mako_robot/build/rplidar_ros
[3.629s] Level 1:colcon.colcon_core.environment:create_environment_scripts_only(rplidar_ros)
[3.637s] DEBUG:colcon.colcon_core.event_handler.log_command:Invoked command in '/home/ubuntu/mako_ws/mako_robot/build/rplidar_ros' returned '0': CMAKE_PREFIX_PATH=${CMAKE_PREFIX_PATH}:/home/ubuntu/mako_ws/mako_robot/install/dev_test_tools:/opt/ros/foxy /usr/bin/cmake --install /home/ubuntu/mako_ws/mako_robot/build/rplidar_ros
[3.653s] Level 1:colcon.colcon_core.environment:checking '/home/ubuntu/mako_ws/mako_robot/install/rplidar_ros' for CMake module files
[3.657s] Level 1:colcon.colcon_core.environment:checking '/home/ubuntu/mako_ws/mako_robot/install/rplidar_ros' for CMake config files
[3.660s] Level 1:colcon.colcon_core.shell:create_environment_hook('rplidar_ros', 'cmake_prefix_path')
[3.664s] INFO:colcon.colcon_core.shell:Creating environment hook '/home/ubuntu/mako_ws/mako_robot/install/rplidar_ros/share/rplidar_ros/hook/cmake_prefix_path.ps1'
[3.671s] INFO:colcon.colcon_core.shell:Creating environment descriptor '/home/ubuntu/mako_ws/mako_robot/install/rplidar_ros/share/rplidar_ros/hook/cmake_prefix_path.dsv'
[3.673s] INFO:colcon.colcon_core.shell:Creating environment hook '/home/ubuntu/mako_ws/mako_robot/install/rplidar_ros/share/rplidar_ros/hook/cmake_prefix_path.sh'
[3.677s] Level 1:colcon.colcon_core.environment:checking '/home/ubuntu/mako_ws/mako_robot/install/rplidar_ros/lib'
[3.678s] Level 1:colcon.colcon_core.shell:create_environment_hook('rplidar_ros', 'ld_library_path_lib')
[3.680s] INFO:colcon.colcon_core.shell:Creating environment hook '/home/ubuntu/mako_ws/mako_robot/install/rplidar_ros/share/rplidar_ros/hook/ld_library_path_lib.ps1'
[3.684s] INFO:colcon.colcon_core.shell:Creating environment descriptor '/home/ubuntu/mako_ws/mako_robot/install/rplidar_ros/share/rplidar_ros/hook/ld_library_path_lib.dsv'
[3.687s] INFO:colcon.colcon_core.shell:Creating environment hook '/home/ubuntu/mako_ws/mako_robot/install/rplidar_ros/share/rplidar_ros/hook/ld_library_path_lib.sh'
[3.689s] Level 1:colcon.colcon_core.environment:checking '/home/ubuntu/mako_ws/mako_robot/install/rplidar_ros/bin'
[3.690s] Level 1:colcon.colcon_core.environment:checking '/home/ubuntu/mako_ws/mako_robot/install/rplidar_ros/lib/pkgconfig/rplidar_ros.pc'
[3.691s] Level 1:colcon.colcon_core.environment:checking '/home/ubuntu/mako_ws/mako_robot/install/rplidar_ros/lib/python3.8/site-packages'
[3.694s] INFO:colcon.colcon_core.shell:Creating package script '/home/ubuntu/mako_ws/mako_robot/install/rplidar_ros/share/rplidar_ros/package.ps1'
[3.699s] INFO:colcon.colcon_core.shell:Creating package descriptor '/home/ubuntu/mako_ws/mako_robot/install/rplidar_ros/share/rplidar_ros/package.dsv'
[3.701s] INFO:colcon.colcon_core.shell:Creating package script '/home/ubuntu/mako_ws/mako_robot/install/rplidar_ros/share/rplidar_ros/package.sh'
[3.705s] INFO:colcon.colcon_core.shell:Creating package script '/home/ubuntu/mako_ws/mako_robot/install/rplidar_ros/share/rplidar_ros/package.bash'
[3.713s] INFO:colcon.colcon_core.shell:Creating package script '/home/ubuntu/mako_ws/mako_robot/install/rplidar_ros/share/rplidar_ros/package.zsh'
[3.717s] Level 1:colcon.colcon_core.environment:create_file_with_runtime_dependencies(/home/ubuntu/mako_ws/mako_robot/install/rplidar_ros/share/colcon-core/packages/rplidar_ros)
[4.011s] Level 1:colcon.colcon_core.environment:create_environment_scripts_only(rplidar_ros)
[4.015s] Level 1:colcon.colcon_core.environment:checking '/home/ubuntu/mako_ws/mako_robot/install/rplidar_ros' for CMake module files
[4.019s] Level 1:colcon.colcon_core.environment:checking '/home/ubuntu/mako_ws/mako_robot/install/rplidar_ros' for CMake config files
[4.022s] Level 1:colcon.colcon_core.shell:create_environment_hook('rplidar_ros', 'cmake_prefix_path')
[4.024s] INFO:colcon.colcon_core.shell:Creating environment hook '/home/ubuntu/mako_ws/mako_robot/install/rplidar_ros/share/rplidar_ros/hook/cmake_prefix_path.ps1'
[4.027s] INFO:colcon.colcon_core.shell:Creating environment descriptor '/home/ubuntu/mako_ws/mako_robot/install/rplidar_ros/share/rplidar_ros/hook/cmake_prefix_path.dsv'
[4.028s] INFO:colcon.colcon_core.shell:Creating environment hook '/home/ubuntu/mako_ws/mako_robot/install/rplidar_ros/share/rplidar_ros/hook/cmake_prefix_path.sh'
[4.032s] Level 1:colcon.colcon_core.environment:checking '/home/ubuntu/mako_ws/mako_robot/install/rplidar_ros/lib'
[4.034s] Level 1:colcon.colcon_core.shell:create_environment_hook('rplidar_ros', 'ld_library_path_lib')
[4.037s] INFO:colcon.colcon_core.shell:Creating environment hook '/home/ubuntu/mako_ws/mako_robot/install/rplidar_ros/share/rplidar_ros/hook/ld_library_path_lib.ps1'
[4.040s] INFO:colcon.colcon_core.shell:Creating environment descriptor '/home/ubuntu/mako_ws/mako_robot/install/rplidar_ros/share/rplidar_ros/hook/ld_library_path_lib.dsv'
[4.042s] INFO:colcon.colcon_core.shell:Creating environment hook '/home/ubuntu/mako_ws/mako_robot/install/rplidar_ros/share/rplidar_ros/hook/ld_library_path_lib.sh'
[4.045s] Level 1:colcon.colcon_core.environment:checking '/home/ubuntu/mako_ws/mako_robot/install/rplidar_ros/bin'
[4.045s] Level 1:colcon.colcon_core.environment:checking '/home/ubuntu/mako_ws/mako_robot/install/rplidar_ros/lib/pkgconfig/rplidar_ros.pc'
[4.046s] Level 1:colcon.colcon_core.environment:checking '/home/ubuntu/mako_ws/mako_robot/install/rplidar_ros/lib/python3.8/site-packages'
[4.049s] INFO:colcon.colcon_core.shell:Creating package script '/home/ubuntu/mako_ws/mako_robot/install/rplidar_ros/share/rplidar_ros/package.ps1'
[4.052s] INFO:colcon.colcon_core.shell:Creating package descriptor '/home/ubuntu/mako_ws/mako_robot/install/rplidar_ros/share/rplidar_ros/package.dsv'
[4.054s] INFO:colcon.colcon_core.shell:Creating package script '/home/ubuntu/mako_ws/mako_robot/install/rplidar_ros/share/rplidar_ros/package.sh'
[4.057s] INFO:colcon.colcon_core.shell:Creating package script '/home/ubuntu/mako_ws/mako_robot/install/rplidar_ros/share/rplidar_ros/package.bash'
[4.059s] INFO:colcon.colcon_core.shell:Creating package script '/home/ubuntu/mako_ws/mako_robot/install/rplidar_ros/share/rplidar_ros/package.zsh'
[4.062s] Level 1:colcon.colcon_core.environment:create_file_with_runtime_dependencies(/home/ubuntu/mako_ws/mako_robot/install/rplidar_ros/share/colcon-core/packages/rplidar_ros)
[5.167s] Level 1:colcon.colcon_core.shell:create_environment_hook('dev_test_tools', 'pythonpath_develop')
[5.170s] INFO:colcon.colcon_core.shell:Creating environment hook '/home/ubuntu/mako_ws/mako_robot/build/dev_test_tools/share/dev_test_tools/hook/pythonpath_develop.ps1'
[5.171s] DEBUG:colcon.colcon_core.event_handler.log_command:Invoked command in '/home/ubuntu/mako_ws/mako_robot/build/dev_test_tools' returned '0': PYTHONPATH=/home/ubuntu/mako_ws/mako_robot/install/dev_test_tools/lib/python3.8/site-packages:${PYTHONPATH} /usr/bin/python3 setup.py develop --prefix /home/ubuntu/mako_ws/mako_robot/install/dev_test_tools --editable --build-directory /home/ubuntu/mako_ws/mako_robot/build/dev_test_tools/build --no-deps install_data --install-dir /home/ubuntu/mako_ws/mako_robot/install/dev_test_tools
[5.173s] INFO:colcon.colcon_core.shell:Creating environment descriptor '/home/ubuntu/mako_ws/mako_robot/build/dev_test_tools/share/dev_test_tools/hook/pythonpath_develop.dsv'
[5.175s] INFO:colcon.colcon_core.shell:Creating environment hook '/home/ubuntu/mako_ws/mako_robot/build/dev_test_tools/share/dev_test_tools/hook/pythonpath_develop.sh'
[5.185s] Level 1:colcon.colcon_core.environment:checking '/home/ubuntu/mako_ws/mako_robot/install/dev_test_tools' for CMake module files
[5.190s] Level 1:colcon.colcon_core.environment:checking '/home/ubuntu/mako_ws/mako_robot/install/dev_test_tools' for CMake config files
[5.194s] Level 1:colcon.colcon_core.environment:checking '/home/ubuntu/mako_ws/mako_robot/install/dev_test_tools/lib'
[5.194s] Level 1:colcon.colcon_core.environment:checking '/home/ubuntu/mako_ws/mako_robot/install/dev_test_tools/bin'
[5.195s] Level 1:colcon.colcon_core.environment:checking '/home/ubuntu/mako_ws/mako_robot/install/dev_test_tools/lib/pkgconfig/dev_test_tools.pc'
[5.195s] Level 1:colcon.colcon_core.environment:checking '/home/ubuntu/mako_ws/mako_robot/install/dev_test_tools/lib/python3.8/site-packages'
[5.196s] Level 1:colcon.colcon_core.shell:create_environment_hook('dev_test_tools', 'pythonpath')
[5.198s] INFO:colcon.colcon_core.shell:Creating environment hook '/home/ubuntu/mako_ws/mako_robot/install/dev_test_tools/share/dev_test_tools/hook/pythonpath.ps1'
[5.200s] INFO:colcon.colcon_core.shell:Creating environment descriptor '/home/ubuntu/mako_ws/mako_robot/install/dev_test_tools/share/dev_test_tools/hook/pythonpath.dsv'
[5.202s] INFO:colcon.colcon_core.shell:Creating environment hook '/home/ubuntu/mako_ws/mako_robot/install/dev_test_tools/share/dev_test_tools/hook/pythonpath.sh'
[5.204s] Level 1:colcon.colcon_core.environment:create_environment_scripts_only(dev_test_tools)
[5.207s] INFO:colcon.colcon_core.shell:Creating package script '/home/ubuntu/mako_ws/mako_robot/install/dev_test_tools/share/dev_test_tools/package.ps1'
[5.209s] INFO:colcon.colcon_core.shell:Creating package descriptor '/home/ubuntu/mako_ws/mako_robot/install/dev_test_tools/share/dev_test_tools/package.dsv'
[5.211s] INFO:colcon.colcon_core.shell:Creating package script '/home/ubuntu/mako_ws/mako_robot/install/dev_test_tools/share/dev_test_tools/package.sh'
[5.214s] INFO:colcon.colcon_core.shell:Creating package script '/home/ubuntu/mako_ws/mako_robot/install/dev_test_tools/share/dev_test_tools/package.bash'
[5.215s] INFO:colcon.colcon_core.shell:Creating package script '/home/ubuntu/mako_ws/mako_robot/install/dev_test_tools/share/dev_test_tools/package.zsh'
[5.217s] Level 1:colcon.colcon_core.environment:create_file_with_runtime_dependencies(/home/ubuntu/mako_ws/mako_robot/install/dev_test_tools/share/colcon-core/packages/dev_test_tools)
[5.218s] DEBUG:colcon.colcon_parallel_executor.executor.parallel:closing loop
[5.219s] DEBUG:colcon.colcon_parallel_executor.executor.parallel:loop closed
[5.220s] DEBUG:colcon.colcon_parallel_executor.executor.parallel:run_until_complete finished with '0'
[5.220s] DEBUG:colcon.colcon_core.event_reactor:joining thread
[5.253s] INFO:colcon.colcon_core.plugin_system:Skipping extension 'colcon_notification.desktop_notification.terminal_notifier': Not used on non-Darwin systems
[5.253s] INFO:colcon.colcon_core.plugin_system:Skipping extension 'colcon_notification.desktop_notification.win32': Not used on non-Windows systems
[5.253s] INFO:colcon.colcon_notification.desktop_notification:Sending desktop notification using 'notify2'
[5.367s] DEBUG:colcon.colcon_core.event_reactor:joined thread
[5.370s] INFO:colcon.colcon_core.shell:Creating prefix script '/home/ubuntu/mako_ws/mako_robot/install/local_setup.ps1'
[5.375s] INFO:colcon.colcon_core.shell:Creating prefix util module '/home/ubuntu/mako_ws/mako_robot/install/_local_setup_util_ps1.py'
[5.384s] INFO:colcon.colcon_core.shell:Creating prefix chain script '/home/ubuntu/mako_ws/mako_robot/install/setup.ps1'
[5.416s] INFO:colcon.colcon_core.shell:Creating prefix script '/home/ubuntu/mako_ws/mako_robot/install/local_setup.sh'
[5.419s] INFO:colcon.colcon_core.shell:Creating prefix util module '/home/ubuntu/mako_ws/mako_robot/install/_local_setup_util_sh.py'
[5.422s] INFO:colcon.colcon_core.shell:Creating prefix chain script '/home/ubuntu/mako_ws/mako_robot/install/setup.sh'
[5.447s] INFO:colcon.colcon_core.shell:Creating prefix script '/home/ubuntu/mako_ws/mako_robot/install/local_setup.bash'
[5.449s] INFO:colcon.colcon_core.shell:Creating prefix chain script '/home/ubuntu/mako_ws/mako_robot/install/setup.bash'
[5.464s] INFO:colcon.colcon_core.shell:Creating prefix script '/home/ubuntu/mako_ws/mako_robot/install/local_setup.zsh'
[5.467s] INFO:colcon.colcon_core.shell:Creating prefix chain script '/home/ubuntu/mako_ws/mako_robot/install/setup.zsh'
