[1.349s] Invoking command in '/home/karim/mako_robot/mako_ws/src/mako_py_brain': PYTHONPATH=/home/karim/mako_robot/mako_ws/install/mako_py_brain/lib/python3.8/site-packages:${PYTHONPATH} /usr/bin/python3 setup.py egg_info --egg-base ../../build/mako_py_brain build --build-base /home/karim/mako_robot/mako_ws/build/mako_py_brain/build install --prefix /home/karim/mako_robot/mako_ws/install/mako_py_brain --record /home/karim/mako_robot/mako_ws/build/mako_py_brain/install.log --single-version-externally-managed
[1.794s] running egg_info
[1.810s] writing ../../build/mako_py_brain/mako_py_brain.egg-info/PKG-INFO
[1.822s] writing dependency_links to ../../build/mako_py_brain/mako_py_brain.egg-info/dependency_links.txt
[1.822s] writing entry points to ../../build/mako_py_brain/mako_py_brain.egg-info/entry_points.txt
[1.822s] writing requirements to ../../build/mako_py_brain/mako_py_brain.egg-info/requires.txt
[1.822s] writing top-level names to ../../build/mako_py_brain/mako_py_brain.egg-info/top_level.txt
[1.874s] reading manifest file '../../build/mako_py_brain/mako_py_brain.egg-info/SOURCES.txt'
[1.880s] writing manifest file '../../build/mako_py_brain/mako_py_brain.egg-info/SOURCES.txt'
[1.880s] running build
[1.881s] running build_py
[1.882s] copying mako_py_brain/brain.py -> /home/karim/mako_robot/mako_ws/build/mako_py_brain/build/lib/mako_py_brain
[1.883s] running install
[1.885s] running install_lib
[1.887s] copying /home/karim/mako_robot/mako_ws/build/mako_py_brain/build/lib/mako_py_brain/brain.py -> /home/karim/mako_robot/mako_ws/install/mako_py_brain/lib/python3.8/site-packages/mako_py_brain
[1.888s] byte-compiling /home/karim/mako_robot/mako_ws/install/mako_py_brain/lib/python3.8/site-packages/mako_py_brain/brain.py to brain.cpython-38.pyc
[1.891s] running install_data
[1.896s] running install_egg_info
[1.896s] removing '/home/karim/mako_robot/mako_ws/install/mako_py_brain/lib/python3.8/site-packages/mako_py_brain-0.0.0-py3.8.egg-info' (and everything under it)
[1.897s] Copying ../../build/mako_py_brain/mako_py_brain.egg-info to /home/karim/mako_robot/mako_ws/install/mako_py_brain/lib/python3.8/site-packages/mako_py_brain-0.0.0-py3.8.egg-info
[1.898s] running install_scripts
[1.921s] Installing BrainNode script to /home/karim/mako_robot/mako_ws/install/mako_py_brain/lib/mako_py_brain
[1.930s] writing list of installed files to '/home/karim/mako_robot/mako_ws/build/mako_py_brain/install.log'
[1.977s] Invoked command in '/home/karim/mako_robot/mako_ws/src/mako_py_brain' returned '0': PYTHONPATH=/home/karim/mako_robot/mako_ws/install/mako_py_brain/lib/python3.8/site-packages:${PYTHONPATH} /usr/bin/python3 setup.py egg_info --egg-base ../../build/mako_py_brain build --build-base /home/karim/mako_robot/mako_ws/build/mako_py_brain/build install --prefix /home/karim/mako_robot/mako_ws/install/mako_py_brain --record /home/karim/mako_robot/mako_ws/build/mako_py_brain/install.log --single-version-externally-managed
