[0.351s] Invoking command in '/home/karim/mako_robot/mako_ws/build/rplidar_ros': CMAKE_PREFIX_PATH=${CMAKE_PREFIX_PATH}:/home/karim/ros2_ws/install/my_py_pkg:/home/karim/project_ws/install/ros_project_pkg_py_robot_driver:/home/karim/project_ws/install/dev_test_tools:/opt/ros/foxy /usr/bin/cmake /home/karim/mako_robot/mako_ws/src/lidar_ros2 -DCMAKE_INSTALL_PREFIX=/home/karim/mako_robot/mako_ws/install/rplidar_ros
[0.451s] -- The C compiler identification is GNU 9.3.0
[0.538s] -- The CXX compiler identification is GNU 9.3.0
[0.546s] -- Check for working C compiler: /usr/bin/cc
[0.673s] -- Check for working C compiler: /usr/bin/cc -- works
[0.673s] -- Detecting C compiler ABI info
[0.792s] -- Detecting C compiler ABI info - done
[0.801s] -- Detecting C compile features
[0.802s] -- Detecting C compile features - done
[0.806s] -- Check for working CXX compiler: /usr/bin/c++
[0.971s] -- Check for working CXX compiler: /usr/bin/c++ -- works
[0.973s] -- Detecting CXX compiler ABI info
[1.102s] -- Detecting CXX compiler ABI info - done
[1.115s] -- Detecting CXX compile features
[1.116s] -- Detecting CXX compile features - done
[1.119s] -- Found ament_cmake_auto: 0.9.8 (/opt/ros/foxy/share/ament_cmake_auto/cmake)
[1.154s] -- Found PythonInterp: /usr/bin/python3 (found suitable version "3.8.5", minimum required is "3") 
[1.154s] -- Using PYTHON_EXECUTABLE: /usr/bin/python3
[1.431s] -- Found ament_cmake_ros: 0.9.0 (/opt/ros/foxy/share/ament_cmake_ros/cmake)
[1.597s] -- Using all available rosidl_typesupport_c: rosidl_typesupport_fastrtps_c;rosidl_typesupport_introspection_c
[1.608s] -- Found rosidl_adapter: 1.2.0 (/opt/ros/foxy/share/rosidl_adapter/cmake)
[1.747s] -- Found OpenSSL: /usr/lib/x86_64-linux-gnu/libcrypto.so (found version "1.1.1f")  
[1.791s] -- Found FastRTPS: /opt/ros/foxy/include  
[1.897s] -- Using all available rosidl_typesupport_cpp: rosidl_typesupport_fastrtps_cpp;rosidl_typesupport_introspection_cpp
[1.980s] -- Found rmw_implementation_cmake: 1.0.2 (/opt/ros/foxy/share/rmw_implementation_cmake/cmake)
[1.992s] -- Using RMW implementation 'rmw_fastrtps_cpp' as default
[1.994s] -- Looking for pthread.h
[2.113s] -- Looking for pthread.h - found
[2.114s] -- Performing Test CMAKE_HAVE_LIBC_PTHREAD
[2.246s] -- Performing Test CMAKE_HAVE_LIBC_PTHREAD - Failed
[2.246s] -- Looking for pthread_create in pthreads
[2.349s] -- Looking for pthread_create in pthreads - not found
[2.349s] -- Looking for pthread_create in pthread
[2.458s] -- Looking for pthread_create in pthread - found
[2.461s] -- Found Threads: TRUE  
[2.989s] -- Configuring done
[3.030s] -- Generating done
[3.034s] -- Build files have been written to: /home/karim/mako_robot/mako_ws/build/rplidar_ros
[3.051s] Invoked command in '/home/karim/mako_robot/mako_ws/build/rplidar_ros' returned '0': CMAKE_PREFIX_PATH=${CMAKE_PREFIX_PATH}:/home/karim/ros2_ws/install/my_py_pkg:/home/karim/project_ws/install/ros_project_pkg_py_robot_driver:/home/karim/project_ws/install/dev_test_tools:/opt/ros/foxy /usr/bin/cmake /home/karim/mako_robot/mako_ws/src/lidar_ros2 -DCMAKE_INSTALL_PREFIX=/home/karim/mako_robot/mako_ws/install/rplidar_ros
[3.056s] Invoking command in '/home/karim/mako_robot/mako_ws/build/rplidar_ros': CMAKE_PREFIX_PATH=${CMAKE_PREFIX_PATH}:/home/karim/ros2_ws/install/my_py_pkg:/home/karim/project_ws/install/ros_project_pkg_py_robot_driver:/home/karim/project_ws/install/dev_test_tools:/opt/ros/foxy /usr/bin/cmake --build /home/karim/mako_robot/mako_ws/build/rplidar_ros -- -j6 -l6
[3.117s] [35m[1mScanning dependencies of target rplidarNodeClient[0m
[3.117s] [35m[1mScanning dependencies of target rplidar_composition_node[0m
[3.118s] [35m[1mScanning dependencies of target rplidarNode[0m
[3.166s] [  5%] [32mBuilding CXX object CMakeFiles/rplidarNodeClient.dir/src/client.cpp.o[0m
[3.172s] [ 11%] [32mBuilding CXX object CMakeFiles/rplidarNode.dir/sdk/src/arch/linux/net_serial.cpp.o[0m
[3.182s] [ 16%] [32mBuilding CXX object CMakeFiles/rplidarNode.dir/sdk/src/arch/linux/net_socket.cpp.o[0m
[3.183s] [ 33%] [32mBuilding CXX object CMakeFiles/rplidarNode.dir/sdk/src/arch/linux/timer.cpp.o[0m
[3.183s] [ 33%] [32mBuilding CXX object CMakeFiles/rplidarNode.dir/src/node.cpp.o[0m
[3.184s] [ 33%] [32mBuilding CXX object CMakeFiles/rplidar_composition_node.dir/src/rplidar_node.cpp.o[0m
[3.359s] In file included from [01m[K/home/karim/mako_robot/mako_ws/src/lidar_ros2/src/rplidar_node.cpp:36[m[K:
[3.360s] [01m[K/home/karim/mako_robot/mako_ws/src/lidar_ros2/include/rplidar_node.hpp:50:[m[K [01;35m[Kwarning: [m[K"M_PI" redefined
[3.360s]    50 | #define M_PI 3.1415926535897932384626433832795
[3.360s]       | 
[3.360s] In file included from [01m[K/usr/include/c++/9/cmath:45[m[K,
[3.360s]                  from [01m[K/opt/ros/foxy/include/libstatistics_collector/moving_average_statistics/types.hpp:18[m[K,
[3.360s]                  from [01m[K/opt/ros/foxy/include/libstatistics_collector/collector/generate_statistics_message.hpp:24[m[K,
[3.360s]                  from [01m[K/opt/ros/foxy/include/rclcpp/topic_statistics/subscription_topic_statistics.hpp:23[m[K,
[3.360s]                  from [01m[K/opt/ros/foxy/include/rclcpp/subscription.hpp:50[m[K,
[3.360s]                  from [01m[K/opt/ros/foxy/include/rclcpp/any_executable.hpp:25[m[K,
[3.360s]                  from [01m[K/opt/ros/foxy/include/rclcpp/memory_strategy.hpp:24[m[K,
[3.360s]                  from [01m[K/opt/ros/foxy/include/rclcpp/memory_strategies.hpp:18[m[K,
[3.360s]                  from [01m[K/opt/ros/foxy/include/rclcpp/executor_options.hpp:20[m[K,
[3.361s]                  from [01m[K/opt/ros/foxy/include/rclcpp/executor.hpp:33[m[K,
[3.361s]                  from [01m[K/opt/ros/foxy/include/rclcpp/executors/multi_threaded_executor.hpp:25[m[K,
[3.361s]                  from [01m[K/opt/ros/foxy/include/rclcpp/executors.hpp:21[m[K,
[3.361s]                  from [01m[K/opt/ros/foxy/include/rclcpp/rclcpp.hpp:146[m[K,
[3.361s]                  from [01m[K/home/karim/mako_robot/mako_ws/src/lidar_ros2/include/rplidar_node.hpp:34[m[K,
[3.362s]                  from [01m[K/home/karim/mako_robot/mako_ws/src/lidar_ros2/src/rplidar_node.cpp:36[m[K:
[3.362s] [01m[K/usr/include/math.h:1070:[m[K [01;36m[Knote: [m[Kthis is the location of the previous definition
[3.362s]  1070 | # define M_PI  3.14159265358979323846 /* pi */
[3.362s]       | 
[3.362s] [01m[K/home/karim/mako_robot/mako_ws/src/lidar_ros2/src/client.cpp:43:[m[K [01;35m[Kwarning: [m[K"M_PI" redefined
[3.362s]    43 | #define M_PI 3.1415926535897932384626433832795
[3.362s]       | 
[3.362s] In file included from [01m[K/usr/include/c++/9/cmath:45[m[K,
[3.362s]                  from [01m[K/opt/ros/foxy/include/libstatistics_collector/moving_average_statistics/types.hpp:18[m[K,
[3.362s]                  from [01m[K/opt/ros/foxy/include/libstatistics_collector/collector/generate_statistics_message.hpp:24[m[K,
[3.362s]                  from [01m[K/opt/ros/foxy/include/rclcpp/topic_statistics/subscription_topic_statistics.hpp:23[m[K,
[3.362s]                  from [01m[K/opt/ros/foxy/include/rclcpp/subscription.hpp:50[m[K,
[3.363s]                  from [01m[K/opt/ros/foxy/include/rclcpp/any_executable.hpp:25[m[K,
[3.363s]                  from [01m[K/opt/ros/foxy/include/rclcpp/memory_strategy.hpp:24[m[K,
[3.363s]                  from [01m[K/opt/ros/foxy/include/rclcpp/memory_strategies.hpp:18[m[K,
[3.363s]                  from [01m[K/opt/ros/foxy/include/rclcpp/executor_options.hpp:20[m[K,
[3.363s]                  from [01m[K/opt/ros/foxy/include/rclcpp/executor.hpp:33[m[K,
[3.363s]                  from [01m[K/opt/ros/foxy/include/rclcpp/executors/multi_threaded_executor.hpp:25[m[K,
[3.363s]                  from [01m[K/opt/ros/foxy/include/rclcpp/executors.hpp:21[m[K,
[3.363s]                  from [01m[K/opt/ros/foxy/include/rclcpp/rclcpp.hpp:146[m[K,
[3.363s]                  from [01m[K/home/karim/mako_robot/mako_ws/src/lidar_ros2/src/client.cpp:38[m[K:
[3.363s] [01m[K/usr/include/math.h:1070:[m[K [01;36m[Knote: [m[Kthis is the location of the previous definition
[3.363s]  1070 | # define M_PI  3.14159265358979323846 /* pi */
[3.364s]       | 
[3.370s] [01m[K/home/karim/mako_robot/mako_ws/src/lidar_ros2/src/node.cpp:51:[m[K [01;35m[Kwarning: [m[K"M_PI" redefined
[3.371s]    51 | #define M_PI 3.1415926535897932384626433832795
[3.371s]       | 
[3.371s] In file included from [01m[K/usr/include/c++/9/cmath:45[m[K,
[3.372s]                  from [01m[K/opt/ros/foxy/include/libstatistics_collector/moving_average_statistics/types.hpp:18[m[K,
[3.372s]                  from [01m[K/opt/ros/foxy/include/libstatistics_collector/collector/generate_statistics_message.hpp:24[m[K,
[3.373s]                  from [01m[K/opt/ros/foxy/include/rclcpp/topic_statistics/subscription_topic_statistics.hpp:23[m[K,
[3.373s]                  from [01m[K/opt/ros/foxy/include/rclcpp/subscription.hpp:50[m[K,
[3.373s]                  from [01m[K/opt/ros/foxy/include/rclcpp/any_executable.hpp:25[m[K,
[3.373s]                  from [01m[K/opt/ros/foxy/include/rclcpp/memory_strategy.hpp:24[m[K,
[3.373s]                  from [01m[K/opt/ros/foxy/include/rclcpp/memory_strategies.hpp:18[m[K,
[3.373s]                  from [01m[K/opt/ros/foxy/include/rclcpp/executor_options.hpp:20[m[K,
[3.373s]                  from [01m[K/opt/ros/foxy/include/rclcpp/executor.hpp:33[m[K,
[3.374s]                  from [01m[K/opt/ros/foxy/include/rclcpp/executors/multi_threaded_executor.hpp:25[m[K,
[3.374s]                  from [01m[K/opt/ros/foxy/include/rclcpp/executors.hpp:21[m[K,
[3.374s]                  from [01m[K/opt/ros/foxy/include/rclcpp/rclcpp.hpp:146[m[K,
[3.374s]                  from [01m[K/home/karim/mako_robot/mako_ws/src/lidar_ros2/src/node.cpp:36[m[K:
[3.374s] [01m[K/usr/include/math.h:1070:[m[K [01;36m[Knote: [m[Kthis is the location of the previous definition
[3.374s]  1070 | # define M_PI  3.14159265358979323846 /* pi */
[3.374s]       | 
[3.375s] [01m[K/home/karim/mako_robot/mako_ws/src/lidar_ros2/src/node.cpp:231:14:[m[K [01;35m[Kwarning: [m[Kinvalid suffix on literal; C++11 requires a space between literal and string macro [[01;35m[K-Wliteral-suffix[m[K]
[3.375s]   231 |     ROS_INFO([01;35m[K"[m[KRPLIDAR running on ROS package rplidar_ros. SDK Version:"RPLIDAR_SDK_VERSION"");
[3.375s]       |              [01;35m[K^[m[K
[3.706s] In file included from [01m[K/home/karim/mako_robot/mako_ws/src/lidar_ros2/./sdk/include/rplidar.h:39[m[K,
[3.707s]                  from [01m[K/home/karim/mako_robot/mako_ws/src/lidar_ros2/./sdk/src/sdkcommon.h:48[m[K,
[3.707s]                  from [01m[K/home/karim/mako_robot/mako_ws/src/lidar_ros2/sdk/src/arch/linux/net_socket.cpp:10[m[K:
[3.707s] [01m[K/home/karim/mako_robot/mako_ws/src/lidar_ros2/./sdk/include/rplidar_protocol.h:59:14:[m[K [01;35m[Kwarning: [m[KISO C++ forbids zero-size array ‘[01m[Kdata[m[K’ [[01;35m[K-Wpedantic[m[K]
[3.707s]    59 |     _u8 data[[01;35m[K0[m[K];
[3.707s]       |              [01;35m[K^[m[K
[3.707s] In file included from [01m[K/home/karim/mako_robot/mako_ws/src/lidar_ros2/./sdk/include/rplidar.h:40[m[K,
[3.708s]                  from [01m[K/home/karim/mako_robot/mako_ws/src/lidar_ros2/./sdk/src/sdkcommon.h:48[m[K,
[3.708s]                  from [01m[K/home/karim/mako_robot/mako_ws/src/lidar_ros2/sdk/src/arch/linux/net_socket.cpp:10[m[K:
[3.708s] [01m[K/home/karim/mako_robot/mako_ws/src/lidar_ros2/./sdk/include/rplidar_cmd.h:260:18:[m[K [01;35m[Kwarning: [m[KISO C++ forbids zero-size array ‘[01m[Kpayload[m[K’ [[01;35m[K-Wpedantic[m[K]
[3.708s]   260 |     _u8  payload[[01;35m[K0[m[K];
[3.708s]       |                  [01;35m[K^[m[K
[3.717s] [01m[K/home/karim/mako_robot/mako_ws/src/lidar_ros2/sdk/src/arch/linux/net_socket.cpp:[m[K In member function ‘[01m[Kvirtual u_result rp::net::SocketAddress::getAddressAsString(char*, size_t) const[m[K’:
[3.717s] [01m[K/home/karim/mako_robot/mako_ws/src/lidar_ros2/sdk/src/arch/linux/net_socket.cpp:170:17:[m[K [01;35m[Kwarning: [m[Kordered comparison of pointer with integer zero [[01;35m[K-Wextra[m[K]
[3.717s]   170 |     return ans<=[01;35m[K0[m[K?RESULT_OPERATION_FAIL:RESULT_OK;
[3.717s]       |                 [01;35m[K^[m[K
[3.725s] [01m[K/home/karim/mako_robot/mako_ws/src/lidar_ros2/sdk/src/arch/linux/net_socket.cpp:[m[K In member function ‘[01m[Kvirtual u_result rp::arch::net::StreamSocketImpl::send(const void*, size_t)[m[K’:
[3.726s] [01m[K/home/karim/mako_robot/mako_ws/src/lidar_ros2/sdk/src/arch/linux/net_socket.cpp:438:17:[m[K [01;35m[Kwarning: [m[Kcomparison of integer expressions of different signedness: ‘[01m[Ksize_t[m[K’ {aka ‘[01m[Klong unsigned int[m[K’} and ‘[01m[Kint[m[K’ [[01;35m[K-Wsign-compare[m[K]
[3.726s]   438 |         if ([01;35m[Kans == (int)len[m[K) {
[3.726s]       |             [01;35m[K~~~~^~~~~~~~~~~[m[K
[3.731s] In file included from [01m[K/home/karim/mako_robot/mako_ws/src/lidar_ros2/./sdk/src/arch/linux/arch_linux.h:42[m[K,
[3.731s]                  from [01m[K/home/karim/mako_robot/mako_ws/src/lidar_ros2/./sdk/src/sdkcommon.h:40[m[K,
[3.731s]                  from [01m[K/home/karim/mako_robot/mako_ws/src/lidar_ros2/sdk/src/arch/linux/net_socket.cpp:10[m[K:
[3.731s] [01m[K/home/karim/mako_robot/mako_ws/src/lidar_ros2/sdk/src/arch/linux/net_socket.cpp:[m[K In member function ‘[01m[Kvirtual u_result rp::arch::net::DGramSocketImpl::sendTo(const rp::net::SocketAddress&, const void*, size_t)[m[K’:
[3.731s] [01m[K/home/karim/mako_robot/mako_ws/src/lidar_ros2/sdk/src/arch/linux/net_socket.cpp:726:24:[m[K [01;35m[Kwarning: [m[Kcomparison of integer expressions of different signedness: ‘[01m[Ksize_t[m[K’ {aka ‘[01m[Klong unsigned int[m[K’} and ‘[01m[Kint[m[K’ [[01;35m[K-Wsign-compare[m[K]
[3.732s]   726 |             assert([01;35m[Kans == (int)len[m[K);
[3.732s]       |                    [01;35m[K~~~~^~~~~~~~~~~[m[K
[3.872s] [ 38%] [32mBuilding CXX object CMakeFiles/rplidarNode.dir/sdk/src/hal/thread.cpp.o[0m
[4.048s] [01m[K/home/karim/mako_robot/mako_ws/src/lidar_ros2/sdk/src/arch/linux/net_serial.cpp:[m[K In member function ‘[01m[Kbool rp::arch::net::raw_serial::open(const char*, uint32_t, uint32_t)[m[K’:
[4.048s] [01m[K/home/karim/mako_robot/mako_ws/src/lidar_ros2/sdk/src/arch/linux/net_serial.cpp:97:74:[m[K [01;35m[Kwarning: [m[Kunused parameter ‘[01m[Kflags[m[K’ [[01;35m[K-Wunused-parameter[m[K]
[4.049s]    97 | bool raw_serial::open(const char * portname, uint32_t baudrate, [01;35m[Kuint32_t flags[m[K)
[4.049s]       |                                                                 [01;35m[K~~~~~~~~~^~~~~[m[K
[4.049s] [01m[K/home/karim/mako_robot/mako_ws/src/lidar_ros2/sdk/src/arch/linux/net_serial.cpp:[m[K In member function ‘[01m[Kvirtual void rp::arch::net::raw_serial::flush(_u32)[m[K’:
[4.050s] [01m[K/home/karim/mako_robot/mako_ws/src/lidar_ros2/sdk/src/arch/linux/net_serial.cpp:281:30:[m[K [01;35m[Kwarning: [m[Kunused parameter ‘[01m[Kflags[m[K’ [[01;35m[K-Wunused-parameter[m[K]
[4.050s]   281 | void raw_serial::flush( [01;35m[K_u32 flags[m[K)
[4.050s]       |                         [01;35m[K~~~~~^~~~~[m[K
[4.050s] [01m[K/home/karim/mako_robot/mako_ws/src/lidar_ros2/sdk/src/arch/linux/net_serial.cpp:[m[K In member function ‘[01m[Kvirtual int rp::arch::net::raw_serial::waitforsent(_u32, size_t*)[m[K’:
[4.051s] [01m[K/home/karim/mako_robot/mako_ws/src/lidar_ros2/sdk/src/arch/linux/net_serial.cpp:286:34:[m[K [01;35m[Kwarning: [m[Kunused parameter ‘[01m[Ktimeout[m[K’ [[01;35m[K-Wunused-parameter[m[K]
[4.051s]   286 | int raw_serial::waitforsent([01;35m[K_u32 timeout[m[K, size_t * returned_size)
[4.051s]       |                             [01;35m[K~~~~~^~~~~~~[m[K
[4.051s] [01m[K/home/karim/mako_robot/mako_ws/src/lidar_ros2/sdk/src/arch/linux/net_serial.cpp:[m[K In member function ‘[01m[Kvirtual int rp::arch::net::raw_serial::waitforrecv(_u32, size_t*)[m[K’:
[4.051s] [01m[K/home/karim/mako_robot/mako_ws/src/lidar_ros2/sdk/src/arch/linux/net_serial.cpp:292:34:[m[K [01;35m[Kwarning: [m[Kunused parameter ‘[01m[Ktimeout[m[K’ [[01;35m[K-Wunused-parameter[m[K]
[4.051s]   292 | int raw_serial::waitforrecv([01;35m[K_u32 timeout[m[K, size_t * returned_size)
[4.052s]       |                             [01;35m[K~~~~~^~~~~~~[m[K
[4.068s] [ 44%] [32mBuilding CXX object CMakeFiles/rplidarNode.dir/sdk/src/rplidar_driver.cpp.o[0m
[4.271s] [ 50%] [32mBuilding CXX object CMakeFiles/rplidar_composition_node.dir/sdk/src/arch/linux/net_serial.cpp.o[0m
[4.421s] In file included from [01m[K/home/karim/mako_robot/mako_ws/src/lidar_ros2/./sdk/include/rplidar.h:39[m[K,
[4.421s]                  from [01m[K/home/karim/mako_robot/mako_ws/src/lidar_ros2/./sdk/src/sdkcommon.h:48[m[K,
[4.421s]                  from [01m[K/home/karim/mako_robot/mako_ws/src/lidar_ros2/sdk/src/hal/thread.cpp:35[m[K:
[4.421s] [01m[K/home/karim/mako_robot/mako_ws/src/lidar_ros2/./sdk/include/rplidar_protocol.h:59:14:[m[K [01;35m[Kwarning: [m[KISO C++ forbids zero-size array ‘[01m[Kdata[m[K’ [[01;35m[K-Wpedantic[m[K]
[4.422s]    59 |     _u8 data[[01;35m[K0[m[K];
[4.422s]       |              [01;35m[K^[m[K
[4.473s] In file included from [01m[K/home/karim/mako_robot/mako_ws/src/lidar_ros2/./sdk/include/rplidar.h:40[m[K,
[4.473s]                  from [01m[K/home/karim/mako_robot/mako_ws/src/lidar_ros2/./sdk/src/sdkcommon.h:48[m[K,
[4.473s]                  from [01m[K/home/karim/mako_robot/mako_ws/src/lidar_ros2/sdk/src/hal/thread.cpp:35[m[K:
[4.473s] [01m[K/home/karim/mako_robot/mako_ws/src/lidar_ros2/./sdk/include/rplidar_cmd.h:260:18:[m[K [01;35m[Kwarning: [m[KISO C++ forbids zero-size array ‘[01m[Kpayload[m[K’ [[01;35m[K-Wpedantic[m[K]
[4.473s]   260 |     _u8  payload[[01;35m[K0[m[K];
[4.473s]       |                  [01;35m[K^[m[K
[4.550s] In file included from [01m[K/home/karim/mako_robot/mako_ws/src/lidar_ros2/sdk/src/hal/thread.cpp:43[m[K:
[4.555s] [01m[K/home/karim/mako_robot/mako_ws/src/lidar_ros2/./sdk/src/arch/linux/thread.hpp:[m[K In static member function ‘[01m[Kstatic rp::hal::Thread rp::hal::Thread::create(thread_proc_t, void*)[m[K’:
[4.556s] [01m[K/home/karim/mako_robot/mako_ws/src/lidar_ros2/./sdk/src/arch/linux/thread.hpp:48:77:[m[K [01;35m[Kwarning: [m[Kcast between incompatible function types from ‘[01m[Kthread_proc_t[m[K’ {aka ‘[01m[Klong unsigned int (*)(void*)[m[K’} to ‘[01m[Kvoid* (*)(void*)[m[K’ [[01;35m[K-Wcast-function-type[m[K]
[4.556s]    48 |     pthread_create((pthread_t *)&newborn._handle, NULL, (void * (*)(void *))[01;35m[Kproc[m[K, data);
[4.557s]       |                                                                             [01;35m[K^~~~[m[K
[4.557s] [01m[K/home/karim/mako_robot/mako_ws/src/lidar_ros2/./sdk/src/arch/linux/thread.hpp:[m[K In member function ‘[01m[Ku_result rp::hal::Thread::join(long unsigned int)[m[K’:
[4.559s] [01m[K/home/karim/mako_robot/mako_ws/src/lidar_ros2/./sdk/src/arch/linux/thread.hpp:129:37:[m[K [01;35m[Kwarning: [m[Kunused parameter ‘[01m[Ktimeout[m[K’ [[01;35m[K-Wunused-parameter[m[K]
[4.559s]   129 | u_result Thread::join([01;35m[Kunsigned long timeout[m[K)
[4.559s]       |                       [01;35m[K~~~~~~~~~~~~~~^~~~~~~[m[K
[4.732s] [ 55%] [32mBuilding CXX object CMakeFiles/rplidar_composition_node.dir/sdk/src/arch/linux/net_socket.cpp.o[0m
[4.788s] In file included from [01m[K/home/karim/mako_robot/mako_ws/src/lidar_ros2/./sdk/include/rplidar.h:39[m[K,
[4.788s]                  from [01m[K/home/karim/mako_robot/mako_ws/src/lidar_ros2/sdk/src/sdkcommon.h:48[m[K,
[4.788s]                  from [01m[K/home/karim/mako_robot/mako_ws/src/lidar_ros2/sdk/src/rplidar_driver.cpp:35[m[K:
[4.789s] [01m[K/home/karim/mako_robot/mako_ws/src/lidar_ros2/./sdk/include/rplidar_protocol.h:59:14:[m[K [01;35m[Kwarning: [m[KISO C++ forbids zero-size array ‘[01m[Kdata[m[K’ [[01;35m[K-Wpedantic[m[K]
[4.789s]    59 |     _u8 data[[01;35m[K0[m[K];
[4.789s]       |              [01;35m[K^[m[K
[4.789s] In file included from [01m[K/home/karim/mako_robot/mako_ws/src/lidar_ros2/./sdk/include/rplidar.h:40[m[K,
[4.789s]                  from [01m[K/home/karim/mako_robot/mako_ws/src/lidar_ros2/sdk/src/sdkcommon.h:48[m[K,
[4.789s]                  from [01m[K/home/karim/mako_robot/mako_ws/src/lidar_ros2/sdk/src/rplidar_driver.cpp:35[m[K:
[4.789s] [01m[K/home/karim/mako_robot/mako_ws/src/lidar_ros2/./sdk/include/rplidar_cmd.h:260:18:[m[K [01;35m[Kwarning: [m[KISO C++ forbids zero-size array ‘[01m[Kpayload[m[K’ [[01;35m[K-Wpedantic[m[K]
[4.790s]   260 |     _u8  payload[[01;35m[K0[m[K];
[4.790s]       |                  [01;35m[K^[m[K
[5.017s] [01m[K/home/karim/mako_robot/mako_ws/src/lidar_ros2/sdk/src/rplidar_driver.cpp:[m[K In member function ‘[01m[Kvirtual u_result rp::standalone::rplidar::RPlidarDriverImplCommon::reset(_u32)[m[K’:
[5.018s] [01m[K/home/karim/mako_robot/mako_ws/src/lidar_ros2/sdk/src/rplidar_driver.cpp:121:46:[m[K [01;35m[Kwarning: [m[Kunused parameter ‘[01m[Ktimeout[m[K’ [[01;35m[K-Wunused-parameter[m[K]
[5.018s]   121 | u_result RPlidarDriverImplCommon::reset([01;35m[K_u32 timeout[m[K)
[5.018s]       |                                         [01;35m[K~~~~~^~~~~~~[m[K
[5.019s] [01m[K/home/karim/mako_robot/mako_ws/src/lidar_ros2/sdk/src/rplidar_driver.cpp:[m[K In member function ‘[01m[Kvirtual u_result rp::standalone::rplidar::RPlidarDriverImplCommon::checkIfTofLidar(bool&, _u32)[m[K’:
[5.019s] [01m[K/home/karim/mako_robot/mako_ws/src/lidar_ros2/sdk/src/rplidar_driver.cpp:274:75:[m[K [01;35m[Kwarning: [m[Kunused parameter ‘[01m[Ktimeout[m[K’ [[01;35m[K-Wunused-parameter[m[K]
[5.019s]   274 | u_result RPlidarDriverImplCommon::checkIfTofLidar(bool & isTofLidar, [01;35m[K_u32 timeout[m[K)
[5.019s]       |                                                                      [01;35m[K~~~~~^~~~~~~[m[K
[5.027s] [01m[K/home/karim/mako_robot/mako_ws/src/lidar_ros2/sdk/src/rplidar_driver.cpp:[m[K In member function ‘[01m[Kvirtual void rp::standalone::rplidar::RPlidarDriverImplCommon::_dense_capsuleToNormal(const rplidar_response_capsule_measurement_nodes_t&, rplidar_response_measurement_node_hq_t*, size_t&)[m[K’:
[5.027s] [01m[K/home/karim/mako_robot/mako_ws/src/lidar_ros2/sdk/src/rplidar_driver.cpp:872:108:[m[K [01;35m[Kwarning: [m[Ktype qualifiers ignored on cast result type [[01;35m[K-Wignored-qualifiers[m[K]
[5.027s]   872 |             const int dist = static_cast<const int>(_cached_previous_dense_capsuledata.cabins[pos].distance[01;35m[K)[m[K;
[5.027s]       |                                                                                                            [01;35m[K^[m[K
[5.029s] [01m[K/home/karim/mako_robot/mako_ws/src/lidar_ros2/sdk/src/rplidar_driver.cpp:[m[K In function ‘[01m[K_u32 rp::standalone::rplidar::_crc32cal(_u32, void*, _u16)[m[K’:
[5.029s] [01m[K/home/karim/mako_robot/mako_ws/src/lidar_ros2/sdk/src/rplidar_driver.cpp:996:23:[m[K [01;35m[Kwarning: [m[Ksuggest parentheses around ‘[01m[K-[m[K’ in operand of ‘[01m[K&[m[K’ [[01;35m[K-Wparentheses[m[K]
[5.029s]   996 |     _u8 leftBytes = [01;35m[K4 - len[m[K & 0x3;
[5.029s]       |                     [01;35m[K~~^~~~~[m[K
[5.031s] [01m[K/home/karim/mako_robot/mako_ws/src/lidar_ros2/sdk/src/rplidar_driver.cpp:[m[K In member function ‘[01m[Kvirtual void rp::standalone::rplidar::RPlidarDriverImplCommon::_ultraCapsuleToNormal(const rplidar_response_ultra_capsule_measurement_nodes_t&, rplidar_response_measurement_node_hq_t*, size_t&)[m[K’:
[5.031s] [01m[K/home/karim/mako_robot/mako_ws/src/lidar_ros2/sdk/src/rplidar_driver.cpp:1207:32:[m[K [01;35m[Kwarning: [m[Kcomparison of integer expressions of different signedness: ‘[01m[Kint[m[K’ and ‘[01m[Kunsigned int[m[K’ [[01;35m[K-Wsign-compare[m[K]
[5.031s]  1207 |             if (([01;35m[Kdist_predict1 == 0xFFFFFE00[m[K) || (dist_predict1 == 0x1FF)) {
[5.031s]       |                  [01;35m[K~~~~~~~~~~~~~~^~~~~~~~~~~~~[m[K
[5.032s] [01m[K/home/karim/mako_robot/mako_ws/src/lidar_ros2/sdk/src/rplidar_driver.cpp:1215:32:[m[K [01;35m[Kwarning: [m[Kcomparison of integer expressions of different signedness: ‘[01m[Kint[m[K’ and ‘[01m[Kunsigned int[m[K’ [[01;35m[K-Wsign-compare[m[K]
[5.032s]  1215 |             if (([01;35m[Kdist_predict2 == 0xFFFFFE00[m[K) || (dist_predict2 == 0x1FF)) {
[5.032s]       |                  [01;35m[K~~~~~~~~~~~~~~^~~~~~~~~~~~~[m[K
[5.041s] [01m[K/home/karim/mako_robot/mako_ws/src/lidar_ros2/sdk/src/rplidar_driver.cpp:[m[K In member function ‘[01m[Kvirtual u_result rp::standalone::rplidar::RPlidarDriverImplCommon::getAllSupportedScanModes(std::vector<rp::standalone::rplidar::RplidarScanMode>&, _u32)[m[K’:
[5.042s] [01m[K/home/karim/mako_robot/mako_ws/src/lidar_ros2/sdk/src/rplidar_driver.cpp:1453:105:[m[K [01;35m[Kwarning: [m[Kunused parameter ‘[01m[KtimeoutInMs[m[K’ [[01;35m[K-Wunused-parameter[m[K]
[5.042s]  1453 | u_result RPlidarDriverImplCommon::getAllSupportedScanModes(std::vector<RplidarScanMode>& outModes, [01;35m[K_u32 timeoutInMs[m[K)
[5.042s]       |                                                                                                    [01;35m[K~~~~~^~~~~~~~~~~[m[K
[5.043s] [01m[K/home/karim/mako_robot/mako_ws/src/lidar_ros2/sdk/src/rplidar_driver.cpp:[m[K In member function ‘[01m[Kvirtual u_result rp::standalone::rplidar::RPlidarDriverImplCommon::startScan(bool, bool, _u32, rp::standalone::rplidar::RplidarScanMode*)[m[K’:
[5.043s] [01m[K/home/karim/mako_robot/mako_ws/src/lidar_ros2/sdk/src/rplidar_driver.cpp:1550:83:[m[K [01;35m[Kwarning: [m[Kunused parameter ‘[01m[Koptions[m[K’ [[01;35m[K-Wunused-parameter[m[K]
[5.044s]  1550 | u_result RPlidarDriverImplCommon::startScan(bool force, bool useTypicalScan, [01;35m[K_u32 options[m[K, RplidarScanMode* outUsedScanMode)
[5.044s]       |                                                                              [01;35m[K~~~~~^~~~~~~[m[K
[5.046s] [01m[K/home/karim/mako_robot/mako_ws/src/lidar_ros2/sdk/src/rplidar_driver.cpp:[m[K In member function ‘[01m[Kvirtual u_result rp::standalone::rplidar::RPlidarDriverImplCommon::stop(_u32)[m[K’:
[5.046s] [01m[K/home/karim/mako_robot/mako_ws/src/lidar_ros2/sdk/src/rplidar_driver.cpp:1774:45:[m[K [01;35m[Kwarning: [m[Kunused parameter ‘[01m[Ktimeout[m[K’ [[01;35m[K-Wunused-parameter[m[K]
[5.046s]  1774 | u_result RPlidarDriverImplCommon::stop([01;35m[K_u32 timeout[m[K)
[5.046s]       |                                        [01;35m[K~~~~~^~~~~~~[m[K
[5.052s] [01m[K/home/karim/mako_robot/mako_ws/src/lidar_ros2/sdk/src/rplidar_driver.cpp:[m[K In member function ‘[01m[Kvirtual u_result rp::standalone::rplidar::RPlidarDriverImplCommon::setLidarSpinSpeed(_u16, _u32)[m[K’:
[5.052s] [01m[K/home/karim/mako_robot/mako_ws/src/lidar_ros2/sdk/src/rplidar_driver.cpp:2162:68:[m[K [01;35m[Kwarning: [m[Kunused parameter ‘[01m[Ktimeout[m[K’ [[01;35m[K-Wunused-parameter[m[K]
[5.053s]  2162 | u_result RPlidarDriverImplCommon::setLidarSpinSpeed(_u16 rpm, [01;35m[K_u32 timeout[m[K)
[5.053s]       |                                                               [01;35m[K~~~~~^~~~~~~[m[K
[5.055s] [01m[K/home/karim/mako_robot/mako_ws/src/lidar_ros2/sdk/src/rplidar_driver.cpp:[m[K In member function ‘[01m[Kvirtual u_result rp::standalone::rplidar::RPlidarDriverSerial::connect(const char*, _u32, _u32)[m[K’:
[5.055s] [01m[K/home/karim/mako_robot/mako_ws/src/lidar_ros2/sdk/src/rplidar_driver.cpp:2240:83:[m[K [01;35m[Kwarning: [m[Kunused parameter ‘[01m[Kflag[m[K’ [[01;35m[K-Wunused-parameter[m[K]
[5.055s]  2240 | u_result RPlidarDriverSerial::connect(const char * port_path, _u32 baudrate, [01;35m[K_u32 flag[m[K)
[5.055s]       |                                                                              [01;35m[K~~~~~^~~~[m[K
[5.056s] [01m[K/home/karim/mako_robot/mako_ws/src/lidar_ros2/sdk/src/rplidar_driver.cpp:[m[K In member function ‘[01m[Kvirtual u_result rp::standalone::rplidar::RPlidarDriverTCP::connect(const char*, _u32, _u32)[m[K’:
[5.056s] [01m[K/home/karim/mako_robot/mako_ws/src/lidar_ros2/sdk/src/rplidar_driver.cpp:2282:72:[m[K [01;35m[Kwarning: [m[Kunused parameter ‘[01m[Kflag[m[K’ [[01;35m[K-Wunused-parameter[m[K]
[5.057s]  2282 | u_result RPlidarDriverTCP::connect(const char * ipStr, _u32 port, [01;35m[K_u32 flag[m[K)
[5.057s]       |                                                                   [01;35m[K~~~~~^~~~[m[K
[5.188s] [01m[K/home/karim/mako_robot/mako_ws/src/lidar_ros2/sdk/src/arch/linux/net_serial.cpp:[m[K In member function ‘[01m[Kbool rp::arch::net::raw_serial::open(const char*, uint32_t, uint32_t)[m[K’:
[5.189s] [01m[K/home/karim/mako_robot/mako_ws/src/lidar_ros2/sdk/src/arch/linux/net_serial.cpp:97:74:[m[K [01;35m[Kwarning: [m[Kunused parameter ‘[01m[Kflags[m[K’ [[01;35m[K-Wunused-parameter[m[K]
[5.189s]    97 | bool raw_serial::open(const char * portname, uint32_t baudrate, [01;35m[Kuint32_t flags[m[K)
[5.189s]       |                                                                 [01;35m[K~~~~~~~~~^~~~~[m[K
[5.198s] [01m[K/home/karim/mako_robot/mako_ws/src/lidar_ros2/sdk/src/arch/linux/net_serial.cpp:[m[K In member function ‘[01m[Kvirtual void rp::arch::net::raw_serial::flush(_u32)[m[K’:
[5.229s] [01m[K/home/karim/mako_robot/mako_ws/src/lidar_ros2/sdk/src/arch/linux/net_serial.cpp:281:30:[m[K [01;35m[Kwarning: [m[Kunused parameter ‘[01m[Kflags[m[K’ [[01;35m[K-Wunused-parameter[m[K]
[5.229s]   281 | void raw_serial::flush( [01;35m[K_u32 flags[m[K)
[5.229s]       |                         [01;35m[K~~~~~^~~~~[m[K
[5.229s] [01m[K/home/karim/mako_robot/mako_ws/src/lidar_ros2/sdk/src/arch/linux/net_serial.cpp:[m[K In member function ‘[01m[Kvirtual int rp::arch::net::raw_serial::waitforsent(_u32, size_t*)[m[K’:
[5.229s] [01m[K/home/karim/mako_robot/mako_ws/src/lidar_ros2/sdk/src/arch/linux/net_serial.cpp:286:34:[m[K [01;35m[Kwarning: [m[Kunused parameter ‘[01m[Ktimeout[m[K’ [[01;35m[K-Wunused-parameter[m[K]
[5.229s]   286 | int raw_serial::waitforsent([01;35m[K_u32 timeout[m[K, size_t * returned_size)
[5.229s]       |                             [01;35m[K~~~~~^~~~~~~[m[K
[5.229s] [01m[K/home/karim/mako_robot/mako_ws/src/lidar_ros2/sdk/src/arch/linux/net_serial.cpp:[m[K In member function ‘[01m[Kvirtual int rp::arch::net::raw_serial::waitforrecv(_u32, size_t*)[m[K’:
[5.229s] [01m[K/home/karim/mako_robot/mako_ws/src/lidar_ros2/sdk/src/arch/linux/net_serial.cpp:292:34:[m[K [01;35m[Kwarning: [m[Kunused parameter ‘[01m[Ktimeout[m[K’ [[01;35m[K-Wunused-parameter[m[K]
[5.230s]   292 | int raw_serial::waitforrecv([01;35m[K_u32 timeout[m[K, size_t * returned_size)
[5.230s]       |                             [01;35m[K~~~~~^~~~~~~[m[K
[5.360s] In file included from [01m[K/home/karim/mako_robot/mako_ws/src/lidar_ros2/./sdk/include/rplidar.h:39[m[K,
[5.360s]                  from [01m[K/home/karim/mako_robot/mako_ws/src/lidar_ros2/./sdk/src/sdkcommon.h:48[m[K,
[5.360s]                  from [01m[K/home/karim/mako_robot/mako_ws/src/lidar_ros2/sdk/src/arch/linux/net_socket.cpp:10[m[K:
[5.360s] [01m[K/home/karim/mako_robot/mako_ws/src/lidar_ros2/./sdk/include/rplidar_protocol.h:59:14:[m[K [01;35m[Kwarning: [m[KISO C++ forbids zero-size array ‘[01m[Kdata[m[K’ [[01;35m[K-Wpedantic[m[K]
[5.360s]    59 |     _u8 data[[01;35m[K0[m[K];
[5.361s]       |              [01;35m[K^[m[K
[5.362s] In file included from [01m[K/home/karim/mako_robot/mako_ws/src/lidar_ros2/./sdk/include/rplidar.h:40[m[K,
[5.362s]                  from [01m[K/home/karim/mako_robot/mako_ws/src/lidar_ros2/./sdk/src/sdkcommon.h:48[m[K,
[5.363s]                  from [01m[K/home/karim/mako_robot/mako_ws/src/lidar_ros2/sdk/src/arch/linux/net_socket.cpp:10[m[K:
[5.363s] [01m[K/home/karim/mako_robot/mako_ws/src/lidar_ros2/./sdk/include/rplidar_cmd.h:260:18:[m[K [01;35m[Kwarning: [m[KISO C++ forbids zero-size array ‘[01m[Kpayload[m[K’ [[01;35m[K-Wpedantic[m[K]
[5.363s]   260 |     _u8  payload[[01;35m[K0[m[K];
[5.363s]       |                  [01;35m[K^[m[K
[5.374s] [01m[K/home/karim/mako_robot/mako_ws/src/lidar_ros2/sdk/src/arch/linux/net_socket.cpp:[m[K In member function ‘[01m[Kvirtual u_result rp::net::SocketAddress::getAddressAsString(char*, size_t) const[m[K’:
[5.374s] [01m[K/home/karim/mako_robot/mako_ws/src/lidar_ros2/sdk/src/arch/linux/net_socket.cpp:170:17:[m[K [01;35m[Kwarning: [m[Kordered comparison of pointer with integer zero [[01;35m[K-Wextra[m[K]
[5.375s]   170 |     return ans<=[01;35m[K0[m[K?RESULT_OPERATION_FAIL:RESULT_OK;
[5.375s]       |                 [01;35m[K^[m[K
[5.385s] [01m[K/home/karim/mako_robot/mako_ws/src/lidar_ros2/sdk/src/arch/linux/net_socket.cpp:[m[K In member function ‘[01m[Kvirtual u_result rp::arch::net::StreamSocketImpl::send(const void*, size_t)[m[K’:
[5.385s] [01m[K/home/karim/mako_robot/mako_ws/src/lidar_ros2/sdk/src/arch/linux/net_socket.cpp:438:17:[m[K [01;35m[Kwarning: [m[Kcomparison of integer expressions of different signedness: ‘[01m[Ksize_t[m[K’ {aka ‘[01m[Klong unsigned int[m[K’} and ‘[01m[Kint[m[K’ [[01;35m[K-Wsign-compare[m[K]
[5.385s]   438 |         if ([01;35m[Kans == (int)len[m[K) {
[5.385s]       |             [01;35m[K~~~~^~~~~~~~~~~[m[K
[5.391s] In file included from [01m[K/home/karim/mako_robot/mako_ws/src/lidar_ros2/./sdk/src/arch/linux/arch_linux.h:42[m[K,
[5.392s]                  from [01m[K/home/karim/mako_robot/mako_ws/src/lidar_ros2/./sdk/src/sdkcommon.h:40[m[K,
[5.392s]                  from [01m[K/home/karim/mako_robot/mako_ws/src/lidar_ros2/sdk/src/arch/linux/net_socket.cpp:10[m[K:
[5.392s] [01m[K/home/karim/mako_robot/mako_ws/src/lidar_ros2/sdk/src/arch/linux/net_socket.cpp:[m[K In member function ‘[01m[Kvirtual u_result rp::arch::net::DGramSocketImpl::sendTo(const rp::net::SocketAddress&, const void*, size_t)[m[K’:
[5.392s] [01m[K/home/karim/mako_robot/mako_ws/src/lidar_ros2/sdk/src/arch/linux/net_socket.cpp:726:24:[m[K [01;35m[Kwarning: [m[Kcomparison of integer expressions of different signedness: ‘[01m[Ksize_t[m[K’ {aka ‘[01m[Klong unsigned int[m[K’} and ‘[01m[Kint[m[K’ [[01;35m[K-Wsign-compare[m[K]
[5.392s]   726 |             assert([01;35m[Kans == (int)len[m[K);
[5.393s]       |                    [01;35m[K~~~~^~~~~~~~~~~[m[K
[5.455s] [ 61%] [32mBuilding CXX object CMakeFiles/rplidar_composition_node.dir/sdk/src/arch/linux/timer.cpp.o[0m
[5.736s] [ 66%] [32mBuilding CXX object CMakeFiles/rplidar_composition_node.dir/sdk/src/hal/thread.cpp.o[0m
[5.793s] [ 72%] [32mBuilding CXX object CMakeFiles/rplidar_composition_node.dir/sdk/src/rplidar_driver.cpp.o[0m
[5.978s] In file included from [01m[K/home/karim/mako_robot/mako_ws/src/lidar_ros2/./sdk/include/rplidar.h:39[m[K,
[5.979s]                  from [01m[K/home/karim/mako_robot/mako_ws/src/lidar_ros2/src/node.cpp:45[m[K:
[5.980s] [01m[K/home/karim/mako_robot/mako_ws/src/lidar_ros2/./sdk/include/rplidar_protocol.h:59:14:[m[K [01;35m[Kwarning: [m[KISO C++ forbids zero-size array ‘[01m[Kdata[m[K’ [[01;35m[K-Wpedantic[m[K]
[5.980s]    59 |     _u8 data[[01;35m[K0[m[K];
[5.980s]       |              [01;35m[K^[m[K
[5.980s] In file included from [01m[K/home/karim/mako_robot/mako_ws/src/lidar_ros2/./sdk/include/rplidar.h:40[m[K,
[5.980s]                  from [01m[K/home/karim/mako_robot/mako_ws/src/lidar_ros2/src/node.cpp:45[m[K:
[5.980s] [01m[K/home/karim/mako_robot/mako_ws/src/lidar_ros2/./sdk/include/rplidar_cmd.h:260:18:[m[K [01;35m[Kwarning: [m[KISO C++ forbids zero-size array ‘[01m[Kpayload[m[K’ [[01;35m[K-Wpedantic[m[K]
[5.980s]   260 |     _u8  payload[[01;35m[K0[m[K];
[5.981s]       |                  [01;35m[K^[m[K
[6.059s] [01m[K/home/karim/mako_robot/mako_ws/src/lidar_ros2/src/node.cpp:[m[K In function ‘[01m[Kbool stop_motor(std::shared_ptr<std_srvs::srv::Empty_Request_<std::allocator<void> > >, std::shared_ptr<std_srvs::srv::Empty_Response_<std::allocator<void> > >)[m[K’:
[6.059s] [01m[K/home/karim/mako_robot/mako_ws/src/lidar_ros2/src/node.cpp:166:70:[m[K [01;35m[Kwarning: [m[Kunused parameter ‘[01m[Kreq[m[K’ [[01;35m[K-Wunused-parameter[m[K]
[6.059s]   166 | bool stop_motor([01;35m[Kconst std::shared_ptr<std_srvs::srv::Empty::Request> req[m[K,
[6.059s]       |                 [01;35m[K~~~~~~~~~~~~~~~~~~~~~~~~~~~~~~~~~~~~~~~~~~~~~~~~~~~~~^~~[m[K
[6.060s] [01m[K/home/karim/mako_robot/mako_ws/src/lidar_ros2/src/node.cpp:167:65:[m[K [01;35m[Kwarning: [m[Kunused parameter ‘[01m[Kres[m[K’ [[01;35m[K-Wunused-parameter[m[K]
[6.072s]   167 |                 [01;35m[Kstd::shared_ptr<std_srvs::srv::Empty::Response> res[m[K)
[6.072s]       |                 [01;35m[K~~~~~~~~~~~~~~~~~~~~~~~~~~~~~~~~~~~~~~~~~~~~~~~~^~~[m[K
[6.094s] [01m[K/home/karim/mako_robot/mako_ws/src/lidar_ros2/src/node.cpp:[m[K In function ‘[01m[Kbool start_motor(std::shared_ptr<std_srvs::srv::Empty_Request_<std::allocator<void> > >, std::shared_ptr<std_srvs::srv::Empty_Response_<std::allocator<void> > >)[m[K’:
[6.094s] [01m[K/home/karim/mako_robot/mako_ws/src/lidar_ros2/src/node.cpp:178:71:[m[K [01;35m[Kwarning: [m[Kunused parameter ‘[01m[Kreq[m[K’ [[01;35m[K-Wunused-parameter[m[K]
[6.094s]   178 | bool start_motor([01;35m[Kconst std::shared_ptr<std_srvs::srv::Empty::Request> req[m[K,
[6.094s]       |                  [01;35m[K~~~~~~~~~~~~~~~~~~~~~~~~~~~~~~~~~~~~~~~~~~~~~~~~~~~~~^~~[m[K
[6.094s] [01m[K/home/karim/mako_robot/mako_ws/src/lidar_ros2/src/node.cpp:179:66:[m[K [01;35m[Kwarning: [m[Kunused parameter ‘[01m[Kres[m[K’ [[01;35m[K-Wunused-parameter[m[K]
[6.094s]   179 |                  [01;35m[Kstd::shared_ptr<std_srvs::srv::Empty::Response> res[m[K)
[6.106s]       |                  [01;35m[K~~~~~~~~~~~~~~~~~~~~~~~~~~~~~~~~~~~~~~~~~~~~~~~~^~~[m[K
[6.115s] In file included from [01m[K/home/karim/mako_robot/mako_ws/src/lidar_ros2/./sdk/include/rplidar.h:39[m[K,
[6.115s]                  from [01m[K/home/karim/mako_robot/mako_ws/src/lidar_ros2/include/rplidar_node.hpp:41[m[K,
[6.115s]                  from [01m[K/home/karim/mako_robot/mako_ws/src/lidar_ros2/src/rplidar_node.cpp:36[m[K:
[6.115s] [01m[K/home/karim/mako_robot/mako_ws/src/lidar_ros2/./sdk/include/rplidar_protocol.h:59:14:[m[K [01;35m[Kwarning: [m[KISO C++ forbids zero-size array ‘[01m[Kdata[m[K’ [[01;35m[K-Wpedantic[m[K]
[6.116s]    59 |     _u8 data[[01;35m[K0[m[K];
[6.116s]       |              [01;35m[K^[m[K
[6.116s] In file included from [01m[K/home/karim/mako_robot/mako_ws/src/lidar_ros2/./sdk/include/rplidar.h:40[m[K,
[6.116s]                  from [01m[K/home/karim/mako_robot/mako_ws/src/lidar_ros2/include/rplidar_node.hpp:41[m[K,
[6.116s]                  from [01m[K/home/karim/mako_robot/mako_ws/src/lidar_ros2/src/rplidar_node.cpp:36[m[K:
[6.117s] [01m[K/home/karim/mako_robot/mako_ws/src/lidar_ros2/./sdk/include/rplidar_cmd.h:260:18:[m[K [01;35m[Kwarning: [m[KISO C++ forbids zero-size array ‘[01m[Kpayload[m[K’ [[01;35m[K-Wpedantic[m[K]
[6.117s]   260 |     _u8  payload[[01;35m[K0[m[K];
[6.117s]       |                  [01;35m[K^[m[K
[6.122s] [01m[K/home/karim/mako_robot/mako_ws/src/lidar_ros2/src/node.cpp:[m[K In function ‘[01m[Kint main(int, char**)[m[K’:
[6.122s] [01m[K/home/karim/mako_robot/mako_ws/src/lidar_ros2/src/node.cpp:356:60:[m[K [01;35m[Kwarning: [m[KISO C++ forbids variable length array ‘[01m[Kangle_compensate_nodes[m[K’ [[01;35m[K-Wvla[m[K]
[6.122s]   356 |                     rplidar_response_measurement_node_hq_t [01;35m[Kangle_compensate_nodes[m[K[angle_compensate_nodes_count];
[6.122s]       |                                                            [01;35m[K^~~~~~~~~~~~~~~~~~~~~~[m[K
[6.122s] [01m[K/home/karim/mako_robot/mako_ws/src/lidar_ros2/src/node.cpp:360:30:[m[K [01;35m[Kwarning: [m[Kcomparison of integer expressions of different signedness: ‘[01m[Kint[m[K’ and ‘[01m[Ksize_t[m[K’ {aka ‘[01m[Klong unsigned int[m[K’} [[01;35m[K-Wsign-compare[m[K]
[6.122s]   360 |                     for( ; [01;35m[Ki < count[m[K; i++ ) {
[6.122s]       |                            [01;35m[K~~^~~~~~~[m[K
[6.258s] [01m[K/home/karim/mako_robot/mako_ws/src/lidar_ros2/src/rplidar_node.cpp:[m[K In member function ‘[01m[Kvoid rplidar_ros::rplidar_node::stop_motor({anonymous}::EmptyRequest, {anonymous}::EmptyResponse)[m[K’:
[6.259s] [01m[K/home/karim/mako_robot/mako_ws/src/lidar_ros2/src/rplidar_node.cpp:245:50:[m[K [01;35m[Kwarning: [m[Kunused parameter ‘[01m[Kreq[m[K’ [[01;35m[K-Wunused-parameter[m[K]
[6.259s]   245 | void rplidar_node::stop_motor([01;35m[Kconst EmptyRequest req[m[K, EmptyResponse res)
[6.259s]       |                               [01;35m[K~~~~~~~~~~~~~~~~~~~^~~[m[K
[6.259s] [01m[K/home/karim/mako_robot/mako_ws/src/lidar_ros2/src/rplidar_node.cpp:245:69:[m[K [01;35m[Kwarning: [m[Kunused parameter ‘[01m[Kres[m[K’ [[01;35m[K-Wunused-parameter[m[K]
[6.259s]   245 | void rplidar_node::stop_motor(const EmptyRequest req, [01;35m[KEmptyResponse res[m[K)
[6.259s]       |                                                       [01;35m[K~~~~~~~~~~~~~~^~~[m[K
[6.261s] [01m[K/home/karim/mako_robot/mako_ws/src/lidar_ros2/src/rplidar_node.cpp:[m[K In member function ‘[01m[Kvoid rplidar_ros::rplidar_node::start_motor({anonymous}::EmptyRequest, {anonymous}::EmptyResponse)[m[K’:
[6.261s] [01m[K/home/karim/mako_robot/mako_ws/src/lidar_ros2/src/rplidar_node.cpp:256:51:[m[K [01;35m[Kwarning: [m[Kunused parameter ‘[01m[Kreq[m[K’ [[01;35m[K-Wunused-parameter[m[K]
[6.261s]   256 | void rplidar_node::start_motor([01;35m[Kconst EmptyRequest req[m[K, EmptyResponse res)
[6.261s]       |                                [01;35m[K~~~~~~~~~~~~~~~~~~~^~~[m[K
[6.261s] [01m[K/home/karim/mako_robot/mako_ws/src/lidar_ros2/src/rplidar_node.cpp:256:70:[m[K [01;35m[Kwarning: [m[Kunused parameter ‘[01m[Kres[m[K’ [[01;35m[K-Wunused-parameter[m[K]
[6.261s]   256 | void rplidar_node::start_motor(const EmptyRequest req, [01;35m[KEmptyResponse res[m[K)
[6.261s]       |                                                        [01;35m[K~~~~~~~~~~~~~~^~~[m[K
[6.282s] [01m[K/home/karim/mako_robot/mako_ws/src/lidar_ros2/src/rplidar_node.cpp:[m[K In member function ‘[01m[Kvoid rplidar_ros::rplidar_node::publish_loop()[m[K’:
[6.282s] [01m[K/home/karim/mako_robot/mako_ws/src/lidar_ros2/src/rplidar_node.cpp:343:46:[m[K [01;35m[Kwarning: [m[KISO C++ forbids variable length array ‘[01m[Kangle_compensate_nodes[m[K’ [[01;35m[K-Wvla[m[K]
[6.283s]   343 |       rplidar_response_measurement_node_hq_t [01;35m[Kangle_compensate_nodes[m[K[angle_compensate_nodes_count];
[6.283s]       |                                              [01;35m[K^~~~~~~~~~~~~~~~~~~~~~[m[K
[6.283s] [01m[K/home/karim/mako_robot/mako_ws/src/lidar_ros2/src/rplidar_node.cpp:353:25:[m[K [01;35m[Kwarning: [m[Kcomparison of integer expressions of different signedness: ‘[01m[Ksize_t[m[K’ {aka ‘[01m[Klong unsigned int[m[K’} and ‘[01m[Kint[m[K’ [[01;35m[K-Wsign-compare[m[K]
[6.284s]   353 |           for (j = 0; [01;35m[Kj < m_angle_compensate_multiple[m[K; j++) {
[6.284s]       |                       [01;35m[K~~^~~~~~~~~~~~~~~~~~~~~~~~~~~~~[m[K
[6.285s] [01m[K/home/karim/mako_robot/mako_ws/src/lidar_ros2/src/rplidar_node.cpp:374:44:[m[K [01;35m[Kwarning: [m[Kcomparison of integer expressions of different signedness: ‘[01m[Ksize_t[m[K’ {aka ‘[01m[Klong unsigned int[m[K’} and ‘[01m[Kint[m[K’ [[01;35m[K-Wsign-compare[m[K]
[6.285s]   374 |       for (size_t x = start_node, y = 0; [01;35m[Kx < end_node[m[K; ++x, ++y) {
[6.285s]       |                                          [01;35m[K~~^~~~~~~~~~[m[K
[6.285s] [01m[K/home/karim/mako_robot/mako_ws/src/lidar_ros2/src/rplidar_node.cpp:381:11:[m[K [01;35m[Kwarning: [m[Kunused variable ‘[01m[Kangle_min[m[K’ [[01;35m[K-Wunused-variable[m[K]
[6.285s]   381 |     float [01;35m[Kangle_min[m[K = deg_2_rad(0.0f);
[6.286s]       |           [01;35m[K^~~~~~~~~[m[K
[6.286s] [01m[K/home/karim/mako_robot/mako_ws/src/lidar_ros2/src/rplidar_node.cpp:382:11:[m[K [01;35m[Kwarning: [m[Kunused variable ‘[01m[Kangle_max[m[K’ [[01;35m[K-Wunused-variable[m[K]
[6.286s]   382 |     float [01;35m[Kangle_max[m[K = deg_2_rad(359.0f);
[6.286s]       |           [01;35m[K^~~~~~~~~[m[K
[6.369s] In file included from [01m[K/home/karim/mako_robot/mako_ws/src/lidar_ros2/./sdk/include/rplidar.h:39[m[K,
[6.370s]                  from [01m[K/home/karim/mako_robot/mako_ws/src/lidar_ros2/sdk/src/sdkcommon.h:48[m[K,
[6.370s]                  from [01m[K/home/karim/mako_robot/mako_ws/src/lidar_ros2/sdk/src/rplidar_driver.cpp:35[m[K:
[6.371s] [01m[K/home/karim/mako_robot/mako_ws/src/lidar_ros2/./sdk/include/rplidar_protocol.h:59:14:[m[K [01;35m[Kwarning: [m[KISO C++ forbids zero-size array ‘[01m[Kdata[m[K’ [[01;35m[K-Wpedantic[m[K]
[6.371s]    59 |     _u8 data[[01;35m[K0[m[K];
[6.371s]       |              [01;35m[K^[m[K
[6.371s] In file included from [01m[K/home/karim/mako_robot/mako_ws/src/lidar_ros2/./sdk/include/rplidar.h:40[m[K,
[6.371s]                  from [01m[K/home/karim/mako_robot/mako_ws/src/lidar_ros2/sdk/src/sdkcommon.h:48[m[K,
[6.371s]                  from [01m[K/home/karim/mako_robot/mako_ws/src/lidar_ros2/sdk/src/rplidar_driver.cpp:35[m[K:
[6.371s] [01m[K/home/karim/mako_robot/mako_ws/src/lidar_ros2/./sdk/include/rplidar_cmd.h:260:18:[m[K [01;35m[Kwarning: [m[KISO C++ forbids zero-size array ‘[01m[Kpayload[m[K’ [[01;35m[K-Wpedantic[m[K]
[6.371s]   260 |     _u8  payload[[01;35m[K0[m[K];
[6.372s]       |                  [01;35m[K^[m[K
[6.377s] In file included from [01m[K/home/karim/mako_robot/mako_ws/src/lidar_ros2/./sdk/include/rplidar.h:39[m[K,
[6.377s]                  from [01m[K/home/karim/mako_robot/mako_ws/src/lidar_ros2/./sdk/src/sdkcommon.h:48[m[K,
[6.377s]                  from [01m[K/home/karim/mako_robot/mako_ws/src/lidar_ros2/sdk/src/hal/thread.cpp:35[m[K:
[6.377s] [01m[K/home/karim/mako_robot/mako_ws/src/lidar_ros2/./sdk/include/rplidar_protocol.h:59:14:[m[K [01;35m[Kwarning: [m[KISO C++ forbids zero-size array ‘[01m[Kdata[m[K’ [[01;35m[K-Wpedantic[m[K]
[6.377s]    59 |     _u8 data[[01;35m[K0[m[K];
[6.377s]       |              [01;35m[K^[m[K
[6.378s] In file included from [01m[K/home/karim/mako_robot/mako_ws/src/lidar_ros2/./sdk/include/rplidar.h:40[m[K,
[6.378s]                  from [01m[K/home/karim/mako_robot/mako_ws/src/lidar_ros2/./sdk/src/sdkcommon.h:48[m[K,
[6.378s]                  from [01m[K/home/karim/mako_robot/mako_ws/src/lidar_ros2/sdk/src/hal/thread.cpp:35[m[K:
[6.378s] [01m[K/home/karim/mako_robot/mako_ws/src/lidar_ros2/./sdk/include/rplidar_cmd.h:260:18:[m[K [01;35m[Kwarning: [m[KISO C++ forbids zero-size array ‘[01m[Kpayload[m[K’ [[01;35m[K-Wpedantic[m[K]
[6.378s]   260 |     _u8  payload[[01;35m[K0[m[K];
[6.378s]       |                  [01;35m[K^[m[K
[6.380s] In file included from [01m[K/home/karim/mako_robot/mako_ws/src/lidar_ros2/sdk/src/hal/thread.cpp:43[m[K:
[6.380s] [01m[K/home/karim/mako_robot/mako_ws/src/lidar_ros2/./sdk/src/arch/linux/thread.hpp:[m[K In static member function ‘[01m[Kstatic rp::hal::Thread rp::hal::Thread::create(thread_proc_t, void*)[m[K’:
[6.381s] [01m[K/home/karim/mako_robot/mako_ws/src/lidar_ros2/./sdk/src/arch/linux/thread.hpp:48:77:[m[K [01;35m[Kwarning: [m[Kcast between incompatible function types from ‘[01m[Kthread_proc_t[m[K’ {aka ‘[01m[Klong unsigned int (*)(void*)[m[K’} to ‘[01m[Kvoid* (*)(void*)[m[K’ [[01;35m[K-Wcast-function-type[m[K]
[6.381s]    48 |     pthread_create((pthread_t *)&newborn._handle, NULL, (void * (*)(void *))[01;35m[Kproc[m[K, data);
[6.381s]       |                                                                             [01;35m[K^~~~[m[K
[6.382s] [01m[K/home/karim/mako_robot/mako_ws/src/lidar_ros2/./sdk/src/arch/linux/thread.hpp:[m[K In member function ‘[01m[Ku_result rp::hal::Thread::join(long unsigned int)[m[K’:
[6.382s] [01m[K/home/karim/mako_robot/mako_ws/src/lidar_ros2/./sdk/src/arch/linux/thread.hpp:129:37:[m[K [01;35m[Kwarning: [m[Kunused parameter ‘[01m[Ktimeout[m[K’ [[01;35m[K-Wunused-parameter[m[K]
[6.382s]   129 | u_result Thread::join([01;35m[Kunsigned long timeout[m[K)
[6.382s]       |                       [01;35m[K~~~~~~~~~~~~~~^~~~~~~[m[K
[6.577s] [01m[K/home/karim/mako_robot/mako_ws/src/lidar_ros2/sdk/src/rplidar_driver.cpp:[m[K In member function ‘[01m[Kvirtual u_result rp::standalone::rplidar::RPlidarDriverImplCommon::reset(_u32)[m[K’:
[6.578s] [01m[K/home/karim/mako_robot/mako_ws/src/lidar_ros2/sdk/src/rplidar_driver.cpp:121:46:[m[K [01;35m[Kwarning: [m[Kunused parameter ‘[01m[Ktimeout[m[K’ [[01;35m[K-Wunused-parameter[m[K]
[6.578s]   121 | u_result RPlidarDriverImplCommon::reset([01;35m[K_u32 timeout[m[K)
[6.578s]       |                                         [01;35m[K~~~~~^~~~~~~[m[K
[6.579s] [01m[K/home/karim/mako_robot/mako_ws/src/lidar_ros2/sdk/src/rplidar_driver.cpp:[m[K In member function ‘[01m[Kvirtual u_result rp::standalone::rplidar::RPlidarDriverImplCommon::checkIfTofLidar(bool&, _u32)[m[K’:
[6.579s] [01m[K/home/karim/mako_robot/mako_ws/src/lidar_ros2/sdk/src/rplidar_driver.cpp:274:75:[m[K [01;35m[Kwarning: [m[Kunused parameter ‘[01m[Ktimeout[m[K’ [[01;35m[K-Wunused-parameter[m[K]
[6.579s]   274 | u_result RPlidarDriverImplCommon::checkIfTofLidar(bool & isTofLidar, [01;35m[K_u32 timeout[m[K)
[6.580s]       |                                                                      [01;35m[K~~~~~^~~~~~~[m[K
[6.590s] [01m[K/home/karim/mako_robot/mako_ws/src/lidar_ros2/sdk/src/rplidar_driver.cpp:[m[K In member function ‘[01m[Kvirtual void rp::standalone::rplidar::RPlidarDriverImplCommon::_dense_capsuleToNormal(const rplidar_response_capsule_measurement_nodes_t&, rplidar_response_measurement_node_hq_t*, size_t&)[m[K’:
[6.590s] [01m[K/home/karim/mako_robot/mako_ws/src/lidar_ros2/sdk/src/rplidar_driver.cpp:872:108:[m[K [01;35m[Kwarning: [m[Ktype qualifiers ignored on cast result type [[01;35m[K-Wignored-qualifiers[m[K]
[6.590s]   872 |             const int dist = static_cast<const int>(_cached_previous_dense_capsuledata.cabins[pos].distance[01;35m[K)[m[K;
[6.590s]       |                                                                                                            [01;35m[K^[m[K
[6.592s] [01m[K/home/karim/mako_robot/mako_ws/src/lidar_ros2/sdk/src/rplidar_driver.cpp:[m[K In function ‘[01m[K_u32 rp::standalone::rplidar::_crc32cal(_u32, void*, _u16)[m[K’:
[6.592s] [01m[K/home/karim/mako_robot/mako_ws/src/lidar_ros2/sdk/src/rplidar_driver.cpp:996:23:[m[K [01;35m[Kwarning: [m[Ksuggest parentheses around ‘[01m[K-[m[K’ in operand of ‘[01m[K&[m[K’ [[01;35m[K-Wparentheses[m[K]
[6.592s]   996 |     _u8 leftBytes = [01;35m[K4 - len[m[K & 0x3;
[6.592s]       |                     [01;35m[K~~^~~~~[m[K
[6.595s] [01m[K/home/karim/mako_robot/mako_ws/src/lidar_ros2/sdk/src/rplidar_driver.cpp:[m[K In member function ‘[01m[Kvirtual void rp::standalone::rplidar::RPlidarDriverImplCommon::_ultraCapsuleToNormal(const rplidar_response_ultra_capsule_measurement_nodes_t&, rplidar_response_measurement_node_hq_t*, size_t&)[m[K’:
[6.595s] [01m[K/home/karim/mako_robot/mako_ws/src/lidar_ros2/sdk/src/rplidar_driver.cpp:1207:32:[m[K [01;35m[Kwarning: [m[Kcomparison of integer expressions of different signedness: ‘[01m[Kint[m[K’ and ‘[01m[Kunsigned int[m[K’ [[01;35m[K-Wsign-compare[m[K]
[6.595s]  1207 |             if (([01;35m[Kdist_predict1 == 0xFFFFFE00[m[K) || (dist_predict1 == 0x1FF)) {
[6.595s]       |                  [01;35m[K~~~~~~~~~~~~~~^~~~~~~~~~~~~[m[K
[6.596s] [01m[K/home/karim/mako_robot/mako_ws/src/lidar_ros2/sdk/src/rplidar_driver.cpp:1215:32:[m[K [01;35m[Kwarning: [m[Kcomparison of integer expressions of different signedness: ‘[01m[Kint[m[K’ and ‘[01m[Kunsigned int[m[K’ [[01;35m[K-Wsign-compare[m[K]
[6.596s]  1215 |             if (([01;35m[Kdist_predict2 == 0xFFFFFE00[m[K) || (dist_predict2 == 0x1FF)) {
[6.596s]       |                  [01;35m[K~~~~~~~~~~~~~~^~~~~~~~~~~~~[m[K
[6.605s] [01m[K/home/karim/mako_robot/mako_ws/src/lidar_ros2/sdk/src/rplidar_driver.cpp:[m[K In member function ‘[01m[Kvirtual u_result rp::standalone::rplidar::RPlidarDriverImplCommon::getAllSupportedScanModes(std::vector<rp::standalone::rplidar::RplidarScanMode>&, _u32)[m[K’:
[6.605s] [01m[K/home/karim/mako_robot/mako_ws/src/lidar_ros2/sdk/src/rplidar_driver.cpp:1453:105:[m[K [01;35m[Kwarning: [m[Kunused parameter ‘[01m[KtimeoutInMs[m[K’ [[01;35m[K-Wunused-parameter[m[K]
[6.605s]  1453 | u_result RPlidarDriverImplCommon::getAllSupportedScanModes(std::vector<RplidarScanMode>& outModes, [01;35m[K_u32 timeoutInMs[m[K)
[6.605s]       |                                                                                                    [01;35m[K~~~~~^~~~~~~~~~~[m[K
[6.606s] [01m[K/home/karim/mako_robot/mako_ws/src/lidar_ros2/sdk/src/rplidar_driver.cpp:[m[K In member function ‘[01m[Kvirtual u_result rp::standalone::rplidar::RPlidarDriverImplCommon::startScan(bool, bool, _u32, rp::standalone::rplidar::RplidarScanMode*)[m[K’:
[6.607s] [01m[K/home/karim/mako_robot/mako_ws/src/lidar_ros2/sdk/src/rplidar_driver.cpp:1550:83:[m[K [01;35m[Kwarning: [m[Kunused parameter ‘[01m[Koptions[m[K’ [[01;35m[K-Wunused-parameter[m[K]
[6.607s]  1550 | u_result RPlidarDriverImplCommon::startScan(bool force, bool useTypicalScan, [01;35m[K_u32 options[m[K, RplidarScanMode* outUsedScanMode)
[6.607s]       |                                                                              [01;35m[K~~~~~^~~~~~~[m[K
[6.608s] [01m[K/home/karim/mako_robot/mako_ws/src/lidar_ros2/sdk/src/rplidar_driver.cpp:[m[K In member function ‘[01m[Kvirtual u_result rp::standalone::rplidar::RPlidarDriverImplCommon::stop(_u32)[m[K’:
[6.608s] [01m[K/home/karim/mako_robot/mako_ws/src/lidar_ros2/sdk/src/rplidar_driver.cpp:1774:45:[m[K [01;35m[Kwarning: [m[Kunused parameter ‘[01m[Ktimeout[m[K’ [[01;35m[K-Wunused-parameter[m[K]
[6.608s]  1774 | u_result RPlidarDriverImplCommon::stop([01;35m[K_u32 timeout[m[K)
[6.608s]       |                                        [01;35m[K~~~~~^~~~~~~[m[K
[6.613s] [01m[K/home/karim/mako_robot/mako_ws/src/lidar_ros2/sdk/src/rplidar_driver.cpp:[m[K In member function ‘[01m[Kvirtual u_result rp::standalone::rplidar::RPlidarDriverImplCommon::setLidarSpinSpeed(_u16, _u32)[m[K’:
[6.613s] [01m[K/home/karim/mako_robot/mako_ws/src/lidar_ros2/sdk/src/rplidar_driver.cpp:2162:68:[m[K [01;35m[Kwarning: [m[Kunused parameter ‘[01m[Ktimeout[m[K’ [[01;35m[K-Wunused-parameter[m[K]
[6.613s]  2162 | u_result RPlidarDriverImplCommon::setLidarSpinSpeed(_u16 rpm, [01;35m[K_u32 timeout[m[K)
[6.613s]       |                                                               [01;35m[K~~~~~^~~~~~~[m[K
[6.614s] [01m[K/home/karim/mako_robot/mako_ws/src/lidar_ros2/sdk/src/rplidar_driver.cpp:[m[K In member function ‘[01m[Kvirtual u_result rp::standalone::rplidar::RPlidarDriverSerial::connect(const char*, _u32, _u32)[m[K’:
[6.614s] [01m[K/home/karim/mako_robot/mako_ws/src/lidar_ros2/sdk/src/rplidar_driver.cpp:2240:83:[m[K [01;35m[Kwarning: [m[Kunused parameter ‘[01m[Kflag[m[K’ [[01;35m[K-Wunused-parameter[m[K]
[6.614s]  2240 | u_result RPlidarDriverSerial::connect(const char * port_path, _u32 baudrate, [01;35m[K_u32 flag[m[K)
[6.614s]       |                                                                              [01;35m[K~~~~~^~~~[m[K
[6.615s] [01m[K/home/karim/mako_robot/mako_ws/src/lidar_ros2/sdk/src/rplidar_driver.cpp:[m[K In member function ‘[01m[Kvirtual u_result rp::standalone::rplidar::RPlidarDriverTCP::connect(const char*, _u32, _u32)[m[K’:
[6.615s] [01m[K/home/karim/mako_robot/mako_ws/src/lidar_ros2/sdk/src/rplidar_driver.cpp:2282:72:[m[K [01;35m[Kwarning: [m[Kunused parameter ‘[01m[Kflag[m[K’ [[01;35m[K-Wunused-parameter[m[K]
[6.615s]  2282 | u_result RPlidarDriverTCP::connect(const char * ipStr, _u32 port, [01;35m[K_u32 flag[m[K)
[6.615s]       |                                                                   [01;35m[K~~~~~^~~~[m[K
[9.360s] [ 77%] [32m[1mLinking CXX executable rplidarNode[0m
[9.699s] [ 77%] Built target rplidarNode
[10.055s] [ 83%] [32m[1mLinking CXX shared library librplidar_composition_node.so[0m
[10.458s] [ 83%] Built target rplidar_composition_node
[10.480s] [35m[1mScanning dependencies of target rplidar_composition[0m
[10.539s] [ 88%] [32mBuilding CXX object CMakeFiles/rplidar_composition.dir/src/standalone_rplidar.cpp.o[0m
[10.708s] In file included from [01m[K/home/karim/mako_robot/mako_ws/src/lidar_ros2/src/standalone_rplidar.cpp:16[m[K:
[10.708s] [01m[K/home/karim/mako_robot/mako_ws/src/lidar_ros2/include/rplidar_node.hpp:50:[m[K [01;35m[Kwarning: [m[K"M_PI" redefined
[10.708s]    50 | #define M_PI 3.1415926535897932384626433832795
[10.709s]       | 
[10.709s] In file included from [01m[K/usr/include/c++/9/cmath:45[m[K,
[10.709s]                  from [01m[K/opt/ros/foxy/include/libstatistics_collector/moving_average_statistics/types.hpp:18[m[K,
[10.709s]                  from [01m[K/opt/ros/foxy/include/libstatistics_collector/collector/generate_statistics_message.hpp:24[m[K,
[10.709s]                  from [01m[K/opt/ros/foxy/include/rclcpp/topic_statistics/subscription_topic_statistics.hpp:23[m[K,
[10.709s]                  from [01m[K/opt/ros/foxy/include/rclcpp/subscription.hpp:50[m[K,
[10.709s]                  from [01m[K/opt/ros/foxy/include/rclcpp/any_executable.hpp:25[m[K,
[10.709s]                  from [01m[K/opt/ros/foxy/include/rclcpp/memory_strategy.hpp:24[m[K,
[10.710s]                  from [01m[K/opt/ros/foxy/include/rclcpp/memory_strategies.hpp:18[m[K,
[10.710s]                  from [01m[K/opt/ros/foxy/include/rclcpp/executor_options.hpp:20[m[K,
[10.710s]                  from [01m[K/opt/ros/foxy/include/rclcpp/executor.hpp:33[m[K,
[10.710s]                  from [01m[K/opt/ros/foxy/include/rclcpp/executors/multi_threaded_executor.hpp:25[m[K,
[10.710s]                  from [01m[K/opt/ros/foxy/include/rclcpp/executors.hpp:21[m[K,
[10.710s]                  from [01m[K/opt/ros/foxy/include/rclcpp/rclcpp.hpp:146[m[K,
[10.710s]                  from [01m[K/home/karim/mako_robot/mako_ws/src/lidar_ros2/include/rplidar_node.hpp:34[m[K,
[10.710s]                  from [01m[K/home/karim/mako_robot/mako_ws/src/lidar_ros2/src/standalone_rplidar.cpp:16[m[K:
[10.710s] [01m[K/usr/include/math.h:1070:[m[K [01;36m[Knote: [m[Kthis is the location of the previous definition
[10.711s]  1070 | # define M_PI  3.14159265358979323846 /* pi */
[10.711s]       | 
[11.416s] [ 94%] [32m[1mLinking CXX executable rplidarNodeClient[0m
[11.810s] [ 94%] Built target rplidarNodeClient
[12.734s] In file included from [01m[K/home/karim/mako_robot/mako_ws/src/lidar_ros2/./sdk/include/rplidar.h:39[m[K,
[12.734s]                  from [01m[K/home/karim/mako_robot/mako_ws/src/lidar_ros2/include/rplidar_node.hpp:41[m[K,
[12.734s]                  from [01m[K/home/karim/mako_robot/mako_ws/src/lidar_ros2/src/standalone_rplidar.cpp:16[m[K:
[12.734s] [01m[K/home/karim/mako_robot/mako_ws/src/lidar_ros2/./sdk/include/rplidar_protocol.h:59:14:[m[K [01;35m[Kwarning: [m[KISO C++ forbids zero-size array ‘[01m[Kdata[m[K’ [[01;35m[K-Wpedantic[m[K]
[12.735s]    59 |     _u8 data[[01;35m[K0[m[K];
[12.735s]       |              [01;35m[K^[m[K
[12.735s] In file included from [01m[K/home/karim/mako_robot/mako_ws/src/lidar_ros2/./sdk/include/rplidar.h:40[m[K,
[12.735s]                  from [01m[K/home/karim/mako_robot/mako_ws/src/lidar_ros2/include/rplidar_node.hpp:41[m[K,
[12.735s]                  from [01m[K/home/karim/mako_robot/mako_ws/src/lidar_ros2/src/standalone_rplidar.cpp:16[m[K:
[12.735s] [01m[K/home/karim/mako_robot/mako_ws/src/lidar_ros2/./sdk/include/rplidar_cmd.h:260:18:[m[K [01;35m[Kwarning: [m[KISO C++ forbids zero-size array ‘[01m[Kpayload[m[K’ [[01;35m[K-Wpedantic[m[K]
[12.735s]   260 |     _u8  payload[[01;35m[K0[m[K];
[12.736s]       |                  [01;35m[K^[m[K
[13.262s] In file included from [01m[K/home/karim/mako_robot/mako_ws/src/lidar_ros2/src/standalone_rplidar.cpp:16[m[K:
[13.262s] [01m[K/home/karim/mako_robot/mako_ws/src/lidar_ros2/include/rplidar_node.hpp:76:14:[m[K [01;35m[Kwarning: [m[K‘[01m[Kfloat rplidar_ros::getAngle(const rplidar_response_measurement_node_hq_t&)[m[K’ defined but not used [[01;35m[K-Wunused-function[m[K]
[13.262s]    76 | static float [01;35m[KgetAngle[m[K(const rplidar_response_measurement_node_hq_t& node)
[13.262s]       |              [01;35m[K^~~~~~~~[m[K
[13.416s] [100%] [32m[1mLinking CXX executable rplidar_composition[0m
[13.660s] [100%] Built target rplidar_composition
[13.680s] Invoked command in '/home/karim/mako_robot/mako_ws/build/rplidar_ros' returned '0': CMAKE_PREFIX_PATH=${CMAKE_PREFIX_PATH}:/home/karim/ros2_ws/install/my_py_pkg:/home/karim/project_ws/install/ros_project_pkg_py_robot_driver:/home/karim/project_ws/install/dev_test_tools:/opt/ros/foxy /usr/bin/cmake --build /home/karim/mako_robot/mako_ws/build/rplidar_ros -- -j6 -l6
[13.782s] Invoking command in '/home/karim/mako_robot/mako_ws/build/rplidar_ros': CMAKE_PREFIX_PATH=${CMAKE_PREFIX_PATH}:/home/karim/ros2_ws/install/my_py_pkg:/home/karim/project_ws/install/ros_project_pkg_py_robot_driver:/home/karim/project_ws/install/dev_test_tools:/opt/ros/foxy /usr/bin/cmake --install /home/karim/mako_robot/mako_ws/build/rplidar_ros
[13.802s] -- Install configuration: ""
[13.802s] -- Installing: /home/karim/mako_robot/mako_ws/install/rplidar_ros/lib/rplidar_ros/rplidarNode
[13.804s] -- Set runtime path of "/home/karim/mako_robot/mako_ws/install/rplidar_ros/lib/rplidar_ros/rplidarNode" to ""
[13.804s] -- Installing: /home/karim/mako_robot/mako_ws/install/rplidar_ros/lib/rplidar_ros/rplidarNodeClient
[13.807s] -- Set runtime path of "/home/karim/mako_robot/mako_ws/install/rplidar_ros/lib/rplidar_ros/rplidarNodeClient" to ""
[13.808s] -- Installing: /home/karim/mako_robot/mako_ws/install/rplidar_ros/lib/rplidar_ros/rplidar_composition
[13.809s] -- Set runtime path of "/home/karim/mako_robot/mako_ws/install/rplidar_ros/lib/rplidar_ros/rplidar_composition" to ""
[13.810s] -- Installing: /home/karim/mako_robot/mako_ws/install/rplidar_ros/share/rplidar_ros/launch
[13.810s] -- Installing: /home/karim/mako_robot/mako_ws/install/rplidar_ros/share/rplidar_ros/launch/test_rplidar_a3.launch.py
[13.810s] -- Installing: /home/karim/mako_robot/mako_ws/install/rplidar_ros/share/rplidar_ros/launch/rplidar_a3.launch.py
[13.810s] -- Installing: /home/karim/mako_robot/mako_ws/install/rplidar_ros/share/rplidar_ros/launch/test_rplidar.launch.py
[13.810s] -- Installing: /home/karim/mako_robot/mako_ws/install/rplidar_ros/share/rplidar_ros/launch/rplidar.launch.py
[13.811s] -- Installing: /home/karim/mako_robot/mako_ws/install/rplidar_ros/share/rplidar_ros/launch/view_rplidar_s1.launch.py
[13.811s] -- Installing: /home/karim/mako_robot/mako_ws/install/rplidar_ros/share/rplidar_ros/launch/view_rplidar.launch.py
[13.811s] -- Installing: /home/karim/mako_robot/mako_ws/install/rplidar_ros/share/rplidar_ros/launch/rplidar_s1.launch.py
[13.812s] -- Installing: /home/karim/mako_robot/mako_ws/install/rplidar_ros/share/rplidar_ros/launch/view_rplidar_s1_tcp.launch.py
[13.812s] -- Installing: /home/karim/mako_robot/mako_ws/install/rplidar_ros/share/rplidar_ros/launch/rplidar_s1_tcp.launch.py
[13.812s] -- Installing: /home/karim/mako_robot/mako_ws/install/rplidar_ros/share/rplidar_ros/launch/view_rplidar_a3.launch.py
[13.812s] -- Installing: /home/karim/mako_robot/mako_ws/install/rplidar_ros/share/rplidar_ros/rviz
[13.812s] -- Installing: /home/karim/mako_robot/mako_ws/install/rplidar_ros/share/rplidar_ros/rviz/rplidar.rviz
[13.812s] -- Installing: /home/karim/mako_robot/mako_ws/install/rplidar_ros/lib/librplidar_composition_node.so
[13.813s] -- Set runtime path of "/home/karim/mako_robot/mako_ws/install/rplidar_ros/lib/librplidar_composition_node.so" to ""
[13.814s] -- Installing: /home/karim/mako_robot/mako_ws/install/rplidar_ros/include
[13.814s] -- Installing: /home/karim/mako_robot/mako_ws/install/rplidar_ros/include/rplidar_node.hpp
[13.814s] -- Installing: /home/karim/mako_robot/mako_ws/install/rplidar_ros/include/visibility.h
[13.814s] -- Up-to-date: /home/karim/mako_robot/mako_ws/install/rplidar_ros/lib/rplidar_ros/rplidarNode
[13.814s] -- Up-to-date: /home/karim/mako_robot/mako_ws/install/rplidar_ros/lib/rplidar_ros/rplidarNodeClient
[13.815s] -- Up-to-date: /home/karim/mako_robot/mako_ws/install/rplidar_ros/lib/rplidar_ros/rplidar_composition
[13.817s] -- Installing: /home/karim/mako_robot/mako_ws/install/rplidar_ros/share/ament_index/resource_index/package_run_dependencies/rplidar_ros
[13.818s] -- Installing: /home/karim/mako_robot/mako_ws/install/rplidar_ros/share/ament_index/resource_index/parent_prefix_path/rplidar_ros
[13.818s] -- Installing: /home/karim/mako_robot/mako_ws/install/rplidar_ros/share/rplidar_ros/environment/ament_prefix_path.sh
[13.818s] -- Installing: /home/karim/mako_robot/mako_ws/install/rplidar_ros/share/rplidar_ros/environment/ament_prefix_path.dsv
[13.825s] -- Installing: /home/karim/mako_robot/mako_ws/install/rplidar_ros/share/rplidar_ros/environment/path.sh
[13.825s] -- Installing: /home/karim/mako_robot/mako_ws/install/rplidar_ros/share/rplidar_ros/environment/path.dsv
[13.826s] -- Installing: /home/karim/mako_robot/mako_ws/install/rplidar_ros/share/rplidar_ros/local_setup.bash
[13.826s] -- Installing: /home/karim/mako_robot/mako_ws/install/rplidar_ros/share/rplidar_ros/local_setup.sh
[13.826s] -- Installing: /home/karim/mako_robot/mako_ws/install/rplidar_ros/share/rplidar_ros/local_setup.zsh
[13.827s] -- Installing: /home/karim/mako_robot/mako_ws/install/rplidar_ros/share/rplidar_ros/local_setup.dsv
[13.827s] -- Installing: /home/karim/mako_robot/mako_ws/install/rplidar_ros/share/rplidar_ros/package.dsv
[13.827s] -- Installing: /home/karim/mako_robot/mako_ws/install/rplidar_ros/share/ament_index/resource_index/packages/rplidar_ros
[13.828s] -- Installing: /home/karim/mako_robot/mako_ws/install/rplidar_ros/share/rplidar_ros/cmake/ament_cmake_export_dependencies-extras.cmake
[13.828s] -- Installing: /home/karim/mako_robot/mako_ws/install/rplidar_ros/share/rplidar_ros/cmake/ament_cmake_export_include_directories-extras.cmake
[13.828s] -- Installing: /home/karim/mako_robot/mako_ws/install/rplidar_ros/share/rplidar_ros/cmake/rplidar_rosConfig.cmake
[13.828s] -- Installing: /home/karim/mako_robot/mako_ws/install/rplidar_ros/share/rplidar_ros/cmake/rplidar_rosConfig-version.cmake
[13.828s] -- Installing: /home/karim/mako_robot/mako_ws/install/rplidar_ros/share/rplidar_ros/package.xml
[13.833s] Invoked command in '/home/karim/mako_robot/mako_ws/build/rplidar_ros' returned '0': CMAKE_PREFIX_PATH=${CMAKE_PREFIX_PATH}:/home/karim/ros2_ws/install/my_py_pkg:/home/karim/project_ws/install/ros_project_pkg_py_robot_driver:/home/karim/project_ws/install/dev_test_tools:/opt/ros/foxy /usr/bin/cmake --install /home/karim/mako_robot/mako_ws/build/rplidar_ros
