[0.212s] DEBUG:colcon:Command line arguments: ['/usr/bin/colcon', 'build', '--symlink-install']
[0.212s] DEBUG:colcon:Parsed command line arguments: Namespace(ament_cmake_args=None, base_paths=['.'], build_base='build', catkin_cmake_args=None, catkin_skip_building_tests=False, cmake_args=None, cmake_clean_cache=False, cmake_clean_first=False, cmake_force_configure=False, cmake_target=None, cmake_target_skip_unavailable=False, continue_on_error=False, event_handlers=None, executor='parallel', ignore_user_meta=False, install_base='install', log_base=None, log_level=None, main=<bound method BuildVerb.main of <colcon_core.verb.build.BuildVerb object at 0x7f1148109d30>>, merge_install=False, metas=['./colcon.meta'], packages_above=None, packages_above_and_dependencies=None, packages_above_depth=None, packages_end=None, packages_ignore=None, packages_ignore_regex=None, packages_select=None, packages_select_build_failed=False, packages_select_by_dep=None, packages_select_regex=None, packages_select_test_failures=False, packages_skip=None, packages_skip_build_finished=False, packages_skip_by_dep=None, packages_skip_regex=None, packages_skip_test_passed=False, packages_skip_up_to=None, packages_start=None, packages_up_to=None, packages_up_to_regex=None, parallel_workers=6, paths=None, symlink_install=True, test_result_base=None, verb_extension=<colcon_core.verb.build.BuildVerb object at 0x7f1148109d30>, verb_name='build', verb_parser=<colcon_defaults.argument_parser.defaults.DefaultArgumentsDecorator object at 0x7f11481162e0>)
[0.218s] Level 1:colcon.colcon_core.package_discovery:discover_packages(colcon_meta) check parameters
[0.218s] Level 1:colcon.colcon_core.package_discovery:discover_packages(recursive) check parameters
[0.218s] Level 1:colcon.colcon_core.package_discovery:discover_packages(ignore) check parameters
[0.218s] Level 1:colcon.colcon_core.package_discovery:discover_packages(path) check parameters
[0.218s] Level 1:colcon.colcon_core.package_discovery:discover_packages(colcon_meta) discover
[0.218s] Level 1:colcon.colcon_core.package_discovery:discover_packages(recursive) discover
[0.218s] INFO:colcon.colcon_core.package_discovery:Crawling recursively for packages in '/home/karim/mako_robot/mako_ws'
[0.218s] Level 1:colcon.colcon_core.package_identification:_identify(.) by extensions ['ignore', 'ignore_ament_install']
[0.219s] Level 1:colcon.colcon_core.package_identification:_identify(.) by extension 'ignore'
[0.219s] Level 1:colcon.colcon_core.package_identification:_identify(.) by extension 'ignore_ament_install'
[0.219s] Level 1:colcon.colcon_core.package_identification:_identify(.) by extensions ['colcon_pkg']
[0.219s] Level 1:colcon.colcon_core.package_identification:_identify(.) by extension 'colcon_pkg'
[0.219s] Level 1:colcon.colcon_core.package_identification:_identify(.) by extensions ['colcon_meta']
[0.219s] Level 1:colcon.colcon_core.package_identification:_identify(.) by extension 'colcon_meta'
[0.219s] Level 1:colcon.colcon_core.package_identification:_identify(.) by extensions ['ros']
[0.219s] Level 1:colcon.colcon_core.package_identification:_identify(.) by extension 'ros'
[0.232s] Level 1:colcon.colcon_core.package_identification:_identify(.) by extensions ['cmake', 'python']
[0.232s] Level 1:colcon.colcon_core.package_identification:_identify(.) by extension 'cmake'
[0.232s] Level 1:colcon.colcon_core.package_identification:_identify(.) by extension 'python'
[0.232s] Level 1:colcon.colcon_core.package_identification:_identify(.) by extensions ['python_setup_py']
[0.232s] Level 1:colcon.colcon_core.package_identification:_identify(.) by extension 'python_setup_py'
[0.232s] Level 1:colcon.colcon_core.package_identification:_identify(build) by extensions ['ignore', 'ignore_ament_install']
[0.232s] Level 1:colcon.colcon_core.package_identification:_identify(build) by extension 'ignore'
[0.232s] Level 1:colcon.colcon_core.package_identification:_identify(build) ignored
[0.232s] Level 1:colcon.colcon_core.package_identification:_identify(install) by extensions ['ignore', 'ignore_ament_install']
[0.233s] Level 1:colcon.colcon_core.package_identification:_identify(install) by extension 'ignore'
[0.233s] Level 1:colcon.colcon_core.package_identification:_identify(install) ignored
[0.233s] Level 1:colcon.colcon_core.package_identification:_identify(log) by extensions ['ignore', 'ignore_ament_install']
[0.233s] Level 1:colcon.colcon_core.package_identification:_identify(log) by extension 'ignore'
[0.233s] Level 1:colcon.colcon_core.package_identification:_identify(log) ignored
[0.233s] Level 1:colcon.colcon_core.package_identification:_identify(src) by extensions ['ignore', 'ignore_ament_install']
[0.233s] Level 1:colcon.colcon_core.package_identification:_identify(src) by extension 'ignore'
[0.234s] Level 1:colcon.colcon_core.package_identification:_identify(src) by extension 'ignore_ament_install'
[0.234s] Level 1:colcon.colcon_core.package_identification:_identify(src) by extensions ['colcon_pkg']
[0.234s] Level 1:colcon.colcon_core.package_identification:_identify(src) by extension 'colcon_pkg'
[0.234s] Level 1:colcon.colcon_core.package_identification:_identify(src) by extensions ['colcon_meta']
[0.234s] Level 1:colcon.colcon_core.package_identification:_identify(src) by extension 'colcon_meta'
[0.234s] Level 1:colcon.colcon_core.package_identification:_identify(src) by extensions ['ros']
[0.234s] Level 1:colcon.colcon_core.package_identification:_identify(src) by extension 'ros'
[0.234s] Level 1:colcon.colcon_core.package_identification:_identify(src) by extensions ['cmake', 'python']
[0.234s] Level 1:colcon.colcon_core.package_identification:_identify(src) by extension 'cmake'
[0.234s] Level 1:colcon.colcon_core.package_identification:_identify(src) by extension 'python'
[0.234s] Level 1:colcon.colcon_core.package_identification:_identify(src) by extensions ['python_setup_py']
[0.234s] Level 1:colcon.colcon_core.package_identification:_identify(src) by extension 'python_setup_py'
[0.234s] Level 1:colcon.colcon_core.package_identification:_identify(src/dev_test_tools) by extensions ['ignore', 'ignore_ament_install']
[0.234s] Level 1:colcon.colcon_core.package_identification:_identify(src/dev_test_tools) by extension 'ignore'
[0.234s] Level 1:colcon.colcon_core.package_identification:_identify(src/dev_test_tools) by extension 'ignore_ament_install'
[0.234s] Level 1:colcon.colcon_core.package_identification:_identify(src/dev_test_tools) by extensions ['colcon_pkg']
[0.234s] Level 1:colcon.colcon_core.package_identification:_identify(src/dev_test_tools) by extension 'colcon_pkg'
[0.235s] Level 1:colcon.colcon_core.package_identification:_identify(src/dev_test_tools) by extensions ['colcon_meta']
[0.235s] Level 1:colcon.colcon_core.package_identification:_identify(src/dev_test_tools) by extension 'colcon_meta'
[0.235s] Level 1:colcon.colcon_core.package_identification:_identify(src/dev_test_tools) by extensions ['ros']
[0.235s] Level 1:colcon.colcon_core.package_identification:_identify(src/dev_test_tools) by extension 'ros'
[0.239s] DEBUG:colcon.colcon_core.package_identification:Package 'src/dev_test_tools' with type 'ros.ament_python' and name 'dev_test_tools'
[0.239s] Level 1:colcon.colcon_core.package_identification:_identify(src/lidar_ros2) by extensions ['ignore', 'ignore_ament_install']
[0.239s] Level 1:colcon.colcon_core.package_identification:_identify(src/lidar_ros2) by extension 'ignore'
[0.240s] Level 1:colcon.colcon_core.package_identification:_identify(src/lidar_ros2) by extension 'ignore_ament_install'
[0.240s] Level 1:colcon.colcon_core.package_identification:_identify(src/lidar_ros2) by extensions ['colcon_pkg']
[0.240s] Level 1:colcon.colcon_core.package_identification:_identify(src/lidar_ros2) by extension 'colcon_pkg'
[0.240s] Level 1:colcon.colcon_core.package_identification:_identify(src/lidar_ros2) by extensions ['colcon_meta']
[0.240s] Level 1:colcon.colcon_core.package_identification:_identify(src/lidar_ros2) by extension 'colcon_meta'
[0.240s] Level 1:colcon.colcon_core.package_identification:_identify(src/lidar_ros2) by extensions ['ros']
[0.240s] Level 1:colcon.colcon_core.package_identification:_identify(src/lidar_ros2) by extension 'ros'
[0.243s] DEBUG:colcon.colcon_core.package_identification:Package 'src/lidar_ros2' with type 'ros.ament_cmake' and name 'rplidar_ros'
[0.243s] Level 1:colcon.colcon_core.package_identification:_identify(src/mako_nolang_interfaces) by extensions ['ignore', 'ignore_ament_install']
[0.243s] Level 1:colcon.colcon_core.package_identification:_identify(src/mako_nolang_interfaces) by extension 'ignore'
[0.243s] Level 1:colcon.colcon_core.package_identification:_identify(src/mako_nolang_interfaces) by extension 'ignore_ament_install'
[0.243s] Level 1:colcon.colcon_core.package_identification:_identify(src/mako_nolang_interfaces) by extensions ['colcon_pkg']
[0.243s] Level 1:colcon.colcon_core.package_identification:_identify(src/mako_nolang_interfaces) by extension 'colcon_pkg'
[0.243s] Level 1:colcon.colcon_core.package_identification:_identify(src/mako_nolang_interfaces) by extensions ['colcon_meta']
[0.244s] Level 1:colcon.colcon_core.package_identification:_identify(src/mako_nolang_interfaces) by extension 'colcon_meta'
[0.244s] Level 1:colcon.colcon_core.package_identification:_identify(src/mako_nolang_interfaces) by extensions ['ros']
[0.244s] Level 1:colcon.colcon_core.package_identification:_identify(src/mako_nolang_interfaces) by extension 'ros'
[0.244s] DEBUG:colcon.colcon_core.package_identification:Package 'src/mako_nolang_interfaces' with type 'ros.ament_cmake' and name 'mako_nolang_interfaces'
[0.244s] Level 1:colcon.colcon_core.package_identification:_identify(src/mako_nolang_launch) by extensions ['ignore', 'ignore_ament_install']
[0.245s] Level 1:colcon.colcon_core.package_identification:_identify(src/mako_nolang_launch) by extension 'ignore'
[0.245s] Level 1:colcon.colcon_core.package_identification:_identify(src/mako_nolang_launch) by extension 'ignore_ament_install'
[0.245s] Level 1:colcon.colcon_core.package_identification:_identify(src/mako_nolang_launch) by extensions ['colcon_pkg']
[0.245s] Level 1:colcon.colcon_core.package_identification:_identify(src/mako_nolang_launch) by extension 'colcon_pkg'
[0.245s] Level 1:colcon.colcon_core.package_identification:_identify(src/mako_nolang_launch) by extensions ['colcon_meta']
[0.245s] Level 1:colcon.colcon_core.package_identification:_identify(src/mako_nolang_launch) by extension 'colcon_meta'
[0.245s] Level 1:colcon.colcon_core.package_identification:_identify(src/mako_nolang_launch) by extensions ['ros']
[0.245s] Level 1:colcon.colcon_core.package_identification:_identify(src/mako_nolang_launch) by extension 'ros'
[0.245s] DEBUG:colcon.colcon_core.package_identification:Package 'src/mako_nolang_launch' with type 'ros.ament_cmake' and name 'mako_nolang_launch'
[0.245s] Level 1:colcon.colcon_core.package_identification:_identify(src/mako_py_brain) by extensions ['ignore', 'ignore_ament_install']
[0.246s] Level 1:colcon.colcon_core.package_identification:_identify(src/mako_py_brain) by extension 'ignore'
[0.246s] Level 1:colcon.colcon_core.package_identification:_identify(src/mako_py_brain) by extension 'ignore_ament_install'
[0.246s] Level 1:colcon.colcon_core.package_identification:_identify(src/mako_py_brain) by extensions ['colcon_pkg']
[0.246s] Level 1:colcon.colcon_core.package_identification:_identify(src/mako_py_brain) by extension 'colcon_pkg'
[0.246s] Level 1:colcon.colcon_core.package_identification:_identify(src/mako_py_brain) by extensions ['colcon_meta']
[0.246s] Level 1:colcon.colcon_core.package_identification:_identify(src/mako_py_brain) by extension 'colcon_meta'
[0.246s] Level 1:colcon.colcon_core.package_identification:_identify(src/mako_py_brain) by extensions ['ros']
[0.246s] Level 1:colcon.colcon_core.package_identification:_identify(src/mako_py_brain) by extension 'ros'
[0.247s] DEBUG:colcon.colcon_core.package_identification:Package 'src/mako_py_brain' with type 'ros.ament_python' and name 'mako_py_brain'
[0.247s] Level 1:colcon.colcon_core.package_identification:_identify(src/mako_py_feedback_actuators) by extensions ['ignore', 'ignore_ament_install']
[0.247s] Level 1:colcon.colcon_core.package_identification:_identify(src/mako_py_feedback_actuators) by extension 'ignore'
[0.247s] Level 1:colcon.colcon_core.package_identification:_identify(src/mako_py_feedback_actuators) by extension 'ignore_ament_install'
[0.247s] Level 1:colcon.colcon_core.package_identification:_identify(src/mako_py_feedback_actuators) by extensions ['colcon_pkg']
[0.247s] Level 1:colcon.colcon_core.package_identification:_identify(src/mako_py_feedback_actuators) by extension 'colcon_pkg'
[0.247s] Level 1:colcon.colcon_core.package_identification:_identify(src/mako_py_feedback_actuators) by extensions ['colcon_meta']
[0.247s] Level 1:colcon.colcon_core.package_identification:_identify(src/mako_py_feedback_actuators) by extension 'colcon_meta'
[0.247s] Level 1:colcon.colcon_core.package_identification:_identify(src/mako_py_feedback_actuators) by extensions ['ros']
[0.247s] Level 1:colcon.colcon_core.package_identification:_identify(src/mako_py_feedback_actuators) by extension 'ros'
[0.248s] DEBUG:colcon.colcon_core.package_identification:Package 'src/mako_py_feedback_actuators' with type 'ros.ament_python' and name 'mako_py_feedback_actuators'
[0.248s] Level 1:colcon.colcon_core.package_identification:_identify(src/mako_py_serial_interface) by extensions ['ignore', 'ignore_ament_install']
[0.248s] Level 1:colcon.colcon_core.package_identification:_identify(src/mako_py_serial_interface) by extension 'ignore'
[0.248s] Level 1:colcon.colcon_core.package_identification:_identify(src/mako_py_serial_interface) by extension 'ignore_ament_install'
[0.248s] Level 1:colcon.colcon_core.package_identification:_identify(src/mako_py_serial_interface) by extensions ['colcon_pkg']
[0.248s] Level 1:colcon.colcon_core.package_identification:_identify(src/mako_py_serial_interface) by extension 'colcon_pkg'
[0.248s] Level 1:colcon.colcon_core.package_identification:_identify(src/mako_py_serial_interface) by extensions ['colcon_meta']
[0.249s] Level 1:colcon.colcon_core.package_identification:_identify(src/mako_py_serial_interface) by extension 'colcon_meta'
[0.249s] Level 1:colcon.colcon_core.package_identification:_identify(src/mako_py_serial_interface) by extensions ['ros']
[0.249s] Level 1:colcon.colcon_core.package_identification:_identify(src/mako_py_serial_interface) by extension 'ros'
[0.249s] DEBUG:colcon.colcon_core.package_identification:Package 'src/mako_py_serial_interface' with type 'ros.ament_python' and name 'mako_py_serial_interface'
[0.249s] Level 1:colcon.colcon_core.package_discovery:discover_packages(recursive) using defaults
[0.249s] Level 1:colcon.colcon_core.package_discovery:discover_packages(ignore) discover
[0.249s] Level 1:colcon.colcon_core.package_discovery:discover_packages(ignore) using defaults
[0.249s] Level 1:colcon.colcon_core.package_discovery:discover_packages(path) discover
[0.249s] Level 1:colcon.colcon_core.package_discovery:discover_packages(path) using defaults
[0.275s] Level 5:colcon.colcon_core.verb:set package 'dev_test_tools' build argument 'cmake_args' from command line to 'None'
[0.275s] Level 5:colcon.colcon_core.verb:set package 'dev_test_tools' build argument 'cmake_target' from command line to 'None'
[0.275s] Level 5:colcon.colcon_core.verb:set package 'dev_test_tools' build argument 'cmake_target_skip_unavailable' from command line to 'False'
[0.275s] Level 5:colcon.colcon_core.verb:set package 'dev_test_tools' build argument 'cmake_clean_cache' from command line to 'False'
[0.276s] Level 5:colcon.colcon_core.verb:set package 'dev_test_tools' build argument 'cmake_clean_first' from command line to 'False'
[0.276s] Level 5:colcon.colcon_core.verb:set package 'dev_test_tools' build argument 'cmake_force_configure' from command line to 'False'
[0.276s] Level 5:colcon.colcon_core.verb:set package 'dev_test_tools' build argument 'ament_cmake_args' from command line to 'None'
[0.276s] Level 5:colcon.colcon_core.verb:set package 'dev_test_tools' build argument 'catkin_cmake_args' from command line to 'None'
[0.276s] Level 5:colcon.colcon_core.verb:set package 'dev_test_tools' build argument 'catkin_skip_building_tests' from command line to 'False'
[0.276s] DEBUG:colcon.colcon_core.verb:Building package 'dev_test_tools' with the following arguments: {'ament_cmake_args': None, 'build_base': '/home/karim/mako_robot/mako_ws/build/dev_test_tools', 'catkin_cmake_args': None, 'catkin_skip_building_tests': False, 'cmake_args': None, 'cmake_clean_cache': False, 'cmake_clean_first': False, 'cmake_force_configure': False, 'cmake_target': None, 'cmake_target_skip_unavailable': False, 'install_base': '/home/karim/mako_robot/mako_ws/install/dev_test_tools', 'merge_install': False, 'path': '/home/karim/mako_robot/mako_ws/src/dev_test_tools', 'symlink_install': True, 'test_result_base': None}
[0.281s] Level 5:colcon.colcon_core.verb:set package 'mako_nolang_interfaces' build argument 'cmake_args' from command line to 'None'
[0.281s] Level 5:colcon.colcon_core.verb:set package 'mako_nolang_interfaces' build argument 'cmake_target' from command line to 'None'
[0.281s] Level 5:colcon.colcon_core.verb:set package 'mako_nolang_interfaces' build argument 'cmake_target_skip_unavailable' from command line to 'False'
[0.281s] Level 5:colcon.colcon_core.verb:set package 'mako_nolang_interfaces' build argument 'cmake_clean_cache' from command line to 'False'
[0.281s] Level 5:colcon.colcon_core.verb:set package 'mako_nolang_interfaces' build argument 'cmake_clean_first' from command line to 'False'
[0.282s] Level 5:colcon.colcon_core.verb:set package 'mako_nolang_interfaces' build argument 'cmake_force_configure' from command line to 'False'
[0.282s] Level 5:colcon.colcon_core.verb:set package 'mako_nolang_interfaces' build argument 'ament_cmake_args' from command line to 'None'
[0.282s] Level 5:colcon.colcon_core.verb:set package 'mako_nolang_interfaces' build argument 'catkin_cmake_args' from command line to 'None'
[0.282s] Level 5:colcon.colcon_core.verb:set package 'mako_nolang_interfaces' build argument 'catkin_skip_building_tests' from command line to 'False'
[0.282s] DEBUG:colcon.colcon_core.verb:Building package 'mako_nolang_interfaces' with the following arguments: {'ament_cmake_args': None, 'build_base': '/home/karim/mako_robot/mako_ws/build/mako_nolang_interfaces', 'catkin_cmake_args': None, 'catkin_skip_building_tests': False, 'cmake_args': None, 'cmake_clean_cache': False, 'cmake_clean_first': False, 'cmake_force_configure': False, 'cmake_target': None, 'cmake_target_skip_unavailable': False, 'install_base': '/home/karim/mako_robot/mako_ws/install/mako_nolang_interfaces', 'merge_install': False, 'path': '/home/karim/mako_robot/mako_ws/src/mako_nolang_interfaces', 'symlink_install': True, 'test_result_base': None}
[0.286s] Level 5:colcon.colcon_core.verb:set package 'mako_py_brain' build argument 'cmake_args' from command line to 'None'
[0.286s] Level 5:colcon.colcon_core.verb:set package 'mako_py_brain' build argument 'cmake_target' from command line to 'None'
[0.286s] Level 5:colcon.colcon_core.verb:set package 'mako_py_brain' build argument 'cmake_target_skip_unavailable' from command line to 'False'
[0.286s] Level 5:colcon.colcon_core.verb:set package 'mako_py_brain' build argument 'cmake_clean_cache' from command line to 'False'
[0.286s] Level 5:colcon.colcon_core.verb:set package 'mako_py_brain' build argument 'cmake_clean_first' from command line to 'False'
[0.286s] Level 5:colcon.colcon_core.verb:set package 'mako_py_brain' build argument 'cmake_force_configure' from command line to 'False'
[0.286s] Level 5:colcon.colcon_core.verb:set package 'mako_py_brain' build argument 'ament_cmake_args' from command line to 'None'
[0.287s] Level 5:colcon.colcon_core.verb:set package 'mako_py_brain' build argument 'catkin_cmake_args' from command line to 'None'
[0.287s] Level 5:colcon.colcon_core.verb:set package 'mako_py_brain' build argument 'catkin_skip_building_tests' from command line to 'False'
[0.287s] DEBUG:colcon.colcon_core.verb:Building package 'mako_py_brain' with the following arguments: {'ament_cmake_args': None, 'build_base': '/home/karim/mako_robot/mako_ws/build/mako_py_brain', 'catkin_cmake_args': None, 'catkin_skip_building_tests': False, 'cmake_args': None, 'cmake_clean_cache': False, 'cmake_clean_first': False, 'cmake_force_configure': False, 'cmake_target': None, 'cmake_target_skip_unavailable': False, 'install_base': '/home/karim/mako_robot/mako_ws/install/mako_py_brain', 'merge_install': False, 'path': '/home/karim/mako_robot/mako_ws/src/mako_py_brain', 'symlink_install': True, 'test_result_base': None}
[0.290s] Level 5:colcon.colcon_core.verb:set package 'mako_py_serial_interface' build argument 'cmake_args' from command line to 'None'
[0.290s] Level 5:colcon.colcon_core.verb:set package 'mako_py_serial_interface' build argument 'cmake_target' from command line to 'None'
[0.290s] Level 5:colcon.colcon_core.verb:set package 'mako_py_serial_interface' build argument 'cmake_target_skip_unavailable' from command line to 'False'
[0.290s] Level 5:colcon.colcon_core.verb:set package 'mako_py_serial_interface' build argument 'cmake_clean_cache' from command line to 'False'
[0.290s] Level 5:colcon.colcon_core.verb:set package 'mako_py_serial_interface' build argument 'cmake_clean_first' from command line to 'False'
[0.290s] Level 5:colcon.colcon_core.verb:set package 'mako_py_serial_interface' build argument 'cmake_force_configure' from command line to 'False'
[0.290s] Level 5:colcon.colcon_core.verb:set package 'mako_py_serial_interface' build argument 'ament_cmake_args' from command line to 'None'
[0.290s] Level 5:colcon.colcon_core.verb:set package 'mako_py_serial_interface' build argument 'catkin_cmake_args' from command line to 'None'
[0.290s] Level 5:colcon.colcon_core.verb:set package 'mako_py_serial_interface' build argument 'catkin_skip_building_tests' from command line to 'False'
[0.290s] DEBUG:colcon.colcon_core.verb:Building package 'mako_py_serial_interface' with the following arguments: {'ament_cmake_args': None, 'build_base': '/home/karim/mako_robot/mako_ws/build/mako_py_serial_interface', 'catkin_cmake_args': None, 'catkin_skip_building_tests': False, 'cmake_args': None, 'cmake_clean_cache': False, 'cmake_clean_first': False, 'cmake_force_configure': False, 'cmake_target': None, 'cmake_target_skip_unavailable': False, 'install_base': '/home/karim/mako_robot/mako_ws/install/mako_py_serial_interface', 'merge_install': False, 'path': '/home/karim/mako_robot/mako_ws/src/mako_py_serial_interface', 'symlink_install': True, 'test_result_base': None}
[0.293s] Level 5:colcon.colcon_core.verb:set package 'rplidar_ros' build argument 'cmake_args' from command line to 'None'
[0.293s] Level 5:colcon.colcon_core.verb:set package 'rplidar_ros' build argument 'cmake_target' from command line to 'None'
[0.293s] Level 5:colcon.colcon_core.verb:set package 'rplidar_ros' build argument 'cmake_target_skip_unavailable' from command line to 'False'
[0.293s] Level 5:colcon.colcon_core.verb:set package 'rplidar_ros' build argument 'cmake_clean_cache' from command line to 'False'
[0.293s] Level 5:colcon.colcon_core.verb:set package 'rplidar_ros' build argument 'cmake_clean_first' from command line to 'False'
[0.293s] Level 5:colcon.colcon_core.verb:set package 'rplidar_ros' build argument 'cmake_force_configure' from command line to 'False'
[0.293s] Level 5:colcon.colcon_core.verb:set package 'rplidar_ros' build argument 'ament_cmake_args' from command line to 'None'
[0.293s] Level 5:colcon.colcon_core.verb:set package 'rplidar_ros' build argument 'catkin_cmake_args' from command line to 'None'
[0.293s] Level 5:colcon.colcon_core.verb:set package 'rplidar_ros' build argument 'catkin_skip_building_tests' from command line to 'False'
[0.293s] DEBUG:colcon.colcon_core.verb:Building package 'rplidar_ros' with the following arguments: {'ament_cmake_args': None, 'build_base': '/home/karim/mako_robot/mako_ws/build/rplidar_ros', 'catkin_cmake_args': None, 'catkin_skip_building_tests': False, 'cmake_args': None, 'cmake_clean_cache': False, 'cmake_clean_first': False, 'cmake_force_configure': False, 'cmake_target': None, 'cmake_target_skip_unavailable': False, 'install_base': '/home/karim/mako_robot/mako_ws/install/rplidar_ros', 'merge_install': False, 'path': '/home/karim/mako_robot/mako_ws/src/lidar_ros2', 'symlink_install': True, 'test_result_base': None}
[0.296s] Level 5:colcon.colcon_core.verb:set package 'mako_py_feedback_actuators' build argument 'cmake_args' from command line to 'None'
[0.296s] Level 5:colcon.colcon_core.verb:set package 'mako_py_feedback_actuators' build argument 'cmake_target' from command line to 'None'
[0.296s] Level 5:colcon.colcon_core.verb:set package 'mako_py_feedback_actuators' build argument 'cmake_target_skip_unavailable' from command line to 'False'
[0.296s] Level 5:colcon.colcon_core.verb:set package 'mako_py_feedback_actuators' build argument 'cmake_clean_cache' from command line to 'False'
[0.296s] Level 5:colcon.colcon_core.verb:set package 'mako_py_feedback_actuators' build argument 'cmake_clean_first' from command line to 'False'
[0.296s] Level 5:colcon.colcon_core.verb:set package 'mako_py_feedback_actuators' build argument 'cmake_force_configure' from command line to 'False'
[0.297s] Level 5:colcon.colcon_core.verb:set package 'mako_py_feedback_actuators' build argument 'ament_cmake_args' from command line to 'None'
[0.297s] Level 5:colcon.colcon_core.verb:set package 'mako_py_feedback_actuators' build argument 'catkin_cmake_args' from command line to 'None'
[0.297s] Level 5:colcon.colcon_core.verb:set package 'mako_py_feedback_actuators' build argument 'catkin_skip_building_tests' from command line to 'False'
[0.297s] DEBUG:colcon.colcon_core.verb:Building package 'mako_py_feedback_actuators' with the following arguments: {'ament_cmake_args': None, 'build_base': '/home/karim/mako_robot/mako_ws/build/mako_py_feedback_actuators', 'catkin_cmake_args': None, 'catkin_skip_building_tests': False, 'cmake_args': None, 'cmake_clean_cache': False, 'cmake_clean_first': False, 'cmake_force_configure': False, 'cmake_target': None, 'cmake_target_skip_unavailable': False, 'install_base': '/home/karim/mako_robot/mako_ws/install/mako_py_feedback_actuators', 'merge_install': False, 'path': '/home/karim/mako_robot/mako_ws/src/mako_py_feedback_actuators', 'symlink_install': True, 'test_result_base': None}
[0.300s] Level 5:colcon.colcon_core.verb:set package 'mako_nolang_launch' build argument 'cmake_args' from command line to 'None'
[0.300s] Level 5:colcon.colcon_core.verb:set package 'mako_nolang_launch' build argument 'cmake_target' from command line to 'None'
[0.300s] Level 5:colcon.colcon_core.verb:set package 'mako_nolang_launch' build argument 'cmake_target_skip_unavailable' from command line to 'False'
[0.300s] Level 5:colcon.colcon_core.verb:set package 'mako_nolang_launch' build argument 'cmake_clean_cache' from command line to 'False'
[0.300s] Level 5:colcon.colcon_core.verb:set package 'mako_nolang_launch' build argument 'cmake_clean_first' from command line to 'False'
[0.300s] Level 5:colcon.colcon_core.verb:set package 'mako_nolang_launch' build argument 'cmake_force_configure' from command line to 'False'
[0.300s] Level 5:colcon.colcon_core.verb:set package 'mako_nolang_launch' build argument 'ament_cmake_args' from command line to 'None'
[0.300s] Level 5:colcon.colcon_core.verb:set package 'mako_nolang_launch' build argument 'catkin_cmake_args' from command line to 'None'
[0.300s] Level 5:colcon.colcon_core.verb:set package 'mako_nolang_launch' build argument 'catkin_skip_building_tests' from command line to 'False'
[0.300s] DEBUG:colcon.colcon_core.verb:Building package 'mako_nolang_launch' with the following arguments: {'ament_cmake_args': None, 'build_base': '/home/karim/mako_robot/mako_ws/build/mako_nolang_launch', 'catkin_cmake_args': None, 'catkin_skip_building_tests': False, 'cmake_args': None, 'cmake_clean_cache': False, 'cmake_clean_first': False, 'cmake_force_configure': False, 'cmake_target': None, 'cmake_target_skip_unavailable': False, 'install_base': '/home/karim/mako_robot/mako_ws/install/mako_nolang_launch', 'merge_install': False, 'path': '/home/karim/mako_robot/mako_ws/src/mako_nolang_launch', 'symlink_install': True, 'test_result_base': None}
[0.300s] INFO:colcon.colcon_core.executor:Executing jobs using 'parallel' executor
[0.303s] DEBUG:colcon.colcon_parallel_executor.executor.parallel:run_until_complete
[0.304s] INFO:colcon.colcon_ros.task.ament_cmake.build:Building ROS package in '/home/karim/mako_robot/mako_ws/src/mako_nolang_interfaces' with build type 'ament_cmake'
[0.304s] INFO:colcon.colcon_cmake.task.cmake.build:Building CMake package in '/home/karim/mako_robot/mako_ws/src/mako_nolang_interfaces'
[0.310s] INFO:colcon.colcon_core.plugin_system:Skipping extension 'colcon_core.shell.bat': Not used on non-Windows systems
[0.310s] INFO:colcon.colcon_core.shell:Skip shell extension 'powershell' for command environment: Not usable outside of PowerShell
[0.310s] DEBUG:colcon.colcon_core.shell:Skip shell extension 'dsv' for command environment
[0.316s] DEBUG:colcon.colcon_core.shell:Ignoring prefix path '/opt/ros/foxy'
[0.321s] INFO:colcon.colcon_ros.task.ament_python.build:Building ROS package in '/home/karim/mako_robot/mako_ws/src/mako_py_brain' with build type 'ament_python'
[0.322s] Level 1:colcon.colcon_core.shell:create_environment_hook('mako_py_brain', 'ament_prefix_path')
[0.323s] INFO:colcon.colcon_core.shell:Creating environment hook '/home/karim/mako_robot/mako_ws/install/mako_py_brain/share/mako_py_brain/hook/ament_prefix_path.ps1'
[0.327s] INFO:colcon.colcon_core.shell:Creating environment descriptor '/home/karim/mako_robot/mako_ws/install/mako_py_brain/share/mako_py_brain/hook/ament_prefix_path.dsv'
[0.328s] INFO:colcon.colcon_core.shell:Creating environment hook '/home/karim/mako_robot/mako_ws/install/mako_py_brain/share/mako_py_brain/hook/ament_prefix_path.sh'
[0.329s] INFO:colcon.colcon_core.shell:Skip shell extension 'powershell' for command environment: Not usable outside of PowerShell
[0.330s] DEBUG:colcon.colcon_core.shell:Skip shell extension 'dsv' for command environment
[0.334s] DEBUG:colcon.colcon_core.shell:Ignoring prefix path '/opt/ros/foxy'
[0.339s] INFO:colcon.colcon_ros.task.ament_python.build:Building ROS package in '/home/karim/mako_robot/mako_ws/src/dev_test_tools' with build type 'ament_python'
[0.340s] Level 1:colcon.colcon_core.shell:create_environment_hook('dev_test_tools', 'ament_prefix_path')
[0.341s] INFO:colcon.colcon_core.shell:Creating environment hook '/home/karim/mako_robot/mako_ws/install/dev_test_tools/share/dev_test_tools/hook/ament_prefix_path.ps1'
[0.342s] INFO:colcon.colcon_core.shell:Creating environment descriptor '/home/karim/mako_robot/mako_ws/install/dev_test_tools/share/dev_test_tools/hook/ament_prefix_path.dsv'
[0.343s] INFO:colcon.colcon_core.shell:Creating environment hook '/home/karim/mako_robot/mako_ws/install/dev_test_tools/share/dev_test_tools/hook/ament_prefix_path.sh'
[0.346s] INFO:colcon.colcon_core.shell:Skip shell extension 'powershell' for command environment: Not usable outside of PowerShell
[0.346s] DEBUG:colcon.colcon_core.shell:Skip shell extension 'dsv' for command environment
[0.351s] DEBUG:colcon.colcon_core.shell:Ignoring prefix path '/opt/ros/foxy'
[0.368s] INFO:colcon.colcon_ros.task.ament_python.build:Building ROS package in '/home/karim/mako_robot/mako_ws/src/mako_py_serial_interface' with build type 'ament_python'
[0.368s] Level 1:colcon.colcon_core.shell:create_environment_hook('mako_py_serial_interface', 'ament_prefix_path')
[0.371s] INFO:colcon.colcon_core.shell:Creating environment hook '/home/karim/mako_robot/mako_ws/install/mako_py_serial_interface/share/mako_py_serial_interface/hook/ament_prefix_path.ps1'
[0.382s] INFO:colcon.colcon_core.shell:Creating environment descriptor '/home/karim/mako_robot/mako_ws/install/mako_py_serial_interface/share/mako_py_serial_interface/hook/ament_prefix_path.dsv'
[0.383s] INFO:colcon.colcon_core.shell:Creating environment hook '/home/karim/mako_robot/mako_ws/install/mako_py_serial_interface/share/mako_py_serial_interface/hook/ament_prefix_path.sh'
[0.385s] INFO:colcon.colcon_core.shell:Skip shell extension 'powershell' for command environment: Not usable outside of PowerShell
[0.385s] DEBUG:colcon.colcon_core.shell:Skip shell extension 'dsv' for command environment
[0.389s] DEBUG:colcon.colcon_core.shell:Ignoring prefix path '/opt/ros/foxy'
[0.393s] INFO:colcon.colcon_ros.task.ament_cmake.build:Building ROS package in '/home/karim/mako_robot/mako_ws/src/lidar_ros2' with build type 'ament_cmake'
[0.395s] INFO:colcon.colcon_cmake.task.cmake.build:Building CMake package in '/home/karim/mako_robot/mako_ws/src/lidar_ros2'
[0.396s] INFO:colcon.colcon_core.shell:Skip shell extension 'powershell' for command environment: Not usable outside of PowerShell
[0.397s] DEBUG:colcon.colcon_core.shell:Skip shell extension 'dsv' for command environment
[0.404s] DEBUG:colcon.colcon_core.shell:Ignoring prefix path '/opt/ros/foxy'
[0.449s] DEBUG:colcon.colcon_core.event_handler.log_command:Invoking command in '/home/karim/mako_robot/mako_ws/build/mako_nolang_interfaces': CMAKE_PREFIX_PATH=${CMAKE_PREFIX_PATH}:/home/karim/project_ws/install/ros_project_pkg_py_robot_driver:/home/karim/project_ws/install/dev_test_tools:/home/karim/ros2_ws/install/my_py_pkg:/home/karim/mako_robot/mako_ws/install/mako_py_serial_interface:/home/karim/mako_robot/mako_ws/install/mako_py_feedback_actuators:/home/karim/mako_robot/mako_ws/install/mako_py_brain:/home/karim/mako_robot/mako_ws/install/dev_test_tools:/opt/ros/foxy /usr/bin/cmake --build /home/karim/mako_robot/mako_ws/build/mako_nolang_interfaces -- -j6 -l6
[0.797s] INFO:colcon.colcon_core.task.python.build:Building Python package in '/home/karim/mako_robot/mako_ws/src/mako_py_brain'
[0.805s] INFO:colcon.colcon_core.shell:Skip shell extension 'powershell' for command environment: Not usable outside of PowerShell
[0.805s] DEBUG:colcon.colcon_core.shell:Skip shell extension 'dsv' for command environment
[0.821s] DEBUG:colcon.colcon_core.shell:Ignoring prefix path '/opt/ros/foxy'
[1.179s] INFO:colcon.colcon_core.task.python.build:Building Python package in '/home/karim/mako_robot/mako_ws/src/dev_test_tools'
[1.181s] INFO:colcon.colcon_core.shell:Skip shell extension 'powershell' for command environment: Not usable outside of PowerShell
[1.181s] DEBUG:colcon.colcon_core.shell:Skip shell extension 'dsv' for command environment
[1.185s] DEBUG:colcon.colcon_core.shell:Ignoring prefix path '/opt/ros/foxy'
[1.529s] INFO:colcon.colcon_core.task.python.build:Building Python package in '/home/karim/mako_robot/mako_ws/src/mako_py_serial_interface'
[1.530s] INFO:colcon.colcon_core.shell:Skip shell extension 'powershell' for command environment: Not usable outside of PowerShell
[1.530s] DEBUG:colcon.colcon_core.shell:Skip shell extension 'dsv' for command environment
[1.536s] DEBUG:colcon.colcon_core.shell:Ignoring prefix path '/opt/ros/foxy'
[1.590s] DEBUG:colcon.colcon_core.event_handler.log_command:Invoking command in '/home/karim/mako_robot/mako_ws/build/rplidar_ros': CMAKE_PREFIX_PATH=${CMAKE_PREFIX_PATH}:/home/karim/project_ws/install/ros_project_pkg_py_robot_driver:/home/karim/project_ws/install/dev_test_tools:/home/karim/ros2_ws/install/my_py_pkg:/home/karim/mako_robot/mako_ws/install/mako_py_serial_interface:/home/karim/mako_robot/mako_ws/install/mako_py_feedback_actuators:/home/karim/mako_robot/mako_ws/install/mako_py_brain:/home/karim/mako_robot/mako_ws/install/dev_test_tools:/opt/ros/foxy /usr/bin/cmake --build /home/karim/mako_robot/mako_ws/build/rplidar_ros -- -j6 -l6
[1.595s] DEBUG:colcon.colcon_core.event_handler.log_command:Invoked command in '/home/karim/mako_robot/mako_ws/build/mako_nolang_interfaces' returned '0': CMAKE_PREFIX_PATH=${CMAKE_PREFIX_PATH}:/home/karim/project_ws/install/ros_project_pkg_py_robot_driver:/home/karim/project_ws/install/dev_test_tools:/home/karim/ros2_ws/install/my_py_pkg:/home/karim/mako_robot/mako_ws/install/mako_py_serial_interface:/home/karim/mako_robot/mako_ws/install/mako_py_feedback_actuators:/home/karim/mako_robot/mako_ws/install/mako_py_brain:/home/karim/mako_robot/mako_ws/install/dev_test_tools:/opt/ros/foxy /usr/bin/cmake --build /home/karim/mako_robot/mako_ws/build/mako_nolang_interfaces -- -j6 -l6
[1.607s] DEBUG:colcon.colcon_core.event_handler.log_command:Invoking command in '/home/karim/mako_robot/mako_ws/build/mako_py_brain': PYTHONPATH=/home/karim/mako_robot/mako_ws/install/mako_py_brain/lib/python3.8/site-packages:${PYTHONPATH} /usr/bin/python3 setup.py develop --prefix /home/karim/mako_robot/mako_ws/install/mako_py_brain --editable --build-directory /home/karim/mako_robot/mako_ws/build/mako_py_brain/build --no-deps install_data --install-dir /home/karim/mako_robot/mako_ws/install/mako_py_brain
[1.622s] DEBUG:colcon.colcon_core.event_handler.log_command:Invoking command in '/home/karim/mako_robot/mako_ws/build/dev_test_tools': PYTHONPATH=/home/karim/mako_robot/mako_ws/install/dev_test_tools/lib/python3.8/site-packages:${PYTHONPATH} /usr/bin/python3 setup.py develop --prefix /home/karim/mako_robot/mako_ws/install/dev_test_tools --editable --build-directory /home/karim/mako_robot/mako_ws/build/dev_test_tools/build --no-deps install_data --install-dir /home/karim/mako_robot/mako_ws/install/dev_test_tools
[1.637s] DEBUG:colcon.colcon_core.event_handler.log_command:Invoking command in '/home/karim/mako_robot/mako_ws/build/mako_py_serial_interface': PYTHONPATH=/home/karim/mako_robot/mako_ws/install/mako_py_serial_interface/lib/python3.8/site-packages:${PYTHONPATH} /usr/bin/python3 setup.py develop --prefix /home/karim/mako_robot/mako_ws/install/mako_py_serial_interface --editable --build-directory /home/karim/mako_robot/mako_ws/build/mako_py_serial_interface/build --no-deps install_data --install-dir /home/karim/mako_robot/mako_ws/install/mako_py_serial_interface
[1.862s] DEBUG:colcon.colcon_core.event_handler.log_command:Invoking command in '/home/karim/mako_robot/mako_ws/build/mako_nolang_interfaces': CMAKE_PREFIX_PATH=${CMAKE_PREFIX_PATH}:/home/karim/project_ws/install/ros_project_pkg_py_robot_driver:/home/karim/project_ws/install/dev_test_tools:/home/karim/ros2_ws/install/my_py_pkg:/home/karim/mako_robot/mako_ws/install/mako_py_serial_interface:/home/karim/mako_robot/mako_ws/install/mako_py_feedback_actuators:/home/karim/mako_robot/mako_ws/install/mako_py_brain:/home/karim/mako_robot/mako_ws/install/dev_test_tools:/opt/ros/foxy /usr/bin/cmake --install /home/karim/mako_robot/mako_ws/build/mako_nolang_interfaces
[1.872s] DEBUG:colcon.colcon_core.event_handler.log_command:Invoked command in '/home/karim/mako_robot/mako_ws/build/rplidar_ros' returned '0': CMAKE_PREFIX_PATH=${CMAKE_PREFIX_PATH}:/home/karim/project_ws/install/ros_project_pkg_py_robot_driver:/home/karim/project_ws/install/dev_test_tools:/home/karim/ros2_ws/install/my_py_pkg:/home/karim/mako_robot/mako_ws/install/mako_py_serial_interface:/home/karim/mako_robot/mako_ws/install/mako_py_feedback_actuators:/home/karim/mako_robot/mako_ws/install/mako_py_brain:/home/karim/mako_robot/mako_ws/install/dev_test_tools:/opt/ros/foxy /usr/bin/cmake --build /home/karim/mako_robot/mako_ws/build/rplidar_ros -- -j6 -l6
[2.047s] Level 1:colcon.colcon_core.environment:create_environment_scripts_only(mako_nolang_interfaces)
[2.050s] DEBUG:colcon.colcon_core.event_handler.log_command:Invoked command in '/home/karim/mako_robot/mako_ws/build/mako_nolang_interfaces' returned '0': CMAKE_PREFIX_PATH=${CMAKE_PREFIX_PATH}:/home/karim/project_ws/install/ros_project_pkg_py_robot_driver:/home/karim/project_ws/install/dev_test_tools:/home/karim/ros2_ws/install/my_py_pkg:/home/karim/mako_robot/mako_ws/install/mako_py_serial_interface:/home/karim/mako_robot/mako_ws/install/mako_py_feedback_actuators:/home/karim/mako_robot/mako_ws/install/mako_py_brain:/home/karim/mako_robot/mako_ws/install/dev_test_tools:/opt/ros/foxy /usr/bin/cmake --install /home/karim/mako_robot/mako_ws/build/mako_nolang_interfaces
[2.054s] Level 1:colcon.colcon_core.environment:checking '/home/karim/mako_robot/mako_ws/install/mako_nolang_interfaces' for CMake module files
[2.055s] Level 1:colcon.colcon_core.environment:checking '/home/karim/mako_robot/mako_ws/install/mako_nolang_interfaces' for CMake config files
[2.055s] Level 1:colcon.colcon_core.shell:create_environment_hook('mako_nolang_interfaces', 'cmake_prefix_path')
[2.056s] INFO:colcon.colcon_core.shell:Creating environment hook '/home/karim/mako_robot/mako_ws/install/mako_nolang_interfaces/share/mako_nolang_interfaces/hook/cmake_prefix_path.ps1'
[2.057s] INFO:colcon.colcon_core.shell:Creating environment descriptor '/home/karim/mako_robot/mako_ws/install/mako_nolang_interfaces/share/mako_nolang_interfaces/hook/cmake_prefix_path.dsv'
[2.063s] INFO:colcon.colcon_core.shell:Creating environment hook '/home/karim/mako_robot/mako_ws/install/mako_nolang_interfaces/share/mako_nolang_interfaces/hook/cmake_prefix_path.sh'
[2.066s] Level 1:colcon.colcon_core.environment:checking '/home/karim/mako_robot/mako_ws/install/mako_nolang_interfaces/lib'
[2.068s] Level 1:colcon.colcon_core.shell:create_environment_hook('mako_nolang_interfaces', 'ld_library_path_lib')
[2.069s] INFO:colcon.colcon_core.shell:Creating environment hook '/home/karim/mako_robot/mako_ws/install/mako_nolang_interfaces/share/mako_nolang_interfaces/hook/ld_library_path_lib.ps1'
[2.070s] INFO:colcon.colcon_core.shell:Creating environment descriptor '/home/karim/mako_robot/mako_ws/install/mako_nolang_interfaces/share/mako_nolang_interfaces/hook/ld_library_path_lib.dsv'
[2.071s] INFO:colcon.colcon_core.shell:Creating environment hook '/home/karim/mako_robot/mako_ws/install/mako_nolang_interfaces/share/mako_nolang_interfaces/hook/ld_library_path_lib.sh'
[2.072s] Level 1:colcon.colcon_core.environment:checking '/home/karim/mako_robot/mako_ws/install/mako_nolang_interfaces/bin'
[2.072s] Level 1:colcon.colcon_core.environment:checking '/home/karim/mako_robot/mako_ws/install/mako_nolang_interfaces/lib/pkgconfig/mako_nolang_interfaces.pc'
[2.072s] Level 1:colcon.colcon_core.environment:checking '/home/karim/mako_robot/mako_ws/install/mako_nolang_interfaces/lib/python3.8/site-packages'
[2.072s] Level 1:colcon.colcon_core.shell:create_environment_hook('mako_nolang_interfaces', 'pythonpath')
[2.073s] INFO:colcon.colcon_core.shell:Creating environment hook '/home/karim/mako_robot/mako_ws/install/mako_nolang_interfaces/share/mako_nolang_interfaces/hook/pythonpath.ps1'
[2.075s] INFO:colcon.colcon_core.shell:Creating environment descriptor '/home/karim/mako_robot/mako_ws/install/mako_nolang_interfaces/share/mako_nolang_interfaces/hook/pythonpath.dsv'
[2.075s] INFO:colcon.colcon_core.shell:Creating environment hook '/home/karim/mako_robot/mako_ws/install/mako_nolang_interfaces/share/mako_nolang_interfaces/hook/pythonpath.sh'
[2.077s] INFO:colcon.colcon_core.shell:Creating package script '/home/karim/mako_robot/mako_ws/install/mako_nolang_interfaces/share/mako_nolang_interfaces/package.ps1'
[2.078s] INFO:colcon.colcon_core.shell:Creating package descriptor '/home/karim/mako_robot/mako_ws/install/mako_nolang_interfaces/share/mako_nolang_interfaces/package.dsv'
[2.079s] INFO:colcon.colcon_core.shell:Creating package script '/home/karim/mako_robot/mako_ws/install/mako_nolang_interfaces/share/mako_nolang_interfaces/package.sh'
[2.081s] INFO:colcon.colcon_core.shell:Creating package script '/home/karim/mako_robot/mako_ws/install/mako_nolang_interfaces/share/mako_nolang_interfaces/package.bash'
[2.083s] INFO:colcon.colcon_core.shell:Creating package script '/home/karim/mako_robot/mako_ws/install/mako_nolang_interfaces/share/mako_nolang_interfaces/package.zsh'
[2.084s] Level 1:colcon.colcon_core.environment:create_file_with_runtime_dependencies(/home/karim/mako_robot/mako_ws/install/mako_nolang_interfaces/share/colcon-core/packages/mako_nolang_interfaces)
[2.096s] DEBUG:colcon.colcon_core.event_handler.log_command:Invoking command in '/home/karim/mako_robot/mako_ws/build/rplidar_ros': CMAKE_PREFIX_PATH=${CMAKE_PREFIX_PATH}:/home/karim/project_ws/install/ros_project_pkg_py_robot_driver:/home/karim/project_ws/install/dev_test_tools:/home/karim/ros2_ws/install/my_py_pkg:/home/karim/mako_robot/mako_ws/install/mako_py_serial_interface:/home/karim/mako_robot/mako_ws/install/mako_py_feedback_actuators:/home/karim/mako_robot/mako_ws/install/mako_py_brain:/home/karim/mako_robot/mako_ws/install/dev_test_tools:/opt/ros/foxy /usr/bin/cmake --install /home/karim/mako_robot/mako_ws/build/rplidar_ros
[2.179s] Level 1:colcon.colcon_core.environment:create_environment_scripts_only(rplidar_ros)
[2.181s] Level 1:colcon.colcon_core.environment:checking '/home/karim/mako_robot/mako_ws/install/rplidar_ros' for CMake module files
[2.182s] DEBUG:colcon.colcon_core.event_handler.log_command:Invoked command in '/home/karim/mako_robot/mako_ws/build/rplidar_ros' returned '0': CMAKE_PREFIX_PATH=${CMAKE_PREFIX_PATH}:/home/karim/project_ws/install/ros_project_pkg_py_robot_driver:/home/karim/project_ws/install/dev_test_tools:/home/karim/ros2_ws/install/my_py_pkg:/home/karim/mako_robot/mako_ws/install/mako_py_serial_interface:/home/karim/mako_robot/mako_ws/install/mako_py_feedback_actuators:/home/karim/mako_robot/mako_ws/install/mako_py_brain:/home/karim/mako_robot/mako_ws/install/dev_test_tools:/opt/ros/foxy /usr/bin/cmake --install /home/karim/mako_robot/mako_ws/build/rplidar_ros
[2.183s] Level 1:colcon.colcon_core.environment:checking '/home/karim/mako_robot/mako_ws/install/rplidar_ros' for CMake config files
[2.184s] Level 1:colcon.colcon_core.shell:create_environment_hook('rplidar_ros', 'cmake_prefix_path')
[2.185s] INFO:colcon.colcon_core.shell:Creating environment hook '/home/karim/mako_robot/mako_ws/install/rplidar_ros/share/rplidar_ros/hook/cmake_prefix_path.ps1'
[2.186s] INFO:colcon.colcon_core.shell:Creating environment descriptor '/home/karim/mako_robot/mako_ws/install/rplidar_ros/share/rplidar_ros/hook/cmake_prefix_path.dsv'
[2.187s] INFO:colcon.colcon_core.shell:Creating environment hook '/home/karim/mako_robot/mako_ws/install/rplidar_ros/share/rplidar_ros/hook/cmake_prefix_path.sh'
[2.188s] Level 1:colcon.colcon_core.environment:checking '/home/karim/mako_robot/mako_ws/install/rplidar_ros/lib'
[2.188s] Level 1:colcon.colcon_core.shell:create_environment_hook('rplidar_ros', 'ld_library_path_lib')
[2.189s] INFO:colcon.colcon_core.shell:Creating environment hook '/home/karim/mako_robot/mako_ws/install/rplidar_ros/share/rplidar_ros/hook/ld_library_path_lib.ps1'
[2.190s] INFO:colcon.colcon_core.shell:Creating environment descriptor '/home/karim/mako_robot/mako_ws/install/rplidar_ros/share/rplidar_ros/hook/ld_library_path_lib.dsv'
[2.192s] INFO:colcon.colcon_core.shell:Creating environment hook '/home/karim/mako_robot/mako_ws/install/rplidar_ros/share/rplidar_ros/hook/ld_library_path_lib.sh'
[2.193s] Level 1:colcon.colcon_core.environment:checking '/home/karim/mako_robot/mako_ws/install/rplidar_ros/bin'
[2.195s] Level 1:colcon.colcon_core.environment:checking '/home/karim/mako_robot/mako_ws/install/rplidar_ros/lib/pkgconfig/rplidar_ros.pc'
[2.195s] Level 1:colcon.colcon_core.environment:checking '/home/karim/mako_robot/mako_ws/install/rplidar_ros/lib/python3.8/site-packages'
[2.196s] INFO:colcon.colcon_core.shell:Creating package script '/home/karim/mako_robot/mako_ws/install/rplidar_ros/share/rplidar_ros/package.ps1'
[2.197s] INFO:colcon.colcon_core.shell:Creating package descriptor '/home/karim/mako_robot/mako_ws/install/rplidar_ros/share/rplidar_ros/package.dsv'
[2.198s] INFO:colcon.colcon_core.shell:Creating package script '/home/karim/mako_robot/mako_ws/install/rplidar_ros/share/rplidar_ros/package.sh'
[2.199s] INFO:colcon.colcon_core.shell:Creating package script '/home/karim/mako_robot/mako_ws/install/rplidar_ros/share/rplidar_ros/package.bash'
[2.200s] INFO:colcon.colcon_core.shell:Creating package script '/home/karim/mako_robot/mako_ws/install/rplidar_ros/share/rplidar_ros/package.zsh'
[2.201s] Level 1:colcon.colcon_core.environment:create_file_with_runtime_dependencies(/home/karim/mako_robot/mako_ws/install/rplidar_ros/share/colcon-core/packages/rplidar_ros)
[2.221s] Level 1:colcon.colcon_core.environment:create_environment_scripts_only(mako_nolang_interfaces)
[2.224s] Level 1:colcon.colcon_core.environment:checking '/home/karim/mako_robot/mako_ws/install/mako_nolang_interfaces' for CMake module files
[2.226s] Level 1:colcon.colcon_core.environment:checking '/home/karim/mako_robot/mako_ws/install/mako_nolang_interfaces' for CMake config files
[2.227s] Level 1:colcon.colcon_core.shell:create_environment_hook('mako_nolang_interfaces', 'cmake_prefix_path')
[2.229s] INFO:colcon.colcon_core.shell:Creating environment hook '/home/karim/mako_robot/mako_ws/install/mako_nolang_interfaces/share/mako_nolang_interfaces/hook/cmake_prefix_path.ps1'
[2.229s] INFO:colcon.colcon_core.shell:Creating environment descriptor '/home/karim/mako_robot/mako_ws/install/mako_nolang_interfaces/share/mako_nolang_interfaces/hook/cmake_prefix_path.dsv'
[2.231s] INFO:colcon.colcon_core.shell:Creating environment hook '/home/karim/mako_robot/mako_ws/install/mako_nolang_interfaces/share/mako_nolang_interfaces/hook/cmake_prefix_path.sh'
[2.234s] Level 1:colcon.colcon_core.environment:checking '/home/karim/mako_robot/mako_ws/install/mako_nolang_interfaces/lib'
[2.234s] Level 1:colcon.colcon_core.shell:create_environment_hook('mako_nolang_interfaces', 'ld_library_path_lib')
[2.235s] INFO:colcon.colcon_core.shell:Creating environment hook '/home/karim/mako_robot/mako_ws/install/mako_nolang_interfaces/share/mako_nolang_interfaces/hook/ld_library_path_lib.ps1'
[2.236s] INFO:colcon.colcon_core.shell:Creating environment descriptor '/home/karim/mako_robot/mako_ws/install/mako_nolang_interfaces/share/mako_nolang_interfaces/hook/ld_library_path_lib.dsv'
[2.237s] INFO:colcon.colcon_core.shell:Creating environment hook '/home/karim/mako_robot/mako_ws/install/mako_nolang_interfaces/share/mako_nolang_interfaces/hook/ld_library_path_lib.sh'
[2.237s] Level 1:colcon.colcon_core.environment:checking '/home/karim/mako_robot/mako_ws/install/mako_nolang_interfaces/bin'
[2.237s] Level 1:colcon.colcon_core.environment:checking '/home/karim/mako_robot/mako_ws/install/mako_nolang_interfaces/lib/pkgconfig/mako_nolang_interfaces.pc'
[2.238s] Level 1:colcon.colcon_core.environment:checking '/home/karim/mako_robot/mako_ws/install/mako_nolang_interfaces/lib/python3.8/site-packages'
[2.238s] Level 1:colcon.colcon_core.shell:create_environment_hook('mako_nolang_interfaces', 'pythonpath')
[2.239s] INFO:colcon.colcon_core.shell:Creating environment hook '/home/karim/mako_robot/mako_ws/install/mako_nolang_interfaces/share/mako_nolang_interfaces/hook/pythonpath.ps1'
[2.239s] INFO:colcon.colcon_core.shell:Creating environment descriptor '/home/karim/mako_robot/mako_ws/install/mako_nolang_interfaces/share/mako_nolang_interfaces/hook/pythonpath.dsv'
[2.241s] INFO:colcon.colcon_core.shell:Creating environment hook '/home/karim/mako_robot/mako_ws/install/mako_nolang_interfaces/share/mako_nolang_interfaces/hook/pythonpath.sh'
[2.243s] INFO:colcon.colcon_core.shell:Creating package script '/home/karim/mako_robot/mako_ws/install/mako_nolang_interfaces/share/mako_nolang_interfaces/package.ps1'
[2.244s] INFO:colcon.colcon_core.shell:Creating package descriptor '/home/karim/mako_robot/mako_ws/install/mako_nolang_interfaces/share/mako_nolang_interfaces/package.dsv'
[2.245s] INFO:colcon.colcon_core.shell:Creating package script '/home/karim/mako_robot/mako_ws/install/mako_nolang_interfaces/share/mako_nolang_interfaces/package.sh'
[2.246s] INFO:colcon.colcon_core.shell:Creating package script '/home/karim/mako_robot/mako_ws/install/mako_nolang_interfaces/share/mako_nolang_interfaces/package.bash'
[2.247s] INFO:colcon.colcon_core.shell:Creating package script '/home/karim/mako_robot/mako_ws/install/mako_nolang_interfaces/share/mako_nolang_interfaces/package.zsh'
[2.248s] Level 1:colcon.colcon_core.environment:create_file_with_runtime_dependencies(/home/karim/mako_robot/mako_ws/install/mako_nolang_interfaces/share/colcon-core/packages/mako_nolang_interfaces)
[2.252s] INFO:colcon.colcon_ros.task.ament_python.build:Building ROS package in '/home/karim/mako_robot/mako_ws/src/mako_py_feedback_actuators' with build type 'ament_python'
[2.252s] Level 1:colcon.colcon_core.shell:create_environment_hook('mako_py_feedback_actuators', 'ament_prefix_path')
[2.253s] INFO:colcon.colcon_core.shell:Creating environment hook '/home/karim/mako_robot/mako_ws/install/mako_py_feedback_actuators/share/mako_py_feedback_actuators/hook/ament_prefix_path.ps1'
[2.255s] INFO:colcon.colcon_core.shell:Creating environment descriptor '/home/karim/mako_robot/mako_ws/install/mako_py_feedback_actuators/share/mako_py_feedback_actuators/hook/ament_prefix_path.dsv'
[2.257s] INFO:colcon.colcon_core.shell:Creating environment hook '/home/karim/mako_robot/mako_ws/install/mako_py_feedback_actuators/share/mako_py_feedback_actuators/hook/ament_prefix_path.sh'
[2.259s] INFO:colcon.colcon_core.shell:Skip shell extension 'powershell' for command environment: Not usable outside of PowerShell
[2.259s] DEBUG:colcon.colcon_core.shell:Skip shell extension 'dsv' for command environment
[2.264s] DEBUG:colcon.colcon_core.shell:Ignoring prefix path '/opt/ros/foxy'
[2.736s] INFO:colcon.colcon_core.task.python.build:Building Python package in '/home/karim/mako_robot/mako_ws/src/mako_py_feedback_actuators'
[2.737s] INFO:colcon.colcon_core.shell:Skip shell extension 'powershell' for command environment: Not usable outside of PowerShell
[2.737s] DEBUG:colcon.colcon_core.shell:Skip shell extension 'dsv' for command environment
[2.741s] DEBUG:colcon.colcon_core.shell:Ignoring prefix path '/opt/ros/foxy'
[2.749s] Level 1:colcon.colcon_core.environment:create_environment_scripts_only(rplidar_ros)
[2.752s] Level 1:colcon.colcon_core.environment:checking '/home/karim/mako_robot/mako_ws/install/rplidar_ros' for CMake module files
[2.755s] Level 1:colcon.colcon_core.environment:checking '/home/karim/mako_robot/mako_ws/install/rplidar_ros' for CMake config files
[2.756s] Level 1:colcon.colcon_core.shell:create_environment_hook('rplidar_ros', 'cmake_prefix_path')
[2.757s] INFO:colcon.colcon_core.shell:Creating environment hook '/home/karim/mako_robot/mako_ws/install/rplidar_ros/share/rplidar_ros/hook/cmake_prefix_path.ps1'
[2.758s] INFO:colcon.colcon_core.shell:Creating environment descriptor '/home/karim/mako_robot/mako_ws/install/rplidar_ros/share/rplidar_ros/hook/cmake_prefix_path.dsv'
[2.759s] INFO:colcon.colcon_core.shell:Creating environment hook '/home/karim/mako_robot/mako_ws/install/rplidar_ros/share/rplidar_ros/hook/cmake_prefix_path.sh'
[2.761s] Level 1:colcon.colcon_core.environment:checking '/home/karim/mako_robot/mako_ws/install/rplidar_ros/lib'
[2.761s] Level 1:colcon.colcon_core.shell:create_environment_hook('rplidar_ros', 'ld_library_path_lib')
[2.763s] INFO:colcon.colcon_core.shell:Creating environment hook '/home/karim/mako_robot/mako_ws/install/rplidar_ros/share/rplidar_ros/hook/ld_library_path_lib.ps1'
[2.763s] INFO:colcon.colcon_core.shell:Creating environment descriptor '/home/karim/mako_robot/mako_ws/install/rplidar_ros/share/rplidar_ros/hook/ld_library_path_lib.dsv'
[2.764s] INFO:colcon.colcon_core.shell:Creating environment hook '/home/karim/mako_robot/mako_ws/install/rplidar_ros/share/rplidar_ros/hook/ld_library_path_lib.sh'
[2.765s] Level 1:colcon.colcon_core.environment:checking '/home/karim/mako_robot/mako_ws/install/rplidar_ros/bin'
[2.765s] Level 1:colcon.colcon_core.environment:checking '/home/karim/mako_robot/mako_ws/install/rplidar_ros/lib/pkgconfig/rplidar_ros.pc'
[2.765s] Level 1:colcon.colcon_core.environment:checking '/home/karim/mako_robot/mako_ws/install/rplidar_ros/lib/python3.8/site-packages'
[2.767s] INFO:colcon.colcon_core.shell:Creating package script '/home/karim/mako_robot/mako_ws/install/rplidar_ros/share/rplidar_ros/package.ps1'
[2.768s] INFO:colcon.colcon_core.shell:Creating package descriptor '/home/karim/mako_robot/mako_ws/install/rplidar_ros/share/rplidar_ros/package.dsv'
[2.769s] INFO:colcon.colcon_core.shell:Creating package script '/home/karim/mako_robot/mako_ws/install/rplidar_ros/share/rplidar_ros/package.sh'
[2.770s] INFO:colcon.colcon_core.shell:Creating package script '/home/karim/mako_robot/mako_ws/install/rplidar_ros/share/rplidar_ros/package.bash'
[2.771s] INFO:colcon.colcon_core.shell:Creating package script '/home/karim/mako_robot/mako_ws/install/rplidar_ros/share/rplidar_ros/package.zsh'
[2.772s] Level 1:colcon.colcon_core.environment:create_file_with_runtime_dependencies(/home/karim/mako_robot/mako_ws/install/rplidar_ros/share/colcon-core/packages/rplidar_ros)
[2.775s] Level 1:colcon.colcon_core.shell:create_environment_hook('mako_py_brain', 'pythonpath_develop')
[2.776s] INFO:colcon.colcon_core.shell:Creating environment hook '/home/karim/mako_robot/mako_ws/build/mako_py_brain/share/mako_py_brain/hook/pythonpath_develop.ps1'
[2.777s] INFO:colcon.colcon_core.shell:Creating environment descriptor '/home/karim/mako_robot/mako_ws/build/mako_py_brain/share/mako_py_brain/hook/pythonpath_develop.dsv'
[2.778s] INFO:colcon.colcon_core.shell:Creating environment hook '/home/karim/mako_robot/mako_ws/build/mako_py_brain/share/mako_py_brain/hook/pythonpath_develop.sh'
[2.782s] Level 1:colcon.colcon_core.environment:checking '/home/karim/mako_robot/mako_ws/install/mako_py_brain' for CMake module files
[2.784s] DEBUG:colcon.colcon_core.event_handler.log_command:Invoked command in '/home/karim/mako_robot/mako_ws/build/mako_py_brain' returned '0': PYTHONPATH=/home/karim/mako_robot/mako_ws/install/mako_py_brain/lib/python3.8/site-packages:${PYTHONPATH} /usr/bin/python3 setup.py develop --prefix /home/karim/mako_robot/mako_ws/install/mako_py_brain --editable --build-directory /home/karim/mako_robot/mako_ws/build/mako_py_brain/build --no-deps install_data --install-dir /home/karim/mako_robot/mako_ws/install/mako_py_brain
[2.784s] Level 1:colcon.colcon_core.environment:checking '/home/karim/mako_robot/mako_ws/install/mako_py_brain' for CMake config files
[2.785s] Level 1:colcon.colcon_core.environment:checking '/home/karim/mako_robot/mako_ws/install/mako_py_brain/lib'
[2.785s] Level 1:colcon.colcon_core.environment:checking '/home/karim/mako_robot/mako_ws/install/mako_py_brain/bin'
[2.785s] Level 1:colcon.colcon_core.environment:checking '/home/karim/mako_robot/mako_ws/install/mako_py_brain/lib/pkgconfig/mako_py_brain.pc'
[2.785s] Level 1:colcon.colcon_core.environment:checking '/home/karim/mako_robot/mako_ws/install/mako_py_brain/lib/python3.8/site-packages'
[2.785s] Level 1:colcon.colcon_core.shell:create_environment_hook('mako_py_brain', 'pythonpath')
[2.786s] INFO:colcon.colcon_core.shell:Creating environment hook '/home/karim/mako_robot/mako_ws/install/mako_py_brain/share/mako_py_brain/hook/pythonpath.ps1'
[2.787s] INFO:colcon.colcon_core.shell:Creating environment descriptor '/home/karim/mako_robot/mako_ws/install/mako_py_brain/share/mako_py_brain/hook/pythonpath.dsv'
[2.787s] INFO:colcon.colcon_core.shell:Creating environment hook '/home/karim/mako_robot/mako_ws/install/mako_py_brain/share/mako_py_brain/hook/pythonpath.sh'
[2.788s] Level 1:colcon.colcon_core.environment:create_environment_scripts_only(mako_py_brain)
[2.789s] INFO:colcon.colcon_core.shell:Creating package script '/home/karim/mako_robot/mako_ws/install/mako_py_brain/share/mako_py_brain/package.ps1'
[2.790s] INFO:colcon.colcon_core.shell:Creating package descriptor '/home/karim/mako_robot/mako_ws/install/mako_py_brain/share/mako_py_brain/package.dsv'
[2.791s] INFO:colcon.colcon_core.shell:Creating package script '/home/karim/mako_robot/mako_ws/install/mako_py_brain/share/mako_py_brain/package.sh'
[2.792s] INFO:colcon.colcon_core.shell:Creating package script '/home/karim/mako_robot/mako_ws/install/mako_py_brain/share/mako_py_brain/package.bash'
[2.793s] INFO:colcon.colcon_core.shell:Creating package script '/home/karim/mako_robot/mako_ws/install/mako_py_brain/share/mako_py_brain/package.zsh'
[2.793s] Level 1:colcon.colcon_core.environment:create_file_with_runtime_dependencies(/home/karim/mako_robot/mako_ws/install/mako_py_brain/share/colcon-core/packages/mako_py_brain)
[2.795s] Level 1:colcon.colcon_core.shell:create_environment_hook('mako_py_serial_interface', 'pythonpath_develop')
[2.795s] INFO:colcon.colcon_core.shell:Creating environment hook '/home/karim/mako_robot/mako_ws/build/mako_py_serial_interface/share/mako_py_serial_interface/hook/pythonpath_develop.ps1'
[2.796s] INFO:colcon.colcon_core.shell:Creating environment descriptor '/home/karim/mako_robot/mako_ws/build/mako_py_serial_interface/share/mako_py_serial_interface/hook/pythonpath_develop.dsv'
[2.799s] DEBUG:colcon.colcon_core.event_handler.log_command:Invoked command in '/home/karim/mako_robot/mako_ws/build/mako_py_serial_interface' returned '0': PYTHONPATH=/home/karim/mako_robot/mako_ws/install/mako_py_serial_interface/lib/python3.8/site-packages:${PYTHONPATH} /usr/bin/python3 setup.py develop --prefix /home/karim/mako_robot/mako_ws/install/mako_py_serial_interface --editable --build-directory /home/karim/mako_robot/mako_ws/build/mako_py_serial_interface/build --no-deps install_data --install-dir /home/karim/mako_robot/mako_ws/install/mako_py_serial_interface
[2.799s] INFO:colcon.colcon_core.shell:Creating environment hook '/home/karim/mako_robot/mako_ws/build/mako_py_serial_interface/share/mako_py_serial_interface/hook/pythonpath_develop.sh'
[2.801s] Level 1:colcon.colcon_core.environment:checking '/home/karim/mako_robot/mako_ws/install/mako_py_serial_interface' for CMake module files
[2.801s] Level 1:colcon.colcon_core.environment:checking '/home/karim/mako_robot/mako_ws/install/mako_py_serial_interface' for CMake config files
[2.802s] Level 1:colcon.colcon_core.environment:checking '/home/karim/mako_robot/mako_ws/install/mako_py_serial_interface/lib'
[2.802s] Level 1:colcon.colcon_core.environment:checking '/home/karim/mako_robot/mako_ws/install/mako_py_serial_interface/bin'
[2.802s] Level 1:colcon.colcon_core.environment:checking '/home/karim/mako_robot/mako_ws/install/mako_py_serial_interface/lib/pkgconfig/mako_py_serial_interface.pc'
[2.802s] Level 1:colcon.colcon_core.environment:checking '/home/karim/mako_robot/mako_ws/install/mako_py_serial_interface/lib/python3.8/site-packages'
[2.802s] Level 1:colcon.colcon_core.shell:create_environment_hook('mako_py_serial_interface', 'pythonpath')
[2.803s] INFO:colcon.colcon_core.shell:Creating environment hook '/home/karim/mako_robot/mako_ws/install/mako_py_serial_interface/share/mako_py_serial_interface/hook/pythonpath.ps1'
[2.804s] INFO:colcon.colcon_core.shell:Creating environment descriptor '/home/karim/mako_robot/mako_ws/install/mako_py_serial_interface/share/mako_py_serial_interface/hook/pythonpath.dsv'
[2.806s] INFO:colcon.colcon_core.shell:Creating environment hook '/home/karim/mako_robot/mako_ws/install/mako_py_serial_interface/share/mako_py_serial_interface/hook/pythonpath.sh'
[2.806s] Level 1:colcon.colcon_core.environment:create_environment_scripts_only(mako_py_serial_interface)
[2.807s] INFO:colcon.colcon_core.shell:Creating package script '/home/karim/mako_robot/mako_ws/install/mako_py_serial_interface/share/mako_py_serial_interface/package.ps1'
[2.808s] INFO:colcon.colcon_core.shell:Creating package descriptor '/home/karim/mako_robot/mako_ws/install/mako_py_serial_interface/share/mako_py_serial_interface/package.dsv'
[2.808s] INFO:colcon.colcon_core.shell:Creating package script '/home/karim/mako_robot/mako_ws/install/mako_py_serial_interface/share/mako_py_serial_interface/package.sh'
[2.814s] INFO:colcon.colcon_core.shell:Creating package script '/home/karim/mako_robot/mako_ws/install/mako_py_serial_interface/share/mako_py_serial_interface/package.bash'
[2.814s] INFO:colcon.colcon_core.shell:Creating package script '/home/karim/mako_robot/mako_ws/install/mako_py_serial_interface/share/mako_py_serial_interface/package.zsh'
[2.815s] Level 1:colcon.colcon_core.environment:create_file_with_runtime_dependencies(/home/karim/mako_robot/mako_ws/install/mako_py_serial_interface/share/colcon-core/packages/mako_py_serial_interface)
[2.830s] Level 1:colcon.colcon_core.shell:create_environment_hook('dev_test_tools', 'pythonpath_develop')
[2.833s] INFO:colcon.colcon_core.shell:Creating environment hook '/home/karim/mako_robot/mako_ws/build/dev_test_tools/share/dev_test_tools/hook/pythonpath_develop.ps1'
[2.839s] DEBUG:colcon.colcon_core.event_handler.log_command:Invoked command in '/home/karim/mako_robot/mako_ws/build/dev_test_tools' returned '0': PYTHONPATH=/home/karim/mako_robot/mako_ws/install/dev_test_tools/lib/python3.8/site-packages:${PYTHONPATH} /usr/bin/python3 setup.py develop --prefix /home/karim/mako_robot/mako_ws/install/dev_test_tools --editable --build-directory /home/karim/mako_robot/mako_ws/build/dev_test_tools/build --no-deps install_data --install-dir /home/karim/mako_robot/mako_ws/install/dev_test_tools
[2.839s] INFO:colcon.colcon_core.shell:Creating environment descriptor '/home/karim/mako_robot/mako_ws/build/dev_test_tools/share/dev_test_tools/hook/pythonpath_develop.dsv'
[2.841s] INFO:colcon.colcon_core.shell:Creating environment hook '/home/karim/mako_robot/mako_ws/build/dev_test_tools/share/dev_test_tools/hook/pythonpath_develop.sh'
[2.843s] Level 1:colcon.colcon_core.environment:checking '/home/karim/mako_robot/mako_ws/install/dev_test_tools' for CMake module files
[2.844s] Level 1:colcon.colcon_core.environment:checking '/home/karim/mako_robot/mako_ws/install/dev_test_tools' for CMake config files
[2.845s] Level 1:colcon.colcon_core.environment:checking '/home/karim/mako_robot/mako_ws/install/dev_test_tools/lib'
[2.845s] Level 1:colcon.colcon_core.environment:checking '/home/karim/mako_robot/mako_ws/install/dev_test_tools/bin'
[2.845s] Level 1:colcon.colcon_core.environment:checking '/home/karim/mako_robot/mako_ws/install/dev_test_tools/lib/pkgconfig/dev_test_tools.pc'
[2.845s] Level 1:colcon.colcon_core.environment:checking '/home/karim/mako_robot/mako_ws/install/dev_test_tools/lib/python3.8/site-packages'
[2.845s] Level 1:colcon.colcon_core.shell:create_environment_hook('dev_test_tools', 'pythonpath')
[2.846s] INFO:colcon.colcon_core.shell:Creating environment hook '/home/karim/mako_robot/mako_ws/install/dev_test_tools/share/dev_test_tools/hook/pythonpath.ps1'
[2.849s] INFO:colcon.colcon_core.shell:Creating environment descriptor '/home/karim/mako_robot/mako_ws/install/dev_test_tools/share/dev_test_tools/hook/pythonpath.dsv'
[2.857s] INFO:colcon.colcon_core.shell:Creating environment hook '/home/karim/mako_robot/mako_ws/install/dev_test_tools/share/dev_test_tools/hook/pythonpath.sh'
[2.859s] Level 1:colcon.colcon_core.environment:create_environment_scripts_only(dev_test_tools)
[2.861s] INFO:colcon.colcon_core.shell:Creating package script '/home/karim/mako_robot/mako_ws/install/dev_test_tools/share/dev_test_tools/package.ps1'
[2.863s] INFO:colcon.colcon_core.shell:Creating package descriptor '/home/karim/mako_robot/mako_ws/install/dev_test_tools/share/dev_test_tools/package.dsv'
[2.864s] INFO:colcon.colcon_core.shell:Creating package script '/home/karim/mako_robot/mako_ws/install/dev_test_tools/share/dev_test_tools/package.sh'
[2.866s] INFO:colcon.colcon_core.shell:Creating package script '/home/karim/mako_robot/mako_ws/install/dev_test_tools/share/dev_test_tools/package.bash'
[2.867s] INFO:colcon.colcon_core.shell:Creating package script '/home/karim/mako_robot/mako_ws/install/dev_test_tools/share/dev_test_tools/package.zsh'
[2.869s] Level 1:colcon.colcon_core.environment:create_file_with_runtime_dependencies(/home/karim/mako_robot/mako_ws/install/dev_test_tools/share/colcon-core/packages/dev_test_tools)
[2.907s] DEBUG:colcon.colcon_core.event_handler.log_command:Invoking command in '/home/karim/mako_robot/mako_ws/build/mako_py_feedback_actuators': CMAKE_PREFIX_PATH=/home/karim/mako_robot/mako_ws/install/mako_nolang_interfaces:/home/karim/project_ws/install/ros-project_pkg-cpp_robot-bringup:/home/karim/project_ws/install/ros-project_pkg-cpp_robot-driver-spawner:/home/karim/project_ws/install/ros_project_pkg_cpp_robot_interfaces:/home/karim/ros2_ws/install/serv_act_sol_pkg:/home/karim/ros2_ws/install/serv_act_sol_interfaces:/home/karim/ros2_ws/install/my_cpp_pkg:/home/karim/ros2_ws/install/robot_interfaces:/home/karim/mako_robot/mako_ws/install/rplidar_ros:/home/karim/mako_robot/mako_ws/install/mako_nolang_launch PYTHONPATH=/home/karim/mako_robot/mako_ws/install/mako_py_feedback_actuators/lib/python3.8/site-packages:/home/karim/mako_robot/mako_ws/install/mako_nolang_interfaces/lib/python3.8/site-packages:/home/karim/mako_robot/mako_ws/build/mako_py_serial_interface:/home/karim/mako_robot/mako_ws/build/mako_py_feedback_actuators:/home/karim/mako_robot/mako_ws/build/mako_py_brain:/home/karim/mako_robot/mako_ws/build/dev_test_tools:/home/karim/project_ws/install/ros_project_pkg_py_robot_driver/lib/python3.8/site-packages:/home/karim/project_ws/install/ros_project_pkg_cpp_robot_interfaces/lib/python3.8/site-packages:/home/karim/project_ws/install/dev_test_tools/lib/python3.8/site-packages:/home/karim/ros2_ws/install/serv_act_sol_interfaces/lib/python3.8/site-packages:/home/karim/ros2_ws/install/robot_interfaces/lib/python3.8/site-packages:/home/karim/ros2_ws/install/my_py_pkg/lib/python3.8/site-packages:/home/karim/mako_robot/mako_ws/install/mako_py_serial_interface/lib/python3.8/site-packages:/home/karim/mako_robot/mako_ws/install/mako_py_feedback_actuators/lib/python3.8/site-packages:/home/karim/mako_robot/mako_ws/install/mako_py_brain/lib/python3.8/site-packages:/home/karim/mako_robot/mako_ws/install/dev_test_tools/lib/python3.8/site-packages:/opt/ros/foxy/lib/python3.8/site-packages /usr/bin/python3 setup.py develop --prefix /home/karim/mako_robot/mako_ws/install/mako_py_feedback_actuators --editable --build-directory /home/karim/mako_robot/mako_ws/build/mako_py_feedback_actuators/build --no-deps install_data --install-dir /home/karim/mako_robot/mako_ws/install/mako_py_feedback_actuators
[3.552s] Level 1:colcon.colcon_core.shell:create_environment_hook('mako_py_feedback_actuators', 'pythonpath_develop')
[3.553s] INFO:colcon.colcon_core.shell:Creating environment hook '/home/karim/mako_robot/mako_ws/build/mako_py_feedback_actuators/share/mako_py_feedback_actuators/hook/pythonpath_develop.ps1'
[3.554s] DEBUG:colcon.colcon_core.event_handler.log_command:Invoked command in '/home/karim/mako_robot/mako_ws/build/mako_py_feedback_actuators' returned '0': CMAKE_PREFIX_PATH=/home/karim/mako_robot/mako_ws/install/mako_nolang_interfaces:/home/karim/project_ws/install/ros-project_pkg-cpp_robot-bringup:/home/karim/project_ws/install/ros-project_pkg-cpp_robot-driver-spawner:/home/karim/project_ws/install/ros_project_pkg_cpp_robot_interfaces:/home/karim/ros2_ws/install/serv_act_sol_pkg:/home/karim/ros2_ws/install/serv_act_sol_interfaces:/home/karim/ros2_ws/install/my_cpp_pkg:/home/karim/ros2_ws/install/robot_interfaces:/home/karim/mako_robot/mako_ws/install/rplidar_ros:/home/karim/mako_robot/mako_ws/install/mako_nolang_launch PYTHONPATH=/home/karim/mako_robot/mako_ws/install/mako_py_feedback_actuators/lib/python3.8/site-packages:/home/karim/mako_robot/mako_ws/install/mako_nolang_interfaces/lib/python3.8/site-packages:/home/karim/mako_robot/mako_ws/build/mako_py_serial_interface:/home/karim/mako_robot/mako_ws/build/mako_py_feedback_actuators:/home/karim/mako_robot/mako_ws/build/mako_py_brain:/home/karim/mako_robot/mako_ws/build/dev_test_tools:/home/karim/project_ws/install/ros_project_pkg_py_robot_driver/lib/python3.8/site-packages:/home/karim/project_ws/install/ros_project_pkg_cpp_robot_interfaces/lib/python3.8/site-packages:/home/karim/project_ws/install/dev_test_tools/lib/python3.8/site-packages:/home/karim/ros2_ws/install/serv_act_sol_interfaces/lib/python3.8/site-packages:/home/karim/ros2_ws/install/robot_interfaces/lib/python3.8/site-packages:/home/karim/ros2_ws/install/my_py_pkg/lib/python3.8/site-packages:/home/karim/mako_robot/mako_ws/install/mako_py_serial_interface/lib/python3.8/site-packages:/home/karim/mako_robot/mako_ws/install/mako_py_feedback_actuators/lib/python3.8/site-packages:/home/karim/mako_robot/mako_ws/install/mako_py_brain/lib/python3.8/site-packages:/home/karim/mako_robot/mako_ws/install/dev_test_tools/lib/python3.8/site-packages:/opt/ros/foxy/lib/python3.8/site-packages /usr/bin/python3 setup.py develop --prefix /home/karim/mako_robot/mako_ws/install/mako_py_feedback_actuators --editable --build-directory /home/karim/mako_robot/mako_ws/build/mako_py_feedback_actuators/build --no-deps install_data --install-dir /home/karim/mako_robot/mako_ws/install/mako_py_feedback_actuators
[3.555s] INFO:colcon.colcon_core.shell:Creating environment descriptor '/home/karim/mako_robot/mako_ws/build/mako_py_feedback_actuators/share/mako_py_feedback_actuators/hook/pythonpath_develop.dsv'
[3.556s] INFO:colcon.colcon_core.shell:Creating environment hook '/home/karim/mako_robot/mako_ws/build/mako_py_feedback_actuators/share/mako_py_feedback_actuators/hook/pythonpath_develop.sh'
[3.559s] Level 1:colcon.colcon_core.environment:checking '/home/karim/mako_robot/mako_ws/install/mako_py_feedback_actuators' for CMake module files
[3.559s] Level 1:colcon.colcon_core.environment:checking '/home/karim/mako_robot/mako_ws/install/mako_py_feedback_actuators' for CMake config files
[3.560s] Level 1:colcon.colcon_core.environment:checking '/home/karim/mako_robot/mako_ws/install/mako_py_feedback_actuators/lib'
[3.560s] Level 1:colcon.colcon_core.environment:checking '/home/karim/mako_robot/mako_ws/install/mako_py_feedback_actuators/bin'
[3.560s] Level 1:colcon.colcon_core.environment:checking '/home/karim/mako_robot/mako_ws/install/mako_py_feedback_actuators/lib/pkgconfig/mako_py_feedback_actuators.pc'
[3.560s] Level 1:colcon.colcon_core.environment:checking '/home/karim/mako_robot/mako_ws/install/mako_py_feedback_actuators/lib/python3.8/site-packages'
[3.561s] Level 1:colcon.colcon_core.shell:create_environment_hook('mako_py_feedback_actuators', 'pythonpath')
[3.561s] INFO:colcon.colcon_core.shell:Creating environment hook '/home/karim/mako_robot/mako_ws/install/mako_py_feedback_actuators/share/mako_py_feedback_actuators/hook/pythonpath.ps1'
[3.563s] INFO:colcon.colcon_core.shell:Creating environment descriptor '/home/karim/mako_robot/mako_ws/install/mako_py_feedback_actuators/share/mako_py_feedback_actuators/hook/pythonpath.dsv'
[3.564s] INFO:colcon.colcon_core.shell:Creating environment hook '/home/karim/mako_robot/mako_ws/install/mako_py_feedback_actuators/share/mako_py_feedback_actuators/hook/pythonpath.sh'
[3.567s] Level 1:colcon.colcon_core.environment:create_environment_scripts_only(mako_py_feedback_actuators)
[3.576s] INFO:colcon.colcon_core.shell:Creating package script '/home/karim/mako_robot/mako_ws/install/mako_py_feedback_actuators/share/mako_py_feedback_actuators/package.ps1'
[3.577s] INFO:colcon.colcon_core.shell:Creating package descriptor '/home/karim/mako_robot/mako_ws/install/mako_py_feedback_actuators/share/mako_py_feedback_actuators/package.dsv'
[3.579s] INFO:colcon.colcon_core.shell:Creating package script '/home/karim/mako_robot/mako_ws/install/mako_py_feedback_actuators/share/mako_py_feedback_actuators/package.sh'
[3.580s] INFO:colcon.colcon_core.shell:Creating package script '/home/karim/mako_robot/mako_ws/install/mako_py_feedback_actuators/share/mako_py_feedback_actuators/package.bash'
[3.582s] INFO:colcon.colcon_core.shell:Creating package script '/home/karim/mako_robot/mako_ws/install/mako_py_feedback_actuators/share/mako_py_feedback_actuators/package.zsh'
[3.583s] Level 1:colcon.colcon_core.environment:create_file_with_runtime_dependencies(/home/karim/mako_robot/mako_ws/install/mako_py_feedback_actuators/share/colcon-core/packages/mako_py_feedback_actuators)
[3.584s] INFO:colcon.colcon_ros.task.ament_cmake.build:Building ROS package in '/home/karim/mako_robot/mako_ws/src/mako_nolang_launch' with build type 'ament_cmake'
[3.585s] INFO:colcon.colcon_cmake.task.cmake.build:Building CMake package in '/home/karim/mako_robot/mako_ws/src/mako_nolang_launch'
[3.585s] INFO:colcon.colcon_core.shell:Skip shell extension 'powershell' for command environment: Not usable outside of PowerShell
[3.586s] DEBUG:colcon.colcon_core.shell:Skip shell extension 'dsv' for command environment
[3.592s] DEBUG:colcon.colcon_core.shell:Ignoring prefix path '/opt/ros/foxy'
[3.643s] DEBUG:colcon.colcon_core.event_handler.log_command:Invoking command in '/home/karim/mako_robot/mako_ws/build/mako_nolang_launch': AMENT_PREFIX_PATH=/home/karim/mako_robot/mako_ws/install/mako_py_feedback_actuators:/home/karim/mako_robot/mako_ws/install/mako_py_brain:/home/karim/project_ws/install/ros_project_pkg_py_robot_driver:/home/karim/project_ws/install/ros-project_pkg-cpp_robot-bringup:/home/karim/project_ws/install/ros-project_pkg-cpp_robot-driver-spawner:/home/karim/project_ws/install/ros_project_pkg_cpp_robot_interfaces:/home/karim/project_ws/install/dev_test_tools:/home/karim/ros2_ws/install/serv_act_sol_pkg:/home/karim/ros2_ws/install/serv_act_sol_interfaces:/home/karim/ros2_ws/install/my_cpp_pkg:/home/karim/ros2_ws/install/robot_interfaces:/home/karim/ros2_ws/install/my_py_pkg:/home/karim/mako_robot/mako_ws/install/rplidar_ros:/home/karim/mako_robot/mako_ws/install/mako_py_serial_interface:/home/karim/mako_robot/mako_ws/install/mako_nolang_launch:/home/karim/mako_robot/mako_ws/install/mako_nolang_interfaces:/home/karim/mako_robot/mako_ws/install/dev_test_tools:/opt/ros/foxy CMAKE_PREFIX_PATH=/home/karim/mako_robot/mako_ws/install/mako_nolang_interfaces:/home/karim/project_ws/install/ros-project_pkg-cpp_robot-bringup:/home/karim/project_ws/install/ros-project_pkg-cpp_robot-driver-spawner:/home/karim/project_ws/install/ros_project_pkg_cpp_robot_interfaces:/home/karim/ros2_ws/install/serv_act_sol_pkg:/home/karim/ros2_ws/install/serv_act_sol_interfaces:/home/karim/ros2_ws/install/my_cpp_pkg:/home/karim/ros2_ws/install/robot_interfaces:/home/karim/mako_robot/mako_ws/install/rplidar_ros:/home/karim/mako_robot/mako_ws/install/mako_nolang_launch:/home/karim/project_ws/install/ros_project_pkg_py_robot_driver:/home/karim/project_ws/install/dev_test_tools:/home/karim/ros2_ws/install/my_py_pkg:/home/karim/mako_robot/mako_ws/install/mako_py_serial_interface:/home/karim/mako_robot/mako_ws/install/mako_py_feedback_actuators:/home/karim/mako_robot/mako_ws/install/mako_py_brain:/home/karim/mako_robot/mako_ws/install/dev_test_tools:/opt/ros/foxy PYTHONPATH=/home/karim/mako_robot/mako_ws/build/mako_py_feedback_actuators:/home/karim/mako_robot/mako_ws/install/mako_py_feedback_actuators/lib/python3.8/site-packages:/home/karim/mako_robot/mako_ws/build/mako_py_brain:/home/karim/mako_robot/mako_ws/install/mako_py_brain/lib/python3.8/site-packages:/home/karim/mako_robot/mako_ws/install/mako_nolang_interfaces/lib/python3.8/site-packages:/home/karim/mako_robot/mako_ws/build/mako_py_serial_interface:/home/karim/mako_robot/mako_ws/build/dev_test_tools:/home/karim/project_ws/install/ros_project_pkg_py_robot_driver/lib/python3.8/site-packages:/home/karim/project_ws/install/ros_project_pkg_cpp_robot_interfaces/lib/python3.8/site-packages:/home/karim/project_ws/install/dev_test_tools/lib/python3.8/site-packages:/home/karim/ros2_ws/install/serv_act_sol_interfaces/lib/python3.8/site-packages:/home/karim/ros2_ws/install/robot_interfaces/lib/python3.8/site-packages:/home/karim/ros2_ws/install/my_py_pkg/lib/python3.8/site-packages:/home/karim/mako_robot/mako_ws/install/mako_py_serial_interface/lib/python3.8/site-packages:/home/karim/mako_robot/mako_ws/install/dev_test_tools/lib/python3.8/site-packages:/opt/ros/foxy/lib/python3.8/site-packages /usr/bin/cmake --build /home/karim/mako_robot/mako_ws/build/mako_nolang_launch -- -j6 -l6
[3.761s] DEBUG:colcon.colcon_core.event_handler.log_command:Invoked command in '/home/karim/mako_robot/mako_ws/build/mako_nolang_launch' returned '0': AMENT_PREFIX_PATH=/home/karim/mako_robot/mako_ws/install/mako_py_feedback_actuators:/home/karim/mako_robot/mako_ws/install/mako_py_brain:/home/karim/project_ws/install/ros_project_pkg_py_robot_driver:/home/karim/project_ws/install/ros-project_pkg-cpp_robot-bringup:/home/karim/project_ws/install/ros-project_pkg-cpp_robot-driver-spawner:/home/karim/project_ws/install/ros_project_pkg_cpp_robot_interfaces:/home/karim/project_ws/install/dev_test_tools:/home/karim/ros2_ws/install/serv_act_sol_pkg:/home/karim/ros2_ws/install/serv_act_sol_interfaces:/home/karim/ros2_ws/install/my_cpp_pkg:/home/karim/ros2_ws/install/robot_interfaces:/home/karim/ros2_ws/install/my_py_pkg:/home/karim/mako_robot/mako_ws/install/rplidar_ros:/home/karim/mako_robot/mako_ws/install/mako_py_serial_interface:/home/karim/mako_robot/mako_ws/install/mako_nolang_launch:/home/karim/mako_robot/mako_ws/install/mako_nolang_interfaces:/home/karim/mako_robot/mako_ws/install/dev_test_tools:/opt/ros/foxy CMAKE_PREFIX_PATH=/home/karim/mako_robot/mako_ws/install/mako_nolang_interfaces:/home/karim/project_ws/install/ros-project_pkg-cpp_robot-bringup:/home/karim/project_ws/install/ros-project_pkg-cpp_robot-driver-spawner:/home/karim/project_ws/install/ros_project_pkg_cpp_robot_interfaces:/home/karim/ros2_ws/install/serv_act_sol_pkg:/home/karim/ros2_ws/install/serv_act_sol_interfaces:/home/karim/ros2_ws/install/my_cpp_pkg:/home/karim/ros2_ws/install/robot_interfaces:/home/karim/mako_robot/mako_ws/install/rplidar_ros:/home/karim/mako_robot/mako_ws/install/mako_nolang_launch:/home/karim/project_ws/install/ros_project_pkg_py_robot_driver:/home/karim/project_ws/install/dev_test_tools:/home/karim/ros2_ws/install/my_py_pkg:/home/karim/mako_robot/mako_ws/install/mako_py_serial_interface:/home/karim/mako_robot/mako_ws/install/mako_py_feedback_actuators:/home/karim/mako_robot/mako_ws/install/mako_py_brain:/home/karim/mako_robot/mako_ws/install/dev_test_tools:/opt/ros/foxy PYTHONPATH=/home/karim/mako_robot/mako_ws/build/mako_py_feedback_actuators:/home/karim/mako_robot/mako_ws/install/mako_py_feedback_actuators/lib/python3.8/site-packages:/home/karim/mako_robot/mako_ws/build/mako_py_brain:/home/karim/mako_robot/mako_ws/install/mako_py_brain/lib/python3.8/site-packages:/home/karim/mako_robot/mako_ws/install/mako_nolang_interfaces/lib/python3.8/site-packages:/home/karim/mako_robot/mako_ws/build/mako_py_serial_interface:/home/karim/mako_robot/mako_ws/build/dev_test_tools:/home/karim/project_ws/install/ros_project_pkg_py_robot_driver/lib/python3.8/site-packages:/home/karim/project_ws/install/ros_project_pkg_cpp_robot_interfaces/lib/python3.8/site-packages:/home/karim/project_ws/install/dev_test_tools/lib/python3.8/site-packages:/home/karim/ros2_ws/install/serv_act_sol_interfaces/lib/python3.8/site-packages:/home/karim/ros2_ws/install/robot_interfaces/lib/python3.8/site-packages:/home/karim/ros2_ws/install/my_py_pkg/lib/python3.8/site-packages:/home/karim/mako_robot/mako_ws/install/mako_py_serial_interface/lib/python3.8/site-packages:/home/karim/mako_robot/mako_ws/install/dev_test_tools/lib/python3.8/site-packages:/opt/ros/foxy/lib/python3.8/site-packages /usr/bin/cmake --build /home/karim/mako_robot/mako_ws/build/mako_nolang_launch -- -j6 -l6
[3.809s] DEBUG:colcon.colcon_core.event_handler.log_command:Invoking command in '/home/karim/mako_robot/mako_ws/build/mako_nolang_launch': AMENT_PREFIX_PATH=/home/karim/mako_robot/mako_ws/install/mako_py_feedback_actuators:/home/karim/mako_robot/mako_ws/install/mako_py_brain:/home/karim/project_ws/install/ros_project_pkg_py_robot_driver:/home/karim/project_ws/install/ros-project_pkg-cpp_robot-bringup:/home/karim/project_ws/install/ros-project_pkg-cpp_robot-driver-spawner:/home/karim/project_ws/install/ros_project_pkg_cpp_robot_interfaces:/home/karim/project_ws/install/dev_test_tools:/home/karim/ros2_ws/install/serv_act_sol_pkg:/home/karim/ros2_ws/install/serv_act_sol_interfaces:/home/karim/ros2_ws/install/my_cpp_pkg:/home/karim/ros2_ws/install/robot_interfaces:/home/karim/ros2_ws/install/my_py_pkg:/home/karim/mako_robot/mako_ws/install/rplidar_ros:/home/karim/mako_robot/mako_ws/install/mako_py_serial_interface:/home/karim/mako_robot/mako_ws/install/mako_nolang_launch:/home/karim/mako_robot/mako_ws/install/mako_nolang_interfaces:/home/karim/mako_robot/mako_ws/install/dev_test_tools:/opt/ros/foxy CMAKE_PREFIX_PATH=/home/karim/mako_robot/mako_ws/install/mako_nolang_interfaces:/home/karim/project_ws/install/ros-project_pkg-cpp_robot-bringup:/home/karim/project_ws/install/ros-project_pkg-cpp_robot-driver-spawner:/home/karim/project_ws/install/ros_project_pkg_cpp_robot_interfaces:/home/karim/ros2_ws/install/serv_act_sol_pkg:/home/karim/ros2_ws/install/serv_act_sol_interfaces:/home/karim/ros2_ws/install/my_cpp_pkg:/home/karim/ros2_ws/install/robot_interfaces:/home/karim/mako_robot/mako_ws/install/rplidar_ros:/home/karim/mako_robot/mako_ws/install/mako_nolang_launch:/home/karim/project_ws/install/ros_project_pkg_py_robot_driver:/home/karim/project_ws/install/dev_test_tools:/home/karim/ros2_ws/install/my_py_pkg:/home/karim/mako_robot/mako_ws/install/mako_py_serial_interface:/home/karim/mako_robot/mako_ws/install/mako_py_feedback_actuators:/home/karim/mako_robot/mako_ws/install/mako_py_brain:/home/karim/mako_robot/mako_ws/install/dev_test_tools:/opt/ros/foxy PYTHONPATH=/home/karim/mako_robot/mako_ws/build/mako_py_feedback_actuators:/home/karim/mako_robot/mako_ws/install/mako_py_feedback_actuators/lib/python3.8/site-packages:/home/karim/mako_robot/mako_ws/build/mako_py_brain:/home/karim/mako_robot/mako_ws/install/mako_py_brain/lib/python3.8/site-packages:/home/karim/mako_robot/mako_ws/install/mako_nolang_interfaces/lib/python3.8/site-packages:/home/karim/mako_robot/mako_ws/build/mako_py_serial_interface:/home/karim/mako_robot/mako_ws/build/dev_test_tools:/home/karim/project_ws/install/ros_project_pkg_py_robot_driver/lib/python3.8/site-packages:/home/karim/project_ws/install/ros_project_pkg_cpp_robot_interfaces/lib/python3.8/site-packages:/home/karim/project_ws/install/dev_test_tools/lib/python3.8/site-packages:/home/karim/ros2_ws/install/serv_act_sol_interfaces/lib/python3.8/site-packages:/home/karim/ros2_ws/install/robot_interfaces/lib/python3.8/site-packages:/home/karim/ros2_ws/install/my_py_pkg/lib/python3.8/site-packages:/home/karim/mako_robot/mako_ws/install/mako_py_serial_interface/lib/python3.8/site-packages:/home/karim/mako_robot/mako_ws/install/dev_test_tools/lib/python3.8/site-packages:/opt/ros/foxy/lib/python3.8/site-packages /usr/bin/cmake --install /home/karim/mako_robot/mako_ws/build/mako_nolang_launch
[3.854s] Level 1:colcon.colcon_core.environment:create_environment_scripts_only(mako_nolang_launch)
[3.855s] Level 1:colcon.colcon_core.environment:checking '/home/karim/mako_robot/mako_ws/install/mako_nolang_launch' for CMake module files
[3.856s] DEBUG:colcon.colcon_core.event_handler.log_command:Invoked command in '/home/karim/mako_robot/mako_ws/build/mako_nolang_launch' returned '0': AMENT_PREFIX_PATH=/home/karim/mako_robot/mako_ws/install/mako_py_feedback_actuators:/home/karim/mako_robot/mako_ws/install/mako_py_brain:/home/karim/project_ws/install/ros_project_pkg_py_robot_driver:/home/karim/project_ws/install/ros-project_pkg-cpp_robot-bringup:/home/karim/project_ws/install/ros-project_pkg-cpp_robot-driver-spawner:/home/karim/project_ws/install/ros_project_pkg_cpp_robot_interfaces:/home/karim/project_ws/install/dev_test_tools:/home/karim/ros2_ws/install/serv_act_sol_pkg:/home/karim/ros2_ws/install/serv_act_sol_interfaces:/home/karim/ros2_ws/install/my_cpp_pkg:/home/karim/ros2_ws/install/robot_interfaces:/home/karim/ros2_ws/install/my_py_pkg:/home/karim/mako_robot/mako_ws/install/rplidar_ros:/home/karim/mako_robot/mako_ws/install/mako_py_serial_interface:/home/karim/mako_robot/mako_ws/install/mako_nolang_launch:/home/karim/mako_robot/mako_ws/install/mako_nolang_interfaces:/home/karim/mako_robot/mako_ws/install/dev_test_tools:/opt/ros/foxy CMAKE_PREFIX_PATH=/home/karim/mako_robot/mako_ws/install/mako_nolang_interfaces:/home/karim/project_ws/install/ros-project_pkg-cpp_robot-bringup:/home/karim/project_ws/install/ros-project_pkg-cpp_robot-driver-spawner:/home/karim/project_ws/install/ros_project_pkg_cpp_robot_interfaces:/home/karim/ros2_ws/install/serv_act_sol_pkg:/home/karim/ros2_ws/install/serv_act_sol_interfaces:/home/karim/ros2_ws/install/my_cpp_pkg:/home/karim/ros2_ws/install/robot_interfaces:/home/karim/mako_robot/mako_ws/install/rplidar_ros:/home/karim/mako_robot/mako_ws/install/mako_nolang_launch:/home/karim/project_ws/install/ros_project_pkg_py_robot_driver:/home/karim/project_ws/install/dev_test_tools:/home/karim/ros2_ws/install/my_py_pkg:/home/karim/mako_robot/mako_ws/install/mako_py_serial_interface:/home/karim/mako_robot/mako_ws/install/mako_py_feedback_actuators:/home/karim/mako_robot/mako_ws/install/mako_py_brain:/home/karim/mako_robot/mako_ws/install/dev_test_tools:/opt/ros/foxy PYTHONPATH=/home/karim/mako_robot/mako_ws/build/mako_py_feedback_actuators:/home/karim/mako_robot/mako_ws/install/mako_py_feedback_actuators/lib/python3.8/site-packages:/home/karim/mako_robot/mako_ws/build/mako_py_brain:/home/karim/mako_robot/mako_ws/install/mako_py_brain/lib/python3.8/site-packages:/home/karim/mako_robot/mako_ws/install/mako_nolang_interfaces/lib/python3.8/site-packages:/home/karim/mako_robot/mako_ws/build/mako_py_serial_interface:/home/karim/mako_robot/mako_ws/build/dev_test_tools:/home/karim/project_ws/install/ros_project_pkg_py_robot_driver/lib/python3.8/site-packages:/home/karim/project_ws/install/ros_project_pkg_cpp_robot_interfaces/lib/python3.8/site-packages:/home/karim/project_ws/install/dev_test_tools/lib/python3.8/site-packages:/home/karim/ros2_ws/install/serv_act_sol_interfaces/lib/python3.8/site-packages:/home/karim/ros2_ws/install/robot_interfaces/lib/python3.8/site-packages:/home/karim/ros2_ws/install/my_py_pkg/lib/python3.8/site-packages:/home/karim/mako_robot/mako_ws/install/mako_py_serial_interface/lib/python3.8/site-packages:/home/karim/mako_robot/mako_ws/install/dev_test_tools/lib/python3.8/site-packages:/opt/ros/foxy/lib/python3.8/site-packages /usr/bin/cmake --install /home/karim/mako_robot/mako_ws/build/mako_nolang_launch
[3.857s] Level 1:colcon.colcon_core.environment:checking '/home/karim/mako_robot/mako_ws/install/mako_nolang_launch' for CMake config files
[3.858s] Level 1:colcon.colcon_core.shell:create_environment_hook('mako_nolang_launch', 'cmake_prefix_path')
[3.858s] INFO:colcon.colcon_core.shell:Creating environment hook '/home/karim/mako_robot/mako_ws/install/mako_nolang_launch/share/mako_nolang_launch/hook/cmake_prefix_path.ps1'
[3.860s] INFO:colcon.colcon_core.shell:Creating environment descriptor '/home/karim/mako_robot/mako_ws/install/mako_nolang_launch/share/mako_nolang_launch/hook/cmake_prefix_path.dsv'
[3.861s] INFO:colcon.colcon_core.shell:Creating environment hook '/home/karim/mako_robot/mako_ws/install/mako_nolang_launch/share/mako_nolang_launch/hook/cmake_prefix_path.sh'
[3.863s] Level 1:colcon.colcon_core.environment:checking '/home/karim/mako_robot/mako_ws/install/mako_nolang_launch/bin'
[3.863s] Level 1:colcon.colcon_core.environment:checking '/home/karim/mako_robot/mako_ws/install/mako_nolang_launch/lib/pkgconfig/mako_nolang_launch.pc'
[3.863s] Level 1:colcon.colcon_core.environment:checking '/home/karim/mako_robot/mako_ws/install/mako_nolang_launch/lib/python3.8/site-packages'
[3.864s] INFO:colcon.colcon_core.shell:Creating package script '/home/karim/mako_robot/mako_ws/install/mako_nolang_launch/share/mako_nolang_launch/package.ps1'
[3.865s] INFO:colcon.colcon_core.shell:Creating package descriptor '/home/karim/mako_robot/mako_ws/install/mako_nolang_launch/share/mako_nolang_launch/package.dsv'
[3.866s] INFO:colcon.colcon_core.shell:Creating package script '/home/karim/mako_robot/mako_ws/install/mako_nolang_launch/share/mako_nolang_launch/package.sh'
[3.867s] INFO:colcon.colcon_core.shell:Creating package script '/home/karim/mako_robot/mako_ws/install/mako_nolang_launch/share/mako_nolang_launch/package.bash'
[3.867s] INFO:colcon.colcon_core.shell:Creating package script '/home/karim/mako_robot/mako_ws/install/mako_nolang_launch/share/mako_nolang_launch/package.zsh'
[3.868s] Level 1:colcon.colcon_core.environment:create_file_with_runtime_dependencies(/home/karim/mako_robot/mako_ws/install/mako_nolang_launch/share/colcon-core/packages/mako_nolang_launch)
[3.914s] Level 1:colcon.colcon_core.environment:create_environment_scripts_only(mako_nolang_launch)
[3.915s] Level 1:colcon.colcon_core.environment:checking '/home/karim/mako_robot/mako_ws/install/mako_nolang_launch' for CMake module files
[3.916s] Level 1:colcon.colcon_core.environment:checking '/home/karim/mako_robot/mako_ws/install/mako_nolang_launch' for CMake config files
[3.916s] Level 1:colcon.colcon_core.shell:create_environment_hook('mako_nolang_launch', 'cmake_prefix_path')
[3.917s] INFO:colcon.colcon_core.shell:Creating environment hook '/home/karim/mako_robot/mako_ws/install/mako_nolang_launch/share/mako_nolang_launch/hook/cmake_prefix_path.ps1'
[3.918s] INFO:colcon.colcon_core.shell:Creating environment descriptor '/home/karim/mako_robot/mako_ws/install/mako_nolang_launch/share/mako_nolang_launch/hook/cmake_prefix_path.dsv'
[3.919s] INFO:colcon.colcon_core.shell:Creating environment hook '/home/karim/mako_robot/mako_ws/install/mako_nolang_launch/share/mako_nolang_launch/hook/cmake_prefix_path.sh'
[3.921s] Level 1:colcon.colcon_core.environment:checking '/home/karim/mako_robot/mako_ws/install/mako_nolang_launch/bin'
[3.921s] Level 1:colcon.colcon_core.environment:checking '/home/karim/mako_robot/mako_ws/install/mako_nolang_launch/lib/pkgconfig/mako_nolang_launch.pc'
[3.921s] Level 1:colcon.colcon_core.environment:checking '/home/karim/mako_robot/mako_ws/install/mako_nolang_launch/lib/python3.8/site-packages'
[3.923s] INFO:colcon.colcon_core.shell:Creating package script '/home/karim/mako_robot/mako_ws/install/mako_nolang_launch/share/mako_nolang_launch/package.ps1'
[3.924s] INFO:colcon.colcon_core.shell:Creating package descriptor '/home/karim/mako_robot/mako_ws/install/mako_nolang_launch/share/mako_nolang_launch/package.dsv'
[3.925s] INFO:colcon.colcon_core.shell:Creating package script '/home/karim/mako_robot/mako_ws/install/mako_nolang_launch/share/mako_nolang_launch/package.sh'
[3.926s] INFO:colcon.colcon_core.shell:Creating package script '/home/karim/mako_robot/mako_ws/install/mako_nolang_launch/share/mako_nolang_launch/package.bash'
[3.927s] INFO:colcon.colcon_core.shell:Creating package script '/home/karim/mako_robot/mako_ws/install/mako_nolang_launch/share/mako_nolang_launch/package.zsh'
[3.928s] Level 1:colcon.colcon_core.environment:create_file_with_runtime_dependencies(/home/karim/mako_robot/mako_ws/install/mako_nolang_launch/share/colcon-core/packages/mako_nolang_launch)
[3.930s] DEBUG:colcon.colcon_parallel_executor.executor.parallel:closing loop
[3.931s] DEBUG:colcon.colcon_parallel_executor.executor.parallel:loop closed
[3.932s] DEBUG:colcon.colcon_parallel_executor.executor.parallel:run_until_complete finished with '0'
[3.932s] DEBUG:colcon.colcon_core.event_reactor:joining thread
[3.950s] INFO:colcon.colcon_core.plugin_system:Skipping extension 'colcon_notification.desktop_notification.terminal_notifier': Not used on non-Darwin systems
[3.950s] INFO:colcon.colcon_core.plugin_system:Skipping extension 'colcon_notification.desktop_notification.win32': Not used on non-Windows systems
[3.950s] INFO:colcon.colcon_notification.desktop_notification:Sending desktop notification using 'notify2'
[4.013s] DEBUG:colcon.colcon_core.event_reactor:joined thread
[4.014s] INFO:colcon.colcon_core.shell:Creating prefix script '/home/karim/mako_robot/mako_ws/install/local_setup.ps1'
[4.016s] INFO:colcon.colcon_core.shell:Creating prefix util module '/home/karim/mako_robot/mako_ws/install/_local_setup_util_ps1.py'
[4.018s] INFO:colcon.colcon_core.shell:Creating prefix chain script '/home/karim/mako_robot/mako_ws/install/setup.ps1'
[4.023s] INFO:colcon.colcon_core.shell:Creating prefix script '/home/karim/mako_robot/mako_ws/install/local_setup.sh'
[4.024s] INFO:colcon.colcon_core.shell:Creating prefix util module '/home/karim/mako_robot/mako_ws/install/_local_setup_util_sh.py'
[4.025s] INFO:colcon.colcon_core.shell:Creating prefix chain script '/home/karim/mako_robot/mako_ws/install/setup.sh'
[4.030s] INFO:colcon.colcon_core.shell:Creating prefix script '/home/karim/mako_robot/mako_ws/install/local_setup.bash'
[4.032s] INFO:colcon.colcon_core.shell:Creating prefix chain script '/home/karim/mako_robot/mako_ws/install/setup.bash'
[4.045s] INFO:colcon.colcon_core.shell:Creating prefix script '/home/karim/mako_robot/mako_ws/install/local_setup.zsh'
[4.052s] INFO:colcon.colcon_core.shell:Creating prefix chain script '/home/karim/mako_robot/mako_ws/install/setup.zsh'
