[0.429s] Invoking command in '/home/karim/mako_robot/mako_ws/build/rplidar_ros': CMAKE_PREFIX_PATH=${CMAKE_PREFIX_PATH}:/home/karim/project_ws/install/ros_project_pkg_py_robot_driver:/home/karim/project_ws/install/dev_test_tools:/home/karim/ros2_ws/install/my_py_pkg:/home/karim/mako_robot/mako_ws/install/mako_py_serial_interface:/home/karim/mako_robot/mako_ws/install/mako_py_feedback_actuators:/home/karim/mako_robot/mako_ws/install/mako_py_brain:/home/karim/mako_robot/mako_ws/install/dev_test_tools:/opt/ros/foxy /usr/bin/cmake /home/karim/mako_robot/mako_ws/src/lidar_ros2 -DAMENT_CMAKE_SYMLINK_INSTALL=1 -DCMAKE_INSTALL_PREFIX=/home/karim/mako_robot/mako_ws/install/rplidar_ros
[0.450s] -- Found ament_cmake_auto: 0.9.8 (/opt/ros/foxy/share/ament_cmake_auto/cmake)
[0.500s] -- Using PYTHON_EXECUTABLE: /usr/bin/python3
[0.734s] -- Override CMake install command with custom implementation using symlinks instead of copying resources
[0.753s] -- Found ament_cmake_ros: 0.9.0 (/opt/ros/foxy/share/ament_cmake_ros/cmake)
[0.944s] -- Using all available rosidl_typesupport_c: rosidl_typesupport_fastrtps_c;rosidl_typesupport_introspection_c
[0.960s] -- Found rosidl_adapter: 1.2.0 (/opt/ros/foxy/share/rosidl_adapter/cmake)
[1.194s] -- Using all available rosidl_typesupport_cpp: rosidl_typesupport_fastrtps_cpp;rosidl_typesupport_introspection_cpp
[1.266s] -- Found rmw_implementation_cmake: 1.0.2 (/opt/ros/foxy/share/rmw_implementation_cmake/cmake)
[1.276s] -- Using RMW implementation 'rmw_fastrtps_cpp' as default
[1.813s] -- Configuring done
[1.863s] -- Generating done
[1.871s] -- Build files have been written to: /home/karim/mako_robot/mako_ws/build/rplidar_ros
[1.879s] Invoked command in '/home/karim/mako_robot/mako_ws/build/rplidar_ros' returned '0': CMAKE_PREFIX_PATH=${CMAKE_PREFIX_PATH}:/home/karim/project_ws/install/ros_project_pkg_py_robot_driver:/home/karim/project_ws/install/dev_test_tools:/home/karim/ros2_ws/install/my_py_pkg:/home/karim/mako_robot/mako_ws/install/mako_py_serial_interface:/home/karim/mako_robot/mako_ws/install/mako_py_feedback_actuators:/home/karim/mako_robot/mako_ws/install/mako_py_brain:/home/karim/mako_robot/mako_ws/install/dev_test_tools:/opt/ros/foxy /usr/bin/cmake /home/karim/mako_robot/mako_ws/src/lidar_ros2 -DAMENT_CMAKE_SYMLINK_INSTALL=1 -DCMAKE_INSTALL_PREFIX=/home/karim/mako_robot/mako_ws/install/rplidar_ros
[1.884s] Invoking command in '/home/karim/mako_robot/mako_ws/build/rplidar_ros': CMAKE_PREFIX_PATH=${CMAKE_PREFIX_PATH}:/home/karim/project_ws/install/ros_project_pkg_py_robot_driver:/home/karim/project_ws/install/dev_test_tools:/home/karim/ros2_ws/install/my_py_pkg:/home/karim/mako_robot/mako_ws/install/mako_py_serial_interface:/home/karim/mako_robot/mako_ws/install/mako_py_feedback_actuators:/home/karim/mako_robot/mako_ws/install/mako_py_brain:/home/karim/mako_robot/mako_ws/install/dev_test_tools:/opt/ros/foxy /usr/bin/cmake --build /home/karim/mako_robot/mako_ws/build/rplidar_ros -- -j6 -l6
[2.011s] [ 38%] Built target rplidarNode
[2.011s] [ 77%] Built target rplidar_composition_node
[2.011s] [ 88%] Built target rplidarNodeClient
[2.061s] [100%] Built target rplidar_composition
[2.086s] Invoked command in '/home/karim/mako_robot/mako_ws/build/rplidar_ros' returned '0': CMAKE_PREFIX_PATH=${CMAKE_PREFIX_PATH}:/home/karim/project_ws/install/ros_project_pkg_py_robot_driver:/home/karim/project_ws/install/dev_test_tools:/home/karim/ros2_ws/install/my_py_pkg:/home/karim/mako_robot/mako_ws/install/mako_py_serial_interface:/home/karim/mako_robot/mako_ws/install/mako_py_feedback_actuators:/home/karim/mako_robot/mako_ws/install/mako_py_brain:/home/karim/mako_robot/mako_ws/install/dev_test_tools:/opt/ros/foxy /usr/bin/cmake --build /home/karim/mako_robot/mako_ws/build/rplidar_ros -- -j6 -l6
[2.250s] Invoking command in '/home/karim/mako_robot/mako_ws/build/rplidar_ros': CMAKE_PREFIX_PATH=${CMAKE_PREFIX_PATH}:/home/karim/project_ws/install/ros_project_pkg_py_robot_driver:/home/karim/project_ws/install/dev_test_tools:/home/karim/ros2_ws/install/my_py_pkg:/home/karim/mako_robot/mako_ws/install/mako_py_serial_interface:/home/karim/mako_robot/mako_ws/install/mako_py_feedback_actuators:/home/karim/mako_robot/mako_ws/install/mako_py_brain:/home/karim/mako_robot/mako_ws/install/dev_test_tools:/opt/ros/foxy /usr/bin/cmake --install /home/karim/mako_robot/mako_ws/build/rplidar_ros
[2.269s] -- Install configuration: ""
[2.269s] -- Execute custom install script
[2.269s] -- Up-to-date symlink: /home/karim/mako_robot/mako_ws/install/rplidar_ros/lib/rplidar_ros/rplidarNode
[2.271s] -- Up-to-date symlink: /home/karim/mako_robot/mako_ws/install/rplidar_ros/lib/rplidar_ros/rplidarNodeClient
[2.271s] -- Up-to-date symlink: /home/karim/mako_robot/mako_ws/install/rplidar_ros/lib/rplidar_ros/rplidar_composition
[2.273s] -- Up-to-date symlink: /home/karim/mako_robot/mako_ws/install/rplidar_ros/share/rplidar_ros/launch/rplidar.launch.py
[2.273s] -- Up-to-date symlink: /home/karim/mako_robot/mako_ws/install/rplidar_ros/share/rplidar_ros/launch/rplidar_a3.launch.py
[2.274s] -- Up-to-date symlink: /home/karim/mako_robot/mako_ws/install/rplidar_ros/share/rplidar_ros/launch/rplidar_s1.launch.py
[2.274s] -- Up-to-date symlink: /home/karim/mako_robot/mako_ws/install/rplidar_ros/share/rplidar_ros/launch/rplidar_s1_tcp.launch.py
[2.275s] -- Up-to-date symlink: /home/karim/mako_robot/mako_ws/install/rplidar_ros/share/rplidar_ros/launch/test_rplidar.launch.py
[2.275s] -- Up-to-date symlink: /home/karim/mako_robot/mako_ws/install/rplidar_ros/share/rplidar_ros/launch/test_rplidar_a3.launch.py
[2.276s] -- Up-to-date symlink: /home/karim/mako_robot/mako_ws/install/rplidar_ros/share/rplidar_ros/launch/view_rplidar.launch.py
[2.277s] -- Up-to-date symlink: /home/karim/mako_robot/mako_ws/install/rplidar_ros/share/rplidar_ros/launch/view_rplidar_a3.launch.py
[2.277s] -- Up-to-date symlink: /home/karim/mako_robot/mako_ws/install/rplidar_ros/share/rplidar_ros/launch/view_rplidar_s1.launch.py
[2.278s] -- Up-to-date symlink: /home/karim/mako_robot/mako_ws/install/rplidar_ros/share/rplidar_ros/launch/view_rplidar_s1_tcp.launch.py
[2.279s] -- Up-to-date symlink: /home/karim/mako_robot/mako_ws/install/rplidar_ros/share/rplidar_ros/rviz/rplidar.rviz
[2.279s] -- Up-to-date symlink: /home/karim/mako_robot/mako_ws/install/rplidar_ros/lib/librplidar_composition_node.so
[2.280s] -- Up-to-date symlink: /home/karim/mako_robot/mako_ws/install/rplidar_ros/include/rplidar_node.hpp
[2.281s] -- Up-to-date symlink: /home/karim/mako_robot/mako_ws/install/rplidar_ros/include/visibility.h
[2.282s] -- Up-to-date symlink: /home/karim/mako_robot/mako_ws/install/rplidar_ros/lib/rplidar_ros/rplidarNode
[2.282s] -- Up-to-date symlink: /home/karim/mako_robot/mako_ws/install/rplidar_ros/lib/rplidar_ros/rplidarNodeClient
[2.283s] -- Up-to-date symlink: /home/karim/mako_robot/mako_ws/install/rplidar_ros/lib/rplidar_ros/rplidar_composition
[2.284s] -- Up-to-date symlink: /home/karim/mako_robot/mako_ws/install/rplidar_ros/share/ament_index/resource_index/package_run_dependencies/rplidar_ros
[2.284s] -- Up-to-date symlink: /home/karim/mako_robot/mako_ws/install/rplidar_ros/share/ament_index/resource_index/parent_prefix_path/rplidar_ros
[2.285s] -- Up-to-date symlink: /home/karim/mako_robot/mako_ws/install/rplidar_ros/share/rplidar_ros/environment/ament_prefix_path.sh
[2.286s] -- Up-to-date symlink: /home/karim/mako_robot/mako_ws/install/rplidar_ros/share/rplidar_ros/environment/ament_prefix_path.dsv
[2.286s] -- Up-to-date symlink: /home/karim/mako_robot/mako_ws/install/rplidar_ros/share/rplidar_ros/environment/path.sh
[2.287s] -- Up-to-date symlink: /home/karim/mako_robot/mako_ws/install/rplidar_ros/share/rplidar_ros/environment/path.dsv
[2.287s] -- Up-to-date symlink: /home/karim/mako_robot/mako_ws/install/rplidar_ros/share/rplidar_ros/local_setup.bash
[2.288s] -- Up-to-date symlink: /home/karim/mako_robot/mako_ws/install/rplidar_ros/share/rplidar_ros/local_setup.sh
[2.289s] -- Up-to-date symlink: /home/karim/mako_robot/mako_ws/install/rplidar_ros/share/rplidar_ros/local_setup.zsh
[2.289s] -- Up-to-date symlink: /home/karim/mako_robot/mako_ws/install/rplidar_ros/share/rplidar_ros/local_setup.dsv
[2.290s] -- Symlinking: /home/karim/mako_robot/mako_ws/install/rplidar_ros/share/rplidar_ros/package.dsv
[2.302s] -- Up-to-date symlink: /home/karim/mako_robot/mako_ws/install/rplidar_ros/share/ament_index/resource_index/packages/rplidar_ros
[2.302s] -- Up-to-date symlink: /home/karim/mako_robot/mako_ws/install/rplidar_ros/share/rplidar_ros/cmake/ament_cmake_export_dependencies-extras.cmake
[2.303s] -- Up-to-date symlink: /home/karim/mako_robot/mako_ws/install/rplidar_ros/share/rplidar_ros/cmake/ament_cmake_export_include_directories-extras.cmake
[2.304s] -- Up-to-date symlink: /home/karim/mako_robot/mako_ws/install/rplidar_ros/share/rplidar_ros/cmake/rplidar_rosConfig.cmake
[2.305s] -- Up-to-date symlink: /home/karim/mako_robot/mako_ws/install/rplidar_ros/share/rplidar_ros/cmake/rplidar_rosConfig-version.cmake
[2.305s] -- Up-to-date symlink: /home/karim/mako_robot/mako_ws/install/rplidar_ros/share/rplidar_ros/package.xml
[2.323s] Invoked command in '/home/karim/mako_robot/mako_ws/build/rplidar_ros' returned '0': CMAKE_PREFIX_PATH=${CMAKE_PREFIX_PATH}:/home/karim/project_ws/install/ros_project_pkg_py_robot_driver:/home/karim/project_ws/install/dev_test_tools:/home/karim/ros2_ws/install/my_py_pkg:/home/karim/mako_robot/mako_ws/install/mako_py_serial_interface:/home/karim/mako_robot/mako_ws/install/mako_py_feedback_actuators:/home/karim/mako_robot/mako_ws/install/mako_py_brain:/home/karim/mako_robot/mako_ws/install/dev_test_tools:/opt/ros/foxy /usr/bin/cmake --install /home/karim/mako_robot/mako_ws/build/rplidar_ros
