[1.286s] Invoking command in '/home/ubuntu/mako_ws/mako_robot/build/rplidar_ros': CMAKE_PREFIX_PATH=${CMAKE_PREFIX_PATH}:/opt/ros/foxy /usr/bin/cmake /home/ubuntu/mako_ws/mako_robot/src/rplidar_ros2 -DAMENT_CMAKE_SYMLINK_INSTALL=1 -DCMAKE_INSTALL_PREFIX=/home/ubuntu/mako_ws/mako_robot/install/rplidar_ros
[1.367s] -- Found ament_cmake_auto: 0.9.8 (/opt/ros/foxy/share/ament_cmake_auto/cmake)
[1.505s] -- Using PYTHON_EXECUTABLE: /usr/bin/python3
[2.612s] -- Override CMake install command with custom implementation using symlinks instead of copying resources
[2.666s] -- Found ament_cmake_ros: 0.9.1 (/opt/ros/foxy/share/ament_cmake_ros/cmake)
[3.246s] -- Using all available rosidl_typesupport_c: rosidl_typesupport_fastrtps_c;rosidl_typesupport_introspection_c
[3.266s] -- Found rosidl_adapter: 1.2.0 (/opt/ros/foxy/share/rosidl_adapter/cmake)
[4.464s] -- Using all available rosidl_typesupport_cpp: rosidl_typesupport_fastrtps_cpp;rosidl_typesupport_introspection_cpp
[4.695s] -- Found rmw_implementation_cmake: 1.0.2 (/opt/ros/foxy/share/rmw_implementation_cmake/cmake)
[4.717s] -- Using RMW implementation 'rmw_fastrtps_cpp' as default
[6.262s] -- Configuring done
[6.397s] -- Generating done
[6.407s] -- Build files have been written to: /home/ubuntu/mako_ws/mako_robot/build/rplidar_ros
[6.445s] Invoked command in '/home/ubuntu/mako_ws/mako_robot/build/rplidar_ros' returned '0': CMAKE_PREFIX_PATH=${CMAKE_PREFIX_PATH}:/opt/ros/foxy /usr/bin/cmake /home/ubuntu/mako_ws/mako_robot/src/rplidar_ros2 -DAMENT_CMAKE_SYMLINK_INSTALL=1 -DCMAKE_INSTALL_PREFIX=/home/ubuntu/mako_ws/mako_robot/install/rplidar_ros
[6.457s] Invoking command in '/home/ubuntu/mako_ws/mako_robot/build/rplidar_ros': CMAKE_PREFIX_PATH=${CMAKE_PREFIX_PATH}:/opt/ros/foxy /usr/bin/cmake --build /home/ubuntu/mako_ws/mako_robot/build/rplidar_ros -- -j4 -l4
[6.819s] [  5%] [32m[1mLinking CXX executable rplidarNodeClient[0m
[6.826s] [ 11%] [32m[1mLinking CXX executable rplidarNode[0m
[6.831s] [ 16%] [32m[1mLinking CXX shared library librplidar_composition_node.so[0m
[8.742s] [ 50%] Built target rplidar_composition_node
[8.766s] [ 83%] Built target rplidarNode
[8.970s] [ 88%] [32m[1mLinking CXX executable rplidar_composition[0m
[9.008s] [ 94%] Built target rplidarNodeClient
[9.841s] [100%] Built target rplidar_composition
[9.887s] Invoked command in '/home/ubuntu/mako_ws/mako_robot/build/rplidar_ros' returned '0': CMAKE_PREFIX_PATH=${CMAKE_PREFIX_PATH}:/opt/ros/foxy /usr/bin/cmake --build /home/ubuntu/mako_ws/mako_robot/build/rplidar_ros -- -j4 -l4
[10.247s] Invoking command in '/home/ubuntu/mako_ws/mako_robot/build/rplidar_ros': CMAKE_PREFIX_PATH=${CMAKE_PREFIX_PATH}:/opt/ros/foxy /usr/bin/cmake --install /home/ubuntu/mako_ws/mako_robot/build/rplidar_ros
[10.286s] -- Install configuration: ""
[10.288s] -- Execute custom install script
[10.290s] -- Symlinking: /home/ubuntu/mako_ws/mako_robot/install/rplidar_ros/lib/rplidar_ros/rplidarNode
[10.333s] -- Symlinking: /home/ubuntu/mako_ws/mako_robot/install/rplidar_ros/lib/rplidar_ros/rplidarNodeClient
[10.371s] -- Symlinking: /home/ubuntu/mako_ws/mako_robot/install/rplidar_ros/lib/rplidar_ros/rplidar_composition
[10.417s] -- Symlinking: /home/ubuntu/mako_ws/mako_robot/install/rplidar_ros/share/rplidar_ros/launch/rplidar.launch.py
[10.456s] -- Symlinking: /home/ubuntu/mako_ws/mako_robot/install/rplidar_ros/share/rplidar_ros/launch/rplidar_a3.launch.py
[10.494s] -- Symlinking: /home/ubuntu/mako_ws/mako_robot/install/rplidar_ros/share/rplidar_ros/launch/rplidar_s1.launch.py
[10.537s] -- Symlinking: /home/ubuntu/mako_ws/mako_robot/install/rplidar_ros/share/rplidar_ros/launch/rplidar_s1_tcp.launch.py
[10.576s] -- Symlinking: /home/ubuntu/mako_ws/mako_robot/install/rplidar_ros/share/rplidar_ros/launch/test_rplidar.launch.py
[10.619s] -- Symlinking: /home/ubuntu/mako_ws/mako_robot/install/rplidar_ros/share/rplidar_ros/launch/test_rplidar_a3.launch.py
[10.655s] -- Symlinking: /home/ubuntu/mako_ws/mako_robot/install/rplidar_ros/share/rplidar_ros/launch/view_rplidar.launch.py
[10.693s] -- Symlinking: /home/ubuntu/mako_ws/mako_robot/install/rplidar_ros/share/rplidar_ros/launch/view_rplidar_a3.launch.py
[10.736s] -- Symlinking: /home/ubuntu/mako_ws/mako_robot/install/rplidar_ros/share/rplidar_ros/launch/view_rplidar_s1.launch.py
[10.775s] -- Symlinking: /home/ubuntu/mako_ws/mako_robot/install/rplidar_ros/share/rplidar_ros/launch/view_rplidar_s1_tcp.launch.py
[10.823s] -- Symlinking: /home/ubuntu/mako_ws/mako_robot/install/rplidar_ros/share/rplidar_ros/rviz/rplidar.rviz
[10.863s] -- Symlinking: /home/ubuntu/mako_ws/mako_robot/install/rplidar_ros/lib/librplidar_composition_node.so
[10.900s] -- Symlinking: /home/ubuntu/mako_ws/mako_robot/install/rplidar_ros/include/rplidar_node.hpp
[10.945s] -- Symlinking: /home/ubuntu/mako_ws/mako_robot/install/rplidar_ros/include/visibility.h
[10.986s] -- Up-to-date symlink: /home/ubuntu/mako_ws/mako_robot/install/rplidar_ros/lib/rplidar_ros/rplidarNode
[10.987s] -- Up-to-date symlink: /home/ubuntu/mako_ws/mako_robot/install/rplidar_ros/lib/rplidar_ros/rplidarNodeClient
[10.989s] -- Up-to-date symlink: /home/ubuntu/mako_ws/mako_robot/install/rplidar_ros/lib/rplidar_ros/rplidar_composition
[10.990s] -- Symlinking: /home/ubuntu/mako_ws/mako_robot/install/rplidar_ros/share/ament_index/resource_index/package_run_dependencies/rplidar_ros
[11.034s] -- Symlinking: /home/ubuntu/mako_ws/mako_robot/install/rplidar_ros/share/ament_index/resource_index/parent_prefix_path/rplidar_ros
[11.077s] -- Symlinking: /home/ubuntu/mako_ws/mako_robot/install/rplidar_ros/share/rplidar_ros/environment/ament_prefix_path.sh
[11.120s] -- Symlinking: /home/ubuntu/mako_ws/mako_robot/install/rplidar_ros/share/rplidar_ros/environment/ament_prefix_path.dsv
[11.156s] -- Symlinking: /home/ubuntu/mako_ws/mako_robot/install/rplidar_ros/share/rplidar_ros/environment/path.sh
[11.195s] -- Symlinking: /home/ubuntu/mako_ws/mako_robot/install/rplidar_ros/share/rplidar_ros/environment/path.dsv
[11.238s] -- Symlinking: /home/ubuntu/mako_ws/mako_robot/install/rplidar_ros/share/rplidar_ros/local_setup.bash
[11.277s] -- Symlinking: /home/ubuntu/mako_ws/mako_robot/install/rplidar_ros/share/rplidar_ros/local_setup.sh
[11.320s] -- Symlinking: /home/ubuntu/mako_ws/mako_robot/install/rplidar_ros/share/rplidar_ros/local_setup.zsh
[11.356s] -- Symlinking: /home/ubuntu/mako_ws/mako_robot/install/rplidar_ros/share/rplidar_ros/local_setup.dsv
[11.397s] -- Symlinking: /home/ubuntu/mako_ws/mako_robot/install/rplidar_ros/share/rplidar_ros/package.dsv
[11.443s] -- Symlinking: /home/ubuntu/mako_ws/mako_robot/install/rplidar_ros/share/ament_index/resource_index/packages/rplidar_ros
[11.482s] -- Symlinking: /home/ubuntu/mako_ws/mako_robot/install/rplidar_ros/share/rplidar_ros/cmake/ament_cmake_export_dependencies-extras.cmake
[11.530s] -- Symlinking: /home/ubuntu/mako_ws/mako_robot/install/rplidar_ros/share/rplidar_ros/cmake/ament_cmake_export_include_directories-extras.cmake
[11.568s] -- Symlinking: /home/ubuntu/mako_ws/mako_robot/install/rplidar_ros/share/rplidar_ros/cmake/rplidar_rosConfig.cmake
[11.606s] -- Symlinking: /home/ubuntu/mako_ws/mako_robot/install/rplidar_ros/share/rplidar_ros/cmake/rplidar_rosConfig-version.cmake
[11.647s] -- Symlinking: /home/ubuntu/mako_ws/mako_robot/install/rplidar_ros/share/rplidar_ros/package.xml
[11.695s] Invoked command in '/home/ubuntu/mako_ws/mako_robot/build/rplidar_ros' returned '0': CMAKE_PREFIX_PATH=${CMAKE_PREFIX_PATH}:/opt/ros/foxy /usr/bin/cmake --install /home/ubuntu/mako_ws/mako_robot/build/rplidar_ros
