[1.307s] Invoking command in '/home/ubuntu/mako_ws/mako_robot/build/rplidar_ros': CMAKE_PREFIX_PATH=${CMAKE_PREFIX_PATH}:/home/ubuntu/mako_ws/mako_robot/install/dev_test_tools:/opt/ros/foxy /usr/bin/cmake --build /home/ubuntu/mako_ws/mako_robot/build/rplidar_ros -- -j4 -l4
[1.718s] [ 11%] Built target rplidarNodeClient
[1.738s] [ 50%] Built target rplidar_composition_node
[1.766s] [ 88%] Built target rplidarNode
[1.953s] [100%] Built target rplidar_composition
[2.003s] Invoked command in '/home/ubuntu/mako_ws/mako_robot/build/rplidar_ros' returned '0': CMAKE_PREFIX_PATH=${CMAKE_PREFIX_PATH}:/home/ubuntu/mako_ws/mako_robot/install/dev_test_tools:/opt/ros/foxy /usr/bin/cmake --build /home/ubuntu/mako_ws/mako_robot/build/rplidar_ros -- -j4 -l4
[2.345s] Invoking command in '/home/ubuntu/mako_ws/mako_robot/build/rplidar_ros': CMAKE_PREFIX_PATH=${CMAKE_PREFIX_PATH}:/home/ubuntu/mako_ws/mako_robot/install/dev_test_tools:/opt/ros/foxy /usr/bin/cmake --install /home/ubuntu/mako_ws/mako_robot/build/rplidar_ros
[2.384s] -- Install configuration: ""
[2.386s] -- Execute custom install script
[2.389s] -- Up-to-date symlink: /home/ubuntu/mako_ws/mako_robot/install/rplidar_ros/lib/rplidar_ros/rplidarNode
[2.392s] -- Up-to-date symlink: /home/ubuntu/mako_ws/mako_robot/install/rplidar_ros/lib/rplidar_ros/rplidarNodeClient
[2.400s] -- Up-to-date symlink: /home/ubuntu/mako_ws/mako_robot/install/rplidar_ros/lib/rplidar_ros/rplidar_composition
[2.401s] -- Up-to-date symlink: /home/ubuntu/mako_ws/mako_robot/install/rplidar_ros/share/rplidar_ros/launch/rplidar.launch.py
[2.402s] -- Up-to-date symlink: /home/ubuntu/mako_ws/mako_robot/install/rplidar_ros/share/rplidar_ros/launch/rplidar_a3.launch.py
[2.403s] -- Up-to-date symlink: /home/ubuntu/mako_ws/mako_robot/install/rplidar_ros/share/rplidar_ros/launch/rplidar_s1.launch.py
[2.404s] -- Up-to-date symlink: /home/ubuntu/mako_ws/mako_robot/install/rplidar_ros/share/rplidar_ros/launch/rplidar_s1_tcp.launch.py
[2.412s] -- Up-to-date symlink: /home/ubuntu/mako_ws/mako_robot/install/rplidar_ros/share/rplidar_ros/launch/test_rplidar.launch.py
[2.412s] -- Up-to-date symlink: /home/ubuntu/mako_ws/mako_robot/install/rplidar_ros/share/rplidar_ros/launch/test_rplidar_a3.launch.py
[2.414s] -- Up-to-date symlink: /home/ubuntu/mako_ws/mako_robot/install/rplidar_ros/share/rplidar_ros/launch/view_rplidar.launch.py
[2.414s] -- Up-to-date symlink: /home/ubuntu/mako_ws/mako_robot/install/rplidar_ros/share/rplidar_ros/launch/view_rplidar_a3.launch.py
[2.415s] -- Up-to-date symlink: /home/ubuntu/mako_ws/mako_robot/install/rplidar_ros/share/rplidar_ros/launch/view_rplidar_s1.launch.py
[2.416s] -- Up-to-date symlink: /home/ubuntu/mako_ws/mako_robot/install/rplidar_ros/share/rplidar_ros/launch/view_rplidar_s1_tcp.launch.py
[2.418s] -- Up-to-date symlink: /home/ubuntu/mako_ws/mako_robot/install/rplidar_ros/share/rplidar_ros/rviz/rplidar.rviz
[2.420s] -- Up-to-date symlink: /home/ubuntu/mako_ws/mako_robot/install/rplidar_ros/lib/librplidar_composition_node.so
[2.423s] -- Up-to-date symlink: /home/ubuntu/mako_ws/mako_robot/install/rplidar_ros/include/rplidar_node.hpp
[2.424s] -- Up-to-date symlink: /home/ubuntu/mako_ws/mako_robot/install/rplidar_ros/include/visibility.h
[2.427s] -- Up-to-date symlink: /home/ubuntu/mako_ws/mako_robot/install/rplidar_ros/lib/rplidar_ros/rplidarNode
[2.428s] -- Up-to-date symlink: /home/ubuntu/mako_ws/mako_robot/install/rplidar_ros/lib/rplidar_ros/rplidarNodeClient
[2.430s] -- Up-to-date symlink: /home/ubuntu/mako_ws/mako_robot/install/rplidar_ros/lib/rplidar_ros/rplidar_composition
[2.432s] -- Up-to-date symlink: /home/ubuntu/mako_ws/mako_robot/install/rplidar_ros/share/ament_index/resource_index/package_run_dependencies/rplidar_ros
[2.434s] -- Up-to-date symlink: /home/ubuntu/mako_ws/mako_robot/install/rplidar_ros/share/ament_index/resource_index/parent_prefix_path/rplidar_ros
[2.435s] -- Up-to-date symlink: /home/ubuntu/mako_ws/mako_robot/install/rplidar_ros/share/rplidar_ros/environment/ament_prefix_path.sh
[2.437s] -- Up-to-date symlink: /home/ubuntu/mako_ws/mako_robot/install/rplidar_ros/share/rplidar_ros/environment/ament_prefix_path.dsv
[2.439s] -- Up-to-date symlink: /home/ubuntu/mako_ws/mako_robot/install/rplidar_ros/share/rplidar_ros/environment/path.sh
[2.443s] -- Up-to-date symlink: /home/ubuntu/mako_ws/mako_robot/install/rplidar_ros/share/rplidar_ros/environment/path.dsv
[2.448s] -- Up-to-date symlink: /home/ubuntu/mako_ws/mako_robot/install/rplidar_ros/share/rplidar_ros/local_setup.bash
[2.449s] -- Up-to-date symlink: /home/ubuntu/mako_ws/mako_robot/install/rplidar_ros/share/rplidar_ros/local_setup.sh
[2.450s] -- Up-to-date symlink: /home/ubuntu/mako_ws/mako_robot/install/rplidar_ros/share/rplidar_ros/local_setup.zsh
[2.451s] -- Up-to-date symlink: /home/ubuntu/mako_ws/mako_robot/install/rplidar_ros/share/rplidar_ros/local_setup.dsv
[2.452s] -- Symlinking: /home/ubuntu/mako_ws/mako_robot/install/rplidar_ros/share/rplidar_ros/package.dsv
[2.504s] -- Up-to-date symlink: /home/ubuntu/mako_ws/mako_robot/install/rplidar_ros/share/ament_index/resource_index/packages/rplidar_ros
[2.505s] -- Up-to-date symlink: /home/ubuntu/mako_ws/mako_robot/install/rplidar_ros/share/rplidar_ros/cmake/ament_cmake_export_dependencies-extras.cmake
[2.506s] -- Up-to-date symlink: /home/ubuntu/mako_ws/mako_robot/install/rplidar_ros/share/rplidar_ros/cmake/ament_cmake_export_include_directories-extras.cmake
[2.508s] -- Up-to-date symlink: /home/ubuntu/mako_ws/mako_robot/install/rplidar_ros/share/rplidar_ros/cmake/rplidar_rosConfig.cmake
[2.510s] -- Up-to-date symlink: /home/ubuntu/mako_ws/mako_robot/install/rplidar_ros/share/rplidar_ros/cmake/rplidar_rosConfig-version.cmake
[2.512s] -- Up-to-date symlink: /home/ubuntu/mako_ws/mako_robot/install/rplidar_ros/share/rplidar_ros/package.xml
[2.528s] Invoked command in '/home/ubuntu/mako_ws/mako_robot/build/rplidar_ros' returned '0': CMAKE_PREFIX_PATH=${CMAKE_PREFIX_PATH}:/home/ubuntu/mako_ws/mako_robot/install/dev_test_tools:/opt/ros/foxy /usr/bin/cmake --install /home/ubuntu/mako_ws/mako_robot/build/rplidar_ros
