[1.275s] Invoking command in '/home/ubuntu/mako_ws/mako_robot/build/rplidar_ros': CMAKE_PREFIX_PATH=${CMAKE_PREFIX_PATH}:/opt/ros/foxy /usr/bin/cmake /home/ubuntu/mako_ws/mako_robot/src/rplidar_ros2 -DCMAKE_INSTALL_PREFIX=/home/ubuntu/mako_ws/mako_robot/install/rplidar_ros
[2.474s] -- The C compiler identification is GNU 9.3.0
[3.389s] -- The CXX compiler identification is GNU 9.3.0
[3.452s] -- Check for working C compiler: /usr/bin/cc
[3.832s] -- Check for working C compiler: /usr/bin/cc -- works
[3.840s] -- Detecting C compiler ABI info
[4.212s] -- Detecting C compiler ABI info - done
[4.266s] -- Detecting C compile features
[4.268s] -- Detecting C compile features - done
[4.286s] -- Check for working CXX compiler: /usr/bin/c++
[4.676s] -- Check for working CXX compiler: /usr/bin/c++ -- works
[4.682s] -- Detecting CXX compiler ABI info
[5.080s] -- Detecting CXX compiler ABI info - done
[5.125s] -- Detecting CXX compile features
[5.127s] -- Detecting CXX compile features - done
[5.159s] -- Found ament_cmake_auto: 0.9.8 (/opt/ros/foxy/share/ament_cmake_auto/cmake)
[5.385s] -- Found PythonInterp: /usr/bin/python3 (found suitable version "3.8.5", minimum required is "3") 
[5.386s] -- Using PYTHON_EXECUTABLE: /usr/bin/python3
[6.755s] -- Found ament_cmake_ros: 0.9.1 (/opt/ros/foxy/share/ament_cmake_ros/cmake)
[7.720s] -- Using all available rosidl_typesupport_c: rosidl_typesupport_fastrtps_c;rosidl_typesupport_introspection_c
[7.828s] -- Found rosidl_adapter: 1.2.0 (/opt/ros/foxy/share/rosidl_adapter/cmake)
[8.635s] -- Found OpenSSL: /usr/lib/aarch64-linux-gnu/libcrypto.so (found version "1.1.1f")  
[8.943s] -- Found FastRTPS: /opt/ros/foxy/include  
[9.730s] -- Using all available rosidl_typesupport_cpp: rosidl_typesupport_fastrtps_cpp;rosidl_typesupport_introspection_cpp
[10.177s] -- Found rmw_implementation_cmake: 1.0.2 (/opt/ros/foxy/share/rmw_implementation_cmake/cmake)
[10.189s] -- Using RMW implementation 'rmw_fastrtps_cpp' as default
[10.201s] -- Looking for pthread.h
[10.606s] -- Looking for pthread.h - found
[10.607s] -- Performing Test CMAKE_HAVE_LIBC_PTHREAD
[10.981s] -- Performing Test CMAKE_HAVE_LIBC_PTHREAD - Failed
[10.982s] -- Looking for pthread_create in pthreads
[11.289s] -- Looking for pthread_create in pthreads - not found
[11.290s] -- Looking for pthread_create in pthread
[11.661s] -- Looking for pthread_create in pthread - found
[11.665s] -- Found Threads: TRUE  
[13.769s] -- Configuring done
[13.904s] -- Generating done
[13.912s] -- Build files have been written to: /home/ubuntu/mako_ws/mako_robot/build/rplidar_ros
[13.957s] Invoked command in '/home/ubuntu/mako_ws/mako_robot/build/rplidar_ros' returned '0': CMAKE_PREFIX_PATH=${CMAKE_PREFIX_PATH}:/opt/ros/foxy /usr/bin/cmake /home/ubuntu/mako_ws/mako_robot/src/rplidar_ros2 -DCMAKE_INSTALL_PREFIX=/home/ubuntu/mako_ws/mako_robot/install/rplidar_ros
[13.969s] Invoking command in '/home/ubuntu/mako_ws/mako_robot/build/rplidar_ros': CMAKE_PREFIX_PATH=${CMAKE_PREFIX_PATH}:/opt/ros/foxy /usr/bin/cmake --build /home/ubuntu/mako_ws/mako_robot/build/rplidar_ros -- -j4 -l4
[14.179s] [35m[1mScanning dependencies of target rplidar_composition_node[0m
[14.187s] [35m[1mScanning dependencies of target rplidarNode[0m
[14.192s] [35m[1mScanning dependencies of target rplidarNodeClient[0m
[14.706s] [  5%] [32mBuilding CXX object CMakeFiles/rplidarNodeClient.dir/src/client.cpp.o[0m
[14.720s] [ 11%] [32mBuilding CXX object CMakeFiles/rplidar_composition_node.dir/src/rplidar_node.cpp.o[0m
[14.737s] [ 16%] [32mBuilding CXX object CMakeFiles/rplidar_composition_node.dir/sdk/src/arch/linux/net_serial.cpp.o[0m
[14.740s] [ 22%] [32mBuilding CXX object CMakeFiles/rplidarNode.dir/src/node.cpp.o[0m
[15.605s] In file included from [01m[K/home/ubuntu/mako_ws/mako_robot/src/rplidar_ros2/src/rplidar_node.cpp:36[m[K:
[15.608s] [01m[K/home/ubuntu/mako_ws/mako_robot/src/rplidar_ros2/include/rplidar_node.hpp:50:[m[K [01;35m[Kwarning: [m[K"M_PI" redefined
[15.609s]    50 | #define M_PI 3.1415926535897932384626433832795
[15.610s]       | 
[15.610s] In file included from [01m[K/usr/include/c++/9/cmath:45[m[K,
[15.611s]                  from [01m[K/opt/ros/foxy/include/libstatistics_collector/moving_average_statistics/types.hpp:18[m[K,
[15.612s]                  from [01m[K/opt/ros/foxy/include/libstatistics_collector/collector/generate_statistics_message.hpp:24[m[K,
[15.613s]                  from [01m[K/opt/ros/foxy/include/rclcpp/topic_statistics/subscription_topic_statistics.hpp:23[m[K,
[15.613s]                  from [01m[K/opt/ros/foxy/include/rclcpp/subscription.hpp:50[m[K,
[15.614s]                  from [01m[K/opt/ros/foxy/include/rclcpp/any_executable.hpp:25[m[K,
[15.615s]                  from [01m[K/opt/ros/foxy/include/rclcpp/memory_strategy.hpp:24[m[K,
[15.616s]                  from [01m[K/opt/ros/foxy/include/rclcpp/memory_strategies.hpp:18[m[K,
[15.616s]                  from [01m[K/opt/ros/foxy/include/rclcpp/executor_options.hpp:20[m[K,
[15.617s]                  from [01m[K/opt/ros/foxy/include/rclcpp/executor.hpp:33[m[K,
[15.624s]                  from [01m[K/opt/ros/foxy/include/rclcpp/executors/multi_threaded_executor.hpp:25[m[K,
[15.625s]                  from [01m[K/opt/ros/foxy/include/rclcpp/executors.hpp:21[m[K,
[15.636s]                  from [01m[K/opt/ros/foxy/include/rclcpp/rclcpp.hpp:146[m[K,
[15.637s]                  from [01m[K/home/ubuntu/mako_ws/mako_robot/src/rplidar_ros2/include/rplidar_node.hpp:34[m[K,
[15.638s]                  from [01m[K/home/ubuntu/mako_ws/mako_robot/src/rplidar_ros2/src/rplidar_node.cpp:36[m[K:
[15.643s] [01m[K/usr/include/math.h:1070:[m[K [01;36m[Knote: [m[Kthis is the location of the previous definition
[15.644s]  1070 | # define M_PI  3.14159265358979323846 /* pi */
[15.646s]       | 
[15.649s] [01m[K/home/ubuntu/mako_ws/mako_robot/src/rplidar_ros2/src/client.cpp:43:[m[K [01;35m[Kwarning: [m[K"M_PI" redefined
[15.652s]    43 | #define M_PI 3.1415926535897932384626433832795
[15.652s]       | 
[15.653s] In file included from [01m[K/usr/include/c++/9/cmath:45[m[K,
[15.666s]                  from [01m[K/opt/ros/foxy/include/libstatistics_collector/moving_average_statistics/types.hpp:18[m[K,
[15.667s]                  from [01m[K/opt/ros/foxy/include/libstatistics_collector/collector/generate_statistics_message.hpp:24[m[K,
[15.667s]                  from [01m[K/opt/ros/foxy/include/rclcpp/topic_statistics/subscription_topic_statistics.hpp:23[m[K,
[15.668s]                  from [01m[K/opt/ros/foxy/include/rclcpp/subscription.hpp:50[m[K,
[15.669s]                  from [01m[K/opt/ros/foxy/include/rclcpp/any_executable.hpp:25[m[K,
[15.670s]                  from [01m[K/opt/ros/foxy/include/rclcpp/memory_strategy.hpp:24[m[K,
[15.673s]                  from [01m[K/opt/ros/foxy/include/rclcpp/memory_strategies.hpp:18[m[K,
[15.674s]                  from [01m[K/opt/ros/foxy/include/rclcpp/executor_options.hpp:20[m[K,
[15.674s]                  from [01m[K/opt/ros/foxy/include/rclcpp/executor.hpp:33[m[K,
[15.675s]                  from [01m[K/opt/ros/foxy/include/rclcpp/executors/multi_threaded_executor.hpp:25[m[K,
[15.676s]                  from [01m[K/opt/ros/foxy/include/rclcpp/executors.hpp:21[m[K,
[15.677s]                  from [01m[K/opt/ros/foxy/include/rclcpp/rclcpp.hpp:146[m[K,
[15.690s]                  from [01m[K/home/ubuntu/mako_ws/mako_robot/src/rplidar_ros2/src/client.cpp:38[m[K:
[15.691s] [01m[K/usr/include/math.h:1070:[m[K [01;36m[Knote: [m[Kthis is the location of the previous definition
[15.692s]  1070 | # define M_PI  3.14159265358979323846 /* pi */
[15.692s]       | 
[15.700s] [01m[K/home/ubuntu/mako_ws/mako_robot/src/rplidar_ros2/src/node.cpp:51:[m[K [01;35m[Kwarning: [m[K"M_PI" redefined
[15.701s]    51 | #define M_PI 3.1415926535897932384626433832795
[15.702s]       | 
[15.704s] In file included from [01m[K/usr/include/c++/9/cmath:45[m[K,
[15.705s]                  from [01m[K/opt/ros/foxy/include/libstatistics_collector/moving_average_statistics/types.hpp:18[m[K,
[15.706s]                  from [01m[K/opt/ros/foxy/include/libstatistics_collector/collector/generate_statistics_message.hpp:24[m[K,
[15.707s]                  from [01m[K/opt/ros/foxy/include/rclcpp/topic_statistics/subscription_topic_statistics.hpp:23[m[K,
[15.708s]                  from [01m[K/opt/ros/foxy/include/rclcpp/subscription.hpp:50[m[K,
[15.709s]                  from [01m[K/opt/ros/foxy/include/rclcpp/any_executable.hpp:25[m[K,
[15.709s]                  from [01m[K/opt/ros/foxy/include/rclcpp/memory_strategy.hpp:24[m[K,
[15.710s]                  from [01m[K/opt/ros/foxy/include/rclcpp/memory_strategies.hpp:18[m[K,
[15.711s]                  from [01m[K/opt/ros/foxy/include/rclcpp/executor_options.hpp:20[m[K,
[15.712s]                  from [01m[K/opt/ros/foxy/include/rclcpp/executor.hpp:33[m[K,
[15.713s]                  from [01m[K/opt/ros/foxy/include/rclcpp/executors/multi_threaded_executor.hpp:25[m[K,
[15.726s]                  from [01m[K/opt/ros/foxy/include/rclcpp/executors.hpp:21[m[K,
[15.727s]                  from [01m[K/opt/ros/foxy/include/rclcpp/rclcpp.hpp:146[m[K,
[15.728s]                  from [01m[K/home/ubuntu/mako_ws/mako_robot/src/rplidar_ros2/src/node.cpp:36[m[K:
[15.728s] [01m[K/usr/include/math.h:1070:[m[K [01;36m[Knote: [m[Kthis is the location of the previous definition
[15.729s]  1070 | # define M_PI  3.14159265358979323846 /* pi */
[15.730s]       | 
[15.731s] [01m[K/home/ubuntu/mako_ws/mako_robot/src/rplidar_ros2/src/node.cpp:231:14:[m[K [01;35m[Kwarning: [m[Kinvalid suffix on literal; C++11 requires a space between literal and string macro [[01;35m[K-Wliteral-suffix[m[K]
[15.732s]   231 |     ROS_INFO([01;35m[K"[m[KRPLIDAR running on ROS package rplidar_ros. SDK Version:"RPLIDAR_SDK_VERSION"");
[15.733s]       |              [01;35m[K^[m[K
[18.508s] [01m[K/home/ubuntu/mako_ws/mako_robot/src/rplidar_ros2/sdk/src/arch/linux/net_serial.cpp:[m[K In member function ‘[01m[Kbool rp::arch::net::raw_serial::open(const char*, uint32_t, uint32_t)[m[K’:
[18.509s] [01m[K/home/ubuntu/mako_ws/mako_robot/src/rplidar_ros2/sdk/src/arch/linux/net_serial.cpp:97:74:[m[K [01;35m[Kwarning: [m[Kunused parameter ‘[01m[Kflags[m[K’ [[01;35m[K-Wunused-parameter[m[K]
[18.510s]    97 | bool raw_serial::open(const char * portname, uint32_t baudrate, [01;35m[Kuint32_t flags[m[K)
[18.522s]       |                                                                 [01;35m[K~~~~~~~~~^~~~~[m[K
[18.534s] [01m[K/home/ubuntu/mako_ws/mako_robot/src/rplidar_ros2/sdk/src/arch/linux/net_serial.cpp:[m[K In member function ‘[01m[Kvirtual void rp::arch::net::raw_serial::flush(_u32)[m[K’:
[18.535s] [01m[K/home/ubuntu/mako_ws/mako_robot/src/rplidar_ros2/sdk/src/arch/linux/net_serial.cpp:281:30:[m[K [01;35m[Kwarning: [m[Kunused parameter ‘[01m[Kflags[m[K’ [[01;35m[K-Wunused-parameter[m[K]
[18.545s]   281 | void raw_serial::flush( [01;35m[K_u32 flags[m[K)
[18.546s]       |                         [01;35m[K~~~~~^~~~~[m[K
[18.547s] [01m[K/home/ubuntu/mako_ws/mako_robot/src/rplidar_ros2/sdk/src/arch/linux/net_serial.cpp:[m[K In member function ‘[01m[Kvirtual int rp::arch::net::raw_serial::waitforsent(_u32, size_t*)[m[K’:
[18.548s] [01m[K/home/ubuntu/mako_ws/mako_robot/src/rplidar_ros2/sdk/src/arch/linux/net_serial.cpp:286:34:[m[K [01;35m[Kwarning: [m[Kunused parameter ‘[01m[Ktimeout[m[K’ [[01;35m[K-Wunused-parameter[m[K]
[18.549s]   286 | int raw_serial::waitforsent([01;35m[K_u32 timeout[m[K, size_t * returned_size)
[18.550s]       |                             [01;35m[K~~~~~^~~~~~~[m[K
[18.551s] [01m[K/home/ubuntu/mako_ws/mako_robot/src/rplidar_ros2/sdk/src/arch/linux/net_serial.cpp:[m[K In member function ‘[01m[Kvirtual int rp::arch::net::raw_serial::waitforrecv(_u32, size_t*)[m[K’:
[18.552s] [01m[K/home/ubuntu/mako_ws/mako_robot/src/rplidar_ros2/sdk/src/arch/linux/net_serial.cpp:292:34:[m[K [01;35m[Kwarning: [m[Kunused parameter ‘[01m[Ktimeout[m[K’ [[01;35m[K-Wunused-parameter[m[K]
[18.553s]   292 | int raw_serial::waitforrecv([01;35m[K_u32 timeout[m[K, size_t * returned_size)
[18.554s]       |                             [01;35m[K~~~~~^~~~~~~[m[K
[19.563s] [ 27%] [32mBuilding CXX object CMakeFiles/rplidarNode.dir/sdk/src/arch/linux/net_serial.cpp.o[0m
[23.536s] [01m[K/home/ubuntu/mako_ws/mako_robot/src/rplidar_ros2/sdk/src/arch/linux/net_serial.cpp:[m[K In member function ‘[01m[Kbool rp::arch::net::raw_serial::open(const char*, uint32_t, uint32_t)[m[K’:
[23.537s] [01m[K/home/ubuntu/mako_ws/mako_robot/src/rplidar_ros2/sdk/src/arch/linux/net_serial.cpp:97:74:[m[K [01;35m[Kwarning: [m[Kunused parameter ‘[01m[Kflags[m[K’ [[01;35m[K-Wunused-parameter[m[K]
[23.539s]    97 | bool raw_serial::open(const char * portname, uint32_t baudrate, [01;35m[Kuint32_t flags[m[K)
[23.540s]       |                                                                 [01;35m[K~~~~~~~~~^~~~~[m[K
[23.546s] [01m[K/home/ubuntu/mako_ws/mako_robot/src/rplidar_ros2/sdk/src/arch/linux/net_serial.cpp:[m[K In member function ‘[01m[Kvirtual void rp::arch::net::raw_serial::flush(_u32)[m[K’:
[23.549s] [01m[K/home/ubuntu/mako_ws/mako_robot/src/rplidar_ros2/sdk/src/arch/linux/net_serial.cpp:281:30:[m[K [01;35m[Kwarning: [m[Kunused parameter ‘[01m[Kflags[m[K’ [[01;35m[K-Wunused-parameter[m[K]
[23.550s]   281 | void raw_serial::flush( [01;35m[K_u32 flags[m[K)
[23.552s]       |                         [01;35m[K~~~~~^~~~~[m[K
[23.554s] [01m[K/home/ubuntu/mako_ws/mako_robot/src/rplidar_ros2/sdk/src/arch/linux/net_serial.cpp:[m[K In member function ‘[01m[Kvirtual int rp::arch::net::raw_serial::waitforsent(_u32, size_t*)[m[K’:
[23.555s] [01m[K/home/ubuntu/mako_ws/mako_robot/src/rplidar_ros2/sdk/src/arch/linux/net_serial.cpp:286:34:[m[K [01;35m[Kwarning: [m[Kunused parameter ‘[01m[Ktimeout[m[K’ [[01;35m[K-Wunused-parameter[m[K]
[23.557s]   286 | int raw_serial::waitforsent([01;35m[K_u32 timeout[m[K, size_t * returned_size)
[23.559s]       |                             [01;35m[K~~~~~^~~~~~~[m[K
[23.562s] [01m[K/home/ubuntu/mako_ws/mako_robot/src/rplidar_ros2/sdk/src/arch/linux/net_serial.cpp:[m[K In member function ‘[01m[Kvirtual int rp::arch::net::raw_serial::waitforrecv(_u32, size_t*)[m[K’:
[23.563s] [01m[K/home/ubuntu/mako_ws/mako_robot/src/rplidar_ros2/sdk/src/arch/linux/net_serial.cpp:292:34:[m[K [01;35m[Kwarning: [m[Kunused parameter ‘[01m[Ktimeout[m[K’ [[01;35m[K-Wunused-parameter[m[K]
[23.566s]   292 | int raw_serial::waitforrecv([01;35m[K_u32 timeout[m[K, size_t * returned_size)
[23.567s]       |                             [01;35m[K~~~~~^~~~~~~[m[K
[24.851s] [ 33%] [32mBuilding CXX object CMakeFiles/rplidarNode.dir/sdk/src/arch/linux/net_socket.cpp.o[0m
[26.280s] In file included from [01m[K/home/ubuntu/mako_ws/mako_robot/src/rplidar_ros2/./sdk/include/rplidar.h:39[m[K,
[26.282s]                  from [01m[K/home/ubuntu/mako_ws/mako_robot/src/rplidar_ros2/include/rplidar_node.hpp:41[m[K,
[26.283s]                  from [01m[K/home/ubuntu/mako_ws/mako_robot/src/rplidar_ros2/src/rplidar_node.cpp:36[m[K:
[26.284s] [01m[K/home/ubuntu/mako_ws/mako_robot/src/rplidar_ros2/./sdk/include/rplidar_protocol.h:59:14:[m[K [01;35m[Kwarning: [m[KISO C++ forbids zero-size array ‘[01m[Kdata[m[K’ [[01;35m[K-Wpedantic[m[K]
[26.286s]    59 |     _u8 data[[01;35m[K0[m[K];
[26.287s]       |              [01;35m[K^[m[K
[26.292s] In file included from [01m[K/home/ubuntu/mako_ws/mako_robot/src/rplidar_ros2/./sdk/include/rplidar.h:40[m[K,
[26.294s]                  from [01m[K/home/ubuntu/mako_ws/mako_robot/src/rplidar_ros2/include/rplidar_node.hpp:41[m[K,
[26.295s]                  from [01m[K/home/ubuntu/mako_ws/mako_robot/src/rplidar_ros2/src/rplidar_node.cpp:36[m[K:
[26.296s] [01m[K/home/ubuntu/mako_ws/mako_robot/src/rplidar_ros2/./sdk/include/rplidar_cmd.h:260:18:[m[K [01;35m[Kwarning: [m[KISO C++ forbids zero-size array ‘[01m[Kpayload[m[K’ [[01;35m[K-Wpedantic[m[K]
[26.298s]   260 |     _u8  payload[[01;35m[K0[m[K];
[26.299s]       |                  [01;35m[K^[m[K
[26.915s] In file included from [01m[K/home/ubuntu/mako_ws/mako_robot/src/rplidar_ros2/./sdk/include/rplidar.h:39[m[K,
[26.916s]                  from [01m[K/home/ubuntu/mako_ws/mako_robot/src/rplidar_ros2/src/node.cpp:45[m[K:
[26.917s] [01m[K/home/ubuntu/mako_ws/mako_robot/src/rplidar_ros2/./sdk/include/rplidar_protocol.h:59:14:[m[K [01;35m[Kwarning: [m[KISO C++ forbids zero-size array ‘[01m[Kdata[m[K’ [[01;35m[K-Wpedantic[m[K]
[26.924s]    59 |     _u8 data[[01;35m[K0[m[K];
[26.925s]       |              [01;35m[K^[m[K
[26.926s] In file included from [01m[K/home/ubuntu/mako_ws/mako_robot/src/rplidar_ros2/./sdk/include/rplidar.h:40[m[K,
[26.934s]                  from [01m[K/home/ubuntu/mako_ws/mako_robot/src/rplidar_ros2/src/node.cpp:45[m[K:
[26.935s] [01m[K/home/ubuntu/mako_ws/mako_robot/src/rplidar_ros2/./sdk/include/rplidar_cmd.h:260:18:[m[K [01;35m[Kwarning: [m[KISO C++ forbids zero-size array ‘[01m[Kpayload[m[K’ [[01;35m[K-Wpedantic[m[K]
[26.936s]   260 |     _u8  payload[[01;35m[K0[m[K];
[26.936s]       |                  [01;35m[K^[m[K
[27.001s] [01m[K/home/ubuntu/mako_ws/mako_robot/src/rplidar_ros2/src/rplidar_node.cpp:[m[K In member function ‘[01m[Kvoid rplidar_ros::rplidar_node::stop_motor({anonymous}::EmptyRequest, {anonymous}::EmptyResponse)[m[K’:
[27.002s] [01m[K/home/ubuntu/mako_ws/mako_robot/src/rplidar_ros2/src/rplidar_node.cpp:245:50:[m[K [01;35m[Kwarning: [m[Kunused parameter ‘[01m[Kreq[m[K’ [[01;35m[K-Wunused-parameter[m[K]
[27.002s]   245 | d rplidar_node::stop_motor([01;35m[Kconst EmptyRequest req[m[K, EmptyResponse res)
[27.003s]       |                            [01;35m[K~~~~~~~~~~~~~~~~~~~^~~[m[K
[27.004s] 
[27.005s] [01m[K/home/ubuntu/mako_ws/mako_robot/src/rplidar_ros2/src/rplidar_node.cpp:245:69:[m[K [01;35m[Kwarning: [m[Kunused parameter ‘[01m[Kres[m[K’ [[01;35m[K-Wunused-parameter[m[K]
[27.006s]   245 | p_motor(const EmptyRequest req, [01;35m[KEmptyResponse res[m[K)
[27.007s]       |                                 [01;35m[K~~~~~~~~~~~~~~^~~[m[K
[27.008s] 
[27.031s] [01m[K/home/ubuntu/mako_ws/mako_robot/src/rplidar_ros2/src/rplidar_node.cpp:[m[K In member function ‘[01m[Kvoid rplidar_ros::rplidar_node::start_motor({anonymous}::EmptyRequest, {anonymous}::EmptyResponse)[m[K’:
[27.033s] [01m[K/home/ubuntu/mako_ws/mako_robot/src/rplidar_ros2/src/rplidar_node.cpp:256:51:[m[K [01;35m[Kwarning: [m[Kunused parameter ‘[01m[Kreq[m[K’ [[01;35m[K-Wunused-parameter[m[K]
[27.035s]   256 |  rplidar_node::start_motor([01;35m[Kconst EmptyRequest req[m[K, EmptyResponse res)
[27.036s]       |                            [01;35m[K~~~~~~~~~~~~~~~~~~~^~~[m[K
[27.038s] 
[27.048s] [01m[K/home/ubuntu/mako_ws/mako_robot/src/rplidar_ros2/src/rplidar_node.cpp:256:70:[m[K [01;35m[Kwarning: [m[Kunused parameter ‘[01m[Kres[m[K’ [[01;35m[K-Wunused-parameter[m[K]
[27.049s]   256 | t_motor(const EmptyRequest req, [01;35m[KEmptyResponse res[m[K)
[27.049s]       |                                 [01;35m[K~~~~~~~~~~~~~~^~~[m[K
[27.050s] 
[27.088s] [01m[K/home/ubuntu/mako_ws/mako_robot/src/rplidar_ros2/src/rplidar_node.cpp:[m[K In member function ‘[01m[Kvoid rplidar_ros::rplidar_node::publish_loop()[m[K’:
[27.089s] [01m[K/home/ubuntu/mako_ws/mako_robot/src/rplidar_ros2/src/rplidar_node.cpp:343:46:[m[K [01;35m[Kwarning: [m[KISO C++ forbids variable length array ‘[01m[Kangle_compensate_nodes[m[K’ [[01;35m[K-Wvla[m[K]
[27.091s]   343 |       rplidar_response_measurement_node_hq_t [01;35m[Kangle_compensate_nodes[m[K[angle_compensate_nodes_count];
[27.093s]       |                                              [01;35m[K^~~~~~~~~~~~~~~~~~~~~~[m[K
[27.096s] [01m[K/home/ubuntu/mako_ws/mako_robot/src/rplidar_ros2/src/rplidar_node.cpp:353:25:[m[K [01;35m[Kwarning: [m[Kcomparison of integer expressions of different signedness: ‘[01m[Ksize_t[m[K’ {aka ‘[01m[Klong unsigned int[m[K’} and ‘[01m[Kint[m[K’ [[01;35m[K-Wsign-compare[m[K]
[27.097s]   353 |           for (j = 0; [01;35m[Kj < m_angle_compensate_multiple[m[K; j++) {
[27.099s]       |                       [01;35m[K~~^~~~~~~~~~~~~~~~~~~~~~~~~~~~~[m[K
[27.108s] [01m[K/home/ubuntu/mako_ws/mako_robot/src/rplidar_ros2/src/rplidar_node.cpp:374:44:[m[K [01;35m[Kwarning: [m[Kcomparison of integer expressions of different signedness: ‘[01m[Ksize_t[m[K’ {aka ‘[01m[Klong unsigned int[m[K’} and ‘[01m[Kint[m[K’ [[01;35m[K-Wsign-compare[m[K]
[27.109s]   374 |       for (size_t x = start_node, y = 0; [01;35m[Kx < end_node[m[K; ++x, ++y) {
[27.110s]       |                                          [01;35m[K~~^~~~~~~~~~[m[K
[27.131s] [01m[K/home/ubuntu/mako_ws/mako_robot/src/rplidar_ros2/src/rplidar_node.cpp:381:11:[m[K [01;35m[Kwarning: [m[Kunused variable ‘[01m[Kangle_min[m[K’ [[01;35m[K-Wunused-variable[m[K]
[27.133s]   381 |     float [01;35m[Kangle_min[m[K = deg_2_rad(0.0f);
[27.134s]       |           [01;35m[K^~~~~~~~~[m[K
[27.136s] [01m[K/home/ubuntu/mako_ws/mako_robot/src/rplidar_ros2/src/rplidar_node.cpp:382:11:[m[K [01;35m[Kwarning: [m[Kunused variable ‘[01m[Kangle_max[m[K’ [[01;35m[K-Wunused-variable[m[K]
[27.138s]   382 |     float [01;35m[Kangle_max[m[K = deg_2_rad(359.0f);
[27.139s]       |           [01;35m[K^~~~~~~~~[m[K
[27.154s] [01m[K/home/ubuntu/mako_ws/mako_robot/src/rplidar_ros2/src/node.cpp:[m[K In function ‘[01m[Kbool stop_motor(std::shared_ptr<std_srvs::srv::Empty_Request_<std::allocator<void> > >, std::shared_ptr<std_srvs::srv::Empty_Response_<std::allocator<void> > >)[m[K’:
[27.154s] [01m[K/home/ubuntu/mako_ws/mako_robot/src/rplidar_ros2/src/node.cpp:166:70:[m[K [01;35m[Kwarning: [m[Kunused parameter ‘[01m[Kreq[m[K’ [[01;35m[K-Wunused-parameter[m[K]
[27.155s]   166 | bool stop_motor([01;35m[Kconst std::shared_ptr<std_srvs::srv::Empty::Request> req[m[K,
[27.156s]       |                 [01;35m[K~~~~~~~~~~~~~~~~~~~~~~~~~~~~~~~~~~~~~~~~~~~~~~~~~~~~~^~~[m[K
[27.158s] [01m[K/home/ubuntu/mako_ws/mako_robot/src/rplidar_ros2/src/node.cpp:167:65:[m[K [01;35m[Kwarning: [m[Kunused parameter ‘[01m[Kres[m[K’ [[01;35m[K-Wunused-parameter[m[K]
[27.158s]   167 |                 [01;35m[Kstd::shared_ptr<std_srvs::srv::Empty::Response> res[m[K)
[27.159s]       |                 [01;35m[K~~~~~~~~~~~~~~~~~~~~~~~~~~~~~~~~~~~~~~~~~~~~~~~~^~~[m[K
[27.160s] [01m[K/home/ubuntu/mako_ws/mako_robot/src/rplidar_ros2/src/node.cpp:[m[K In function ‘[01m[Kbool start_motor(std::shared_ptr<std_srvs::srv::Empty_Request_<std::allocator<void> > >, std::shared_ptr<std_srvs::srv::Empty_Response_<std::allocator<void> > >)[m[K’:
[27.161s] [01m[K/home/ubuntu/mako_ws/mako_robot/src/rplidar_ros2/src/node.cpp:178:71:[m[K [01;35m[Kwarning: [m[Kunused parameter ‘[01m[Kreq[m[K’ [[01;35m[K-Wunused-parameter[m[K]
[27.162s]   178 | bool start_motor([01;35m[Kconst std::shared_ptr<std_srvs::srv::Empty::Request> req[m[K,
[27.163s]       |                  [01;35m[K~~~~~~~~~~~~~~~~~~~~~~~~~~~~~~~~~~~~~~~~~~~~~~~~~~~~~^~~[m[K
[27.164s] [01m[K/home/ubuntu/mako_ws/mako_robot/src/rplidar_ros2/src/node.cpp:179:66:[m[K [01;35m[Kwarning: [m[Kunused parameter ‘[01m[Kres[m[K’ [[01;35m[K-Wunused-parameter[m[K]
[27.165s]   179 |                  [01;35m[Kstd::shared_ptr<std_srvs::srv::Empty::Response> res[m[K)
[27.166s]       |                  [01;35m[K~~~~~~~~~~~~~~~~~~~~~~~~~~~~~~~~~~~~~~~~~~~~~~~~^~~[m[K
[27.402s] [01m[K/home/ubuntu/mako_ws/mako_robot/src/rplidar_ros2/src/node.cpp:[m[K In function ‘[01m[Kint main(int, char**)[m[K’:
[27.403s] [01m[K/home/ubuntu/mako_ws/mako_robot/src/rplidar_ros2/src/node.cpp:356:60:[m[K [01;35m[Kwarning: [m[KISO C++ forbids variable length array ‘[01m[Kangle_compensate_nodes[m[K’ [[01;35m[K-Wvla[m[K]
[27.404s]   356 |                     rplidar_response_measurement_node_hq_t [01;35m[Kangle_compensate_nodes[m[K[angle_compensate_nodes_count];
[27.405s]       |                                                            [01;35m[K^~~~~~~~~~~~~~~~~~~~~~[m[K
[27.407s] [01m[K/home/ubuntu/mako_ws/mako_robot/src/rplidar_ros2/src/node.cpp:360:30:[m[K [01;35m[Kwarning: [m[Kcomparison of integer expressions of different signedness: ‘[01m[Kint[m[K’ and ‘[01m[Ksize_t[m[K’ {aka ‘[01m[Klong unsigned int[m[K’} [[01;35m[K-Wsign-compare[m[K]
[27.409s]   360 |                     for( ; [01;35m[Ki < count[m[K; i++ ) {
[27.409s]       |                            [01;35m[K~~^~~~~~~[m[K
[27.525s] In file included from [01m[K/home/ubuntu/mako_ws/mako_robot/src/rplidar_ros2/./sdk/include/rplidar.h:39[m[K,
[27.526s]                  from [01m[K/home/ubuntu/mako_ws/mako_robot/src/rplidar_ros2/./sdk/src/sdkcommon.h:48[m[K,
[27.527s]                  from [01m[K/home/ubuntu/mako_ws/mako_robot/src/rplidar_ros2/sdk/src/arch/linux/net_socket.cpp:10[m[K:
[27.538s] [01m[K/home/ubuntu/mako_ws/mako_robot/src/rplidar_ros2/./sdk/include/rplidar_protocol.h:59:14:[m[K [01;35m[Kwarning: [m[KISO C++ forbids zero-size array ‘[01m[Kdata[m[K’ [[01;35m[K-Wpedantic[m[K]
[27.539s]    59 |     _u8 data[[01;35m[K0[m[K];
[27.539s]       |              [01;35m[K^[m[K
[27.540s] In file included from [01m[K/home/ubuntu/mako_ws/mako_robot/src/rplidar_ros2/./sdk/include/rplidar.h:40[m[K,
[27.541s]                  from [01m[K/home/ubuntu/mako_ws/mako_robot/src/rplidar_ros2/./sdk/src/sdkcommon.h:48[m[K,
[27.541s]                  from [01m[K/home/ubuntu/mako_ws/mako_robot/src/rplidar_ros2/sdk/src/arch/linux/net_socket.cpp:10[m[K:
[27.542s] [01m[K/home/ubuntu/mako_ws/mako_robot/src/rplidar_ros2/./sdk/include/rplidar_cmd.h:260:18:[m[K [01;35m[Kwarning: [m[KISO C++ forbids zero-size array ‘[01m[Kpayload[m[K’ [[01;35m[K-Wpedantic[m[K]
[27.543s]   260 |     _u8  payload[[01;35m[K0[m[K];
[27.547s]       |                  [01;35m[K^[m[K
[27.608s] [01m[K/home/ubuntu/mako_ws/mako_robot/src/rplidar_ros2/sdk/src/arch/linux/net_socket.cpp:[m[K In member function ‘[01m[Kvirtual u_result rp::net::SocketAddress::getAddressAsString(char*, size_t) const[m[K’:
[27.609s] [01m[K/home/ubuntu/mako_ws/mako_robot/src/rplidar_ros2/sdk/src/arch/linux/net_socket.cpp:170:17:[m[K [01;35m[Kwarning: [m[Kordered comparison of pointer with integer zero [[01;35m[K-Wextra[m[K]
[27.610s]   170 |     return ans<=[01;35m[K0[m[K?RESULT_OPERATION_FAIL:RESULT_OK;
[27.611s]       |                 [01;35m[K^[m[K
[27.664s] [01m[K/home/ubuntu/mako_ws/mako_robot/src/rplidar_ros2/sdk/src/arch/linux/net_socket.cpp:[m[K In member function ‘[01m[Kvirtual u_result rp::arch::net::StreamSocketImpl::send(const void*, size_t)[m[K’:
[27.665s] [01m[K/home/ubuntu/mako_ws/mako_robot/src/rplidar_ros2/sdk/src/arch/linux/net_socket.cpp:438:17:[m[K [01;35m[Kwarning: [m[Kcomparison of integer expressions of different signedness: ‘[01m[Ksize_t[m[K’ {aka ‘[01m[Klong unsigned int[m[K’} and ‘[01m[Kint[m[K’ [[01;35m[K-Wsign-compare[m[K]
[27.666s]   438 |         if ([01;35m[Kans == (int)len[m[K) {
[27.667s]       |             [01;35m[K~~~~^~~~~~~~~~~[m[K
[27.692s] In file included from [01m[K/home/ubuntu/mako_ws/mako_robot/src/rplidar_ros2/./sdk/src/arch/linux/arch_linux.h:42[m[K,
[27.693s]                  from [01m[K/home/ubuntu/mako_ws/mako_robot/src/rplidar_ros2/./sdk/src/sdkcommon.h:40[m[K,
[27.694s]                  from [01m[K/home/ubuntu/mako_ws/mako_robot/src/rplidar_ros2/sdk/src/arch/linux/net_socket.cpp:10[m[K:
[27.695s] [01m[K/home/ubuntu/mako_ws/mako_robot/src/rplidar_ros2/sdk/src/arch/linux/net_socket.cpp:[m[K In member function ‘[01m[Kvirtual u_result rp::arch::net::DGramSocketImpl::sendTo(const rp::net::SocketAddress&, const void*, size_t)[m[K’:
[27.695s] [01m[K/home/ubuntu/mako_ws/mako_robot/src/rplidar_ros2/sdk/src/arch/linux/net_socket.cpp:726:24:[m[K [01;35m[Kwarning: [m[Kcomparison of integer expressions of different signedness: ‘[01m[Ksize_t[m[K’ {aka ‘[01m[Klong unsigned int[m[K’} and ‘[01m[Kint[m[K’ [[01;35m[K-Wsign-compare[m[K]
[27.697s]   726 |             assert([01;35m[Kans == (int)len[m[K);
[27.697s]       |                    [01;35m[K~~~~^~~~~~~~~~~[m[K
[29.118s] [ 38%] [32mBuilding CXX object CMakeFiles/rplidarNode.dir/sdk/src/arch/linux/timer.cpp.o[0m
[32.566s] [ 44%] [32mBuilding CXX object CMakeFiles/rplidar_composition_node.dir/sdk/src/arch/linux/net_socket.cpp.o[0m
[35.724s] In file included from [01m[K/home/ubuntu/mako_ws/mako_robot/src/rplidar_ros2/./sdk/include/rplidar.h:39[m[K,
[35.725s]                  from [01m[K/home/ubuntu/mako_ws/mako_robot/src/rplidar_ros2/./sdk/src/sdkcommon.h:48[m[K,
[35.726s]                  from [01m[K/home/ubuntu/mako_ws/mako_robot/src/rplidar_ros2/sdk/src/arch/linux/net_socket.cpp:10[m[K:
[35.728s] [01m[K/home/ubuntu/mako_ws/mako_robot/src/rplidar_ros2/./sdk/include/rplidar_protocol.h:59:14:[m[K [01;35m[Kwarning: [m[KISO C++ forbids zero-size array ‘[01m[Kdata[m[K’ [[01;35m[K-Wpedantic[m[K]
[35.729s]    59 |     _u8 data[[01;35m[K0[m[K];
[35.730s]       |              [01;35m[K^[m[K
[35.731s] In file included from [01m[K/home/ubuntu/mako_ws/mako_robot/src/rplidar_ros2/./sdk/include/rplidar.h:40[m[K,
[35.731s]                  from [01m[K/home/ubuntu/mako_ws/mako_robot/src/rplidar_ros2/./sdk/src/sdkcommon.h:48[m[K,
[35.732s]                  from [01m[K/home/ubuntu/mako_ws/mako_robot/src/rplidar_ros2/sdk/src/arch/linux/net_socket.cpp:10[m[K:
[35.733s] [01m[K/home/ubuntu/mako_ws/mako_robot/src/rplidar_ros2/./sdk/include/rplidar_cmd.h:260:18:[m[K [01;35m[Kwarning: [m[KISO C++ forbids zero-size array ‘[01m[Kpayload[m[K’ [[01;35m[K-Wpedantic[m[K]
[35.734s]   260 |     _u8  payload[[01;35m[K0[m[K];
[35.735s]       |                  [01;35m[K^[m[K
[35.811s] [01m[K/home/ubuntu/mako_ws/mako_robot/src/rplidar_ros2/sdk/src/arch/linux/net_socket.cpp:[m[K In member function ‘[01m[Kvirtual u_result rp::net::SocketAddress::getAddressAsString(char*, size_t) const[m[K’:
[35.812s] [01m[K/home/ubuntu/mako_ws/mako_robot/src/rplidar_ros2/sdk/src/arch/linux/net_socket.cpp:170:17:[m[K [01;35m[Kwarning: [m[Kordered comparison of pointer with integer zero [[01;35m[K-Wextra[m[K]
[35.813s]   170 |     return ans<=[01;35m[K0[m[K?RESULT_OPERATION_FAIL:RESULT_OK;
[35.814s]       |                 [01;35m[K^[m[K
[35.865s] [01m[K/home/ubuntu/mako_ws/mako_robot/src/rplidar_ros2/sdk/src/arch/linux/net_socket.cpp:[m[K In member function ‘[01m[Kvirtual u_result rp::arch::net::StreamSocketImpl::send(const void*, size_t)[m[K’:
[35.866s] [01m[K/home/ubuntu/mako_ws/mako_robot/src/rplidar_ros2/sdk/src/arch/linux/net_socket.cpp:438:17:[m[K [01;35m[Kwarning: [m[Kcomparison of integer expressions of different signedness: ‘[01m[Ksize_t[m[K’ {aka ‘[01m[Klong unsigned int[m[K’} and ‘[01m[Kint[m[K’ [[01;35m[K-Wsign-compare[m[K]
[35.867s]   438 |         if ([01;35m[Kans == (int)len[m[K) {
[35.868s]       |             [01;35m[K~~~~^~~~~~~~~~~[m[K
[35.893s] In file included from [01m[K/home/ubuntu/mako_ws/mako_robot/src/rplidar_ros2/./sdk/src/arch/linux/arch_linux.h:42[m[K,
[35.895s]                  from [01m[K/home/ubuntu/mako_ws/mako_robot/src/rplidar_ros2/./sdk/src/sdkcommon.h:40[m[K,
[35.896s]                  from [01m[K/home/ubuntu/mako_ws/mako_robot/src/rplidar_ros2/sdk/src/arch/linux/net_socket.cpp:10[m[K:
[35.897s] [01m[K/home/ubuntu/mako_ws/mako_robot/src/rplidar_ros2/sdk/src/arch/linux/net_socket.cpp:[m[K In member function ‘[01m[Kvirtual u_result rp::arch::net::DGramSocketImpl::sendTo(const rp::net::SocketAddress&, const void*, size_t)[m[K’:
[35.898s] [01m[K/home/ubuntu/mako_ws/mako_robot/src/rplidar_ros2/sdk/src/arch/linux/net_socket.cpp:726:24:[m[K [01;35m[Kwarning: [m[Kcomparison of integer expressions of different signedness: ‘[01m[Ksize_t[m[K’ {aka ‘[01m[Klong unsigned int[m[K’} and ‘[01m[Kint[m[K’ [[01;35m[K-Wsign-compare[m[K]
[35.899s]   726 |             assert([01;35m[Kans == (int)len[m[K);
[35.900s]       |                    [01;35m[K~~~~^~~~~~~~~~~[m[K
[37.091s] [ 50%] [32mBuilding CXX object CMakeFiles/rplidarNode.dir/sdk/src/hal/thread.cpp.o[0m
[40.460s] In file included from [01m[K/home/ubuntu/mako_ws/mako_robot/src/rplidar_ros2/./sdk/include/rplidar.h:39[m[K,
[40.460s]                  from [01m[K/home/ubuntu/mako_ws/mako_robot/src/rplidar_ros2/./sdk/src/sdkcommon.h:48[m[K,
[40.461s]                  from [01m[K/home/ubuntu/mako_ws/mako_robot/src/rplidar_ros2/sdk/src/hal/thread.cpp:35[m[K:
[40.462s] [01m[K/home/ubuntu/mako_ws/mako_robot/src/rplidar_ros2/./sdk/include/rplidar_protocol.h:59:14:[m[K [01;35m[Kwarning: [m[KISO C++ forbids zero-size array ‘[01m[Kdata[m[K’ [[01;35m[K-Wpedantic[m[K]
[40.464s]    59 |     _u8 data[[01;35m[K0[m[K];
[40.464s]       |              [01;35m[K^[m[K
[40.474s] In file included from [01m[K/home/ubuntu/mako_ws/mako_robot/src/rplidar_ros2/./sdk/include/rplidar.h:40[m[K,
[40.476s]                  from [01m[K/home/ubuntu/mako_ws/mako_robot/src/rplidar_ros2/./sdk/src/sdkcommon.h:48[m[K,
[40.477s]                  from [01m[K/home/ubuntu/mako_ws/mako_robot/src/rplidar_ros2/sdk/src/hal/thread.cpp:35[m[K:
[40.477s] [01m[K/home/ubuntu/mako_ws/mako_robot/src/rplidar_ros2/./sdk/include/rplidar_cmd.h:260:18:[m[K [01;35m[Kwarning: [m[KISO C++ forbids zero-size array ‘[01m[Kpayload[m[K’ [[01;35m[K-Wpedantic[m[K]
[40.478s]   260 |     _u8  payload[[01;35m[K0[m[K];
[40.479s]       |                  [01;35m[K^[m[K
[40.481s] In file included from [01m[K/home/ubuntu/mako_ws/mako_robot/src/rplidar_ros2/sdk/src/hal/thread.cpp:43[m[K:
[40.482s] [01m[K/home/ubuntu/mako_ws/mako_robot/src/rplidar_ros2/./sdk/src/arch/linux/thread.hpp:[m[K In static member function ‘[01m[Kstatic rp::hal::Thread rp::hal::Thread::create(thread_proc_t, void*)[m[K’:
[40.482s] [01m[K/home/ubuntu/mako_ws/mako_robot/src/rplidar_ros2/./sdk/src/arch/linux/thread.hpp:48:77:[m[K [01;35m[Kwarning: [m[Kcast between incompatible function types from ‘[01m[Kthread_proc_t[m[K’ {aka ‘[01m[Klong unsigned int (*)(void*)[m[K’} to ‘[01m[Kvoid* (*)(void*)[m[K’ [[01;35m[K-Wcast-function-type[m[K]
[40.484s]    48 |     pthread_create((pthread_t *)&newborn._handle, NULL, (void * (*)(void *))[01;35m[Kproc[m[K, data);
[40.484s]       |                                                                             [01;35m[K^~~~[m[K
[40.489s] [01m[K/home/ubuntu/mako_ws/mako_robot/src/rplidar_ros2/./sdk/src/arch/linux/thread.hpp:[m[K In member function ‘[01m[Ku_result rp::hal::Thread::join(long unsigned int)[m[K’:
[40.490s] [01m[K/home/ubuntu/mako_ws/mako_robot/src/rplidar_ros2/./sdk/src/arch/linux/thread.hpp:129:37:[m[K [01;35m[Kwarning: [m[Kunused parameter ‘[01m[Ktimeout[m[K’ [[01;35m[K-Wunused-parameter[m[K]
[40.490s]   129 | u_result Thread::join([01;35m[Kunsigned long timeout[m[K)
[40.491s]       |                       [01;35m[K~~~~~~~~~~~~~~^~~~~~~[m[K
[41.448s] [ 55%] [32mBuilding CXX object CMakeFiles/rplidarNode.dir/sdk/src/rplidar_driver.cpp.o[0m
[43.651s] [ 61%] [32mBuilding CXX object CMakeFiles/rplidar_composition_node.dir/sdk/src/arch/linux/timer.cpp.o[0m
[44.743s] In file included from [01m[K/home/ubuntu/mako_ws/mako_robot/src/rplidar_ros2/./sdk/include/rplidar.h:39[m[K,
[44.744s]                  from [01m[K/home/ubuntu/mako_ws/mako_robot/src/rplidar_ros2/sdk/src/sdkcommon.h:48[m[K,
[44.745s]                  from [01m[K/home/ubuntu/mako_ws/mako_robot/src/rplidar_ros2/sdk/src/rplidar_driver.cpp:35[m[K:
[44.746s] [01m[K/home/ubuntu/mako_ws/mako_robot/src/rplidar_ros2/./sdk/include/rplidar_protocol.h:59:14:[m[K [01;35m[Kwarning: [m[KISO C++ forbids zero-size array ‘[01m[Kdata[m[K’ [[01;35m[K-Wpedantic[m[K]
[44.746s]    59 |     _u8 data[[01;35m[K0[m[K];
[44.748s]       |              [01;35m[K^[m[K
[44.750s] In file included from [01m[K/home/ubuntu/mako_ws/mako_robot/src/rplidar_ros2/./sdk/include/rplidar.h:40[m[K,
[44.751s]                  from [01m[K/home/ubuntu/mako_ws/mako_robot/src/rplidar_ros2/sdk/src/sdkcommon.h:48[m[K,
[44.753s]                  from [01m[K/home/ubuntu/mako_ws/mako_robot/src/rplidar_ros2/sdk/src/rplidar_driver.cpp:35[m[K:
[44.755s] [01m[K/home/ubuntu/mako_ws/mako_robot/src/rplidar_ros2/./sdk/include/rplidar_cmd.h:260:18:[m[K [01;35m[Kwarning: [m[KISO C++ forbids zero-size array ‘[01m[Kpayload[m[K’ [[01;35m[K-Wpedantic[m[K]
[44.756s]   260 |     _u8  payload[[01;35m[K0[m[K];
[44.756s]       |                  [01;35m[K^[m[K
[45.474s] [ 66%] [32mBuilding CXX object CMakeFiles/rplidar_composition_node.dir/sdk/src/hal/thread.cpp.o[0m
[46.077s] [01m[K/home/ubuntu/mako_ws/mako_robot/src/rplidar_ros2/sdk/src/rplidar_driver.cpp:[m[K In member function ‘[01m[Kvirtual u_result rp::standalone::rplidar::RPlidarDriverImplCommon::reset(_u32)[m[K’:
[46.078s] [01m[K/home/ubuntu/mako_ws/mako_robot/src/rplidar_ros2/sdk/src/rplidar_driver.cpp:121:46:[m[K [01;35m[Kwarning: [m[Kunused parameter ‘[01m[Ktimeout[m[K’ [[01;35m[K-Wunused-parameter[m[K]
[46.079s]   121 | u_result RPlidarDriverImplCommon::reset([01;35m[K_u32 timeout[m[K)
[46.079s]       |                                         [01;35m[K~~~~~^~~~~~~[m[K
[46.087s] [01m[K/home/ubuntu/mako_ws/mako_robot/src/rplidar_ros2/sdk/src/rplidar_driver.cpp:[m[K In member function ‘[01m[Kvirtual u_result rp::standalone::rplidar::RPlidarDriverImplCommon::checkIfTofLidar(bool&, _u32)[m[K’:
[46.088s] [01m[K/home/ubuntu/mako_ws/mako_robot/src/rplidar_ros2/sdk/src/rplidar_driver.cpp:274:75:[m[K [01;35m[Kwarning: [m[Kunused parameter ‘[01m[Ktimeout[m[K’ [[01;35m[K-Wunused-parameter[m[K]
[46.088s]   274 | u_result RPlidarDriverImplCommon::checkIfTofLidar(bool & isTofLidar, [01;35m[K_u32 timeout[m[K)
[46.089s]       |                                                                      [01;35m[K~~~~~^~~~~~~[m[K
[46.228s] [01m[K/home/ubuntu/mako_ws/mako_robot/src/rplidar_ros2/sdk/src/rplidar_driver.cpp:[m[K In member function ‘[01m[Kvirtual void rp::standalone::rplidar::RPlidarDriverImplCommon::_dense_capsuleToNormal(const rplidar_response_capsule_measurement_nodes_t&, rplidar_response_measurement_node_hq_t*, size_t&)[m[K’:
[46.230s] [01m[K/home/ubuntu/mako_ws/mako_robot/src/rplidar_ros2/sdk/src/rplidar_driver.cpp:872:108:[m[K [01;35m[Kwarning: [m[Ktype qualifiers ignored on cast result type [[01;35m[K-Wignored-qualifiers[m[K]
[46.230s]   872 |             const int dist = static_cast<const int>(_cached_previous_dense_capsuledata.cabins[pos].distance[01;35m[K)[m[K;
[46.231s]       |                                                                                                            [01;35m[K^[m[K
[46.237s] [01m[K/home/ubuntu/mako_ws/mako_robot/src/rplidar_ros2/sdk/src/rplidar_driver.cpp:[m[K In function ‘[01m[K_u32 rp::standalone::rplidar::_crc32cal(_u32, void*, _u16)[m[K’:
[46.238s] [01m[K/home/ubuntu/mako_ws/mako_robot/src/rplidar_ros2/sdk/src/rplidar_driver.cpp:996:23:[m[K [01;35m[Kwarning: [m[Ksuggest parentheses around ‘[01m[K-[m[K’ in operand of ‘[01m[K&[m[K’ [[01;35m[K-Wparentheses[m[K]
[46.239s]   996 |     _u8 leftBytes = [01;35m[K4 - len[m[K & 0x3;
[46.240s]       |                     [01;35m[K~~^~~~~[m[K
[46.276s] [01m[K/home/ubuntu/mako_ws/mako_robot/src/rplidar_ros2/sdk/src/rplidar_driver.cpp:[m[K In member function ‘[01m[Kvirtual void rp::standalone::rplidar::RPlidarDriverImplCommon::_ultraCapsuleToNormal(const rplidar_response_ultra_capsule_measurement_nodes_t&, rplidar_response_measurement_node_hq_t*, size_t&)[m[K’:
[46.276s] [01m[K/home/ubuntu/mako_ws/mako_robot/src/rplidar_ros2/sdk/src/rplidar_driver.cpp:1207:32:[m[K [01;35m[Kwarning: [m[Kcomparison of integer expressions of different signedness: ‘[01m[Kint[m[K’ and ‘[01m[Kunsigned int[m[K’ [[01;35m[K-Wsign-compare[m[K]
[46.277s]  1207 |             if (([01;35m[Kdist_predict1 == 0xFFFFFE00[m[K) || (dist_predict1 == 0x1FF)) {
[46.278s]       |                  [01;35m[K~~~~~~~~~~~~~~^~~~~~~~~~~~~[m[K
[46.279s] [01m[K/home/ubuntu/mako_ws/mako_robot/src/rplidar_ros2/sdk/src/rplidar_driver.cpp:1215:32:[m[K [01;35m[Kwarning: [m[Kcomparison of integer expressions of different signedness: ‘[01m[Kint[m[K’ and ‘[01m[Kunsigned int[m[K’ [[01;35m[K-Wsign-compare[m[K]
[46.280s]  1215 |             if (([01;35m[Kdist_predict2 == 0xFFFFFE00[m[K) || (dist_predict2 == 0x1FF)) {
[46.281s]       |                  [01;35m[K~~~~~~~~~~~~~~^~~~~~~~~~~~~[m[K
[46.353s] [01m[K/home/ubuntu/mako_ws/mako_robot/src/rplidar_ros2/sdk/src/rplidar_driver.cpp:[m[K In member function ‘[01m[Kvirtual u_result rp::standalone::rplidar::RPlidarDriverImplCommon::getAllSupportedScanModes(std::vector<rp::standalone::rplidar::RplidarScanMode>&, _u32)[m[K’:
[46.371s] [01m[K/home/ubuntu/mako_ws/mako_robot/src/rplidar_ros2/sdk/src/rplidar_driver.cpp:1453:105:[m[K [01;35m[Kwarning: [m[Kunused parameter ‘[01m[KtimeoutInMs[m[K’ [[01;35m[K-Wunused-parameter[m[K]
[46.374s]  1453 | u_result RPlidarDriverImplCommon::getAllSupportedScanModes(std::vector<RplidarScanMode>& outModes, [01;35m[K_u32 timeoutInMs[m[K)
[46.376s]       |                                                                                                    [01;35m[K~~~~~^~~~~~~~~~~[m[K
[46.386s] [01m[K/home/ubuntu/mako_ws/mako_robot/src/rplidar_ros2/sdk/src/rplidar_driver.cpp:[m[K In member function ‘[01m[Kvirtual u_result rp::standalone::rplidar::RPlidarDriverImplCommon::startScan(bool, bool, _u32, rp::standalone::rplidar::RplidarScanMode*)[m[K’:
[46.387s] [01m[K/home/ubuntu/mako_ws/mako_robot/src/rplidar_ros2/sdk/src/rplidar_driver.cpp:1550:83:[m[K [01;35m[Kwarning: [m[Kunused parameter ‘[01m[Koptions[m[K’ [[01;35m[K-Wunused-parameter[m[K]
[46.388s]  1550 | u_result RPlidarDriverImplCommon::startScan(bool force, bool useTypicalScan, [01;35m[K_u32 options[m[K, RplidarScanMode* outUsedScanMode)
[46.390s]       |                                                                              [01;35m[K~~~~~^~~~~~~[m[K
[46.419s] [01m[K/home/ubuntu/mako_ws/mako_robot/src/rplidar_ros2/sdk/src/rplidar_driver.cpp:[m[K In member function ‘[01m[Kvirtual u_result rp::standalone::rplidar::RPlidarDriverImplCommon::stop(_u32)[m[K’:
[46.426s] [01m[K/home/ubuntu/mako_ws/mako_robot/src/rplidar_ros2/sdk/src/rplidar_driver.cpp:1774:45:[m[K [01;35m[Kwarning: [m[Kunused parameter ‘[01m[Ktimeout[m[K’ [[01;35m[K-Wunused-parameter[m[K]
[46.429s]  1774 | u_result RPlidarDriverImplCommon::stop([01;35m[K_u32 timeout[m[K)
[46.430s]       |                                        [01;35m[K~~~~~^~~~~~~[m[K
[46.474s] [01m[K/home/ubuntu/mako_ws/mako_robot/src/rplidar_ros2/sdk/src/rplidar_driver.cpp:[m[K In member function ‘[01m[Kvirtual u_result rp::standalone::rplidar::RPlidarDriverImplCommon::setLidarSpinSpeed(_u16, _u32)[m[K’:
[46.475s] [01m[K/home/ubuntu/mako_ws/mako_robot/src/rplidar_ros2/sdk/src/rplidar_driver.cpp:2162:68:[m[K [01;35m[Kwarning: [m[Kunused parameter ‘[01m[Ktimeout[m[K’ [[01;35m[K-Wunused-parameter[m[K]
[46.477s]  2162 | u_result RPlidarDriverImplCommon::setLidarSpinSpeed(_u16 rpm, [01;35m[K_u32 timeout[m[K)
[46.478s]       |                                                               [01;35m[K~~~~~^~~~~~~[m[K
[46.487s] [01m[K/home/ubuntu/mako_ws/mako_robot/src/rplidar_ros2/sdk/src/rplidar_driver.cpp:[m[K In member function ‘[01m[Kvirtual u_result rp::standalone::rplidar::RPlidarDriverSerial::connect(const char*, _u32, _u32)[m[K’:
[46.489s] [01m[K/home/ubuntu/mako_ws/mako_robot/src/rplidar_ros2/sdk/src/rplidar_driver.cpp:2240:83:[m[K [01;35m[Kwarning: [m[Kunused parameter ‘[01m[Kflag[m[K’ [[01;35m[K-Wunused-parameter[m[K]
[46.490s]  2240 | u_result RPlidarDriverSerial::connect(const char * port_path, _u32 baudrate, [01;35m[K_u32 flag[m[K)
[46.491s]       |                                                                              [01;35m[K~~~~~^~~~[m[K
[46.496s] [01m[K/home/ubuntu/mako_ws/mako_robot/src/rplidar_ros2/sdk/src/rplidar_driver.cpp:[m[K In member function ‘[01m[Kvirtual u_result rp::standalone::rplidar::RPlidarDriverTCP::connect(const char*, _u32, _u32)[m[K’:
[46.498s] [01m[K/home/ubuntu/mako_ws/mako_robot/src/rplidar_ros2/sdk/src/rplidar_driver.cpp:2282:72:[m[K [01;35m[Kwarning: [m[Kunused parameter ‘[01m[Kflag[m[K’ [[01;35m[K-Wunused-parameter[m[K]
[46.501s]  2282 | u_result RPlidarDriverTCP::connect(const char * ipStr, _u32 port, [01;35m[K_u32 flag[m[K)
[46.503s]       |                                                                   [01;35m[K~~~~~^~~~[m[K
[47.056s] [ 72%] [32mBuilding CXX object CMakeFiles/rplidar_composition_node.dir/sdk/src/rplidar_driver.cpp.o[0m
[48.367s] In file included from [01m[K/home/ubuntu/mako_ws/mako_robot/src/rplidar_ros2/./sdk/include/rplidar.h:39[m[K,
[48.367s]                  from [01m[K/home/ubuntu/mako_ws/mako_robot/src/rplidar_ros2/./sdk/src/sdkcommon.h:48[m[K,
[48.368s]                  from [01m[K/home/ubuntu/mako_ws/mako_robot/src/rplidar_ros2/sdk/src/hal/thread.cpp:35[m[K:
[48.369s] [01m[K/home/ubuntu/mako_ws/mako_robot/src/rplidar_ros2/./sdk/include/rplidar_protocol.h:59:14:[m[K [01;35m[Kwarning: [m[KISO C++ forbids zero-size array ‘[01m[Kdata[m[K’ [[01;35m[K-Wpedantic[m[K]
[48.370s]    59 |     _u8 data[[01;35m[K0[m[K];
[48.371s]       |              [01;35m[K^[m[K
[48.374s] In file included from [01m[K/home/ubuntu/mako_ws/mako_robot/src/rplidar_ros2/./sdk/include/rplidar.h:40[m[K,
[48.376s]                  from [01m[K/home/ubuntu/mako_ws/mako_robot/src/rplidar_ros2/./sdk/src/sdkcommon.h:48[m[K,
[48.378s]                  from [01m[K/home/ubuntu/mako_ws/mako_robot/src/rplidar_ros2/sdk/src/hal/thread.cpp:35[m[K:
[48.380s] [01m[K/home/ubuntu/mako_ws/mako_robot/src/rplidar_ros2/./sdk/include/rplidar_cmd.h:260:18:[m[K [01;35m[Kwarning: [m[KISO C++ forbids zero-size array ‘[01m[Kpayload[m[K’ [[01;35m[K-Wpedantic[m[K]
[48.381s]   260 |     _u8  payload[[01;35m[K0[m[K];
[48.392s]       |                  [01;35m[K^[m[K
[48.409s] In file included from [01m[K/home/ubuntu/mako_ws/mako_robot/src/rplidar_ros2/sdk/src/hal/thread.cpp:43[m[K:
[48.410s] [01m[K/home/ubuntu/mako_ws/mako_robot/src/rplidar_ros2/./sdk/src/arch/linux/thread.hpp:[m[K In static member function ‘[01m[Kstatic rp::hal::Thread rp::hal::Thread::create(thread_proc_t, void*)[m[K’:
[48.411s] [01m[K/home/ubuntu/mako_ws/mako_robot/src/rplidar_ros2/./sdk/src/arch/linux/thread.hpp:48:77:[m[K [01;35m[Kwarning: [m[Kcast between incompatible function types from ‘[01m[Kthread_proc_t[m[K’ {aka ‘[01m[Klong unsigned int (*)(void*)[m[K’} to ‘[01m[Kvoid* (*)(void*)[m[K’ [[01;35m[K-Wcast-function-type[m[K]
[48.412s]    48 | ead_t *)&newborn._handle, NULL, (void * (*)(void *))[01;35m[Kproc[m[K, data);
[48.412s]       |                                                     [01;35m[K^~~~[m[K
[48.413s] 
[48.416s] [01m[K/home/ubuntu/mako_ws/mako_robot/src/rplidar_ros2/./sdk/src/arch/linux/thread.hpp:[m[K In member function ‘[01m[Ku_result rp::hal::Thread::join(long unsigned int)[m[K’:
[48.417s] [01m[K/home/ubuntu/mako_ws/mako_robot/src/rplidar_ros2/./sdk/src/arch/linux/thread.hpp:129:37:[m[K [01;35m[Kwarning: [m[Kunused parameter ‘[01m[Ktimeout[m[K’ [[01;35m[K-Wunused-parameter[m[K]
[48.418s]   129 | u_result Thread::join([01;35m[Kunsigned long timeout[m[K)
[48.418s]       |                       [01;35m[K~~~~~~~~~~~~~~^~~~~~~[m[K
[49.814s] [ 77%] [32m[1mLinking CXX executable rplidarNode[0m
[50.294s] In file included from [01m[K/home/ubuntu/mako_ws/mako_robot/src/rplidar_ros2/./sdk/include/rplidar.h:39[m[K,
[50.295s]                  from [01m[K/home/ubuntu/mako_ws/mako_robot/src/rplidar_ros2/sdk/src/sdkcommon.h:48[m[K,
[50.297s]                  from [01m[K/home/ubuntu/mako_ws/mako_robot/src/rplidar_ros2/sdk/src/rplidar_driver.cpp:35[m[K:
[50.301s] [01m[K/home/ubuntu/mako_ws/mako_robot/src/rplidar_ros2/./sdk/include/rplidar_protocol.h:59:14:[m[K [01;35m[Kwarning: [m[KISO C++ forbids zero-size array ‘[01m[Kdata[m[K’ [[01;35m[K-Wpedantic[m[K]
[50.302s]    59 |     _u8 data[[01;35m[K0[m[K];
[50.309s]       |              [01;35m[K^[m[K
[50.310s] In file included from [01m[K/home/ubuntu/mako_ws/mako_robot/src/rplidar_ros2/./sdk/include/rplidar.h:40[m[K,
[50.311s]                  from [01m[K/home/ubuntu/mako_ws/mako_robot/src/rplidar_ros2/sdk/src/sdkcommon.h:48[m[K,
[50.312s]                  from [01m[K/home/ubuntu/mako_ws/mako_robot/src/rplidar_ros2/sdk/src/rplidar_driver.cpp:35[m[K:
[50.313s] [01m[K/home/ubuntu/mako_ws/mako_robot/src/rplidar_ros2/./sdk/include/rplidar_cmd.h:260:18:[m[K [01;35m[Kwarning: [m[KISO C++ forbids zero-size array ‘[01m[Kpayload[m[K’ [[01;35m[K-Wpedantic[m[K]
[50.314s]   260 |     _u8  payload[[01;35m[K0[m[K];
[50.335s]       |                  [01;35m[K^[m[K
[51.410s] [ 77%] Built target rplidarNode
[51.543s] [01m[K/home/ubuntu/mako_ws/mako_robot/src/rplidar_ros2/sdk/src/rplidar_driver.cpp:[m[K In member function ‘[01m[Kvirtual u_result rp::standalone::rplidar::RPlidarDriverImplCommon::reset(_u32)[m[K’:
[51.544s] [01m[K/home/ubuntu/mako_ws/mako_robot/src/rplidar_ros2/sdk/src/rplidar_driver.cpp:121:46:[m[K [01;35m[Kwarning: [m[Kunused parameter ‘[01m[Ktimeout[m[K’ [[01;35m[K-Wunused-parameter[m[K]
[51.544s]   121 | u_result RPlidarDriverImplCommon::reset([01;35m[K_u32 timeout[m[K)
[51.545s]       |                                         [01;35m[K~~~~~^~~~~~~[m[K
[51.550s] [01m[K/home/ubuntu/mako_ws/mako_robot/src/rplidar_ros2/sdk/src/rplidar_driver.cpp:[m[K In member function ‘[01m[Kvirtual u_result rp::standalone::rplidar::RPlidarDriverImplCommon::checkIfTofLidar(bool&, _u32)[m[K’:
[51.551s] [01m[K/home/ubuntu/mako_ws/mako_robot/src/rplidar_ros2/sdk/src/rplidar_driver.cpp:274:75:[m[K [01;35m[Kwarning: [m[Kunused parameter ‘[01m[Ktimeout[m[K’ [[01;35m[K-Wunused-parameter[m[K]
[51.553s]   274 | u_result RPlidarDriverImplCommon::checkIfTofLidar(bool & isTofLidar, [01;35m[K_u32 timeout[m[K)
[51.566s]       |                                                                      [01;35m[K~~~~~^~~~~~~[m[K
[51.585s] [01m[K/home/ubuntu/mako_ws/mako_robot/src/rplidar_ros2/sdk/src/rplidar_driver.cpp:[m[K In member function ‘[01m[Kvirtual void rp::standalone::rplidar::RPlidarDriverImplCommon::_dense_capsuleToNormal(const rplidar_response_capsule_measurement_nodes_t&, rplidar_response_measurement_node_hq_t*, size_t&)[m[K’:
[51.586s] [01m[K/home/ubuntu/mako_ws/mako_robot/src/rplidar_ros2/sdk/src/rplidar_driver.cpp:872:108:[m[K [01;35m[Kwarning: [m[Ktype qualifiers ignored on cast result type [[01;35m[K-Wignored-qualifiers[m[K]
[51.586s]   872 |             const int dist = static_cast<const int>(_cached_previous_dense_capsuledata.cabins[pos].distance[01;35m[K)[m[K;
[51.587s]       |                                                                                                            [01;35m[K^[m[K
[51.592s] [01m[K/home/ubuntu/mako_ws/mako_robot/src/rplidar_ros2/sdk/src/rplidar_driver.cpp:[m[K In function ‘[01m[K_u32 rp::standalone::rplidar::_crc32cal(_u32, void*, _u16)[m[K’:
[51.592s] [01m[K/home/ubuntu/mako_ws/mako_robot/src/rplidar_ros2/sdk/src/rplidar_driver.cpp:996:23:[m[K [01;35m[Kwarning: [m[Ksuggest parentheses around ‘[01m[K-[m[K’ in operand of ‘[01m[K&[m[K’ [[01;35m[K-Wparentheses[m[K]
[51.593s]   996 |     _u8 leftBytes = [01;35m[K4 - len[m[K & 0x3;
[51.593s]       |                     [01;35m[K~~^~~~~[m[K
[51.601s] [01m[K/home/ubuntu/mako_ws/mako_robot/src/rplidar_ros2/sdk/src/rplidar_driver.cpp:[m[K In member function ‘[01m[Kvirtual void rp::standalone::rplidar::RPlidarDriverImplCommon::_ultraCapsuleToNormal(const rplidar_response_ultra_capsule_measurement_nodes_t&, rplidar_response_measurement_node_hq_t*, size_t&)[m[K’:
[51.602s] [01m[K/home/ubuntu/mako_ws/mako_robot/src/rplidar_ros2/sdk/src/rplidar_driver.cpp:1207:32:[m[K [01;35m[Kwarning: [m[Kcomparison of integer expressions of different signedness: ‘[01m[Kint[m[K’ and ‘[01m[Kunsigned int[m[K’ [[01;35m[K-Wsign-compare[m[K]
[51.602s]  1207 |             if (([01;35m[Kdist_predict1 == 0xFFFFFE00[m[K) || (dist_predict1 == 0x1FF)) {
[51.603s]       |                  [01;35m[K~~~~~~~~~~~~~~^~~~~~~~~~~~~[m[K
[51.603s] [01m[K/home/ubuntu/mako_ws/mako_robot/src/rplidar_ros2/sdk/src/rplidar_driver.cpp:1215:32:[m[K [01;35m[Kwarning: [m[Kcomparison of integer expressions of different signedness: ‘[01m[Kint[m[K’ and ‘[01m[Kunsigned int[m[K’ [[01;35m[K-Wsign-compare[m[K]
[51.604s]  1215 |             if (([01;35m[Kdist_predict2 == 0xFFFFFE00[m[K) || (dist_predict2 == 0x1FF)) {
[51.604s]       |                  [01;35m[K~~~~~~~~~~~~~~^~~~~~~~~~~~~[m[K
[51.643s] [01m[K/home/ubuntu/mako_ws/mako_robot/src/rplidar_ros2/sdk/src/rplidar_driver.cpp:[m[K In member function ‘[01m[Kvirtual u_result rp::standalone::rplidar::RPlidarDriverImplCommon::getAllSupportedScanModes(std::vector<rp::standalone::rplidar::RplidarScanMode>&, _u32)[m[K’:
[51.644s] [01m[K/home/ubuntu/mako_ws/mako_robot/src/rplidar_ros2/sdk/src/rplidar_driver.cpp:1453:105:[m[K [01;35m[Kwarning: [m[Kunused parameter ‘[01m[KtimeoutInMs[m[K’ [[01;35m[K-Wunused-parameter[m[K]
[51.644s]  1453 | u_result RPlidarDriverImplCommon::getAllSupportedScanModes(std::vector<RplidarScanMode>& outModes, [01;35m[K_u32 timeoutInMs[m[K)
[51.645s]       |                                                                                                    [01;35m[K~~~~~^~~~~~~~~~~[m[K
[51.648s] [01m[K/home/ubuntu/mako_ws/mako_robot/src/rplidar_ros2/sdk/src/rplidar_driver.cpp:[m[K In member function ‘[01m[Kvirtual u_result rp::standalone::rplidar::RPlidarDriverImplCommon::startScan(bool, bool, _u32, rp::standalone::rplidar::RplidarScanMode*)[m[K’:
[51.649s] [01m[K/home/ubuntu/mako_ws/mako_robot/src/rplidar_ros2/sdk/src/rplidar_driver.cpp:1550:83:[m[K [01;35m[Kwarning: [m[Kunused parameter ‘[01m[Koptions[m[K’ [[01;35m[K-Wunused-parameter[m[K]
[51.650s]  1550 | u_result RPlidarDriverImplCommon::startScan(bool force, bool useTypicalScan, [01;35m[K_u32 options[m[K, RplidarScanMode* outUsedScanMode)
[51.650s]       |                                                                              [01;35m[K~~~~~^~~~~~~[m[K
[51.661s] [01m[K/home/ubuntu/mako_ws/mako_robot/src/rplidar_ros2/sdk/src/rplidar_driver.cpp:[m[K In member function ‘[01m[Kvirtual u_result rp::standalone::rplidar::RPlidarDriverImplCommon::stop(_u32)[m[K’:
[51.662s] [01m[K/home/ubuntu/mako_ws/mako_robot/src/rplidar_ros2/sdk/src/rplidar_driver.cpp:1774:45:[m[K [01;35m[Kwarning: [m[Kunused parameter ‘[01m[Ktimeout[m[K’ [[01;35m[K-Wunused-parameter[m[K]
[51.662s]  1774 | u_result RPlidarDriverImplCommon::stop([01;35m[K_u32 timeout[m[K)
[51.663s]       |                                        [01;35m[K~~~~~^~~~~~~[m[K
[51.681s] [01m[K/home/ubuntu/mako_ws/mako_robot/src/rplidar_ros2/sdk/src/rplidar_driver.cpp:[m[K In member function ‘[01m[Kvirtual u_result rp::standalone::rplidar::RPlidarDriverImplCommon::setLidarSpinSpeed(_u16, _u32)[m[K’:
[51.682s] [01m[K/home/ubuntu/mako_ws/mako_robot/src/rplidar_ros2/sdk/src/rplidar_driver.cpp:2162:68:[m[K [01;35m[Kwarning: [m[Kunused parameter ‘[01m[Ktimeout[m[K’ [[01;35m[K-Wunused-parameter[m[K]
[51.682s]  2162 | u_result RPlidarDriverImplCommon::setLidarSpinSpeed(_u16 rpm, [01;35m[K_u32 timeout[m[K)
[51.683s]       |                                                               [01;35m[K~~~~~^~~~~~~[m[K
[51.687s] [01m[K/home/ubuntu/mako_ws/mako_robot/src/rplidar_ros2/sdk/src/rplidar_driver.cpp:[m[K In member function ‘[01m[Kvirtual u_result rp::standalone::rplidar::RPlidarDriverSerial::connect(const char*, _u32, _u32)[m[K’:
[51.688s] [01m[K/home/ubuntu/mako_ws/mako_robot/src/rplidar_ros2/sdk/src/rplidar_driver.cpp:2240:83:[m[K [01;35m[Kwarning: [m[Kunused parameter ‘[01m[Kflag[m[K’ [[01;35m[K-Wunused-parameter[m[K]
[51.688s]  2240 | u_result RPlidarDriverSerial::connect(const char * port_path, _u32 baudrate, [01;35m[K_u32 flag[m[K)
[51.689s]       |                                                                              [01;35m[K~~~~~^~~~[m[K
[51.691s] [01m[K/home/ubuntu/mako_ws/mako_robot/src/rplidar_ros2/sdk/src/rplidar_driver.cpp:[m[K In member function ‘[01m[Kvirtual u_result rp::standalone::rplidar::RPlidarDriverTCP::connect(const char*, _u32, _u32)[m[K’:
[51.691s] [01m[K/home/ubuntu/mako_ws/mako_robot/src/rplidar_ros2/sdk/src/rplidar_driver.cpp:2282:72:[m[K [01;35m[Kwarning: [m[Kunused parameter ‘[01m[Kflag[m[K’ [[01;35m[K-Wunused-parameter[m[K]
[51.692s]  2282 | u_result RPlidarDriverTCP::connect(const char * ipStr, _u32 port, [01;35m[K_u32 flag[m[K)
[51.693s]       |                                                                   [01;35m[K~~~~~^~~~[m[K
[52.554s] [ 83%] [32m[1mLinking CXX executable rplidarNodeClient[0m
[53.981s] [ 88%] [32m[1mLinking CXX shared library librplidar_composition_node.so[0m
[54.021s] [ 88%] Built target rplidarNodeClient
[55.153s] [ 88%] Built target rplidar_composition_node
[55.207s] [35m[1mScanning dependencies of target rplidar_composition[0m
[55.435s] [ 94%] [32mBuilding CXX object CMakeFiles/rplidar_composition.dir/src/standalone_rplidar.cpp.o[0m
[56.026s] In file included from [01m[K/home/ubuntu/mako_ws/mako_robot/src/rplidar_ros2/src/standalone_rplidar.cpp:16[m[K:
[56.027s] [01m[K/home/ubuntu/mako_ws/mako_robot/src/rplidar_ros2/include/rplidar_node.hpp:50:[m[K [01;35m[Kwarning: [m[K"M_PI" redefined
[56.027s]    50 | #define M_PI 3.1415926535897932384626433832795
[56.028s]       | 
[56.028s] In file included from [01m[K/usr/include/c++/9/cmath:45[m[K,
[56.028s]                  from [01m[K/opt/ros/foxy/include/libstatistics_collector/moving_average_statistics/types.hpp:18[m[K,
[56.029s]                  from [01m[K/opt/ros/foxy/include/libstatistics_collector/collector/generate_statistics_message.hpp:24[m[K,
[56.030s]                  from [01m[K/opt/ros/foxy/include/rclcpp/topic_statistics/subscription_topic_statistics.hpp:23[m[K,
[56.030s]                  from [01m[K/opt/ros/foxy/include/rclcpp/subscription.hpp:50[m[K,
[56.031s]                  from [01m[K/opt/ros/foxy/include/rclcpp/any_executable.hpp:25[m[K,
[56.031s]                  from [01m[K/opt/ros/foxy/include/rclcpp/memory_strategy.hpp:24[m[K,
[56.031s]                  from [01m[K/opt/ros/foxy/include/rclcpp/memory_strategies.hpp:18[m[K,
[56.032s]                  from [01m[K/opt/ros/foxy/include/rclcpp/executor_options.hpp:20[m[K,
[56.032s]                  from [01m[K/opt/ros/foxy/include/rclcpp/executor.hpp:33[m[K,
[56.033s]                  from [01m[K/opt/ros/foxy/include/rclcpp/executors/multi_threaded_executor.hpp:25[m[K,
[56.033s]                  from [01m[K/opt/ros/foxy/include/rclcpp/executors.hpp:21[m[K,
[56.033s]                  from [01m[K/opt/ros/foxy/include/rclcpp/rclcpp.hpp:146[m[K,
[56.034s]                  from [01m[K/home/ubuntu/mako_ws/mako_robot/src/rplidar_ros2/include/rplidar_node.hpp:34[m[K,
[56.034s]                  from [01m[K/home/ubuntu/mako_ws/mako_robot/src/rplidar_ros2/src/standalone_rplidar.cpp:16[m[K:
[56.035s] [01m[K/usr/include/math.h:1070:[m[K [01;36m[Knote: [m[Kthis is the location of the previous definition
[56.035s]  1070 | # define M_PI  3.14159265358979323846 /* pi */
[56.036s]       | 
[62.692s] In file included from [01m[K/home/ubuntu/mako_ws/mako_robot/src/rplidar_ros2/./sdk/include/rplidar.h:39[m[K,
[62.692s]                  from [01m[K/home/ubuntu/mako_ws/mako_robot/src/rplidar_ros2/include/rplidar_node.hpp:41[m[K,
[62.693s]                  from [01m[K/home/ubuntu/mako_ws/mako_robot/src/rplidar_ros2/src/standalone_rplidar.cpp:16[m[K:
[62.693s] [01m[K/home/ubuntu/mako_ws/mako_robot/src/rplidar_ros2/./sdk/include/rplidar_protocol.h:59:14:[m[K [01;35m[Kwarning: [m[KISO C++ forbids zero-size array ‘[01m[Kdata[m[K’ [[01;35m[K-Wpedantic[m[K]
[62.694s]    59 |     _u8 data[[01;35m[K0[m[K];
[62.695s]       |              [01;35m[K^[m[K
[62.695s] In file included from [01m[K/home/ubuntu/mako_ws/mako_robot/src/rplidar_ros2/./sdk/include/rplidar.h:40[m[K,
[62.695s]                  from [01m[K/home/ubuntu/mako_ws/mako_robot/src/rplidar_ros2/include/rplidar_node.hpp:41[m[K,
[62.696s]                  from [01m[K/home/ubuntu/mako_ws/mako_robot/src/rplidar_ros2/src/standalone_rplidar.cpp:16[m[K:
[62.696s] [01m[K/home/ubuntu/mako_ws/mako_robot/src/rplidar_ros2/./sdk/include/rplidar_cmd.h:260:18:[m[K [01;35m[Kwarning: [m[KISO C++ forbids zero-size array ‘[01m[Kpayload[m[K’ [[01;35m[K-Wpedantic[m[K]
[62.697s]   260 |     _u8  payload[[01;35m[K0[m[K];
[62.697s]       |                  [01;35m[K^[m[K
[65.219s] In file included from [01m[K/home/ubuntu/mako_ws/mako_robot/src/rplidar_ros2/src/standalone_rplidar.cpp:16[m[K:
[65.220s] [01m[K/home/ubuntu/mako_ws/mako_robot/src/rplidar_ros2/include/rplidar_node.hpp:76:14:[m[K [01;35m[Kwarning: [m[K‘[01m[Kfloat rplidar_ros::getAngle(const rplidar_response_measurement_node_hq_t&)[m[K’ defined but not used [[01;35m[K-Wunused-function[m[K]
[65.220s]    76 | static float [01;35m[KgetAngle[m[K(const rplidar_response_measurement_node_hq_t& node)
[65.221s]       |              [01;35m[K^~~~~~~~[m[K
[65.777s] [100%] [32m[1mLinking CXX executable rplidar_composition[0m
[66.647s] [100%] Built target rplidar_composition
[66.697s] Invoked command in '/home/ubuntu/mako_ws/mako_robot/build/rplidar_ros' returned '0': CMAKE_PREFIX_PATH=${CMAKE_PREFIX_PATH}:/opt/ros/foxy /usr/bin/cmake --build /home/ubuntu/mako_ws/mako_robot/build/rplidar_ros -- -j4 -l4
[67.057s] Invoking command in '/home/ubuntu/mako_ws/mako_robot/build/rplidar_ros': CMAKE_PREFIX_PATH=${CMAKE_PREFIX_PATH}:/opt/ros/foxy /usr/bin/cmake --install /home/ubuntu/mako_ws/mako_robot/build/rplidar_ros
[67.093s] -- Install configuration: ""
[67.094s] -- Installing: /home/ubuntu/mako_ws/mako_robot/install/rplidar_ros/lib/rplidar_ros/rplidarNode
[67.104s] -- Set runtime path of "/home/ubuntu/mako_ws/mako_robot/install/rplidar_ros/lib/rplidar_ros/rplidarNode" to ""
[67.105s] -- Installing: /home/ubuntu/mako_ws/mako_robot/install/rplidar_ros/lib/rplidar_ros/rplidarNodeClient
[67.119s] -- Set runtime path of "/home/ubuntu/mako_ws/mako_robot/install/rplidar_ros/lib/rplidar_ros/rplidarNodeClient" to ""
[67.119s] -- Installing: /home/ubuntu/mako_ws/mako_robot/install/rplidar_ros/lib/rplidar_ros/rplidar_composition
[67.122s] -- Set runtime path of "/home/ubuntu/mako_ws/mako_robot/install/rplidar_ros/lib/rplidar_ros/rplidar_composition" to ""
[67.123s] -- Installing: /home/ubuntu/mako_ws/mako_robot/install/rplidar_ros/share/rplidar_ros/launch
[67.123s] -- Installing: /home/ubuntu/mako_ws/mako_robot/install/rplidar_ros/share/rplidar_ros/launch/rplidar_a3.launch.py
[67.124s] -- Installing: /home/ubuntu/mako_ws/mako_robot/install/rplidar_ros/share/rplidar_ros/launch/view_rplidar_a3.launch.py
[67.125s] -- Installing: /home/ubuntu/mako_ws/mako_robot/install/rplidar_ros/share/rplidar_ros/launch/rplidar_s1_tcp.launch.py
[67.126s] -- Installing: /home/ubuntu/mako_ws/mako_robot/install/rplidar_ros/share/rplidar_ros/launch/rplidar.launch.py
[67.127s] -- Installing: /home/ubuntu/mako_ws/mako_robot/install/rplidar_ros/share/rplidar_ros/launch/view_rplidar.launch.py
[67.128s] -- Installing: /home/ubuntu/mako_ws/mako_robot/install/rplidar_ros/share/rplidar_ros/launch/rplidar_s1.launch.py
[67.129s] -- Installing: /home/ubuntu/mako_ws/mako_robot/install/rplidar_ros/share/rplidar_ros/launch/test_rplidar.launch.py
[67.130s] -- Installing: /home/ubuntu/mako_ws/mako_robot/install/rplidar_ros/share/rplidar_ros/launch/view_rplidar_s1.launch.py
[67.130s] -- Installing: /home/ubuntu/mako_ws/mako_robot/install/rplidar_ros/share/rplidar_ros/launch/view_rplidar_s1_tcp.launch.py
[67.131s] -- Installing: /home/ubuntu/mako_ws/mako_robot/install/rplidar_ros/share/rplidar_ros/launch/test_rplidar_a3.launch.py
[67.132s] -- Installing: /home/ubuntu/mako_ws/mako_robot/install/rplidar_ros/share/rplidar_ros/rviz
[67.133s] -- Installing: /home/ubuntu/mako_ws/mako_robot/install/rplidar_ros/share/rplidar_ros/rviz/rplidar.rviz
[67.134s] -- Installing: /home/ubuntu/mako_ws/mako_robot/install/rplidar_ros/lib/librplidar_composition_node.so
[67.152s] -- Set runtime path of "/home/ubuntu/mako_ws/mako_robot/install/rplidar_ros/lib/librplidar_composition_node.so" to ""
[67.155s] -- Installing: /home/ubuntu/mako_ws/mako_robot/install/rplidar_ros/include
[67.156s] -- Installing: /home/ubuntu/mako_ws/mako_robot/install/rplidar_ros/include/visibility.h
[67.158s] -- Installing: /home/ubuntu/mako_ws/mako_robot/install/rplidar_ros/include/rplidar_node.hpp
[67.158s] -- Up-to-date: /home/ubuntu/mako_ws/mako_robot/install/rplidar_ros/lib/rplidar_ros/rplidarNode
[67.161s] -- Up-to-date: /home/ubuntu/mako_ws/mako_robot/install/rplidar_ros/lib/rplidar_ros/rplidarNodeClient
[67.163s] -- Up-to-date: /home/ubuntu/mako_ws/mako_robot/install/rplidar_ros/lib/rplidar_ros/rplidar_composition
[67.165s] -- Installing: /home/ubuntu/mako_ws/mako_robot/install/rplidar_ros/share/ament_index/resource_index/package_run_dependencies/rplidar_ros
[67.167s] -- Installing: /home/ubuntu/mako_ws/mako_robot/install/rplidar_ros/share/ament_index/resource_index/parent_prefix_path/rplidar_ros
[67.169s] -- Installing: /home/ubuntu/mako_ws/mako_robot/install/rplidar_ros/share/rplidar_ros/environment/ament_prefix_path.sh
[67.170s] -- Installing: /home/ubuntu/mako_ws/mako_robot/install/rplidar_ros/share/rplidar_ros/environment/ament_prefix_path.dsv
[67.171s] -- Installing: /home/ubuntu/mako_ws/mako_robot/install/rplidar_ros/share/rplidar_ros/environment/path.sh
[67.172s] -- Installing: /home/ubuntu/mako_ws/mako_robot/install/rplidar_ros/share/rplidar_ros/environment/path.dsv
[67.173s] -- Installing: /home/ubuntu/mako_ws/mako_robot/install/rplidar_ros/share/rplidar_ros/local_setup.bash
[67.175s] -- Installing: /home/ubuntu/mako_ws/mako_robot/install/rplidar_ros/share/rplidar_ros/local_setup.sh
[67.176s] -- Installing: /home/ubuntu/mako_ws/mako_robot/install/rplidar_ros/share/rplidar_ros/local_setup.zsh
[67.177s] -- Installing: /home/ubuntu/mako_ws/mako_robot/install/rplidar_ros/share/rplidar_ros/local_setup.dsv
[67.178s] -- Installing: /home/ubuntu/mako_ws/mako_robot/install/rplidar_ros/share/rplidar_ros/package.dsv
[67.179s] -- Installing: /home/ubuntu/mako_ws/mako_robot/install/rplidar_ros/share/ament_index/resource_index/packages/rplidar_ros
[67.181s] -- Installing: /home/ubuntu/mako_ws/mako_robot/install/rplidar_ros/share/rplidar_ros/cmake/ament_cmake_export_dependencies-extras.cmake
[67.182s] -- Installing: /home/ubuntu/mako_ws/mako_robot/install/rplidar_ros/share/rplidar_ros/cmake/ament_cmake_export_include_directories-extras.cmake
[67.183s] -- Installing: /home/ubuntu/mako_ws/mako_robot/install/rplidar_ros/share/rplidar_ros/cmake/rplidar_rosConfig.cmake
[67.184s] -- Installing: /home/ubuntu/mako_ws/mako_robot/install/rplidar_ros/share/rplidar_ros/cmake/rplidar_rosConfig-version.cmake
[67.185s] -- Installing: /home/ubuntu/mako_ws/mako_robot/install/rplidar_ros/share/rplidar_ros/package.xml
[67.196s] Invoked command in '/home/ubuntu/mako_ws/mako_robot/build/rplidar_ros' returned '0': CMAKE_PREFIX_PATH=${CMAKE_PREFIX_PATH}:/opt/ros/foxy /usr/bin/cmake --install /home/ubuntu/mako_ws/mako_robot/build/rplidar_ros
