[1.221s] Invoking command in '/home/ubuntu/mako_robot/mako_ws/build/rplidar_ros': CMAKE_PREFIX_PATH=${CMAKE_PREFIX_PATH}:/opt/ros/foxy /usr/bin/cmake /home/ubuntu/mako_robot/mako_ws/src/lidar_ros2 -DCMAKE_INSTALL_PREFIX=/home/ubuntu/mako_robot/mako_ws/install/rplidar_ros
[1.532s] -- The C compiler identification is GNU 9.3.0
[1.803s] -- The CXX compiler identification is GNU 9.3.0
[1.825s] -- Check for working C compiler: /usr/bin/cc
[2.160s] -- Check for working C compiler: /usr/bin/cc -- works
[2.164s] -- Detecting C compiler ABI info
[2.553s] -- Detecting C compiler ABI info - done
[2.607s] -- Detecting C compile features
[2.609s] -- Detecting C compile features - done
[2.625s] -- Check for working CXX compiler: /usr/bin/c++
[3.044s] -- Check for working CXX compiler: /usr/bin/c++ -- works
[3.050s] -- Detecting CXX compiler ABI info
[3.435s] -- Detecting CXX compiler ABI info - done
[3.479s] -- Detecting CXX compile features
[3.481s] -- Detecting CXX compile features - done
[3.502s] -- Found ament_cmake_auto: 0.9.8 (/opt/ros/foxy/share/ament_cmake_auto/cmake)
[3.666s] -- Found PythonInterp: /usr/bin/python3 (found suitable version "3.8.5", minimum required is "3") 
[3.666s] -- Using PYTHON_EXECUTABLE: /usr/bin/python3
[4.826s] -- Found ament_cmake_ros: 0.9.1 (/opt/ros/foxy/share/ament_cmake_ros/cmake)
[5.583s] -- Using all available rosidl_typesupport_c: rosidl_typesupport_fastrtps_c;rosidl_typesupport_introspection_c
[5.650s] -- Found rosidl_adapter: 1.2.0 (/opt/ros/foxy/share/rosidl_adapter/cmake)
[6.308s] -- Found OpenSSL: /usr/lib/aarch64-linux-gnu/libcrypto.so (found version "1.1.1f")  
[6.604s] -- Found FastRTPS: /opt/ros/foxy/include  
[7.286s] -- Using all available rosidl_typesupport_cpp: rosidl_typesupport_fastrtps_cpp;rosidl_typesupport_introspection_cpp
[7.612s] -- Found rmw_implementation_cmake: 1.0.2 (/opt/ros/foxy/share/rmw_implementation_cmake/cmake)
[7.619s] -- Using RMW implementation 'rmw_fastrtps_cpp' as default
[7.625s] -- Looking for pthread.h
[7.977s] -- Looking for pthread.h - found
[7.979s] -- Performing Test CMAKE_HAVE_LIBC_PTHREAD
[8.338s] -- Performing Test CMAKE_HAVE_LIBC_PTHREAD - Failed
[8.339s] -- Looking for pthread_create in pthreads
[8.636s] -- Looking for pthread_create in pthreads - not found
[8.636s] -- Looking for pthread_create in pthread
[8.977s] -- Looking for pthread_create in pthread - found
[8.983s] -- Found Threads: TRUE  
[10.711s] -- Configuring done
[10.858s] -- Generating done
[10.876s] -- Build files have been written to: /home/ubuntu/mako_robot/mako_ws/build/rplidar_ros
[10.918s] Invoked command in '/home/ubuntu/mako_robot/mako_ws/build/rplidar_ros' returned '0': CMAKE_PREFIX_PATH=${CMAKE_PREFIX_PATH}:/opt/ros/foxy /usr/bin/cmake /home/ubuntu/mako_robot/mako_ws/src/lidar_ros2 -DCMAKE_INSTALL_PREFIX=/home/ubuntu/mako_robot/mako_ws/install/rplidar_ros
[10.951s] Invoking command in '/home/ubuntu/mako_robot/mako_ws/build/rplidar_ros': CMAKE_PREFIX_PATH=${CMAKE_PREFIX_PATH}:/opt/ros/foxy /usr/bin/cmake --build /home/ubuntu/mako_robot/mako_ws/build/rplidar_ros -- -j4 -l4
[11.161s] [35m[1mScanning dependencies of target rplidar_composition_node[0m
[11.162s] [35m[1mScanning dependencies of target rplidarNodeClient[0m
[11.183s] [35m[1mScanning dependencies of target rplidarNode[0m
[11.385s] [  5%] [32mBuilding CXX object CMakeFiles/rplidarNodeClient.dir/src/client.cpp.o[0m
[11.411s] [ 11%] [32mBuilding CXX object CMakeFiles/rplidar_composition_node.dir/src/rplidar_node.cpp.o[0m
[11.417s] [ 16%] [32mBuilding CXX object CMakeFiles/rplidarNode.dir/src/node.cpp.o[0m
[11.421s] [ 22%] [32mBuilding CXX object CMakeFiles/rplidar_composition_node.dir/sdk/src/arch/linux/net_serial.cpp.o[0m
[12.072s] [01m[K/home/ubuntu/mako_robot/mako_ws/src/lidar_ros2/src/node.cpp:51:[m[K [01;35m[Kwarning: [m[K"M_PI" redefined
[12.073s]    51 | #define M_PI 3.1415926535897932384626433832795
[12.075s]       | 
[12.077s] In file included from [01m[K/usr/include/c++/9/cmath:45[m[K,
[12.078s]                  from [01m[K/opt/ros/foxy/include/libstatistics_collector/moving_average_statistics/types.hpp:18[m[K,
[12.081s]                  from [01m[K/opt/ros/foxy/include/libstatistics_collector/collector/generate_statistics_message.hpp:24[m[K,
[12.082s]                  from [01m[K/opt/ros/foxy/include/rclcpp/topic_statistics/subscription_topic_statistics.hpp:23[m[K,
[12.083s]                  from [01m[K/opt/ros/foxy/include/rclcpp/subscription.hpp:50[m[K,
[12.084s]                  from [01m[K/opt/ros/foxy/include/rclcpp/any_executable.hpp:25[m[K,
[12.088s]                  from [01m[K/opt/ros/foxy/include/rclcpp/memory_strategy.hpp:24[m[K,
[12.089s]                  from [01m[K/opt/ros/foxy/include/rclcpp/memory_strategies.hpp:18[m[K,
[12.090s]                  from [01m[K/opt/ros/foxy/include/rclcpp/executor_options.hpp:20[m[K,
[12.090s]                  from [01m[K/opt/ros/foxy/include/rclcpp/executor.hpp:33[m[K,
[12.091s]                  from [01m[K/opt/ros/foxy/include/rclcpp/executors/multi_threaded_executor.hpp:25[m[K,
[12.092s]                  from [01m[K/opt/ros/foxy/include/rclcpp/executors.hpp:21[m[K,
[12.092s]                  from [01m[K/opt/ros/foxy/include/rclcpp/rclcpp.hpp:146[m[K,
[12.093s]                  from [01m[K/home/ubuntu/mako_robot/mako_ws/src/lidar_ros2/src/node.cpp:36[m[K:
[12.093s] [01m[K/usr/include/math.h:1070:[m[K [01;36m[Knote: [m[Kthis is the location of the previous definition
[12.094s]  1070 | # define M_PI  3.14159265358979323846 /* pi */
[12.095s]       | 
[12.104s] [01m[K/home/ubuntu/mako_robot/mako_ws/src/lidar_ros2/src/node.cpp:231:14:[m[K [01;35m[Kwarning: [m[Kinvalid suffix on literal; C++11 requires a space between literal and string macro [[01;35m[K-Wliteral-suffix[m[K]
[12.115s]   231 |     ROS_INFO([01;35m[K"[m[KRPLIDAR running on ROS package rplidar_ros. SDK Version:"RPLIDAR_SDK_VERSION"");
[12.116s]       |              [01;35m[K^[m[K
[12.150s] In file included from [01m[K/home/ubuntu/mako_robot/mako_ws/src/lidar_ros2/src/rplidar_node.cpp:36[m[K:
[12.151s] [01m[K/home/ubuntu/mako_robot/mako_ws/src/lidar_ros2/include/rplidar_node.hpp:50:[m[K [01;35m[Kwarning: [m[K"M_PI" redefined
[12.152s]    50 | #define M_PI 3.1415926535897932384626433832795
[12.152s]       | 
[12.154s] In file included from [01m[K/usr/include/c++/9/cmath:45[m[K,
[12.154s]                  from [01m[K/opt/ros/foxy/include/libstatistics_collector/moving_average_statistics/types.hpp:18[m[K,
[12.155s]                  from [01m[K/opt/ros/foxy/include/libstatistics_collector/collector/generate_statistics_message.hpp:24[m[K,
[12.156s]                  from [01m[K/opt/ros/foxy/include/rclcpp/topic_statistics/subscription_topic_statistics.hpp:23[m[K,
[12.156s]                  from [01m[K/opt/ros/foxy/include/rclcpp/subscription.hpp:50[m[K,
[12.157s]                  from [01m[K/opt/ros/foxy/include/rclcpp/any_executable.hpp:25[m[K,
[12.158s]                  from [01m[K/opt/ros/foxy/include/rclcpp/memory_strategy.hpp:24[m[K,
[12.158s]                  from [01m[K/opt/ros/foxy/include/rclcpp/memory_strategies.hpp:18[m[K,
[12.159s]                  from [01m[K/opt/ros/foxy/include/rclcpp/executor_options.hpp:20[m[K,
[12.160s]                  from [01m[K/opt/ros/foxy/include/rclcpp/executor.hpp:33[m[K,
[12.160s]                  from [01m[K/opt/ros/foxy/include/rclcpp/executors/multi_threaded_executor.hpp:25[m[K,
[12.161s]                  from [01m[K/opt/ros/foxy/include/rclcpp/executors.hpp:21[m[K,
[12.162s]                  from [01m[K/opt/ros/foxy/include/rclcpp/rclcpp.hpp:146[m[K,
[12.175s]                  from [01m[K/home/ubuntu/mako_robot/mako_ws/src/lidar_ros2/include/rplidar_node.hpp:34[m[K,
[12.178s]                  from [01m[K/home/ubuntu/mako_robot/mako_ws/src/lidar_ros2/src/rplidar_node.cpp:36[m[K:
[12.178s] [01m[K/usr/include/math.h:1070:[m[K [01;36m[Knote: [m[Kthis is the location of the previous definition
[12.179s]  1070 | # define M_PI  3.14159265358979323846 /* pi */
[12.180s]       | 
[12.181s] [01m[K/home/ubuntu/mako_robot/mako_ws/src/lidar_ros2/src/client.cpp:43:[m[K [01;35m[Kwarning: [m[K"M_PI" redefined
[12.182s]    43 | #define M_PI 3.1415926535897932384626433832795
[12.183s]       | 
[12.184s] In file included from [01m[K/usr/include/c++/9/cmath:45[m[K,
[12.184s]                  from [01m[K/opt/ros/foxy/include/libstatistics_collector/moving_average_statistics/types.hpp:18[m[K,
[12.185s]                  from [01m[K/opt/ros/foxy/include/libstatistics_collector/collector/generate_statistics_message.hpp:24[m[K,
[12.186s]                  from [01m[K/opt/ros/foxy/include/rclcpp/topic_statistics/subscription_topic_statistics.hpp:23[m[K,
[12.192s]                  from [01m[K/opt/ros/foxy/include/rclcpp/subscription.hpp:50[m[K,
[12.192s]                  from [01m[K/opt/ros/foxy/include/rclcpp/any_executable.hpp:25[m[K,
[12.193s]                  from [01m[K/opt/ros/foxy/include/rclcpp/memory_strategy.hpp:24[m[K,
[12.194s]                  from [01m[K/opt/ros/foxy/include/rclcpp/memory_strategies.hpp:18[m[K,
[12.200s]                  from [01m[K/opt/ros/foxy/include/rclcpp/executor_options.hpp:20[m[K,
[12.202s]                  from [01m[K/opt/ros/foxy/include/rclcpp/executor.hpp:33[m[K,
[12.203s]                  from [01m[K/opt/ros/foxy/include/rclcpp/executors/multi_threaded_executor.hpp:25[m[K,
[12.207s]                  from [01m[K/opt/ros/foxy/include/rclcpp/executors.hpp:21[m[K,
[12.209s]                  from [01m[K/opt/ros/foxy/include/rclcpp/rclcpp.hpp:146[m[K,
[12.215s]                  from [01m[K/home/ubuntu/mako_robot/mako_ws/src/lidar_ros2/src/client.cpp:38[m[K:
[12.216s] [01m[K/usr/include/math.h:1070:[m[K [01;36m[Knote: [m[Kthis is the location of the previous definition
[12.220s]  1070 | # define M_PI  3.14159265358979323846 /* pi */
[12.222s]       | 
[15.347s] [01m[K/home/ubuntu/mako_robot/mako_ws/src/lidar_ros2/sdk/src/arch/linux/net_serial.cpp:[m[K In member function ‘[01m[Kbool rp::arch::net::raw_serial::open(const char*, uint32_t, uint32_t)[m[K’:
[15.348s] [01m[K/home/ubuntu/mako_robot/mako_ws/src/lidar_ros2/sdk/src/arch/linux/net_serial.cpp:97:74:[m[K [01;35m[Kwarning: [m[Kunused parameter ‘[01m[Kflags[m[K’ [[01;35m[K-Wunused-parameter[m[K]
[15.348s]    97 | bool raw_serial::open(const char * portname, uint32_t baudrate, [01;35m[Kuint32_t flags[m[K)
[15.349s]       |                                                                 [01;35m[K~~~~~~~~~^~~~~[m[K
[15.352s] [01m[K/home/ubuntu/mako_robot/mako_ws/src/lidar_ros2/sdk/src/arch/linux/net_serial.cpp:[m[K In member function ‘[01m[Kvirtual void rp::arch::net::raw_serial::flush(_u32)[m[K’:
[15.353s] [01m[K/home/ubuntu/mako_robot/mako_ws/src/lidar_ros2/sdk/src/arch/linux/net_serial.cpp:281:30:[m[K [01;35m[Kwarning: [m[Kunused parameter ‘[01m[Kflags[m[K’ [[01;35m[K-Wunused-parameter[m[K]
[15.355s]   281 | void raw_serial::flush( [01;35m[K_u32 flags[m[K)
[15.356s]       |                         [01;35m[K~~~~~^~~~~[m[K
[15.357s] [01m[K/home/ubuntu/mako_robot/mako_ws/src/lidar_ros2/sdk/src/arch/linux/net_serial.cpp:[m[K In member function ‘[01m[Kvirtual int rp::arch::net::raw_serial::waitforsent(_u32, size_t*)[m[K’:
[15.357s] [01m[K/home/ubuntu/mako_robot/mako_ws/src/lidar_ros2/sdk/src/arch/linux/net_serial.cpp:286:34:[m[K [01;35m[Kwarning: [m[Kunused parameter ‘[01m[Ktimeout[m[K’ [[01;35m[K-Wunused-parameter[m[K]
[15.358s]   286 | int raw_serial::waitforsent([01;35m[K_u32 timeout[m[K, size_t * returned_size)
[15.359s]       |                             [01;35m[K~~~~~^~~~~~~[m[K
[15.360s] [01m[K/home/ubuntu/mako_robot/mako_ws/src/lidar_ros2/sdk/src/arch/linux/net_serial.cpp:[m[K In member function ‘[01m[Kvirtual int rp::arch::net::raw_serial::waitforrecv(_u32, size_t*)[m[K’:
[15.361s] [01m[K/home/ubuntu/mako_robot/mako_ws/src/lidar_ros2/sdk/src/arch/linux/net_serial.cpp:292:34:[m[K [01;35m[Kwarning: [m[Kunused parameter ‘[01m[Ktimeout[m[K’ [[01;35m[K-Wunused-parameter[m[K]
[15.363s]   292 | int raw_serial::waitforrecv([01;35m[K_u32 timeout[m[K, size_t * returned_size)
[15.364s]       |                             [01;35m[K~~~~~^~~~~~~[m[K
[16.298s] [ 27%] [32mBuilding CXX object CMakeFiles/rplidar_composition_node.dir/sdk/src/arch/linux/net_socket.cpp.o[0m
[18.729s] In file included from [01m[K/home/ubuntu/mako_robot/mako_ws/src/lidar_ros2/./sdk/include/rplidar.h:39[m[K,
[18.731s]                  from [01m[K/home/ubuntu/mako_robot/mako_ws/src/lidar_ros2/./sdk/src/sdkcommon.h:48[m[K,
[18.732s]                  from [01m[K/home/ubuntu/mako_robot/mako_ws/src/lidar_ros2/sdk/src/arch/linux/net_socket.cpp:10[m[K:
[18.734s] [01m[K/home/ubuntu/mako_robot/mako_ws/src/lidar_ros2/./sdk/include/rplidar_protocol.h:59:14:[m[K [01;35m[Kwarning: [m[KISO C++ forbids zero-size array ‘[01m[Kdata[m[K’ [[01;35m[K-Wpedantic[m[K]
[18.735s]    59 |     _u8 data[[01;35m[K0[m[K];
[18.737s]       |              [01;35m[K^[m[K
[18.743s] In file included from [01m[K/home/ubuntu/mako_robot/mako_ws/src/lidar_ros2/./sdk/include/rplidar.h:40[m[K,
[18.744s]                  from [01m[K/home/ubuntu/mako_robot/mako_ws/src/lidar_ros2/./sdk/src/sdkcommon.h:48[m[K,
[18.745s]                  from [01m[K/home/ubuntu/mako_robot/mako_ws/src/lidar_ros2/sdk/src/arch/linux/net_socket.cpp:10[m[K:
[18.747s] [01m[K/home/ubuntu/mako_robot/mako_ws/src/lidar_ros2/./sdk/include/rplidar_cmd.h:260:18:[m[K [01;35m[Kwarning: [m[KISO C++ forbids zero-size array ‘[01m[Kpayload[m[K’ [[01;35m[K-Wpedantic[m[K]
[18.748s]   260 |     _u8  payload[[01;35m[K0[m[K];
[18.749s]       |                  [01;35m[K^[m[K
[18.796s] [01m[K/home/ubuntu/mako_robot/mako_ws/src/lidar_ros2/sdk/src/arch/linux/net_socket.cpp:[m[K In member function ‘[01m[Kvirtual u_result rp::net::SocketAddress::getAddressAsString(char*, size_t) const[m[K’:
[18.797s] [01m[K/home/ubuntu/mako_robot/mako_ws/src/lidar_ros2/sdk/src/arch/linux/net_socket.cpp:170:17:[m[K [01;35m[Kwarning: [m[Kordered comparison of pointer with integer zero [[01;35m[K-Wextra[m[K]
[18.799s]   170 |     return ans<=[01;35m[K0[m[K?RESULT_OPERATION_FAIL:RESULT_OK;
[18.800s]       |                 [01;35m[K^[m[K
[18.836s] [01m[K/home/ubuntu/mako_robot/mako_ws/src/lidar_ros2/sdk/src/arch/linux/net_socket.cpp:[m[K In member function ‘[01m[Kvirtual u_result rp::arch::net::StreamSocketImpl::send(const void*, size_t)[m[K’:
[18.837s] [01m[K/home/ubuntu/mako_robot/mako_ws/src/lidar_ros2/sdk/src/arch/linux/net_socket.cpp:438:17:[m[K [01;35m[Kwarning: [m[Kcomparison of integer expressions of different signedness: ‘[01m[Ksize_t[m[K’ {aka ‘[01m[Klong unsigned int[m[K’} and ‘[01m[Kint[m[K’ [[01;35m[K-Wsign-compare[m[K]
[18.839s]   438 |         if ([01;35m[Kans == (int)len[m[K) {
[18.840s]       |             [01;35m[K~~~~^~~~~~~~~~~[m[K
[18.864s] In file included from [01m[K/home/ubuntu/mako_robot/mako_ws/src/lidar_ros2/./sdk/src/arch/linux/arch_linux.h:42[m[K,
[18.865s]                  from [01m[K/home/ubuntu/mako_robot/mako_ws/src/lidar_ros2/./sdk/src/sdkcommon.h:40[m[K,
[18.867s]                  from [01m[K/home/ubuntu/mako_robot/mako_ws/src/lidar_ros2/sdk/src/arch/linux/net_socket.cpp:10[m[K:
[18.869s] [01m[K/home/ubuntu/mako_robot/mako_ws/src/lidar_ros2/sdk/src/arch/linux/net_socket.cpp:[m[K In member function ‘[01m[Kvirtual u_result rp::arch::net::DGramSocketImpl::sendTo(const rp::net::SocketAddress&, const void*, size_t)[m[K’:
[18.872s] [01m[K/home/ubuntu/mako_robot/mako_ws/src/lidar_ros2/sdk/src/arch/linux/net_socket.cpp:726:24:[m[K [01;35m[Kwarning: [m[Kcomparison of integer expressions of different signedness: ‘[01m[Ksize_t[m[K’ {aka ‘[01m[Klong unsigned int[m[K’} and ‘[01m[Kint[m[K’ [[01;35m[K-Wsign-compare[m[K]
[18.874s]   726 |             assert([01;35m[Kans == (int)len[m[K);
[18.887s]       |                    [01;35m[K~~~~^~~~~~~~~~~[m[K
[20.095s] [ 33%] [32mBuilding CXX object CMakeFiles/rplidar_composition_node.dir/sdk/src/arch/linux/timer.cpp.o[0m
[21.929s] In file included from [01m[K/home/ubuntu/mako_robot/mako_ws/src/lidar_ros2/./sdk/include/rplidar.h:39[m[K,
[21.931s]                  from [01m[K/home/ubuntu/mako_robot/mako_ws/src/lidar_ros2/include/rplidar_node.hpp:41[m[K,
[21.932s]                  from [01m[K/home/ubuntu/mako_robot/mako_ws/src/lidar_ros2/src/rplidar_node.cpp:36[m[K:
[21.934s] [01m[K/home/ubuntu/mako_robot/mako_ws/src/lidar_ros2/./sdk/include/rplidar_protocol.h:59:14:[m[K [01;35m[Kwarning: [m[KISO C++ forbids zero-size array ‘[01m[Kdata[m[K’ [[01;35m[K-Wpedantic[m[K]
[21.935s]    59 |     _u8 data[[01;35m[K0[m[K];
[21.938s]       |              [01;35m[K^[m[K
[21.943s] In file included from [01m[K/home/ubuntu/mako_robot/mako_ws/src/lidar_ros2/./sdk/include/rplidar.h:40[m[K,
[21.944s]                  from [01m[K/home/ubuntu/mako_robot/mako_ws/src/lidar_ros2/include/rplidar_node.hpp:41[m[K,
[21.946s]                  from [01m[K/home/ubuntu/mako_robot/mako_ws/src/lidar_ros2/src/rplidar_node.cpp:36[m[K:
[21.947s] [01m[K/home/ubuntu/mako_robot/mako_ws/src/lidar_ros2/./sdk/include/rplidar_cmd.h:260:18:[m[K [01;35m[Kwarning: [m[KISO C++ forbids zero-size array ‘[01m[Kpayload[m[K’ [[01;35m[K-Wpedantic[m[K]
[21.948s]   260 |     _u8  payload[[01;35m[K0[m[K];
[21.950s]       |                  [01;35m[K^[m[K
[22.506s] [01m[K/home/ubuntu/mako_robot/mako_ws/src/lidar_ros2/src/rplidar_node.cpp:[m[K In member function ‘[01m[Kvoid rplidar_ros::rplidar_node::stop_motor({anonymous}::EmptyRequest, {anonymous}::EmptyResponse)[m[K’:
[22.507s] [01m[K/home/ubuntu/mako_robot/mako_ws/src/lidar_ros2/src/rplidar_node.cpp:245:50:[m[K [01;35m[Kwarning: [m[Kunused parameter ‘[01m[Kreq[m[K’ [[01;35m[K-Wunused-parameter[m[K]
[22.508s]   245 | void rplidar_node::stop_motor([01;35m[Kconst EmptyRequest req[m[K, EmptyResponse res)
[22.510s]       |                               [01;35m[K~~~~~~~~~~~~~~~~~~~^~~[m[K
[22.511s] [01m[K/home/ubuntu/mako_robot/mako_ws/src/lidar_ros2/src/rplidar_node.cpp:245:69:[m[K [01;35m[Kwarning: [m[Kunused parameter ‘[01m[Kres[m[K’ [[01;35m[K-Wunused-parameter[m[K]
[22.513s]   245 | void rplidar_node::stop_motor(const EmptyRequest req, [01;35m[KEmptyResponse res[m[K)
[22.514s]       |                                                       [01;35m[K~~~~~~~~~~~~~~^~~[m[K
[22.518s] In file included from [01m[K/home/ubuntu/mako_robot/mako_ws/src/lidar_ros2/./sdk/include/rplidar.h:39[m[K,
[22.522s]                  from [01m[K/home/ubuntu/mako_robot/mako_ws/src/lidar_ros2/src/node.cpp:45[m[K:
[22.523s] [01m[K/home/ubuntu/mako_robot/mako_ws/src/lidar_ros2/./sdk/include/rplidar_protocol.h:59:14:[m[K [01;35m[Kwarning: [m[KISO C++ forbids zero-size array ‘[01m[Kdata[m[K’ [[01;35m[K-Wpedantic[m[K]
[22.524s]    59 |     _u8 data[[01;35m[K0[m[K];
[22.525s]       |              [01;35m[K^[m[K
[22.526s] In file included from [01m[K/home/ubuntu/mako_robot/mako_ws/src/lidar_ros2/./sdk/include/rplidar.h:40[m[K,
[22.539s]                  from [01m[K/home/ubuntu/mako_robot/mako_ws/src/lidar_ros2/src/node.cpp:45[m[K:
[22.540s] [01m[K/home/ubuntu/mako_robot/mako_ws/src/lidar_ros2/./sdk/include/rplidar_cmd.h:260:18:[m[K [01;35m[Kwarning: [m[KISO C++ forbids zero-size array ‘[01m[Kpayload[m[K’ [[01;35m[K-Wpedantic[m[K]
[22.541s]   260 |     _u8  payload[[01;35m[K0[m[K];
[22.542s]       |                  [01;35m[K^[m[K
[22.543s] [01m[K/home/ubuntu/mako_robot/mako_ws/src/lidar_ros2/src/rplidar_node.cpp:[m[K In member function ‘[01m[Kvoid rplidar_ros::rplidar_node::start_motor({anonymous}::EmptyRequest, {anonymous}::EmptyResponse)[m[K’:
[22.544s] [01m[K/home/ubuntu/mako_robot/mako_ws/src/lidar_ros2/src/rplidar_node.cpp:256:51:[m[K [01;35m[Kwarning: [m[Kunused parameter ‘[01m[Kreq[m[K’ [[01;35m[K-Wunused-parameter[m[K]
[22.544s]   256 | void rplidar_node::start_motor([01;35m[Kconst EmptyRequest req[m[K, EmptyResponse res)
[22.545s]       |                                [01;35m[K~~~~~~~~~~~~~~~~~~~^~~[m[K
[22.546s] [01m[K/home/ubuntu/mako_robot/mako_ws/src/lidar_ros2/src/rplidar_node.cpp:256:70:[m[K [01;35m[Kwarning: [m[Kunused parameter ‘[01m[Kres[m[K’ [[01;35m[K-Wunused-parameter[m[K]
[22.547s]   256 | void rplidar_node::start_motor(const EmptyRequest req, [01;35m[KEmptyResponse res[m[K)
[22.547s]       |                                                        [01;35m[K~~~~~~~~~~~~~~^~~[m[K
[22.577s] [01m[K/home/ubuntu/mako_robot/mako_ws/src/lidar_ros2/src/rplidar_node.cpp:[m[K In member function ‘[01m[Kvoid rplidar_ros::rplidar_node::publish_loop()[m[K’:
[22.578s] [01m[K/home/ubuntu/mako_robot/mako_ws/src/lidar_ros2/src/rplidar_node.cpp:343:46:[m[K [01;35m[Kwarning: [m[KISO C++ forbids variable length array ‘[01m[Kangle_compensate_nodes[m[K’ [[01;35m[K-Wvla[m[K]
[22.579s]   343 |       rplidar_response_measurement_node_hq_t [01;35m[Kangle_compensate_nodes[m[K[angle_compensate_nodes_count];
[22.580s]       |                                              [01;35m[K^~~~~~~~~~~~~~~~~~~~~~[m[K
[22.584s] [01m[K/home/ubuntu/mako_robot/mako_ws/src/lidar_ros2/src/rplidar_node.cpp:353:25:[m[K [01;35m[Kwarning: [m[Kcomparison of integer expressions of different signedness: ‘[01m[Ksize_t[m[K’ {aka ‘[01m[Klong unsigned int[m[K’} and ‘[01m[Kint[m[K’ [[01;35m[K-Wsign-compare[m[K]
[22.585s]   353 |           for (j = 0; [01;35m[Kj < m_angle_compensate_multiple[m[K; j++) {
[22.589s]       |                       [01;35m[K~~^~~~~~~~~~~~~~~~~~~~~~~~~~~~~[m[K
[22.597s] [01m[K/home/ubuntu/mako_robot/mako_ws/src/lidar_ros2/src/rplidar_node.cpp:374:44:[m[K [01;35m[Kwarning: [m[Kcomparison of integer expressions of different signedness: ‘[01m[Ksize_t[m[K’ {aka ‘[01m[Klong unsigned int[m[K’} and ‘[01m[Kint[m[K’ [[01;35m[K-Wsign-compare[m[K]
[22.598s]   374 |       for (size_t x = start_node, y = 0; [01;35m[Kx < end_node[m[K; ++x, ++y) {
[22.599s]       |                                          [01;35m[K~~^~~~~~~~~~[m[K
[22.603s] [01m[K/home/ubuntu/mako_robot/mako_ws/src/lidar_ros2/src/rplidar_node.cpp:381:11:[m[K [01;35m[Kwarning: [m[Kunused variable ‘[01m[Kangle_min[m[K’ [[01;35m[K-Wunused-variable[m[K]
[22.604s]   381 |     float [01;35m[Kangle_min[m[K = deg_2_rad(0.0f);
[22.605s]       |           [01;35m[K^~~~~~~~~[m[K
[22.607s] [01m[K/home/ubuntu/mako_robot/mako_ws/src/lidar_ros2/src/rplidar_node.cpp:382:11:[m[K [01;35m[Kwarning: [m[Kunused variable ‘[01m[Kangle_max[m[K’ [[01;35m[K-Wunused-variable[m[K]
[22.608s]   382 |     float [01;35m[Kangle_max[m[K = deg_2_rad(359.0f);
[22.610s]       |           [01;35m[K^~~~~~~~~[m[K
[22.654s] [01m[K/home/ubuntu/mako_robot/mako_ws/src/lidar_ros2/src/node.cpp:[m[K In function ‘[01m[Kbool stop_motor(std::shared_ptr<std_srvs::srv::Empty_Request_<std::allocator<void> > >, std::shared_ptr<std_srvs::srv::Empty_Response_<std::allocator<void> > >)[m[K’:
[22.655s] [01m[K/home/ubuntu/mako_robot/mako_ws/src/lidar_ros2/src/node.cpp:166:70:[m[K [01;35m[Kwarning: [m[Kunused parameter ‘[01m[Kreq[m[K’ [[01;35m[K-Wunused-parameter[m[K]
[22.656s]   166 | bool stop_motor([01;35m[Kconst std::shared_ptr<std_srvs::srv::Empty::Request> req[m[K,
[22.657s]       |                 [01;35m[K~~~~~~~~~~~~~~~~~~~~~~~~~~~~~~~~~~~~~~~~~~~~~~~~~~~~~^~~[m[K
[22.658s] [01m[K/home/ubuntu/mako_robot/mako_ws/src/lidar_ros2/src/node.cpp:167:65:[m[K [01;35m[Kwarning: [m[Kunused parameter ‘[01m[Kres[m[K’ [[01;35m[K-Wunused-parameter[m[K]
[22.659s]   167 |                 [01;35m[Kstd::shared_ptr<std_srvs::srv::Empty::Response> res[m[K)
[22.660s]       |                 [01;35m[K~~~~~~~~~~~~~~~~~~~~~~~~~~~~~~~~~~~~~~~~~~~~~~~~^~~[m[K
[22.660s] [01m[K/home/ubuntu/mako_robot/mako_ws/src/lidar_ros2/src/node.cpp:[m[K In function ‘[01m[Kbool start_motor(std::shared_ptr<std_srvs::srv::Empty_Request_<std::allocator<void> > >, std::shared_ptr<std_srvs::srv::Empty_Response_<std::allocator<void> > >)[m[K’:
[22.661s] [01m[K/home/ubuntu/mako_robot/mako_ws/src/lidar_ros2/src/node.cpp:178:71:[m[K [01;35m[Kwarning: [m[Kunused parameter ‘[01m[Kreq[m[K’ [[01;35m[K-Wunused-parameter[m[K]
[22.662s]   178 | bool start_motor([01;35m[Kconst std::shared_ptr<std_srvs::srv::Empty::Request> req[m[K,
[22.663s]       |                  [01;35m[K~~~~~~~~~~~~~~~~~~~~~~~~~~~~~~~~~~~~~~~~~~~~~~~~~~~~~^~~[m[K
[22.664s] [01m[K/home/ubuntu/mako_robot/mako_ws/src/lidar_ros2/src/node.cpp:179:66:[m[K [01;35m[Kwarning: [m[Kunused parameter ‘[01m[Kres[m[K’ [[01;35m[K-Wunused-parameter[m[K]
[22.665s]   179 |                  [01;35m[Kstd::shared_ptr<std_srvs::srv::Empty::Response> res[m[K)
[22.666s]       |                  [01;35m[K~~~~~~~~~~~~~~~~~~~~~~~~~~~~~~~~~~~~~~~~~~~~~~~~^~~[m[K
[22.847s] [01m[K/home/ubuntu/mako_robot/mako_ws/src/lidar_ros2/src/node.cpp:[m[K In function ‘[01m[Kint main(int, char**)[m[K’:
[22.848s] [01m[K/home/ubuntu/mako_robot/mako_ws/src/lidar_ros2/src/node.cpp:356:60:[m[K [01;35m[Kwarning: [m[KISO C++ forbids variable length array ‘[01m[Kangle_compensate_nodes[m[K’ [[01;35m[K-Wvla[m[K]
[22.849s]   356 |                     rplidar_response_measurement_node_hq_t [01;35m[Kangle_compensate_nodes[m[K[angle_compensate_nodes_count];
[22.850s]       |                                                            [01;35m[K^~~~~~~~~~~~~~~~~~~~~~[m[K
[22.851s] [01m[K/home/ubuntu/mako_robot/mako_ws/src/lidar_ros2/src/node.cpp:360:30:[m[K [01;35m[Kwarning: [m[Kcomparison of integer expressions of different signedness: ‘[01m[Kint[m[K’ and ‘[01m[Ksize_t[m[K’ {aka ‘[01m[Klong unsigned int[m[K’} [[01;35m[K-Wsign-compare[m[K]
[22.852s]   360 |                     for( ; [01;35m[Ki < count[m[K; i++ ) {
[22.852s]       |                            [01;35m[K~~^~~~~~~[m[K
[23.294s] [ 38%] [32mBuilding CXX object CMakeFiles/rplidarNode.dir/sdk/src/arch/linux/net_serial.cpp.o[0m
[27.329s] [01m[K/home/ubuntu/mako_robot/mako_ws/src/lidar_ros2/sdk/src/arch/linux/net_serial.cpp:[m[K In member function ‘[01m[Kbool rp::arch::net::raw_serial::open(const char*, uint32_t, uint32_t)[m[K’:
[27.330s] [01m[K/home/ubuntu/mako_robot/mako_ws/src/lidar_ros2/sdk/src/arch/linux/net_serial.cpp:97:74:[m[K [01;35m[Kwarning: [m[Kunused parameter ‘[01m[Kflags[m[K’ [[01;35m[K-Wunused-parameter[m[K]
[27.334s]    97 | bool raw_serial::open(const char * portname, uint32_t baudrate, [01;35m[Kuint32_t flags[m[K)
[27.337s]       |                                                                 [01;35m[K~~~~~~~~~^~~~~[m[K
[27.342s] [01m[K/home/ubuntu/mako_robot/mako_ws/src/lidar_ros2/sdk/src/arch/linux/net_serial.cpp:[m[K In member function ‘[01m[Kvirtual void rp::arch::net::raw_serial::flush(_u32)[m[K’:
[27.344s] [01m[K/home/ubuntu/mako_robot/mako_ws/src/lidar_ros2/sdk/src/arch/linux/net_serial.cpp:281:30:[m[K [01;35m[Kwarning: [m[Kunused parameter ‘[01m[Kflags[m[K’ [[01;35m[K-Wunused-parameter[m[K]
[27.345s]   281 | void raw_serial::flush( [01;35m[K_u32 flags[m[K)
[27.347s]       |                         [01;35m[K~~~~~^~~~~[m[K
[27.349s] [01m[K/home/ubuntu/mako_robot/mako_ws/src/lidar_ros2/sdk/src/arch/linux/net_serial.cpp:[m[K In member function ‘[01m[Kvirtual int rp::arch::net::raw_serial::waitforsent(_u32, size_t*)[m[K’:
[27.350s] [01m[K/home/ubuntu/mako_robot/mako_ws/src/lidar_ros2/sdk/src/arch/linux/net_serial.cpp:286:34:[m[K [01;35m[Kwarning: [m[Kunused parameter ‘[01m[Ktimeout[m[K’ [[01;35m[K-Wunused-parameter[m[K]
[27.351s]   286 | int raw_serial::waitforsent([01;35m[K_u32 timeout[m[K, size_t * returned_size)
[27.353s]       |                             [01;35m[K~~~~~^~~~~~~[m[K
[27.355s] [01m[K/home/ubuntu/mako_robot/mako_ws/src/lidar_ros2/sdk/src/arch/linux/net_serial.cpp:[m[K In member function ‘[01m[Kvirtual int rp::arch::net::raw_serial::waitforrecv(_u32, size_t*)[m[K’:
[27.367s] [01m[K/home/ubuntu/mako_robot/mako_ws/src/lidar_ros2/sdk/src/arch/linux/net_serial.cpp:292:34:[m[K [01;35m[Kwarning: [m[Kunused parameter ‘[01m[Ktimeout[m[K’ [[01;35m[K-Wunused-parameter[m[K]
[27.368s]   292 | int raw_serial::waitforrecv([01;35m[K_u32 timeout[m[K, size_t * returned_size)
[27.369s]       |                             [01;35m[K~~~~~^~~~~~~[m[K
[28.129s] [ 44%] [32mBuilding CXX object CMakeFiles/rplidar_composition_node.dir/sdk/src/hal/thread.cpp.o[0m
[31.311s] In file included from [01m[K/home/ubuntu/mako_robot/mako_ws/src/lidar_ros2/./sdk/include/rplidar.h:39[m[K,
[31.312s]                  from [01m[K/home/ubuntu/mako_robot/mako_ws/src/lidar_ros2/./sdk/src/sdkcommon.h:48[m[K,
[31.313s]                  from [01m[K/home/ubuntu/mako_robot/mako_ws/src/lidar_ros2/sdk/src/hal/thread.cpp:35[m[K:
[31.315s] [01m[K/home/ubuntu/mako_robot/mako_ws/src/lidar_ros2/./sdk/include/rplidar_protocol.h:59:14:[m[K [01;35m[Kwarning: [m[KISO C++ forbids zero-size array ‘[01m[Kdata[m[K’ [[01;35m[K-Wpedantic[m[K]
[31.316s]    59 |     _u8 data[[01;35m[K0[m[K];
[31.318s]       |              [01;35m[K^[m[K
[31.325s] In file included from [01m[K/home/ubuntu/mako_robot/mako_ws/src/lidar_ros2/./sdk/include/rplidar.h:40[m[K,
[31.327s]                  from [01m[K/home/ubuntu/mako_robot/mako_ws/src/lidar_ros2/./sdk/src/sdkcommon.h:48[m[K,
[31.329s]                  from [01m[K/home/ubuntu/mako_robot/mako_ws/src/lidar_ros2/sdk/src/hal/thread.cpp:35[m[K:
[31.331s] [01m[K/home/ubuntu/mako_robot/mako_ws/src/lidar_ros2/./sdk/include/rplidar_cmd.h:260:18:[m[K [01;35m[Kwarning: [m[KISO C++ forbids zero-size array ‘[01m[Kpayload[m[K’ [[01;35m[K-Wpedantic[m[K]
[31.332s]   260 |     _u8  payload[[01;35m[K0[m[K];
[31.334s]       |                  [01;35m[K^[m[K
[31.348s] In file included from [01m[K/home/ubuntu/mako_robot/mako_ws/src/lidar_ros2/sdk/src/hal/thread.cpp:43[m[K:
[31.349s] [01m[K/home/ubuntu/mako_robot/mako_ws/src/lidar_ros2/./sdk/src/arch/linux/thread.hpp:[m[K In static member function ‘[01m[Kstatic rp::hal::Thread rp::hal::Thread::create(thread_proc_t, void*)[m[K’:
[31.350s] [01m[K/home/ubuntu/mako_robot/mako_ws/src/lidar_ros2/./sdk/src/arch/linux/thread.hpp:48:77:[m[K [01;35m[Kwarning: [m[Kcast between incompatible function types from ‘[01m[Kthread_proc_t[m[K’ {aka ‘[01m[Klong unsigned int (*)(void*)[m[K’} to ‘[01m[Kvoid* (*)(void*)[m[K’ [[01;35m[K-Wcast-function-type[m[K]
[31.351s]    48 |     pthread_create((pthread_t *)&newborn._handle, NULL, (void * (*)(void *))[01;35m[Kproc[m[K, data);
[31.352s]       |                                                                             [01;35m[K^~~~[m[K
[31.359s] [01m[K/home/ubuntu/mako_robot/mako_ws/src/lidar_ros2/./sdk/src/arch/linux/thread.hpp:[m[K In member function ‘[01m[Ku_result rp::hal::Thread::join(long unsigned int)[m[K’:
[31.360s] [01m[K/home/ubuntu/mako_robot/mako_ws/src/lidar_ros2/./sdk/src/arch/linux/thread.hpp:129:37:[m[K [01;35m[Kwarning: [m[Kunused parameter ‘[01m[Ktimeout[m[K’ [[01;35m[K-Wunused-parameter[m[K]
[31.360s]   129 | u_result Thread::join([01;35m[Kunsigned long timeout[m[K)
[31.361s]       |                       [01;35m[K~~~~~~~~~~~~~~^~~~~~~[m[K
[32.109s] [ 50%] [32mBuilding CXX object CMakeFiles/rplidar_composition_node.dir/sdk/src/rplidar_driver.cpp.o[0m
[35.654s] In file included from [01m[K/home/ubuntu/mako_robot/mako_ws/src/lidar_ros2/./sdk/include/rplidar.h:39[m[K,
[35.655s]                  from [01m[K/home/ubuntu/mako_robot/mako_ws/src/lidar_ros2/sdk/src/sdkcommon.h:48[m[K,
[35.656s]                  from [01m[K/home/ubuntu/mako_robot/mako_ws/src/lidar_ros2/sdk/src/rplidar_driver.cpp:35[m[K:
[35.657s] [01m[K/home/ubuntu/mako_robot/mako_ws/src/lidar_ros2/./sdk/include/rplidar_protocol.h:59:14:[m[K [01;35m[Kwarning: [m[KISO C++ forbids zero-size array ‘[01m[Kdata[m[K’ [[01;35m[K-Wpedantic[m[K]
[35.658s]    59 |     _u8 data[[01;35m[K0[m[K];
[35.659s]       |              [01;35m[K^[m[K
[35.666s] In file included from [01m[K/home/ubuntu/mako_robot/mako_ws/src/lidar_ros2/./sdk/include/rplidar.h:40[m[K,
[35.667s]                  from [01m[K/home/ubuntu/mako_robot/mako_ws/src/lidar_ros2/sdk/src/sdkcommon.h:48[m[K,
[35.668s]                  from [01m[K/home/ubuntu/mako_robot/mako_ws/src/lidar_ros2/sdk/src/rplidar_driver.cpp:35[m[K:
[35.669s] [01m[K/home/ubuntu/mako_robot/mako_ws/src/lidar_ros2/./sdk/include/rplidar_cmd.h:260:18:[m[K [01;35m[Kwarning: [m[KISO C++ forbids zero-size array ‘[01m[Kpayload[m[K’ [[01;35m[K-Wpedantic[m[K]
[35.670s]   260 |     _u8  payload[[01;35m[K0[m[K];
[35.671s]       |                  [01;35m[K^[m[K
[36.972s] [01m[K/home/ubuntu/mako_robot/mako_ws/src/lidar_ros2/sdk/src/rplidar_driver.cpp:[m[K In member function ‘[01m[Kvirtual u_result rp::standalone::rplidar::RPlidarDriverImplCommon::reset(_u32)[m[K’:
[36.973s] [01m[K/home/ubuntu/mako_robot/mako_ws/src/lidar_ros2/sdk/src/rplidar_driver.cpp:121:46:[m[K [01;35m[Kwarning: [m[Kunused parameter ‘[01m[Ktimeout[m[K’ [[01;35m[K-Wunused-parameter[m[K]
[36.974s]   121 | u_result RPlidarDriverImplCommon::reset([01;35m[K_u32 timeout[m[K)
[36.975s]       |                                         [01;35m[K~~~~~^~~~~~~[m[K
[36.997s] [01m[K/home/ubuntu/mako_robot/mako_ws/src/lidar_ros2/sdk/src/rplidar_driver.cpp:[m[K In member function ‘[01m[Kvirtual u_result rp::standalone::rplidar::RPlidarDriverImplCommon::checkIfTofLidar(bool&, _u32)[m[K’:
[36.998s] [01m[K/home/ubuntu/mako_robot/mako_ws/src/lidar_ros2/sdk/src/rplidar_driver.cpp:274:75:[m[K [01;35m[Kwarning: [m[Kunused parameter ‘[01m[Ktimeout[m[K’ [[01;35m[K-Wunused-parameter[m[K]
[36.999s]   274 | u_result RPlidarDriverImplCommon::checkIfTofLidar(bool & isTofLidar, [01;35m[K_u32 timeout[m[K)
[37.000s]       |                                                                      [01;35m[K~~~~~^~~~~~~[m[K
[37.061s] [01m[K/home/ubuntu/mako_robot/mako_ws/src/lidar_ros2/sdk/src/rplidar_driver.cpp:[m[K In member function ‘[01m[Kvirtual void rp::standalone::rplidar::RPlidarDriverImplCommon::_dense_capsuleToNormal(const rplidar_response_capsule_measurement_nodes_t&, rplidar_response_measurement_node_hq_t*, size_t&)[m[K’:
[37.064s] [01m[K/home/ubuntu/mako_robot/mako_ws/src/lidar_ros2/sdk/src/rplidar_driver.cpp:872:108:[m[K [01;35m[Kwarning: [m[Ktype qualifiers ignored on cast result type [[01;35m[K-Wignored-qualifiers[m[K]
[37.066s]   872 |             const int dist = static_cast<const int>(_cached_previous_dense_capsuledata.cabins[pos].distance[01;35m[K)[m[K;
[37.067s]       |                                                                                                            [01;35m[K^[m[K
[37.093s] [01m[K/home/ubuntu/mako_robot/mako_ws/src/lidar_ros2/sdk/src/rplidar_driver.cpp:[m[K In function ‘[01m[K_u32 rp::standalone::rplidar::_crc32cal(_u32, void*, _u16)[m[K’:
[37.094s] [01m[K/home/ubuntu/mako_robot/mako_ws/src/lidar_ros2/sdk/src/rplidar_driver.cpp:996:23:[m[K [01;35m[Kwarning: [m[Ksuggest parentheses around ‘[01m[K-[m[K’ in operand of ‘[01m[K&[m[K’ [[01;35m[K-Wparentheses[m[K]
[37.095s]   996 |     _u8 leftBytes = [01;35m[K4 - len[m[K & 0x3;
[37.096s]       |                     [01;35m[K~~^~~~~[m[K
[37.109s] [01m[K/home/ubuntu/mako_robot/mako_ws/src/lidar_ros2/sdk/src/rplidar_driver.cpp:[m[K In member function ‘[01m[Kvirtual void rp::standalone::rplidar::RPlidarDriverImplCommon::_ultraCapsuleToNormal(const rplidar_response_ultra_capsule_measurement_nodes_t&, rplidar_response_measurement_node_hq_t*, size_t&)[m[K’:
[37.110s] [01m[K/home/ubuntu/mako_robot/mako_ws/src/lidar_ros2/sdk/src/rplidar_driver.cpp:1207:32:[m[K [01;35m[Kwarning: [m[Kcomparison of integer expressions of different signedness: ‘[01m[Kint[m[K’ and ‘[01m[Kunsigned int[m[K’ [[01;35m[K-Wsign-compare[m[K]
[37.111s]  1207 |             if (([01;35m[Kdist_predict1 == 0xFFFFFE00[m[K) || (dist_predict1 == 0x1FF)) {
[37.112s]       |                  [01;35m[K~~~~~~~~~~~~~~^~~~~~~~~~~~~[m[K
[37.113s] [01m[K/home/ubuntu/mako_robot/mako_ws/src/lidar_ros2/sdk/src/rplidar_driver.cpp:1215:32:[m[K [01;35m[Kwarning: [m[Kcomparison of integer expressions of different signedness: ‘[01m[Kint[m[K’ and ‘[01m[Kunsigned int[m[K’ [[01;35m[K-Wsign-compare[m[K]
[37.113s]  1215 |             if (([01;35m[Kdist_predict2 == 0xFFFFFE00[m[K) || (dist_predict2 == 0x1FF)) {
[37.114s]       |                  [01;35m[K~~~~~~~~~~~~~~^~~~~~~~~~~~~[m[K
[37.197s] [01m[K/home/ubuntu/mako_robot/mako_ws/src/lidar_ros2/sdk/src/rplidar_driver.cpp:[m[K In member function ‘[01m[Kvirtual u_result rp::standalone::rplidar::RPlidarDriverImplCommon::getAllSupportedScanModes(std::vector<rp::standalone::rplidar::RplidarScanMode>&, _u32)[m[K’:
[37.199s] [01m[K/home/ubuntu/mako_robot/mako_ws/src/lidar_ros2/sdk/src/rplidar_driver.cpp:1453:105:[m[K [01;35m[Kwarning: [m[Kunused parameter ‘[01m[KtimeoutInMs[m[K’ [[01;35m[K-Wunused-parameter[m[K]
[37.199s]  1453 | u_result RPlidarDriverImplCommon::getAllSupportedScanModes(std::vector<RplidarScanMode>& outModes, [01;35m[K_u32 timeoutInMs[m[K)
[37.200s]       |                                                                                                    [01;35m[K~~~~~^~~~~~~~~~~[m[K
[37.207s] [01m[K/home/ubuntu/mako_robot/mako_ws/src/lidar_ros2/sdk/src/rplidar_driver.cpp:[m[K In member function ‘[01m[Kvirtual u_result rp::standalone::rplidar::RPlidarDriverImplCommon::startScan(bool, bool, _u32, rp::standalone::rplidar::RplidarScanMode*)[m[K’:
[37.208s] [01m[K/home/ubuntu/mako_robot/mako_ws/src/lidar_ros2/sdk/src/rplidar_driver.cpp:1550:83:[m[K [01;35m[Kwarning: [m[Kunused parameter ‘[01m[Koptions[m[K’ [[01;35m[K-Wunused-parameter[m[K]
[37.208s]  1550 | u_result RPlidarDriverImplCommon::startScan(bool force, bool useTypicalScan, [01;35m[K_u32 options[m[K, RplidarScanMode* outUsedScanMode)
[37.209s]       |                                                                              [01;35m[K~~~~~^~~~~~~[m[K
[37.220s] [01m[K/home/ubuntu/mako_robot/mako_ws/src/lidar_ros2/sdk/src/rplidar_driver.cpp:[m[K In member function ‘[01m[Kvirtual u_result rp::standalone::rplidar::RPlidarDriverImplCommon::stop(_u32)[m[K’:
[37.221s] [01m[K/home/ubuntu/mako_robot/mako_ws/src/lidar_ros2/sdk/src/rplidar_driver.cpp:1774:45:[m[K [01;35m[Kwarning: [m[Kunused parameter ‘[01m[Ktimeout[m[K’ [[01;35m[K-Wunused-parameter[m[K]
[37.222s]  1774 | u_result RPlidarDriverImplCommon::stop([01;35m[K_u32 timeout[m[K)
[37.223s]       |                                        [01;35m[K~~~~~^~~~~~~[m[K
[37.319s] [01m[K/home/ubuntu/mako_robot/mako_ws/src/lidar_ros2/sdk/src/rplidar_driver.cpp:[m[K In member function ‘[01m[Kvirtual u_result rp::standalone::rplidar::RPlidarDriverImplCommon::setLidarSpinSpeed(_u16, _u32)[m[K’:
[37.320s] [01m[K/home/ubuntu/mako_robot/mako_ws/src/lidar_ros2/sdk/src/rplidar_driver.cpp:2162:68:[m[K [01;35m[Kwarning: [m[Kunused parameter ‘[01m[Ktimeout[m[K’ [[01;35m[K-Wunused-parameter[m[K]
[37.321s]  2162 | u_result RPlidarDriverImplCommon::setLidarSpinSpeed(_u16 rpm, [01;35m[K_u32 timeout[m[K)
[37.322s]       |                                                               [01;35m[K~~~~~^~~~~~~[m[K
[37.350s] [01m[K/home/ubuntu/mako_robot/mako_ws/src/lidar_ros2/sdk/src/rplidar_driver.cpp:[m[K In member function ‘[01m[Kvirtual u_result rp::standalone::rplidar::RPlidarDriverSerial::connect(const char*, _u32, _u32)[m[K’:
[37.350s] [01m[K/home/ubuntu/mako_robot/mako_ws/src/lidar_ros2/sdk/src/rplidar_driver.cpp:2240:83:[m[K [01;35m[Kwarning: [m[Kunused parameter ‘[01m[Kflag[m[K’ [[01;35m[K-Wunused-parameter[m[K]
[37.351s]  2240 | u_result RPlidarDriverSerial::connect(const char * port_path, _u32 baudrate, [01;35m[K_u32 flag[m[K)
[37.352s]       |                                                                              [01;35m[K~~~~~^~~~[m[K
[37.356s] [01m[K/home/ubuntu/mako_robot/mako_ws/src/lidar_ros2/sdk/src/rplidar_driver.cpp:[m[K In member function ‘[01m[Kvirtual u_result rp::standalone::rplidar::RPlidarDriverTCP::connect(const char*, _u32, _u32)[m[K’:
[37.357s] [01m[K/home/ubuntu/mako_robot/mako_ws/src/lidar_ros2/sdk/src/rplidar_driver.cpp:2282:72:[m[K [01;35m[Kwarning: [m[Kunused parameter ‘[01m[Kflag[m[K’ [[01;35m[K-Wunused-parameter[m[K]
[37.358s]  2282 | u_result RPlidarDriverTCP::connect(const char * ipStr, _u32 port, [01;35m[K_u32 flag[m[K)
[37.358s]       |                                                                   [01;35m[K~~~~~^~~~[m[K
[37.616s] [ 55%] [32mBuilding CXX object CMakeFiles/rplidarNode.dir/sdk/src/arch/linux/net_socket.cpp.o[0m
[39.334s] [ 61%] [32mBuilding CXX object CMakeFiles/rplidarNode.dir/sdk/src/arch/linux/timer.cpp.o[0m
[40.147s] [ 66%] [32m[1mLinking CXX shared library librplidar_composition_node.so[0m
[40.407s] In file included from [01m[K/home/ubuntu/mako_robot/mako_ws/src/lidar_ros2/./sdk/include/rplidar.h:39[m[K,
[40.408s]                  from [01m[K/home/ubuntu/mako_robot/mako_ws/src/lidar_ros2/./sdk/src/sdkcommon.h:48[m[K,
[40.408s]                  from [01m[K/home/ubuntu/mako_robot/mako_ws/src/lidar_ros2/sdk/src/arch/linux/net_socket.cpp:10[m[K:
[40.409s] [01m[K/home/ubuntu/mako_robot/mako_ws/src/lidar_ros2/./sdk/include/rplidar_protocol.h:59:14:[m[K [01;35m[Kwarning: [m[KISO C++ forbids zero-size array ‘[01m[Kdata[m[K’ [[01;35m[K-Wpedantic[m[K]
[40.420s]    59 |     _u8 data[[01;35m[K0[m[K];
[40.421s]       |              [01;35m[K^[m[K
[40.422s] In file included from [01m[K/home/ubuntu/mako_robot/mako_ws/src/lidar_ros2/./sdk/include/rplidar.h:40[m[K,
[40.425s]                  from [01m[K/home/ubuntu/mako_robot/mako_ws/src/lidar_ros2/./sdk/src/sdkcommon.h:48[m[K,
[40.431s]                  from [01m[K/home/ubuntu/mako_robot/mako_ws/src/lidar_ros2/sdk/src/arch/linux/net_socket.cpp:10[m[K:
[40.432s] [01m[K/home/ubuntu/mako_robot/mako_ws/src/lidar_ros2/./sdk/include/rplidar_cmd.h:260:18:[m[K [01;35m[Kwarning: [m[KISO C++ forbids zero-size array ‘[01m[Kpayload[m[K’ [[01;35m[K-Wpedantic[m[K]
[40.433s]   260 |     _u8  payload[[01;35m[K0[m[K];
[40.441s]       |                  [01;35m[K^[m[K
[40.484s] [01m[K/home/ubuntu/mako_robot/mako_ws/src/lidar_ros2/sdk/src/arch/linux/net_socket.cpp:[m[K In member function ‘[01m[Kvirtual u_result rp::net::SocketAddress::getAddressAsString(char*, size_t) const[m[K’:
[40.485s] [01m[K/home/ubuntu/mako_robot/mako_ws/src/lidar_ros2/sdk/src/arch/linux/net_socket.cpp:170:17:[m[K [01;35m[Kwarning: [m[Kordered comparison of pointer with integer zero [[01;35m[K-Wextra[m[K]
[40.486s]   170 |     return ans<=[01;35m[K0[m[K?RESULT_OPERATION_FAIL:RESULT_OK;
[40.487s]       |                 [01;35m[K^[m[K
[40.539s] [01m[K/home/ubuntu/mako_robot/mako_ws/src/lidar_ros2/sdk/src/arch/linux/net_socket.cpp:[m[K In member function ‘[01m[Kvirtual u_result rp::arch::net::StreamSocketImpl::send(const void*, size_t)[m[K’:
[40.539s] [01m[K/home/ubuntu/mako_robot/mako_ws/src/lidar_ros2/sdk/src/arch/linux/net_socket.cpp:438:17:[m[K [01;35m[Kwarning: [m[Kcomparison of integer expressions of different signedness: ‘[01m[Ksize_t[m[K’ {aka ‘[01m[Klong unsigned int[m[K’} and ‘[01m[Kint[m[K’ [[01;35m[K-Wsign-compare[m[K]
[40.540s]   438 |         if ([01;35m[Kans == (int)len[m[K) {
[40.540s]       |             [01;35m[K~~~~^~~~~~~~~~~[m[K
[40.568s] In file included from [01m[K/home/ubuntu/mako_robot/mako_ws/src/lidar_ros2/./sdk/src/arch/linux/arch_linux.h:42[m[K,
[40.571s]                  from [01m[K/home/ubuntu/mako_robot/mako_ws/src/lidar_ros2/./sdk/src/sdkcommon.h:40[m[K,
[40.574s]                  from [01m[K/home/ubuntu/mako_robot/mako_ws/src/lidar_ros2/sdk/src/arch/linux/net_socket.cpp:10[m[K:
[40.575s] [01m[K/home/ubuntu/mako_robot/mako_ws/src/lidar_ros2/sdk/src/arch/linux/net_socket.cpp:[m[K In member function ‘[01m[Kvirtual u_result rp::arch::net::DGramSocketImpl::sendTo(const rp::net::SocketAddress&, const void*, size_t)[m[K’:
[40.579s] [01m[K/home/ubuntu/mako_robot/mako_ws/src/lidar_ros2/sdk/src/arch/linux/net_socket.cpp:726:24:[m[K [01;35m[Kwarning: [m[Kcomparison of integer expressions of different signedness: ‘[01m[Ksize_t[m[K’ {aka ‘[01m[Klong unsigned int[m[K’} and ‘[01m[Kint[m[K’ [[01;35m[K-Wsign-compare[m[K]
[40.580s]   726 |             assert([01;35m[Kans == (int)len[m[K);
[40.592s]       |                    [01;35m[K~~~~^~~~~~~~~~~[m[K
[42.020s] [ 72%] Built target rplidar_composition_node
[42.021s] [ 72%] [32mBuilding CXX object CMakeFiles/rplidarNode.dir/sdk/src/hal/thread.cpp.o[0m
[42.126s] [35m[1mScanning dependencies of target rplidar_composition[0m
[42.530s] [ 77%] [32mBuilding CXX object CMakeFiles/rplidar_composition.dir/src/standalone_rplidar.cpp.o[0m
[43.296s] [ 83%] [32mBuilding CXX object CMakeFiles/rplidarNode.dir/sdk/src/rplidar_driver.cpp.o[0m
[43.473s] In file included from [01m[K/home/ubuntu/mako_robot/mako_ws/src/lidar_ros2/src/standalone_rplidar.cpp:16[m[K:
[43.474s] [01m[K/home/ubuntu/mako_robot/mako_ws/src/lidar_ros2/include/rplidar_node.hpp:50:[m[K [01;35m[Kwarning: [m[K"M_PI" redefined
[43.475s]    50 | #define M_PI 3.1415926535897932384626433832795
[43.478s]       | 
[43.481s] In file included from [01m[K/usr/include/c++/9/cmath:45[m[K,
[43.482s]                  from [01m[K/opt/ros/foxy/include/libstatistics_collector/moving_average_statistics/types.hpp:18[m[K,
[43.483s]                  from [01m[K/opt/ros/foxy/include/libstatistics_collector/collector/generate_statistics_message.hpp:24[m[K,
[43.485s]                  from [01m[K/opt/ros/foxy/include/rclcpp/topic_statistics/subscription_topic_statistics.hpp:23[m[K,
[43.487s]                  from [01m[K/opt/ros/foxy/include/rclcpp/subscription.hpp:50[m[K,
[43.495s]                  from [01m[K/opt/ros/foxy/include/rclcpp/any_executable.hpp:25[m[K,
[43.496s]                  from [01m[K/opt/ros/foxy/include/rclcpp/memory_strategy.hpp:24[m[K,
[43.497s]                  from [01m[K/opt/ros/foxy/include/rclcpp/memory_strategies.hpp:18[m[K,
[43.497s]                  from [01m[K/opt/ros/foxy/include/rclcpp/executor_options.hpp:20[m[K,
[43.498s]                  from [01m[K/opt/ros/foxy/include/rclcpp/executor.hpp:33[m[K,
[43.499s]                  from [01m[K/opt/ros/foxy/include/rclcpp/executors/multi_threaded_executor.hpp:25[m[K,
[43.500s]                  from [01m[K/opt/ros/foxy/include/rclcpp/executors.hpp:21[m[K,
[43.501s]                  from [01m[K/opt/ros/foxy/include/rclcpp/rclcpp.hpp:146[m[K,
[43.501s]                  from [01m[K/home/ubuntu/mako_robot/mako_ws/src/lidar_ros2/include/rplidar_node.hpp:34[m[K,
[43.502s]                  from [01m[K/home/ubuntu/mako_robot/mako_ws/src/lidar_ros2/src/standalone_rplidar.cpp:16[m[K:
[43.503s] [01m[K/usr/include/math.h:1070:[m[K [01;36m[Knote: [m[Kthis is the location of the previous definition
[43.504s]  1070 | # define M_PI  3.14159265358979323846 /* pi */
[43.504s]       | 
[44.811s] In file included from [01m[K/home/ubuntu/mako_robot/mako_ws/src/lidar_ros2/./sdk/include/rplidar.h:39[m[K,
[44.812s]                  from [01m[K/home/ubuntu/mako_robot/mako_ws/src/lidar_ros2/./sdk/src/sdkcommon.h:48[m[K,
[44.813s]                  from [01m[K/home/ubuntu/mako_robot/mako_ws/src/lidar_ros2/sdk/src/hal/thread.cpp:35[m[K:
[44.815s] [01m[K/home/ubuntu/mako_robot/mako_ws/src/lidar_ros2/./sdk/include/rplidar_protocol.h:59:14:[m[K [01;35m[Kwarning: [m[KISO C++ forbids zero-size array ‘[01m[Kdata[m[K’ [[01;35m[K-Wpedantic[m[K]
[44.816s]    59 |     _u8 data[[01;35m[K0[m[K];
[44.817s]       |              [01;35m[K^[m[K
[44.824s] In file included from [01m[K/home/ubuntu/mako_robot/mako_ws/src/lidar_ros2/./sdk/include/rplidar.h:40[m[K,
[44.827s]                  from [01m[K/home/ubuntu/mako_robot/mako_ws/src/lidar_ros2/./sdk/src/sdkcommon.h:48[m[K,
[44.829s]                  from [01m[K/home/ubuntu/mako_robot/mako_ws/src/lidar_ros2/sdk/src/hal/thread.cpp:35[m[K:
[44.830s] [01m[K/home/ubuntu/mako_robot/mako_ws/src/lidar_ros2/./sdk/include/rplidar_cmd.h:260:18:[m[K [01;35m[Kwarning: [m[KISO C++ forbids zero-size array ‘[01m[Kpayload[m[K’ [[01;35m[K-Wpedantic[m[K]
[44.832s]   260 |     _u8  payload[[01;35m[K0[m[K];
[44.833s]       |                  [01;35m[K^[m[K
[44.845s] In file included from [01m[K/home/ubuntu/mako_robot/mako_ws/src/lidar_ros2/sdk/src/hal/thread.cpp:43[m[K:
[44.846s] [01m[K/home/ubuntu/mako_robot/mako_ws/src/lidar_ros2/./sdk/src/arch/linux/thread.hpp:[m[K In static member function ‘[01m[Kstatic rp::hal::Thread rp::hal::Thread::create(thread_proc_t, void*)[m[K’:
[44.848s] [01m[K/home/ubuntu/mako_robot/mako_ws/src/lidar_ros2/./sdk/src/arch/linux/thread.hpp:48:77:[m[K [01;35m[Kwarning: [m[Kcast between incompatible function types from ‘[01m[Kthread_proc_t[m[K’ {aka ‘[01m[Klong unsigned int (*)(void*)[m[K’} to ‘[01m[Kvoid* (*)(void*)[m[K’ [[01;35m[K-Wcast-function-type[m[K]
[44.849s]    48 |     pthread_create((pthread_t *)&newborn._handle, NULL, (void * (*)(void *))[01;35m[Kproc[m[K, data);
[44.850s]       |                                                                             [01;35m[K^~~~[m[K
[44.856s] [01m[K/home/ubuntu/mako_robot/mako_ws/src/lidar_ros2/./sdk/src/arch/linux/thread.hpp:[m[K In member function ‘[01m[Ku_result rp::hal::Thread::join(long unsigned int)[m[K’:
[44.857s] [01m[K/home/ubuntu/mako_robot/mako_ws/src/lidar_ros2/./sdk/src/arch/linux/thread.hpp:129:37:[m[K [01;35m[Kwarning: [m[Kunused parameter ‘[01m[Ktimeout[m[K’ [[01;35m[K-Wunused-parameter[m[K]
[44.859s]   129 | u_result Thread::join([01;35m[Kunsigned long timeout[m[K)
[44.860s]       |                       [01;35m[K~~~~~~~~~~~~~~^~~~~~~[m[K
[45.841s] [ 88%] [32m[1mLinking CXX executable rplidarNodeClient[0m
[46.087s] In file included from [01m[K/home/ubuntu/mako_robot/mako_ws/src/lidar_ros2/./sdk/include/rplidar.h:39[m[K,
[46.088s]                  from [01m[K/home/ubuntu/mako_robot/mako_ws/src/lidar_ros2/sdk/src/sdkcommon.h:48[m[K,
[46.089s]                  from [01m[K/home/ubuntu/mako_robot/mako_ws/src/lidar_ros2/sdk/src/rplidar_driver.cpp:35[m[K:
[46.090s] [01m[K/home/ubuntu/mako_robot/mako_ws/src/lidar_ros2/./sdk/include/rplidar_protocol.h:59:14:[m[K [01;35m[Kwarning: [m[KISO C++ forbids zero-size array ‘[01m[Kdata[m[K’ [[01;35m[K-Wpedantic[m[K]
[46.100s]    59 |     _u8 data[[01;35m[K0[m[K];
[46.102s]       |              [01;35m[K^[m[K
[46.110s] In file included from [01m[K/home/ubuntu/mako_robot/mako_ws/src/lidar_ros2/./sdk/include/rplidar.h:40[m[K,
[46.121s]                  from [01m[K/home/ubuntu/mako_robot/mako_ws/src/lidar_ros2/sdk/src/sdkcommon.h:48[m[K,
[46.123s]                  from [01m[K/home/ubuntu/mako_robot/mako_ws/src/lidar_ros2/sdk/src/rplidar_driver.cpp:35[m[K:
[46.124s] [01m[K/home/ubuntu/mako_robot/mako_ws/src/lidar_ros2/./sdk/include/rplidar_cmd.h:260:18:[m[K [01;35m[Kwarning: [m[KISO C++ forbids zero-size array ‘[01m[Kpayload[m[K’ [[01;35m[K-Wpedantic[m[K]
[46.125s]   260 |     _u8  payload[[01;35m[K0[m[K];
[46.139s]       |                  [01;35m[K^[m[K
[47.369s] [01m[K/home/ubuntu/mako_robot/mako_ws/src/lidar_ros2/sdk/src/rplidar_driver.cpp:[m[K In member function ‘[01m[Kvirtual u_result rp::standalone::rplidar::RPlidarDriverImplCommon::reset(_u32)[m[K’:
[47.370s] [01m[K/home/ubuntu/mako_robot/mako_ws/src/lidar_ros2/sdk/src/rplidar_driver.cpp:121:46:[m[K [01;35m[Kwarning: [m[Kunused parameter ‘[01m[Ktimeout[m[K’ [[01;35m[K-Wunused-parameter[m[K]
[47.371s]   121 | u_result RPlidarDriverImplCommon::reset([01;35m[K_u32 timeout[m[K)
[47.372s]       |                                         [01;35m[K~~~~~^~~~~~~[m[K
[47.387s] [01m[K/home/ubuntu/mako_robot/mako_ws/src/lidar_ros2/sdk/src/rplidar_driver.cpp:[m[K In member function ‘[01m[Kvirtual u_result rp::standalone::rplidar::RPlidarDriverImplCommon::checkIfTofLidar(bool&, _u32)[m[K’:
[47.388s] [01m[K/home/ubuntu/mako_robot/mako_ws/src/lidar_ros2/sdk/src/rplidar_driver.cpp:274:75:[m[K [01;35m[Kwarning: [m[Kunused parameter ‘[01m[Ktimeout[m[K’ [[01;35m[K-Wunused-parameter[m[K]
[47.389s]   274 | u_result RPlidarDriverImplCommon::checkIfTofLidar(bool & isTofLidar, [01;35m[K_u32 timeout[m[K)
[47.390s]       |                                                                      [01;35m[K~~~~~^~~~~~~[m[K
[47.426s] [01m[K/home/ubuntu/mako_robot/mako_ws/src/lidar_ros2/sdk/src/rplidar_driver.cpp:[m[K In member function ‘[01m[Kvirtual void rp::standalone::rplidar::RPlidarDriverImplCommon::_dense_capsuleToNormal(const rplidar_response_capsule_measurement_nodes_t&, rplidar_response_measurement_node_hq_t*, size_t&)[m[K’:
[47.427s] [01m[K/home/ubuntu/mako_robot/mako_ws/src/lidar_ros2/sdk/src/rplidar_driver.cpp:872:108:[m[K [01;35m[Kwarning: [m[Ktype qualifiers ignored on cast result type [[01;35m[K-Wignored-qualifiers[m[K]
[47.427s]   872 |             const int dist = static_cast<const int>(_cached_previous_dense_capsuledata.cabins[pos].distance[01;35m[K)[m[K;
[47.428s]       |                                                                                                            [01;35m[K^[m[K
[47.440s] [01m[K/home/ubuntu/mako_robot/mako_ws/src/lidar_ros2/sdk/src/rplidar_driver.cpp:[m[K In function ‘[01m[K_u32 rp::standalone::rplidar::_crc32cal(_u32, void*, _u16)[m[K’:
[47.441s] [01m[K/home/ubuntu/mako_robot/mako_ws/src/lidar_ros2/sdk/src/rplidar_driver.cpp:996:23:[m[K [01;35m[Kwarning: [m[Ksuggest parentheses around ‘[01m[K-[m[K’ in operand of ‘[01m[K&[m[K’ [[01;35m[K-Wparentheses[m[K]
[47.441s]   996 |     _u8 leftBytes = [01;35m[K4 - len[m[K & 0x3;
[47.442s]       |                     [01;35m[K~~^~~~~[m[K
[47.452s] [01m[K/home/ubuntu/mako_robot/mako_ws/src/lidar_ros2/sdk/src/rplidar_driver.cpp:[m[K In member function ‘[01m[Kvirtual void rp::standalone::rplidar::RPlidarDriverImplCommon::_ultraCapsuleToNormal(const rplidar_response_ultra_capsule_measurement_nodes_t&, rplidar_response_measurement_node_hq_t*, size_t&)[m[K’:
[47.453s] [01m[K/home/ubuntu/mako_robot/mako_ws/src/lidar_ros2/sdk/src/rplidar_driver.cpp:1207:32:[m[K [01;35m[Kwarning: [m[Kcomparison of integer expressions of different signedness: ‘[01m[Kint[m[K’ and ‘[01m[Kunsigned int[m[K’ [[01;35m[K-Wsign-compare[m[K]
[47.454s]  1207 |             if (([01;35m[Kdist_predict1 == 0xFFFFFE00[m[K) || (dist_predict1 == 0x1FF)) {
[47.454s]       |                  [01;35m[K~~~~~~~~~~~~~~^~~~~~~~~~~~~[m[K
[47.456s] [01m[K/home/ubuntu/mako_robot/mako_ws/src/lidar_ros2/sdk/src/rplidar_driver.cpp:1215:32:[m[K [01;35m[Kwarning: [m[Kcomparison of integer expressions of different signedness: ‘[01m[Kint[m[K’ and ‘[01m[Kunsigned int[m[K’ [[01;35m[K-Wsign-compare[m[K]
[47.456s]  1215 |             if (([01;35m[Kdist_predict2 == 0xFFFFFE00[m[K) || (dist_predict2 == 0x1FF)) {
[47.457s]       |                  [01;35m[K~~~~~~~~~~~~~~^~~~~~~~~~~~~[m[K
[47.490s] [01m[K/home/ubuntu/mako_robot/mako_ws/src/lidar_ros2/sdk/src/rplidar_driver.cpp:[m[K In member function ‘[01m[Kvirtual u_result rp::standalone::rplidar::RPlidarDriverImplCommon::getAllSupportedScanModes(std::vector<rp::standalone::rplidar::RplidarScanMode>&, _u32)[m[K’:
[47.491s] [01m[K/home/ubuntu/mako_robot/mako_ws/src/lidar_ros2/sdk/src/rplidar_driver.cpp:1453:105:[m[K [01;35m[Kwarning: [m[Kunused parameter ‘[01m[KtimeoutInMs[m[K’ [[01;35m[K-Wunused-parameter[m[K]
[47.492s]  1453 | u_result RPlidarDriverImplCommon::getAllSupportedScanModes(std::vector<RplidarScanMode>& outModes, [01;35m[K_u32 timeoutInMs[m[K)
[47.492s]       |                                                                                                    [01;35m[K~~~~~^~~~~~~~~~~[m[K
[47.497s] [01m[K/home/ubuntu/mako_robot/mako_ws/src/lidar_ros2/sdk/src/rplidar_driver.cpp:[m[K In member function ‘[01m[Kvirtual u_result rp::standalone::rplidar::RPlidarDriverImplCommon::startScan(bool, bool, _u32, rp::standalone::rplidar::RplidarScanMode*)[m[K’:
[47.499s] [01m[K/home/ubuntu/mako_robot/mako_ws/src/lidar_ros2/sdk/src/rplidar_driver.cpp:1550:83:[m[K [01;35m[Kwarning: [m[Kunused parameter ‘[01m[Koptions[m[K’ [[01;35m[K-Wunused-parameter[m[K]
[47.500s]  1550 | u_result RPlidarDriverImplCommon::startScan(bool force, bool useTypicalScan, [01;35m[K_u32 options[m[K, RplidarScanMode* outUsedScanMode)
[47.501s]       |                                                                              [01;35m[K~~~~~^~~~~~~[m[K
[47.507s] [ 88%] Built target rplidarNodeClient
[47.509s] [01m[K/home/ubuntu/mako_robot/mako_ws/src/lidar_ros2/sdk/src/rplidar_driver.cpp:[m[K In member function ‘[01m[Kvirtual u_result rp::standalone::rplidar::RPlidarDriverImplCommon::stop(_u32)[m[K’:
[47.510s] [01m[K/home/ubuntu/mako_robot/mako_ws/src/lidar_ros2/sdk/src/rplidar_driver.cpp:1774:45:[m[K [01;35m[Kwarning: [m[Kunused parameter ‘[01m[Ktimeout[m[K’ [[01;35m[K-Wunused-parameter[m[K]
[47.511s]  1774 | u_result RPlidarDriverImplCommon::stop([01;35m[K_u32 timeout[m[K)
[47.511s]       |                                        [01;35m[K~~~~~^~~~~~~[m[K
[47.539s] [01m[K/home/ubuntu/mako_robot/mako_ws/src/lidar_ros2/sdk/src/rplidar_driver.cpp:[m[K In member function ‘[01m[Kvirtual u_result rp::standalone::rplidar::RPlidarDriverImplCommon::setLidarSpinSpeed(_u16, _u32)[m[K’:
[47.540s] [01m[K/home/ubuntu/mako_robot/mako_ws/src/lidar_ros2/sdk/src/rplidar_driver.cpp:2162:68:[m[K [01;35m[Kwarning: [m[Kunused parameter ‘[01m[Ktimeout[m[K’ [[01;35m[K-Wunused-parameter[m[K]
[47.541s]  2162 | u_result RPlidarDriverImplCommon::setLidarSpinSpeed(_u16 rpm, [01;35m[K_u32 timeout[m[K)
[47.542s]       |                                                               [01;35m[K~~~~~^~~~~~~[m[K
[47.543s] [01m[K/home/ubuntu/mako_robot/mako_ws/src/lidar_ros2/sdk/src/rplidar_driver.cpp:[m[K In member function ‘[01m[Kvirtual u_result rp::standalone::rplidar::RPlidarDriverSerial::connect(const char*, _u32, _u32)[m[K’:
[47.544s] [01m[K/home/ubuntu/mako_robot/mako_ws/src/lidar_ros2/sdk/src/rplidar_driver.cpp:2240:83:[m[K [01;35m[Kwarning: [m[Kunused parameter ‘[01m[Kflag[m[K’ [[01;35m[K-Wunused-parameter[m[K]
[47.545s]  2240 | u_result RPlidarDriverSerial::connect(const char * port_path, _u32 baudrate, [01;35m[K_u32 flag[m[K)
[47.545s]       |                                                                              [01;35m[K~~~~~^~~~[m[K
[47.546s] [01m[K/home/ubuntu/mako_robot/mako_ws/src/lidar_ros2/sdk/src/rplidar_driver.cpp:[m[K In member function ‘[01m[Kvirtual u_result rp::standalone::rplidar::RPlidarDriverTCP::connect(const char*, _u32, _u32)[m[K’:
[47.547s] [01m[K/home/ubuntu/mako_robot/mako_ws/src/lidar_ros2/sdk/src/rplidar_driver.cpp:2282:72:[m[K [01;35m[Kwarning: [m[Kunused parameter ‘[01m[Kflag[m[K’ [[01;35m[K-Wunused-parameter[m[K]
[47.547s]  2282 | u_result RPlidarDriverTCP::connect(const char * ipStr, _u32 port, [01;35m[K_u32 flag[m[K)
[47.548s]       |                                                                   [01;35m[K~~~~~^~~~[m[K
[49.482s] [ 94%] [32m[1mLinking CXX executable rplidarNode[0m
[50.665s] [ 94%] Built target rplidarNode
[52.291s] In file included from [01m[K/home/ubuntu/mako_robot/mako_ws/src/lidar_ros2/./sdk/include/rplidar.h:39[m[K,
[52.292s]                  from [01m[K/home/ubuntu/mako_robot/mako_ws/src/lidar_ros2/include/rplidar_node.hpp:41[m[K,
[52.292s]                  from [01m[K/home/ubuntu/mako_robot/mako_ws/src/lidar_ros2/src/standalone_rplidar.cpp:16[m[K:
[52.292s] [01m[K/home/ubuntu/mako_robot/mako_ws/src/lidar_ros2/./sdk/include/rplidar_protocol.h:59:14:[m[K [01;35m[Kwarning: [m[KISO C++ forbids zero-size array ‘[01m[Kdata[m[K’ [[01;35m[K-Wpedantic[m[K]
[52.293s]    59 |     _u8 data[[01;35m[K0[m[K];
[52.293s]       |              [01;35m[K^[m[K
[52.294s] In file included from [01m[K/home/ubuntu/mako_robot/mako_ws/src/lidar_ros2/./sdk/include/rplidar.h:40[m[K,
[52.294s]                  from [01m[K/home/ubuntu/mako_robot/mako_ws/src/lidar_ros2/include/rplidar_node.hpp:41[m[K,
[52.295s]                  from [01m[K/home/ubuntu/mako_robot/mako_ws/src/lidar_ros2/src/standalone_rplidar.cpp:16[m[K:
[52.295s] [01m[K/home/ubuntu/mako_robot/mako_ws/src/lidar_ros2/./sdk/include/rplidar_cmd.h:260:18:[m[K [01;35m[Kwarning: [m[KISO C++ forbids zero-size array ‘[01m[Kpayload[m[K’ [[01;35m[K-Wpedantic[m[K]
[52.296s]   260 |     _u8  payload[[01;35m[K0[m[K];
[52.296s]       |                  [01;35m[K^[m[K
[54.647s] In file included from [01m[K/home/ubuntu/mako_robot/mako_ws/src/lidar_ros2/src/standalone_rplidar.cpp:16[m[K:
[54.648s] [01m[K/home/ubuntu/mako_robot/mako_ws/src/lidar_ros2/include/rplidar_node.hpp:76:14:[m[K [01;35m[Kwarning: [m[K‘[01m[Kfloat rplidar_ros::getAngle(const rplidar_response_measurement_node_hq_t&)[m[K’ defined but not used [[01;35m[K-Wunused-function[m[K]
[54.648s]    76 | static float [01;35m[KgetAngle[m[K(const rplidar_response_measurement_node_hq_t& node)
[54.649s]       |              [01;35m[K^~~~~~~~[m[K
[55.179s] [100%] [32m[1mLinking CXX executable rplidar_composition[0m
[56.030s] [100%] Built target rplidar_composition
[56.074s] Invoked command in '/home/ubuntu/mako_robot/mako_ws/build/rplidar_ros' returned '0': CMAKE_PREFIX_PATH=${CMAKE_PREFIX_PATH}:/opt/ros/foxy /usr/bin/cmake --build /home/ubuntu/mako_robot/mako_ws/build/rplidar_ros -- -j4 -l4
[56.393s] Invoking command in '/home/ubuntu/mako_robot/mako_ws/build/rplidar_ros': CMAKE_PREFIX_PATH=${CMAKE_PREFIX_PATH}:/opt/ros/foxy /usr/bin/cmake --install /home/ubuntu/mako_robot/mako_ws/build/rplidar_ros
[56.435s] -- Install configuration: ""
[56.437s] -- Installing: /home/ubuntu/mako_robot/mako_ws/install/rplidar_ros/lib/rplidar_ros/rplidarNode
[56.446s] -- Set runtime path of "/home/ubuntu/mako_robot/mako_ws/install/rplidar_ros/lib/rplidar_ros/rplidarNode" to ""
[56.448s] -- Installing: /home/ubuntu/mako_robot/mako_ws/install/rplidar_ros/lib/rplidar_ros/rplidarNodeClient
[56.461s] -- Set runtime path of "/home/ubuntu/mako_robot/mako_ws/install/rplidar_ros/lib/rplidar_ros/rplidarNodeClient" to ""
[56.463s] -- Installing: /home/ubuntu/mako_robot/mako_ws/install/rplidar_ros/lib/rplidar_ros/rplidar_composition
[56.466s] -- Set runtime path of "/home/ubuntu/mako_robot/mako_ws/install/rplidar_ros/lib/rplidar_ros/rplidar_composition" to ""
[56.466s] -- Up-to-date: /home/ubuntu/mako_robot/mako_ws/install/rplidar_ros/share/rplidar_ros/launch
[56.467s] -- Up-to-date: /home/ubuntu/mako_robot/mako_ws/install/rplidar_ros/share/rplidar_ros/launch/rplidar_a3.launch.py
[56.467s] -- Up-to-date: /home/ubuntu/mako_robot/mako_ws/install/rplidar_ros/share/rplidar_ros/launch/view_rplidar_a3.launch.py
[56.468s] -- Up-to-date: /home/ubuntu/mako_robot/mako_ws/install/rplidar_ros/share/rplidar_ros/launch/rplidar_s1_tcp.launch.py
[56.468s] -- Up-to-date: /home/ubuntu/mako_robot/mako_ws/install/rplidar_ros/share/rplidar_ros/launch/rplidar.launch.py
[56.469s] -- Up-to-date: /home/ubuntu/mako_robot/mako_ws/install/rplidar_ros/share/rplidar_ros/launch/view_rplidar.launch.py
[56.469s] -- Up-to-date: /home/ubuntu/mako_robot/mako_ws/install/rplidar_ros/share/rplidar_ros/launch/rplidar_s1.launch.py
[56.469s] -- Up-to-date: /home/ubuntu/mako_robot/mako_ws/install/rplidar_ros/share/rplidar_ros/launch/test_rplidar.launch.py
[56.470s] -- Up-to-date: /home/ubuntu/mako_robot/mako_ws/install/rplidar_ros/share/rplidar_ros/launch/view_rplidar_s1.launch.py
[56.470s] -- Up-to-date: /home/ubuntu/mako_robot/mako_ws/install/rplidar_ros/share/rplidar_ros/launch/view_rplidar_s1_tcp.launch.py
[56.471s] -- Up-to-date: /home/ubuntu/mako_robot/mako_ws/install/rplidar_ros/share/rplidar_ros/launch/test_rplidar_a3.launch.py
[56.471s] -- Up-to-date: /home/ubuntu/mako_robot/mako_ws/install/rplidar_ros/share/rplidar_ros/rviz
[56.471s] -- Up-to-date: /home/ubuntu/mako_robot/mako_ws/install/rplidar_ros/share/rplidar_ros/rviz/rplidar.rviz
[56.472s] -- Installing: /home/ubuntu/mako_robot/mako_ws/install/rplidar_ros/lib/librplidar_composition_node.so
[56.487s] -- Set runtime path of "/home/ubuntu/mako_robot/mako_ws/install/rplidar_ros/lib/librplidar_composition_node.so" to ""
[56.487s] -- Up-to-date: /home/ubuntu/mako_robot/mako_ws/install/rplidar_ros/include
[56.488s] -- Up-to-date: /home/ubuntu/mako_robot/mako_ws/install/rplidar_ros/include/visibility.h
[56.488s] -- Up-to-date: /home/ubuntu/mako_robot/mako_ws/install/rplidar_ros/include/rplidar_node.hpp
[56.489s] -- Up-to-date: /home/ubuntu/mako_robot/mako_ws/install/rplidar_ros/lib/rplidar_ros/rplidarNode
[56.491s] -- Up-to-date: /home/ubuntu/mako_robot/mako_ws/install/rplidar_ros/lib/rplidar_ros/rplidarNodeClient
[56.494s] -- Up-to-date: /home/ubuntu/mako_robot/mako_ws/install/rplidar_ros/lib/rplidar_ros/rplidar_composition
[56.495s] -- Up-to-date: /home/ubuntu/mako_robot/mako_ws/install/rplidar_ros/share/ament_index/resource_index/package_run_dependencies/rplidar_ros
[56.496s] -- Installing: /home/ubuntu/mako_robot/mako_ws/install/rplidar_ros/share/ament_index/resource_index/parent_prefix_path/rplidar_ros
[56.497s] -- Up-to-date: /home/ubuntu/mako_robot/mako_ws/install/rplidar_ros/share/rplidar_ros/environment/ament_prefix_path.sh
[56.498s] -- Installing: /home/ubuntu/mako_robot/mako_ws/install/rplidar_ros/share/rplidar_ros/environment/ament_prefix_path.dsv
[56.499s] -- Up-to-date: /home/ubuntu/mako_robot/mako_ws/install/rplidar_ros/share/rplidar_ros/environment/path.sh
[56.499s] -- Installing: /home/ubuntu/mako_robot/mako_ws/install/rplidar_ros/share/rplidar_ros/environment/path.dsv
[56.500s] -- Up-to-date: /home/ubuntu/mako_robot/mako_ws/install/rplidar_ros/share/rplidar_ros/local_setup.bash
[56.501s] -- Installing: /home/ubuntu/mako_robot/mako_ws/install/rplidar_ros/share/rplidar_ros/local_setup.sh
[56.502s] -- Up-to-date: /home/ubuntu/mako_robot/mako_ws/install/rplidar_ros/share/rplidar_ros/local_setup.zsh
[56.502s] -- Installing: /home/ubuntu/mako_robot/mako_ws/install/rplidar_ros/share/rplidar_ros/local_setup.dsv
[56.504s] -- Installing: /home/ubuntu/mako_robot/mako_ws/install/rplidar_ros/share/rplidar_ros/package.dsv
[56.505s] -- Up-to-date: /home/ubuntu/mako_robot/mako_ws/install/rplidar_ros/share/ament_index/resource_index/packages/rplidar_ros
[56.505s] -- Up-to-date: /home/ubuntu/mako_robot/mako_ws/install/rplidar_ros/share/rplidar_ros/cmake/ament_cmake_export_dependencies-extras.cmake
[56.506s] -- Up-to-date: /home/ubuntu/mako_robot/mako_ws/install/rplidar_ros/share/rplidar_ros/cmake/ament_cmake_export_include_directories-extras.cmake
[56.506s] -- Up-to-date: /home/ubuntu/mako_robot/mako_ws/install/rplidar_ros/share/rplidar_ros/cmake/rplidar_rosConfig.cmake
[56.507s] -- Up-to-date: /home/ubuntu/mako_robot/mako_ws/install/rplidar_ros/share/rplidar_ros/cmake/rplidar_rosConfig-version.cmake
[56.507s] -- Up-to-date: /home/ubuntu/mako_robot/mako_ws/install/rplidar_ros/share/rplidar_ros/package.xml
[56.519s] Invoked command in '/home/ubuntu/mako_robot/mako_ws/build/rplidar_ros' returned '0': CMAKE_PREFIX_PATH=${CMAKE_PREFIX_PATH}:/opt/ros/foxy /usr/bin/cmake --install /home/ubuntu/mako_robot/mako_ws/build/rplidar_ros
