[1.644s] Invoking command in '/home/karim/mako_robot/mako_ws/src/mako_py_feedback_actuators': PYTHONPATH=/home/karim/mako_robot/mako_ws/install/mako_py_feedback_actuators/lib/python3.8/site-packages:${PYTHONPATH} /usr/bin/python3 setup.py egg_info --egg-base ../../build/mako_py_feedback_actuators build --build-base /home/karim/mako_robot/mako_ws/build/mako_py_feedback_actuators/build install --prefix /home/karim/mako_robot/mako_ws/install/mako_py_feedback_actuators --record /home/karim/mako_robot/mako_ws/build/mako_py_feedback_actuators/install.log --single-version-externally-managed
[2.169s] running egg_info
[2.170s] writing ../../build/mako_py_feedback_actuators/mako_py_feedback_actuators.egg-info/PKG-INFO
[2.170s] writing dependency_links to ../../build/mako_py_feedback_actuators/mako_py_feedback_actuators.egg-info/dependency_links.txt
[2.172s] writing entry points to ../../build/mako_py_feedback_actuators/mako_py_feedback_actuators.egg-info/entry_points.txt
[2.174s] writing requirements to ../../build/mako_py_feedback_actuators/mako_py_feedback_actuators.egg-info/requires.txt
[2.175s] writing top-level names to ../../build/mako_py_feedback_actuators/mako_py_feedback_actuators.egg-info/top_level.txt
[2.273s] reading manifest file '../../build/mako_py_feedback_actuators/mako_py_feedback_actuators.egg-info/SOURCES.txt'
[2.279s] writing manifest file '../../build/mako_py_feedback_actuators/mako_py_feedback_actuators.egg-info/SOURCES.txt'
[2.279s] running build
[2.279s] running build_py
[2.279s] running install
[2.279s] running install_lib
[2.279s] running install_data
[2.279s] running install_egg_info
[2.280s] removing '/home/karim/mako_robot/mako_ws/install/mako_py_feedback_actuators/lib/python3.8/site-packages/mako_py_feedback_actuators-0.0.0-py3.8.egg-info' (and everything under it)
[2.281s] Copying ../../build/mako_py_feedback_actuators/mako_py_feedback_actuators.egg-info to /home/karim/mako_robot/mako_ws/install/mako_py_feedback_actuators/lib/python3.8/site-packages/mako_py_feedback_actuators-0.0.0-py3.8.egg-info
[2.283s] running install_scripts
[2.324s] writing list of installed files to '/home/karim/mako_robot/mako_ws/build/mako_py_feedback_actuators/install.log'
[2.509s] Invoked command in '/home/karim/mako_robot/mako_ws/src/mako_py_feedback_actuators' returned '0': PYTHONPATH=/home/karim/mako_robot/mako_ws/install/mako_py_feedback_actuators/lib/python3.8/site-packages:${PYTHONPATH} /usr/bin/python3 setup.py egg_info --egg-base ../../build/mako_py_feedback_actuators build --build-base /home/karim/mako_robot/mako_ws/build/mako_py_feedback_actuators/build install --prefix /home/karim/mako_robot/mako_ws/install/mako_py_feedback_actuators --record /home/karim/mako_robot/mako_ws/build/mako_py_feedback_actuators/install.log --single-version-externally-managed
