-- The C compiler identification is GNU 9.3.0
-- The CXX compiler identification is GNU 9.3.0
-- Check for working C compiler: /usr/bin/cc
-- Check for working C compiler: /usr/bin/cc -- works
-- Detecting C compiler ABI info
-- Detecting C compiler ABI info - done
-- Detecting C compile features
-- Detecting C compile features - done
-- Check for working CXX compiler: /usr/bin/c++
-- Check for working CXX compiler: /usr/bin/c++ -- works
-- Detecting CXX compiler ABI info
-- Detecting CXX compiler ABI info - done
-- Detecting CXX compile features
-- Detecting CXX compile features - done
-- Found ament_cmake_auto: 0.9.8 (/opt/ros/foxy/share/ament_cmake_auto/cmake)
-- Found PythonInterp: /usr/bin/python3 (found suitable version "3.8.5", minimum required is "3") 
-- Using PYTHON_EXECUTABLE: /usr/bin/python3
-- Found ament_cmake_ros: 0.9.0 (/opt/ros/foxy/share/ament_cmake_ros/cmake)
-- Using all available rosidl_typesupport_c: rosidl_typesupport_fastrtps_c;rosidl_typesupport_introspection_c
-- Found rosidl_adapter: 1.2.0 (/opt/ros/foxy/share/rosidl_adapter/cmake)
-- Found OpenSSL: /usr/lib/x86_64-linux-gnu/libcrypto.so (found version "1.1.1f")  
-- Found FastRTPS: /opt/ros/foxy/include  
-- Using all available rosidl_typesupport_cpp: rosidl_typesupport_fastrtps_cpp;rosidl_typesupport_introspection_cpp
-- Found rmw_implementation_cmake: 1.0.2 (/opt/ros/foxy/share/rmw_implementation_cmake/cmake)
-- Using RMW implementation 'rmw_fastrtps_cpp' as default
-- Looking for pthread.h
-- Looking for pthread.h - found
-- Performing Test CMAKE_HAVE_LIBC_PTHREAD
-- Performing Test CMAKE_HAVE_LIBC_PTHREAD - Failed
-- Looking for pthread_create in pthreads
-- Looking for pthread_create in pthreads - not found
-- Looking for pthread_create in pthread
-- Looking for pthread_create in pthread - found
-- Found Threads: TRUE  
-- Configuring done
-- Generating done
-- Build files have been written to: /home/karim/mako_robot/mako_ws/build/rplidar_ros
[35m[1mScanning dependencies of target rplidar_composition_node[0m
[35m[1mScanning dependencies of target rplidarNodeClient[0m
[35m[1mScanning dependencies of target rplidarNode[0m
[  5%] [32mBuilding CXX object CMakeFiles/rplidarNode.dir/src/node.cpp.o[0m
[ 11%] [32mBuilding CXX object CMakeFiles/rplidarNode.dir/sdk/src/arch/linux/timer.cpp.o[0m
[ 16%] [32mBuilding CXX object CMakeFiles/rplidarNode.dir/sdk/src/arch/linux/net_serial.cpp.o[0m
[ 22%] [32mBuilding CXX object CMakeFiles/rplidarNodeClient.dir/src/client.cpp.o[0m
[ 27%] [32mBuilding CXX object CMakeFiles/rplidar_composition_node.dir/src/rplidar_node.cpp.o[0m
[ 33%] [32mBuilding CXX object CMakeFiles/rplidarNode.dir/sdk/src/arch/linux/net_socket.cpp.o[0m
[01m[K/home/karim/mako_robot/mako_ws/src/lidar_ros2/src/client.cpp:43:[m[K [01;35m[Kwarning: [m[K"M_PI" redefined
   43 | #define M_PI 3.1415926535897932384626433832795
      | 
In file included from [01m[K/usr/include/c++/9/cmath:45[m[K,
                 from [01m[K/opt/ros/foxy/include/libstatistics_collector/moving_average_statistics/types.hpp:18[m[K,
                 from [01m[K/opt/ros/foxy/include/libstatistics_collector/collector/generate_statistics_message.hpp:24[m[K,
                 from [01m[K/opt/ros/foxy/include/rclcpp/topic_statistics/subscription_topic_statistics.hpp:23[m[K,
                 from [01m[K/opt/ros/foxy/include/rclcpp/subscription.hpp:50[m[K,
                 from [01m[K/opt/ros/foxy/include/rclcpp/any_executable.hpp:25[m[K,
                 from [01m[K/opt/ros/foxy/include/rclcpp/memory_strategy.hpp:24[m[K,
                 from [01m[K/opt/ros/foxy/include/rclcpp/memory_strategies.hpp:18[m[K,
                 from [01m[K/opt/ros/foxy/include/rclcpp/executor_options.hpp:20[m[K,
                 from [01m[K/opt/ros/foxy/include/rclcpp/executor.hpp:33[m[K,
                 from [01m[K/opt/ros/foxy/include/rclcpp/executors/multi_threaded_executor.hpp:25[m[K,
                 from [01m[K/opt/ros/foxy/include/rclcpp/executors.hpp:21[m[K,
                 from [01m[K/opt/ros/foxy/include/rclcpp/rclcpp.hpp:146[m[K,
                 from [01m[K/home/karim/mako_robot/mako_ws/src/lidar_ros2/src/client.cpp:38[m[K:
[01m[K/usr/include/math.h:1070:[m[K [01;36m[Knote: [m[Kthis is the location of the previous definition
 1070 | # define M_PI  3.14159265358979323846 /* pi */
      | 
In file included from [01m[K/home/karim/mako_robot/mako_ws/src/lidar_ros2/src/rplidar_node.cpp:36[m[K:
[01m[K/home/karim/mako_robot/mako_ws/src/lidar_ros2/include/rplidar_node.hpp:50:[m[K [01;35m[Kwarning: [m[K"M_PI" redefined
   50 | #define M_PI 3.1415926535897932384626433832795
      | 
In file included from [01m[K/usr/include/c++/9/cmath:45[m[K,
                 from [01m[K/opt/ros/foxy/include/libstatistics_collector/moving_average_statistics/types.hpp:18[m[K,
                 from [01m[K/opt/ros/foxy/include/libstatistics_collector/collector/generate_statistics_message.hpp:24[m[K,
                 from [01m[K/opt/ros/foxy/include/rclcpp/topic_statistics/subscription_topic_statistics.hpp:23[m[K,
                 from [01m[K/opt/ros/foxy/include/rclcpp/subscription.hpp:50[m[K,
                 from [01m[K/opt/ros/foxy/include/rclcpp/any_executable.hpp:25[m[K,
                 from [01m[K/opt/ros/foxy/include/rclcpp/memory_strategy.hpp:24[m[K,
                 from [01m[K/opt/ros/foxy/include/rclcpp/memory_strategies.hpp:18[m[K,
                 from [01m[K/opt/ros/foxy/include/rclcpp/executor_options.hpp:20[m[K,
                 from [01m[K/opt/ros/foxy/include/rclcpp/executor.hpp:33[m[K,
                 from [01m[K/opt/ros/foxy/include/rclcpp/executors/multi_threaded_executor.hpp:25[m[K,
                 from [01m[K/opt/ros/foxy/include/rclcpp/executors.hpp:21[m[K,
                 from [01m[K/opt/ros/foxy/include/rclcpp/rclcpp.hpp:146[m[K,
                 from [01m[K/home/karim/mako_robot/mako_ws/src/lidar_ros2/include/rplidar_node.hpp:34[m[K,
                 from [01m[K/home/karim/mako_robot/mako_ws/src/lidar_ros2/src/rplidar_node.cpp:36[m[K:
[01m[K/usr/include/math.h:1070:[m[K [01;36m[Knote: [m[Kthis is the location of the previous definition
 1070 | # define M_PI  3.14159265358979323846 /* pi */
      | 
[01m[K/home/karim/mako_robot/mako_ws/src/lidar_ros2/src/node.cpp:51:[m[K [01;35m[Kwarning: [m[K"M_PI" redefined
   51 | #define M_PI 3.1415926535897932384626433832795
      | 
In file included from [01m[K/usr/include/c++/9/cmath:45[m[K,
                 from [01m[K/opt/ros/foxy/include/libstatistics_collector/moving_average_statistics/types.hpp:18[m[K,
                 from [01m[K/opt/ros/foxy/include/libstatistics_collector/collector/generate_statistics_message.hpp:24[m[K,
                 from [01m[K/opt/ros/foxy/include/rclcpp/topic_statistics/subscription_topic_statistics.hpp:23[m[K,
                 from [01m[K/opt/ros/foxy/include/rclcpp/subscription.hpp:50[m[K,
                 from [01m[K/opt/ros/foxy/include/rclcpp/any_executable.hpp:25[m[K,
                 from [01m[K/opt/ros/foxy/include/rclcpp/memory_strategy.hpp:24[m[K,
                 from [01m[K/opt/ros/foxy/include/rclcpp/memory_strategies.hpp:18[m[K,
                 from [01m[K/opt/ros/foxy/include/rclcpp/executor_options.hpp:20[m[K,
                 from [01m[K/opt/ros/foxy/include/rclcpp/executor.hpp:33[m[K,
                 from [01m[K/opt/ros/foxy/include/rclcpp/executors/multi_threaded_executor.hpp:25[m[K,
                 from [01m[K/opt/ros/foxy/include/rclcpp/executors.hpp:21[m[K,
                 from [01m[K/opt/ros/foxy/include/rclcpp/rclcpp.hpp:146[m[K,
                 from [01m[K/home/karim/mako_robot/mako_ws/src/lidar_ros2/src/node.cpp:36[m[K:
[01m[K/usr/include/math.h:1070:[m[K [01;36m[Knote: [m[Kthis is the location of the previous definition
 1070 | # define M_PI  3.14159265358979323846 /* pi */
      | 
[01m[K/home/karim/mako_robot/mako_ws/src/lidar_ros2/src/node.cpp:231:14:[m[K [01;35m[Kwarning: [m[Kinvalid suffix on literal; C++11 requires a space between literal and string macro [[01;35m[K-Wliteral-suffix[m[K]
  231 |     ROS_INFO([01;35m[K"[m[KRPLIDAR running on ROS package rplidar_ros. SDK Version:"RPLIDAR_SDK_VERSION"");
      |              [01;35m[K^[m[K
In file included from [01m[K/home/karim/mako_robot/mako_ws/src/lidar_ros2/./sdk/include/rplidar.h:39[m[K,
                 from [01m[K/home/karim/mako_robot/mako_ws/src/lidar_ros2/./sdk/src/sdkcommon.h:48[m[K,
                 from [01m[K/home/karim/mako_robot/mako_ws/src/lidar_ros2/sdk/src/arch/linux/net_socket.cpp:10[m[K:
[01m[K/home/karim/mako_robot/mako_ws/src/lidar_ros2/./sdk/include/rplidar_protocol.h:59:14:[m[K [01;35m[Kwarning: [m[KISO C++ forbids zero-size array ‘[01m[Kdata[m[K’ [[01;35m[K-Wpedantic[m[K]
   59 |     _u8 data[[01;35m[K0[m[K];
      |              [01;35m[K^[m[K
In file included from [01m[K/home/karim/mako_robot/mako_ws/src/lidar_ros2/./sdk/include/rplidar.h:40[m[K,
                 from [01m[K/home/karim/mako_robot/mako_ws/src/lidar_ros2/./sdk/src/sdkcommon.h:48[m[K,
                 from [01m[K/home/karim/mako_robot/mako_ws/src/lidar_ros2/sdk/src/arch/linux/net_socket.cpp:10[m[K:
[01m[K/home/karim/mako_robot/mako_ws/src/lidar_ros2/./sdk/include/rplidar_cmd.h:260:18:[m[K [01;35m[Kwarning: [m[KISO C++ forbids zero-size array ‘[01m[Kpayload[m[K’ [[01;35m[K-Wpedantic[m[K]
  260 |     _u8  payload[[01;35m[K0[m[K];
      |                  [01;35m[K^[m[K
[01m[K/home/karim/mako_robot/mako_ws/src/lidar_ros2/sdk/src/arch/linux/net_socket.cpp:[m[K In member function ‘[01m[Kvirtual u_result rp::net::SocketAddress::getAddressAsString(char*, size_t) const[m[K’:
[01m[K/home/karim/mako_robot/mako_ws/src/lidar_ros2/sdk/src/arch/linux/net_socket.cpp:170:17:[m[K [01;35m[Kwarning: [m[Kordered comparison of pointer with integer zero [[01;35m[K-Wextra[m[K]
  170 |     return ans<=[01;35m[K0[m[K?RESULT_OPERATION_FAIL:RESULT_OK;
      |                 [01;35m[K^[m[K
[01m[K/home/karim/mako_robot/mako_ws/src/lidar_ros2/sdk/src/arch/linux/net_socket.cpp:[m[K In member function ‘[01m[Kvirtual u_result rp::arch::net::StreamSocketImpl::send(const void*, size_t)[m[K’:
[01m[K/home/karim/mako_robot/mako_ws/src/lidar_ros2/sdk/src/arch/linux/net_socket.cpp:438:17:[m[K [01;35m[Kwarning: [m[Kcomparison of integer expressions of different signedness: ‘[01m[Ksize_t[m[K’ {aka ‘[01m[Klong unsigned int[m[K’} and ‘[01m[Kint[m[K’ [[01;35m[K-Wsign-compare[m[K]
  438 |         if ([01;35m[Kans == (int)len[m[K) {
      |             [01;35m[K~~~~^~~~~~~~~~~[m[K
In file included from [01m[K/home/karim/mako_robot/mako_ws/src/lidar_ros2/./sdk/src/arch/linux/arch_linux.h:42[m[K,
                 from [01m[K/home/karim/mako_robot/mako_ws/src/lidar_ros2/./sdk/src/sdkcommon.h:40[m[K,
                 from [01m[K/home/karim/mako_robot/mako_ws/src/lidar_ros2/sdk/src/arch/linux/net_socket.cpp:10[m[K:
[01m[K/home/karim/mako_robot/mako_ws/src/lidar_ros2/sdk/src/arch/linux/net_socket.cpp:[m[K In member function ‘[01m[Kvirtual u_result rp::arch::net::DGramSocketImpl::sendTo(const rp::net::SocketAddress&, const void*, size_t)[m[K’:
[01m[K/home/karim/mako_robot/mako_ws/src/lidar_ros2/sdk/src/arch/linux/net_socket.cpp:726:24:[m[K [01;35m[Kwarning: [m[Kcomparison of integer expressions of different signedness: ‘[01m[Ksize_t[m[K’ {aka ‘[01m[Klong unsigned int[m[K’} and ‘[01m[Kint[m[K’ [[01;35m[K-Wsign-compare[m[K]
  726 |             assert([01;35m[Kans == (int)len[m[K);
      |                    [01;35m[K~~~~^~~~~~~~~~~[m[K
[ 38%] [32mBuilding CXX object CMakeFiles/rplidarNode.dir/sdk/src/hal/thread.cpp.o[0m
[01m[K/home/karim/mako_robot/mako_ws/src/lidar_ros2/sdk/src/arch/linux/net_serial.cpp:[m[K In member function ‘[01m[Kbool rp::arch::net::raw_serial::open(const char*, uint32_t, uint32_t)[m[K’:
[01m[K/home/karim/mako_robot/mako_ws/src/lidar_ros2/sdk/src/arch/linux/net_serial.cpp:97:74:[m[K [01;35m[Kwarning: [m[Kunused parameter ‘[01m[Kflags[m[K’ [[01;35m[K-Wunused-parameter[m[K]
   97 | bool raw_serial::open(const char * portname, uint32_t baudrate, [01;35m[Kuint32_t flags[m[K)
      |                                                                 [01;35m[K~~~~~~~~~^~~~~[m[K
[01m[K/home/karim/mako_robot/mako_ws/src/lidar_ros2/sdk/src/arch/linux/net_serial.cpp:[m[K In member function ‘[01m[Kvirtual void rp::arch::net::raw_serial::flush(_u32)[m[K’:
[01m[K/home/karim/mako_robot/mako_ws/src/lidar_ros2/sdk/src/arch/linux/net_serial.cpp:281:30:[m[K [01;35m[Kwarning: [m[Kunused parameter ‘[01m[Kflags[m[K’ [[01;35m[K-Wunused-parameter[m[K]
  281 | void raw_serial::flush( [01;35m[K_u32 flags[m[K)
      |                         [01;35m[K~~~~~^~~~~[m[K
[01m[K/home/karim/mako_robot/mako_ws/src/lidar_ros2/sdk/src/arch/linux/net_serial.cpp:[m[K In member function ‘[01m[Kvirtual int rp::arch::net::raw_serial::waitforsent(_u32, size_t*)[m[K’:
[01m[K/home/karim/mako_robot/mako_ws/src/lidar_ros2/sdk/src/arch/linux/net_serial.cpp:286:34:[m[K [01;35m[Kwarning: [m[Kunused parameter ‘[01m[Ktimeout[m[K’ [[01;35m[K-Wunused-parameter[m[K]
  286 | int raw_serial::waitforsent([01;35m[K_u32 timeout[m[K, size_t * returned_size)
      |                             [01;35m[K~~~~~^~~~~~~[m[K
[01m[K/home/karim/mako_robot/mako_ws/src/lidar_ros2/sdk/src/arch/linux/net_serial.cpp:[m[K In member function ‘[01m[Kvirtual int rp::arch::net::raw_serial::waitforrecv(_u32, size_t*)[m[K’:
[01m[K/home/karim/mako_robot/mako_ws/src/lidar_ros2/sdk/src/arch/linux/net_serial.cpp:292:34:[m[K [01;35m[Kwarning: [m[Kunused parameter ‘[01m[Ktimeout[m[K’ [[01;35m[K-Wunused-parameter[m[K]
  292 | int raw_serial::waitforrecv([01;35m[K_u32 timeout[m[K, size_t * returned_size)
      |                             [01;35m[K~~~~~^~~~~~~[m[K
[ 44%] [32mBuilding CXX object CMakeFiles/rplidarNode.dir/sdk/src/rplidar_driver.cpp.o[0m
[ 50%] [32mBuilding CXX object CMakeFiles/rplidar_composition_node.dir/sdk/src/arch/linux/net_serial.cpp.o[0m
In file included from [01m[K/home/karim/mako_robot/mako_ws/src/lidar_ros2/./sdk/include/rplidar.h:39[m[K,
                 from [01m[K/home/karim/mako_robot/mako_ws/src/lidar_ros2/./sdk/src/sdkcommon.h:48[m[K,
                 from [01m[K/home/karim/mako_robot/mako_ws/src/lidar_ros2/sdk/src/hal/thread.cpp:35[m[K:
[01m[K/home/karim/mako_robot/mako_ws/src/lidar_ros2/./sdk/include/rplidar_protocol.h:59:14:[m[K [01;35m[Kwarning: [m[KISO C++ forbids zero-size array ‘[01m[Kdata[m[K’ [[01;35m[K-Wpedantic[m[K]
   59 |     _u8 data[[01;35m[K0[m[K];
      |              [01;35m[K^[m[K
In file included from [01m[K/home/karim/mako_robot/mako_ws/src/lidar_ros2/./sdk/include/rplidar.h:40[m[K,
                 from [01m[K/home/karim/mako_robot/mako_ws/src/lidar_ros2/./sdk/src/sdkcommon.h:48[m[K,
                 from [01m[K/home/karim/mako_robot/mako_ws/src/lidar_ros2/sdk/src/hal/thread.cpp:35[m[K:
[01m[K/home/karim/mako_robot/mako_ws/src/lidar_ros2/./sdk/include/rplidar_cmd.h:260:18:[m[K [01;35m[Kwarning: [m[KISO C++ forbids zero-size array ‘[01m[Kpayload[m[K’ [[01;35m[K-Wpedantic[m[K]
  260 |     _u8  payload[[01;35m[K0[m[K];
      |                  [01;35m[K^[m[K
In file included from [01m[K/home/karim/mako_robot/mako_ws/src/lidar_ros2/sdk/src/hal/thread.cpp:43[m[K:
[01m[K/home/karim/mako_robot/mako_ws/src/lidar_ros2/./sdk/src/arch/linux/thread.hpp:[m[K In static member function ‘[01m[Kstatic rp::hal::Thread rp::hal::Thread::create(thread_proc_t, void*)[m[K’:
[01m[K/home/karim/mako_robot/mako_ws/src/lidar_ros2/./sdk/src/arch/linux/thread.hpp:48:77:[m[K [01;35m[Kwarning: [m[Kcast between incompatible function types from ‘[01m[Kthread_proc_t[m[K’ {aka ‘[01m[Klong unsigned int (*)(void*)[m[K’} to ‘[01m[Kvoid* (*)(void*)[m[K’ [[01;35m[K-Wcast-function-type[m[K]
   48 |     pthread_create((pthread_t *)&newborn._handle, NULL, (void * (*)(void *))[01;35m[Kproc[m[K, data);
      |                                                                             [01;35m[K^~~~[m[K
[01m[K/home/karim/mako_robot/mako_ws/src/lidar_ros2/./sdk/src/arch/linux/thread.hpp:[m[K In member function ‘[01m[Ku_result rp::hal::Thread::join(long unsigned int)[m[K’:
[01m[K/home/karim/mako_robot/mako_ws/src/lidar_ros2/./sdk/src/arch/linux/thread.hpp:129:37:[m[K [01;35m[Kwarning: [m[Kunused parameter ‘[01m[Ktimeout[m[K’ [[01;35m[K-Wunused-parameter[m[K]
  129 | u_result Thread::join([01;35m[Kunsigned long timeout[m[K)
      |                       [01;35m[K~~~~~~~~~~~~~~^~~~~~~[m[K
[ 55%] [32mBuilding CXX object CMakeFiles/rplidar_composition_node.dir/sdk/src/arch/linux/net_socket.cpp.o[0m
In file included from [01m[K/home/karim/mako_robot/mako_ws/src/lidar_ros2/./sdk/include/rplidar.h:39[m[K,
                 from [01m[K/home/karim/mako_robot/mako_ws/src/lidar_ros2/sdk/src/sdkcommon.h:48[m[K,
                 from [01m[K/home/karim/mako_robot/mako_ws/src/lidar_ros2/sdk/src/rplidar_driver.cpp:35[m[K:
[01m[K/home/karim/mako_robot/mako_ws/src/lidar_ros2/./sdk/include/rplidar_protocol.h:59:14:[m[K [01;35m[Kwarning: [m[KISO C++ forbids zero-size array ‘[01m[Kdata[m[K’ [[01;35m[K-Wpedantic[m[K]
   59 |     _u8 data[[01;35m[K0[m[K];
      |              [01;35m[K^[m[K
In file included from [01m[K/home/karim/mako_robot/mako_ws/src/lidar_ros2/./sdk/include/rplidar.h:40[m[K,
                 from [01m[K/home/karim/mako_robot/mako_ws/src/lidar_ros2/sdk/src/sdkcommon.h:48[m[K,
                 from [01m[K/home/karim/mako_robot/mako_ws/src/lidar_ros2/sdk/src/rplidar_driver.cpp:35[m[K:
[01m[K/home/karim/mako_robot/mako_ws/src/lidar_ros2/./sdk/include/rplidar_cmd.h:260:18:[m[K [01;35m[Kwarning: [m[KISO C++ forbids zero-size array ‘[01m[Kpayload[m[K’ [[01;35m[K-Wpedantic[m[K]
  260 |     _u8  payload[[01;35m[K0[m[K];
      |                  [01;35m[K^[m[K
[01m[K/home/karim/mako_robot/mako_ws/src/lidar_ros2/sdk/src/rplidar_driver.cpp:[m[K In member function ‘[01m[Kvirtual u_result rp::standalone::rplidar::RPlidarDriverImplCommon::reset(_u32)[m[K’:
[01m[K/home/karim/mako_robot/mako_ws/src/lidar_ros2/sdk/src/rplidar_driver.cpp:121:46:[m[K [01;35m[Kwarning: [m[Kunused parameter ‘[01m[Ktimeout[m[K’ [[01;35m[K-Wunused-parameter[m[K]
  121 | u_result RPlidarDriverImplCommon::reset([01;35m[K_u32 timeout[m[K)
      |                                         [01;35m[K~~~~~^~~~~~~[m[K
[01m[K/home/karim/mako_robot/mako_ws/src/lidar_ros2/sdk/src/rplidar_driver.cpp:[m[K In member function ‘[01m[Kvirtual u_result rp::standalone::rplidar::RPlidarDriverImplCommon::checkIfTofLidar(bool&, _u32)[m[K’:
[01m[K/home/karim/mako_robot/mako_ws/src/lidar_ros2/sdk/src/rplidar_driver.cpp:274:75:[m[K [01;35m[Kwarning: [m[Kunused parameter ‘[01m[Ktimeout[m[K’ [[01;35m[K-Wunused-parameter[m[K]
  274 | u_result RPlidarDriverImplCommon::checkIfTofLidar(bool & isTofLidar, [01;35m[K_u32 timeout[m[K)
      |                                                                      [01;35m[K~~~~~^~~~~~~[m[K
[01m[K/home/karim/mako_robot/mako_ws/src/lidar_ros2/sdk/src/rplidar_driver.cpp:[m[K In member function ‘[01m[Kvirtual void rp::standalone::rplidar::RPlidarDriverImplCommon::_dense_capsuleToNormal(const rplidar_response_capsule_measurement_nodes_t&, rplidar_response_measurement_node_hq_t*, size_t&)[m[K’:
[01m[K/home/karim/mako_robot/mako_ws/src/lidar_ros2/sdk/src/rplidar_driver.cpp:872:108:[m[K [01;35m[Kwarning: [m[Ktype qualifiers ignored on cast result type [[01;35m[K-Wignored-qualifiers[m[K]
  872 |             const int dist = static_cast<const int>(_cached_previous_dense_capsuledata.cabins[pos].distance[01;35m[K)[m[K;
      |                                                                                                            [01;35m[K^[m[K
[01m[K/home/karim/mako_robot/mako_ws/src/lidar_ros2/sdk/src/rplidar_driver.cpp:[m[K In function ‘[01m[K_u32 rp::standalone::rplidar::_crc32cal(_u32, void*, _u16)[m[K’:
[01m[K/home/karim/mako_robot/mako_ws/src/lidar_ros2/sdk/src/rplidar_driver.cpp:996:23:[m[K [01;35m[Kwarning: [m[Ksuggest parentheses around ‘[01m[K-[m[K’ in operand of ‘[01m[K&[m[K’ [[01;35m[K-Wparentheses[m[K]
  996 |     _u8 leftBytes = [01;35m[K4 - len[m[K & 0x3;
      |                     [01;35m[K~~^~~~~[m[K
[01m[K/home/karim/mako_robot/mako_ws/src/lidar_ros2/sdk/src/rplidar_driver.cpp:[m[K In member function ‘[01m[Kvirtual void rp::standalone::rplidar::RPlidarDriverImplCommon::_ultraCapsuleToNormal(const rplidar_response_ultra_capsule_measurement_nodes_t&, rplidar_response_measurement_node_hq_t*, size_t&)[m[K’:
[01m[K/home/karim/mako_robot/mako_ws/src/lidar_ros2/sdk/src/rplidar_driver.cpp:1207:32:[m[K [01;35m[Kwarning: [m[Kcomparison of integer expressions of different signedness: ‘[01m[Kint[m[K’ and ‘[01m[Kunsigned int[m[K’ [[01;35m[K-Wsign-compare[m[K]
 1207 |             if (([01;35m[Kdist_predict1 == 0xFFFFFE00[m[K) || (dist_predict1 == 0x1FF)) {
      |                  [01;35m[K~~~~~~~~~~~~~~^~~~~~~~~~~~~[m[K
[01m[K/home/karim/mako_robot/mako_ws/src/lidar_ros2/sdk/src/rplidar_driver.cpp:1215:32:[m[K [01;35m[Kwarning: [m[Kcomparison of integer expressions of different signedness: ‘[01m[Kint[m[K’ and ‘[01m[Kunsigned int[m[K’ [[01;35m[K-Wsign-compare[m[K]
 1215 |             if (([01;35m[Kdist_predict2 == 0xFFFFFE00[m[K) || (dist_predict2 == 0x1FF)) {
      |                  [01;35m[K~~~~~~~~~~~~~~^~~~~~~~~~~~~[m[K
[01m[K/home/karim/mako_robot/mako_ws/src/lidar_ros2/sdk/src/arch/linux/net_serial.cpp:[m[K In member function ‘[01m[Kbool rp::arch::net::raw_serial::open(const char*, uint32_t, uint32_t)[m[K’:
[01m[K/home/karim/mako_robot/mako_ws/src/lidar_ros2/sdk/src/arch/linux/net_serial.cpp:97:74:[m[K [01;35m[Kwarning: [m[Kunused parameter ‘[01m[Kflags[m[K’ [[01;35m[K-Wunused-parameter[m[K]
   97 | bool raw_serial::open(const char * portname, uint32_t baudrate, [01;35m[Kuint32_t flags[m[K)
      |                                                                 [01;35m[K~~~~~~~~~^~~~~[m[K
[01m[K/home/karim/mako_robot/mako_ws/src/lidar_ros2/sdk/src/rplidar_driver.cpp:[m[K In member function ‘[01m[Kvirtual u_result rp::standalone::rplidar::RPlidarDriverImplCommon::getAllSupportedScanModes(std::vector<rp::standalone::rplidar::RplidarScanMode>&, _u32)[m[K’:
[01m[K/home/karim/mako_robot/mako_ws/src/lidar_ros2/sdk/src/rplidar_driver.cpp:1453:105:[m[K [01;35m[Kwarning: [m[Kunused parameter ‘[01m[KtimeoutInMs[m[K’ [[01;35m[K-Wunused-parameter[m[K]
 1453 | u_result RPlidarDriverImplCommon::getAllSupportedScanModes(std::vector<RplidarScanMode>& outModes, [01;35m[K_u32 timeoutInMs[m[K)
      |                                                                                                    [01;35m[K~~~~~^~~~~~~~~~~[m[K
[01m[K/home/karim/mako_robot/mako_ws/src/lidar_ros2/sdk/src/rplidar_driver.cpp:[m[K In member function ‘[01m[Kvirtual u_result rp::standalone::rplidar::RPlidarDriverImplCommon::startScan(bool, bool, _u32, rp::standalone::rplidar::RplidarScanMode*)[m[K’:
[01m[K/home/karim/mako_robot/mako_ws/src/lidar_ros2/sdk/src/rplidar_driver.cpp:1550:83:[m[K [01;35m[Kwarning: [m[Kunused parameter ‘[01m[Koptions[m[K’ [[01;35m[K-Wunused-parameter[m[K]
 1550 | u_result RPlidarDriverImplCommon::startScan(bool force, bool useTypicalScan, [01;35m[K_u32 options[m[K, RplidarScanMode* outUsedScanMode)
      |                                                                              [01;35m[K~~~~~^~~~~~~[m[K
[01m[K/home/karim/mako_robot/mako_ws/src/lidar_ros2/sdk/src/arch/linux/net_serial.cpp:[m[K In member function ‘[01m[Kvirtual void rp::arch::net::raw_serial::flush(_u32)[m[K’:
[01m[K/home/karim/mako_robot/mako_ws/src/lidar_ros2/sdk/src/arch/linux/net_serial.cpp:281:30:[m[K [01;35m[Kwarning: [m[Kunused parameter ‘[01m[Kflags[m[K’ [[01;35m[K-Wunused-parameter[m[K]
  281 | void raw_serial::flush( [01;35m[K_u32 flags[m[K)
      |                         [01;35m[K~~~~~^~~~~[m[K
[01m[K/home/karim/mako_robot/mako_ws/src/lidar_ros2/sdk/src/arch/linux/net_serial.cpp:[m[K In member function ‘[01m[Kvirtual int rp::arch::net::raw_serial::waitforsent(_u32, size_t*)[m[K’:
[01m[K/home/karim/mako_robot/mako_ws/src/lidar_ros2/sdk/src/arch/linux/net_serial.cpp:286:34:[m[K [01;35m[Kwarning: [m[Kunused parameter ‘[01m[Ktimeout[m[K’ [[01;35m[K-Wunused-parameter[m[K]
  286 | int raw_serial::waitforsent([01;35m[K_u32 timeout[m[K, size_t * returned_size)
      |                             [01;35m[K~~~~~^~~~~~~[m[K
[01m[K/home/karim/mako_robot/mako_ws/src/lidar_ros2/sdk/src/rplidar_driver.cpp:[m[K In member function ‘[01m[Kvirtual u_result rp::standalone::rplidar::RPlidarDriverImplCommon::stop(_u32)[m[K’:
[01m[K/home/karim/mako_robot/mako_ws/src/lidar_ros2/sdk/src/rplidar_driver.cpp:1774:45:[m[K [01;35m[Kwarning: [m[Kunused parameter ‘[01m[Ktimeout[m[K’ [[01;35m[K-Wunused-parameter[m[K]
 1774 | u_result RPlidarDriverImplCommon::stop([01;35m[K_u32 timeout[m[K)
      |                                        [01;35m[K~~~~~^~~~~~~[m[K
[01m[K/home/karim/mako_robot/mako_ws/src/lidar_ros2/sdk/src/arch/linux/net_serial.cpp:[m[K In member function ‘[01m[Kvirtual int rp::arch::net::raw_serial::waitforrecv(_u32, size_t*)[m[K’:
[01m[K/home/karim/mako_robot/mako_ws/src/lidar_ros2/sdk/src/arch/linux/net_serial.cpp:292:34:[m[K [01;35m[Kwarning: [m[Kunused parameter ‘[01m[Ktimeout[m[K’ [[01;35m[K-Wunused-parameter[m[K]
  292 | int raw_serial::waitforrecv([01;35m[K_u32 timeout[m[K, size_t * returned_size)
      |                             [01;35m[K~~~~~^~~~~~~[m[K
[01m[K/home/karim/mako_robot/mako_ws/src/lidar_ros2/sdk/src/rplidar_driver.cpp:[m[K In member function ‘[01m[Kvirtual u_result rp::standalone::rplidar::RPlidarDriverImplCommon::setLidarSpinSpeed(_u16, _u32)[m[K’:
[01m[K/home/karim/mako_robot/mako_ws/src/lidar_ros2/sdk/src/rplidar_driver.cpp:2162:68:[m[K [01;35m[Kwarning: [m[Kunused parameter ‘[01m[Ktimeout[m[K’ [[01;35m[K-Wunused-parameter[m[K]
 2162 | u_result RPlidarDriverImplCommon::setLidarSpinSpeed(_u16 rpm, [01;35m[K_u32 timeout[m[K)
      |                                                               [01;35m[K~~~~~^~~~~~~[m[K
[01m[K/home/karim/mako_robot/mako_ws/src/lidar_ros2/sdk/src/rplidar_driver.cpp:[m[K In member function ‘[01m[Kvirtual u_result rp::standalone::rplidar::RPlidarDriverSerial::connect(const char*, _u32, _u32)[m[K’:
[01m[K/home/karim/mako_robot/mako_ws/src/lidar_ros2/sdk/src/rplidar_driver.cpp:2240:83:[m[K [01;35m[Kwarning: [m[Kunused parameter ‘[01m[Kflag[m[K’ [[01;35m[K-Wunused-parameter[m[K]
 2240 | u_result RPlidarDriverSerial::connect(const char * port_path, _u32 baudrate, [01;35m[K_u32 flag[m[K)
      |                                                                              [01;35m[K~~~~~^~~~[m[K
[01m[K/home/karim/mako_robot/mako_ws/src/lidar_ros2/sdk/src/rplidar_driver.cpp:[m[K In member function ‘[01m[Kvirtual u_result rp::standalone::rplidar::RPlidarDriverTCP::connect(const char*, _u32, _u32)[m[K’:
[01m[K/home/karim/mako_robot/mako_ws/src/lidar_ros2/sdk/src/rplidar_driver.cpp:2282:72:[m[K [01;35m[Kwarning: [m[Kunused parameter ‘[01m[Kflag[m[K’ [[01;35m[K-Wunused-parameter[m[K]
 2282 | u_result RPlidarDriverTCP::connect(const char * ipStr, _u32 port, [01;35m[K_u32 flag[m[K)
      |                                                                   [01;35m[K~~~~~^~~~[m[K
In file included from [01m[K/home/karim/mako_robot/mako_ws/src/lidar_ros2/./sdk/include/rplidar.h:39[m[K,
                 from [01m[K/home/karim/mako_robot/mako_ws/src/lidar_ros2/./sdk/src/sdkcommon.h:48[m[K,
                 from [01m[K/home/karim/mako_robot/mako_ws/src/lidar_ros2/sdk/src/arch/linux/net_socket.cpp:10[m[K:
[01m[K/home/karim/mako_robot/mako_ws/src/lidar_ros2/./sdk/include/rplidar_protocol.h:59:14:[m[K [01;35m[Kwarning: [m[KISO C++ forbids zero-size array ‘[01m[Kdata[m[K’ [[01;35m[K-Wpedantic[m[K]
   59 |     _u8 data[[01;35m[K0[m[K];
      |              [01;35m[K^[m[K
In file included from [01m[K/home/karim/mako_robot/mako_ws/src/lidar_ros2/./sdk/include/rplidar.h:40[m[K,
                 from [01m[K/home/karim/mako_robot/mako_ws/src/lidar_ros2/./sdk/src/sdkcommon.h:48[m[K,
                 from [01m[K/home/karim/mako_robot/mako_ws/src/lidar_ros2/sdk/src/arch/linux/net_socket.cpp:10[m[K:
[01m[K/home/karim/mako_robot/mako_ws/src/lidar_ros2/./sdk/include/rplidar_cmd.h:260:18:[m[K [01;35m[Kwarning: [m[KISO C++ forbids zero-size array ‘[01m[Kpayload[m[K’ [[01;35m[K-Wpedantic[m[K]
  260 |     _u8  payload[[01;35m[K0[m[K];
      |                  [01;35m[K^[m[K
[01m[K/home/karim/mako_robot/mako_ws/src/lidar_ros2/sdk/src/arch/linux/net_socket.cpp:[m[K In member function ‘[01m[Kvirtual u_result rp::net::SocketAddress::getAddressAsString(char*, size_t) const[m[K’:
[01m[K/home/karim/mako_robot/mako_ws/src/lidar_ros2/sdk/src/arch/linux/net_socket.cpp:170:17:[m[K [01;35m[Kwarning: [m[Kordered comparison of pointer with integer zero [[01;35m[K-Wextra[m[K]
  170 |     return ans<=[01;35m[K0[m[K?RESULT_OPERATION_FAIL:RESULT_OK;
      |                 [01;35m[K^[m[K
[01m[K/home/karim/mako_robot/mako_ws/src/lidar_ros2/sdk/src/arch/linux/net_socket.cpp:[m[K In member function ‘[01m[Kvirtual u_result rp::arch::net::StreamSocketImpl::send(const void*, size_t)[m[K’:
[01m[K/home/karim/mako_robot/mako_ws/src/lidar_ros2/sdk/src/arch/linux/net_socket.cpp:438:17:[m[K [01;35m[Kwarning: [m[Kcomparison of integer expressions of different signedness: ‘[01m[Ksize_t[m[K’ {aka ‘[01m[Klong unsigned int[m[K’} and ‘[01m[Kint[m[K’ [[01;35m[K-Wsign-compare[m[K]
  438 |         if ([01;35m[Kans == (int)len[m[K) {
      |             [01;35m[K~~~~^~~~~~~~~~~[m[K
In file included from [01m[K/home/karim/mako_robot/mako_ws/src/lidar_ros2/./sdk/src/arch/linux/arch_linux.h:42[m[K,
                 from [01m[K/home/karim/mako_robot/mako_ws/src/lidar_ros2/./sdk/src/sdkcommon.h:40[m[K,
                 from [01m[K/home/karim/mako_robot/mako_ws/src/lidar_ros2/sdk/src/arch/linux/net_socket.cpp:10[m[K:
[01m[K/home/karim/mako_robot/mako_ws/src/lidar_ros2/sdk/src/arch/linux/net_socket.cpp:[m[K In member function ‘[01m[Kvirtual u_result rp::arch::net::DGramSocketImpl::sendTo(const rp::net::SocketAddress&, const void*, size_t)[m[K’:
[01m[K/home/karim/mako_robot/mako_ws/src/lidar_ros2/sdk/src/arch/linux/net_socket.cpp:726:24:[m[K [01;35m[Kwarning: [m[Kcomparison of integer expressions of different signedness: ‘[01m[Ksize_t[m[K’ {aka ‘[01m[Klong unsigned int[m[K’} and ‘[01m[Kint[m[K’ [[01;35m[K-Wsign-compare[m[K]
  726 |             assert([01;35m[Kans == (int)len[m[K);
      |                    [01;35m[K~~~~^~~~~~~~~~~[m[K
[ 61%] [32mBuilding CXX object CMakeFiles/rplidar_composition_node.dir/sdk/src/arch/linux/timer.cpp.o[0m
In file included from [01m[K/home/karim/mako_robot/mako_ws/src/lidar_ros2/./sdk/include/rplidar.h:39[m[K,
                 from [01m[K/home/karim/mako_robot/mako_ws/src/lidar_ros2/include/rplidar_node.hpp:41[m[K,
                 from [01m[K/home/karim/mako_robot/mako_ws/src/lidar_ros2/src/rplidar_node.cpp:36[m[K:
[01m[K/home/karim/mako_robot/mako_ws/src/lidar_ros2/./sdk/include/rplidar_protocol.h:59:14:[m[K [01;35m[Kwarning: [m[KISO C++ forbids zero-size array ‘[01m[Kdata[m[K’ [[01;35m[K-Wpedantic[m[K]
   59 |     _u8 data[[01;35m[K0[m[K];
      |              [01;35m[K^[m[K
In file included from [01m[K/home/karim/mako_robot/mako_ws/src/lidar_ros2/./sdk/include/rplidar.h:40[m[K,
                 from [01m[K/home/karim/mako_robot/mako_ws/src/lidar_ros2/include/rplidar_node.hpp:41[m[K,
                 from [01m[K/home/karim/mako_robot/mako_ws/src/lidar_ros2/src/rplidar_node.cpp:36[m[K:
[01m[K/home/karim/mako_robot/mako_ws/src/lidar_ros2/./sdk/include/rplidar_cmd.h:260:18:[m[K [01;35m[Kwarning: [m[KISO C++ forbids zero-size array ‘[01m[Kpayload[m[K’ [[01;35m[K-Wpedantic[m[K]
  260 |     _u8  payload[[01;35m[K0[m[K];
      |                  [01;35m[K^[m[K
In file included from [01m[K/home/karim/mako_robot/mako_ws/src/lidar_ros2/./sdk/include/rplidar.h:39[m[K,
                 from [01m[K/home/karim/mako_robot/mako_ws/src/lidar_ros2/src/node.cpp:45[m[K:
[01m[K/home/karim/mako_robot/mako_ws/src/lidar_ros2/./sdk/include/rplidar_protocol.h:59:14:[m[K [01;35m[Kwarning: [m[KISO C++ forbids zero-size array ‘[01m[Kdata[m[K’ [[01;35m[K-Wpedantic[m[K]
   59 |     _u8 data[[01;35m[K0[m[K];
      |              [01;35m[K^[m[K
In file included from [01m[K/home/karim/mako_robot/mako_ws/src/lidar_ros2/./sdk/include/rplidar.h:40[m[K,
                 from [01m[K/home/karim/mako_robot/mako_ws/src/lidar_ros2/src/node.cpp:45[m[K:
[01m[K/home/karim/mako_robot/mako_ws/src/lidar_ros2/./sdk/include/rplidar_cmd.h:260:18:[m[K [01;35m[Kwarning: [m[KISO C++ forbids zero-size array ‘[01m[Kpayload[m[K’ [[01;35m[K-Wpedantic[m[K]
  260 |     _u8  payload[[01;35m[K0[m[K];
      |                  [01;35m[K^[m[K
[01m[K/home/karim/mako_robot/mako_ws/src/lidar_ros2/src/node.cpp:[m[K In function ‘[01m[Kbool stop_motor(std::shared_ptr<std_srvs::srv::Empty_Request_<std::allocator<void> > >, std::shared_ptr<std_srvs::srv::Empty_Response_<std::allocator<void> > >)[m[K’:
[01m[K/home/karim/mako_robot/mako_ws/src/lidar_ros2/src/node.cpp:166:70:[m[K [01;35m[Kwarning: [m[Kunused parameter ‘[01m[Kreq[m[K’ [[01;35m[K-Wunused-parameter[m[K]
  166 | bool stop_motor([01;35m[Kconst std::shared_ptr<std_srvs::srv::Empty::Request> req[m[K,
      |                 [01;35m[K~~~~~~~~~~~~~~~~~~~~~~~~~~~~~~~~~~~~~~~~~~~~~~~~~~~~~^~~[m[K
[01m[K/home/karim/mako_robot/mako_ws/src/lidar_ros2/src/node.cpp:167:65:[m[K [01;35m[Kwarning: [m[Kunused parameter ‘[01m[Kres[m[K’ [[01;35m[K-Wunused-parameter[m[K]
  167 |                 [01;35m[Kstd::shared_ptr<std_srvs::srv::Empty::Response> res[m[K)
      |                 [01;35m[K~~~~~~~~~~~~~~~~~~~~~~~~~~~~~~~~~~~~~~~~~~~~~~~~^~~[m[K
[01m[K/home/karim/mako_robot/mako_ws/src/lidar_ros2/src/node.cpp:[m[K In function ‘[01m[Kbool start_motor(std::shared_ptr<std_srvs::srv::Empty_Request_<std::allocator<void> > >, std::shared_ptr<std_srvs::srv::Empty_Response_<std::allocator<void> > >)[m[K’:
[01m[K/home/karim/mako_robot/mako_ws/src/lidar_ros2/src/node.cpp:178:71:[m[K [01;35m[Kwarning: [m[Kunused parameter ‘[01m[Kreq[m[K’ [[01;35m[K-Wunused-parameter[m[K]
  178 | bool start_motor([01;35m[Kconst std::shared_ptr<std_srvs::srv::Empty::Request> req[m[K,
      |                  [01;35m[K~~~~~~~~~~~~~~~~~~~~~~~~~~~~~~~~~~~~~~~~~~~~~~~~~~~~~^~~[m[K
[01m[K/home/karim/mako_robot/mako_ws/src/lidar_ros2/src/node.cpp:179:66:[m[K [01;35m[Kwarning: [m[Kunused parameter ‘[01m[Kres[m[K’ [[01;35m[K-Wunused-parameter[m[K]
  179 |                  [01;35m[Kstd::shared_ptr<std_srvs::srv::Empty::Response> res[m[K)
      |                  [01;35m[K~~~~~~~~~~~~~~~~~~~~~~~~~~~~~~~~~~~~~~~~~~~~~~~~^~~[m[K
[01m[K/home/karim/mako_robot/mako_ws/src/lidar_ros2/src/node.cpp:[m[K In function ‘[01m[Kint main(int, char**)[m[K’:
[01m[K/home/karim/mako_robot/mako_ws/src/lidar_ros2/src/node.cpp:356:60:[m[K [01;35m[Kwarning: [m[KISO C++ forbids variable length array ‘[01m[Kangle_compensate_nodes[m[K’ [[01;35m[K-Wvla[m[K]
  356 |                     rplidar_response_measurement_node_hq_t [01;35m[Kangle_compensate_nodes[m[K[angle_compensate_nodes_count];
      |                                                            [01;35m[K^~~~~~~~~~~~~~~~~~~~~~[m[K
[01m[K/home/karim/mako_robot/mako_ws/src/lidar_ros2/src/node.cpp:360:30:[m[K [01;35m[Kwarning: [m[Kcomparison of integer expressions of different signedness: ‘[01m[Kint[m[K’ and ‘[01m[Ksize_t[m[K’ {aka ‘[01m[Klong unsigned int[m[K’} [[01;35m[K-Wsign-compare[m[K]
  360 |                     for( ; [01;35m[Ki < count[m[K; i++ ) {
      |                            [01;35m[K~~^~~~~~~[m[K
[01m[K/home/karim/mako_robot/mako_ws/src/lidar_ros2/src/rplidar_node.cpp:[m[K In member function ‘[01m[Kvoid rplidar_ros::rplidar_node::stop_motor({anonymous}::EmptyRequest, {anonymous}::EmptyResponse)[m[K’:
[01m[K/home/karim/mako_robot/mako_ws/src/lidar_ros2/src/rplidar_node.cpp:245:50:[m[K [01;35m[Kwarning: [m[Kunused parameter ‘[01m[Kreq[m[K’ [[01;35m[K-Wunused-parameter[m[K]
  245 | void rplidar_node::stop_motor([01;35m[Kconst EmptyRequest req[m[K, EmptyResponse res)
      |                               [01;35m[K~~~~~~~~~~~~~~~~~~~^~~[m[K
[01m[K/home/karim/mako_robot/mako_ws/src/lidar_ros2/src/rplidar_node.cpp:245:69:[m[K [01;35m[Kwarning: [m[Kunused parameter ‘[01m[Kres[m[K’ [[01;35m[K-Wunused-parameter[m[K]
  245 | void rplidar_node::stop_motor(const EmptyRequest req, [01;35m[KEmptyResponse res[m[K)
      |                                                       [01;35m[K~~~~~~~~~~~~~~^~~[m[K
[01m[K/home/karim/mako_robot/mako_ws/src/lidar_ros2/src/rplidar_node.cpp:[m[K In member function ‘[01m[Kvoid rplidar_ros::rplidar_node::start_motor({anonymous}::EmptyRequest, {anonymous}::EmptyResponse)[m[K’:
[01m[K/home/karim/mako_robot/mako_ws/src/lidar_ros2/src/rplidar_node.cpp:256:51:[m[K [01;35m[Kwarning: [m[Kunused parameter ‘[01m[Kreq[m[K’ [[01;35m[K-Wunused-parameter[m[K]
  256 | void rplidar_node::start_motor([01;35m[Kconst EmptyRequest req[m[K, EmptyResponse res)
      |                                [01;35m[K~~~~~~~~~~~~~~~~~~~^~~[m[K
[01m[K/home/karim/mako_robot/mako_ws/src/lidar_ros2/src/rplidar_node.cpp:256:70:[m[K [01;35m[Kwarning: [m[Kunused parameter ‘[01m[Kres[m[K’ [[01;35m[K-Wunused-parameter[m[K]
  256 | void rplidar_node::start_motor(const EmptyRequest req, [01;35m[KEmptyResponse res[m[K)
      |                                                        [01;35m[K~~~~~~~~~~~~~~^~~[m[K
[01m[K/home/karim/mako_robot/mako_ws/src/lidar_ros2/src/rplidar_node.cpp:[m[K In member function ‘[01m[Kvoid rplidar_ros::rplidar_node::publish_loop()[m[K’:
[01m[K/home/karim/mako_robot/mako_ws/src/lidar_ros2/src/rplidar_node.cpp:343:46:[m[K [01;35m[Kwarning: [m[KISO C++ forbids variable length array ‘[01m[Kangle_compensate_nodes[m[K’ [[01;35m[K-Wvla[m[K]
  343 |       rplidar_response_measurement_node_hq_t [01;35m[Kangle_compensate_nodes[m[K[angle_compensate_nodes_count];
      |                                              [01;35m[K^~~~~~~~~~~~~~~~~~~~~~[m[K
[01m[K/home/karim/mako_robot/mako_ws/src/lidar_ros2/src/rplidar_node.cpp:353:25:[m[K [01;35m[Kwarning: [m[Kcomparison of integer expressions of different signedness: ‘[01m[Ksize_t[m[K’ {aka ‘[01m[Klong unsigned int[m[K’} and ‘[01m[Kint[m[K’ [[01;35m[K-Wsign-compare[m[K]
  353 |           for (j = 0; [01;35m[Kj < m_angle_compensate_multiple[m[K; j++) {
      |                       [01;35m[K~~^~~~~~~~~~~~~~~~~~~~~~~~~~~~~[m[K
[01m[K/home/karim/mako_robot/mako_ws/src/lidar_ros2/src/rplidar_node.cpp:374:44:[m[K [01;35m[Kwarning: [m[Kcomparison of integer expressions of different signedness: ‘[01m[Ksize_t[m[K’ {aka ‘[01m[Klong unsigned int[m[K’} and ‘[01m[Kint[m[K’ [[01;35m[K-Wsign-compare[m[K]
  374 |       for (size_t x = start_node, y = 0; [01;35m[Kx < end_node[m[K; ++x, ++y) {
      |                                          [01;35m[K~~^~~~~~~~~~[m[K
[01m[K/home/karim/mako_robot/mako_ws/src/lidar_ros2/src/rplidar_node.cpp:381:11:[m[K [01;35m[Kwarning: [m[Kunused variable ‘[01m[Kangle_min[m[K’ [[01;35m[K-Wunused-variable[m[K]
  381 |     float [01;35m[Kangle_min[m[K = deg_2_rad(0.0f);
      |           [01;35m[K^~~~~~~~~[m[K
[01m[K/home/karim/mako_robot/mako_ws/src/lidar_ros2/src/rplidar_node.cpp:382:11:[m[K [01;35m[Kwarning: [m[Kunused variable ‘[01m[Kangle_max[m[K’ [[01;35m[K-Wunused-variable[m[K]
  382 |     float [01;35m[Kangle_max[m[K = deg_2_rad(359.0f);
      |           [01;35m[K^~~~~~~~~[m[K
[ 66%] [32mBuilding CXX object CMakeFiles/rplidar_composition_node.dir/sdk/src/hal/thread.cpp.o[0m
[ 72%] [32mBuilding CXX object CMakeFiles/rplidar_composition_node.dir/sdk/src/rplidar_driver.cpp.o[0m
In file included from [01m[K/home/karim/mako_robot/mako_ws/src/lidar_ros2/./sdk/include/rplidar.h:39[m[K,
                 from [01m[K/home/karim/mako_robot/mako_ws/src/lidar_ros2/./sdk/src/sdkcommon.h:48[m[K,
                 from [01m[K/home/karim/mako_robot/mako_ws/src/lidar_ros2/sdk/src/hal/thread.cpp:35[m[K:
[01m[K/home/karim/mako_robot/mako_ws/src/lidar_ros2/./sdk/include/rplidar_protocol.h:59:14:[m[K [01;35m[Kwarning: [m[KISO C++ forbids zero-size array ‘[01m[Kdata[m[K’ [[01;35m[K-Wpedantic[m[K]
   59 |     _u8 data[[01;35m[K0[m[K];
      |              [01;35m[K^[m[K
In file included from [01m[K/home/karim/mako_robot/mako_ws/src/lidar_ros2/./sdk/include/rplidar.h:40[m[K,
                 from [01m[K/home/karim/mako_robot/mako_ws/src/lidar_ros2/./sdk/src/sdkcommon.h:48[m[K,
                 from [01m[K/home/karim/mako_robot/mako_ws/src/lidar_ros2/sdk/src/hal/thread.cpp:35[m[K:
[01m[K/home/karim/mako_robot/mako_ws/src/lidar_ros2/./sdk/include/rplidar_cmd.h:260:18:[m[K [01;35m[Kwarning: [m[KISO C++ forbids zero-size array ‘[01m[Kpayload[m[K’ [[01;35m[K-Wpedantic[m[K]
  260 |     _u8  payload[[01;35m[K0[m[K];
      |                  [01;35m[K^[m[K
In file included from [01m[K/home/karim/mako_robot/mako_ws/src/lidar_ros2/sdk/src/hal/thread.cpp:43[m[K:
[01m[K/home/karim/mako_robot/mako_ws/src/lidar_ros2/./sdk/src/arch/linux/thread.hpp:[m[K In static member function ‘[01m[Kstatic rp::hal::Thread rp::hal::Thread::create(thread_proc_t, void*)[m[K’:
[01m[K/home/karim/mako_robot/mako_ws/src/lidar_ros2/./sdk/src/arch/linux/thread.hpp:48:77:[m[K [01;35m[Kwarning: [m[Kcast between incompatible function types from ‘[01m[Kthread_proc_t[m[K’ {aka ‘[01m[Klong unsigned int (*)(void*)[m[K’} to ‘[01m[Kvoid* (*)(void*)[m[K’ [[01;35m[K-Wcast-function-type[m[K]
   48 |     pthread_create((pthread_t *)&newborn._handle, NULL, (void * (*)(void *))[01;35m[Kproc[m[K, data);
      |                                                                             [01;35m[K^~~~[m[K
[01m[K/home/karim/mako_robot/mako_ws/src/lidar_ros2/./sdk/src/arch/linux/thread.hpp:[m[K In member function ‘[01m[Ku_result rp::hal::Thread::join(long unsigned int)[m[K’:
[01m[K/home/karim/mako_robot/mako_ws/src/lidar_ros2/./sdk/src/arch/linux/thread.hpp:129:37:[m[K [01;35m[Kwarning: [m[Kunused parameter ‘[01m[Ktimeout[m[K’ [[01;35m[K-Wunused-parameter[m[K]
  129 | u_result Thread::join([01;35m[Kunsigned long timeout[m[K)
      |                       [01;35m[K~~~~~~~~~~~~~~^~~~~~~[m[K
In file included from [01m[K/home/karim/mako_robot/mako_ws/src/lidar_ros2/./sdk/include/rplidar.h:39[m[K,
                 from [01m[K/home/karim/mako_robot/mako_ws/src/lidar_ros2/sdk/src/sdkcommon.h:48[m[K,
                 from [01m[K/home/karim/mako_robot/mako_ws/src/lidar_ros2/sdk/src/rplidar_driver.cpp:35[m[K:
[01m[K/home/karim/mako_robot/mako_ws/src/lidar_ros2/./sdk/include/rplidar_protocol.h:59:14:[m[K [01;35m[Kwarning: [m[KISO C++ forbids zero-size array ‘[01m[Kdata[m[K’ [[01;35m[K-Wpedantic[m[K]
   59 |     _u8 data[[01;35m[K0[m[K];
      |              [01;35m[K^[m[K
In file included from [01m[K/home/karim/mako_robot/mako_ws/src/lidar_ros2/./sdk/include/rplidar.h:40[m[K,
                 from [01m[K/home/karim/mako_robot/mako_ws/src/lidar_ros2/sdk/src/sdkcommon.h:48[m[K,
                 from [01m[K/home/karim/mako_robot/mako_ws/src/lidar_ros2/sdk/src/rplidar_driver.cpp:35[m[K:
[01m[K/home/karim/mako_robot/mako_ws/src/lidar_ros2/./sdk/include/rplidar_cmd.h:260:18:[m[K [01;35m[Kwarning: [m[KISO C++ forbids zero-size array ‘[01m[Kpayload[m[K’ [[01;35m[K-Wpedantic[m[K]
  260 |     _u8  payload[[01;35m[K0[m[K];
      |                  [01;35m[K^[m[K
[01m[K/home/karim/mako_robot/mako_ws/src/lidar_ros2/sdk/src/rplidar_driver.cpp:[m[K In member function ‘[01m[Kvirtual u_result rp::standalone::rplidar::RPlidarDriverImplCommon::reset(_u32)[m[K’:
[01m[K/home/karim/mako_robot/mako_ws/src/lidar_ros2/sdk/src/rplidar_driver.cpp:121:46:[m[K [01;35m[Kwarning: [m[Kunused parameter ‘[01m[Ktimeout[m[K’ [[01;35m[K-Wunused-parameter[m[K]
  121 | u_result RPlidarDriverImplCommon::reset([01;35m[K_u32 timeout[m[K)
      |                                         [01;35m[K~~~~~^~~~~~~[m[K
[01m[K/home/karim/mako_robot/mako_ws/src/lidar_ros2/sdk/src/rplidar_driver.cpp:[m[K In member function ‘[01m[Kvirtual u_result rp::standalone::rplidar::RPlidarDriverImplCommon::checkIfTofLidar(bool&, _u32)[m[K’:
[01m[K/home/karim/mako_robot/mako_ws/src/lidar_ros2/sdk/src/rplidar_driver.cpp:274:75:[m[K [01;35m[Kwarning: [m[Kunused parameter ‘[01m[Ktimeout[m[K’ [[01;35m[K-Wunused-parameter[m[K]
  274 | u_result RPlidarDriverImplCommon::checkIfTofLidar(bool & isTofLidar, [01;35m[K_u32 timeout[m[K)
      |                                                                      [01;35m[K~~~~~^~~~~~~[m[K
[01m[K/home/karim/mako_robot/mako_ws/src/lidar_ros2/sdk/src/rplidar_driver.cpp:[m[K In member function ‘[01m[Kvirtual void rp::standalone::rplidar::RPlidarDriverImplCommon::_dense_capsuleToNormal(const rplidar_response_capsule_measurement_nodes_t&, rplidar_response_measurement_node_hq_t*, size_t&)[m[K’:
[01m[K/home/karim/mako_robot/mako_ws/src/lidar_ros2/sdk/src/rplidar_driver.cpp:872:108:[m[K [01;35m[Kwarning: [m[Ktype qualifiers ignored on cast result type [[01;35m[K-Wignored-qualifiers[m[K]
  872 |             const int dist = static_cast<const int>(_cached_previous_dense_capsuledata.cabins[pos].distance[01;35m[K)[m[K;
      |                                                                                                            [01;35m[K^[m[K
[01m[K/home/karim/mako_robot/mako_ws/src/lidar_ros2/sdk/src/rplidar_driver.cpp:[m[K In function ‘[01m[K_u32 rp::standalone::rplidar::_crc32cal(_u32, void*, _u16)[m[K’:
[01m[K/home/karim/mako_robot/mako_ws/src/lidar_ros2/sdk/src/rplidar_driver.cpp:996:23:[m[K [01;35m[Kwarning: [m[Ksuggest parentheses around ‘[01m[K-[m[K’ in operand of ‘[01m[K&[m[K’ [[01;35m[K-Wparentheses[m[K]
  996 |     _u8 leftBytes = [01;35m[K4 - len[m[K & 0x3;
      |                     [01;35m[K~~^~~~~[m[K
[01m[K/home/karim/mako_robot/mako_ws/src/lidar_ros2/sdk/src/rplidar_driver.cpp:[m[K In member function ‘[01m[Kvirtual void rp::standalone::rplidar::RPlidarDriverImplCommon::_ultraCapsuleToNormal(const rplidar_response_ultra_capsule_measurement_nodes_t&, rplidar_response_measurement_node_hq_t*, size_t&)[m[K’:
[01m[K/home/karim/mako_robot/mako_ws/src/lidar_ros2/sdk/src/rplidar_driver.cpp:1207:32:[m[K [01;35m[Kwarning: [m[Kcomparison of integer expressions of different signedness: ‘[01m[Kint[m[K’ and ‘[01m[Kunsigned int[m[K’ [[01;35m[K-Wsign-compare[m[K]
 1207 |             if (([01;35m[Kdist_predict1 == 0xFFFFFE00[m[K) || (dist_predict1 == 0x1FF)) {
      |                  [01;35m[K~~~~~~~~~~~~~~^~~~~~~~~~~~~[m[K
[01m[K/home/karim/mako_robot/mako_ws/src/lidar_ros2/sdk/src/rplidar_driver.cpp:1215:32:[m[K [01;35m[Kwarning: [m[Kcomparison of integer expressions of different signedness: ‘[01m[Kint[m[K’ and ‘[01m[Kunsigned int[m[K’ [[01;35m[K-Wsign-compare[m[K]
 1215 |             if (([01;35m[Kdist_predict2 == 0xFFFFFE00[m[K) || (dist_predict2 == 0x1FF)) {
      |                  [01;35m[K~~~~~~~~~~~~~~^~~~~~~~~~~~~[m[K
[01m[K/home/karim/mako_robot/mako_ws/src/lidar_ros2/sdk/src/rplidar_driver.cpp:[m[K In member function ‘[01m[Kvirtual u_result rp::standalone::rplidar::RPlidarDriverImplCommon::getAllSupportedScanModes(std::vector<rp::standalone::rplidar::RplidarScanMode>&, _u32)[m[K’:
[01m[K/home/karim/mako_robot/mako_ws/src/lidar_ros2/sdk/src/rplidar_driver.cpp:1453:105:[m[K [01;35m[Kwarning: [m[Kunused parameter ‘[01m[KtimeoutInMs[m[K’ [[01;35m[K-Wunused-parameter[m[K]
 1453 | u_result RPlidarDriverImplCommon::getAllSupportedScanModes(std::vector<RplidarScanMode>& outModes, [01;35m[K_u32 timeoutInMs[m[K)
      |                                                                                                    [01;35m[K~~~~~^~~~~~~~~~~[m[K
[01m[K/home/karim/mako_robot/mako_ws/src/lidar_ros2/sdk/src/rplidar_driver.cpp:[m[K In member function ‘[01m[Kvirtual u_result rp::standalone::rplidar::RPlidarDriverImplCommon::startScan(bool, bool, _u32, rp::standalone::rplidar::RplidarScanMode*)[m[K’:
[01m[K/home/karim/mako_robot/mako_ws/src/lidar_ros2/sdk/src/rplidar_driver.cpp:1550:83:[m[K [01;35m[Kwarning: [m[Kunused parameter ‘[01m[Koptions[m[K’ [[01;35m[K-Wunused-parameter[m[K]
 1550 | u_result RPlidarDriverImplCommon::startScan(bool force, bool useTypicalScan, [01;35m[K_u32 options[m[K, RplidarScanMode* outUsedScanMode)
      |                                                                              [01;35m[K~~~~~^~~~~~~[m[K
[01m[K/home/karim/mako_robot/mako_ws/src/lidar_ros2/sdk/src/rplidar_driver.cpp:[m[K In member function ‘[01m[Kvirtual u_result rp::standalone::rplidar::RPlidarDriverImplCommon::stop(_u32)[m[K’:
[01m[K/home/karim/mako_robot/mako_ws/src/lidar_ros2/sdk/src/rplidar_driver.cpp:1774:45:[m[K [01;35m[Kwarning: [m[Kunused parameter ‘[01m[Ktimeout[m[K’ [[01;35m[K-Wunused-parameter[m[K]
 1774 | u_result RPlidarDriverImplCommon::stop([01;35m[K_u32 timeout[m[K)
      |                                        [01;35m[K~~~~~^~~~~~~[m[K
[01m[K/home/karim/mako_robot/mako_ws/src/lidar_ros2/sdk/src/rplidar_driver.cpp:[m[K In member function ‘[01m[Kvirtual u_result rp::standalone::rplidar::RPlidarDriverImplCommon::setLidarSpinSpeed(_u16, _u32)[m[K’:
[01m[K/home/karim/mako_robot/mako_ws/src/lidar_ros2/sdk/src/rplidar_driver.cpp:2162:68:[m[K [01;35m[Kwarning: [m[Kunused parameter ‘[01m[Ktimeout[m[K’ [[01;35m[K-Wunused-parameter[m[K]
 2162 | u_result RPlidarDriverImplCommon::setLidarSpinSpeed(_u16 rpm, [01;35m[K_u32 timeout[m[K)
      |                                                               [01;35m[K~~~~~^~~~~~~[m[K
[01m[K/home/karim/mako_robot/mako_ws/src/lidar_ros2/sdk/src/rplidar_driver.cpp:[m[K In member function ‘[01m[Kvirtual u_result rp::standalone::rplidar::RPlidarDriverSerial::connect(const char*, _u32, _u32)[m[K’:
[01m[K/home/karim/mako_robot/mako_ws/src/lidar_ros2/sdk/src/rplidar_driver.cpp:2240:83:[m[K [01;35m[Kwarning: [m[Kunused parameter ‘[01m[Kflag[m[K’ [[01;35m[K-Wunused-parameter[m[K]
 2240 | u_result RPlidarDriverSerial::connect(const char * port_path, _u32 baudrate, [01;35m[K_u32 flag[m[K)
      |                                                                              [01;35m[K~~~~~^~~~[m[K
[01m[K/home/karim/mako_robot/mako_ws/src/lidar_ros2/sdk/src/rplidar_driver.cpp:[m[K In member function ‘[01m[Kvirtual u_result rp::standalone::rplidar::RPlidarDriverTCP::connect(const char*, _u32, _u32)[m[K’:
[01m[K/home/karim/mako_robot/mako_ws/src/lidar_ros2/sdk/src/rplidar_driver.cpp:2282:72:[m[K [01;35m[Kwarning: [m[Kunused parameter ‘[01m[Kflag[m[K’ [[01;35m[K-Wunused-parameter[m[K]
 2282 | u_result RPlidarDriverTCP::connect(const char * ipStr, _u32 port, [01;35m[K_u32 flag[m[K)
      |                                                                   [01;35m[K~~~~~^~~~[m[K
[ 77%] [32m[1mLinking CXX executable rplidarNode[0m
[ 77%] Built target rplidarNode
[ 83%] [32m[1mLinking CXX shared library librplidar_composition_node.so[0m
[ 83%] Built target rplidar_composition_node
[35m[1mScanning dependencies of target rplidar_composition[0m
[ 88%] [32mBuilding CXX object CMakeFiles/rplidar_composition.dir/src/standalone_rplidar.cpp.o[0m
In file included from [01m[K/home/karim/mako_robot/mako_ws/src/lidar_ros2/src/standalone_rplidar.cpp:16[m[K:
[01m[K/home/karim/mako_robot/mako_ws/src/lidar_ros2/include/rplidar_node.hpp:50:[m[K [01;35m[Kwarning: [m[K"M_PI" redefined
   50 | #define M_PI 3.1415926535897932384626433832795
      | 
In file included from [01m[K/usr/include/c++/9/cmath:45[m[K,
                 from [01m[K/opt/ros/foxy/include/libstatistics_collector/moving_average_statistics/types.hpp:18[m[K,
                 from [01m[K/opt/ros/foxy/include/libstatistics_collector/collector/generate_statistics_message.hpp:24[m[K,
                 from [01m[K/opt/ros/foxy/include/rclcpp/topic_statistics/subscription_topic_statistics.hpp:23[m[K,
                 from [01m[K/opt/ros/foxy/include/rclcpp/subscription.hpp:50[m[K,
                 from [01m[K/opt/ros/foxy/include/rclcpp/any_executable.hpp:25[m[K,
                 from [01m[K/opt/ros/foxy/include/rclcpp/memory_strategy.hpp:24[m[K,
                 from [01m[K/opt/ros/foxy/include/rclcpp/memory_strategies.hpp:18[m[K,
                 from [01m[K/opt/ros/foxy/include/rclcpp/executor_options.hpp:20[m[K,
                 from [01m[K/opt/ros/foxy/include/rclcpp/executor.hpp:33[m[K,
                 from [01m[K/opt/ros/foxy/include/rclcpp/executors/multi_threaded_executor.hpp:25[m[K,
                 from [01m[K/opt/ros/foxy/include/rclcpp/executors.hpp:21[m[K,
                 from [01m[K/opt/ros/foxy/include/rclcpp/rclcpp.hpp:146[m[K,
                 from [01m[K/home/karim/mako_robot/mako_ws/src/lidar_ros2/include/rplidar_node.hpp:34[m[K,
                 from [01m[K/home/karim/mako_robot/mako_ws/src/lidar_ros2/src/standalone_rplidar.cpp:16[m[K:
[01m[K/usr/include/math.h:1070:[m[K [01;36m[Knote: [m[Kthis is the location of the previous definition
 1070 | # define M_PI  3.14159265358979323846 /* pi */
      | 
[ 94%] [32m[1mLinking CXX executable rplidarNodeClient[0m
[ 94%] Built target rplidarNodeClient
In file included from [01m[K/home/karim/mako_robot/mako_ws/src/lidar_ros2/./sdk/include/rplidar.h:39[m[K,
                 from [01m[K/home/karim/mako_robot/mako_ws/src/lidar_ros2/include/rplidar_node.hpp:41[m[K,
                 from [01m[K/home/karim/mako_robot/mako_ws/src/lidar_ros2/src/standalone_rplidar.cpp:16[m[K:
[01m[K/home/karim/mako_robot/mako_ws/src/lidar_ros2/./sdk/include/rplidar_protocol.h:59:14:[m[K [01;35m[Kwarning: [m[KISO C++ forbids zero-size array ‘[01m[Kdata[m[K’ [[01;35m[K-Wpedantic[m[K]
   59 |     _u8 data[[01;35m[K0[m[K];
      |              [01;35m[K^[m[K
In file included from [01m[K/home/karim/mako_robot/mako_ws/src/lidar_ros2/./sdk/include/rplidar.h:40[m[K,
                 from [01m[K/home/karim/mako_robot/mako_ws/src/lidar_ros2/include/rplidar_node.hpp:41[m[K,
                 from [01m[K/home/karim/mako_robot/mako_ws/src/lidar_ros2/src/standalone_rplidar.cpp:16[m[K:
[01m[K/home/karim/mako_robot/mako_ws/src/lidar_ros2/./sdk/include/rplidar_cmd.h:260:18:[m[K [01;35m[Kwarning: [m[KISO C++ forbids zero-size array ‘[01m[Kpayload[m[K’ [[01;35m[K-Wpedantic[m[K]
  260 |     _u8  payload[[01;35m[K0[m[K];
      |                  [01;35m[K^[m[K
In file included from [01m[K/home/karim/mako_robot/mako_ws/src/lidar_ros2/src/standalone_rplidar.cpp:16[m[K:
[01m[K/home/karim/mako_robot/mako_ws/src/lidar_ros2/include/rplidar_node.hpp:76:14:[m[K [01;35m[Kwarning: [m[K‘[01m[Kfloat rplidar_ros::getAngle(const rplidar_response_measurement_node_hq_t&)[m[K’ defined but not used [[01;35m[K-Wunused-function[m[K]
   76 | static float [01;35m[KgetAngle[m[K(const rplidar_response_measurement_node_hq_t& node)
      |              [01;35m[K^~~~~~~~[m[K
[100%] [32m[1mLinking CXX executable rplidar_composition[0m
[100%] Built target rplidar_composition
-- Install configuration: ""
-- Installing: /home/karim/mako_robot/mako_ws/install/rplidar_ros/lib/rplidar_ros/rplidarNode
-- Set runtime path of "/home/karim/mako_robot/mako_ws/install/rplidar_ros/lib/rplidar_ros/rplidarNode" to ""
-- Installing: /home/karim/mako_robot/mako_ws/install/rplidar_ros/lib/rplidar_ros/rplidarNodeClient
-- Set runtime path of "/home/karim/mako_robot/mako_ws/install/rplidar_ros/lib/rplidar_ros/rplidarNodeClient" to ""
-- Installing: /home/karim/mako_robot/mako_ws/install/rplidar_ros/lib/rplidar_ros/rplidar_composition
-- Set runtime path of "/home/karim/mako_robot/mako_ws/install/rplidar_ros/lib/rplidar_ros/rplidar_composition" to ""
-- Up-to-date: /home/karim/mako_robot/mako_ws/install/rplidar_ros/share/rplidar_ros/launch
-- Up-to-date: /home/karim/mako_robot/mako_ws/install/rplidar_ros/share/rplidar_ros/launch/test_rplidar_a3.launch.py
-- Up-to-date: /home/karim/mako_robot/mako_ws/install/rplidar_ros/share/rplidar_ros/launch/rplidar_a3.launch.py
-- Up-to-date: /home/karim/mako_robot/mako_ws/install/rplidar_ros/share/rplidar_ros/launch/test_rplidar.launch.py
-- Up-to-date: /home/karim/mako_robot/mako_ws/install/rplidar_ros/share/rplidar_ros/launch/rplidar.launch.py
-- Up-to-date: /home/karim/mako_robot/mako_ws/install/rplidar_ros/share/rplidar_ros/launch/view_rplidar_s1.launch.py
-- Up-to-date: /home/karim/mako_robot/mako_ws/install/rplidar_ros/share/rplidar_ros/launch/view_rplidar.launch.py
-- Up-to-date: /home/karim/mako_robot/mako_ws/install/rplidar_ros/share/rplidar_ros/launch/rplidar_s1.launch.py
-- Up-to-date: /home/karim/mako_robot/mako_ws/install/rplidar_ros/share/rplidar_ros/launch/view_rplidar_s1_tcp.launch.py
-- Up-to-date: /home/karim/mako_robot/mako_ws/install/rplidar_ros/share/rplidar_ros/launch/rplidar_s1_tcp.launch.py
-- Up-to-date: /home/karim/mako_robot/mako_ws/install/rplidar_ros/share/rplidar_ros/launch/view_rplidar_a3.launch.py
-- Up-to-date: /home/karim/mako_robot/mako_ws/install/rplidar_ros/share/rplidar_ros/rviz
-- Up-to-date: /home/karim/mako_robot/mako_ws/install/rplidar_ros/share/rplidar_ros/rviz/rplidar.rviz
-- Installing: /home/karim/mako_robot/mako_ws/install/rplidar_ros/lib/librplidar_composition_node.so
-- Set runtime path of "/home/karim/mako_robot/mako_ws/install/rplidar_ros/lib/librplidar_composition_node.so" to ""
-- Up-to-date: /home/karim/mako_robot/mako_ws/install/rplidar_ros/include
-- Up-to-date: /home/karim/mako_robot/mako_ws/install/rplidar_ros/include/rplidar_node.hpp
-- Up-to-date: /home/karim/mako_robot/mako_ws/install/rplidar_ros/include/visibility.h
-- Up-to-date: /home/karim/mako_robot/mako_ws/install/rplidar_ros/lib/rplidar_ros/rplidarNode
-- Up-to-date: /home/karim/mako_robot/mako_ws/install/rplidar_ros/lib/rplidar_ros/rplidarNodeClient
-- Up-to-date: /home/karim/mako_robot/mako_ws/install/rplidar_ros/lib/rplidar_ros/rplidar_composition
-- Up-to-date: /home/karim/mako_robot/mako_ws/install/rplidar_ros/share/ament_index/resource_index/package_run_dependencies/rplidar_ros
-- Installing: /home/karim/mako_robot/mako_ws/install/rplidar_ros/share/ament_index/resource_index/parent_prefix_path/rplidar_ros
-- Up-to-date: /home/karim/mako_robot/mako_ws/install/rplidar_ros/share/rplidar_ros/environment/ament_prefix_path.sh
-- Installing: /home/karim/mako_robot/mako_ws/install/rplidar_ros/share/rplidar_ros/environment/ament_prefix_path.dsv
-- Up-to-date: /home/karim/mako_robot/mako_ws/install/rplidar_ros/share/rplidar_ros/environment/path.sh
-- Installing: /home/karim/mako_robot/mako_ws/install/rplidar_ros/share/rplidar_ros/environment/path.dsv
-- Up-to-date: /home/karim/mako_robot/mako_ws/install/rplidar_ros/share/rplidar_ros/local_setup.bash
-- Installing: /home/karim/mako_robot/mako_ws/install/rplidar_ros/share/rplidar_ros/local_setup.sh
-- Up-to-date: /home/karim/mako_robot/mako_ws/install/rplidar_ros/share/rplidar_ros/local_setup.zsh
-- Installing: /home/karim/mako_robot/mako_ws/install/rplidar_ros/share/rplidar_ros/local_setup.dsv
-- Installing: /home/karim/mako_robot/mako_ws/install/rplidar_ros/share/rplidar_ros/package.dsv
-- Up-to-date: /home/karim/mako_robot/mako_ws/install/rplidar_ros/share/ament_index/resource_index/packages/rplidar_ros
-- Up-to-date: /home/karim/mako_robot/mako_ws/install/rplidar_ros/share/rplidar_ros/cmake/ament_cmake_export_dependencies-extras.cmake
-- Up-to-date: /home/karim/mako_robot/mako_ws/install/rplidar_ros/share/rplidar_ros/cmake/ament_cmake_export_include_directories-extras.cmake
-- Up-to-date: /home/karim/mako_robot/mako_ws/install/rplidar_ros/share/rplidar_ros/cmake/rplidar_rosConfig.cmake
-- Up-to-date: /home/karim/mako_robot/mako_ws/install/rplidar_ros/share/rplidar_ros/cmake/rplidar_rosConfig-version.cmake
-- Up-to-date: /home/karim/mako_robot/mako_ws/install/rplidar_ros/share/rplidar_ros/package.xml
