[0.832s] Invoking command in '/home/abdelrahman/Documents/GitHub/mako_robot/mako_ws/src/mako_py_brain': PYTHONPATH=/home/abdelrahman/Documents/GitHub/mako_robot/mako_ws/install/mako_py_brain/lib/python3.8/site-packages:${PYTHONPATH} /usr/bin/python3 setup.py egg_info --egg-base ../../build/mako_py_brain build --build-base /home/abdelrahman/Documents/GitHub/mako_robot/mako_ws/build/mako_py_brain/build install --prefix /home/abdelrahman/Documents/GitHub/mako_robot/mako_ws/install/mako_py_brain --record /home/abdelrahman/Documents/GitHub/mako_robot/mako_ws/build/mako_py_brain/install.log --single-version-externally-managed
[1.185s] running egg_info
[1.187s] writing ../../build/mako_py_brain/mako_py_brain.egg-info/PKG-INFO
[1.188s] writing dependency_links to ../../build/mako_py_brain/mako_py_brain.egg-info/dependency_links.txt
[1.188s] writing entry points to ../../build/mako_py_brain/mako_py_brain.egg-info/entry_points.txt
[1.188s] writing requirements to ../../build/mako_py_brain/mako_py_brain.egg-info/requires.txt
[1.188s] writing top-level names to ../../build/mako_py_brain/mako_py_brain.egg-info/top_level.txt
[1.252s] reading manifest file '../../build/mako_py_brain/mako_py_brain.egg-info/SOURCES.txt'
[1.254s] writing manifest file '../../build/mako_py_brain/mako_py_brain.egg-info/SOURCES.txt'
[1.254s] running build
[1.254s] running build_py
[1.255s] running install
[1.256s] running install_lib
[1.259s] running install_data
[1.260s] running install_egg_info
[1.263s] removing '/home/abdelrahman/Documents/GitHub/mako_robot/mako_ws/install/mako_py_brain/lib/python3.8/site-packages/mako_py_brain-0.0.0-py3.8.egg-info' (and everything under it)
[1.263s] Copying ../../build/mako_py_brain/mako_py_brain.egg-info to /home/abdelrahman/Documents/GitHub/mako_robot/mako_ws/install/mako_py_brain/lib/python3.8/site-packages/mako_py_brain-0.0.0-py3.8.egg-info
[1.264s] running install_scripts
[1.293s] Installing BrainNode script to /home/abdelrahman/Documents/GitHub/mako_robot/mako_ws/install/mako_py_brain/lib/mako_py_brain
[1.293s] Installing ctrl_panel_node script to /home/abdelrahman/Documents/GitHub/mako_robot/mako_ws/install/mako_py_brain/lib/mako_py_brain
[1.293s] writing list of installed files to '/home/abdelrahman/Documents/GitHub/mako_robot/mako_ws/build/mako_py_brain/install.log'
[1.399s] Invoked command in '/home/abdelrahman/Documents/GitHub/mako_robot/mako_ws/src/mako_py_brain' returned '0': PYTHONPATH=/home/abdelrahman/Documents/GitHub/mako_robot/mako_ws/install/mako_py_brain/lib/python3.8/site-packages:${PYTHONPATH} /usr/bin/python3 setup.py egg_info --egg-base ../../build/mako_py_brain build --build-base /home/abdelrahman/Documents/GitHub/mako_robot/mako_ws/build/mako_py_brain/build install --prefix /home/abdelrahman/Documents/GitHub/mako_robot/mako_ws/install/mako_py_brain --record /home/abdelrahman/Documents/GitHub/mako_robot/mako_ws/build/mako_py_brain/install.log --single-version-externally-managed
