running egg_info
creating ../../build/mako_py_lidar/mako_py_lidar.egg-info
writing ../../build/mako_py_lidar/mako_py_lidar.egg-info/PKG-INFO
writing dependency_links to ../../build/mako_py_lidar/mako_py_lidar.egg-info/dependency_links.txt
writing entry points to ../../build/mako_py_lidar/mako_py_lidar.egg-info/entry_points.txt
writing requirements to ../../build/mako_py_lidar/mako_py_lidar.egg-info/requires.txt
writing top-level names to ../../build/mako_py_lidar/mako_py_lidar.egg-info/top_level.txt
writing manifest file '../../build/mako_py_lidar/mako_py_lidar.egg-info/SOURCES.txt'
reading manifest file '../../build/mako_py_lidar/mako_py_lidar.egg-info/SOURCES.txt'
writing manifest file '../../build/mako_py_lidar/mako_py_lidar.egg-info/SOURCES.txt'
running build
running build_py
creating /home/abdelrahman/Documents/GitHub/mako_robot/mako_ws/build/mako_py_lidar/build
creating /home/abdelrahman/Documents/GitHub/mako_robot/mako_ws/build/mako_py_lidar/build/lib
creating /home/abdelrahman/Documents/GitHub/mako_robot/mako_ws/build/mako_py_lidar/build/lib/mako_py_lidar
copying mako_py_lidar/__init__.py -> /home/abdelrahman/Documents/GitHub/mako_robot/mako_ws/build/mako_py_lidar/build/lib/mako_py_lidar
running install
running install_lib
creating /home/abdelrahman/Documents/GitHub/mako_robot/mako_ws/install/mako_py_lidar/lib/python3.8/site-packages/mako_py_lidar
copying /home/abdelrahman/Documents/GitHub/mako_robot/mako_ws/build/mako_py_lidar/build/lib/mako_py_lidar/__init__.py -> /home/abdelrahman/Documents/GitHub/mako_robot/mako_ws/install/mako_py_lidar/lib/python3.8/site-packages/mako_py_lidar
byte-compiling /home/abdelrahman/Documents/GitHub/mako_robot/mako_ws/install/mako_py_lidar/lib/python3.8/site-packages/mako_py_lidar/__init__.py to __init__.cpython-38.pyc
running install_data
creating /home/abdelrahman/Documents/GitHub/mako_robot/mako_ws/install/mako_py_lidar/share/ament_index
creating /home/abdelrahman/Documents/GitHub/mako_robot/mako_ws/install/mako_py_lidar/share/ament_index/resource_index
creating /home/abdelrahman/Documents/GitHub/mako_robot/mako_ws/install/mako_py_lidar/share/ament_index/resource_index/packages
copying resource/mako_py_lidar -> /home/abdelrahman/Documents/GitHub/mako_robot/mako_ws/install/mako_py_lidar/share/ament_index/resource_index/packages
copying package.xml -> /home/abdelrahman/Documents/GitHub/mako_robot/mako_ws/install/mako_py_lidar/share/mako_py_lidar
running install_egg_info
Copying ../../build/mako_py_lidar/mako_py_lidar.egg-info to /home/abdelrahman/Documents/GitHub/mako_robot/mako_ws/install/mako_py_lidar/lib/python3.8/site-packages/mako_py_lidar-0.0.0-py3.8.egg-info
running install_scripts
writing list of installed files to '/home/abdelrahman/Documents/GitHub/mako_robot/mako_ws/build/mako_py_lidar/install.log'
