[0.741s] DEBUG:colcon:Command line arguments: ['/usr/bin/colcon', 'build', '--symlink-install']
[0.741s] DEBUG:colcon:Parsed command line arguments: Namespace(ament_cmake_args=None, base_paths=['.'], build_base='build', catkin_cmake_args=None, catkin_skip_building_tests=False, cmake_args=None, cmake_clean_cache=False, cmake_clean_first=False, cmake_force_configure=False, cmake_target=None, cmake_target_skip_unavailable=False, continue_on_error=False, event_handlers=None, executor='parallel', ignore_user_meta=False, install_base='install', log_base=None, log_level=None, main=<bound method BuildVerb.main of <colcon_core.verb.build.BuildVerb object at 0xffffae636640>>, merge_install=False, metas=['./colcon.meta'], packages_above=None, packages_above_and_dependencies=None, packages_above_depth=None, packages_end=None, packages_ignore=None, packages_ignore_regex=None, packages_select=None, packages_select_build_failed=False, packages_select_by_dep=None, packages_select_regex=None, packages_select_test_failures=False, packages_skip=None, packages_skip_build_finished=False, packages_skip_by_dep=None, packages_skip_regex=None, packages_skip_test_passed=False, packages_skip_up_to=None, packages_start=None, packages_up_to=None, packages_up_to_regex=None, parallel_workers=4, paths=None, symlink_install=True, test_result_base=None, verb_extension=<colcon_core.verb.build.BuildVerb object at 0xffffae636640>, verb_name='build', verb_parser=<colcon_defaults.argument_parser.defaults.DefaultArgumentsDecorator object at 0xffffae636b80>)
[0.791s] Level 1:colcon.colcon_core.package_discovery:discover_packages(colcon_meta) check parameters
[0.792s] Level 1:colcon.colcon_core.package_discovery:discover_packages(recursive) check parameters
[0.792s] Level 1:colcon.colcon_core.package_discovery:discover_packages(ignore) check parameters
[0.792s] Level 1:colcon.colcon_core.package_discovery:discover_packages(path) check parameters
[0.793s] Level 1:colcon.colcon_core.package_discovery:discover_packages(colcon_meta) discover
[0.793s] Level 1:colcon.colcon_core.package_discovery:discover_packages(recursive) discover
[0.793s] INFO:colcon.colcon_core.package_discovery:Crawling recursively for packages in '/home/ubuntu/mako_ws/mako_robot'
[0.794s] Level 1:colcon.colcon_core.package_identification:_identify(.) by extensions ['ignore', 'ignore_ament_install']
[0.794s] Level 1:colcon.colcon_core.package_identification:_identify(.) by extension 'ignore'
[0.795s] Level 1:colcon.colcon_core.package_identification:_identify(.) by extension 'ignore_ament_install'
[0.795s] Level 1:colcon.colcon_core.package_identification:_identify(.) by extensions ['colcon_pkg']
[0.795s] Level 1:colcon.colcon_core.package_identification:_identify(.) by extension 'colcon_pkg'
[0.796s] Level 1:colcon.colcon_core.package_identification:_identify(.) by extensions ['colcon_meta']
[0.796s] Level 1:colcon.colcon_core.package_identification:_identify(.) by extension 'colcon_meta'
[0.796s] Level 1:colcon.colcon_core.package_identification:_identify(.) by extensions ['ros']
[0.796s] Level 1:colcon.colcon_core.package_identification:_identify(.) by extension 'ros'
[0.874s] Level 1:colcon.colcon_core.package_identification:_identify(.) by extensions ['cmake', 'python']
[0.875s] Level 1:colcon.colcon_core.package_identification:_identify(.) by extension 'cmake'
[0.875s] Level 1:colcon.colcon_core.package_identification:_identify(.) by extension 'python'
[0.875s] Level 1:colcon.colcon_core.package_identification:_identify(.) by extensions ['python_setup_py']
[0.875s] Level 1:colcon.colcon_core.package_identification:_identify(.) by extension 'python_setup_py'
[0.876s] Level 1:colcon.colcon_core.package_identification:_identify(build) by extensions ['ignore', 'ignore_ament_install']
[0.876s] Level 1:colcon.colcon_core.package_identification:_identify(build) by extension 'ignore'
[0.876s] Level 1:colcon.colcon_core.package_identification:_identify(build) ignored
[0.877s] Level 1:colcon.colcon_core.package_identification:_identify(install) by extensions ['ignore', 'ignore_ament_install']
[0.877s] Level 1:colcon.colcon_core.package_identification:_identify(install) by extension 'ignore'
[0.877s] Level 1:colcon.colcon_core.package_identification:_identify(install) ignored
[0.878s] Level 1:colcon.colcon_core.package_identification:_identify(log) by extensions ['ignore', 'ignore_ament_install']
[0.878s] Level 1:colcon.colcon_core.package_identification:_identify(log) by extension 'ignore'
[0.878s] Level 1:colcon.colcon_core.package_identification:_identify(log) ignored
[0.879s] Level 1:colcon.colcon_core.package_identification:_identify(src) by extensions ['ignore', 'ignore_ament_install']
[0.879s] Level 1:colcon.colcon_core.package_identification:_identify(src) by extension 'ignore'
[0.880s] Level 1:colcon.colcon_core.package_identification:_identify(src) by extension 'ignore_ament_install'
[0.880s] Level 1:colcon.colcon_core.package_identification:_identify(src) by extensions ['colcon_pkg']
[0.880s] Level 1:colcon.colcon_core.package_identification:_identify(src) by extension 'colcon_pkg'
[0.881s] Level 1:colcon.colcon_core.package_identification:_identify(src) by extensions ['colcon_meta']
[0.881s] Level 1:colcon.colcon_core.package_identification:_identify(src) by extension 'colcon_meta'
[0.881s] Level 1:colcon.colcon_core.package_identification:_identify(src) by extensions ['ros']
[0.881s] Level 1:colcon.colcon_core.package_identification:_identify(src) by extension 'ros'
[0.882s] Level 1:colcon.colcon_core.package_identification:_identify(src) by extensions ['cmake', 'python']
[0.882s] Level 1:colcon.colcon_core.package_identification:_identify(src) by extension 'cmake'
[0.882s] Level 1:colcon.colcon_core.package_identification:_identify(src) by extension 'python'
[0.882s] Level 1:colcon.colcon_core.package_identification:_identify(src) by extensions ['python_setup_py']
[0.882s] Level 1:colcon.colcon_core.package_identification:_identify(src) by extension 'python_setup_py'
[0.883s] Level 1:colcon.colcon_core.package_identification:_identify(src/dev_test_tools) by extensions ['ignore', 'ignore_ament_install']
[0.883s] Level 1:colcon.colcon_core.package_identification:_identify(src/dev_test_tools) by extension 'ignore'
[0.883s] Level 1:colcon.colcon_core.package_identification:_identify(src/dev_test_tools) by extension 'ignore_ament_install'
[0.884s] Level 1:colcon.colcon_core.package_identification:_identify(src/dev_test_tools) by extensions ['colcon_pkg']
[0.884s] Level 1:colcon.colcon_core.package_identification:_identify(src/dev_test_tools) by extension 'colcon_pkg'
[0.884s] Level 1:colcon.colcon_core.package_identification:_identify(src/dev_test_tools) by extensions ['colcon_meta']
[0.884s] Level 1:colcon.colcon_core.package_identification:_identify(src/dev_test_tools) by extension 'colcon_meta'
[0.884s] Level 1:colcon.colcon_core.package_identification:_identify(src/dev_test_tools) by extensions ['ros']
[0.884s] Level 1:colcon.colcon_core.package_identification:_identify(src/dev_test_tools) by extension 'ros'
[0.914s] DEBUG:colcon.colcon_core.package_identification:Package 'src/dev_test_tools' with type 'ros.ament_python' and name 'dev_test_tools'
[0.915s] Level 1:colcon.colcon_core.package_identification:_identify(src/rplidar_ros2) by extensions ['ignore', 'ignore_ament_install']
[0.916s] Level 1:colcon.colcon_core.package_identification:_identify(src/rplidar_ros2) by extension 'ignore'
[0.916s] Level 1:colcon.colcon_core.package_identification:_identify(src/rplidar_ros2) by extension 'ignore_ament_install'
[0.917s] Level 1:colcon.colcon_core.package_identification:_identify(src/rplidar_ros2) by extensions ['colcon_pkg']
[0.917s] Level 1:colcon.colcon_core.package_identification:_identify(src/rplidar_ros2) by extension 'colcon_pkg'
[0.917s] Level 1:colcon.colcon_core.package_identification:_identify(src/rplidar_ros2) by extensions ['colcon_meta']
[0.917s] Level 1:colcon.colcon_core.package_identification:_identify(src/rplidar_ros2) by extension 'colcon_meta'
[0.918s] Level 1:colcon.colcon_core.package_identification:_identify(src/rplidar_ros2) by extensions ['ros']
[0.918s] Level 1:colcon.colcon_core.package_identification:_identify(src/rplidar_ros2) by extension 'ros'
[0.923s] DEBUG:colcon.colcon_core.package_identification:Package 'src/rplidar_ros2' with type 'ros.ament_cmake' and name 'rplidar_ros'
[0.924s] Level 1:colcon.colcon_core.package_discovery:discover_packages(recursive) using defaults
[0.924s] Level 1:colcon.colcon_core.package_discovery:discover_packages(ignore) discover
[0.924s] Level 1:colcon.colcon_core.package_discovery:discover_packages(ignore) using defaults
[0.924s] Level 1:colcon.colcon_core.package_discovery:discover_packages(path) discover
[0.924s] Level 1:colcon.colcon_core.package_discovery:discover_packages(path) using defaults
[1.030s] Level 5:colcon.colcon_core.verb:set package 'dev_test_tools' build argument 'cmake_args' from command line to 'None'
[1.030s] Level 5:colcon.colcon_core.verb:set package 'dev_test_tools' build argument 'cmake_target' from command line to 'None'
[1.030s] Level 5:colcon.colcon_core.verb:set package 'dev_test_tools' build argument 'cmake_target_skip_unavailable' from command line to 'False'
[1.030s] Level 5:colcon.colcon_core.verb:set package 'dev_test_tools' build argument 'cmake_clean_cache' from command line to 'False'
[1.031s] Level 5:colcon.colcon_core.verb:set package 'dev_test_tools' build argument 'cmake_clean_first' from command line to 'False'
[1.031s] Level 5:colcon.colcon_core.verb:set package 'dev_test_tools' build argument 'cmake_force_configure' from command line to 'False'
[1.031s] Level 5:colcon.colcon_core.verb:set package 'dev_test_tools' build argument 'ament_cmake_args' from command line to 'None'
[1.031s] Level 5:colcon.colcon_core.verb:set package 'dev_test_tools' build argument 'catkin_cmake_args' from command line to 'None'
[1.031s] Level 5:colcon.colcon_core.verb:set package 'dev_test_tools' build argument 'catkin_skip_building_tests' from command line to 'False'
[1.031s] DEBUG:colcon.colcon_core.verb:Building package 'dev_test_tools' with the following arguments: {'ament_cmake_args': None, 'build_base': '/home/ubuntu/mako_ws/mako_robot/build/dev_test_tools', 'catkin_cmake_args': None, 'catkin_skip_building_tests': False, 'cmake_args': None, 'cmake_clean_cache': False, 'cmake_clean_first': False, 'cmake_force_configure': False, 'cmake_target': None, 'cmake_target_skip_unavailable': False, 'install_base': '/home/ubuntu/mako_ws/mako_robot/install/dev_test_tools', 'merge_install': False, 'path': '/home/ubuntu/mako_ws/mako_robot/src/dev_test_tools', 'symlink_install': True, 'test_result_base': None}
[1.042s] Level 5:colcon.colcon_core.verb:set package 'rplidar_ros' build argument 'cmake_args' from command line to 'None'
[1.042s] Level 5:colcon.colcon_core.verb:set package 'rplidar_ros' build argument 'cmake_target' from command line to 'None'
[1.042s] Level 5:colcon.colcon_core.verb:set package 'rplidar_ros' build argument 'cmake_target_skip_unavailable' from command line to 'False'
[1.042s] Level 5:colcon.colcon_core.verb:set package 'rplidar_ros' build argument 'cmake_clean_cache' from command line to 'False'
[1.042s] Level 5:colcon.colcon_core.verb:set package 'rplidar_ros' build argument 'cmake_clean_first' from command line to 'False'
[1.042s] Level 5:colcon.colcon_core.verb:set package 'rplidar_ros' build argument 'cmake_force_configure' from command line to 'False'
[1.043s] Level 5:colcon.colcon_core.verb:set package 'rplidar_ros' build argument 'ament_cmake_args' from command line to 'None'
[1.043s] Level 5:colcon.colcon_core.verb:set package 'rplidar_ros' build argument 'catkin_cmake_args' from command line to 'None'
[1.043s] Level 5:colcon.colcon_core.verb:set package 'rplidar_ros' build argument 'catkin_skip_building_tests' from command line to 'False'
[1.043s] DEBUG:colcon.colcon_core.verb:Building package 'rplidar_ros' with the following arguments: {'ament_cmake_args': None, 'build_base': '/home/ubuntu/mako_ws/mako_robot/build/rplidar_ros', 'catkin_cmake_args': None, 'catkin_skip_building_tests': False, 'cmake_args': None, 'cmake_clean_cache': False, 'cmake_clean_first': False, 'cmake_force_configure': False, 'cmake_target': None, 'cmake_target_skip_unavailable': False, 'install_base': '/home/ubuntu/mako_ws/mako_robot/install/rplidar_ros', 'merge_install': False, 'path': '/home/ubuntu/mako_ws/mako_robot/src/rplidar_ros2', 'symlink_install': True, 'test_result_base': None}
[1.044s] INFO:colcon.colcon_core.executor:Executing jobs using 'parallel' executor
[1.052s] DEBUG:colcon.colcon_parallel_executor.executor.parallel:run_until_complete
[1.053s] INFO:colcon.colcon_ros.task.ament_python.build:Building ROS package in '/home/ubuntu/mako_ws/mako_robot/src/dev_test_tools' with build type 'ament_python'
[1.054s] Level 1:colcon.colcon_core.shell:create_environment_hook('dev_test_tools', 'ament_prefix_path')
[1.086s] INFO:colcon.colcon_core.plugin_system:Skipping extension 'colcon_core.shell.bat': Not used on non-Windows systems
[1.087s] INFO:colcon.colcon_core.shell:Creating environment hook '/home/ubuntu/mako_ws/mako_robot/install/dev_test_tools/share/dev_test_tools/hook/ament_prefix_path.ps1'
[1.092s] INFO:colcon.colcon_core.shell:Creating environment descriptor '/home/ubuntu/mako_ws/mako_robot/install/dev_test_tools/share/dev_test_tools/hook/ament_prefix_path.dsv'
[1.100s] INFO:colcon.colcon_core.shell:Creating environment hook '/home/ubuntu/mako_ws/mako_robot/install/dev_test_tools/share/dev_test_tools/hook/ament_prefix_path.sh'
[1.109s] INFO:colcon.colcon_core.shell:Skip shell extension 'powershell' for command environment: Not usable outside of PowerShell
[1.109s] DEBUG:colcon.colcon_core.shell:Skip shell extension 'dsv' for command environment
[1.133s] DEBUG:colcon.colcon_core.shell:Ignoring prefix path '/opt/ros/foxy'
[1.147s] INFO:colcon.colcon_ros.task.ament_cmake.build:Building ROS package in '/home/ubuntu/mako_ws/mako_robot/src/rplidar_ros2' with build type 'ament_cmake'
[1.149s] INFO:colcon.colcon_cmake.task.cmake.build:Building CMake package in '/home/ubuntu/mako_ws/mako_robot/src/rplidar_ros2'
[1.153s] INFO:colcon.colcon_core.shell:Skip shell extension 'powershell' for command environment: Not usable outside of PowerShell
[1.154s] DEBUG:colcon.colcon_core.shell:Skip shell extension 'dsv' for command environment
[1.175s] DEBUG:colcon.colcon_core.shell:Ignoring prefix path '/opt/ros/foxy'
[2.381s] INFO:colcon.colcon_core.task.python.build:Building Python package in '/home/ubuntu/mako_ws/mako_robot/src/dev_test_tools'
[2.384s] INFO:colcon.colcon_core.shell:Skip shell extension 'powershell' for command environment: Not usable outside of PowerShell
[2.384s] DEBUG:colcon.colcon_core.shell:Skip shell extension 'dsv' for command environment
[2.394s] DEBUG:colcon.colcon_core.shell:Ignoring prefix path '/opt/ros/foxy'
[2.433s] DEBUG:colcon.colcon_core.event_handler.log_command:Invoking command in '/home/ubuntu/mako_ws/mako_robot/build/rplidar_ros': CMAKE_PREFIX_PATH=${CMAKE_PREFIX_PATH}:/home/ubuntu/mako_ws/mako_robot/install/dev_test_tools:/opt/ros/foxy /usr/bin/cmake --build /home/ubuntu/mako_ws/mako_robot/build/rplidar_ros -- -j4 -l4
[2.485s] DEBUG:colcon.colcon_core.event_handler.log_command:Invoking command in '/home/ubuntu/mako_ws/mako_robot/build/dev_test_tools': PYTHONPATH=/home/ubuntu/mako_ws/mako_robot/install/dev_test_tools/lib/python3.8/site-packages:${PYTHONPATH} /usr/bin/python3 setup.py develop --prefix /home/ubuntu/mako_ws/mako_robot/install/dev_test_tools --editable --build-directory /home/ubuntu/mako_ws/mako_robot/build/dev_test_tools/build --no-deps install_data --install-dir /home/ubuntu/mako_ws/mako_robot/install/dev_test_tools
[3.468s] DEBUG:colcon.colcon_core.event_handler.log_command:Invoked command in '/home/ubuntu/mako_ws/mako_robot/build/rplidar_ros' returned '0': CMAKE_PREFIX_PATH=${CMAKE_PREFIX_PATH}:/home/ubuntu/mako_ws/mako_robot/install/dev_test_tools:/opt/ros/foxy /usr/bin/cmake --build /home/ubuntu/mako_ws/mako_robot/build/rplidar_ros -- -j4 -l4
[3.811s] DEBUG:colcon.colcon_core.event_handler.log_command:Invoking command in '/home/ubuntu/mako_ws/mako_robot/build/rplidar_ros': CMAKE_PREFIX_PATH=${CMAKE_PREFIX_PATH}:/home/ubuntu/mako_ws/mako_robot/install/dev_test_tools:/opt/ros/foxy /usr/bin/cmake --install /home/ubuntu/mako_ws/mako_robot/build/rplidar_ros
[4.030s] Level 1:colcon.colcon_core.environment:create_environment_scripts_only(rplidar_ros)
[4.034s] DEBUG:colcon.colcon_core.event_handler.log_command:Invoked command in '/home/ubuntu/mako_ws/mako_robot/build/rplidar_ros' returned '0': CMAKE_PREFIX_PATH=${CMAKE_PREFIX_PATH}:/home/ubuntu/mako_ws/mako_robot/install/dev_test_tools:/opt/ros/foxy /usr/bin/cmake --install /home/ubuntu/mako_ws/mako_robot/build/rplidar_ros
[4.066s] Level 1:colcon.colcon_core.environment:checking '/home/ubuntu/mako_ws/mako_robot/install/rplidar_ros' for CMake module files
[4.071s] Level 1:colcon.colcon_core.environment:checking '/home/ubuntu/mako_ws/mako_robot/install/rplidar_ros' for CMake config files
[4.073s] Level 1:colcon.colcon_core.shell:create_environment_hook('rplidar_ros', 'cmake_prefix_path')
[4.076s] INFO:colcon.colcon_core.shell:Creating environment hook '/home/ubuntu/mako_ws/mako_robot/install/rplidar_ros/share/rplidar_ros/hook/cmake_prefix_path.ps1'
[4.078s] INFO:colcon.colcon_core.shell:Creating environment descriptor '/home/ubuntu/mako_ws/mako_robot/install/rplidar_ros/share/rplidar_ros/hook/cmake_prefix_path.dsv'
[4.080s] INFO:colcon.colcon_core.shell:Creating environment hook '/home/ubuntu/mako_ws/mako_robot/install/rplidar_ros/share/rplidar_ros/hook/cmake_prefix_path.sh'
[4.084s] Level 1:colcon.colcon_core.environment:checking '/home/ubuntu/mako_ws/mako_robot/install/rplidar_ros/lib'
[4.085s] Level 1:colcon.colcon_core.shell:create_environment_hook('rplidar_ros', 'ld_library_path_lib')
[4.087s] INFO:colcon.colcon_core.shell:Creating environment hook '/home/ubuntu/mako_ws/mako_robot/install/rplidar_ros/share/rplidar_ros/hook/ld_library_path_lib.ps1'
[4.089s] INFO:colcon.colcon_core.shell:Creating environment descriptor '/home/ubuntu/mako_ws/mako_robot/install/rplidar_ros/share/rplidar_ros/hook/ld_library_path_lib.dsv'
[4.091s] INFO:colcon.colcon_core.shell:Creating environment hook '/home/ubuntu/mako_ws/mako_robot/install/rplidar_ros/share/rplidar_ros/hook/ld_library_path_lib.sh'
[4.093s] Level 1:colcon.colcon_core.environment:checking '/home/ubuntu/mako_ws/mako_robot/install/rplidar_ros/bin'
[4.093s] Level 1:colcon.colcon_core.environment:checking '/home/ubuntu/mako_ws/mako_robot/install/rplidar_ros/lib/pkgconfig/rplidar_ros.pc'
[4.094s] Level 1:colcon.colcon_core.environment:checking '/home/ubuntu/mako_ws/mako_robot/install/rplidar_ros/lib/python3.8/site-packages'
[4.097s] INFO:colcon.colcon_core.shell:Creating package script '/home/ubuntu/mako_ws/mako_robot/install/rplidar_ros/share/rplidar_ros/package.ps1'
[4.102s] INFO:colcon.colcon_core.shell:Creating package descriptor '/home/ubuntu/mako_ws/mako_robot/install/rplidar_ros/share/rplidar_ros/package.dsv'
[4.109s] INFO:colcon.colcon_core.shell:Creating package script '/home/ubuntu/mako_ws/mako_robot/install/rplidar_ros/share/rplidar_ros/package.sh'
[4.114s] INFO:colcon.colcon_core.shell:Creating package script '/home/ubuntu/mako_ws/mako_robot/install/rplidar_ros/share/rplidar_ros/package.bash'
[4.124s] INFO:colcon.colcon_core.shell:Creating package script '/home/ubuntu/mako_ws/mako_robot/install/rplidar_ros/share/rplidar_ros/package.zsh'
[4.135s] Level 1:colcon.colcon_core.environment:create_file_with_runtime_dependencies(/home/ubuntu/mako_ws/mako_robot/install/rplidar_ros/share/colcon-core/packages/rplidar_ros)
[4.414s] Level 1:colcon.colcon_core.environment:create_environment_scripts_only(rplidar_ros)
[4.418s] Level 1:colcon.colcon_core.environment:checking '/home/ubuntu/mako_ws/mako_robot/install/rplidar_ros' for CMake module files
[4.422s] Level 1:colcon.colcon_core.environment:checking '/home/ubuntu/mako_ws/mako_robot/install/rplidar_ros' for CMake config files
[4.425s] Level 1:colcon.colcon_core.shell:create_environment_hook('rplidar_ros', 'cmake_prefix_path')
[4.433s] INFO:colcon.colcon_core.shell:Creating environment hook '/home/ubuntu/mako_ws/mako_robot/install/rplidar_ros/share/rplidar_ros/hook/cmake_prefix_path.ps1'
[4.435s] INFO:colcon.colcon_core.shell:Creating environment descriptor '/home/ubuntu/mako_ws/mako_robot/install/rplidar_ros/share/rplidar_ros/hook/cmake_prefix_path.dsv'
[4.437s] INFO:colcon.colcon_core.shell:Creating environment hook '/home/ubuntu/mako_ws/mako_robot/install/rplidar_ros/share/rplidar_ros/hook/cmake_prefix_path.sh'
[4.440s] Level 1:colcon.colcon_core.environment:checking '/home/ubuntu/mako_ws/mako_robot/install/rplidar_ros/lib'
[4.441s] Level 1:colcon.colcon_core.shell:create_environment_hook('rplidar_ros', 'ld_library_path_lib')
[4.443s] INFO:colcon.colcon_core.shell:Creating environment hook '/home/ubuntu/mako_ws/mako_robot/install/rplidar_ros/share/rplidar_ros/hook/ld_library_path_lib.ps1'
[4.445s] INFO:colcon.colcon_core.shell:Creating environment descriptor '/home/ubuntu/mako_ws/mako_robot/install/rplidar_ros/share/rplidar_ros/hook/ld_library_path_lib.dsv'
[4.447s] INFO:colcon.colcon_core.shell:Creating environment hook '/home/ubuntu/mako_ws/mako_robot/install/rplidar_ros/share/rplidar_ros/hook/ld_library_path_lib.sh'
[4.449s] Level 1:colcon.colcon_core.environment:checking '/home/ubuntu/mako_ws/mako_robot/install/rplidar_ros/bin'
[4.450s] Level 1:colcon.colcon_core.environment:checking '/home/ubuntu/mako_ws/mako_robot/install/rplidar_ros/lib/pkgconfig/rplidar_ros.pc'
[4.450s] Level 1:colcon.colcon_core.environment:checking '/home/ubuntu/mako_ws/mako_robot/install/rplidar_ros/lib/python3.8/site-packages'
[4.453s] INFO:colcon.colcon_core.shell:Creating package script '/home/ubuntu/mako_ws/mako_robot/install/rplidar_ros/share/rplidar_ros/package.ps1'
[4.458s] INFO:colcon.colcon_core.shell:Creating package descriptor '/home/ubuntu/mako_ws/mako_robot/install/rplidar_ros/share/rplidar_ros/package.dsv'
[4.461s] INFO:colcon.colcon_core.shell:Creating package script '/home/ubuntu/mako_ws/mako_robot/install/rplidar_ros/share/rplidar_ros/package.sh'
[4.464s] INFO:colcon.colcon_core.shell:Creating package script '/home/ubuntu/mako_ws/mako_robot/install/rplidar_ros/share/rplidar_ros/package.bash'
[4.467s] INFO:colcon.colcon_core.shell:Creating package script '/home/ubuntu/mako_ws/mako_robot/install/rplidar_ros/share/rplidar_ros/package.zsh'
[4.469s] Level 1:colcon.colcon_core.environment:create_file_with_runtime_dependencies(/home/ubuntu/mako_ws/mako_robot/install/rplidar_ros/share/colcon-core/packages/rplidar_ros)
[5.467s] Level 1:colcon.colcon_core.shell:create_environment_hook('dev_test_tools', 'pythonpath_develop')
[5.470s] INFO:colcon.colcon_core.shell:Creating environment hook '/home/ubuntu/mako_ws/mako_robot/build/dev_test_tools/share/dev_test_tools/hook/pythonpath_develop.ps1'
[5.472s] DEBUG:colcon.colcon_core.event_handler.log_command:Invoked command in '/home/ubuntu/mako_ws/mako_robot/build/dev_test_tools' returned '0': PYTHONPATH=/home/ubuntu/mako_ws/mako_robot/install/dev_test_tools/lib/python3.8/site-packages:${PYTHONPATH} /usr/bin/python3 setup.py develop --prefix /home/ubuntu/mako_ws/mako_robot/install/dev_test_tools --editable --build-directory /home/ubuntu/mako_ws/mako_robot/build/dev_test_tools/build --no-deps install_data --install-dir /home/ubuntu/mako_ws/mako_robot/install/dev_test_tools
[5.474s] INFO:colcon.colcon_core.shell:Creating environment descriptor '/home/ubuntu/mako_ws/mako_robot/build/dev_test_tools/share/dev_test_tools/hook/pythonpath_develop.dsv'
[5.475s] INFO:colcon.colcon_core.shell:Creating environment hook '/home/ubuntu/mako_ws/mako_robot/build/dev_test_tools/share/dev_test_tools/hook/pythonpath_develop.sh'
[5.480s] Level 1:colcon.colcon_core.environment:checking '/home/ubuntu/mako_ws/mako_robot/install/dev_test_tools' for CMake module files
[5.483s] Level 1:colcon.colcon_core.environment:checking '/home/ubuntu/mako_ws/mako_robot/install/dev_test_tools' for CMake config files
[5.486s] Level 1:colcon.colcon_core.environment:checking '/home/ubuntu/mako_ws/mako_robot/install/dev_test_tools/lib'
[5.486s] Level 1:colcon.colcon_core.environment:checking '/home/ubuntu/mako_ws/mako_robot/install/dev_test_tools/bin'
[5.486s] Level 1:colcon.colcon_core.environment:checking '/home/ubuntu/mako_ws/mako_robot/install/dev_test_tools/lib/pkgconfig/dev_test_tools.pc'
[5.487s] Level 1:colcon.colcon_core.environment:checking '/home/ubuntu/mako_ws/mako_robot/install/dev_test_tools/lib/python3.8/site-packages'
[5.487s] Level 1:colcon.colcon_core.shell:create_environment_hook('dev_test_tools', 'pythonpath')
[5.489s] INFO:colcon.colcon_core.shell:Creating environment hook '/home/ubuntu/mako_ws/mako_robot/install/dev_test_tools/share/dev_test_tools/hook/pythonpath.ps1'
[5.491s] INFO:colcon.colcon_core.shell:Creating environment descriptor '/home/ubuntu/mako_ws/mako_robot/install/dev_test_tools/share/dev_test_tools/hook/pythonpath.dsv'
[5.493s] INFO:colcon.colcon_core.shell:Creating environment hook '/home/ubuntu/mako_ws/mako_robot/install/dev_test_tools/share/dev_test_tools/hook/pythonpath.sh'
[5.495s] Level 1:colcon.colcon_core.environment:create_environment_scripts_only(dev_test_tools)
[5.498s] INFO:colcon.colcon_core.shell:Creating package script '/home/ubuntu/mako_ws/mako_robot/install/dev_test_tools/share/dev_test_tools/package.ps1'
[5.500s] INFO:colcon.colcon_core.shell:Creating package descriptor '/home/ubuntu/mako_ws/mako_robot/install/dev_test_tools/share/dev_test_tools/package.dsv'
[5.503s] INFO:colcon.colcon_core.shell:Creating package script '/home/ubuntu/mako_ws/mako_robot/install/dev_test_tools/share/dev_test_tools/package.sh'
[5.506s] INFO:colcon.colcon_core.shell:Creating package script '/home/ubuntu/mako_ws/mako_robot/install/dev_test_tools/share/dev_test_tools/package.bash'
[5.509s] INFO:colcon.colcon_core.shell:Creating package script '/home/ubuntu/mako_ws/mako_robot/install/dev_test_tools/share/dev_test_tools/package.zsh'
[5.511s] Level 1:colcon.colcon_core.environment:create_file_with_runtime_dependencies(/home/ubuntu/mako_ws/mako_robot/install/dev_test_tools/share/colcon-core/packages/dev_test_tools)
[5.513s] DEBUG:colcon.colcon_parallel_executor.executor.parallel:closing loop
[5.514s] DEBUG:colcon.colcon_parallel_executor.executor.parallel:loop closed
[5.515s] DEBUG:colcon.colcon_parallel_executor.executor.parallel:run_until_complete finished with '0'
[5.516s] DEBUG:colcon.colcon_core.event_reactor:joining thread
[5.559s] INFO:colcon.colcon_core.plugin_system:Skipping extension 'colcon_notification.desktop_notification.terminal_notifier': Not used on non-Darwin systems
[5.559s] INFO:colcon.colcon_core.plugin_system:Skipping extension 'colcon_notification.desktop_notification.win32': Not used on non-Windows systems
[5.560s] INFO:colcon.colcon_notification.desktop_notification:Sending desktop notification using 'notify2'
[5.679s] DEBUG:colcon.colcon_core.event_reactor:joined thread
[5.682s] INFO:colcon.colcon_core.shell:Creating prefix script '/home/ubuntu/mako_ws/mako_robot/install/local_setup.ps1'
[5.690s] INFO:colcon.colcon_core.shell:Creating prefix util module '/home/ubuntu/mako_ws/mako_robot/install/_local_setup_util_ps1.py'
[5.698s] INFO:colcon.colcon_core.shell:Creating prefix chain script '/home/ubuntu/mako_ws/mako_robot/install/setup.ps1'
[5.711s] INFO:colcon.colcon_core.shell:Creating prefix script '/home/ubuntu/mako_ws/mako_robot/install/local_setup.sh'
[5.725s] INFO:colcon.colcon_core.shell:Creating prefix util module '/home/ubuntu/mako_ws/mako_robot/install/_local_setup_util_sh.py'
[5.728s] INFO:colcon.colcon_core.shell:Creating prefix chain script '/home/ubuntu/mako_ws/mako_robot/install/setup.sh'
[5.765s] INFO:colcon.colcon_core.shell:Creating prefix script '/home/ubuntu/mako_ws/mako_robot/install/local_setup.bash'
[5.771s] INFO:colcon.colcon_core.shell:Creating prefix chain script '/home/ubuntu/mako_ws/mako_robot/install/setup.bash'
[5.789s] INFO:colcon.colcon_core.shell:Creating prefix script '/home/ubuntu/mako_ws/mako_robot/install/local_setup.zsh'
[5.793s] INFO:colcon.colcon_core.shell:Creating prefix chain script '/home/ubuntu/mako_ws/mako_robot/install/setup.zsh'
