[0.125s] Invoking command in '/home/karim/mako_robot/mako_ws/build/mako_nolang_interfaces': CMAKE_PREFIX_PATH=${CMAKE_PREFIX_PATH}:/home/karim/project_ws/install/ros_project_pkg_py_robot_driver:/home/karim/project_ws/install/dev_test_tools:/home/karim/ros2_ws/install/my_py_pkg:/home/karim/mako_robot/mako_ws/install/mako_py_serial_interface:/home/karim/mako_robot/mako_ws/install/mako_py_feedback_actuators:/home/karim/mako_robot/mako_ws/install/mako_py_brain:/home/karim/mako_robot/mako_ws/install/dev_test_tools:/opt/ros/foxy /usr/bin/cmake --build /home/karim/mako_robot/mako_ws/build/mako_nolang_interfaces -- -j6 -l6
[1.093s] [  6%] Built target mako_nolang_interfaces__cpp
[1.094s] [ 12%] Built target mako_nolang_interfaces__rosidl_generator_c
[1.094s] [ 22%] Built target mako_nolang_interfaces__rosidl_typesupport_cpp
[1.094s] [ 32%] Built target mako_nolang_interfaces__rosidl_typesupport_introspection_c
[1.094s] [ 41%] Built target mako_nolang_interfaces__rosidl_typesupport_introspection_cpp
[1.095s] [ 51%] Built target mako_nolang_interfaces__rosidl_typesupport_c
[1.095s] [ 61%] Built target mako_nolang_interfaces__rosidl_typesupport_fastrtps_cpp
[1.096s] [ 70%] Built target mako_nolang_interfaces__rosidl_typesupport_fastrtps_c
[1.096s] [ 70%] Built target mako_nolang_interfaces
[1.096s] [ 74%] Built target mako_nolang_interfaces__py
[1.096s] [ 80%] Built target mako_nolang_interfaces__python
[1.096s] [ 87%] Built target mako_nolang_interfaces__rosidl_typesupport_fastrtps_c__pyext
[1.096s] [ 93%] Built target mako_nolang_interfaces__rosidl_typesupport_c__pyext
[1.096s] [100%] Built target mako_nolang_interfaces__rosidl_typesupport_introspection_c__pyext
[1.100s] Invoked command in '/home/karim/mako_robot/mako_ws/build/mako_nolang_interfaces' returned '0': CMAKE_PREFIX_PATH=${CMAKE_PREFIX_PATH}:/home/karim/project_ws/install/ros_project_pkg_py_robot_driver:/home/karim/project_ws/install/dev_test_tools:/home/karim/ros2_ws/install/my_py_pkg:/home/karim/mako_robot/mako_ws/install/mako_py_serial_interface:/home/karim/mako_robot/mako_ws/install/mako_py_feedback_actuators:/home/karim/mako_robot/mako_ws/install/mako_py_brain:/home/karim/mako_robot/mako_ws/install/dev_test_tools:/opt/ros/foxy /usr/bin/cmake --build /home/karim/mako_robot/mako_ws/build/mako_nolang_interfaces -- -j6 -l6
[1.333s] Invoking command in '/home/karim/mako_robot/mako_ws/build/mako_nolang_interfaces': CMAKE_PREFIX_PATH=${CMAKE_PREFIX_PATH}:/home/karim/project_ws/install/ros_project_pkg_py_robot_driver:/home/karim/project_ws/install/dev_test_tools:/home/karim/ros2_ws/install/my_py_pkg:/home/karim/mako_robot/mako_ws/install/mako_py_serial_interface:/home/karim/mako_robot/mako_ws/install/mako_py_feedback_actuators:/home/karim/mako_robot/mako_ws/install/mako_py_brain:/home/karim/mako_robot/mako_ws/install/dev_test_tools:/opt/ros/foxy /usr/bin/cmake --install /home/karim/mako_robot/mako_ws/build/mako_nolang_interfaces
[1.350s] -- Install configuration: ""
[1.351s] -- Execute custom install script
[1.353s] -- Up-to-date symlink: /home/karim/mako_robot/mako_ws/install/mako_nolang_interfaces/share/ament_index/resource_index/rosidl_interfaces/mako_nolang_interfaces
[1.367s] -- Up-to-date symlink: /home/karim/mako_robot/mako_ws/install/mako_nolang_interfaces/include/mako_nolang_interfaces/msg/rosidl_generator_c__visibility_control.h
[1.368s] -- Up-to-date symlink: /home/karim/mako_robot/mako_ws/install/mako_nolang_interfaces/include/mako_nolang_interfaces/srv/detail/led_control__functions.h
[1.368s] -- Up-to-date symlink: /home/karim/mako_robot/mako_ws/install/mako_nolang_interfaces/include/mako_nolang_interfaces/srv/detail/led_control__struct.h
[1.368s] -- Up-to-date symlink: /home/karim/mako_robot/mako_ws/install/mako_nolang_interfaces/include/mako_nolang_interfaces/srv/detail/led_control__type_support.h
[1.368s] -- Up-to-date symlink: /home/karim/mako_robot/mako_ws/install/mako_nolang_interfaces/include/mako_nolang_interfaces/srv/led_control.h
[1.368s] -- Up-to-date symlink: /home/karim/mako_robot/mako_ws/install/mako_nolang_interfaces/share/mako_nolang_interfaces/environment/library_path.sh
[1.369s] -- Up-to-date symlink: /home/karim/mako_robot/mako_ws/install/mako_nolang_interfaces/share/mako_nolang_interfaces/environment/library_path.dsv
[1.369s] -- Up-to-date symlink: /home/karim/mako_robot/mako_ws/install/mako_nolang_interfaces/include/mako_nolang_interfaces/msg/rosidl_typesupport_fastrtps_c__visibility_control.h
[1.369s] -- Up-to-date symlink: /home/karim/mako_robot/mako_ws/install/mako_nolang_interfaces/include/mako_nolang_interfaces/srv/detail/led_control__rosidl_typesupport_fastrtps_c.h
[1.369s] -- Up-to-date symlink: /home/karim/mako_robot/mako_ws/install/mako_nolang_interfaces/lib/libmako_nolang_interfaces__rosidl_typesupport_fastrtps_c.so
[1.369s] -- Up-to-date symlink: /home/karim/mako_robot/mako_ws/install/mako_nolang_interfaces/include/mako_nolang_interfaces/msg/rosidl_typesupport_fastrtps_cpp__visibility_control.h
[1.370s] -- Up-to-date symlink: /home/karim/mako_robot/mako_ws/install/mako_nolang_interfaces/include/mako_nolang_interfaces/srv/detail/led_control__rosidl_typesupport_fastrtps_cpp.hpp
[1.370s] -- Up-to-date symlink: /home/karim/mako_robot/mako_ws/install/mako_nolang_interfaces/lib/libmako_nolang_interfaces__rosidl_typesupport_fastrtps_cpp.so
[1.370s] -- Up-to-date symlink: /home/karim/mako_robot/mako_ws/install/mako_nolang_interfaces/include/mako_nolang_interfaces/msg/rosidl_typesupport_introspection_c__visibility_control.h
[1.372s] -- Up-to-date symlink: /home/karim/mako_robot/mako_ws/install/mako_nolang_interfaces/include/mako_nolang_interfaces/srv/detail/led_control__rosidl_typesupport_introspection_c.h
[1.372s] -- Up-to-date symlink: /home/karim/mako_robot/mako_ws/install/mako_nolang_interfaces/include/mako_nolang_interfaces/srv/detail/led_control__builder.hpp
[1.372s] -- Up-to-date symlink: /home/karim/mako_robot/mako_ws/install/mako_nolang_interfaces/include/mako_nolang_interfaces/srv/detail/led_control__struct.hpp
[1.372s] -- Up-to-date symlink: /home/karim/mako_robot/mako_ws/install/mako_nolang_interfaces/include/mako_nolang_interfaces/srv/detail/led_control__traits.hpp
[1.373s] -- Up-to-date symlink: /home/karim/mako_robot/mako_ws/install/mako_nolang_interfaces/include/mako_nolang_interfaces/srv/led_control.hpp
[1.373s] -- Up-to-date symlink: /home/karim/mako_robot/mako_ws/install/mako_nolang_interfaces/include/mako_nolang_interfaces/srv/detail/led_control__rosidl_typesupport_introspection_cpp.hpp
[1.373s] -- Up-to-date symlink: /home/karim/mako_robot/mako_ws/install/mako_nolang_interfaces/share/mako_nolang_interfaces/environment/pythonpath.sh
[1.373s] -- Up-to-date symlink: /home/karim/mako_robot/mako_ws/install/mako_nolang_interfaces/share/mako_nolang_interfaces/environment/pythonpath.dsv
[1.373s] -- Up-to-date symlink: /home/karim/mako_robot/mako_ws/install/mako_nolang_interfaces/lib/python3.8/site-packages/mako_nolang_interfaces/__init__.py
[1.374s] -- Up-to-date symlink: /home/karim/mako_robot/mako_ws/install/mako_nolang_interfaces/lib/python3.8/site-packages/mako_nolang_interfaces/srv/__init__.py
[1.374s] -- Up-to-date symlink: /home/karim/mako_robot/mako_ws/install/mako_nolang_interfaces/lib/python3.8/site-packages/mako_nolang_interfaces/srv/_led_control.py
[1.374s] -- Up-to-date symlink: /home/karim/mako_robot/mako_ws/install/mako_nolang_interfaces/lib/python3.8/site-packages/mako_nolang_interfaces/mako_nolang_interfaces_s__rosidl_typesupport_fastrtps_c.cpython-38-x86_64-linux-gnu.so
[1.374s] -- Up-to-date symlink: /home/karim/mako_robot/mako_ws/install/mako_nolang_interfaces/lib/python3.8/site-packages/mako_nolang_interfaces/mako_nolang_interfaces_s__rosidl_typesupport_introspection_c.cpython-38-x86_64-linux-gnu.so
[1.374s] -- Up-to-date symlink: /home/karim/mako_robot/mako_ws/install/mako_nolang_interfaces/lib/python3.8/site-packages/mako_nolang_interfaces/mako_nolang_interfaces_s__rosidl_typesupport_c.cpython-38-x86_64-linux-gnu.so
[1.374s] -- Up-to-date symlink: /home/karim/mako_robot/mako_ws/install/mako_nolang_interfaces/lib/libmako_nolang_interfaces__python.so
[1.374s] -- Up-to-date symlink: /home/karim/mako_robot/mako_ws/install/mako_nolang_interfaces/share/mako_nolang_interfaces/srv/LedControl.idl
[1.375s] -- Up-to-date symlink: /home/karim/mako_robot/mako_ws/install/mako_nolang_interfaces/share/mako_nolang_interfaces/srv/LedControl.srv
[1.375s] -- Up-to-date symlink: /home/karim/mako_robot/mako_ws/install/mako_nolang_interfaces/share/mako_nolang_interfaces/srv/LedControl_Request.msg
[1.375s] -- Up-to-date symlink: /home/karim/mako_robot/mako_ws/install/mako_nolang_interfaces/share/mako_nolang_interfaces/srv/LedControl_Response.msg
[1.375s] -- Up-to-date symlink: /home/karim/mako_robot/mako_ws/install/mako_nolang_interfaces/share/ament_index/resource_index/package_run_dependencies/mako_nolang_interfaces
[1.375s] -- Up-to-date symlink: /home/karim/mako_robot/mako_ws/install/mako_nolang_interfaces/share/ament_index/resource_index/parent_prefix_path/mako_nolang_interfaces
[1.375s] -- Up-to-date symlink: /home/karim/mako_robot/mako_ws/install/mako_nolang_interfaces/share/mako_nolang_interfaces/environment/ament_prefix_path.sh
[1.375s] -- Up-to-date symlink: /home/karim/mako_robot/mako_ws/install/mako_nolang_interfaces/share/mako_nolang_interfaces/environment/ament_prefix_path.dsv
[1.376s] -- Up-to-date symlink: /home/karim/mako_robot/mako_ws/install/mako_nolang_interfaces/share/mako_nolang_interfaces/environment/path.sh
[1.376s] -- Up-to-date symlink: /home/karim/mako_robot/mako_ws/install/mako_nolang_interfaces/share/mako_nolang_interfaces/environment/path.dsv
[1.376s] -- Up-to-date symlink: /home/karim/mako_robot/mako_ws/install/mako_nolang_interfaces/share/mako_nolang_interfaces/local_setup.bash
[1.376s] -- Up-to-date symlink: /home/karim/mako_robot/mako_ws/install/mako_nolang_interfaces/share/mako_nolang_interfaces/local_setup.sh
[1.378s] -- Up-to-date symlink: /home/karim/mako_robot/mako_ws/install/mako_nolang_interfaces/share/mako_nolang_interfaces/local_setup.zsh
[1.378s] -- Up-to-date symlink: /home/karim/mako_robot/mako_ws/install/mako_nolang_interfaces/share/mako_nolang_interfaces/local_setup.dsv
[1.380s] -- Symlinking: /home/karim/mako_robot/mako_ws/install/mako_nolang_interfaces/share/mako_nolang_interfaces/package.dsv
[1.394s] -- Up-to-date symlink: /home/karim/mako_robot/mako_ws/install/mako_nolang_interfaces/share/ament_index/resource_index/packages/mako_nolang_interfaces
[1.395s] -- Up-to-date symlink: /home/karim/mako_robot/mako_ws/install/mako_nolang_interfaces/share/mako_nolang_interfaces/cmake/rosidl_cmake-extras.cmake
[1.395s] -- Up-to-date symlink: /home/karim/mako_robot/mako_ws/install/mako_nolang_interfaces/share/mako_nolang_interfaces/cmake/ament_cmake_export_dependencies-extras.cmake
[1.396s] -- Up-to-date symlink: /home/karim/mako_robot/mako_ws/install/mako_nolang_interfaces/share/mako_nolang_interfaces/cmake/ament_cmake_export_libraries-extras.cmake
[1.396s] -- Up-to-date symlink: /home/karim/mako_robot/mako_ws/install/mako_nolang_interfaces/share/mako_nolang_interfaces/cmake/ament_cmake_export_targets-extras.cmake
[1.397s] -- Up-to-date symlink: /home/karim/mako_robot/mako_ws/install/mako_nolang_interfaces/share/mako_nolang_interfaces/cmake/ament_cmake_export_include_directories-extras.cmake
[1.398s] -- Up-to-date symlink: /home/karim/mako_robot/mako_ws/install/mako_nolang_interfaces/share/mako_nolang_interfaces/cmake/rosidl_cmake_export_typesupport_libraries-extras.cmake
[1.398s] -- Up-to-date symlink: /home/karim/mako_robot/mako_ws/install/mako_nolang_interfaces/share/mako_nolang_interfaces/cmake/rosidl_cmake_export_typesupport_targets-extras.cmake
[1.399s] -- Up-to-date symlink: /home/karim/mako_robot/mako_ws/install/mako_nolang_interfaces/share/mako_nolang_interfaces/cmake/mako_nolang_interfacesConfig.cmake
[1.400s] -- Up-to-date symlink: /home/karim/mako_robot/mako_ws/install/mako_nolang_interfaces/share/mako_nolang_interfaces/cmake/mako_nolang_interfacesConfig-version.cmake
[1.400s] -- Up-to-date symlink: /home/karim/mako_robot/mako_ws/install/mako_nolang_interfaces/share/mako_nolang_interfaces/package.xml
[1.400s] -- Up-to-date: /home/karim/mako_robot/mako_ws/install/mako_nolang_interfaces/lib/libmako_nolang_interfaces__rosidl_generator_c.so
[1.402s] -- Up-to-date: /home/karim/mako_robot/mako_ws/install/mako_nolang_interfaces/lib/libmako_nolang_interfaces__rosidl_typesupport_introspection_c.so
[1.403s] -- Up-to-date: /home/karim/mako_robot/mako_ws/install/mako_nolang_interfaces/lib/libmako_nolang_interfaces__rosidl_typesupport_c.so
[1.404s] -- Up-to-date: /home/karim/mako_robot/mako_ws/install/mako_nolang_interfaces/lib/libmako_nolang_interfaces__rosidl_typesupport_introspection_cpp.so
[1.404s] -- Up-to-date: /home/karim/mako_robot/mako_ws/install/mako_nolang_interfaces/lib/libmako_nolang_interfaces__rosidl_typesupport_cpp.so
[1.477s] -- Up-to-date: /home/karim/mako_robot/mako_ws/install/mako_nolang_interfaces/share/mako_nolang_interfaces/cmake/mako_nolang_interfaces__rosidl_generator_cExport.cmake
[1.478s] -- Up-to-date: /home/karim/mako_robot/mako_ws/install/mako_nolang_interfaces/share/mako_nolang_interfaces/cmake/mako_nolang_interfaces__rosidl_generator_cExport-noconfig.cmake
[1.478s] -- Up-to-date: /home/karim/mako_robot/mako_ws/install/mako_nolang_interfaces/share/mako_nolang_interfaces/cmake/mako_nolang_interfaces__rosidl_typesupport_introspection_cExport.cmake
[1.478s] -- Up-to-date: /home/karim/mako_robot/mako_ws/install/mako_nolang_interfaces/share/mako_nolang_interfaces/cmake/mako_nolang_interfaces__rosidl_typesupport_introspection_cExport-noconfig.cmake
[1.478s] -- Up-to-date: /home/karim/mako_robot/mako_ws/install/mako_nolang_interfaces/share/mako_nolang_interfaces/cmake/mako_nolang_interfaces__rosidl_typesupport_cExport.cmake
[1.479s] -- Up-to-date: /home/karim/mako_robot/mako_ws/install/mako_nolang_interfaces/share/mako_nolang_interfaces/cmake/mako_nolang_interfaces__rosidl_typesupport_cExport-noconfig.cmake
[1.479s] -- Up-to-date: /home/karim/mako_robot/mako_ws/install/mako_nolang_interfaces/share/mako_nolang_interfaces/cmake/mako_nolang_interfaces__rosidl_generator_cppExport.cmake
[1.479s] -- Up-to-date: /home/karim/mako_robot/mako_ws/install/mako_nolang_interfaces/share/mako_nolang_interfaces/cmake/mako_nolang_interfaces__rosidl_typesupport_introspection_cppExport.cmake
[1.480s] -- Up-to-date: /home/karim/mako_robot/mako_ws/install/mako_nolang_interfaces/share/mako_nolang_interfaces/cmake/mako_nolang_interfaces__rosidl_typesupport_introspection_cppExport-noconfig.cmake
[1.480s] -- Up-to-date: /home/karim/mako_robot/mako_ws/install/mako_nolang_interfaces/share/mako_nolang_interfaces/cmake/mako_nolang_interfaces__rosidl_typesupport_cppExport.cmake
[1.480s] -- Up-to-date: /home/karim/mako_robot/mako_ws/install/mako_nolang_interfaces/share/mako_nolang_interfaces/cmake/mako_nolang_interfaces__rosidl_typesupport_cppExport-noconfig.cmake
[1.485s] Invoked command in '/home/karim/mako_robot/mako_ws/build/mako_nolang_interfaces' returned '0': CMAKE_PREFIX_PATH=${CMAKE_PREFIX_PATH}:/home/karim/project_ws/install/ros_project_pkg_py_robot_driver:/home/karim/project_ws/install/dev_test_tools:/home/karim/ros2_ws/install/my_py_pkg:/home/karim/mako_robot/mako_ws/install/mako_py_serial_interface:/home/karim/mako_robot/mako_ws/install/mako_py_feedback_actuators:/home/karim/mako_robot/mako_ws/install/mako_py_brain:/home/karim/mako_robot/mako_ws/install/dev_test_tools:/opt/ros/foxy /usr/bin/cmake --install /home/karim/mako_robot/mako_ws/build/mako_nolang_interfaces
