[0.384s] Invoking command in '/home/karim/mako_robot/mako_ws/build/rplidar_ros': CMAKE_PREFIX_PATH=${CMAKE_PREFIX_PATH}:/home/karim/project_ws/install/ros_project_pkg_py_robot_driver:/home/karim/project_ws/install/dev_test_tools:/home/karim/ros2_ws/install/my_py_pkg:/home/karim/mako_robot/mako_ws/install/mako_py_serial_interface:/home/karim/mako_robot/mako_ws/install/mako_py_feedback_actuators:/home/karim/mako_robot/mako_ws/install/mako_py_brain:/home/karim/mako_robot/mako_ws/install/dev_test_tools:/opt/ros/foxy /usr/bin/cmake --build /home/karim/mako_robot/mako_ws/build/rplidar_ros -- -j6 -l6
[0.474s] [ 11%] Built target rplidarNodeClient
[0.479s] [ 50%] Built target rplidar_composition_node
[0.479s] [ 88%] Built target rplidarNode
[0.523s] [100%] Built target rplidar_composition
[0.553s] Invoked command in '/home/karim/mako_robot/mako_ws/build/rplidar_ros' returned '0': CMAKE_PREFIX_PATH=${CMAKE_PREFIX_PATH}:/home/karim/project_ws/install/ros_project_pkg_py_robot_driver:/home/karim/project_ws/install/dev_test_tools:/home/karim/ros2_ws/install/my_py_pkg:/home/karim/mako_robot/mako_ws/install/mako_py_serial_interface:/home/karim/mako_robot/mako_ws/install/mako_py_feedback_actuators:/home/karim/mako_robot/mako_ws/install/mako_py_brain:/home/karim/mako_robot/mako_ws/install/dev_test_tools:/opt/ros/foxy /usr/bin/cmake --build /home/karim/mako_robot/mako_ws/build/rplidar_ros -- -j6 -l6
[0.691s] Invoking command in '/home/karim/mako_robot/mako_ws/build/rplidar_ros': CMAKE_PREFIX_PATH=${CMAKE_PREFIX_PATH}:/home/karim/project_ws/install/ros_project_pkg_py_robot_driver:/home/karim/project_ws/install/dev_test_tools:/home/karim/ros2_ws/install/my_py_pkg:/home/karim/mako_robot/mako_ws/install/mako_py_serial_interface:/home/karim/mako_robot/mako_ws/install/mako_py_feedback_actuators:/home/karim/mako_robot/mako_ws/install/mako_py_brain:/home/karim/mako_robot/mako_ws/install/dev_test_tools:/opt/ros/foxy /usr/bin/cmake --install /home/karim/mako_robot/mako_ws/build/rplidar_ros
[0.701s] -- Install configuration: ""
[0.702s] -- Execute custom install script
[0.703s] -- Up-to-date symlink: /home/karim/mako_robot/mako_ws/install/rplidar_ros/lib/rplidar_ros/rplidarNode
[0.703s] -- Up-to-date symlink: /home/karim/mako_robot/mako_ws/install/rplidar_ros/lib/rplidar_ros/rplidarNodeClient
[0.706s] -- Up-to-date symlink: /home/karim/mako_robot/mako_ws/install/rplidar_ros/lib/rplidar_ros/rplidar_composition
[0.709s] -- Up-to-date symlink: /home/karim/mako_robot/mako_ws/install/rplidar_ros/share/rplidar_ros/launch/rplidar.launch.py
[0.710s] -- Up-to-date symlink: /home/karim/mako_robot/mako_ws/install/rplidar_ros/share/rplidar_ros/launch/rplidar_a3.launch.py
[0.710s] -- Up-to-date symlink: /home/karim/mako_robot/mako_ws/install/rplidar_ros/share/rplidar_ros/launch/rplidar_s1.launch.py
[0.711s] -- Up-to-date symlink: /home/karim/mako_robot/mako_ws/install/rplidar_ros/share/rplidar_ros/launch/rplidar_s1_tcp.launch.py
[0.711s] -- Up-to-date symlink: /home/karim/mako_robot/mako_ws/install/rplidar_ros/share/rplidar_ros/launch/test_rplidar.launch.py
[0.711s] -- Up-to-date symlink: /home/karim/mako_robot/mako_ws/install/rplidar_ros/share/rplidar_ros/launch/test_rplidar_a3.launch.py
[0.712s] -- Up-to-date symlink: /home/karim/mako_robot/mako_ws/install/rplidar_ros/share/rplidar_ros/launch/view_rplidar.launch.py
[0.713s] -- Up-to-date symlink: /home/karim/mako_robot/mako_ws/install/rplidar_ros/share/rplidar_ros/launch/view_rplidar_a3.launch.py
[0.714s] -- Up-to-date symlink: /home/karim/mako_robot/mako_ws/install/rplidar_ros/share/rplidar_ros/launch/view_rplidar_s1.launch.py
[0.714s] -- Up-to-date symlink: /home/karim/mako_robot/mako_ws/install/rplidar_ros/share/rplidar_ros/launch/view_rplidar_s1_tcp.launch.py
[0.714s] -- Up-to-date symlink: /home/karim/mako_robot/mako_ws/install/rplidar_ros/share/rplidar_ros/rviz/rplidar.rviz
[0.714s] -- Up-to-date symlink: /home/karim/mako_robot/mako_ws/install/rplidar_ros/lib/librplidar_composition_node.so
[0.715s] -- Up-to-date symlink: /home/karim/mako_robot/mako_ws/install/rplidar_ros/include/rplidar_node.hpp
[0.715s] -- Up-to-date symlink: /home/karim/mako_robot/mako_ws/install/rplidar_ros/include/visibility.h
[0.715s] -- Up-to-date symlink: /home/karim/mako_robot/mako_ws/install/rplidar_ros/lib/rplidar_ros/rplidarNode
[0.715s] -- Up-to-date symlink: /home/karim/mako_robot/mako_ws/install/rplidar_ros/lib/rplidar_ros/rplidarNodeClient
[0.717s] -- Up-to-date symlink: /home/karim/mako_robot/mako_ws/install/rplidar_ros/lib/rplidar_ros/rplidar_composition
[0.717s] -- Up-to-date symlink: /home/karim/mako_robot/mako_ws/install/rplidar_ros/share/ament_index/resource_index/package_run_dependencies/rplidar_ros
[0.717s] -- Up-to-date symlink: /home/karim/mako_robot/mako_ws/install/rplidar_ros/share/ament_index/resource_index/parent_prefix_path/rplidar_ros
[0.718s] -- Up-to-date symlink: /home/karim/mako_robot/mako_ws/install/rplidar_ros/share/rplidar_ros/environment/ament_prefix_path.sh
[0.718s] -- Up-to-date symlink: /home/karim/mako_robot/mako_ws/install/rplidar_ros/share/rplidar_ros/environment/ament_prefix_path.dsv
[0.720s] -- Up-to-date symlink: /home/karim/mako_robot/mako_ws/install/rplidar_ros/share/rplidar_ros/environment/path.sh
[0.720s] -- Up-to-date symlink: /home/karim/mako_robot/mako_ws/install/rplidar_ros/share/rplidar_ros/environment/path.dsv
[0.720s] -- Up-to-date symlink: /home/karim/mako_robot/mako_ws/install/rplidar_ros/share/rplidar_ros/local_setup.bash
[0.720s] -- Up-to-date symlink: /home/karim/mako_robot/mako_ws/install/rplidar_ros/share/rplidar_ros/local_setup.sh
[0.720s] -- Up-to-date symlink: /home/karim/mako_robot/mako_ws/install/rplidar_ros/share/rplidar_ros/local_setup.zsh
[0.720s] -- Up-to-date symlink: /home/karim/mako_robot/mako_ws/install/rplidar_ros/share/rplidar_ros/local_setup.dsv
[0.720s] -- Symlinking: /home/karim/mako_robot/mako_ws/install/rplidar_ros/share/rplidar_ros/package.dsv
[0.731s] -- Up-to-date symlink: /home/karim/mako_robot/mako_ws/install/rplidar_ros/share/ament_index/resource_index/packages/rplidar_ros
[0.732s] -- Up-to-date symlink: /home/karim/mako_robot/mako_ws/install/rplidar_ros/share/rplidar_ros/cmake/ament_cmake_export_dependencies-extras.cmake
[0.732s] -- Up-to-date symlink: /home/karim/mako_robot/mako_ws/install/rplidar_ros/share/rplidar_ros/cmake/ament_cmake_export_include_directories-extras.cmake
[0.732s] -- Up-to-date symlink: /home/karim/mako_robot/mako_ws/install/rplidar_ros/share/rplidar_ros/cmake/rplidar_rosConfig.cmake
[0.733s] -- Up-to-date symlink: /home/karim/mako_robot/mako_ws/install/rplidar_ros/share/rplidar_ros/cmake/rplidar_rosConfig-version.cmake
[0.733s] -- Up-to-date symlink: /home/karim/mako_robot/mako_ws/install/rplidar_ros/share/rplidar_ros/package.xml
[0.737s] Invoked command in '/home/karim/mako_robot/mako_ws/build/rplidar_ros' returned '0': CMAKE_PREFIX_PATH=${CMAKE_PREFIX_PATH}:/home/karim/project_ws/install/ros_project_pkg_py_robot_driver:/home/karim/project_ws/install/dev_test_tools:/home/karim/ros2_ws/install/my_py_pkg:/home/karim/mako_robot/mako_ws/install/mako_py_serial_interface:/home/karim/mako_robot/mako_ws/install/mako_py_feedback_actuators:/home/karim/mako_robot/mako_ws/install/mako_py_brain:/home/karim/mako_robot/mako_ws/install/dev_test_tools:/opt/ros/foxy /usr/bin/cmake --install /home/karim/mako_robot/mako_ws/build/rplidar_ros
