[0.128s] Invoking command in '/home/karim/mako_robot/mako_ws/build/mako_nolang_interfaces': CMAKE_PREFIX_PATH=${CMAKE_PREFIX_PATH}:/home/karim/project_ws/install/ros_project_pkg_py_robot_driver:/home/karim/project_ws/install/dev_test_tools:/home/karim/ros2_ws/install/my_py_pkg:/home/karim/mako_robot/mako_ws/install/mako_py_serial_interface:/home/karim/mako_robot/mako_ws/install/mako_py_feedback_actuators:/home/karim/mako_robot/mako_ws/install/mako_py_brain:/home/karim/mako_robot/mako_ws/install/dev_test_tools:/opt/ros/foxy /usr/bin/cmake --build /home/karim/mako_robot/mako_ws/build/mako_nolang_interfaces -- -j6 -l6
[0.452s] -- Found ament_cmake: 0.9.8 (/opt/ros/foxy/share/ament_cmake/cmake)
[0.452s] -- Found PythonInterp: /usr/bin/python3 (found suitable version "3.8.10", minimum required is "3") 
[0.452s] -- Using PYTHON_EXECUTABLE: /usr/bin/python3
[0.452s] -- Override CMake install command with custom implementation using symlinks instead of copying resources
[0.463s] -- Found rosidl_default_generators: 1.0.0 (/opt/ros/foxy/share/rosidl_default_generators/cmake)
[0.483s] -- Using all available rosidl_typesupport_c: rosidl_typesupport_fastrtps_c;rosidl_typesupport_introspection_c
[0.483s] -- Found rosidl_adapter: 1.2.0 (/opt/ros/foxy/share/rosidl_adapter/cmake)
[0.641s] -- Using all available rosidl_typesupport_cpp: rosidl_typesupport_fastrtps_cpp;rosidl_typesupport_introspection_cpp
[0.751s] -- Found PythonInterp: /usr/bin/python3 (found version "3.8.10") 
[0.975s] -- Found ament_cmake_ros: 0.9.0 (/opt/ros/foxy/share/ament_cmake_ros/cmake)
[1.161s] -- Using all available rosidl_typesupport_c: rosidl_typesupport_fastrtps_c;rosidl_typesupport_introspection_c
[1.175s] -- Using all available rosidl_typesupport_cpp: rosidl_typesupport_fastrtps_cpp;rosidl_typesupport_introspection_cpp
[1.226s] -- Found PythonInterp: /usr/bin/python3 (found suitable version "3.8.10", minimum required is "3.5") 
[1.226s] -- Found python_cmake_module: 0.8.0 (/opt/ros/foxy/share/python_cmake_module/cmake)
[1.270s] -- Using PYTHON_EXECUTABLE: /usr/bin/python3
[1.270s] -- Using PYTHON_INCLUDE_DIRS: /usr/include/python3.8
[1.270s] -- Using PYTHON_LIBRARIES: /usr/lib/x86_64-linux-gnu/libpython3.8.so
[1.321s] -- Configuring done
[1.396s] -- Generating done
[1.415s] -- Build files have been written to: /home/karim/mako_robot/mako_ws/build/mako_nolang_interfaces
[1.454s] [  1%] [34m[1mGenerating C code for ROS interfaces[0m
[1.454s] [35m[1mScanning dependencies of target mako_nolang_interfaces__cpp[0m
[1.473s] [  2%] [34m[1mGenerating C++ code for ROS interfaces[0m
[2.265s] [  2%] Built target mako_nolang_interfaces__cpp
[2.282s] [  4%] [34m[1mGenerating C++ type support dispatch for ROS interfaces[0m
[2.290s] [  5%] [34m[1mGenerating C++ type support for eProsima Fast-RTPS[0m
[2.305s] [  7%] [34m[1mGenerating C++ introspection for ROS interfaces[0m
[2.312s] [35m[1mScanning dependencies of target mako_nolang_interfaces__rosidl_generator_c[0m
[2.344s] [  8%] [32mBuilding C object CMakeFiles/mako_nolang_interfaces__rosidl_generator_c.dir/rosidl_generator_c/mako_nolang_interfaces/srv/detail/motor_control__functions.c.o[0m
[2.344s] [  9%] [32mBuilding C object CMakeFiles/mako_nolang_interfaces__rosidl_generator_c.dir/rosidl_generator_c/mako_nolang_interfaces/srv/detail/led_control__functions.c.o[0m
[2.344s] [ 11%] [32mBuilding C object CMakeFiles/mako_nolang_interfaces__rosidl_generator_c.dir/rosidl_generator_c/mako_nolang_interfaces/srv/detail/servo_control__functions.c.o[0m
[2.837s] [ 12%] [32mBuilding C object CMakeFiles/mako_nolang_interfaces__rosidl_generator_c.dir/rosidl_generator_c/mako_nolang_interfaces/msg/detail/mako_server_message__functions.c.o[0m
[2.838s] [ 14%] [32mBuilding C object CMakeFiles/mako_nolang_interfaces__rosidl_generator_c.dir/rosidl_generator_c/mako_nolang_interfaces/srv/detail/arduino_command__functions.c.o[0m
[2.838s] [ 15%] [32mBuilding C object CMakeFiles/mako_nolang_interfaces__rosidl_generator_c.dir/rosidl_generator_c/mako_nolang_interfaces/srv/detail/tts_command__functions.c.o[0m
[2.898s] [ 16%] [32m[1mLinking C shared library libmako_nolang_interfaces__rosidl_generator_c.so[0m
[2.912s] [35m[1mScanning dependencies of target mako_nolang_interfaces__rosidl_typesupport_cpp[0m
[2.937s] [ 18%] [32mBuilding CXX object CMakeFiles/mako_nolang_interfaces__rosidl_typesupport_cpp.dir/rosidl_typesupport_cpp/mako_nolang_interfaces/srv/led_control__type_support.cpp.o[0m
[2.939s] [ 19%] [32mBuilding CXX object CMakeFiles/mako_nolang_interfaces__rosidl_typesupport_cpp.dir/rosidl_typesupport_cpp/mako_nolang_interfaces/srv/servo_control__type_support.cpp.o[0m
[2.963s] [ 21%] [32mBuilding CXX object CMakeFiles/mako_nolang_interfaces__rosidl_typesupport_cpp.dir/rosidl_typesupport_cpp/mako_nolang_interfaces/srv/motor_control__type_support.cpp.o[0m
[3.042s] [ 21%] Built target mako_nolang_interfaces__rosidl_generator_c
[3.062s] [ 22%] [32mBuilding CXX object CMakeFiles/mako_nolang_interfaces__rosidl_typesupport_cpp.dir/rosidl_typesupport_cpp/mako_nolang_interfaces/srv/arduino_command__type_support.cpp.o[0m
[3.175s] [35m[1mScanning dependencies of target mako_nolang_interfaces__rosidl_typesupport_introspection_cpp[0m
[3.224s] [ 23%] [32mBuilding CXX object CMakeFiles/mako_nolang_interfaces__rosidl_typesupport_introspection_cpp.dir/rosidl_typesupport_introspection_cpp/mako_nolang_interfaces/srv/detail/led_control__type_support.cpp.o[0m
[3.492s] [35m[1mScanning dependencies of target mako_nolang_interfaces__rosidl_typesupport_fastrtps_cpp[0m
[3.573s] [ 25%] [32mBuilding CXX object CMakeFiles/mako_nolang_interfaces__rosidl_typesupport_fastrtps_cpp.dir/rosidl_typesupport_fastrtps_cpp/mako_nolang_interfaces/srv/detail/dds_fastrtps/led_control__type_support.cpp.o[0m
[4.042s] [ 26%] [34m[1mGenerating C introspection for ROS interfaces[0m
[4.058s] [ 28%] [32mBuilding CXX object CMakeFiles/mako_nolang_interfaces__rosidl_typesupport_introspection_cpp.dir/rosidl_typesupport_introspection_cpp/mako_nolang_interfaces/srv/detail/servo_control__type_support.cpp.o[0m
[4.060s] [ 29%] [32mBuilding CXX object CMakeFiles/mako_nolang_interfaces__rosidl_typesupport_cpp.dir/rosidl_typesupport_cpp/mako_nolang_interfaces/srv/tts_command__type_support.cpp.o[0m
[4.067s] [ 30%] [34m[1mGenerating C type support dispatch for ROS interfaces[0m
[4.121s] [ 32%] [32mBuilding CXX object CMakeFiles/mako_nolang_interfaces__rosidl_typesupport_cpp.dir/rosidl_typesupport_cpp/mako_nolang_interfaces/msg/mako_server_message__type_support.cpp.o[0m
[4.366s] [ 33%] [32mBuilding CXX object CMakeFiles/mako_nolang_interfaces__rosidl_typesupport_fastrtps_cpp.dir/rosidl_typesupport_fastrtps_cpp/mako_nolang_interfaces/srv/detail/dds_fastrtps/servo_control__type_support.cpp.o[0m
[4.500s] [ 35%] [32mBuilding CXX object CMakeFiles/mako_nolang_interfaces__rosidl_typesupport_fastrtps_cpp.dir/rosidl_typesupport_fastrtps_cpp/mako_nolang_interfaces/srv/detail/dds_fastrtps/motor_control__type_support.cpp.o[0m
[4.511s] [ 36%] [32mBuilding CXX object CMakeFiles/mako_nolang_interfaces__rosidl_typesupport_introspection_cpp.dir/rosidl_typesupport_introspection_cpp/mako_nolang_interfaces/srv/detail/motor_control__type_support.cpp.o[0m
[4.553s] [ 38%] [32m[1mLinking CXX shared library libmako_nolang_interfaces__rosidl_typesupport_cpp.so[0m
[4.613s] [ 38%] Built target mako_nolang_interfaces__rosidl_typesupport_cpp
[4.625s] [ 39%] [32mBuilding CXX object CMakeFiles/mako_nolang_interfaces__rosidl_typesupport_introspection_cpp.dir/rosidl_typesupport_introspection_cpp/mako_nolang_interfaces/srv/detail/arduino_command__type_support.cpp.o[0m
[4.748s] [35m[1mScanning dependencies of target mako_nolang_interfaces__rosidl_typesupport_c[0m
[4.770s] [ 40%] [32mBuilding CXX object CMakeFiles/mako_nolang_interfaces__rosidl_typesupport_c.dir/rosidl_typesupport_c/mako_nolang_interfaces/srv/led_control__type_support.cpp.o[0m
[4.815s] [ 42%] [32mBuilding CXX object CMakeFiles/mako_nolang_interfaces__rosidl_typesupport_c.dir/rosidl_typesupport_c/mako_nolang_interfaces/srv/servo_control__type_support.cpp.o[0m
[4.868s] [ 43%] [32mBuilding CXX object CMakeFiles/mako_nolang_interfaces__rosidl_typesupport_c.dir/rosidl_typesupport_c/mako_nolang_interfaces/srv/motor_control__type_support.cpp.o[0m
[4.913s] [ 45%] [32mBuilding CXX object CMakeFiles/mako_nolang_interfaces__rosidl_typesupport_introspection_cpp.dir/rosidl_typesupport_introspection_cpp/mako_nolang_interfaces/srv/detail/tts_command__type_support.cpp.o[0m
[4.923s] [ 46%] [32mBuilding CXX object CMakeFiles/mako_nolang_interfaces__rosidl_typesupport_c.dir/rosidl_typesupport_c/mako_nolang_interfaces/srv/arduino_command__type_support.cpp.o[0m
[4.944s] [ 47%] [32mBuilding CXX object CMakeFiles/mako_nolang_interfaces__rosidl_typesupport_fastrtps_cpp.dir/rosidl_typesupport_fastrtps_cpp/mako_nolang_interfaces/srv/detail/dds_fastrtps/arduino_command__type_support.cpp.o[0m
[4.982s] [ 49%] [32mBuilding CXX object CMakeFiles/mako_nolang_interfaces__rosidl_typesupport_c.dir/rosidl_typesupport_c/mako_nolang_interfaces/srv/tts_command__type_support.cpp.o[0m
[4.996s] [35m[1mScanning dependencies of target mako_nolang_interfaces__rosidl_typesupport_introspection_c[0m
[5.023s] [ 50%] [32mBuilding C object CMakeFiles/mako_nolang_interfaces__rosidl_typesupport_introspection_c.dir/rosidl_typesupport_introspection_c/mako_nolang_interfaces/srv/detail/led_control__type_support.c.o[0m
[5.027s] [ 52%] [32mBuilding C object CMakeFiles/mako_nolang_interfaces__rosidl_typesupport_introspection_c.dir/rosidl_typesupport_introspection_c/mako_nolang_interfaces/srv/detail/servo_control__type_support.c.o[0m
[5.036s] [ 53%] [32mBuilding CXX object CMakeFiles/mako_nolang_interfaces__rosidl_typesupport_c.dir/rosidl_typesupport_c/mako_nolang_interfaces/msg/mako_server_message__type_support.cpp.o[0m
[5.084s] [ 54%] [32mBuilding C object CMakeFiles/mako_nolang_interfaces__rosidl_typesupport_introspection_c.dir/rosidl_typesupport_introspection_c/mako_nolang_interfaces/srv/detail/motor_control__type_support.c.o[0m
[5.091s] [ 56%] [32mBuilding C object CMakeFiles/mako_nolang_interfaces__rosidl_typesupport_introspection_c.dir/rosidl_typesupport_introspection_c/mako_nolang_interfaces/srv/detail/arduino_command__type_support.c.o[0m
[5.094s] [ 57%] [32m[1mLinking CXX shared library libmako_nolang_interfaces__rosidl_typesupport_c.so[0m
[5.104s] [ 59%] [32mBuilding CXX object CMakeFiles/mako_nolang_interfaces__rosidl_typesupport_fastrtps_cpp.dir/rosidl_typesupport_fastrtps_cpp/mako_nolang_interfaces/srv/detail/dds_fastrtps/tts_command__type_support.cpp.o[0m
[5.145s] [ 60%] [32mBuilding C object CMakeFiles/mako_nolang_interfaces__rosidl_typesupport_introspection_c.dir/rosidl_typesupport_introspection_c/mako_nolang_interfaces/msg/detail/mako_server_message__type_support.c.o[0m
[5.158s] [ 61%] [32mBuilding C object CMakeFiles/mako_nolang_interfaces__rosidl_typesupport_introspection_c.dir/rosidl_typesupport_introspection_c/mako_nolang_interfaces/srv/detail/tts_command__type_support.c.o[0m
[5.175s] [ 61%] Built target mako_nolang_interfaces__rosidl_typesupport_c
[5.188s] [ 63%] [32mBuilding CXX object CMakeFiles/mako_nolang_interfaces__rosidl_typesupport_fastrtps_cpp.dir/rosidl_typesupport_fastrtps_cpp/mako_nolang_interfaces/msg/detail/dds_fastrtps/mako_server_message__type_support.cpp.o[0m
[5.193s] [ 64%] [32mBuilding CXX object CMakeFiles/mako_nolang_interfaces__rosidl_typesupport_introspection_cpp.dir/rosidl_typesupport_introspection_cpp/mako_nolang_interfaces/msg/detail/mako_server_message__type_support.cpp.o[0m
[5.207s] [ 66%] [32m[1mLinking C shared library libmako_nolang_interfaces__rosidl_typesupport_introspection_c.so[0m
[5.304s] [ 66%] Built target mako_nolang_interfaces__rosidl_typesupport_introspection_c
[5.516s] [ 67%] [32m[1mLinking CXX shared library libmako_nolang_interfaces__rosidl_typesupport_introspection_cpp.so[0m
[5.669s] [ 67%] Built target mako_nolang_interfaces__rosidl_typesupport_introspection_cpp
[5.710s] [ 69%] [32m[1mLinking CXX shared library libmako_nolang_interfaces__rosidl_typesupport_fastrtps_cpp.so[0m
[5.839s] [ 69%] Built target mako_nolang_interfaces__rosidl_typesupport_fastrtps_cpp
[5.863s] [ 70%] [34m[1mGenerating C type support for eProsima Fast-RTPS[0m
[6.564s] [35m[1mScanning dependencies of target mako_nolang_interfaces__rosidl_typesupport_fastrtps_c[0m
[6.609s] [ 71%] [32mBuilding CXX object CMakeFiles/mako_nolang_interfaces__rosidl_typesupport_fastrtps_c.dir/rosidl_typesupport_fastrtps_c/mako_nolang_interfaces/srv/detail/led_control__type_support_c.cpp.o[0m
[6.610s] [ 73%] [32mBuilding CXX object CMakeFiles/mako_nolang_interfaces__rosidl_typesupport_fastrtps_c.dir/rosidl_typesupport_fastrtps_c/mako_nolang_interfaces/srv/detail/servo_control__type_support_c.cpp.o[0m
[6.611s] [ 74%] [32mBuilding CXX object CMakeFiles/mako_nolang_interfaces__rosidl_typesupport_fastrtps_c.dir/rosidl_typesupport_fastrtps_c/mako_nolang_interfaces/srv/detail/motor_control__type_support_c.cpp.o[0m
[6.614s] [ 76%] [32mBuilding CXX object CMakeFiles/mako_nolang_interfaces__rosidl_typesupport_fastrtps_c.dir/rosidl_typesupport_fastrtps_c/mako_nolang_interfaces/msg/detail/mako_server_message__type_support_c.cpp.o[0m
[6.634s] [ 77%] [32mBuilding CXX object CMakeFiles/mako_nolang_interfaces__rosidl_typesupport_fastrtps_c.dir/rosidl_typesupport_fastrtps_c/mako_nolang_interfaces/srv/detail/tts_command__type_support_c.cpp.o[0m
[6.635s] [ 78%] [32mBuilding CXX object CMakeFiles/mako_nolang_interfaces__rosidl_typesupport_fastrtps_c.dir/rosidl_typesupport_fastrtps_c/mako_nolang_interfaces/srv/detail/arduino_command__type_support_c.cpp.o[0m
[7.224s] [ 80%] [32m[1mLinking CXX shared library libmako_nolang_interfaces__rosidl_typesupport_fastrtps_c.so[0m
[7.329s] [ 80%] Built target mako_nolang_interfaces__rosidl_typesupport_fastrtps_c
[7.359s] [ 80%] Built target mako_nolang_interfaces
[7.374s] [35m[1mScanning dependencies of target mako_nolang_interfaces__py[0m
[7.401s] [ 81%] [34m[1mGenerating Python code for ROS interfaces[0m
[8.847s] [ 81%] Built target mako_nolang_interfaces__py
[8.865s] [35m[1mScanning dependencies of target mako_nolang_interfaces__python[0m
[8.914s] [ 83%] [32mBuilding C object CMakeFiles/mako_nolang_interfaces__python.dir/rosidl_generator_py/mako_nolang_interfaces/srv/_servo_control_s.c.o[0m
[8.915s] [ 84%] [32mBuilding C object CMakeFiles/mako_nolang_interfaces__python.dir/rosidl_generator_py/mako_nolang_interfaces/srv/_led_control_s.c.o[0m
[8.916s] [ 85%] [32mBuilding C object CMakeFiles/mako_nolang_interfaces__python.dir/rosidl_generator_py/mako_nolang_interfaces/srv/_arduino_command_s.c.o[0m
[8.916s] [ 87%] [32mBuilding C object CMakeFiles/mako_nolang_interfaces__python.dir/rosidl_generator_py/mako_nolang_interfaces/srv/_motor_control_s.c.o[0m
[8.928s] [ 88%] [32mBuilding C object CMakeFiles/mako_nolang_interfaces__python.dir/rosidl_generator_py/mako_nolang_interfaces/srv/_tts_command_s.c.o[0m
[8.928s] [ 90%] [32mBuilding C object CMakeFiles/mako_nolang_interfaces__python.dir/rosidl_generator_py/mako_nolang_interfaces/msg/_mako_server_message_s.c.o[0m
[9.350s] [ 91%] [32m[1mLinking C shared library rosidl_generator_py/mako_nolang_interfaces/libmako_nolang_interfaces__python.so[0m
[9.417s] [ 91%] Built target mako_nolang_interfaces__python
[9.433s] [35m[1mScanning dependencies of target mako_nolang_interfaces__rosidl_typesupport_introspection_c__pyext[0m
[9.434s] [35m[1mScanning dependencies of target mako_nolang_interfaces__rosidl_typesupport_fastrtps_c__pyext[0m
[9.434s] [35m[1mScanning dependencies of target mako_nolang_interfaces__rosidl_typesupport_c__pyext[0m
[9.472s] [ 92%] [32mBuilding C object CMakeFiles/mako_nolang_interfaces__rosidl_typesupport_fastrtps_c__pyext.dir/rosidl_generator_py/mako_nolang_interfaces/_mako_nolang_interfaces_s.ep.rosidl_typesupport_fastrtps_c.c.o[0m
[9.474s] [ 94%] [32mBuilding C object CMakeFiles/mako_nolang_interfaces__rosidl_typesupport_c__pyext.dir/rosidl_generator_py/mako_nolang_interfaces/_mako_nolang_interfaces_s.ep.rosidl_typesupport_c.c.o[0m
[9.480s] [ 95%] [32mBuilding C object CMakeFiles/mako_nolang_interfaces__rosidl_typesupport_introspection_c__pyext.dir/rosidl_generator_py/mako_nolang_interfaces/_mako_nolang_interfaces_s.ep.rosidl_typesupport_introspection_c.c.o[0m
[9.642s] [ 97%] [32m[1mLinking C shared library rosidl_generator_py/mako_nolang_interfaces/mako_nolang_interfaces_s__rosidl_typesupport_introspection_c.cpython-38-x86_64-linux-gnu.so[0m
[9.642s] [ 98%] [32m[1mLinking C shared library rosidl_generator_py/mako_nolang_interfaces/mako_nolang_interfaces_s__rosidl_typesupport_c.cpython-38-x86_64-linux-gnu.so[0m
[9.646s] [100%] [32m[1mLinking CXX shared library rosidl_generator_py/mako_nolang_interfaces/mako_nolang_interfaces_s__rosidl_typesupport_fastrtps_c.cpython-38-x86_64-linux-gnu.so[0m
[9.709s] [100%] Built target mako_nolang_interfaces__rosidl_typesupport_introspection_c__pyext
[9.711s] [100%] Built target mako_nolang_interfaces__rosidl_typesupport_c__pyext
[9.752s] [100%] Built target mako_nolang_interfaces__rosidl_typesupport_fastrtps_c__pyext
[9.769s] Invoked command in '/home/karim/mako_robot/mako_ws/build/mako_nolang_interfaces' returned '0': CMAKE_PREFIX_PATH=${CMAKE_PREFIX_PATH}:/home/karim/project_ws/install/ros_project_pkg_py_robot_driver:/home/karim/project_ws/install/dev_test_tools:/home/karim/ros2_ws/install/my_py_pkg:/home/karim/mako_robot/mako_ws/install/mako_py_serial_interface:/home/karim/mako_robot/mako_ws/install/mako_py_feedback_actuators:/home/karim/mako_robot/mako_ws/install/mako_py_brain:/home/karim/mako_robot/mako_ws/install/dev_test_tools:/opt/ros/foxy /usr/bin/cmake --build /home/karim/mako_robot/mako_ws/build/mako_nolang_interfaces -- -j6 -l6
[10.057s] Invoking command in '/home/karim/mako_robot/mako_ws/build/mako_nolang_interfaces': CMAKE_PREFIX_PATH=${CMAKE_PREFIX_PATH}:/home/karim/project_ws/install/ros_project_pkg_py_robot_driver:/home/karim/project_ws/install/dev_test_tools:/home/karim/ros2_ws/install/my_py_pkg:/home/karim/mako_robot/mako_ws/install/mako_py_serial_interface:/home/karim/mako_robot/mako_ws/install/mako_py_feedback_actuators:/home/karim/mako_robot/mako_ws/install/mako_py_brain:/home/karim/mako_robot/mako_ws/install/dev_test_tools:/opt/ros/foxy /usr/bin/cmake --install /home/karim/mako_robot/mako_ws/build/mako_nolang_interfaces
[10.071s] -- Install configuration: ""
[10.072s] -- Execute custom install script
[10.073s] -- Up-to-date symlink: /home/karim/mako_robot/mako_ws/install/mako_nolang_interfaces/share/ament_index/resource_index/rosidl_interfaces/mako_nolang_interfaces
[10.073s] -- Up-to-date symlink: /home/karim/mako_robot/mako_ws/install/mako_nolang_interfaces/include/mako_nolang_interfaces/msg/detail/mako_server_message__functions.h
[10.074s] -- Up-to-date symlink: /home/karim/mako_robot/mako_ws/install/mako_nolang_interfaces/include/mako_nolang_interfaces/msg/detail/mako_server_message__struct.h
[10.074s] -- Up-to-date symlink: /home/karim/mako_robot/mako_ws/install/mako_nolang_interfaces/include/mako_nolang_interfaces/msg/detail/mako_server_message__type_support.h
[10.074s] -- Up-to-date symlink: /home/karim/mako_robot/mako_ws/install/mako_nolang_interfaces/include/mako_nolang_interfaces/msg/mako_server_message.h
[10.075s] -- Up-to-date symlink: /home/karim/mako_robot/mako_ws/install/mako_nolang_interfaces/include/mako_nolang_interfaces/msg/rosidl_generator_c__visibility_control.h
[10.075s] -- Up-to-date symlink: /home/karim/mako_robot/mako_ws/install/mako_nolang_interfaces/include/mako_nolang_interfaces/srv/arduino_command.h
[10.076s] -- Up-to-date symlink: /home/karim/mako_robot/mako_ws/install/mako_nolang_interfaces/include/mako_nolang_interfaces/srv/detail/arduino_command__functions.h
[10.076s] -- Up-to-date symlink: /home/karim/mako_robot/mako_ws/install/mako_nolang_interfaces/include/mako_nolang_interfaces/srv/detail/arduino_command__struct.h
[10.076s] -- Up-to-date symlink: /home/karim/mako_robot/mako_ws/install/mako_nolang_interfaces/include/mako_nolang_interfaces/srv/detail/arduino_command__type_support.h
[10.077s] -- Up-to-date symlink: /home/karim/mako_robot/mako_ws/install/mako_nolang_interfaces/include/mako_nolang_interfaces/srv/detail/led_control__functions.h
[10.077s] -- Up-to-date symlink: /home/karim/mako_robot/mako_ws/install/mako_nolang_interfaces/include/mako_nolang_interfaces/srv/detail/led_control__struct.h
[10.077s] -- Up-to-date symlink: /home/karim/mako_robot/mako_ws/install/mako_nolang_interfaces/include/mako_nolang_interfaces/srv/detail/led_control__type_support.h
[10.077s] -- Symlinking: /home/karim/mako_robot/mako_ws/install/mako_nolang_interfaces/include/mako_nolang_interfaces/srv/detail/motor_control__functions.h
[10.090s] -- Symlinking: /home/karim/mako_robot/mako_ws/install/mako_nolang_interfaces/include/mako_nolang_interfaces/srv/detail/motor_control__struct.h
[10.108s] -- Symlinking: /home/karim/mako_robot/mako_ws/install/mako_nolang_interfaces/include/mako_nolang_interfaces/srv/detail/motor_control__type_support.h
[10.124s] -- Up-to-date symlink: /home/karim/mako_robot/mako_ws/install/mako_nolang_interfaces/include/mako_nolang_interfaces/srv/detail/servo_control__functions.h
[10.125s] -- Up-to-date symlink: /home/karim/mako_robot/mako_ws/install/mako_nolang_interfaces/include/mako_nolang_interfaces/srv/detail/servo_control__struct.h
[10.125s] -- Up-to-date symlink: /home/karim/mako_robot/mako_ws/install/mako_nolang_interfaces/include/mako_nolang_interfaces/srv/detail/servo_control__type_support.h
[10.125s] -- Up-to-date symlink: /home/karim/mako_robot/mako_ws/install/mako_nolang_interfaces/include/mako_nolang_interfaces/srv/detail/tts_command__functions.h
[10.125s] -- Up-to-date symlink: /home/karim/mako_robot/mako_ws/install/mako_nolang_interfaces/include/mako_nolang_interfaces/srv/detail/tts_command__struct.h
[10.126s] -- Up-to-date symlink: /home/karim/mako_robot/mako_ws/install/mako_nolang_interfaces/include/mako_nolang_interfaces/srv/detail/tts_command__type_support.h
[10.126s] -- Up-to-date symlink: /home/karim/mako_robot/mako_ws/install/mako_nolang_interfaces/include/mako_nolang_interfaces/srv/led_control.h
[10.126s] -- Symlinking: /home/karim/mako_robot/mako_ws/install/mako_nolang_interfaces/include/mako_nolang_interfaces/srv/motor_control.h
[10.139s] -- Up-to-date symlink: /home/karim/mako_robot/mako_ws/install/mako_nolang_interfaces/include/mako_nolang_interfaces/srv/servo_control.h
[10.139s] -- Up-to-date symlink: /home/karim/mako_robot/mako_ws/install/mako_nolang_interfaces/include/mako_nolang_interfaces/srv/tts_command.h
[10.139s] -- Up-to-date symlink: /home/karim/mako_robot/mako_ws/install/mako_nolang_interfaces/share/mako_nolang_interfaces/environment/library_path.sh
[10.140s] -- Up-to-date symlink: /home/karim/mako_robot/mako_ws/install/mako_nolang_interfaces/share/mako_nolang_interfaces/environment/library_path.dsv
[10.142s] -- Up-to-date symlink: /home/karim/mako_robot/mako_ws/install/mako_nolang_interfaces/include/mako_nolang_interfaces/msg/detail/mako_server_message__rosidl_typesupport_fastrtps_c.h
[10.142s] -- Up-to-date symlink: /home/karim/mako_robot/mako_ws/install/mako_nolang_interfaces/include/mako_nolang_interfaces/msg/rosidl_typesupport_fastrtps_c__visibility_control.h
[10.142s] -- Up-to-date symlink: /home/karim/mako_robot/mako_ws/install/mako_nolang_interfaces/include/mako_nolang_interfaces/srv/detail/arduino_command__rosidl_typesupport_fastrtps_c.h
[10.142s] -- Up-to-date symlink: /home/karim/mako_robot/mako_ws/install/mako_nolang_interfaces/include/mako_nolang_interfaces/srv/detail/led_control__rosidl_typesupport_fastrtps_c.h
[10.143s] -- Symlinking: /home/karim/mako_robot/mako_ws/install/mako_nolang_interfaces/include/mako_nolang_interfaces/srv/detail/motor_control__rosidl_typesupport_fastrtps_c.h
[10.155s] -- Up-to-date symlink: /home/karim/mako_robot/mako_ws/install/mako_nolang_interfaces/include/mako_nolang_interfaces/srv/detail/servo_control__rosidl_typesupport_fastrtps_c.h
[10.156s] -- Up-to-date symlink: /home/karim/mako_robot/mako_ws/install/mako_nolang_interfaces/include/mako_nolang_interfaces/srv/detail/tts_command__rosidl_typesupport_fastrtps_c.h
[10.156s] -- Up-to-date symlink: /home/karim/mako_robot/mako_ws/install/mako_nolang_interfaces/lib/libmako_nolang_interfaces__rosidl_typesupport_fastrtps_c.so
[10.158s] -- Up-to-date symlink: /home/karim/mako_robot/mako_ws/install/mako_nolang_interfaces/include/mako_nolang_interfaces/msg/detail/mako_server_message__rosidl_typesupport_fastrtps_cpp.hpp
[10.158s] -- Up-to-date symlink: /home/karim/mako_robot/mako_ws/install/mako_nolang_interfaces/include/mako_nolang_interfaces/msg/rosidl_typesupport_fastrtps_cpp__visibility_control.h
[10.158s] -- Up-to-date symlink: /home/karim/mako_robot/mako_ws/install/mako_nolang_interfaces/include/mako_nolang_interfaces/srv/detail/arduino_command__rosidl_typesupport_fastrtps_cpp.hpp
[10.158s] -- Up-to-date symlink: /home/karim/mako_robot/mako_ws/install/mako_nolang_interfaces/include/mako_nolang_interfaces/srv/detail/led_control__rosidl_typesupport_fastrtps_cpp.hpp
[10.158s] -- Symlinking: /home/karim/mako_robot/mako_ws/install/mako_nolang_interfaces/include/mako_nolang_interfaces/srv/detail/motor_control__rosidl_typesupport_fastrtps_cpp.hpp
[10.170s] -- Up-to-date symlink: /home/karim/mako_robot/mako_ws/install/mako_nolang_interfaces/include/mako_nolang_interfaces/srv/detail/servo_control__rosidl_typesupport_fastrtps_cpp.hpp
[10.171s] -- Up-to-date symlink: /home/karim/mako_robot/mako_ws/install/mako_nolang_interfaces/include/mako_nolang_interfaces/srv/detail/tts_command__rosidl_typesupport_fastrtps_cpp.hpp
[10.171s] -- Up-to-date symlink: /home/karim/mako_robot/mako_ws/install/mako_nolang_interfaces/lib/libmako_nolang_interfaces__rosidl_typesupport_fastrtps_cpp.so
[10.172s] -- Up-to-date symlink: /home/karim/mako_robot/mako_ws/install/mako_nolang_interfaces/include/mako_nolang_interfaces/msg/detail/mako_server_message__rosidl_typesupport_introspection_c.h
[10.172s] -- Up-to-date symlink: /home/karim/mako_robot/mako_ws/install/mako_nolang_interfaces/include/mako_nolang_interfaces/msg/rosidl_typesupport_introspection_c__visibility_control.h
[10.173s] -- Up-to-date symlink: /home/karim/mako_robot/mako_ws/install/mako_nolang_interfaces/include/mako_nolang_interfaces/srv/detail/arduino_command__rosidl_typesupport_introspection_c.h
[10.173s] -- Up-to-date symlink: /home/karim/mako_robot/mako_ws/install/mako_nolang_interfaces/include/mako_nolang_interfaces/srv/detail/led_control__rosidl_typesupport_introspection_c.h
[10.173s] -- Symlinking: /home/karim/mako_robot/mako_ws/install/mako_nolang_interfaces/include/mako_nolang_interfaces/srv/detail/motor_control__rosidl_typesupport_introspection_c.h
[10.185s] -- Up-to-date symlink: /home/karim/mako_robot/mako_ws/install/mako_nolang_interfaces/include/mako_nolang_interfaces/srv/detail/servo_control__rosidl_typesupport_introspection_c.h
[10.185s] -- Up-to-date symlink: /home/karim/mako_robot/mako_ws/install/mako_nolang_interfaces/include/mako_nolang_interfaces/srv/detail/tts_command__rosidl_typesupport_introspection_c.h
[10.186s] -- Up-to-date symlink: /home/karim/mako_robot/mako_ws/install/mako_nolang_interfaces/include/mako_nolang_interfaces/msg/detail/mako_server_message__builder.hpp
[10.187s] -- Up-to-date symlink: /home/karim/mako_robot/mako_ws/install/mako_nolang_interfaces/include/mako_nolang_interfaces/msg/detail/mako_server_message__struct.hpp
[10.187s] -- Up-to-date symlink: /home/karim/mako_robot/mako_ws/install/mako_nolang_interfaces/include/mako_nolang_interfaces/msg/detail/mako_server_message__traits.hpp
[10.187s] -- Up-to-date symlink: /home/karim/mako_robot/mako_ws/install/mako_nolang_interfaces/include/mako_nolang_interfaces/msg/mako_server_message.hpp
[10.187s] -- Up-to-date symlink: /home/karim/mako_robot/mako_ws/install/mako_nolang_interfaces/include/mako_nolang_interfaces/srv/arduino_command.hpp
[10.188s] -- Up-to-date symlink: /home/karim/mako_robot/mako_ws/install/mako_nolang_interfaces/include/mako_nolang_interfaces/srv/detail/arduino_command__builder.hpp
[10.188s] -- Up-to-date symlink: /home/karim/mako_robot/mako_ws/install/mako_nolang_interfaces/include/mako_nolang_interfaces/srv/detail/arduino_command__struct.hpp
[10.188s] -- Up-to-date symlink: /home/karim/mako_robot/mako_ws/install/mako_nolang_interfaces/include/mako_nolang_interfaces/srv/detail/arduino_command__traits.hpp
[10.189s] -- Up-to-date symlink: /home/karim/mako_robot/mako_ws/install/mako_nolang_interfaces/include/mako_nolang_interfaces/srv/detail/led_control__builder.hpp
[10.189s] -- Up-to-date symlink: /home/karim/mako_robot/mako_ws/install/mako_nolang_interfaces/include/mako_nolang_interfaces/srv/detail/led_control__struct.hpp
[10.189s] -- Up-to-date symlink: /home/karim/mako_robot/mako_ws/install/mako_nolang_interfaces/include/mako_nolang_interfaces/srv/detail/led_control__traits.hpp
[10.189s] -- Symlinking: /home/karim/mako_robot/mako_ws/install/mako_nolang_interfaces/include/mako_nolang_interfaces/srv/detail/motor_control__builder.hpp
[10.202s] -- Symlinking: /home/karim/mako_robot/mako_ws/install/mako_nolang_interfaces/include/mako_nolang_interfaces/srv/detail/motor_control__struct.hpp
[10.214s] -- Symlinking: /home/karim/mako_robot/mako_ws/install/mako_nolang_interfaces/include/mako_nolang_interfaces/srv/detail/motor_control__traits.hpp
[10.227s] -- Up-to-date symlink: /home/karim/mako_robot/mako_ws/install/mako_nolang_interfaces/include/mako_nolang_interfaces/srv/detail/servo_control__builder.hpp
[10.227s] -- Up-to-date symlink: /home/karim/mako_robot/mako_ws/install/mako_nolang_interfaces/include/mako_nolang_interfaces/srv/detail/servo_control__struct.hpp
[10.227s] -- Up-to-date symlink: /home/karim/mako_robot/mako_ws/install/mako_nolang_interfaces/include/mako_nolang_interfaces/srv/detail/servo_control__traits.hpp
[10.227s] -- Up-to-date symlink: /home/karim/mako_robot/mako_ws/install/mako_nolang_interfaces/include/mako_nolang_interfaces/srv/detail/tts_command__builder.hpp
[10.228s] -- Up-to-date symlink: /home/karim/mako_robot/mako_ws/install/mako_nolang_interfaces/include/mako_nolang_interfaces/srv/detail/tts_command__struct.hpp
[10.228s] -- Up-to-date symlink: /home/karim/mako_robot/mako_ws/install/mako_nolang_interfaces/include/mako_nolang_interfaces/srv/detail/tts_command__traits.hpp
[10.228s] -- Up-to-date symlink: /home/karim/mako_robot/mako_ws/install/mako_nolang_interfaces/include/mako_nolang_interfaces/srv/led_control.hpp
[10.228s] -- Symlinking: /home/karim/mako_robot/mako_ws/install/mako_nolang_interfaces/include/mako_nolang_interfaces/srv/motor_control.hpp
[10.240s] -- Up-to-date symlink: /home/karim/mako_robot/mako_ws/install/mako_nolang_interfaces/include/mako_nolang_interfaces/srv/servo_control.hpp
[10.240s] -- Up-to-date symlink: /home/karim/mako_robot/mako_ws/install/mako_nolang_interfaces/include/mako_nolang_interfaces/srv/tts_command.hpp
[10.241s] -- Up-to-date symlink: /home/karim/mako_robot/mako_ws/install/mako_nolang_interfaces/include/mako_nolang_interfaces/msg/detail/mako_server_message__rosidl_typesupport_introspection_cpp.hpp
[10.241s] -- Up-to-date symlink: /home/karim/mako_robot/mako_ws/install/mako_nolang_interfaces/include/mako_nolang_interfaces/srv/detail/arduino_command__rosidl_typesupport_introspection_cpp.hpp
[10.242s] -- Up-to-date symlink: /home/karim/mako_robot/mako_ws/install/mako_nolang_interfaces/include/mako_nolang_interfaces/srv/detail/led_control__rosidl_typesupport_introspection_cpp.hpp
[10.242s] -- Symlinking: /home/karim/mako_robot/mako_ws/install/mako_nolang_interfaces/include/mako_nolang_interfaces/srv/detail/motor_control__rosidl_typesupport_introspection_cpp.hpp
[10.255s] -- Up-to-date symlink: /home/karim/mako_robot/mako_ws/install/mako_nolang_interfaces/include/mako_nolang_interfaces/srv/detail/servo_control__rosidl_typesupport_introspection_cpp.hpp
[10.255s] -- Up-to-date symlink: /home/karim/mako_robot/mako_ws/install/mako_nolang_interfaces/include/mako_nolang_interfaces/srv/detail/tts_command__rosidl_typesupport_introspection_cpp.hpp
[10.256s] -- Up-to-date symlink: /home/karim/mako_robot/mako_ws/install/mako_nolang_interfaces/share/mako_nolang_interfaces/environment/pythonpath.sh
[10.257s] -- Up-to-date symlink: /home/karim/mako_robot/mako_ws/install/mako_nolang_interfaces/share/mako_nolang_interfaces/environment/pythonpath.dsv
[10.257s] -- Up-to-date symlink: /home/karim/mako_robot/mako_ws/install/mako_nolang_interfaces/lib/python3.8/site-packages/mako_nolang_interfaces/__init__.py
[10.258s] -- Up-to-date symlink: /home/karim/mako_robot/mako_ws/install/mako_nolang_interfaces/lib/python3.8/site-packages/mako_nolang_interfaces/srv/__init__.py
[10.258s] -- Up-to-date symlink: /home/karim/mako_robot/mako_ws/install/mako_nolang_interfaces/lib/python3.8/site-packages/mako_nolang_interfaces/srv/_arduino_command.py
[10.258s] -- Up-to-date symlink: /home/karim/mako_robot/mako_ws/install/mako_nolang_interfaces/lib/python3.8/site-packages/mako_nolang_interfaces/srv/_led_control.py
[10.259s] -- Symlinking: /home/karim/mako_robot/mako_ws/install/mako_nolang_interfaces/lib/python3.8/site-packages/mako_nolang_interfaces/srv/_motor_control.py
[10.271s] -- Up-to-date symlink: /home/karim/mako_robot/mako_ws/install/mako_nolang_interfaces/lib/python3.8/site-packages/mako_nolang_interfaces/srv/_servo_control.py
[10.271s] -- Up-to-date symlink: /home/karim/mako_robot/mako_ws/install/mako_nolang_interfaces/lib/python3.8/site-packages/mako_nolang_interfaces/srv/_tts_command.py
[10.272s] -- Up-to-date symlink: /home/karim/mako_robot/mako_ws/install/mako_nolang_interfaces/lib/python3.8/site-packages/mako_nolang_interfaces/msg/__init__.py
[10.272s] -- Up-to-date symlink: /home/karim/mako_robot/mako_ws/install/mako_nolang_interfaces/lib/python3.8/site-packages/mako_nolang_interfaces/msg/_mako_server_message.py
[10.273s] -- Up-to-date symlink: /home/karim/mako_robot/mako_ws/install/mako_nolang_interfaces/lib/python3.8/site-packages/mako_nolang_interfaces/mako_nolang_interfaces_s__rosidl_typesupport_fastrtps_c.cpython-38-x86_64-linux-gnu.so
[10.274s] -- Up-to-date symlink: /home/karim/mako_robot/mako_ws/install/mako_nolang_interfaces/lib/python3.8/site-packages/mako_nolang_interfaces/mako_nolang_interfaces_s__rosidl_typesupport_introspection_c.cpython-38-x86_64-linux-gnu.so
[10.274s] -- Up-to-date symlink: /home/karim/mako_robot/mako_ws/install/mako_nolang_interfaces/lib/python3.8/site-packages/mako_nolang_interfaces/mako_nolang_interfaces_s__rosidl_typesupport_c.cpython-38-x86_64-linux-gnu.so
[10.275s] -- Up-to-date symlink: /home/karim/mako_robot/mako_ws/install/mako_nolang_interfaces/lib/libmako_nolang_interfaces__python.so
[10.276s] -- Up-to-date symlink: /home/karim/mako_robot/mako_ws/install/mako_nolang_interfaces/share/mako_nolang_interfaces/srv/LedControl.idl
[10.277s] -- Up-to-date symlink: /home/karim/mako_robot/mako_ws/install/mako_nolang_interfaces/share/mako_nolang_interfaces/srv/ServoControl.idl
[10.277s] -- Symlinking: /home/karim/mako_robot/mako_ws/install/mako_nolang_interfaces/share/mako_nolang_interfaces/srv/MotorControl.idl
[10.289s] -- Up-to-date symlink: /home/karim/mako_robot/mako_ws/install/mako_nolang_interfaces/share/mako_nolang_interfaces/srv/ArduinoCommand.idl
[10.290s] -- Up-to-date symlink: /home/karim/mako_robot/mako_ws/install/mako_nolang_interfaces/share/mako_nolang_interfaces/srv/TTSCommand.idl
[10.290s] -- Up-to-date symlink: /home/karim/mako_robot/mako_ws/install/mako_nolang_interfaces/share/mako_nolang_interfaces/msg/MakoServerMessage.idl
[10.290s] -- Up-to-date symlink: /home/karim/mako_robot/mako_ws/install/mako_nolang_interfaces/share/mako_nolang_interfaces/srv/LedControl.srv
[10.291s] -- Up-to-date symlink: /home/karim/mako_robot/mako_ws/install/mako_nolang_interfaces/share/mako_nolang_interfaces/srv/LedControl_Request.msg
[10.291s] -- Up-to-date symlink: /home/karim/mako_robot/mako_ws/install/mako_nolang_interfaces/share/mako_nolang_interfaces/srv/LedControl_Response.msg
[10.291s] -- Up-to-date symlink: /home/karim/mako_robot/mako_ws/install/mako_nolang_interfaces/share/mako_nolang_interfaces/srv/ServoControl.srv
[10.293s] -- Up-to-date symlink: /home/karim/mako_robot/mako_ws/install/mako_nolang_interfaces/share/mako_nolang_interfaces/srv/ServoControl_Request.msg
[10.293s] -- Up-to-date symlink: /home/karim/mako_robot/mako_ws/install/mako_nolang_interfaces/share/mako_nolang_interfaces/srv/ServoControl_Response.msg
[10.293s] -- Symlinking: /home/karim/mako_robot/mako_ws/install/mako_nolang_interfaces/share/mako_nolang_interfaces/srv/MotorControl.srv
[10.306s] -- Symlinking: /home/karim/mako_robot/mako_ws/install/mako_nolang_interfaces/share/mako_nolang_interfaces/srv/MotorControl_Request.msg
[10.318s] -- Symlinking: /home/karim/mako_robot/mako_ws/install/mako_nolang_interfaces/share/mako_nolang_interfaces/srv/MotorControl_Response.msg
[10.331s] -- Up-to-date symlink: /home/karim/mako_robot/mako_ws/install/mako_nolang_interfaces/share/mako_nolang_interfaces/srv/ArduinoCommand.srv
[10.332s] -- Up-to-date symlink: /home/karim/mako_robot/mako_ws/install/mako_nolang_interfaces/share/mako_nolang_interfaces/srv/ArduinoCommand_Request.msg
[10.333s] -- Up-to-date symlink: /home/karim/mako_robot/mako_ws/install/mako_nolang_interfaces/share/mako_nolang_interfaces/srv/ArduinoCommand_Response.msg
[10.333s] -- Up-to-date symlink: /home/karim/mako_robot/mako_ws/install/mako_nolang_interfaces/share/mako_nolang_interfaces/srv/TTSCommand.srv
[10.334s] -- Up-to-date symlink: /home/karim/mako_robot/mako_ws/install/mako_nolang_interfaces/share/mako_nolang_interfaces/srv/TTSCommand_Request.msg
[10.334s] -- Up-to-date symlink: /home/karim/mako_robot/mako_ws/install/mako_nolang_interfaces/share/mako_nolang_interfaces/srv/TTSCommand_Response.msg
[10.334s] -- Up-to-date symlink: /home/karim/mako_robot/mako_ws/install/mako_nolang_interfaces/share/mako_nolang_interfaces/msg/MakoServerMessage.msg
[10.336s] -- Up-to-date symlink: /home/karim/mako_robot/mako_ws/install/mako_nolang_interfaces/share/ament_index/resource_index/package_run_dependencies/mako_nolang_interfaces
[10.336s] -- Up-to-date symlink: /home/karim/mako_robot/mako_ws/install/mako_nolang_interfaces/share/ament_index/resource_index/parent_prefix_path/mako_nolang_interfaces
[10.336s] -- Up-to-date symlink: /home/karim/mako_robot/mako_ws/install/mako_nolang_interfaces/share/mako_nolang_interfaces/environment/ament_prefix_path.sh
[10.336s] -- Up-to-date symlink: /home/karim/mako_robot/mako_ws/install/mako_nolang_interfaces/share/mako_nolang_interfaces/environment/ament_prefix_path.dsv
[10.336s] -- Up-to-date symlink: /home/karim/mako_robot/mako_ws/install/mako_nolang_interfaces/share/mako_nolang_interfaces/environment/path.sh
[10.340s] -- Up-to-date symlink: /home/karim/mako_robot/mako_ws/install/mako_nolang_interfaces/share/mako_nolang_interfaces/environment/path.dsv
[10.341s] -- Up-to-date symlink: /home/karim/mako_robot/mako_ws/install/mako_nolang_interfaces/share/mako_nolang_interfaces/local_setup.bash
[10.342s] -- Up-to-date symlink: /home/karim/mako_robot/mako_ws/install/mako_nolang_interfaces/share/mako_nolang_interfaces/local_setup.sh
[10.342s] -- Up-to-date symlink: /home/karim/mako_robot/mako_ws/install/mako_nolang_interfaces/share/mako_nolang_interfaces/local_setup.zsh
[10.343s] -- Up-to-date symlink: /home/karim/mako_robot/mako_ws/install/mako_nolang_interfaces/share/mako_nolang_interfaces/local_setup.dsv
[10.343s] -- Symlinking: /home/karim/mako_robot/mako_ws/install/mako_nolang_interfaces/share/mako_nolang_interfaces/package.dsv
[10.355s] -- Up-to-date symlink: /home/karim/mako_robot/mako_ws/install/mako_nolang_interfaces/share/ament_index/resource_index/packages/mako_nolang_interfaces
[10.356s] -- Up-to-date symlink: /home/karim/mako_robot/mako_ws/install/mako_nolang_interfaces/share/mako_nolang_interfaces/cmake/rosidl_cmake-extras.cmake
[10.356s] -- Up-to-date symlink: /home/karim/mako_robot/mako_ws/install/mako_nolang_interfaces/share/mako_nolang_interfaces/cmake/ament_cmake_export_dependencies-extras.cmake
[10.357s] -- Up-to-date symlink: /home/karim/mako_robot/mako_ws/install/mako_nolang_interfaces/share/mako_nolang_interfaces/cmake/ament_cmake_export_libraries-extras.cmake
[10.357s] -- Up-to-date symlink: /home/karim/mako_robot/mako_ws/install/mako_nolang_interfaces/share/mako_nolang_interfaces/cmake/ament_cmake_export_targets-extras.cmake
[10.358s] -- Up-to-date symlink: /home/karim/mako_robot/mako_ws/install/mako_nolang_interfaces/share/mako_nolang_interfaces/cmake/ament_cmake_export_include_directories-extras.cmake
[10.358s] -- Up-to-date symlink: /home/karim/mako_robot/mako_ws/install/mako_nolang_interfaces/share/mako_nolang_interfaces/cmake/rosidl_cmake_export_typesupport_libraries-extras.cmake
[10.359s] -- Up-to-date symlink: /home/karim/mako_robot/mako_ws/install/mako_nolang_interfaces/share/mako_nolang_interfaces/cmake/rosidl_cmake_export_typesupport_targets-extras.cmake
[10.359s] -- Up-to-date symlink: /home/karim/mako_robot/mako_ws/install/mako_nolang_interfaces/share/mako_nolang_interfaces/cmake/mako_nolang_interfacesConfig.cmake
[10.359s] -- Up-to-date symlink: /home/karim/mako_robot/mako_ws/install/mako_nolang_interfaces/share/mako_nolang_interfaces/cmake/mako_nolang_interfacesConfig-version.cmake
[10.360s] -- Up-to-date symlink: /home/karim/mako_robot/mako_ws/install/mako_nolang_interfaces/share/mako_nolang_interfaces/package.xml
[10.360s] -- Installing: /home/karim/mako_robot/mako_ws/install/mako_nolang_interfaces/lib/libmako_nolang_interfaces__rosidl_generator_c.so
[10.361s] -- Set runtime path of "/home/karim/mako_robot/mako_ws/install/mako_nolang_interfaces/lib/libmako_nolang_interfaces__rosidl_generator_c.so" to ""
[10.361s] -- Installing: /home/karim/mako_robot/mako_ws/install/mako_nolang_interfaces/lib/libmako_nolang_interfaces__rosidl_typesupport_introspection_c.so
[10.362s] -- Set runtime path of "/home/karim/mako_robot/mako_ws/install/mako_nolang_interfaces/lib/libmako_nolang_interfaces__rosidl_typesupport_introspection_c.so" to ""
[10.362s] -- Installing: /home/karim/mako_robot/mako_ws/install/mako_nolang_interfaces/lib/libmako_nolang_interfaces__rosidl_typesupport_c.so
[10.363s] -- Set runtime path of "/home/karim/mako_robot/mako_ws/install/mako_nolang_interfaces/lib/libmako_nolang_interfaces__rosidl_typesupport_c.so" to ""
[10.363s] -- Installing: /home/karim/mako_robot/mako_ws/install/mako_nolang_interfaces/lib/libmako_nolang_interfaces__rosidl_typesupport_introspection_cpp.so
[10.364s] -- Set runtime path of "/home/karim/mako_robot/mako_ws/install/mako_nolang_interfaces/lib/libmako_nolang_interfaces__rosidl_typesupport_introspection_cpp.so" to ""
[10.364s] -- Installing: /home/karim/mako_robot/mako_ws/install/mako_nolang_interfaces/lib/libmako_nolang_interfaces__rosidl_typesupport_cpp.so
[10.365s] -- Set runtime path of "/home/karim/mako_robot/mako_ws/install/mako_nolang_interfaces/lib/libmako_nolang_interfaces__rosidl_typesupport_cpp.so" to ""
[10.413s] Compiling '/home/karim/mako_robot/mako_ws/install/mako_nolang_interfaces/lib/python3.8/site-packages/mako_nolang_interfaces/__init__.py'...
[10.417s] -- Up-to-date: /home/karim/mako_robot/mako_ws/install/mako_nolang_interfaces/share/mako_nolang_interfaces/cmake/mako_nolang_interfaces__rosidl_generator_cExport.cmake
[10.417s] -- Installing: /home/karim/mako_robot/mako_ws/install/mako_nolang_interfaces/share/mako_nolang_interfaces/cmake/mako_nolang_interfaces__rosidl_generator_cExport-noconfig.cmake
[10.417s] -- Up-to-date: /home/karim/mako_robot/mako_ws/install/mako_nolang_interfaces/share/mako_nolang_interfaces/cmake/mako_nolang_interfaces__rosidl_typesupport_introspection_cExport.cmake
[10.418s] -- Installing: /home/karim/mako_robot/mako_ws/install/mako_nolang_interfaces/share/mako_nolang_interfaces/cmake/mako_nolang_interfaces__rosidl_typesupport_introspection_cExport-noconfig.cmake
[10.418s] -- Up-to-date: /home/karim/mako_robot/mako_ws/install/mako_nolang_interfaces/share/mako_nolang_interfaces/cmake/mako_nolang_interfaces__rosidl_typesupport_cExport.cmake
[10.418s] -- Installing: /home/karim/mako_robot/mako_ws/install/mako_nolang_interfaces/share/mako_nolang_interfaces/cmake/mako_nolang_interfaces__rosidl_typesupport_cExport-noconfig.cmake
[10.418s] -- Up-to-date: /home/karim/mako_robot/mako_ws/install/mako_nolang_interfaces/share/mako_nolang_interfaces/cmake/mako_nolang_interfaces__rosidl_generator_cppExport.cmake
[10.419s] -- Up-to-date: /home/karim/mako_robot/mako_ws/install/mako_nolang_interfaces/share/mako_nolang_interfaces/cmake/mako_nolang_interfaces__rosidl_typesupport_introspection_cppExport.cmake
[10.419s] -- Installing: /home/karim/mako_robot/mako_ws/install/mako_nolang_interfaces/share/mako_nolang_interfaces/cmake/mako_nolang_interfaces__rosidl_typesupport_introspection_cppExport-noconfig.cmake
[10.419s] -- Up-to-date: /home/karim/mako_robot/mako_ws/install/mako_nolang_interfaces/share/mako_nolang_interfaces/cmake/mako_nolang_interfaces__rosidl_typesupport_cppExport.cmake
[10.419s] -- Installing: /home/karim/mako_robot/mako_ws/install/mako_nolang_interfaces/share/mako_nolang_interfaces/cmake/mako_nolang_interfaces__rosidl_typesupport_cppExport-noconfig.cmake
[10.432s] Invoked command in '/home/karim/mako_robot/mako_ws/build/mako_nolang_interfaces' returned '0': CMAKE_PREFIX_PATH=${CMAKE_PREFIX_PATH}:/home/karim/project_ws/install/ros_project_pkg_py_robot_driver:/home/karim/project_ws/install/dev_test_tools:/home/karim/ros2_ws/install/my_py_pkg:/home/karim/mako_robot/mako_ws/install/mako_py_serial_interface:/home/karim/mako_robot/mako_ws/install/mako_py_feedback_actuators:/home/karim/mako_robot/mako_ws/install/mako_py_brain:/home/karim/mako_robot/mako_ws/install/dev_test_tools:/opt/ros/foxy /usr/bin/cmake --install /home/karim/mako_robot/mako_ws/build/mako_nolang_interfaces
