[0.056s] Invoking command in '/home/abdelrahman/Documents/GitHub/mako_robot/mako_ws/build/mako_nolang_interfaces': CMAKE_PREFIX_PATH=${CMAKE_PREFIX_PATH}:/home/abdelrahman/ros2_ws/install/test_lidar_pkg:/home/abdelrahman/ros2_ws/install/my_py_pkg:/opt/ros/foxy /usr/bin/cmake --build /home/abdelrahman/Documents/GitHub/mako_robot/mako_ws/build/mako_nolang_interfaces -- -j3 -l3
[0.151s] [ 12%] Built target mako_nolang_interfaces__rosidl_generator_c
[0.156s] [ 12%] Built target mako_nolang_interfaces__cpp
[0.189s] [ 23%] Built target mako_nolang_interfaces__rosidl_typesupport_cpp
[0.195s] [ 34%] Built target mako_nolang_interfaces__rosidl_typesupport_introspection_c
[0.219s] [ 44%] Built target mako_nolang_interfaces__rosidl_typesupport_c
[0.227s] [ 55%] Built target mako_nolang_interfaces__rosidl_typesupport_introspection_cpp
[0.252s] [ 65%] Built target mako_nolang_interfaces__rosidl_typesupport_fastrtps_cpp
[0.286s] [ 76%] Built target mako_nolang_interfaces__rosidl_typesupport_fastrtps_c
[0.314s] [ 76%] Built target mako_nolang_interfaces
[0.340s] [ 78%] Built target mako_nolang_interfaces__py
[0.379s] [ 87%] Built target mako_nolang_interfaces__python
[0.427s] [ 91%] Built target mako_nolang_interfaces__rosidl_typesupport_introspection_c__pyext
[0.441s] [ 95%] Built target mako_nolang_interfaces__rosidl_typesupport_c__pyext
[0.456s] [100%] Built target mako_nolang_interfaces__rosidl_typesupport_fastrtps_c__pyext
[0.788s] Invoked command in '/home/abdelrahman/Documents/GitHub/mako_robot/mako_ws/build/mako_nolang_interfaces' returned '0': CMAKE_PREFIX_PATH=${CMAKE_PREFIX_PATH}:/home/abdelrahman/ros2_ws/install/test_lidar_pkg:/home/abdelrahman/ros2_ws/install/my_py_pkg:/opt/ros/foxy /usr/bin/cmake --build /home/abdelrahman/Documents/GitHub/mako_robot/mako_ws/build/mako_nolang_interfaces -- -j3 -l3
[0.917s] Invoking command in '/home/abdelrahman/Documents/GitHub/mako_robot/mako_ws/build/mako_nolang_interfaces': CMAKE_PREFIX_PATH=${CMAKE_PREFIX_PATH}:/home/abdelrahman/ros2_ws/install/test_lidar_pkg:/home/abdelrahman/ros2_ws/install/my_py_pkg:/opt/ros/foxy /usr/bin/cmake --install /home/abdelrahman/Documents/GitHub/mako_robot/mako_ws/build/mako_nolang_interfaces
[0.932s] -- Install configuration: ""
[0.933s] -- Up-to-date: /home/abdelrahman/Documents/GitHub/mako_robot/mako_ws/install/mako_nolang_interfaces/share/ament_index/resource_index/rosidl_interfaces/mako_nolang_interfaces
[0.933s] -- Up-to-date: /home/abdelrahman/Documents/GitHub/mako_robot/mako_ws/install/mako_nolang_interfaces/include/mako_nolang_interfaces
[0.937s] -- Up-to-date: /home/abdelrahman/Documents/GitHub/mako_robot/mako_ws/install/mako_nolang_interfaces/include/mako_nolang_interfaces/srv
[0.938s] -- Up-to-date: /home/abdelrahman/Documents/GitHub/mako_robot/mako_ws/install/mako_nolang_interfaces/include/mako_nolang_interfaces/srv/detail
[0.938s] -- Up-to-date: /home/abdelrahman/Documents/GitHub/mako_robot/mako_ws/install/mako_nolang_interfaces/include/mako_nolang_interfaces/srv/detail/arduino_command__type_support.h
[0.938s] -- Up-to-date: /home/abdelrahman/Documents/GitHub/mako_robot/mako_ws/install/mako_nolang_interfaces/include/mako_nolang_interfaces/srv/detail/arduino_command__functions.c
[0.938s] -- Up-to-date: /home/abdelrahman/Documents/GitHub/mako_robot/mako_ws/install/mako_nolang_interfaces/include/mako_nolang_interfaces/srv/detail/led_control__functions.c
[0.938s] -- Up-to-date: /home/abdelrahman/Documents/GitHub/mako_robot/mako_ws/install/mako_nolang_interfaces/include/mako_nolang_interfaces/srv/detail/led_control__struct.h
[0.939s] -- Up-to-date: /home/abdelrahman/Documents/GitHub/mako_robot/mako_ws/install/mako_nolang_interfaces/include/mako_nolang_interfaces/srv/detail/arduino_command__struct.h
[0.939s] -- Up-to-date: /home/abdelrahman/Documents/GitHub/mako_robot/mako_ws/install/mako_nolang_interfaces/include/mako_nolang_interfaces/srv/detail/led_control__functions.h
[0.944s] -- Up-to-date: /home/abdelrahman/Documents/GitHub/mako_robot/mako_ws/install/mako_nolang_interfaces/include/mako_nolang_interfaces/srv/detail/led_control__type_support.h
[0.945s] -- Up-to-date: /home/abdelrahman/Documents/GitHub/mako_robot/mako_ws/install/mako_nolang_interfaces/include/mako_nolang_interfaces/srv/detail/arduino_command__functions.h
[0.945s] -- Up-to-date: /home/abdelrahman/Documents/GitHub/mako_robot/mako_ws/install/mako_nolang_interfaces/include/mako_nolang_interfaces/srv/arduino_command.h
[0.945s] -- Up-to-date: /home/abdelrahman/Documents/GitHub/mako_robot/mako_ws/install/mako_nolang_interfaces/include/mako_nolang_interfaces/srv/led_control.h
[0.946s] -- Up-to-date: /home/abdelrahman/Documents/GitHub/mako_robot/mako_ws/install/mako_nolang_interfaces/include/mako_nolang_interfaces/msg
[0.946s] -- Up-to-date: /home/abdelrahman/Documents/GitHub/mako_robot/mako_ws/install/mako_nolang_interfaces/include/mako_nolang_interfaces/msg/detail
[0.946s] -- Up-to-date: /home/abdelrahman/Documents/GitHub/mako_robot/mako_ws/install/mako_nolang_interfaces/include/mako_nolang_interfaces/msg/detail/mako_server_message__functions.c
[0.946s] -- Up-to-date: /home/abdelrahman/Documents/GitHub/mako_robot/mako_ws/install/mako_nolang_interfaces/include/mako_nolang_interfaces/msg/detail/mako_server_message__struct.h
[0.946s] -- Up-to-date: /home/abdelrahman/Documents/GitHub/mako_robot/mako_ws/install/mako_nolang_interfaces/include/mako_nolang_interfaces/msg/detail/mako_server_message__type_support.h
[0.947s] -- Up-to-date: /home/abdelrahman/Documents/GitHub/mako_robot/mako_ws/install/mako_nolang_interfaces/include/mako_nolang_interfaces/msg/detail/mako_server_message__functions.h
[0.947s] -- Up-to-date: /home/abdelrahman/Documents/GitHub/mako_robot/mako_ws/install/mako_nolang_interfaces/include/mako_nolang_interfaces/msg/rosidl_generator_c__visibility_control.h
[0.947s] -- Up-to-date: /home/abdelrahman/Documents/GitHub/mako_robot/mako_ws/install/mako_nolang_interfaces/include/mako_nolang_interfaces/msg/mako_server_message.h
[0.947s] -- Up-to-date: /home/abdelrahman/Documents/GitHub/mako_robot/mako_ws/install/mako_nolang_interfaces/share/mako_nolang_interfaces/environment/library_path.dsv
[0.947s] -- Up-to-date: /home/abdelrahman/Documents/GitHub/mako_robot/mako_ws/install/mako_nolang_interfaces/lib/libmako_nolang_interfaces__rosidl_generator_c.so
[0.947s] -- Up-to-date: /home/abdelrahman/Documents/GitHub/mako_robot/mako_ws/install/mako_nolang_interfaces/include/mako_nolang_interfaces
[0.947s] -- Up-to-date: /home/abdelrahman/Documents/GitHub/mako_robot/mako_ws/install/mako_nolang_interfaces/include/mako_nolang_interfaces/srv
[0.948s] -- Up-to-date: /home/abdelrahman/Documents/GitHub/mako_robot/mako_ws/install/mako_nolang_interfaces/include/mako_nolang_interfaces/srv/detail
[0.948s] -- Up-to-date: /home/abdelrahman/Documents/GitHub/mako_robot/mako_ws/install/mako_nolang_interfaces/include/mako_nolang_interfaces/srv/detail/led_control__rosidl_typesupport_fastrtps_c.h
[0.948s] -- Up-to-date: /home/abdelrahman/Documents/GitHub/mako_robot/mako_ws/install/mako_nolang_interfaces/include/mako_nolang_interfaces/srv/detail/arduino_command__rosidl_typesupport_fastrtps_c.h
[0.948s] -- Up-to-date: /home/abdelrahman/Documents/GitHub/mako_robot/mako_ws/install/mako_nolang_interfaces/include/mako_nolang_interfaces/msg
[0.948s] -- Up-to-date: /home/abdelrahman/Documents/GitHub/mako_robot/mako_ws/install/mako_nolang_interfaces/include/mako_nolang_interfaces/msg/detail
[0.949s] -- Up-to-date: /home/abdelrahman/Documents/GitHub/mako_robot/mako_ws/install/mako_nolang_interfaces/include/mako_nolang_interfaces/msg/detail/mako_server_message__rosidl_typesupport_fastrtps_c.h
[0.949s] -- Up-to-date: /home/abdelrahman/Documents/GitHub/mako_robot/mako_ws/install/mako_nolang_interfaces/include/mako_nolang_interfaces/msg/rosidl_typesupport_fastrtps_c__visibility_control.h
[0.949s] -- Up-to-date: /home/abdelrahman/Documents/GitHub/mako_robot/mako_ws/install/mako_nolang_interfaces/lib/libmako_nolang_interfaces__rosidl_typesupport_fastrtps_c.so
[0.950s] -- Up-to-date: /home/abdelrahman/Documents/GitHub/mako_robot/mako_ws/install/mako_nolang_interfaces/include/mako_nolang_interfaces
[0.950s] -- Up-to-date: /home/abdelrahman/Documents/GitHub/mako_robot/mako_ws/install/mako_nolang_interfaces/include/mako_nolang_interfaces/srv
[0.950s] -- Up-to-date: /home/abdelrahman/Documents/GitHub/mako_robot/mako_ws/install/mako_nolang_interfaces/include/mako_nolang_interfaces/srv/detail
[0.950s] -- Up-to-date: /home/abdelrahman/Documents/GitHub/mako_robot/mako_ws/install/mako_nolang_interfaces/include/mako_nolang_interfaces/srv/detail/led_control__rosidl_typesupport_fastrtps_cpp.hpp
[0.951s] -- Up-to-date: /home/abdelrahman/Documents/GitHub/mako_robot/mako_ws/install/mako_nolang_interfaces/include/mako_nolang_interfaces/srv/detail/arduino_command__rosidl_typesupport_fastrtps_cpp.hpp
[0.951s] -- Up-to-date: /home/abdelrahman/Documents/GitHub/mako_robot/mako_ws/install/mako_nolang_interfaces/include/mako_nolang_interfaces/srv/detail/dds_fastrtps
[0.951s] -- Up-to-date: /home/abdelrahman/Documents/GitHub/mako_robot/mako_ws/install/mako_nolang_interfaces/include/mako_nolang_interfaces/msg
[0.951s] -- Up-to-date: /home/abdelrahman/Documents/GitHub/mako_robot/mako_ws/install/mako_nolang_interfaces/include/mako_nolang_interfaces/msg/detail
[0.951s] -- Up-to-date: /home/abdelrahman/Documents/GitHub/mako_robot/mako_ws/install/mako_nolang_interfaces/include/mako_nolang_interfaces/msg/detail/mako_server_message__rosidl_typesupport_fastrtps_cpp.hpp
[0.952s] -- Up-to-date: /home/abdelrahman/Documents/GitHub/mako_robot/mako_ws/install/mako_nolang_interfaces/include/mako_nolang_interfaces/msg/detail/dds_fastrtps
[0.952s] -- Up-to-date: /home/abdelrahman/Documents/GitHub/mako_robot/mako_ws/install/mako_nolang_interfaces/include/mako_nolang_interfaces/msg/rosidl_typesupport_fastrtps_cpp__visibility_control.h
[0.952s] -- Up-to-date: /home/abdelrahman/Documents/GitHub/mako_robot/mako_ws/install/mako_nolang_interfaces/lib/libmako_nolang_interfaces__rosidl_typesupport_fastrtps_cpp.so
[0.952s] -- Up-to-date: /home/abdelrahman/Documents/GitHub/mako_robot/mako_ws/install/mako_nolang_interfaces/include/mako_nolang_interfaces
[0.952s] -- Up-to-date: /home/abdelrahman/Documents/GitHub/mako_robot/mako_ws/install/mako_nolang_interfaces/include/mako_nolang_interfaces/srv
[0.952s] -- Up-to-date: /home/abdelrahman/Documents/GitHub/mako_robot/mako_ws/install/mako_nolang_interfaces/include/mako_nolang_interfaces/srv/detail
[0.952s] -- Up-to-date: /home/abdelrahman/Documents/GitHub/mako_robot/mako_ws/install/mako_nolang_interfaces/include/mako_nolang_interfaces/srv/detail/arduino_command__type_support.c
[0.952s] -- Up-to-date: /home/abdelrahman/Documents/GitHub/mako_robot/mako_ws/install/mako_nolang_interfaces/include/mako_nolang_interfaces/srv/detail/led_control__rosidl_typesupport_introspection_c.h
[0.953s] -- Up-to-date: /home/abdelrahman/Documents/GitHub/mako_robot/mako_ws/install/mako_nolang_interfaces/include/mako_nolang_interfaces/srv/detail/led_control__type_support.c
[0.953s] -- Up-to-date: /home/abdelrahman/Documents/GitHub/mako_robot/mako_ws/install/mako_nolang_interfaces/include/mako_nolang_interfaces/srv/detail/arduino_command__rosidl_typesupport_introspection_c.h
[0.953s] -- Up-to-date: /home/abdelrahman/Documents/GitHub/mako_robot/mako_ws/install/mako_nolang_interfaces/include/mako_nolang_interfaces/msg
[0.953s] -- Up-to-date: /home/abdelrahman/Documents/GitHub/mako_robot/mako_ws/install/mako_nolang_interfaces/include/mako_nolang_interfaces/msg/detail
[0.953s] -- Up-to-date: /home/abdelrahman/Documents/GitHub/mako_robot/mako_ws/install/mako_nolang_interfaces/include/mako_nolang_interfaces/msg/detail/mako_server_message__rosidl_typesupport_introspection_c.h
[0.953s] -- Up-to-date: /home/abdelrahman/Documents/GitHub/mako_robot/mako_ws/install/mako_nolang_interfaces/include/mako_nolang_interfaces/msg/detail/mako_server_message__type_support.c
[0.953s] -- Up-to-date: /home/abdelrahman/Documents/GitHub/mako_robot/mako_ws/install/mako_nolang_interfaces/include/mako_nolang_interfaces/msg/rosidl_typesupport_introspection_c__visibility_control.h
[0.953s] -- Up-to-date: /home/abdelrahman/Documents/GitHub/mako_robot/mako_ws/install/mako_nolang_interfaces/lib/libmako_nolang_interfaces__rosidl_typesupport_introspection_c.so
[0.955s] -- Up-to-date: /home/abdelrahman/Documents/GitHub/mako_robot/mako_ws/install/mako_nolang_interfaces/lib/libmako_nolang_interfaces__rosidl_typesupport_c.so
[0.955s] -- Up-to-date: /home/abdelrahman/Documents/GitHub/mako_robot/mako_ws/install/mako_nolang_interfaces/include/mako_nolang_interfaces
[0.956s] -- Up-to-date: /home/abdelrahman/Documents/GitHub/mako_robot/mako_ws/install/mako_nolang_interfaces/include/mako_nolang_interfaces/srv
[0.956s] -- Up-to-date: /home/abdelrahman/Documents/GitHub/mako_robot/mako_ws/install/mako_nolang_interfaces/include/mako_nolang_interfaces/srv/detail
[0.956s] -- Up-to-date: /home/abdelrahman/Documents/GitHub/mako_robot/mako_ws/install/mako_nolang_interfaces/include/mako_nolang_interfaces/srv/detail/led_control__builder.hpp
[0.956s] -- Up-to-date: /home/abdelrahman/Documents/GitHub/mako_robot/mako_ws/install/mako_nolang_interfaces/include/mako_nolang_interfaces/srv/detail/arduino_command__struct.hpp
[0.956s] -- Up-to-date: /home/abdelrahman/Documents/GitHub/mako_robot/mako_ws/install/mako_nolang_interfaces/include/mako_nolang_interfaces/srv/detail/arduino_command__traits.hpp
[0.956s] -- Up-to-date: /home/abdelrahman/Documents/GitHub/mako_robot/mako_ws/install/mako_nolang_interfaces/include/mako_nolang_interfaces/srv/detail/led_control__traits.hpp
[0.964s] -- Up-to-date: /home/abdelrahman/Documents/GitHub/mako_robot/mako_ws/install/mako_nolang_interfaces/include/mako_nolang_interfaces/srv/detail/arduino_command__builder.hpp
[0.964s] -- Up-to-date: /home/abdelrahman/Documents/GitHub/mako_robot/mako_ws/install/mako_nolang_interfaces/include/mako_nolang_interfaces/srv/detail/led_control__struct.hpp
[0.965s] -- Up-to-date: /home/abdelrahman/Documents/GitHub/mako_robot/mako_ws/install/mako_nolang_interfaces/include/mako_nolang_interfaces/srv/led_control.hpp
[0.965s] -- Up-to-date: /home/abdelrahman/Documents/GitHub/mako_robot/mako_ws/install/mako_nolang_interfaces/include/mako_nolang_interfaces/srv/arduino_command.hpp
[0.965s] -- Up-to-date: /home/abdelrahman/Documents/GitHub/mako_robot/mako_ws/install/mako_nolang_interfaces/include/mako_nolang_interfaces/msg
[0.965s] -- Up-to-date: /home/abdelrahman/Documents/GitHub/mako_robot/mako_ws/install/mako_nolang_interfaces/include/mako_nolang_interfaces/msg/detail
[0.965s] -- Up-to-date: /home/abdelrahman/Documents/GitHub/mako_robot/mako_ws/install/mako_nolang_interfaces/include/mako_nolang_interfaces/msg/detail/mako_server_message__struct.hpp
[0.965s] -- Up-to-date: /home/abdelrahman/Documents/GitHub/mako_robot/mako_ws/install/mako_nolang_interfaces/include/mako_nolang_interfaces/msg/detail/mako_server_message__builder.hpp
[0.966s] -- Up-to-date: /home/abdelrahman/Documents/GitHub/mako_robot/mako_ws/install/mako_nolang_interfaces/include/mako_nolang_interfaces/msg/detail/mako_server_message__traits.hpp
[0.966s] -- Up-to-date: /home/abdelrahman/Documents/GitHub/mako_robot/mako_ws/install/mako_nolang_interfaces/include/mako_nolang_interfaces/msg/mako_server_message.hpp
[0.966s] -- Up-to-date: /home/abdelrahman/Documents/GitHub/mako_robot/mako_ws/install/mako_nolang_interfaces/include/mako_nolang_interfaces
[0.966s] -- Up-to-date: /home/abdelrahman/Documents/GitHub/mako_robot/mako_ws/install/mako_nolang_interfaces/include/mako_nolang_interfaces/srv
[0.966s] -- Up-to-date: /home/abdelrahman/Documents/GitHub/mako_robot/mako_ws/install/mako_nolang_interfaces/include/mako_nolang_interfaces/srv/detail
[0.966s] -- Up-to-date: /home/abdelrahman/Documents/GitHub/mako_robot/mako_ws/install/mako_nolang_interfaces/include/mako_nolang_interfaces/srv/detail/led_control__type_support.cpp
[0.966s] -- Up-to-date: /home/abdelrahman/Documents/GitHub/mako_robot/mako_ws/install/mako_nolang_interfaces/include/mako_nolang_interfaces/srv/detail/led_control__rosidl_typesupport_introspection_cpp.hpp
[0.966s] -- Up-to-date: /home/abdelrahman/Documents/GitHub/mako_robot/mako_ws/install/mako_nolang_interfaces/include/mako_nolang_interfaces/srv/detail/arduino_command__type_support.cpp
[0.967s] -- Up-to-date: /home/abdelrahman/Documents/GitHub/mako_robot/mako_ws/install/mako_nolang_interfaces/include/mako_nolang_interfaces/srv/detail/arduino_command__rosidl_typesupport_introspection_cpp.hpp
[0.967s] -- Up-to-date: /home/abdelrahman/Documents/GitHub/mako_robot/mako_ws/install/mako_nolang_interfaces/include/mako_nolang_interfaces/msg
[0.967s] -- Up-to-date: /home/abdelrahman/Documents/GitHub/mako_robot/mako_ws/install/mako_nolang_interfaces/include/mako_nolang_interfaces/msg/detail
[0.967s] -- Up-to-date: /home/abdelrahman/Documents/GitHub/mako_robot/mako_ws/install/mako_nolang_interfaces/include/mako_nolang_interfaces/msg/detail/mako_server_message__type_support.cpp
[0.967s] -- Up-to-date: /home/abdelrahman/Documents/GitHub/mako_robot/mako_ws/install/mako_nolang_interfaces/include/mako_nolang_interfaces/msg/detail/mako_server_message__rosidl_typesupport_introspection_cpp.hpp
[0.969s] -- Up-to-date: /home/abdelrahman/Documents/GitHub/mako_robot/mako_ws/install/mako_nolang_interfaces/lib/libmako_nolang_interfaces__rosidl_typesupport_introspection_cpp.so
[0.970s] -- Up-to-date: /home/abdelrahman/Documents/GitHub/mako_robot/mako_ws/install/mako_nolang_interfaces/lib/libmako_nolang_interfaces__rosidl_typesupport_cpp.so
[0.970s] -- Up-to-date: /home/abdelrahman/Documents/GitHub/mako_robot/mako_ws/install/mako_nolang_interfaces/share/mako_nolang_interfaces/environment/pythonpath.sh
[0.970s] -- Up-to-date: /home/abdelrahman/Documents/GitHub/mako_robot/mako_ws/install/mako_nolang_interfaces/share/mako_nolang_interfaces/environment/pythonpath.dsv
[0.970s] -- Up-to-date: /home/abdelrahman/Documents/GitHub/mako_robot/mako_ws/install/mako_nolang_interfaces/lib/python3.8/site-packages/mako_nolang_interfaces/__init__.py
[1.066s] -- Up-to-date: /home/abdelrahman/Documents/GitHub/mako_robot/mako_ws/install/mako_nolang_interfaces/lib/python3.8/site-packages/mako_nolang_interfaces/srv
[1.071s] -- Up-to-date: /home/abdelrahman/Documents/GitHub/mako_robot/mako_ws/install/mako_nolang_interfaces/lib/python3.8/site-packages/mako_nolang_interfaces/srv/_arduino_command_s.c
[1.073s] -- Up-to-date: /home/abdelrahman/Documents/GitHub/mako_robot/mako_ws/install/mako_nolang_interfaces/lib/python3.8/site-packages/mako_nolang_interfaces/srv/_led_control.py
[1.074s] -- Up-to-date: /home/abdelrahman/Documents/GitHub/mako_robot/mako_ws/install/mako_nolang_interfaces/lib/python3.8/site-packages/mako_nolang_interfaces/srv/__init__.py
[1.074s] -- Up-to-date: /home/abdelrahman/Documents/GitHub/mako_robot/mako_ws/install/mako_nolang_interfaces/lib/python3.8/site-packages/mako_nolang_interfaces/srv/_arduino_command.py
[1.074s] -- Up-to-date: /home/abdelrahman/Documents/GitHub/mako_robot/mako_ws/install/mako_nolang_interfaces/lib/python3.8/site-packages/mako_nolang_interfaces/srv/_led_control_s.c
[1.075s] -- Up-to-date: /home/abdelrahman/Documents/GitHub/mako_robot/mako_ws/install/mako_nolang_interfaces/lib/python3.8/site-packages/mako_nolang_interfaces/msg
[1.075s] -- Up-to-date: /home/abdelrahman/Documents/GitHub/mako_robot/mako_ws/install/mako_nolang_interfaces/lib/python3.8/site-packages/mako_nolang_interfaces/msg/_mako_server_message.py
[1.076s] -- Up-to-date: /home/abdelrahman/Documents/GitHub/mako_robot/mako_ws/install/mako_nolang_interfaces/lib/python3.8/site-packages/mako_nolang_interfaces/msg/_mako_server_message_s.c
[1.076s] -- Up-to-date: /home/abdelrahman/Documents/GitHub/mako_robot/mako_ws/install/mako_nolang_interfaces/lib/python3.8/site-packages/mako_nolang_interfaces/msg/__init__.py
[1.083s] -- Up-to-date: /home/abdelrahman/Documents/GitHub/mako_robot/mako_ws/install/mako_nolang_interfaces/lib/python3.8/site-packages/mako_nolang_interfaces/mako_nolang_interfaces_s__rosidl_typesupport_fastrtps_c.cpython-38-x86_64-linux-gnu.so
[1.084s] -- Up-to-date: /home/abdelrahman/Documents/GitHub/mako_robot/mako_ws/install/mako_nolang_interfaces/lib/python3.8/site-packages/mako_nolang_interfaces/mako_nolang_interfaces_s__rosidl_typesupport_introspection_c.cpython-38-x86_64-linux-gnu.so
[1.085s] -- Up-to-date: /home/abdelrahman/Documents/GitHub/mako_robot/mako_ws/install/mako_nolang_interfaces/lib/python3.8/site-packages/mako_nolang_interfaces/mako_nolang_interfaces_s__rosidl_typesupport_c.cpython-38-x86_64-linux-gnu.so
[1.091s] -- Up-to-date: /home/abdelrahman/Documents/GitHub/mako_robot/mako_ws/install/mako_nolang_interfaces/lib/libmako_nolang_interfaces__python.so
[1.091s] -- Up-to-date: /home/abdelrahman/Documents/GitHub/mako_robot/mako_ws/install/mako_nolang_interfaces/share/mako_nolang_interfaces/srv/LedControl.idl
[1.091s] -- Up-to-date: /home/abdelrahman/Documents/GitHub/mako_robot/mako_ws/install/mako_nolang_interfaces/share/mako_nolang_interfaces/srv/ArduinoCommand.idl
[1.091s] -- Up-to-date: /home/abdelrahman/Documents/GitHub/mako_robot/mako_ws/install/mako_nolang_interfaces/share/mako_nolang_interfaces/msg/MakoServerMessage.idl
[1.092s] -- Up-to-date: /home/abdelrahman/Documents/GitHub/mako_robot/mako_ws/install/mako_nolang_interfaces/share/mako_nolang_interfaces/srv/LedControl.srv
[1.092s] -- Up-to-date: /home/abdelrahman/Documents/GitHub/mako_robot/mako_ws/install/mako_nolang_interfaces/share/mako_nolang_interfaces/srv/LedControl_Request.msg
[1.092s] -- Up-to-date: /home/abdelrahman/Documents/GitHub/mako_robot/mako_ws/install/mako_nolang_interfaces/share/mako_nolang_interfaces/srv/LedControl_Response.msg
[1.092s] -- Up-to-date: /home/abdelrahman/Documents/GitHub/mako_robot/mako_ws/install/mako_nolang_interfaces/share/mako_nolang_interfaces/srv/ArduinoCommand.srv
[1.092s] -- Up-to-date: /home/abdelrahman/Documents/GitHub/mako_robot/mako_ws/install/mako_nolang_interfaces/share/mako_nolang_interfaces/srv/ArduinoCommand_Request.msg
[1.097s] -- Up-to-date: /home/abdelrahman/Documents/GitHub/mako_robot/mako_ws/install/mako_nolang_interfaces/share/mako_nolang_interfaces/srv/ArduinoCommand_Response.msg
[1.098s] -- Up-to-date: /home/abdelrahman/Documents/GitHub/mako_robot/mako_ws/install/mako_nolang_interfaces/share/mako_nolang_interfaces/msg/MakoServerMessage.msg
[1.098s] -- Up-to-date: /home/abdelrahman/Documents/GitHub/mako_robot/mako_ws/install/mako_nolang_interfaces/share/ament_index/resource_index/package_run_dependencies/mako_nolang_interfaces
[1.098s] -- Up-to-date: /home/abdelrahman/Documents/GitHub/mako_robot/mako_ws/install/mako_nolang_interfaces/share/ament_index/resource_index/parent_prefix_path/mako_nolang_interfaces
[1.098s] -- Up-to-date: /home/abdelrahman/Documents/GitHub/mako_robot/mako_ws/install/mako_nolang_interfaces/share/mako_nolang_interfaces/environment/ament_prefix_path.dsv
[1.098s] -- Up-to-date: /home/abdelrahman/Documents/GitHub/mako_robot/mako_ws/install/mako_nolang_interfaces/share/mako_nolang_interfaces/environment/path.dsv
[1.098s] -- Up-to-date: /home/abdelrahman/Documents/GitHub/mako_robot/mako_ws/install/mako_nolang_interfaces/share/mako_nolang_interfaces/local_setup.bash
[1.099s] -- Up-to-date: /home/abdelrahman/Documents/GitHub/mako_robot/mako_ws/install/mako_nolang_interfaces/share/mako_nolang_interfaces/local_setup.sh
[1.099s] -- Up-to-date: /home/abdelrahman/Documents/GitHub/mako_robot/mako_ws/install/mako_nolang_interfaces/share/mako_nolang_interfaces/local_setup.zsh
[1.099s] -- Up-to-date: /home/abdelrahman/Documents/GitHub/mako_robot/mako_ws/install/mako_nolang_interfaces/share/mako_nolang_interfaces/local_setup.dsv
[1.099s] -- Installing: /home/abdelrahman/Documents/GitHub/mako_robot/mako_ws/install/mako_nolang_interfaces/share/mako_nolang_interfaces/package.dsv
[1.099s] -- Up-to-date: /home/abdelrahman/Documents/GitHub/mako_robot/mako_ws/install/mako_nolang_interfaces/share/ament_index/resource_index/packages/mako_nolang_interfaces
[1.099s] -- Up-to-date: /home/abdelrahman/Documents/GitHub/mako_robot/mako_ws/install/mako_nolang_interfaces/share/mako_nolang_interfaces/cmake/mako_nolang_interfaces__rosidl_generator_cExport.cmake
[1.100s] -- Up-to-date: /home/abdelrahman/Documents/GitHub/mako_robot/mako_ws/install/mako_nolang_interfaces/share/mako_nolang_interfaces/cmake/mako_nolang_interfaces__rosidl_generator_cExport-noconfig.cmake
[1.103s] -- Up-to-date: /home/abdelrahman/Documents/GitHub/mako_robot/mako_ws/install/mako_nolang_interfaces/share/mako_nolang_interfaces/cmake/mako_nolang_interfaces__rosidl_typesupport_introspection_cExport.cmake
[1.103s] -- Up-to-date: /home/abdelrahman/Documents/GitHub/mako_robot/mako_ws/install/mako_nolang_interfaces/share/mako_nolang_interfaces/cmake/mako_nolang_interfaces__rosidl_typesupport_introspection_cExport-noconfig.cmake
[1.103s] -- Up-to-date: /home/abdelrahman/Documents/GitHub/mako_robot/mako_ws/install/mako_nolang_interfaces/share/mako_nolang_interfaces/cmake/mako_nolang_interfaces__rosidl_typesupport_cExport.cmake
[1.103s] -- Up-to-date: /home/abdelrahman/Documents/GitHub/mako_robot/mako_ws/install/mako_nolang_interfaces/share/mako_nolang_interfaces/cmake/mako_nolang_interfaces__rosidl_typesupport_cExport-noconfig.cmake
[1.104s] -- Up-to-date: /home/abdelrahman/Documents/GitHub/mako_robot/mako_ws/install/mako_nolang_interfaces/share/mako_nolang_interfaces/cmake/mako_nolang_interfaces__rosidl_generator_cppExport.cmake
[1.108s] -- Up-to-date: /home/abdelrahman/Documents/GitHub/mako_robot/mako_ws/install/mako_nolang_interfaces/share/mako_nolang_interfaces/cmake/mako_nolang_interfaces__rosidl_typesupport_introspection_cppExport.cmake
[1.108s] -- Up-to-date: /home/abdelrahman/Documents/GitHub/mako_robot/mako_ws/install/mako_nolang_interfaces/share/mako_nolang_interfaces/cmake/mako_nolang_interfaces__rosidl_typesupport_introspection_cppExport-noconfig.cmake
[1.108s] -- Up-to-date: /home/abdelrahman/Documents/GitHub/mako_robot/mako_ws/install/mako_nolang_interfaces/share/mako_nolang_interfaces/cmake/mako_nolang_interfaces__rosidl_typesupport_cppExport.cmake
[1.109s] -- Up-to-date: /home/abdelrahman/Documents/GitHub/mako_robot/mako_ws/install/mako_nolang_interfaces/share/mako_nolang_interfaces/cmake/mako_nolang_interfaces__rosidl_typesupport_cppExport-noconfig.cmake
[1.109s] -- Up-to-date: /home/abdelrahman/Documents/GitHub/mako_robot/mako_ws/install/mako_nolang_interfaces/share/mako_nolang_interfaces/cmake/rosidl_cmake-extras.cmake
[1.109s] -- Up-to-date: /home/abdelrahman/Documents/GitHub/mako_robot/mako_ws/install/mako_nolang_interfaces/share/mako_nolang_interfaces/cmake/ament_cmake_export_dependencies-extras.cmake
[1.109s] -- Up-to-date: /home/abdelrahman/Documents/GitHub/mako_robot/mako_ws/install/mako_nolang_interfaces/share/mako_nolang_interfaces/cmake/ament_cmake_export_libraries-extras.cmake
[1.110s] -- Up-to-date: /home/abdelrahman/Documents/GitHub/mako_robot/mako_ws/install/mako_nolang_interfaces/share/mako_nolang_interfaces/cmake/ament_cmake_export_targets-extras.cmake
[1.110s] -- Up-to-date: /home/abdelrahman/Documents/GitHub/mako_robot/mako_ws/install/mako_nolang_interfaces/share/mako_nolang_interfaces/cmake/ament_cmake_export_include_directories-extras.cmake
[1.115s] -- Up-to-date: /home/abdelrahman/Documents/GitHub/mako_robot/mako_ws/install/mako_nolang_interfaces/share/mako_nolang_interfaces/cmake/rosidl_cmake_export_typesupport_libraries-extras.cmake
[1.115s] -- Up-to-date: /home/abdelrahman/Documents/GitHub/mako_robot/mako_ws/install/mako_nolang_interfaces/share/mako_nolang_interfaces/cmake/rosidl_cmake_export_typesupport_targets-extras.cmake
[1.116s] -- Up-to-date: /home/abdelrahman/Documents/GitHub/mako_robot/mako_ws/install/mako_nolang_interfaces/share/mako_nolang_interfaces/cmake/mako_nolang_interfacesConfig.cmake
[1.116s] -- Up-to-date: /home/abdelrahman/Documents/GitHub/mako_robot/mako_ws/install/mako_nolang_interfaces/share/mako_nolang_interfaces/cmake/mako_nolang_interfacesConfig-version.cmake
[1.116s] -- Up-to-date: /home/abdelrahman/Documents/GitHub/mako_robot/mako_ws/install/mako_nolang_interfaces/share/mako_nolang_interfaces/package.xml
[1.134s] Invoked command in '/home/abdelrahman/Documents/GitHub/mako_robot/mako_ws/build/mako_nolang_interfaces' returned '0': CMAKE_PREFIX_PATH=${CMAKE_PREFIX_PATH}:/home/abdelrahman/ros2_ws/install/test_lidar_pkg:/home/abdelrahman/ros2_ws/install/my_py_pkg:/opt/ros/foxy /usr/bin/cmake --install /home/abdelrahman/Documents/GitHub/mako_robot/mako_ws/build/mako_nolang_interfaces
