[0.131s] Invoking command in '/home/karim/mako_robot/mako_ws/build/mako_nolang_interfaces': CMAKE_PREFIX_PATH=${CMAKE_PREFIX_PATH}:/home/karim/project_ws/install/ros_project_pkg_py_robot_driver:/home/karim/project_ws/install/dev_test_tools:/home/karim/ros2_ws/install/my_py_pkg:/home/karim/mako_robot/mako_ws/install/mako_py_serial_interface:/home/karim/mako_robot/mako_ws/install/mako_py_feedback_actuators:/home/karim/mako_robot/mako_ws/install/mako_py_brain:/home/karim/mako_robot/mako_ws/install/dev_test_tools:/opt/ros/foxy /usr/bin/cmake --build /home/karim/mako_robot/mako_ws/build/mako_nolang_interfaces -- -j6 -l6
[0.942s] [  2%] Built target mako_nolang_interfaces__cpp
[0.945s] [ 12%] Built target mako_nolang_interfaces__rosidl_generator_c
[0.945s] [ 23%] Built target mako_nolang_interfaces__rosidl_typesupport_introspection_c
[0.945s] [ 34%] Built target mako_nolang_interfaces__rosidl_typesupport_cpp
[0.945s] [ 44%] Built target mako_nolang_interfaces__rosidl_typesupport_fastrtps_cpp
[0.945s] [ 55%] Built target mako_nolang_interfaces__rosidl_typesupport_c
[0.945s] [ 65%] Built target mako_nolang_interfaces__rosidl_typesupport_introspection_cpp
[0.945s] [ 76%] Built target mako_nolang_interfaces__rosidl_typesupport_fastrtps_c
[0.945s] [ 76%] Built target mako_nolang_interfaces
[0.945s] [ 78%] Built target mako_nolang_interfaces__py
[0.945s] [ 87%] Built target mako_nolang_interfaces__python
[0.946s] [ 91%] Built target mako_nolang_interfaces__rosidl_typesupport_fastrtps_c__pyext
[0.946s] [ 95%] Built target mako_nolang_interfaces__rosidl_typesupport_introspection_c__pyext
[0.946s] [100%] Built target mako_nolang_interfaces__rosidl_typesupport_c__pyext
[0.959s] Invoked command in '/home/karim/mako_robot/mako_ws/build/mako_nolang_interfaces' returned '0': CMAKE_PREFIX_PATH=${CMAKE_PREFIX_PATH}:/home/karim/project_ws/install/ros_project_pkg_py_robot_driver:/home/karim/project_ws/install/dev_test_tools:/home/karim/ros2_ws/install/my_py_pkg:/home/karim/mako_robot/mako_ws/install/mako_py_serial_interface:/home/karim/mako_robot/mako_ws/install/mako_py_feedback_actuators:/home/karim/mako_robot/mako_ws/install/mako_py_brain:/home/karim/mako_robot/mako_ws/install/dev_test_tools:/opt/ros/foxy /usr/bin/cmake --build /home/karim/mako_robot/mako_ws/build/mako_nolang_interfaces -- -j6 -l6
[1.402s] Invoking command in '/home/karim/mako_robot/mako_ws/build/mako_nolang_interfaces': CMAKE_PREFIX_PATH=${CMAKE_PREFIX_PATH}:/home/karim/project_ws/install/ros_project_pkg_py_robot_driver:/home/karim/project_ws/install/dev_test_tools:/home/karim/ros2_ws/install/my_py_pkg:/home/karim/mako_robot/mako_ws/install/mako_py_serial_interface:/home/karim/mako_robot/mako_ws/install/mako_py_feedback_actuators:/home/karim/mako_robot/mako_ws/install/mako_py_brain:/home/karim/mako_robot/mako_ws/install/dev_test_tools:/opt/ros/foxy /usr/bin/cmake --install /home/karim/mako_robot/mako_ws/build/mako_nolang_interfaces
[1.436s] -- Install configuration: ""
[1.439s] -- Execute custom install script
[1.440s] -- Up-to-date symlink: /home/karim/mako_robot/mako_ws/install/mako_nolang_interfaces/share/ament_index/resource_index/rosidl_interfaces/mako_nolang_interfaces
[1.443s] -- Up-to-date symlink: /home/karim/mako_robot/mako_ws/install/mako_nolang_interfaces/include/mako_nolang_interfaces/msg/detail/mako_server_message__functions.h
[1.444s] -- Up-to-date symlink: /home/karim/mako_robot/mako_ws/install/mako_nolang_interfaces/include/mako_nolang_interfaces/msg/detail/mako_server_message__struct.h
[1.446s] -- Up-to-date symlink: /home/karim/mako_robot/mako_ws/install/mako_nolang_interfaces/include/mako_nolang_interfaces/msg/detail/mako_server_message__type_support.h
[1.448s] -- Up-to-date symlink: /home/karim/mako_robot/mako_ws/install/mako_nolang_interfaces/include/mako_nolang_interfaces/msg/mako_server_message.h
[1.448s] -- Up-to-date symlink: /home/karim/mako_robot/mako_ws/install/mako_nolang_interfaces/include/mako_nolang_interfaces/msg/rosidl_generator_c__visibility_control.h
[1.449s] -- Up-to-date symlink: /home/karim/mako_robot/mako_ws/install/mako_nolang_interfaces/include/mako_nolang_interfaces/srv/arduino_command.h
[1.451s] -- Up-to-date symlink: /home/karim/mako_robot/mako_ws/install/mako_nolang_interfaces/include/mako_nolang_interfaces/srv/detail/arduino_command__functions.h
[1.488s] -- Up-to-date symlink: /home/karim/mako_robot/mako_ws/install/mako_nolang_interfaces/include/mako_nolang_interfaces/srv/detail/arduino_command__struct.h
[1.488s] -- Up-to-date symlink: /home/karim/mako_robot/mako_ws/install/mako_nolang_interfaces/include/mako_nolang_interfaces/srv/detail/arduino_command__type_support.h
[1.490s] -- Up-to-date symlink: /home/karim/mako_robot/mako_ws/install/mako_nolang_interfaces/include/mako_nolang_interfaces/srv/detail/led_control__functions.h
[1.490s] -- Up-to-date symlink: /home/karim/mako_robot/mako_ws/install/mako_nolang_interfaces/include/mako_nolang_interfaces/srv/detail/led_control__struct.h
[1.492s] -- Up-to-date symlink: /home/karim/mako_robot/mako_ws/install/mako_nolang_interfaces/include/mako_nolang_interfaces/srv/detail/led_control__type_support.h
[1.493s] -- Up-to-date symlink: /home/karim/mako_robot/mako_ws/install/mako_nolang_interfaces/include/mako_nolang_interfaces/srv/led_control.h
[1.494s] -- Up-to-date symlink: /home/karim/mako_robot/mako_ws/install/mako_nolang_interfaces/share/mako_nolang_interfaces/environment/library_path.sh
[1.495s] -- Up-to-date symlink: /home/karim/mako_robot/mako_ws/install/mako_nolang_interfaces/share/mako_nolang_interfaces/environment/library_path.dsv
[1.497s] -- Up-to-date symlink: /home/karim/mako_robot/mako_ws/install/mako_nolang_interfaces/include/mako_nolang_interfaces/msg/detail/mako_server_message__rosidl_typesupport_fastrtps_c.h
[1.499s] -- Up-to-date symlink: /home/karim/mako_robot/mako_ws/install/mako_nolang_interfaces/include/mako_nolang_interfaces/msg/rosidl_typesupport_fastrtps_c__visibility_control.h
[1.500s] -- Up-to-date symlink: /home/karim/mako_robot/mako_ws/install/mako_nolang_interfaces/include/mako_nolang_interfaces/srv/detail/arduino_command__rosidl_typesupport_fastrtps_c.h
[1.502s] -- Up-to-date symlink: /home/karim/mako_robot/mako_ws/install/mako_nolang_interfaces/include/mako_nolang_interfaces/srv/detail/led_control__rosidl_typesupport_fastrtps_c.h
[1.520s] -- Up-to-date symlink: /home/karim/mako_robot/mako_ws/install/mako_nolang_interfaces/lib/libmako_nolang_interfaces__rosidl_typesupport_fastrtps_c.so
[1.548s] -- Up-to-date symlink: /home/karim/mako_robot/mako_ws/install/mako_nolang_interfaces/include/mako_nolang_interfaces/msg/detail/mako_server_message__rosidl_typesupport_fastrtps_cpp.hpp
[1.549s] -- Up-to-date symlink: /home/karim/mako_robot/mako_ws/install/mako_nolang_interfaces/include/mako_nolang_interfaces/msg/rosidl_typesupport_fastrtps_cpp__visibility_control.h
[1.549s] -- Up-to-date symlink: /home/karim/mako_robot/mako_ws/install/mako_nolang_interfaces/include/mako_nolang_interfaces/srv/detail/arduino_command__rosidl_typesupport_fastrtps_cpp.hpp
[1.550s] -- Up-to-date symlink: /home/karim/mako_robot/mako_ws/install/mako_nolang_interfaces/include/mako_nolang_interfaces/srv/detail/led_control__rosidl_typesupport_fastrtps_cpp.hpp
[1.553s] -- Up-to-date symlink: /home/karim/mako_robot/mako_ws/install/mako_nolang_interfaces/lib/libmako_nolang_interfaces__rosidl_typesupport_fastrtps_cpp.so
[1.554s] -- Up-to-date symlink: /home/karim/mako_robot/mako_ws/install/mako_nolang_interfaces/include/mako_nolang_interfaces/msg/detail/mako_server_message__rosidl_typesupport_introspection_c.h
[1.556s] -- Up-to-date symlink: /home/karim/mako_robot/mako_ws/install/mako_nolang_interfaces/include/mako_nolang_interfaces/msg/rosidl_typesupport_introspection_c__visibility_control.h
[1.567s] -- Up-to-date symlink: /home/karim/mako_robot/mako_ws/install/mako_nolang_interfaces/include/mako_nolang_interfaces/srv/detail/arduino_command__rosidl_typesupport_introspection_c.h
[1.567s] -- Up-to-date symlink: /home/karim/mako_robot/mako_ws/install/mako_nolang_interfaces/include/mako_nolang_interfaces/srv/detail/led_control__rosidl_typesupport_introspection_c.h
[1.570s] -- Up-to-date symlink: /home/karim/mako_robot/mako_ws/install/mako_nolang_interfaces/include/mako_nolang_interfaces/msg/detail/mako_server_message__builder.hpp
[1.572s] -- Up-to-date symlink: /home/karim/mako_robot/mako_ws/install/mako_nolang_interfaces/include/mako_nolang_interfaces/msg/detail/mako_server_message__struct.hpp
[1.574s] -- Up-to-date symlink: /home/karim/mako_robot/mako_ws/install/mako_nolang_interfaces/include/mako_nolang_interfaces/msg/detail/mako_server_message__traits.hpp
[1.576s] -- Up-to-date symlink: /home/karim/mako_robot/mako_ws/install/mako_nolang_interfaces/include/mako_nolang_interfaces/msg/mako_server_message.hpp
[1.577s] -- Up-to-date symlink: /home/karim/mako_robot/mako_ws/install/mako_nolang_interfaces/include/mako_nolang_interfaces/srv/arduino_command.hpp
[1.578s] -- Up-to-date symlink: /home/karim/mako_robot/mako_ws/install/mako_nolang_interfaces/include/mako_nolang_interfaces/srv/detail/arduino_command__builder.hpp
[1.580s] -- Up-to-date symlink: /home/karim/mako_robot/mako_ws/install/mako_nolang_interfaces/include/mako_nolang_interfaces/srv/detail/arduino_command__struct.hpp
[1.589s] -- Up-to-date symlink: /home/karim/mako_robot/mako_ws/install/mako_nolang_interfaces/include/mako_nolang_interfaces/srv/detail/arduino_command__traits.hpp
[1.606s] -- Up-to-date symlink: /home/karim/mako_robot/mako_ws/install/mako_nolang_interfaces/include/mako_nolang_interfaces/srv/detail/led_control__builder.hpp
[1.606s] -- Up-to-date symlink: /home/karim/mako_robot/mako_ws/install/mako_nolang_interfaces/include/mako_nolang_interfaces/srv/detail/led_control__struct.hpp
[1.606s] -- Up-to-date symlink: /home/karim/mako_robot/mako_ws/install/mako_nolang_interfaces/include/mako_nolang_interfaces/srv/detail/led_control__traits.hpp
[1.607s] -- Up-to-date symlink: /home/karim/mako_robot/mako_ws/install/mako_nolang_interfaces/include/mako_nolang_interfaces/srv/led_control.hpp
[1.611s] -- Up-to-date symlink: /home/karim/mako_robot/mako_ws/install/mako_nolang_interfaces/include/mako_nolang_interfaces/msg/detail/mako_server_message__rosidl_typesupport_introspection_cpp.hpp
[1.612s] -- Up-to-date symlink: /home/karim/mako_robot/mako_ws/install/mako_nolang_interfaces/include/mako_nolang_interfaces/srv/detail/arduino_command__rosidl_typesupport_introspection_cpp.hpp
[1.614s] -- Up-to-date symlink: /home/karim/mako_robot/mako_ws/install/mako_nolang_interfaces/include/mako_nolang_interfaces/srv/detail/led_control__rosidl_typesupport_introspection_cpp.hpp
[1.616s] -- Up-to-date symlink: /home/karim/mako_robot/mako_ws/install/mako_nolang_interfaces/share/mako_nolang_interfaces/environment/pythonpath.sh
[1.626s] -- Up-to-date symlink: /home/karim/mako_robot/mako_ws/install/mako_nolang_interfaces/share/mako_nolang_interfaces/environment/pythonpath.dsv
[1.626s] -- Up-to-date symlink: /home/karim/mako_robot/mako_ws/install/mako_nolang_interfaces/lib/python3.8/site-packages/mako_nolang_interfaces/__init__.py
[1.626s] -- Up-to-date symlink: /home/karim/mako_robot/mako_ws/install/mako_nolang_interfaces/lib/python3.8/site-packages/mako_nolang_interfaces/srv/__init__.py
[1.631s] -- Up-to-date symlink: /home/karim/mako_robot/mako_ws/install/mako_nolang_interfaces/lib/python3.8/site-packages/mako_nolang_interfaces/srv/_arduino_command.py
[1.632s] -- Up-to-date symlink: /home/karim/mako_robot/mako_ws/install/mako_nolang_interfaces/lib/python3.8/site-packages/mako_nolang_interfaces/srv/_led_control.py
[1.633s] -- Up-to-date symlink: /home/karim/mako_robot/mako_ws/install/mako_nolang_interfaces/lib/python3.8/site-packages/mako_nolang_interfaces/msg/__init__.py
[1.634s] -- Up-to-date symlink: /home/karim/mako_robot/mako_ws/install/mako_nolang_interfaces/lib/python3.8/site-packages/mako_nolang_interfaces/msg/_mako_server_message.py
[1.636s] -- Up-to-date symlink: /home/karim/mako_robot/mako_ws/install/mako_nolang_interfaces/lib/python3.8/site-packages/mako_nolang_interfaces/mako_nolang_interfaces_s__rosidl_typesupport_fastrtps_c.cpython-38-x86_64-linux-gnu.so
[1.644s] -- Up-to-date symlink: /home/karim/mako_robot/mako_ws/install/mako_nolang_interfaces/lib/python3.8/site-packages/mako_nolang_interfaces/mako_nolang_interfaces_s__rosidl_typesupport_introspection_c.cpython-38-x86_64-linux-gnu.so
[1.657s] -- Up-to-date symlink: /home/karim/mako_robot/mako_ws/install/mako_nolang_interfaces/lib/python3.8/site-packages/mako_nolang_interfaces/mako_nolang_interfaces_s__rosidl_typesupport_c.cpython-38-x86_64-linux-gnu.so
[1.659s] -- Up-to-date symlink: /home/karim/mako_robot/mako_ws/install/mako_nolang_interfaces/lib/libmako_nolang_interfaces__python.so
[1.661s] -- Up-to-date symlink: /home/karim/mako_robot/mako_ws/install/mako_nolang_interfaces/share/mako_nolang_interfaces/srv/LedControl.idl
[1.662s] -- Up-to-date symlink: /home/karim/mako_robot/mako_ws/install/mako_nolang_interfaces/share/mako_nolang_interfaces/srv/ArduinoCommand.idl
[1.664s] -- Up-to-date symlink: /home/karim/mako_robot/mako_ws/install/mako_nolang_interfaces/share/mako_nolang_interfaces/msg/MakoServerMessage.idl
[1.667s] -- Up-to-date symlink: /home/karim/mako_robot/mako_ws/install/mako_nolang_interfaces/share/mako_nolang_interfaces/srv/LedControl.srv
[1.667s] -- Up-to-date symlink: /home/karim/mako_robot/mako_ws/install/mako_nolang_interfaces/share/mako_nolang_interfaces/srv/LedControl_Request.msg
[1.668s] -- Up-to-date symlink: /home/karim/mako_robot/mako_ws/install/mako_nolang_interfaces/share/mako_nolang_interfaces/srv/LedControl_Response.msg
[1.681s] -- Up-to-date symlink: /home/karim/mako_robot/mako_ws/install/mako_nolang_interfaces/share/mako_nolang_interfaces/srv/ArduinoCommand.srv
[1.681s] -- Up-to-date symlink: /home/karim/mako_robot/mako_ws/install/mako_nolang_interfaces/share/mako_nolang_interfaces/srv/ArduinoCommand_Request.msg
[1.682s] -- Up-to-date symlink: /home/karim/mako_robot/mako_ws/install/mako_nolang_interfaces/share/mako_nolang_interfaces/srv/ArduinoCommand_Response.msg
[1.682s] -- Up-to-date symlink: /home/karim/mako_robot/mako_ws/install/mako_nolang_interfaces/share/mako_nolang_interfaces/msg/MakoServerMessage.msg
[1.685s] -- Up-to-date symlink: /home/karim/mako_robot/mako_ws/install/mako_nolang_interfaces/share/ament_index/resource_index/package_run_dependencies/mako_nolang_interfaces
[1.685s] -- Up-to-date symlink: /home/karim/mako_robot/mako_ws/install/mako_nolang_interfaces/share/ament_index/resource_index/parent_prefix_path/mako_nolang_interfaces
[1.688s] -- Up-to-date symlink: /home/karim/mako_robot/mako_ws/install/mako_nolang_interfaces/share/mako_nolang_interfaces/environment/ament_prefix_path.sh
[1.688s] -- Up-to-date symlink: /home/karim/mako_robot/mako_ws/install/mako_nolang_interfaces/share/mako_nolang_interfaces/environment/ament_prefix_path.dsv
[1.688s] -- Up-to-date symlink: /home/karim/mako_robot/mako_ws/install/mako_nolang_interfaces/share/mako_nolang_interfaces/environment/path.sh
[1.688s] -- Up-to-date symlink: /home/karim/mako_robot/mako_ws/install/mako_nolang_interfaces/share/mako_nolang_interfaces/environment/path.dsv
[1.688s] -- Up-to-date symlink: /home/karim/mako_robot/mako_ws/install/mako_nolang_interfaces/share/mako_nolang_interfaces/local_setup.bash
[1.689s] -- Up-to-date symlink: /home/karim/mako_robot/mako_ws/install/mako_nolang_interfaces/share/mako_nolang_interfaces/local_setup.sh
[1.690s] -- Up-to-date symlink: /home/karim/mako_robot/mako_ws/install/mako_nolang_interfaces/share/mako_nolang_interfaces/local_setup.zsh
[1.691s] -- Up-to-date symlink: /home/karim/mako_robot/mako_ws/install/mako_nolang_interfaces/share/mako_nolang_interfaces/local_setup.dsv
[1.691s] -- Symlinking: /home/karim/mako_robot/mako_ws/install/mako_nolang_interfaces/share/mako_nolang_interfaces/package.dsv
[1.711s] -- Up-to-date symlink: /home/karim/mako_robot/mako_ws/install/mako_nolang_interfaces/share/ament_index/resource_index/packages/mako_nolang_interfaces
[1.712s] -- Up-to-date symlink: /home/karim/mako_robot/mako_ws/install/mako_nolang_interfaces/share/mako_nolang_interfaces/cmake/rosidl_cmake-extras.cmake
[1.713s] -- Up-to-date symlink: /home/karim/mako_robot/mako_ws/install/mako_nolang_interfaces/share/mako_nolang_interfaces/cmake/ament_cmake_export_dependencies-extras.cmake
[1.714s] -- Up-to-date symlink: /home/karim/mako_robot/mako_ws/install/mako_nolang_interfaces/share/mako_nolang_interfaces/cmake/ament_cmake_export_libraries-extras.cmake
[1.716s] -- Up-to-date symlink: /home/karim/mako_robot/mako_ws/install/mako_nolang_interfaces/share/mako_nolang_interfaces/cmake/ament_cmake_export_targets-extras.cmake
[1.717s] -- Up-to-date symlink: /home/karim/mako_robot/mako_ws/install/mako_nolang_interfaces/share/mako_nolang_interfaces/cmake/ament_cmake_export_include_directories-extras.cmake
[1.719s] -- Up-to-date symlink: /home/karim/mako_robot/mako_ws/install/mako_nolang_interfaces/share/mako_nolang_interfaces/cmake/rosidl_cmake_export_typesupport_libraries-extras.cmake
[1.719s] -- Up-to-date symlink: /home/karim/mako_robot/mako_ws/install/mako_nolang_interfaces/share/mako_nolang_interfaces/cmake/rosidl_cmake_export_typesupport_targets-extras.cmake
[1.720s] -- Up-to-date symlink: /home/karim/mako_robot/mako_ws/install/mako_nolang_interfaces/share/mako_nolang_interfaces/cmake/mako_nolang_interfacesConfig.cmake
[1.733s] -- Up-to-date symlink: /home/karim/mako_robot/mako_ws/install/mako_nolang_interfaces/share/mako_nolang_interfaces/cmake/mako_nolang_interfacesConfig-version.cmake
[1.733s] -- Up-to-date symlink: /home/karim/mako_robot/mako_ws/install/mako_nolang_interfaces/share/mako_nolang_interfaces/package.xml
[1.733s] -- Up-to-date: /home/karim/mako_robot/mako_ws/install/mako_nolang_interfaces/lib/libmako_nolang_interfaces__rosidl_generator_c.so
[1.735s] -- Up-to-date: /home/karim/mako_robot/mako_ws/install/mako_nolang_interfaces/lib/libmako_nolang_interfaces__rosidl_typesupport_introspection_c.so
[1.736s] -- Up-to-date: /home/karim/mako_robot/mako_ws/install/mako_nolang_interfaces/lib/libmako_nolang_interfaces__rosidl_typesupport_c.so
[1.737s] -- Up-to-date: /home/karim/mako_robot/mako_ws/install/mako_nolang_interfaces/lib/libmako_nolang_interfaces__rosidl_typesupport_introspection_cpp.so
[1.737s] -- Up-to-date: /home/karim/mako_robot/mako_ws/install/mako_nolang_interfaces/lib/libmako_nolang_interfaces__rosidl_typesupport_cpp.so
[1.818s] -- Up-to-date: /home/karim/mako_robot/mako_ws/install/mako_nolang_interfaces/share/mako_nolang_interfaces/cmake/mako_nolang_interfaces__rosidl_generator_cExport.cmake
[1.818s] -- Up-to-date: /home/karim/mako_robot/mako_ws/install/mako_nolang_interfaces/share/mako_nolang_interfaces/cmake/mako_nolang_interfaces__rosidl_generator_cExport-noconfig.cmake
[1.820s] -- Up-to-date: /home/karim/mako_robot/mako_ws/install/mako_nolang_interfaces/share/mako_nolang_interfaces/cmake/mako_nolang_interfaces__rosidl_typesupport_introspection_cExport.cmake
[1.820s] -- Up-to-date: /home/karim/mako_robot/mako_ws/install/mako_nolang_interfaces/share/mako_nolang_interfaces/cmake/mako_nolang_interfaces__rosidl_typesupport_introspection_cExport-noconfig.cmake
[1.821s] -- Up-to-date: /home/karim/mako_robot/mako_ws/install/mako_nolang_interfaces/share/mako_nolang_interfaces/cmake/mako_nolang_interfaces__rosidl_typesupport_cExport.cmake
[1.822s] -- Up-to-date: /home/karim/mako_robot/mako_ws/install/mako_nolang_interfaces/share/mako_nolang_interfaces/cmake/mako_nolang_interfaces__rosidl_typesupport_cExport-noconfig.cmake
[1.823s] -- Up-to-date: /home/karim/mako_robot/mako_ws/install/mako_nolang_interfaces/share/mako_nolang_interfaces/cmake/mako_nolang_interfaces__rosidl_generator_cppExport.cmake
[1.824s] -- Up-to-date: /home/karim/mako_robot/mako_ws/install/mako_nolang_interfaces/share/mako_nolang_interfaces/cmake/mako_nolang_interfaces__rosidl_typesupport_introspection_cppExport.cmake
[1.824s] -- Up-to-date: /home/karim/mako_robot/mako_ws/install/mako_nolang_interfaces/share/mako_nolang_interfaces/cmake/mako_nolang_interfaces__rosidl_typesupport_introspection_cppExport-noconfig.cmake
[1.825s] -- Up-to-date: /home/karim/mako_robot/mako_ws/install/mako_nolang_interfaces/share/mako_nolang_interfaces/cmake/mako_nolang_interfaces__rosidl_typesupport_cppExport.cmake
[1.825s] -- Up-to-date: /home/karim/mako_robot/mako_ws/install/mako_nolang_interfaces/share/mako_nolang_interfaces/cmake/mako_nolang_interfaces__rosidl_typesupport_cppExport-noconfig.cmake
[1.840s] Invoked command in '/home/karim/mako_robot/mako_ws/build/mako_nolang_interfaces' returned '0': CMAKE_PREFIX_PATH=${CMAKE_PREFIX_PATH}:/home/karim/project_ws/install/ros_project_pkg_py_robot_driver:/home/karim/project_ws/install/dev_test_tools:/home/karim/ros2_ws/install/my_py_pkg:/home/karim/mako_robot/mako_ws/install/mako_py_serial_interface:/home/karim/mako_robot/mako_ws/install/mako_py_feedback_actuators:/home/karim/mako_robot/mako_ws/install/mako_py_brain:/home/karim/mako_robot/mako_ws/install/dev_test_tools:/opt/ros/foxy /usr/bin/cmake --install /home/karim/mako_robot/mako_ws/build/mako_nolang_interfaces
