[1.629s] Invoking command in '/home/karim/mako_robot/mako_ws/src/mako_py_brain': PYTHONPATH=/home/karim/mako_robot/mako_ws/install/mako_py_brain/lib/python3.8/site-packages:${PYTHONPATH} /usr/bin/python3 setup.py egg_info --egg-base ../../build/mako_py_brain build --build-base /home/karim/mako_robot/mako_ws/build/mako_py_brain/build install --prefix /home/karim/mako_robot/mako_ws/install/mako_py_brain --record /home/karim/mako_robot/mako_ws/build/mako_py_brain/install.log --single-version-externally-managed
[2.109s] running egg_info
[2.109s] creating ../../build/mako_py_brain/mako_py_brain.egg-info
[2.109s] writing ../../build/mako_py_brain/mako_py_brain.egg-info/PKG-INFO
[2.110s] writing dependency_links to ../../build/mako_py_brain/mako_py_brain.egg-info/dependency_links.txt
[2.110s] writing entry points to ../../build/mako_py_brain/mako_py_brain.egg-info/entry_points.txt
[2.110s] writing requirements to ../../build/mako_py_brain/mako_py_brain.egg-info/requires.txt
[2.110s] writing top-level names to ../../build/mako_py_brain/mako_py_brain.egg-info/top_level.txt
[2.117s] writing manifest file '../../build/mako_py_brain/mako_py_brain.egg-info/SOURCES.txt'
[2.256s] reading manifest file '../../build/mako_py_brain/mako_py_brain.egg-info/SOURCES.txt'
[2.264s] writing manifest file '../../build/mako_py_brain/mako_py_brain.egg-info/SOURCES.txt'
[2.264s] running build
[2.264s] running build_py
[2.264s] creating /home/karim/mako_robot/mako_ws/build/mako_py_brain/build
[2.265s] creating /home/karim/mako_robot/mako_ws/build/mako_py_brain/build/lib
[2.265s] creating /home/karim/mako_robot/mako_ws/build/mako_py_brain/build/lib/mako_py_brain
[2.265s] copying mako_py_brain/__init__.py -> /home/karim/mako_robot/mako_ws/build/mako_py_brain/build/lib/mako_py_brain
[2.265s] copying mako_py_brain/brain.py -> /home/karim/mako_robot/mako_ws/build/mako_py_brain/build/lib/mako_py_brain
[2.266s] running install
[2.267s] running install_lib
[2.270s] creating /home/karim/mako_robot/mako_ws/install/mako_py_brain/lib/python3.8/site-packages/mako_py_brain
[2.270s] copying /home/karim/mako_robot/mako_ws/build/mako_py_brain/build/lib/mako_py_brain/__init__.py -> /home/karim/mako_robot/mako_ws/install/mako_py_brain/lib/python3.8/site-packages/mako_py_brain
[2.270s] copying /home/karim/mako_robot/mako_ws/build/mako_py_brain/build/lib/mako_py_brain/brain.py -> /home/karim/mako_robot/mako_ws/install/mako_py_brain/lib/python3.8/site-packages/mako_py_brain
[2.271s] byte-compiling /home/karim/mako_robot/mako_ws/install/mako_py_brain/lib/python3.8/site-packages/mako_py_brain/__init__.py to __init__.cpython-38.pyc
[2.276s] byte-compiling /home/karim/mako_robot/mako_ws/install/mako_py_brain/lib/python3.8/site-packages/mako_py_brain/brain.py to brain.cpython-38.pyc
[2.280s] running install_data
[2.282s] creating /home/karim/mako_robot/mako_ws/install/mako_py_brain/share/ament_index
[2.282s] creating /home/karim/mako_robot/mako_ws/install/mako_py_brain/share/ament_index/resource_index
[2.282s] creating /home/karim/mako_robot/mako_ws/install/mako_py_brain/share/ament_index/resource_index/packages
[2.282s] copying resource/mako_py_brain -> /home/karim/mako_robot/mako_ws/install/mako_py_brain/share/ament_index/resource_index/packages
[2.282s] copying package.xml -> /home/karim/mako_robot/mako_ws/install/mako_py_brain/share/mako_py_brain
[2.283s] running install_egg_info
[2.291s] Copying ../../build/mako_py_brain/mako_py_brain.egg-info to /home/karim/mako_robot/mako_ws/install/mako_py_brain/lib/python3.8/site-packages/mako_py_brain-0.0.0-py3.8.egg-info
[2.292s] running install_scripts
[2.367s] writing list of installed files to '/home/karim/mako_robot/mako_ws/build/mako_py_brain/install.log'
[2.466s] Invoked command in '/home/karim/mako_robot/mako_ws/src/mako_py_brain' returned '0': PYTHONPATH=/home/karim/mako_robot/mako_ws/install/mako_py_brain/lib/python3.8/site-packages:${PYTHONPATH} /usr/bin/python3 setup.py egg_info --egg-base ../../build/mako_py_brain build --build-base /home/karim/mako_robot/mako_ws/build/mako_py_brain/build install --prefix /home/karim/mako_robot/mako_ws/install/mako_py_brain --record /home/karim/mako_robot/mako_ws/build/mako_py_brain/install.log --single-version-externally-managed
