[1.097s] Invoking command in '/home/karim/mako_robot/mako_ws/build/mako_py_brain': PYTHONPATH=/home/karim/mako_robot/mako_ws/install/mako_py_brain/lib/python3.8/site-packages:${PYTHONPATH} /usr/bin/python3 setup.py develop --prefix /home/karim/mako_robot/mako_ws/install/mako_py_brain --uninstall --editable --build-directory /home/karim/mako_robot/mako_ws/build/mako_py_brain/build
[1.546s] running develop
[1.739s] Removing /home/karim/mako_robot/mako_ws/install/mako_py_brain/lib/python3.8/site-packages/mako-py-brain.egg-link (link to .)
[1.868s] Invoked command in '/home/karim/mako_robot/mako_ws/build/mako_py_brain' returned '0': PYTHONPATH=/home/karim/mako_robot/mako_ws/install/mako_py_brain/lib/python3.8/site-packages:${PYTHONPATH} /usr/bin/python3 setup.py develop --prefix /home/karim/mako_robot/mako_ws/install/mako_py_brain --uninstall --editable --build-directory /home/karim/mako_robot/mako_ws/build/mako_py_brain/build
[1.870s] Invoking command in '/home/karim/mako_robot/mako_ws/src/mako_py_brain': PYTHONPATH=/home/karim/mako_robot/mako_ws/install/mako_py_brain/lib/python3.8/site-packages:${PYTHONPATH} /usr/bin/python3 setup.py egg_info --egg-base ../../build/mako_py_brain build --build-base /home/karim/mako_robot/mako_ws/build/mako_py_brain/build install --prefix /home/karim/mako_robot/mako_ws/install/mako_py_brain --record /home/karim/mako_robot/mako_ws/build/mako_py_brain/install.log --single-version-externally-managed
[2.252s] running egg_info
[2.255s] writing ../../build/mako_py_brain/mako_py_brain.egg-info/PKG-INFO
[2.256s] writing dependency_links to ../../build/mako_py_brain/mako_py_brain.egg-info/dependency_links.txt
[2.257s] writing entry points to ../../build/mako_py_brain/mako_py_brain.egg-info/entry_points.txt
[2.258s] writing requirements to ../../build/mako_py_brain/mako_py_brain.egg-info/requires.txt
[2.259s] writing top-level names to ../../build/mako_py_brain/mako_py_brain.egg-info/top_level.txt
[2.304s] reading manifest file '../../build/mako_py_brain/mako_py_brain.egg-info/SOURCES.txt'
[2.309s] writing manifest file '../../build/mako_py_brain/mako_py_brain.egg-info/SOURCES.txt'
[2.310s] running build
[2.310s] running build_py
[2.323s] copying mako_py_brain/brain.py -> /home/karim/mako_robot/mako_ws/build/mako_py_brain/build/lib/mako_py_brain
[2.324s] running install
[2.325s] running install_lib
[2.325s] creating /home/karim/mako_robot/mako_ws/install/mako_py_brain/lib/python3.8/site-packages/mako_py_brain
[2.325s] copying /home/karim/mako_robot/mako_ws/build/mako_py_brain/build/lib/mako_py_brain/__init__.py -> /home/karim/mako_robot/mako_ws/install/mako_py_brain/lib/python3.8/site-packages/mako_py_brain
[2.325s] copying /home/karim/mako_robot/mako_ws/build/mako_py_brain/build/lib/mako_py_brain/brain.py -> /home/karim/mako_robot/mako_ws/install/mako_py_brain/lib/python3.8/site-packages/mako_py_brain
[2.325s] byte-compiling /home/karim/mako_robot/mako_ws/install/mako_py_brain/lib/python3.8/site-packages/mako_py_brain/__init__.py to __init__.cpython-38.pyc
[2.325s] byte-compiling /home/karim/mako_robot/mako_ws/install/mako_py_brain/lib/python3.8/site-packages/mako_py_brain/brain.py to brain.cpython-38.pyc
[2.325s] running install_data
[2.325s] running install_egg_info
[2.325s] Copying ../../build/mako_py_brain/mako_py_brain.egg-info to /home/karim/mako_robot/mako_ws/install/mako_py_brain/lib/python3.8/site-packages/mako_py_brain-0.0.0-py3.8.egg-info
[2.325s] running install_scripts
[2.345s] Installing BrainNode script to /home/karim/mako_robot/mako_ws/install/mako_py_brain/lib/mako_py_brain
[2.346s] writing list of installed files to '/home/karim/mako_robot/mako_ws/build/mako_py_brain/install.log'
[2.420s] Invoked command in '/home/karim/mako_robot/mako_ws/src/mako_py_brain' returned '0': PYTHONPATH=/home/karim/mako_robot/mako_ws/install/mako_py_brain/lib/python3.8/site-packages:${PYTHONPATH} /usr/bin/python3 setup.py egg_info --egg-base ../../build/mako_py_brain build --build-base /home/karim/mako_robot/mako_ws/build/mako_py_brain/build install --prefix /home/karim/mako_robot/mako_ws/install/mako_py_brain --record /home/karim/mako_robot/mako_ws/build/mako_py_brain/install.log --single-version-externally-managed
