[0.723s] DEBUG:colcon:Command line arguments: ['/usr/bin/colcon', 'build']
[0.723s] DEBUG:colcon:Parsed command line arguments: Namespace(ament_cmake_args=None, base_paths=['.'], build_base='build', catkin_cmake_args=None, catkin_skip_building_tests=False, cmake_args=None, cmake_clean_cache=False, cmake_clean_first=False, cmake_force_configure=False, cmake_target=None, cmake_target_skip_unavailable=False, continue_on_error=False, event_handlers=None, executor='parallel', ignore_user_meta=False, install_base='install', log_base=None, log_level=None, main=<bound method BuildVerb.main of <colcon_core.verb.build.BuildVerb object at 0xffff995844f0>>, merge_install=False, metas=['./colcon.meta'], packages_above=None, packages_above_and_dependencies=None, packages_above_depth=None, packages_end=None, packages_ignore=None, packages_ignore_regex=None, packages_select=None, packages_select_build_failed=False, packages_select_by_dep=None, packages_select_regex=None, packages_select_test_failures=False, packages_skip=None, packages_skip_build_finished=False, packages_skip_by_dep=None, packages_skip_regex=None, packages_skip_test_passed=False, packages_skip_up_to=None, packages_start=None, packages_up_to=None, packages_up_to_regex=None, parallel_workers=4, paths=None, symlink_install=False, test_result_base=None, verb_extension=<colcon_core.verb.build.BuildVerb object at 0xffff995844f0>, verb_name='build', verb_parser=<colcon_defaults.argument_parser.defaults.DefaultArgumentsDecorator object at 0xffff99584a30>)
[0.749s] Level 1:colcon.colcon_core.package_discovery:discover_packages(colcon_meta) check parameters
[0.750s] Level 1:colcon.colcon_core.package_discovery:discover_packages(recursive) check parameters
[0.750s] Level 1:colcon.colcon_core.package_discovery:discover_packages(ignore) check parameters
[0.750s] Level 1:colcon.colcon_core.package_discovery:discover_packages(path) check parameters
[0.750s] Level 1:colcon.colcon_core.package_discovery:discover_packages(colcon_meta) discover
[0.751s] Level 1:colcon.colcon_core.package_discovery:discover_packages(recursive) discover
[0.751s] INFO:colcon.colcon_core.package_discovery:Crawling recursively for packages in '/home/ubuntu/mako_robot/mako_ws'
[0.751s] Level 1:colcon.colcon_core.package_identification:_identify(.) by extensions ['ignore', 'ignore_ament_install']
[0.752s] Level 1:colcon.colcon_core.package_identification:_identify(.) by extension 'ignore'
[0.752s] Level 1:colcon.colcon_core.package_identification:_identify(.) by extension 'ignore_ament_install'
[0.752s] Level 1:colcon.colcon_core.package_identification:_identify(.) by extensions ['colcon_pkg']
[0.752s] Level 1:colcon.colcon_core.package_identification:_identify(.) by extension 'colcon_pkg'
[0.752s] Level 1:colcon.colcon_core.package_identification:_identify(.) by extensions ['colcon_meta']
[0.752s] Level 1:colcon.colcon_core.package_identification:_identify(.) by extension 'colcon_meta'
[0.753s] Level 1:colcon.colcon_core.package_identification:_identify(.) by extensions ['ros']
[0.753s] Level 1:colcon.colcon_core.package_identification:_identify(.) by extension 'ros'
[0.803s] Level 1:colcon.colcon_core.package_identification:_identify(.) by extensions ['cmake', 'python']
[0.803s] Level 1:colcon.colcon_core.package_identification:_identify(.) by extension 'cmake'
[0.803s] Level 1:colcon.colcon_core.package_identification:_identify(.) by extension 'python'
[0.803s] Level 1:colcon.colcon_core.package_identification:_identify(.) by extensions ['python_setup_py']
[0.804s] Level 1:colcon.colcon_core.package_identification:_identify(.) by extension 'python_setup_py'
[0.804s] Level 1:colcon.colcon_core.package_identification:_identify(build) by extensions ['ignore', 'ignore_ament_install']
[0.804s] Level 1:colcon.colcon_core.package_identification:_identify(build) by extension 'ignore'
[0.805s] Level 1:colcon.colcon_core.package_identification:_identify(build) ignored
[0.805s] Level 1:colcon.colcon_core.package_identification:_identify(install) by extensions ['ignore', 'ignore_ament_install']
[0.806s] Level 1:colcon.colcon_core.package_identification:_identify(install) by extension 'ignore'
[0.806s] Level 1:colcon.colcon_core.package_identification:_identify(install) ignored
[0.806s] Level 1:colcon.colcon_core.package_identification:_identify(log) by extensions ['ignore', 'ignore_ament_install']
[0.807s] Level 1:colcon.colcon_core.package_identification:_identify(log) by extension 'ignore'
[0.807s] Level 1:colcon.colcon_core.package_identification:_identify(log) ignored
[0.807s] Level 1:colcon.colcon_core.package_identification:_identify(src) by extensions ['ignore', 'ignore_ament_install']
[0.808s] Level 1:colcon.colcon_core.package_identification:_identify(src) by extension 'ignore'
[0.808s] Level 1:colcon.colcon_core.package_identification:_identify(src) by extension 'ignore_ament_install'
[0.808s] Level 1:colcon.colcon_core.package_identification:_identify(src) by extensions ['colcon_pkg']
[0.808s] Level 1:colcon.colcon_core.package_identification:_identify(src) by extension 'colcon_pkg'
[0.808s] Level 1:colcon.colcon_core.package_identification:_identify(src) by extensions ['colcon_meta']
[0.809s] Level 1:colcon.colcon_core.package_identification:_identify(src) by extension 'colcon_meta'
[0.809s] Level 1:colcon.colcon_core.package_identification:_identify(src) by extensions ['ros']
[0.809s] Level 1:colcon.colcon_core.package_identification:_identify(src) by extension 'ros'
[0.809s] Level 1:colcon.colcon_core.package_identification:_identify(src) by extensions ['cmake', 'python']
[0.809s] Level 1:colcon.colcon_core.package_identification:_identify(src) by extension 'cmake'
[0.810s] Level 1:colcon.colcon_core.package_identification:_identify(src) by extension 'python'
[0.810s] Level 1:colcon.colcon_core.package_identification:_identify(src) by extensions ['python_setup_py']
[0.810s] Level 1:colcon.colcon_core.package_identification:_identify(src) by extension 'python_setup_py'
[0.810s] Level 1:colcon.colcon_core.package_identification:_identify(src/dev_test_tools) by extensions ['ignore', 'ignore_ament_install']
[0.811s] Level 1:colcon.colcon_core.package_identification:_identify(src/dev_test_tools) by extension 'ignore'
[0.811s] Level 1:colcon.colcon_core.package_identification:_identify(src/dev_test_tools) by extension 'ignore_ament_install'
[0.811s] Level 1:colcon.colcon_core.package_identification:_identify(src/dev_test_tools) by extensions ['colcon_pkg']
[0.811s] Level 1:colcon.colcon_core.package_identification:_identify(src/dev_test_tools) by extension 'colcon_pkg'
[0.811s] Level 1:colcon.colcon_core.package_identification:_identify(src/dev_test_tools) by extensions ['colcon_meta']
[0.812s] Level 1:colcon.colcon_core.package_identification:_identify(src/dev_test_tools) by extension 'colcon_meta'
[0.812s] Level 1:colcon.colcon_core.package_identification:_identify(src/dev_test_tools) by extensions ['ros']
[0.812s] Level 1:colcon.colcon_core.package_identification:_identify(src/dev_test_tools) by extension 'ros'
[0.826s] DEBUG:colcon.colcon_core.package_identification:Package 'src/dev_test_tools' with type 'ros.ament_python' and name 'dev_test_tools'
[0.827s] Level 1:colcon.colcon_core.package_identification:_identify(src/lidar_ros2) by extensions ['ignore', 'ignore_ament_install']
[0.827s] Level 1:colcon.colcon_core.package_identification:_identify(src/lidar_ros2) by extension 'ignore'
[0.827s] Level 1:colcon.colcon_core.package_identification:_identify(src/lidar_ros2) by extension 'ignore_ament_install'
[0.827s] Level 1:colcon.colcon_core.package_identification:_identify(src/lidar_ros2) by extensions ['colcon_pkg']
[0.828s] Level 1:colcon.colcon_core.package_identification:_identify(src/lidar_ros2) by extension 'colcon_pkg'
[0.828s] Level 1:colcon.colcon_core.package_identification:_identify(src/lidar_ros2) by extensions ['colcon_meta']
[0.828s] Level 1:colcon.colcon_core.package_identification:_identify(src/lidar_ros2) by extension 'colcon_meta'
[0.828s] Level 1:colcon.colcon_core.package_identification:_identify(src/lidar_ros2) by extensions ['ros']
[0.828s] Level 1:colcon.colcon_core.package_identification:_identify(src/lidar_ros2) by extension 'ros'
[0.832s] DEBUG:colcon.colcon_core.package_identification:Package 'src/lidar_ros2' with type 'ros.ament_cmake' and name 'rplidar_ros'
[0.832s] Level 1:colcon.colcon_core.package_discovery:discover_packages(recursive) using defaults
[0.833s] Level 1:colcon.colcon_core.package_discovery:discover_packages(ignore) discover
[0.833s] Level 1:colcon.colcon_core.package_discovery:discover_packages(ignore) using defaults
[0.833s] Level 1:colcon.colcon_core.package_discovery:discover_packages(path) discover
[0.833s] Level 1:colcon.colcon_core.package_discovery:discover_packages(path) using defaults
[0.918s] Level 5:colcon.colcon_core.verb:set package 'dev_test_tools' build argument 'cmake_args' from command line to 'None'
[0.918s] Level 5:colcon.colcon_core.verb:set package 'dev_test_tools' build argument 'cmake_target' from command line to 'None'
[0.919s] Level 5:colcon.colcon_core.verb:set package 'dev_test_tools' build argument 'cmake_target_skip_unavailable' from command line to 'False'
[0.919s] Level 5:colcon.colcon_core.verb:set package 'dev_test_tools' build argument 'cmake_clean_cache' from command line to 'False'
[0.919s] Level 5:colcon.colcon_core.verb:set package 'dev_test_tools' build argument 'cmake_clean_first' from command line to 'False'
[0.919s] Level 5:colcon.colcon_core.verb:set package 'dev_test_tools' build argument 'cmake_force_configure' from command line to 'False'
[0.919s] Level 5:colcon.colcon_core.verb:set package 'dev_test_tools' build argument 'ament_cmake_args' from command line to 'None'
[0.919s] Level 5:colcon.colcon_core.verb:set package 'dev_test_tools' build argument 'catkin_cmake_args' from command line to 'None'
[0.919s] Level 5:colcon.colcon_core.verb:set package 'dev_test_tools' build argument 'catkin_skip_building_tests' from command line to 'False'
[0.919s] DEBUG:colcon.colcon_core.verb:Building package 'dev_test_tools' with the following arguments: {'ament_cmake_args': None, 'build_base': '/home/ubuntu/mako_robot/mako_ws/build/dev_test_tools', 'catkin_cmake_args': None, 'catkin_skip_building_tests': False, 'cmake_args': None, 'cmake_clean_cache': False, 'cmake_clean_first': False, 'cmake_force_configure': False, 'cmake_target': None, 'cmake_target_skip_unavailable': False, 'install_base': '/home/ubuntu/mako_robot/mako_ws/install/dev_test_tools', 'merge_install': False, 'path': '/home/ubuntu/mako_robot/mako_ws/src/dev_test_tools', 'symlink_install': False, 'test_result_base': None}
[0.930s] Level 5:colcon.colcon_core.verb:set package 'rplidar_ros' build argument 'cmake_args' from command line to 'None'
[0.930s] Level 5:colcon.colcon_core.verb:set package 'rplidar_ros' build argument 'cmake_target' from command line to 'None'
[0.930s] Level 5:colcon.colcon_core.verb:set package 'rplidar_ros' build argument 'cmake_target_skip_unavailable' from command line to 'False'
[0.930s] Level 5:colcon.colcon_core.verb:set package 'rplidar_ros' build argument 'cmake_clean_cache' from command line to 'False'
[0.931s] Level 5:colcon.colcon_core.verb:set package 'rplidar_ros' build argument 'cmake_clean_first' from command line to 'False'
[0.932s] Level 5:colcon.colcon_core.verb:set package 'rplidar_ros' build argument 'cmake_force_configure' from command line to 'False'
[0.933s] Level 5:colcon.colcon_core.verb:set package 'rplidar_ros' build argument 'ament_cmake_args' from command line to 'None'
[0.933s] Level 5:colcon.colcon_core.verb:set package 'rplidar_ros' build argument 'catkin_cmake_args' from command line to 'None'
[0.933s] Level 5:colcon.colcon_core.verb:set package 'rplidar_ros' build argument 'catkin_skip_building_tests' from command line to 'False'
[0.933s] DEBUG:colcon.colcon_core.verb:Building package 'rplidar_ros' with the following arguments: {'ament_cmake_args': None, 'build_base': '/home/ubuntu/mako_robot/mako_ws/build/rplidar_ros', 'catkin_cmake_args': None, 'catkin_skip_building_tests': False, 'cmake_args': None, 'cmake_clean_cache': False, 'cmake_clean_first': False, 'cmake_force_configure': False, 'cmake_target': None, 'cmake_target_skip_unavailable': False, 'install_base': '/home/ubuntu/mako_robot/mako_ws/install/rplidar_ros', 'merge_install': False, 'path': '/home/ubuntu/mako_robot/mako_ws/src/lidar_ros2', 'symlink_install': False, 'test_result_base': None}
[0.935s] INFO:colcon.colcon_core.executor:Executing jobs using 'parallel' executor
[0.944s] DEBUG:colcon.colcon_parallel_executor.executor.parallel:run_until_complete
[0.945s] INFO:colcon.colcon_ros.task.ament_python.build:Building ROS package in '/home/ubuntu/mako_robot/mako_ws/src/dev_test_tools' with build type 'ament_python'
[0.946s] Level 1:colcon.colcon_core.shell:create_environment_hook('dev_test_tools', 'ament_prefix_path')
[0.964s] INFO:colcon.colcon_core.plugin_system:Skipping extension 'colcon_core.shell.bat': Not used on non-Windows systems
[0.964s] INFO:colcon.colcon_core.shell:Creating environment hook '/home/ubuntu/mako_robot/mako_ws/install/dev_test_tools/share/dev_test_tools/hook/ament_prefix_path.ps1'
[0.967s] INFO:colcon.colcon_core.shell:Creating environment descriptor '/home/ubuntu/mako_robot/mako_ws/install/dev_test_tools/share/dev_test_tools/hook/ament_prefix_path.dsv'
[0.969s] INFO:colcon.colcon_core.shell:Creating environment hook '/home/ubuntu/mako_robot/mako_ws/install/dev_test_tools/share/dev_test_tools/hook/ament_prefix_path.sh'
[0.974s] INFO:colcon.colcon_core.shell:Skip shell extension 'powershell' for command environment: Not usable outside of PowerShell
[0.975s] DEBUG:colcon.colcon_core.shell:Skip shell extension 'dsv' for command environment
[0.993s] DEBUG:colcon.colcon_core.shell:Ignoring prefix path '/opt/ros/foxy'
[1.010s] INFO:colcon.colcon_ros.task.ament_cmake.build:Building ROS package in '/home/ubuntu/mako_robot/mako_ws/src/lidar_ros2' with build type 'ament_cmake'
[1.011s] INFO:colcon.colcon_cmake.task.cmake.build:Building CMake package in '/home/ubuntu/mako_robot/mako_ws/src/lidar_ros2'
[1.014s] INFO:colcon.colcon_core.shell:Skip shell extension 'powershell' for command environment: Not usable outside of PowerShell
[1.015s] DEBUG:colcon.colcon_core.shell:Skip shell extension 'dsv' for command environment
[1.024s] DEBUG:colcon.colcon_core.shell:Ignoring prefix path '/opt/ros/foxy'
[2.195s] INFO:colcon.colcon_core.task.python.build:Building Python package in '/home/ubuntu/mako_robot/mako_ws/src/dev_test_tools'
[2.198s] INFO:colcon.colcon_core.shell:Skip shell extension 'powershell' for command environment: Not usable outside of PowerShell
[2.198s] DEBUG:colcon.colcon_core.shell:Skip shell extension 'dsv' for command environment
[2.209s] DEBUG:colcon.colcon_core.shell:Ignoring prefix path '/opt/ros/foxy'
[2.234s] DEBUG:colcon.colcon_core.event_handler.log_command:Invoking command in '/home/ubuntu/mako_robot/mako_ws/build/rplidar_ros': CMAKE_PREFIX_PATH=${CMAKE_PREFIX_PATH}:/opt/ros/foxy /usr/bin/cmake /home/ubuntu/mako_robot/mako_ws/src/lidar_ros2 -DCMAKE_INSTALL_PREFIX=/home/ubuntu/mako_robot/mako_ws/install/rplidar_ros
[2.269s] DEBUG:colcon.colcon_core.event_handler.log_command:Invoking command in '/home/ubuntu/mako_robot/mako_ws/src/dev_test_tools': PYTHONPATH=/home/ubuntu/mako_robot/mako_ws/install/dev_test_tools/lib/python3.8/site-packages:${PYTHONPATH} /usr/bin/python3 setup.py egg_info --egg-base ../../build/dev_test_tools build --build-base /home/ubuntu/mako_robot/mako_ws/build/dev_test_tools/build install --prefix /home/ubuntu/mako_robot/mako_ws/install/dev_test_tools --record /home/ubuntu/mako_robot/mako_ws/build/dev_test_tools/install.log --single-version-externally-managed
[4.094s] DEBUG:colcon.colcon_core.event_handler.log_command:Invoked command in '/home/ubuntu/mako_robot/mako_ws/src/dev_test_tools' returned '0': PYTHONPATH=/home/ubuntu/mako_robot/mako_ws/install/dev_test_tools/lib/python3.8/site-packages:${PYTHONPATH} /usr/bin/python3 setup.py egg_info --egg-base ../../build/dev_test_tools build --build-base /home/ubuntu/mako_robot/mako_ws/build/dev_test_tools/build install --prefix /home/ubuntu/mako_robot/mako_ws/install/dev_test_tools --record /home/ubuntu/mako_robot/mako_ws/build/dev_test_tools/install.log --single-version-externally-managed
[4.109s] Level 1:colcon.colcon_core.environment:checking '/home/ubuntu/mako_robot/mako_ws/install/dev_test_tools' for CMake module files
[4.111s] Level 1:colcon.colcon_core.environment:checking '/home/ubuntu/mako_robot/mako_ws/install/dev_test_tools' for CMake config files
[4.115s] Level 1:colcon.colcon_core.environment:checking '/home/ubuntu/mako_robot/mako_ws/install/dev_test_tools/lib'
[4.116s] Level 1:colcon.colcon_core.environment:checking '/home/ubuntu/mako_robot/mako_ws/install/dev_test_tools/bin'
[4.117s] Level 1:colcon.colcon_core.environment:checking '/home/ubuntu/mako_robot/mako_ws/install/dev_test_tools/lib/pkgconfig/dev_test_tools.pc'
[4.117s] Level 1:colcon.colcon_core.environment:checking '/home/ubuntu/mako_robot/mako_ws/install/dev_test_tools/lib/python3.8/site-packages'
[4.118s] Level 1:colcon.colcon_core.shell:create_environment_hook('dev_test_tools', 'pythonpath')
[4.120s] INFO:colcon.colcon_core.shell:Creating environment hook '/home/ubuntu/mako_robot/mako_ws/install/dev_test_tools/share/dev_test_tools/hook/pythonpath.ps1'
[4.125s] INFO:colcon.colcon_core.shell:Creating environment descriptor '/home/ubuntu/mako_robot/mako_ws/install/dev_test_tools/share/dev_test_tools/hook/pythonpath.dsv'
[4.128s] INFO:colcon.colcon_core.shell:Creating environment hook '/home/ubuntu/mako_robot/mako_ws/install/dev_test_tools/share/dev_test_tools/hook/pythonpath.sh'
[4.130s] Level 1:colcon.colcon_core.environment:create_environment_scripts_only(dev_test_tools)
[4.135s] INFO:colcon.colcon_core.shell:Creating package script '/home/ubuntu/mako_robot/mako_ws/install/dev_test_tools/share/dev_test_tools/package.ps1'
[4.140s] INFO:colcon.colcon_core.shell:Creating package descriptor '/home/ubuntu/mako_robot/mako_ws/install/dev_test_tools/share/dev_test_tools/package.dsv'
[4.144s] INFO:colcon.colcon_core.shell:Creating package script '/home/ubuntu/mako_robot/mako_ws/install/dev_test_tools/share/dev_test_tools/package.sh'
[4.149s] INFO:colcon.colcon_core.shell:Creating package script '/home/ubuntu/mako_robot/mako_ws/install/dev_test_tools/share/dev_test_tools/package.bash'
[4.153s] INFO:colcon.colcon_core.shell:Creating package script '/home/ubuntu/mako_robot/mako_ws/install/dev_test_tools/share/dev_test_tools/package.zsh'
[4.162s] Level 1:colcon.colcon_core.environment:create_file_with_runtime_dependencies(/home/ubuntu/mako_robot/mako_ws/install/dev_test_tools/share/colcon-core/packages/dev_test_tools)
[11.930s] DEBUG:colcon.colcon_core.event_handler.log_command:Invoked command in '/home/ubuntu/mako_robot/mako_ws/build/rplidar_ros' returned '0': CMAKE_PREFIX_PATH=${CMAKE_PREFIX_PATH}:/opt/ros/foxy /usr/bin/cmake /home/ubuntu/mako_robot/mako_ws/src/lidar_ros2 -DCMAKE_INSTALL_PREFIX=/home/ubuntu/mako_robot/mako_ws/install/rplidar_ros
[11.963s] DEBUG:colcon.colcon_core.event_handler.log_command:Invoking command in '/home/ubuntu/mako_robot/mako_ws/build/rplidar_ros': CMAKE_PREFIX_PATH=${CMAKE_PREFIX_PATH}:/opt/ros/foxy /usr/bin/cmake --build /home/ubuntu/mako_robot/mako_ws/build/rplidar_ros -- -j4 -l4
[57.085s] DEBUG:colcon.colcon_core.event_handler.log_command:Invoked command in '/home/ubuntu/mako_robot/mako_ws/build/rplidar_ros' returned '0': CMAKE_PREFIX_PATH=${CMAKE_PREFIX_PATH}:/opt/ros/foxy /usr/bin/cmake --build /home/ubuntu/mako_robot/mako_ws/build/rplidar_ros -- -j4 -l4
[57.406s] DEBUG:colcon.colcon_core.event_handler.log_command:Invoking command in '/home/ubuntu/mako_robot/mako_ws/build/rplidar_ros': CMAKE_PREFIX_PATH=${CMAKE_PREFIX_PATH}:/opt/ros/foxy /usr/bin/cmake --install /home/ubuntu/mako_robot/mako_ws/build/rplidar_ros
[57.523s] Level 1:colcon.colcon_core.environment:create_environment_scripts_only(rplidar_ros)
[57.527s] Level 1:colcon.colcon_core.environment:checking '/home/ubuntu/mako_robot/mako_ws/install/rplidar_ros' for CMake module files
[57.530s] DEBUG:colcon.colcon_core.event_handler.log_command:Invoked command in '/home/ubuntu/mako_robot/mako_ws/build/rplidar_ros' returned '0': CMAKE_PREFIX_PATH=${CMAKE_PREFIX_PATH}:/opt/ros/foxy /usr/bin/cmake --install /home/ubuntu/mako_robot/mako_ws/build/rplidar_ros
[57.534s] Level 1:colcon.colcon_core.environment:checking '/home/ubuntu/mako_robot/mako_ws/install/rplidar_ros' for CMake config files
[57.539s] Level 1:colcon.colcon_core.shell:create_environment_hook('rplidar_ros', 'cmake_prefix_path')
[57.545s] INFO:colcon.colcon_core.shell:Creating environment hook '/home/ubuntu/mako_robot/mako_ws/install/rplidar_ros/share/rplidar_ros/hook/cmake_prefix_path.ps1'
[57.548s] INFO:colcon.colcon_core.shell:Creating environment descriptor '/home/ubuntu/mako_robot/mako_ws/install/rplidar_ros/share/rplidar_ros/hook/cmake_prefix_path.dsv'
[57.550s] INFO:colcon.colcon_core.shell:Creating environment hook '/home/ubuntu/mako_robot/mako_ws/install/rplidar_ros/share/rplidar_ros/hook/cmake_prefix_path.sh'
[57.553s] Level 1:colcon.colcon_core.environment:checking '/home/ubuntu/mako_robot/mako_ws/install/rplidar_ros/lib'
[57.553s] Level 1:colcon.colcon_core.shell:create_environment_hook('rplidar_ros', 'ld_library_path_lib')
[57.556s] INFO:colcon.colcon_core.shell:Creating environment hook '/home/ubuntu/mako_robot/mako_ws/install/rplidar_ros/share/rplidar_ros/hook/ld_library_path_lib.ps1'
[57.557s] INFO:colcon.colcon_core.shell:Creating environment descriptor '/home/ubuntu/mako_robot/mako_ws/install/rplidar_ros/share/rplidar_ros/hook/ld_library_path_lib.dsv'
[57.559s] INFO:colcon.colcon_core.shell:Creating environment hook '/home/ubuntu/mako_robot/mako_ws/install/rplidar_ros/share/rplidar_ros/hook/ld_library_path_lib.sh'
[57.561s] Level 1:colcon.colcon_core.environment:checking '/home/ubuntu/mako_robot/mako_ws/install/rplidar_ros/bin'
[57.561s] Level 1:colcon.colcon_core.environment:checking '/home/ubuntu/mako_robot/mako_ws/install/rplidar_ros/lib/pkgconfig/rplidar_ros.pc'
[57.562s] Level 1:colcon.colcon_core.environment:checking '/home/ubuntu/mako_robot/mako_ws/install/rplidar_ros/lib/python3.8/site-packages'
[57.564s] INFO:colcon.colcon_core.shell:Creating package script '/home/ubuntu/mako_robot/mako_ws/install/rplidar_ros/share/rplidar_ros/package.ps1'
[57.567s] INFO:colcon.colcon_core.shell:Creating package descriptor '/home/ubuntu/mako_robot/mako_ws/install/rplidar_ros/share/rplidar_ros/package.dsv'
[57.569s] INFO:colcon.colcon_core.shell:Creating package script '/home/ubuntu/mako_robot/mako_ws/install/rplidar_ros/share/rplidar_ros/package.sh'
[57.571s] INFO:colcon.colcon_core.shell:Creating package script '/home/ubuntu/mako_robot/mako_ws/install/rplidar_ros/share/rplidar_ros/package.bash'
[57.572s] INFO:colcon.colcon_core.shell:Creating package script '/home/ubuntu/mako_robot/mako_ws/install/rplidar_ros/share/rplidar_ros/package.zsh'
[57.574s] Level 1:colcon.colcon_core.environment:create_file_with_runtime_dependencies(/home/ubuntu/mako_robot/mako_ws/install/rplidar_ros/share/colcon-core/packages/rplidar_ros)
[57.851s] Level 1:colcon.colcon_core.environment:create_environment_scripts_only(rplidar_ros)
[57.855s] Level 1:colcon.colcon_core.environment:checking '/home/ubuntu/mako_robot/mako_ws/install/rplidar_ros' for CMake module files
[57.859s] Level 1:colcon.colcon_core.environment:checking '/home/ubuntu/mako_robot/mako_ws/install/rplidar_ros' for CMake config files
[57.861s] Level 1:colcon.colcon_core.shell:create_environment_hook('rplidar_ros', 'cmake_prefix_path')
[57.863s] INFO:colcon.colcon_core.shell:Creating environment hook '/home/ubuntu/mako_robot/mako_ws/install/rplidar_ros/share/rplidar_ros/hook/cmake_prefix_path.ps1'
[57.865s] INFO:colcon.colcon_core.shell:Creating environment descriptor '/home/ubuntu/mako_robot/mako_ws/install/rplidar_ros/share/rplidar_ros/hook/cmake_prefix_path.dsv'
[57.867s] INFO:colcon.colcon_core.shell:Creating environment hook '/home/ubuntu/mako_robot/mako_ws/install/rplidar_ros/share/rplidar_ros/hook/cmake_prefix_path.sh'
[57.869s] Level 1:colcon.colcon_core.environment:checking '/home/ubuntu/mako_robot/mako_ws/install/rplidar_ros/lib'
[57.870s] Level 1:colcon.colcon_core.shell:create_environment_hook('rplidar_ros', 'ld_library_path_lib')
[57.872s] INFO:colcon.colcon_core.shell:Creating environment hook '/home/ubuntu/mako_robot/mako_ws/install/rplidar_ros/share/rplidar_ros/hook/ld_library_path_lib.ps1'
[57.874s] INFO:colcon.colcon_core.shell:Creating environment descriptor '/home/ubuntu/mako_robot/mako_ws/install/rplidar_ros/share/rplidar_ros/hook/ld_library_path_lib.dsv'
[57.876s] INFO:colcon.colcon_core.shell:Creating environment hook '/home/ubuntu/mako_robot/mako_ws/install/rplidar_ros/share/rplidar_ros/hook/ld_library_path_lib.sh'
[57.877s] Level 1:colcon.colcon_core.environment:checking '/home/ubuntu/mako_robot/mako_ws/install/rplidar_ros/bin'
[57.878s] Level 1:colcon.colcon_core.environment:checking '/home/ubuntu/mako_robot/mako_ws/install/rplidar_ros/lib/pkgconfig/rplidar_ros.pc'
[57.878s] Level 1:colcon.colcon_core.environment:checking '/home/ubuntu/mako_robot/mako_ws/install/rplidar_ros/lib/python3.8/site-packages'
[57.881s] INFO:colcon.colcon_core.shell:Creating package script '/home/ubuntu/mako_robot/mako_ws/install/rplidar_ros/share/rplidar_ros/package.ps1'
[57.883s] INFO:colcon.colcon_core.shell:Creating package descriptor '/home/ubuntu/mako_robot/mako_ws/install/rplidar_ros/share/rplidar_ros/package.dsv'
[57.886s] INFO:colcon.colcon_core.shell:Creating package script '/home/ubuntu/mako_robot/mako_ws/install/rplidar_ros/share/rplidar_ros/package.sh'
[57.890s] INFO:colcon.colcon_core.shell:Creating package script '/home/ubuntu/mako_robot/mako_ws/install/rplidar_ros/share/rplidar_ros/package.bash'
[57.893s] INFO:colcon.colcon_core.shell:Creating package script '/home/ubuntu/mako_robot/mako_ws/install/rplidar_ros/share/rplidar_ros/package.zsh'
[57.895s] Level 1:colcon.colcon_core.environment:create_file_with_runtime_dependencies(/home/ubuntu/mako_robot/mako_ws/install/rplidar_ros/share/colcon-core/packages/rplidar_ros)
[57.897s] DEBUG:colcon.colcon_parallel_executor.executor.parallel:closing loop
[57.899s] DEBUG:colcon.colcon_parallel_executor.executor.parallel:loop closed
[57.900s] DEBUG:colcon.colcon_parallel_executor.executor.parallel:run_until_complete finished with '0'
[57.900s] DEBUG:colcon.colcon_core.event_reactor:joining thread
[57.952s] INFO:colcon.colcon_core.plugin_system:Skipping extension 'colcon_notification.desktop_notification.terminal_notifier': Not used on non-Darwin systems
[57.953s] INFO:colcon.colcon_core.plugin_system:Skipping extension 'colcon_notification.desktop_notification.win32': Not used on non-Windows systems
[57.953s] INFO:colcon.colcon_notification.desktop_notification:Sending desktop notification using 'notify2'
[58.034s] DEBUG:colcon.colcon_core.event_reactor:joined thread
[58.040s] INFO:colcon.colcon_core.shell:Creating prefix script '/home/ubuntu/mako_robot/mako_ws/install/local_setup.ps1'
[58.046s] INFO:colcon.colcon_core.shell:Creating prefix util module '/home/ubuntu/mako_robot/mako_ws/install/_local_setup_util_ps1.py'
[58.053s] INFO:colcon.colcon_core.shell:Creating prefix chain script '/home/ubuntu/mako_robot/mako_ws/install/setup.ps1'
[58.064s] INFO:colcon.colcon_core.shell:Creating prefix script '/home/ubuntu/mako_robot/mako_ws/install/local_setup.sh'
[58.067s] INFO:colcon.colcon_core.shell:Creating prefix util module '/home/ubuntu/mako_robot/mako_ws/install/_local_setup_util_sh.py'
[58.070s] INFO:colcon.colcon_core.shell:Creating prefix chain script '/home/ubuntu/mako_robot/mako_ws/install/setup.sh'
[58.083s] INFO:colcon.colcon_core.shell:Creating prefix script '/home/ubuntu/mako_robot/mako_ws/install/local_setup.bash'
[58.087s] INFO:colcon.colcon_core.shell:Creating prefix chain script '/home/ubuntu/mako_robot/mako_ws/install/setup.bash'
[58.104s] INFO:colcon.colcon_core.shell:Creating prefix script '/home/ubuntu/mako_robot/mako_ws/install/local_setup.zsh'
[58.106s] INFO:colcon.colcon_core.shell:Creating prefix chain script '/home/ubuntu/mako_robot/mako_ws/install/setup.zsh'
